[2022-07-08 03:11:35,932] [builder.py:185]            [INFO]     |====================================================================================================|
[2022-07-08 03:11:35,933] [builder.py:185]            [INFO]     |                                TMDb Trending Collection in ...日本动漫                                 |
[2022-07-08 03:11:35,933] [builder.py:185]            [INFO]     |====================================================================================================|
[2022-07-08 03:11:35,934] [builder.py:186]            [INFO]     |                                                                                                    |
[2022-07-08 03:11:35,934] [builder.py:191]            [INFO]     |=============================== Validating TMDb Trending Attributes ================================|
[2022-07-08 03:11:35,935] [builder.py:212]            [DEBUG]    |                                                                                                    |
[2022-07-08 03:11:35,935] [builder.py:213]            [DEBUG]    | Validating Method: template                                                                        |
[2022-07-08 03:11:35,936] [meta.py:103]               [DEBUG]    | Value: [ordereddict([('name', 'trending')]), ordereddict([('name', 'customsync')]), ordereddict([('name', 'chart_shared'), ('key', 'trending')])] |
[2022-07-08 03:11:35,941] [builder.py:437]            [DEBUG]    |                                                                                                    |
[2022-07-08 03:11:35,941] [builder.py:438]            [DEBUG]    | Validating Method: sync_mode                                                                       |
[2022-07-08 03:11:35,942] [builder.py:442]            [DEBUG]    | Value: sync                                                                                        |
[2022-07-08 03:11:35,942] [builder.py:582]            [DEBUG]    |                                                                                                    |
[2022-07-08 03:11:35,942] [builder.py:583]            [DEBUG]    | Validating Method: collection_order                                                                |
[2022-07-08 03:11:35,943] [builder.py:584]            [DEBUG]    | Value: custom                                                                                      |
[2022-07-08 03:11:35,943] [builder.py:600]            [DEBUG]    |                                                                                                    |
[2022-07-08 03:11:35,943] [builder.py:604]            [DEBUG]    | Validating Method: tmdb_trending_weekly                                                            |
[2022-07-08 03:11:35,944] [builder.py:605]            [DEBUG]    | Value: 100                                                                                         |
[2022-07-08 03:11:35,944] [builder.py:600]            [DEBUG]    |                                                                                                    |
[2022-07-08 03:11:35,945] [builder.py:604]            [DEBUG]    | Validating Method: summary                                                                         |
[2022-07-08 03:11:35,945] [builder.py:605]            [DEBUG]    | Value: A collection of shows trending on TMDb                                                      |
[2022-07-08 03:11:35,945] [builder.py:600]            [DEBUG]    |                                                                                                    |
[2022-07-08 03:11:35,946] [builder.py:604]            [DEBUG]    | Validating Method: sort_title                                                                      |
[2022-07-08 03:11:35,946] [builder.py:605]            [DEBUG]    | Value: !01_TMDb Trending                                                                           |
[2022-07-08 03:11:35,946] [builder.py:600]            [DEBUG]    |                                                                                                    |
[2022-07-08 03:11:35,947] [builder.py:604]            [DEBUG]    | Validating Method: url_poster                                                                      |
[2022-07-08 03:11:35,947] [builder.py:605]            [DEBUG]    | Value: https://raw.githubusercontent.com/meisnate12/Plex-Meta-Manager-Images/master/chart/TMDb%20Trending.jpg |
[2022-07-08 03:11:36,320] [plex.py:742]               [DEBUG]    |                                                                                                    |
[2022-07-08 03:11:36,320] [plex.py:745]               [DEBUG]    | Looking for: TMDb Trending                                                                         |
[2022-07-08 03:11:36,321] [builder.py:764]            [INFO]     |                                                                                                    |
[2022-07-08 03:11:36,321] [builder.py:765]            [INFO]     | Validation Successful                                                                              |
[2022-07-08 03:11:36,322] [plex_meta_manager.py:539]  [INFO]     |                                                                                                    |
[2022-07-08 03:11:36,322] [plex_meta_manager.py:541]  [INFO]     |================================= Running TMDb Trending Collection =================================|
[2022-07-08 03:11:36,323] [plex_meta_manager.py:553]  [INFO]     |                                                                                                    |
[2022-07-08 03:11:36,323] [plex_meta_manager.py:554]  [INFO]     | Sync Mode: sync                                                                                    |
[2022-07-08 03:11:36,323] [plex_meta_manager.py:557]  [DEBUG]    |                                                                                                    |
[2022-07-08 03:11:36,323] [plex_meta_manager.py:558]  [DEBUG]    | Builder: tmdb_trending_weekly: 100                                                                 |
[2022-07-08 03:11:36,324] [plex_meta_manager.py:559]  [INFO]     |                                                                                                    |
[2022-07-08 03:11:36,582] [tmdb.py:344]               [INFO]     | Processing TMDb Trending Weekly: 100 Shows                                                         |
[2022-07-08 03:11:36,583] [builder.py:1507]           [DEBUG]    |                                                                                                    |
[2022-07-08 03:11:36,583] [builder.py:1508]           [DEBUG]    | 100 IDs Found: [(66732, 'tmdb_show'), (120911, 'tmdb_show'), (76479, 'tmdb_show'), (92782, 'tmdb_show'), (92830, 'tmdb_show'), (112836, 'tmdb_show'), (63247, 'tmdb_show'), (197588, 'tmdb_show'), (75006, 'tmdb_show'), (114466, 'tmdb_show'), (37854, 'tmdb_show'), (107113, 'tmdb_show'), (120089, 'tmdb_show'), (1399, 'tmdb_show'), (103516, 'tmdb_show'), (71446, 'tmdb_show'), (194766, 'tmdb_show'), (92749, 'tmdb_show'), (111800, 'tmdb_show'), (60735, 'tmdb_show'), (102903, 'tmdb_show'), (87917, 'tmdb_show'), (64196, 'tmdb_show'), (60574, 'tmdb_show'), (156898, 'tmdb_show'), (1429, 'tmdb_show'), (71738, 'tmdb_show'), (118663, 'tmdb_show'), (197449, 'tmdb_show'), (86831, 'tmdb_show'), (95057, 'tmdb_show'), (128032, 'tmdb_show'), (60059, 'tmdb_show'), (72517, 'tmdb_show'), (83121, 'tmdb_show'), (115626, 'tmdb_show'), (111616, 'tmdb_show'), (52814, 'tmdb_show'), (197067, 'tmdb_show'), (72636, 'tmdb_show'), (81322, 'tmdb_show'), (127162, 'tmdb_show'), (1402, 'tmdb_show'), (96316, 'tmdb_show'), (204852, 'tmdb_show'), (1396, 'tmdb_show'), (93405, 'tmdb_show'), (125398, 'tmdb_show'), (60572, 'tmdb_show'), (65334, 'tmdb_show'), (202876, 'tmdb_show'), (114477, 'tmdb_show'), (86848, 'tmdb_show'), (84958, 'tmdb_show'), (128904, 'tmdb_show'), (82856, 'tmdb_show'), (85937, 'tmdb_show'), (91977, 'tmdb_show'), (85271, 'tmdb_show'), (198085, 'tmdb_show'), (127714, 'tmdb_show'), (46260, 'tmdb_show'), (66636, 'tmdb_show'), (456, 'tmdb_show'), (87017, 'tmdb_show'), (1416, 'tmdb_show'), (156988, 'tmdb_show'), (135157, 'tmdb_show'), (83095, 'tmdb_show'), (136315, 'tmdb_show'), (139450, 'tmdb_show'), (69050, 'tmdb_show'), (129516, 'tmdb_show'), (155243, 'tmdb_show'), (156507, 'tmdb_show'), (117889, 'tmdb_show'), (196268, 'tmdb_show'), (196040, 'tmdb_show'), (195966, 'tmdb_show'), (194774, 'tmdb_show'), (88329, 'tmdb_show'), (154494, 'tmdb_show'), (95171, 'tmdb_show'), (1668, 'tmdb_show'), (12971, 'tmdb_show'), (66025, 'tmdb_show'), (18165, 'tmdb_show'), (31910, 'tmdb_show'), (57243, 'tmdb_show'), (117933, 'tmdb_show'), (115036, 'tmdb_show'), (2288, 'tmdb_show'), (85552, 'tmdb_show'), (121509, 'tmdb_show'), (88396, 'tmdb_show'), (63174, 'tmdb_show'), (138663, 'tmdb_show'), (80713, 'tmdb_show'), (204416, 'tmdb_show'), (1418, 'tmdb_show')] |
[2022-07-08 03:11:36,584] [builder.py:1509]           [DEBUG]    |                                                                                                    |
[2022-07-08 03:11:37,026] [builder.py:1583]           [WARNING]  | Convert Error: No TVDb ID Found for TMDb ID: 197588                                                |
[2022-07-08 03:11:37,593] [builder.py:1583]           [WARNING]  | Convert Error: No TVDb ID Found for TMDb ID: 121509                                                |
[2022-07-08 03:11:37,605] [builder.py:2218]           [INFO]     |                                                                                                    |
[2022-07-08 03:11:37,606] [builder.py:2219]           [INFO]     |============================ Missing Shows from Library: TMDb Trending =============================|
[2022-07-08 03:11:37,606] [builder.py:2220]           [INFO]     |                                                                                                    |
[2022-07-08 03:11:37,951] [builder.py:2232]           [INFO]     | TMDb Trending Collection | ? | Stranger Things (TVDb: 305288)                                      |
[2022-07-08 03:11:38,376] [builder.py:2232]           [INFO]     | TMDb Trending Collection | ? | The Terminal List (TVDb: 399917)                                    |
[2022-07-08 03:11:38,784] [builder.py:2232]           [INFO]     | TMDb Trending Collection | ? | The Boys (TVDb: 355567)                                             |
[2022-07-08 03:11:39,259] [builder.py:2232]           [INFO]     | TMDb Trending Collection | ? | Ms. Marvel (TVDb: 368612)                                           |
[2022-07-08 03:11:39,659] [builder.py:2232]           [INFO]     | TMDb Trending Collection | ? | Obi-Wan Kenobi (TVDb: 393199)                                       |
[2022-07-08 03:11:39,992] [builder.py:2232]           [INFO]     | TMDb Trending Collection | ? | Money Heist: Korea - Joint Economic Area (TVDb: 401314)             |
[2022-07-08 03:11:40,304] [builder.py:2232]           [INFO]     | TMDb Trending Collection | ? | Westworld (TVDb: 296762)                                            |
[2022-07-08 03:11:40,976] [builder.py:2232]           [INFO]     | TMDb Trending Collection | ? | The Umbrella Academy (TVDb: 353764)                                 |
[2022-07-08 03:11:41,317] [builder.py:2232]           [INFO]     | TMDb Trending Collection | ? | Baymax! (TVDb: 393207)                                              |
[2022-07-08 03:11:41,626] [builder.py:2232]           [INFO]     | TMDb Trending Collection | ? | One Piece (TVDb: 81797)                                             |
[2022-07-08 03:11:42,326] [builder.py:2232]           [INFO]     | TMDb Trending Collection | ? | Only Murders in the Building (TVDb: 399959)                         |
[2022-07-08 03:11:42,659] [builder.py:2232]           [INFO]     | TMDb Trending Collection | ? | SPY x FAMILY (TVDb: 405920)                                         |
[2022-07-08 03:11:43,026] [builder.py:2232]           [INFO]     | TMDb Trending Collection | ? | Game of Thrones (TVDb: 121361)                                      |
[2022-07-08 03:11:43,683] [builder.py:2232]           [INFO]     | TMDb Trending Collection | ? | Star Trek: Strange New Worlds (TVDb: 382389)                        |
[2022-07-08 03:11:44,048] [builder.py:2232]           [INFO]     | TMDb Trending Collection | ? | Money Heist (TVDb: 327417)                                          |
[2022-07-08 03:11:44,359] [builder.py:2232]           [INFO]     | TMDb Trending Collection | ? | The Summer I Turned Pretty (TVDb: 396505)                           |
[2022-07-08 03:11:44,726] [builder.py:2232]           [INFO]     | TMDb Trending Collection | ? | Moon Knight (TVDb: 368611)                                          |
[2022-07-08 03:11:45,259] [builder.py:2232]           [INFO]     | TMDb Trending Collection | ? | The Old Man (TVDb: 367392)                                          |
[2022-07-08 03:11:45,559] [builder.py:2232]           [INFO]     | TMDb Trending Collection | ? | The Flash (2014) (TVDb: 279121)                                     |
[2022-07-08 03:11:45,883] [builder.py:2232]           [INFO]     | TMDb Trending Collection | ? | Control Z (TVDb: 380850)                                            |
[2022-07-08 03:11:46,183] [builder.py:2232]           [INFO]     | TMDb Trending Collection | ? | For All Mankind (TVDb: 356202)                                      |
[2022-07-08 03:11:46,617] [builder.py:2232]           [INFO]     | TMDb Trending Collection | ? | Overlord (TVDb: 294002)                                             |
[2022-07-08 03:11:47,108] [builder.py:2232]           [INFO]     | TMDb Trending Collection | ? | Peaky Blinders (TVDb: 270915)                                       |
[2022-07-08 03:11:47,366] [builder.py:2232]           [INFO]     | TMDb Trending Collection | ? | Bastard!! -Heavy Metal, Dark Fantasy- (TVDb: 415677)                |
[2022-07-08 03:11:47,603] [builder.py:2232]           [INFO]     | TMDb Trending Collection | ? | Attack on Titan (TVDb: 267440)                                      |
[2022-07-08 03:11:47,916] [builder.py:2232]           [INFO]     | TMDb Trending Collection | ? | The Orville (TVDb: 328487)                                          |
[2022-07-08 03:11:48,226] [builder.py:2232]           [INFO]     | TMDb Trending Collection | ? | The Man Who Fell to Earth (TVDb: 414721)                            |
[2022-07-08 03:11:48,559] [builder.py:2232]           [INFO]     | TMDb Trending Collection | ? | Loot (TVDb: 417559)                                                 |
[2022-07-08 03:11:48,826] [builder.py:2232]           [INFO]     | TMDb Trending Collection | ? | Love, Death & Robots (TVDb: 357888)                                 |
[2022-07-08 03:11:49,083] [builder.py:2232]           [INFO]     | TMDb Trending Collection | ? | Superman & Lois (TVDb: 375655)                                      |
[2022-07-08 03:11:49,392] [builder.py:2232]           [INFO]     | TMDb Trending Collection | ? | Boundless (TVDb: 377390)                                            |
[2022-07-08 03:11:49,716] [builder.py:2232]           [INFO]     | TMDb Trending Collection | ? | Better Call Saul (TVDb: 273181)                                     |
[2022-07-08 03:11:50,008] [builder.py:2232]           [INFO]     | TMDb Trending Collection | ? | Classroom of the Elite (TVDb: 329822)                               |
[2022-07-08 03:11:50,270] [builder.py:2232]           [INFO]     | TMDb Trending Collection | ? | Kaguya-sama: Love Is War (TVDb: 354198)                             |
[2022-07-08 03:11:50,541] [builder.py:2232]           [INFO]     | TMDb Trending Collection | ? | Irma Vep (TVDb: 393404)                                             |
[2022-07-08 03:11:51,016] [builder.py:2232]           [INFO]     | TMDb Trending Collection | ? | First Kill (TVDb: 390191)                                           |
[2022-07-08 03:11:51,392] [builder.py:2232]           [INFO]     | TMDb Trending Collection | ? | Halo (TVDb: 366524)                                                 |
[2022-07-08 03:11:51,670] [builder.py:2232]           [INFO]     | TMDb Trending Collection | ? | Extraordinary Attorney Woo (TVDb: 419950)                           |
[2022-07-08 03:11:52,037] [builder.py:2232]           [INFO]     | TMDb Trending Collection | ? | Made in Abyss (TVDb: 326109)                                        |
[2022-07-08 03:11:52,403] [builder.py:2232]           [INFO]     | TMDb Trending Collection | ? | The Time Traveler's Wife (TVDb: 397536)                             |
[2022-07-08 03:11:52,637] [builder.py:2232]           [INFO]     | TMDb Trending Collection | ? | Maggie (TVDb: 402909)                                               |
[2022-07-08 03:11:52,948] [builder.py:2232]           [INFO]     | TMDb Trending Collection | ? | The Walking Dead (TVDb: 153021)                                     |
[2022-07-08 03:11:53,237] [builder.py:2232]           [INFO]     | TMDb Trending Collection | ? | Rent-a-Girlfriend (TVDb: 380654)                                    |
[2022-07-08 03:11:53,474] [builder.py:2232]           [INFO]     | TMDb Trending Collection | ? | King of Stonks (TVDb: 417265)                                       |
[2022-07-08 03:11:53,770] [builder.py:2232]           [INFO]     | TMDb Trending Collection | ? | Breaking Bad (TVDb: 81189)                                          |
[2022-07-08 03:11:54,259] [builder.py:2232]           [INFO]     | TMDb Trending Collection | ? | Squid Game (TVDb: 383275)                                           |
[2022-07-08 03:11:54,526] [builder.py:2232]           [INFO]     | TMDb Trending Collection | ? | Moonhaven (TVDb: 402621)                                            |
[2022-07-08 03:11:54,770] [builder.py:2232]           [INFO]     | TMDb Trending Collection | ? | Pokémon (TVDb: 76703)                                               |
[2022-07-08 03:11:55,008] [builder.py:2232]           [INFO]     | TMDb Trending Collection | ? | Miraculous: Tales of Ladybug & Cat Noir (TVDb: 302218)              |
[2022-07-08 03:11:55,315] [builder.py:2232]           [INFO]     | TMDb Trending Collection | ? | A Dream of Splendor (TVDb: 420733)                                  |
[2022-07-08 03:11:55,320] [builder.py:2232]           [INFO]     | TMDb Trending Collection | ? | Harem in the Labyrinth of Another World (TVDb: 393301)              |
[2022-07-08 03:11:55,582] [builder.py:2232]           [INFO]     | TMDb Trending Collection | ? | Evil (TVDb: 363955)                                                 |
[2022-07-08 03:11:55,807] [builder.py:2232]           [INFO]     | TMDb Trending Collection | ? | Loki (TVDb: 362472)                                                 |
[2022-07-08 03:11:56,137] [builder.py:2232]           [INFO]     | TMDb Trending Collection | ? | Dark Winds (TVDb: 406179)                                           |
[2022-07-08 03:11:56,492] [builder.py:2232]           [INFO]     | TMDb Trending Collection | ? | The Mandalorian (TVDb: 361753)                                      |
[2022-07-08 03:11:56,826] [builder.py:2232]           [INFO]     | TMDb Trending Collection | ? | Demon Slayer: Kimetsu no Yaiba (TVDb: 348545)                       |
[2022-07-08 03:11:57,137] [builder.py:2232]           [INFO]     | TMDb Trending Collection | ? | Motherland: Fort Salem (TVDb: 364047)                               |
[2022-07-08 03:11:57,392] [builder.py:2232]           [INFO]     | TMDb Trending Collection | ? | WandaVision (TVDb: 362392)                                          |
[2022-07-08 03:11:57,641] [builder.py:2232]           [INFO]     | TMDb Trending Collection | ? | Becoming Elizabeth (TVDb: 373873)                                   |
[2022-07-08 03:11:57,970] [builder.py:2232]           [INFO]     | TMDb Trending Collection | ? | Uncle From Another World (TVDb: 405214)                             |
[2022-07-08 03:11:58,326] [builder.py:2232]           [INFO]     | TMDb Trending Collection | ? | Naruto (TVDb: 78857)                                                |
[2022-07-08 03:11:58,648] [builder.py:2232]           [INFO]     | TMDb Trending Collection | ? | Love Island (TVDb: 296669)                                          |
[2022-07-08 03:11:58,892] [builder.py:2232]           [INFO]     | TMDb Trending Collection | ? | The Simpsons (TVDb: 71663)                                          |
[2022-07-08 03:11:59,214] [builder.py:2232]           [INFO]     | TMDb Trending Collection | ? | P-Valley (TVDb: 356405)                                             |
[2022-07-08 03:11:59,581] [builder.py:2232]           [INFO]     | TMDb Trending Collection | ? | Grey's Anatomy (TVDb: 73762)                                        |
[2022-07-08 03:12:00,003] [builder.py:2232]           [INFO]     | TMDb Trending Collection | ? | The Undeclared War (TVDb: 401831)                                   |
[2022-07-08 03:12:00,274] [builder.py:2232]           [INFO]     | TMDb Trending Collection | ? | Alchemy of Souls (TVDb: 401475)                                     |
[2022-07-08 03:12:00,537] [builder.py:2232]           [INFO]     | TMDb Trending Collection | ? | The Rising of the Shield Hero (TVDb: 353712)                        |
[2022-07-08 03:12:00,782] [builder.py:2232]           [INFO]     | TMDb Trending Collection | ? | The Bear (TVDb: 403294)                                             |
[2022-07-08 03:12:01,178] [builder.py:2227]           [ERROR]    | TVDb Error: Name not found from TVDb ID: 412803                                                    |
[2022-07-08 03:12:01,448] [builder.py:2232]           [INFO]     | TMDb Trending Collection | ? | Riverdale (TVDb: 311954)                                            |
[2022-07-08 03:12:01,792] [builder.py:2232]           [INFO]     | TMDb Trending Collection | ? | My Stepmom's Daughter Is My Ex (TVDb: 415240)                       |
[2022-07-08 03:12:02,103] [builder.py:2232]           [INFO]     | TMDb Trending Collection | ? | Sherwood (2022) (TVDb: 407498)                                      |
[2022-07-08 03:12:02,370] [builder.py:2232]           [INFO]     | TMDb Trending Collection | ? | Chloe (TVDb: 400437)                                                |
[2022-07-08 03:12:02,626] [builder.py:2232]           [INFO]     | TMDb Trending Collection | ? | My Isekai Life: I Gained a Second Character Class and Became the Strongest Sage in the World! (TVDb: 402637) |
[2022-07-08 03:12:02,926] [builder.py:2232]           [INFO]     | TMDb Trending Collection | ? | Anna (2022) (TVDb: 411764)                                          |
[2022-07-08 03:12:03,132] [builder.py:2232]           [INFO]     | TMDb Trending Collection | ? | Engage Kiss (TVDb: 418265)                                          |
[2022-07-08 03:12:03,465] [builder.py:2232]           [INFO]     | TMDb Trending Collection | ? | RWBY: Ice Queendom (TVDb: 418203)                                   |
[2022-07-08 03:12:03,759] [builder.py:2232]           [INFO]     | TMDb Trending Collection | ? | Vermeil in Gold (TVDb: 417658)                                      |
[2022-07-08 03:12:04,014] [builder.py:2232]           [INFO]     | TMDb Trending Collection | ? | Hawkeye (2021) (TVDb: 367146)                                       |
[2022-07-08 03:12:04,215] [builder.py:2232]           [INFO]     | TMDb Trending Collection | ? | Lycoris Recoil (TVDb: 414057)                                       |
[2022-07-08 03:12:04,573] [builder.py:2232]           [INFO]     | TMDb Trending Collection | ? | Prehistoric Planet (2022) (TVDb: 418505)                            |
[2022-07-08 03:12:04,881] [builder.py:2232]           [INFO]     | TMDb Trending Collection | ? | Friends (TVDb: 79168)                                               |
[2022-07-08 03:12:05,140] [builder.py:2232]           [INFO]     | TMDb Trending Collection | ? | Dragon Ball Z (TVDb: 81472)                                         |
[2022-07-08 03:12:05,470] [builder.py:2232]           [INFO]     | TMDb Trending Collection | ? | Animal Kingdom (2016) (TVDb: 304262)                                |
[2022-07-08 03:12:05,903] [builder.py:2232]           [INFO]     | TMDb Trending Collection | ? | The Vampire Diaries (TVDb: 95491)                                   |
[2022-07-08 03:12:06,203] [builder.py:2232]           [INFO]     | TMDb Trending Collection | ? | Naruto Shippuden (TVDb: 79824)                                      |
[2022-07-08 03:12:06,503] [builder.py:2232]           [INFO]     | TMDb Trending Collection | ? | Doctor Who (2005) (TVDb: 78804)                                     |
[2022-07-08 03:12:06,807] [builder.py:2232]           [INFO]     | TMDb Trending Collection | ? | Summer Time Rendering (TVDb: 407306)                                |
[2022-07-08 03:12:07,106] [builder.py:2232]           [INFO]     | TMDb Trending Collection | ? | The Book of Boba Fett (TVDb: 393589)                                |
[2022-07-08 03:12:07,481] [builder.py:2232]           [INFO]     | TMDb Trending Collection | ? | Prison Break (TVDb: 360115)                                         |
[2022-07-08 03:12:07,840] [builder.py:2232]           [INFO]     | TMDb Trending Collection | ? | Euphoria (US) (TVDb: 360261)                                        |
[2022-07-08 03:12:08,081] [builder.py:2232]           [INFO]     | TMDb Trending Collection | ? | The Falcon and The Winter Soldier (TVDb: 362496)                    |
[2022-07-08 03:12:08,481] [builder.py:2232]           [INFO]     | TMDb Trending Collection | ? | Lucifer (TVDb: 295685)                                              |
[2022-07-08 03:12:08,826] [builder.py:2232]           [INFO]     | TMDb Trending Collection | ? | Café Minamdang (TVDb: 410723)                                       |
[2022-07-08 03:12:09,070] [builder.py:2232]           [INFO]     | TMDb Trending Collection | ? | Dropkick on My Devil!! (TVDb: 347215)                               |
[2022-07-08 03:12:09,373] [builder.py:2232]           [INFO]     | TMDb Trending Collection | ? | Pirate Gold of Adak Island (TVDb: 420602)                           |
[2022-07-08 03:12:09,648] [builder.py:2232]           [INFO]     | TMDb Trending Collection | ? | The Big Bang Theory (TVDb: 80379)                                   |
[2022-07-08 03:12:09,649] [builder.py:2237]           [INFO]     |                                                                                                    |
[2022-07-08 03:12:09,649] [builder.py:2238]           [INFO]     | 97 Shows Missing                                                                                   |
[2022-07-08 03:12:09,649] [plex_meta_manager.py:593]  [INFO]     |                                                                                                    |
[2022-07-08 03:12:09,650] [plex_meta_manager.py:594]  [INFO]     | Collection Minimum: 3 not met for TMDb Trending Collection                                         |
[2022-07-08 03:12:09,650] [plex_meta_manager.py:674]  [INFO]     |                                                                                                    |
[2022-07-08 03:12:09,651] [plex_meta_manager.py:675]  [INFO]     |====================================================================================================|
[2022-07-08 03:12:09,651] [plex_meta_manager.py:675]  [INFO]     |                                 Finished TMDb Trending Collection                                  |
[2022-07-08 03:12:09,652] [plex_meta_manager.py:675]  [INFO]     |                                    Collection Run Time: 0:00:33                                    |
[2022-07-08 03:12:09,652] [plex_meta_manager.py:675]  [INFO]     |====================================================================================================|
