[2022-06-10 07:02:14,949] [builder.py:185]            [INFO]     |====================================================================================================|
[2022-06-10 07:02:14,949] [builder.py:185]            [INFO]     |                              Chart Collections Collection in ...日本动漫                               |
[2022-06-10 07:02:14,950] [builder.py:185]            [INFO]     |====================================================================================================|
[2022-06-10 07:02:14,950] [builder.py:186]            [INFO]     |                                                                                                    |
[2022-06-10 07:02:14,951] [builder.py:191]            [INFO]     |============================= Validating Chart Collections Attributes ==============================|
[2022-06-10 07:02:14,952] [builder.py:212]            [DEBUG]    |                                                                                                    |
[2022-06-10 07:02:14,956] [builder.py:213]            [DEBUG]    | Validating Method: template                                                                        |
[2022-06-10 07:02:14,956] [meta.py:103]               [DEBUG]    | Value: [ordereddict([('name', 'separator'), ('separator', 'chart')])]                              |
[2022-06-10 07:02:14,958] [builder.py:430]            [DEBUG]    |                                                                                                    |
[2022-06-10 07:02:14,959] [builder.py:431]            [DEBUG]    | Validating Method: blank_collection                                                                |
[2022-06-10 07:02:14,959] [builder.py:432]            [DEBUG]    | Value: True                                                                                        |
[2022-06-10 07:02:14,959] [builder.py:600]            [DEBUG]    |                                                                                                    |
[2022-06-10 07:02:14,960] [builder.py:604]            [DEBUG]    | Validating Method: sort_title                                                                      |
[2022-06-10 07:02:14,960] [builder.py:605]            [DEBUG]    | Value: !01_!Chart Collections                                                                      |
[2022-06-10 07:02:14,960] [builder.py:600]            [DEBUG]    |                                                                                                    |
[2022-06-10 07:02:14,961] [builder.py:604]            [DEBUG]    | Validating Method: url_poster                                                                      |
[2022-06-10 07:02:14,961] [builder.py:605]            [DEBUG]    | Value: https://raw.githubusercontent.com/meisnate12/Plex-Meta-Manager-Images/master/separators/chart.jpg |
[2022-06-10 07:02:15,011] [builder.py:764]            [INFO]     |                                                                                                    |
[2022-06-10 07:02:15,011] [builder.py:765]            [INFO]     | Validation Successful                                                                              |
[2022-06-10 07:02:15,012] [plex_meta_manager.py:539]  [INFO]     |                                                                                                    |
[2022-06-10 07:02:15,012] [plex_meta_manager.py:541]  [INFO]     |=============================== Running Chart Collections Collection ===============================|
[2022-06-10 07:02:15,028] [builder.py:2383]           [INFO]     |                                                                                                    |
[2022-06-10 07:02:15,029] [builder.py:2384]           [INFO]     |========================= Updating Details of Chart Collections Collection =========================|
[2022-06-10 07:02:15,029] [builder.py:2385]           [INFO]     |                                                                                                    |
[2022-06-10 07:02:15,030] [builder.py:2446]           [INFO]     | Collection Metadata Edits                                                                          |
[2022-06-10 07:02:15,030] [util.py:150]               [DEBUG]    | 1 poster found:                                                                                    |
[2022-06-10 07:02:15,031] [util.py:152]               [DEBUG]    | Method: url_poster Poster: https://raw.githubusercontent.com/meisnate12/Plex-Meta-Manager-Images/master/separators/chart.jpg |
[2022-06-10 07:02:15,034] [library.py:155]            [INFO]     | Detail: poster update not needed                                                                   |
[2022-06-10 07:02:15,050] [plex_meta_manager.py:674]  [INFO]     |                                                                                                    |
[2022-06-10 07:02:15,051] [plex_meta_manager.py:675]  [INFO]     |====================================================================================================|
[2022-06-10 07:02:15,051] [plex_meta_manager.py:675]  [INFO]     |                               Finished Chart Collections Collection                                |
[2022-06-10 07:02:15,051] [plex_meta_manager.py:675]  [INFO]     |                                    Collection Run Time: 0:00:00                                    |
[2022-06-10 07:02:15,052] [plex_meta_manager.py:675]  [INFO]     |====================================================================================================|
