[2022-07-08 03:28:09,424] [builder.py:185]            [INFO]     |====================================================================================================|
[2022-07-08 03:28:09,425] [builder.py:185]            [INFO]     |                                        日本电影Top100 Playlist                                         |
[2022-07-08 03:28:09,425] [builder.py:185]            [INFO]     |====================================================================================================|
[2022-07-08 03:28:09,426] [builder.py:186]            [INFO]     |                                                                                                    |
[2022-07-08 03:28:09,427] [builder.py:191]            [INFO]     |================================= Validating 日本电影Top100 Attributes =================================|
[2022-07-08 03:28:09,427] [builder.py:212]            [DEBUG]    |                                                                                                    |
[2022-07-08 03:28:09,428] [builder.py:213]            [DEBUG]    | Validating Method: template                                                                        |
[2022-07-08 03:28:09,428] [meta.py:103]               [DEBUG]    | Value: [ordereddict([('name', 'playlist')])]                                                       |
[2022-07-08 03:28:09,430] [builder.py:259]            [DEBUG]    |                                                                                                    |
[2022-07-08 03:28:09,430] [builder.py:260]            [DEBUG]    | Validating Method: libraries                                                                       |
[2022-07-08 03:28:09,431] [builder.py:263]            [DEBUG]    | Value: Movies, 亚洲电影                                                                                |
[2022-07-08 03:28:09,431] [builder.py:272]            [DEBUG]    |                                                                                                    |
[2022-07-08 03:28:09,432] [builder.py:273]            [DEBUG]    | Validating Method: sync_to_users                                                                   |
[2022-07-08 03:28:09,432] [builder.py:274]            [DEBUG]    | Value: all                                                                                         |
[2022-07-08 03:28:09,433] [builder.py:437]            [DEBUG]    |                                                                                                    |
[2022-07-08 03:28:09,433] [builder.py:438]            [DEBUG]    | Validating Method: sync_mode                                                                       |
[2022-07-08 03:28:09,433] [builder.py:442]            [DEBUG]    | Value: sync                                                                                        |
[2022-07-08 03:28:09,434] [builder.py:600]            [DEBUG]    |                                                                                                    |
[2022-07-08 03:28:09,434] [builder.py:604]            [DEBUG]    | Validating Method: trakt_list                                                                      |
[2022-07-08 03:28:09,435] [builder.py:605]            [DEBUG]    | Value: https://trakt.tv/users/bpsim/lists/top-100-japanese-films-excluding-anime                   |
[2022-07-08 03:28:09,713] [builder.py:600]            [DEBUG]    |                                                                                                    |
[2022-07-08 03:28:09,714] [builder.py:604]            [DEBUG]    | Validating Method: summary                                                                         |
[2022-07-08 03:28:09,714] [builder.py:605]            [DEBUG]    | Value: 创建自 https://mdblist.com/lists/galacticboy/top-100-japanese-films-excluding-anime            |
[2022-07-08 03:28:09,715] [builder.py:600]            [DEBUG]    |                                                                                                    |
[2022-07-08 03:28:09,715] [builder.py:604]            [DEBUG]    | Validating Method: cache_builders                                                                  |
[2022-07-08 03:28:09,715] [builder.py:605]            [DEBUG]    | Value: 1                                                                                           |
[2022-07-08 03:28:09,716] [builder.py:600]            [DEBUG]    |                                                                                                    |
[2022-07-08 03:28:09,716] [builder.py:604]            [DEBUG]    | Validating Method: url_poster                                                                      |
[2022-07-08 03:28:09,716] [builder.py:605]            [DEBUG]    | Value: https://raw.githubusercontent.com/meisnate12/Plex-Meta-Manager-Images/master/playlist/%E6%97%A5%E6%9C%AC%E7%94%B5%E5%BD%B1Top100.jpg |
[2022-07-08 03:28:10,008] [builder.py:791]            [WARNING]  | Playlist Warning: No Poster Found at https://raw.githubusercontent.com/meisnate12/Plex-Meta-Manager-Images/master/playlist/%E6%97%A5%E6%9C%AC%E7%94%B5%E5%BD%B1Top100.jpg |
[2022-07-08 03:28:10,243] [builder.py:764]            [INFO]     |                                                                                                    |
[2022-07-08 03:28:10,244] [builder.py:765]            [INFO]     | Validation Successful                                                                              |
[2022-07-08 03:28:10,250] [plex_meta_manager.py:713]  [INFO]     |                                                                                                    |
[2022-07-08 03:28:10,251] [plex_meta_manager.py:715]  [INFO]     |=================================== Running 日本电影Top100 Playlist ====================================|
[2022-07-08 03:28:10,252] [plex_meta_manager.py:723]  [INFO]     |                                                                                                    |
[2022-07-08 03:28:10,252] [plex_meta_manager.py:724]  [INFO]     | Sync Mode: sync                                                                                    |
[2022-07-08 03:28:10,252] [plex_meta_manager.py:727]  [DEBUG]    |                                                                                                    |
[2022-07-08 03:28:10,253] [plex_meta_manager.py:728]  [DEBUG]    | Builder: trakt_list: https://trakt.tv/users/bpsim/lists/top-100-japanese-films-excluding-anime     |
[2022-07-08 03:28:10,253] [plex_meta_manager.py:729]  [INFO]     |                                                                                                    |
[2022-07-08 03:28:10,255] [trakt.py:482]              [INFO]     | Processing Trakt List: https://trakt.tv/users/bpsim/lists/top-100-japanese-films-excluding-anime   |
[2022-07-08 03:28:11,355] [builder.py:1507]           [DEBUG]    |                                                                                                    |
[2022-07-08 03:28:11,356] [builder.py:1508]           [DEBUG]    | 100 IDs Found: [(34530, 'tmdb'), (31217, 'tmdb'), (14537, 'tmdb'), (346, 'tmdb'), (34528, 'tmdb'), (16672, 'tmdb'), (3780, 'tmdb'), (27031, 'tmdb'), (20532, 'tmdb'), (12493, 'tmdb'), (3782, 'tmdb'), (9764, 'tmdb'), (20530, 'tmdb'), (11645, 'tmdb'), (548, 'tmdb'), (14696, 'tmdb'), (50247, 'tmdb'), (18148, 'tmdb'), (11878, 'tmdb'), (1059, 'tmdb'), (16804, 'tmdb'), (2517, 'tmdb'), (12496, 'tmdb'), (28422, 'tmdb'), (35861, 'tmdb'), (36872, 'tmdb'), (55192, 'tmdb'), (33319, 'tmdb'), (3764, 'tmdb'), (43364, 'tmdb'), (50759, 'tmdb'), (31743, 'tmdb'), (11712, 'tmdb'), (3777, 'tmdb'), (29452, 'tmdb'), (11830, 'tmdb'), (43339, 'tmdb'), (31427, 'tmdb'), (21967, 'tmdb'), (17810, 'tmdb'), (46918, 'tmdb'), (31589, 'tmdb'), (19884, 'tmdb'), (30959, 'tmdb'), (104548, 'tmdb'), (758866, 'tmdb'), (42113, 'tmdb'), (1556, 'tmdb'), (505192, 'tmdb'), (47002, 'tmdb'), (25050, 'tmdb'), (28272, 'tmdb'), (116690, 'tmdb'), (46069, 'tmdb'), (28276, 'tmdb'), (30368, 'tmdb'), (185987, 'tmdb'), (177945, 'tmdb'), (5910, 'tmdb'), (42170, 'tmdb'), (4291, 'tmdb'), (28273, 'tmdb'), (31512, 'tmdb'), (36092, 'tmdb'), (43255, 'tmdb'), (20531, 'tmdb'), (41471, 'tmdb'), (25858, 'tmdb'), (54186, 'tmdb'), (2487, 'tmdb'), (77285, 'tmdb'), (294682, 'tmdb'), (513434, 'tmdb'), (78117, 'tmdb'), (45713, 'tmdb'), (11239, 'tmdb'), (55197, 'tmdb'), (20527, 'tmdb'), (336026, 'tmdb'), (61475, 'tmdb'), (58878, 'tmdb'), (38047, 'tmdb'), (40149, 'tmdb'), (13430, 'tmdb'), (15318, 'tmdb'), (34019, 'tmdb'), (41482, 'tmdb'), (58857, 'tmdb'), (27372, 'tmdb'), (795811, 'tmdb'), (45991, 'tmdb'), (3176, 'tmdb'), (49355, 'tmdb'), (46917, 'tmdb'), (98193, 'tmdb'), (16692, 'tmdb'), (31378, 'tmdb'), (1678, 'tmdb'), (44662, 'tmdb'), (54146, 'tmdb')] |
[2022-07-08 03:28:11,356] [builder.py:1509]           [DEBUG]    |                                                                                                    |
[2022-07-08 03:28:11,560] [builder.py:2009]           [INFO]     |                                                                                                    |
[2022-07-08 03:28:11,561] [builder.py:2010]           [INFO]     |================================== Adding to 日本电影Top100 Playlist ===================================|
[2022-07-08 03:28:11,561] [builder.py:2011]           [INFO]     |                                                                                                    |
[2022-07-08 03:28:11,562] [builder.py:2025]           [INFO]     | 1/8 | 日本电影Top100 Playlist | = | 七人の侍 (1954)                                                        |
[2022-07-08 03:28:11,563] [builder.py:2025]           [INFO]     | 2/8 | 日本电影Top100 Playlist | = | 山椒大夫 (1954)                                                        |
[2022-07-08 03:28:11,563] [builder.py:2025]           [INFO]     | 3/8 | 日本电影Top100 Playlist | = | 生きる (1952)                                                         |
[2022-07-08 03:28:11,564] [builder.py:2025]           [INFO]     | 4/8 | 日本电影Top100 Playlist | = | 乱 (1985)                                                           |
[2022-07-08 03:28:11,564] [builder.py:2025]           [INFO]     | 5/8 | 日本电影Top100 Playlist | = | 羅生門 (1950)                                                         |
[2022-07-08 03:28:11,565] [builder.py:2025]           [INFO]     | 6/8 | 日本电影Top100 Playlist | = | 用心棒 (1961)                                                         |
[2022-07-08 03:28:11,565] [builder.py:2025]           [INFO]     | 7/8 | 日本电影Top100 Playlist | = | おくりびと (2008)                                                       |
[2022-07-08 03:28:11,566] [builder.py:2025]           [INFO]     | 8/8 | 日本电影Top100 Playlist | = | 被嫌弃的松子的一生 (2006)                                                   |
[2022-07-08 03:28:11,566] [builder.py:2045]           [INFO]     |                                                                                                    |
[2022-07-08 03:28:11,567] [builder.py:2046]           [INFO]     | 8 Items Processed                                                                                  |
[2022-07-08 03:28:11,567] [builder.py:2172]           [INFO]     |                                                                                                    |
[2022-07-08 03:28:11,568] [builder.py:2173]           [INFO]     |=============================== Missing Movies from Library: Movies ================================|
[2022-07-08 03:28:11,568] [builder.py:2174]           [INFO]     |                                                                                                    |
[2022-07-08 03:28:11,825] [builder.py:2187]           [INFO]     | 日本电影Top100 Playlist | ? | The Human Condition III: A Soldier's Prayer (1961) (TMDb: 34530)         |
[2022-07-08 03:28:12,050] [builder.py:2187]           [INFO]     | 日本电影Top100 Playlist | ? | The Human Condition I: No Greater Love (1959) (TMDb: 31217)              |
[2022-07-08 03:28:12,255] [builder.py:2187]           [INFO]     | 日本电影Top100 Playlist | ? | Harakiri (1962) (TMDb: 14537)                                            |
[2022-07-08 03:28:12,467] [builder.py:2187]           [INFO]     | 日本电影Top100 Playlist | ? | The Human Condition II: Road to Eternity (1959) (TMDb: 34528)            |
[2022-07-08 03:28:12,633] [builder.py:2187]           [INFO]     | 日本电影Top100 Playlist | ? | Woman in the Dunes (1964) (TMDb: 16672)                                  |
[2022-07-08 03:28:13,088] [builder.py:2187]           [INFO]     | 日本电影Top100 Playlist | ? | Red Beard (1965) (TMDb: 3780)                                            |
[2022-07-08 03:28:13,292] [builder.py:2187]           [INFO]     | 日本电影Top100 Playlist | ? | Samurai Rebellion (1967) (TMDb: 27031)                                   |
[2022-07-08 03:28:13,599] [builder.py:2187]           [INFO]     | 日本电影Top100 Playlist | ? | High and Low (1963) (TMDb: 12493)                                        |
[2022-07-08 03:28:13,800] [builder.py:2187]           [INFO]     | 日本电影Top100 Playlist | ? | Dersu Uzala (1975) (TMDb: 9764)                                          |
[2022-07-08 03:28:14,077] [builder.py:2187]           [INFO]     | 日本电影Top100 Playlist | ? | Late Spring (1949) (TMDb: 20530)                                         |
[2022-07-08 03:28:14,283] [builder.py:2187]           [INFO]     | 日本电影Top100 Playlist | ? | Ugetsu (1953) (TMDb: 14696)                                              |
[2022-07-08 03:28:14,458] [builder.py:2187]           [INFO]     | 日本电影Top100 Playlist | ? | Early Summer (1951) (TMDb: 50247)                                        |
[2022-07-08 03:28:14,666] [builder.py:2187]           [INFO]     | 日本电影Top100 Playlist | ? | Tokyo Story (1953) (TMDb: 18148)                                         |
[2022-07-08 03:28:14,858] [builder.py:2187]           [INFO]     | 日本电影Top100 Playlist | ? | The Hidden Fortress (1958) (TMDb: 1059)                                  |
[2022-07-08 03:28:15,067] [builder.py:2187]           [INFO]     | 日本电影Top100 Playlist | ? | Nobody Knows (2004) (TMDb: 2517)                                         |
[2022-07-08 03:28:15,233] [builder.py:2187]           [INFO]     | 日本电影Top100 Playlist | ? | The Twilight Samurai (2002) (TMDb: 12496)                                |
[2022-07-08 03:28:15,444] [builder.py:2187]           [INFO]     | 日本电影Top100 Playlist | ? | Love Exposure (2009) (TMDb: 28422)                                       |
[2022-07-08 03:28:15,777] [builder.py:2187]           [INFO]     | 日本电影Top100 Playlist | ? | The Crucified Lovers (1954) (TMDb: 35861)                                |
[2022-07-08 03:28:16,141] [builder.py:2187]           [INFO]     | 日本电影Top100 Playlist | ? | When a Woman Ascends the Stairs (1960) (TMDb: 36872)                     |
[2022-07-08 03:28:16,344] [builder.py:2187]           [INFO]     | 日本电影Top100 Playlist | ? | Tokyo Twilight (1957) (TMDb: 55192)                                      |
[2022-07-08 03:28:16,544] [builder.py:2187]           [INFO]     | 日本电影Top100 Playlist | ? | The Burmese Harp (1956) (TMDb: 33319)                                    |
[2022-07-08 03:28:16,733] [builder.py:2187]           [INFO]     | 日本电影Top100 Playlist | ? | The Naked Island (1960) (TMDb: 3764)                                     |
[2022-07-08 03:28:16,900] [builder.py:2187]           [INFO]     | 日本电影Top100 Playlist | ? | The Life of Oharu (1952) (TMDb: 43364)                                   |
[2022-07-08 03:28:17,091] [builder.py:2187]           [INFO]     | 日本电影Top100 Playlist | ? | An Autumn Afternoon (1962) (TMDb: 50759)                                 |
[2022-07-08 03:28:17,300] [builder.py:2187]           [INFO]     | 日本电影Top100 Playlist | ? | Hachi-ko (1987) (TMDb: 31743)                                            |
[2022-07-08 03:28:17,516] [builder.py:2187]           [INFO]     | 日本电影Top100 Playlist | ? | Sanjuro (1962) (TMDb: 11712)                                             |
[2022-07-08 03:28:17,744] [builder.py:2187]           [INFO]     | 日本电影Top100 Playlist | ? | Throne of Blood (1957) (TMDb: 3777)                                      |
[2022-07-08 03:28:17,748] [builder.py:2187]           [INFO]     | 日本电影Top100 Playlist | ? | The Face of Another (1966) (TMDb: 29452)                                 |
[2022-07-08 03:28:17,944] [builder.py:2187]           [INFO]     | 日本电影Top100 Playlist | ? | Tampopo (1985) (TMDb: 11830)                                             |
[2022-07-08 03:28:18,125] [builder.py:2187]           [INFO]     | 日本电影Top100 Playlist | ? | Twenty-Four Eyes (1954) (TMDb: 43339)                                    |
[2022-07-08 03:28:18,310] [builder.py:2187]           [INFO]     | 日本电影Top100 Playlist | ? | Fires on the Plain (1959) (TMDb: 31427)                                  |
[2022-07-08 03:28:18,466] [builder.py:2187]           [INFO]     | 日本电影Top100 Playlist | ? | Late Autumn (1960) (TMDb: 21967)                                         |
[2022-07-08 03:28:18,724] [builder.py:2187]           [INFO]     | 日本电影Top100 Playlist | ? | Lone Wolf and Cub: Baby Cart at the River Styx (1972) (TMDb: 17810)      |
[2022-07-08 03:28:18,910] [builder.py:2187]           [INFO]     | 日本电影Top100 Playlist | ? | Floating Weeds (1959) (TMDb: 46918)                                      |
[2022-07-08 03:28:19,099] [builder.py:2187]           [INFO]     | 日本电影Top100 Playlist | ? | The Bad Sleep Well (1960) (TMDb: 31589)                                  |
[2022-07-08 03:28:19,277] [builder.py:2187]           [INFO]     | 日本电影Top100 Playlist | ? | The Sword of Doom (1966) (TMDb: 19884)                                   |
[2022-07-08 03:28:19,524] [builder.py:2187]           [INFO]     | 日本电影Top100 Playlist | ? | Kwaidan (1964) (TMDb: 30959)                                             |
[2022-07-08 03:28:19,758] [builder.py:2187]           [INFO]     | 日本电影Top100 Playlist | ? | Demons (1971) (TMDb: 104548)                                             |
[2022-07-08 03:28:19,941] [builder.py:2187]           [INFO]     | 日本电影Top100 Playlist | ? | Drive My Car (2021) (TMDb: 758866)                                       |
[2022-07-08 03:28:20,166] [builder.py:2187]           [INFO]     | 日本电影Top100 Playlist | ? | The Ballad of Narayama (1983) (TMDb: 42113)                              |
[2022-07-08 03:28:20,316] [builder.py:2187]           [INFO]     | 日本电影Top100 Playlist | ? | Funeral Parade of Roses (1969) (TMDb: 1556)                              |
[2022-07-08 03:28:20,491] [builder.py:2187]           [INFO]     | 日本电影Top100 Playlist | ? | Shoplifters (2018) (TMDb: 505192)                                        |
[2022-07-08 03:28:20,691] [builder.py:2187]           [INFO]     | 日本电影Top100 Playlist | ? | Love Letter (1995) (TMDb: 47002)                                         |
[2022-07-08 03:28:20,924] [builder.py:2187]           [INFO]     | 日本电影Top100 Playlist | ? | Still Walking (2008) (TMDb: 25050)                                       |
[2022-07-08 03:28:21,149] [builder.py:2187]           [INFO]     | 日本电影Top100 Playlist | ? | Equinox Flower (1958) (TMDb: 28272)                                      |
[2022-07-08 03:28:21,349] [builder.py:2187]           [INFO]     | 日本电影Top100 Playlist | ? | The Ballad of Narayama (1958) (TMDb: 116690)                             |
[2022-07-08 03:28:21,510] [builder.py:2187]           [INFO]     | 日本电影Top100 Playlist | ? | The Story of the Last Chrysanthemum (1939) (TMDb: 46069)                 |
[2022-07-08 03:28:21,810] [builder.py:2187]           [INFO]     | 日本电影Top100 Playlist | ? | Good Morning (1959) (TMDb: 28276)                                        |
[2022-07-08 03:28:22,233] [builder.py:2187]           [INFO]     | 日本电影Top100 Playlist | ? | Stray Dog (1949) (TMDb: 30368)                                           |
[2022-07-08 03:28:22,424] [builder.py:2187]           [INFO]     | 日本电影Top100 Playlist | ? | Black Rain (1989) (TMDb: 185987)                                         |
[2022-07-08 03:28:22,599] [builder.py:2187]           [INFO]     | 日本电影Top100 Playlist | ? | Like Father, Like Son (2013) (TMDb: 177945)                              |
[2022-07-08 03:28:22,788] [builder.py:2187]           [INFO]     | 日本电影Top100 Playlist | ? | Fireworks (1997) (TMDb: 5910)                                            |
[2022-07-08 03:28:23,110] [builder.py:2187]           [INFO]     | 日本电影Top100 Playlist | ? | Vengeance Is Mine (1979) (TMDb: 42170)                                   |
[2022-07-08 03:28:23,277] [builder.py:2187]           [INFO]     | 日本电影Top100 Playlist | ? | Kikujiro (1999) (TMDb: 4291)                                             |
[2022-07-08 03:28:23,499] [builder.py:2187]           [INFO]     | 日本电影Top100 Playlist | ? | The End of Summer (1961) (TMDb: 28273)                                   |
[2022-07-08 03:28:23,844] [builder.py:2187]           [INFO]     | 日本电影Top100 Playlist | ? | Be with You (2004) (TMDb: 36092)                                         |
[2022-07-08 03:28:24,010] [builder.py:2187]           [INFO]     | 日本电影Top100 Playlist | ? | Street of Shame (1956) (TMDb: 43255)                                     |
[2022-07-08 03:28:24,210] [builder.py:2187]           [INFO]     | 日本电影Top100 Playlist | ? | Early Spring (1956) (TMDb: 20531)                                        |
[2022-07-08 03:28:24,215] [builder.py:2187]           [INFO]     | 日本电影Top100 Playlist | ? | Lone Wolf and Cub: Sword of Vengeance (1972) (TMDb: 41471)               |
[2022-07-08 03:28:24,416] [builder.py:2187]           [INFO]     | 日本电影Top100 Playlist | ? | Drunken Angel (1948) (TMDb: 25858)                                       |
[2022-07-08 03:28:24,599] [builder.py:2187]           [INFO]     | 日本电影Top100 Playlist | ? | Confessions (2010) (TMDb: 54186)                                         |
[2022-07-08 03:28:24,799] [builder.py:2187]           [INFO]     | 日本电影Top100 Playlist | ? | Lady Snowblood (1973) (TMDb: 2487)                                       |
[2022-07-08 03:28:24,999] [builder.py:2187]           [INFO]     | 日本电影Top100 Playlist | ? | Floating Clouds (1955) (TMDb: 77285)                                     |
[2022-07-08 03:28:25,249] [builder.py:2187]           [INFO]     | 日本电影Top100 Playlist | ? | Little Forest: Summer/Autumn (2014) (TMDb: 294682)                       |
[2022-07-08 03:28:25,410] [builder.py:2187]           [INFO]     | 日本电影Top100 Playlist | ? | One Cut of the Dead (2017) (TMDb: 513434)                                |
[2022-07-08 03:28:25,621] [builder.py:2187]           [INFO]     | 日本电影Top100 Playlist | ? | Eros + Massacre (1969) (TMDb: 78117)                                     |
[2022-07-08 03:28:25,810] [builder.py:2187]           [INFO]     | 日本电影Top100 Playlist | ? | Double Suicide (1969) (TMDb: 45713)                                      |
[2022-07-08 03:28:26,041] [builder.py:2187]           [INFO]     | 日本电影Top100 Playlist | ? | Shall We Dance? (1996) (TMDb: 11239)                                     |
[2022-07-08 03:28:26,232] [builder.py:2187]           [INFO]     | 日本电影Top100 Playlist | ? | The Flavor of Green Tea Over Rice (1952) (TMDb: 55197)                   |
[2022-07-08 03:28:26,449] [builder.py:2187]           [INFO]     | 日本电影Top100 Playlist | ? | Love and Honor (2006) (TMDb: 20527)                                      |
[2022-07-08 03:28:26,715] [builder.py:2187]           [INFO]     | 日本电影Top100 Playlist | ? | Little Forest: Winter/Spring (2015) (TMDb: 336026)                       |
[2022-07-08 03:28:26,924] [builder.py:2187]           [INFO]     | 日本电影Top100 Playlist | ? | Pale Flower (1964) (TMDb: 61475)                                         |
[2022-07-08 03:28:27,144] [builder.py:2187]           [INFO]     | 日本电影Top100 Playlist | ? | Three Outlaw Samurai (1964) (TMDb: 58878)                                |
[2022-07-08 03:28:27,340] [builder.py:2187]           [INFO]     | 日本电影Top100 Playlist | ? | Eureka (2000) (TMDb: 38047)                                              |
[2022-07-08 03:28:27,616] [builder.py:2187]           [INFO]     | 日本电影Top100 Playlist | ? | Kuroneko (1968) (TMDb: 40149)                                            |
[2022-07-08 03:28:27,810] [builder.py:2187]           [INFO]     | 日本电影Top100 Playlist | ? | Always - Sunset on Third Street (2005) (TMDb: 13430)                     |
[2022-07-08 03:28:27,999] [builder.py:2187]           [INFO]     | 日本电影Top100 Playlist | ? | The Taste of Tea (2004) (TMDb: 15318)                                    |
[2022-07-08 03:28:28,157] [builder.py:2187]           [INFO]     | 日本电影Top100 Playlist | ? | The Hidden Blade (2004) (TMDb: 34019)                                    |
[2022-07-08 03:28:28,388] [builder.py:2187]           [INFO]     | 日本电影Top100 Playlist | ? | Lone Wolf and Cub: Baby Cart in the Land of Demons (1973) (TMDb: 41482)  |
[2022-07-08 03:28:28,649] [builder.py:2187]           [INFO]     | 日本电影Top100 Playlist | ? | 13 Assassins (2010) (TMDb: 58857)                                        |
[2022-07-08 03:28:28,810] [builder.py:2187]           [INFO]     | 日本电影Top100 Playlist | ? | There Was a Father (1942) (TMDb: 27372)                                  |
[2022-07-08 03:28:29,024] [builder.py:2187]           [INFO]     | 日本电影Top100 Playlist | ? | Wheel of Fortune and Fantasy (2021) (TMDb: 795811)                       |
[2022-07-08 03:28:29,221] [builder.py:2187]           [INFO]     | 日本电影Top100 Playlist | ? | A Geisha (1953) (TMDb: 45991)                                            |
[2022-07-08 03:28:29,465] [builder.py:2187]           [INFO]     | 日本电影Top100 Playlist | ? | Battle Royale (2000) (TMDb: 3176)                                        |
[2022-07-08 03:28:29,677] [builder.py:2187]           [INFO]     | 日本电影Top100 Playlist | ? | Goyokin (1969) (TMDb: 49355)                                             |
[2022-07-08 03:28:29,866] [builder.py:2187]           [INFO]     | 日本电影Top100 Playlist | ? | Sword of the Beast (1965) (TMDb: 46917)                                  |
[2022-07-08 03:28:30,066] [builder.py:2187]           [INFO]     | 日本电影Top100 Playlist | ? | Death by Hanging (1968) (TMDb: 98193)                                    |
[2022-07-08 03:28:30,366] [builder.py:2187]           [INFO]     | 日本电影Top100 Playlist | ? | The Tale of Zatoichi (1962) (TMDb: 16692)                                |
[2022-07-08 03:28:30,588] [builder.py:2187]           [INFO]     | 日本电影Top100 Playlist | ? | Samurai III: Duel at Ganryu Island (1956) (TMDb: 31378)                  |
[2022-07-08 03:28:30,807] [builder.py:2187]           [INFO]     | 日本电影Top100 Playlist | ? | Godzilla (1954) (TMDb: 1678)                                             |
[2022-07-08 03:28:31,066] [builder.py:2187]           [INFO]     | 日本电影Top100 Playlist | ? | 47 Ronin (1962) (TMDb: 44662)                                            |
[2022-07-08 03:28:31,255] [builder.py:2187]           [INFO]     | 日本电影Top100 Playlist | ? | Pitfall (1962) (TMDb: 54146)                                             |
[2022-07-08 03:28:31,255] [builder.py:2192]           [INFO]     |                                                                                                    |
[2022-07-08 03:28:31,256] [builder.py:2193]           [INFO]     | 92 Movies Missing                                                                                  |
[2022-07-08 03:28:31,308] [builder.py:2383]           [INFO]     |                                                                                                    |
[2022-07-08 03:28:31,309] [builder.py:2384]           [INFO]     |============================= Updating Details of 日本电影Top100 Playlist ==============================|
[2022-07-08 03:28:31,310] [builder.py:2385]           [INFO]     |                                                                                                    |
[2022-07-08 03:28:31,478] [builder.py:2529]           [INFO]     |                                                                                                    |
[2022-07-08 03:28:31,479] [builder.py:2530]           [INFO]     |=================================== Sorting 日本电影Top100 Playlist ====================================|
[2022-07-08 03:28:31,479] [builder.py:2531]           [INFO]     |                                                                                                    |
[2022-07-08 03:28:31,480] [builder.py:2595]           [INFO]     |                                                                                                    |
[2022-07-08 03:28:31,480] [builder.py:2596]           [INFO]     |==================================== Syncing Playlist to Users =====================================|
[2022-07-08 03:28:31,481] [builder.py:2597]           [INFO]     |                                                                                                    |
[2022-07-08 03:28:32,727] [builder.py:2604]           [INFO]     | Playlist: 日本电影Top100 synced to 1ntheshell                                                          |
[2022-07-08 03:28:34,819] [builder.py:2604]           [INFO]     | Playlist: 日本电影Top100 synced to BigHippo                                                            |
[2022-07-08 03:28:35,971] [builder.py:2604]           [INFO]     | Playlist: 日本电影Top100 synced to jenny934                                                            |
[2022-07-08 03:28:39,578] [builder.py:2604]           [INFO]     | Playlist: 日本电影Top100 synced to maggiek40                                                           |
[2022-07-08 03:28:40,728] [builder.py:2604]           [INFO]     | Playlist: 日本电影Top100 synced to njtab                                                               |
[2022-07-08 03:28:41,858] [builder.py:2604]           [INFO]     | Playlist: 日本电影Top100 synced to se7entao                                                            |
[2022-07-08 03:28:43,700] [builder.py:2604]           [INFO]     | Playlist: 日本电影Top100 synced to Shoyichi                                                            |
[2022-07-08 03:28:44,821] [builder.py:2604]           [INFO]     | Playlist: 日本电影Top100 synced to SzeMeng76                                                           |
[2022-07-08 03:28:44,822] [plex_meta_manager.py:839]  [INFO]     |                                                                                                    |
[2022-07-08 03:28:44,822] [plex_meta_manager.py:842]  [INFO]     |                                                                                                    |
[2022-07-08 03:28:44,823] [plex_meta_manager.py:843]  [INFO]     |====================================================================================================|
[2022-07-08 03:28:44,823] [plex_meta_manager.py:843]  [INFO]     |                                    Finished 日本电影Top100 Playlist                                    |
[2022-07-08 03:28:44,824] [plex_meta_manager.py:843]  [INFO]     |                                     Playlist Run Time: 0:00:35                                     |
[2022-07-08 03:28:44,824] [plex_meta_manager.py:843]  [INFO]     |====================================================================================================|
