[2022-07-08 03:26:07,472] [builder.py:185]            [INFO]     |====================================================================================================|
[2022-07-08 03:26:07,473] [builder.py:185]            [INFO]     |                                         最佳華語電影一百部 Playlist                                         |
[2022-07-08 03:26:07,473] [builder.py:185]            [INFO]     |====================================================================================================|
[2022-07-08 03:26:07,474] [builder.py:186]            [INFO]     |                                                                                                    |
[2022-07-08 03:26:07,474] [builder.py:191]            [INFO]     |================================= Validating 最佳華語電影一百部 Attributes ==================================|
[2022-07-08 03:26:07,475] [builder.py:212]            [DEBUG]    |                                                                                                    |
[2022-07-08 03:26:07,475] [builder.py:213]            [DEBUG]    | Validating Method: template                                                                        |
[2022-07-08 03:26:07,475] [meta.py:103]               [DEBUG]    | Value: [ordereddict([('name', 'playlist')])]                                                       |
[2022-07-08 03:26:07,476] [builder.py:259]            [DEBUG]    |                                                                                                    |
[2022-07-08 03:26:07,477] [builder.py:260]            [DEBUG]    | Validating Method: libraries                                                                       |
[2022-07-08 03:26:07,477] [builder.py:263]            [DEBUG]    | Value: Movies, 亚洲电影                                                                                |
[2022-07-08 03:26:07,478] [builder.py:272]            [DEBUG]    |                                                                                                    |
[2022-07-08 03:26:07,478] [builder.py:273]            [DEBUG]    | Validating Method: sync_to_users                                                                   |
[2022-07-08 03:26:07,478] [builder.py:274]            [DEBUG]    | Value: all                                                                                         |
[2022-07-08 03:26:07,479] [builder.py:437]            [DEBUG]    |                                                                                                    |
[2022-07-08 03:26:07,479] [builder.py:438]            [DEBUG]    | Validating Method: sync_mode                                                                       |
[2022-07-08 03:26:07,480] [builder.py:442]            [DEBUG]    | Value: sync                                                                                        |
[2022-07-08 03:26:07,480] [builder.py:600]            [DEBUG]    |                                                                                                    |
[2022-07-08 03:26:07,480] [builder.py:604]            [DEBUG]    | Validating Method: trakt_list                                                                      |
[2022-07-08 03:26:07,481] [builder.py:605]            [DEBUG]    | Value: https://trakt.tv/users/bpsim/lists/hkfa-s-the-best-100-chinese-motion-pictures              |
[2022-07-08 03:26:07,762] [builder.py:600]            [DEBUG]    |                                                                                                    |
[2022-07-08 03:26:07,763] [builder.py:604]            [DEBUG]    | Validating Method: summary                                                                         |
[2022-07-08 03:26:07,763] [builder.py:605]            [DEBUG]    | Value: 最佳華語電影一百部（英語：The Best 100 Chinese Motion Pictures）是2005年香港電影金像獎協會籌辦的一項電影選舉，目的為紀念華語電影誕生100年。是次選舉邀請了香港101位電影工作者、學者投票，選出歷史上103部最佳華語電影。 |
[2022-07-08 03:26:07,764] [builder.py:600]            [DEBUG]    |                                                                                                    |
[2022-07-08 03:26:07,764] [builder.py:604]            [DEBUG]    | Validating Method: url_poster                                                                      |
[2022-07-08 03:26:07,764] [builder.py:605]            [DEBUG]    | Value: https://static.careerengine.us/api/aov2/https%3A_%7C__%7C_mmbiz.qpic.cn_%7C_mmbiz_gif_%7C_kpy7ZuXkoOuFTDI2ZBriaoxXmfS3s8nvoL53ClSG8DLZXCP7RxmBEwpOwSzQRmicu3TZtHn3cicXibkuENpkwibicXqQ_%7C_640%3Fwx_fmt%3Dgif.lg.jpeg |
[2022-07-08 03:26:07,846] [builder.py:791]            [WARNING]  | Playlist Warning: No Poster Found at https://static.careerengine.us/api/aov2/https%3A_%7C__%7C_mmbiz.qpic.cn_%7C_mmbiz_gif_%7C_kpy7ZuXkoOuFTDI2ZBriaoxXmfS3s8nvoL53ClSG8DLZXCP7RxmBEwpOwSzQRmicu3TZtHn3cicXibkuENpkwibicXqQ_%7C_640%3Fwx_fmt%3Dgif.lg.jpeg |
[2022-07-08 03:26:07,847] [builder.py:600]            [DEBUG]    |                                                                                                    |
[2022-07-08 03:26:07,848] [builder.py:604]            [DEBUG]    | Validating Method: cache_builders                                                                  |
[2022-07-08 03:26:07,848] [builder.py:605]            [DEBUG]    | Value: 1                                                                                           |
[2022-07-08 03:26:08,818] [builder.py:764]            [INFO]     |                                                                                                    |
[2022-07-08 03:26:08,819] [builder.py:765]            [INFO]     | Validation Successful                                                                              |
[2022-07-08 03:26:08,819] [plex_meta_manager.py:713]  [INFO]     |                                                                                                    |
[2022-07-08 03:26:08,820] [plex_meta_manager.py:715]  [INFO]     |==================================== Running 最佳華語電影一百部 Playlist ====================================|
[2022-07-08 03:26:08,820] [plex_meta_manager.py:723]  [INFO]     |                                                                                                    |
[2022-07-08 03:26:08,821] [plex_meta_manager.py:724]  [INFO]     | Sync Mode: sync                                                                                    |
[2022-07-08 03:26:08,821] [plex_meta_manager.py:727]  [DEBUG]    |                                                                                                    |
[2022-07-08 03:26:08,821] [plex_meta_manager.py:728]  [DEBUG]    | Builder: trakt_list: https://trakt.tv/users/bpsim/lists/hkfa-s-the-best-100-chinese-motion-pictures |
[2022-07-08 03:26:08,822] [plex_meta_manager.py:729]  [INFO]     |                                                                                                    |
[2022-07-08 03:26:08,824] [trakt.py:482]              [INFO]     | Processing Trakt List: https://trakt.tv/users/bpsim/lists/hkfa-s-the-best-100-chinese-motion-pictures |
[2022-07-08 03:26:09,844] [builder.py:1507]           [DEBUG]    |                                                                                                    |
[2022-07-08 03:26:09,845] [builder.py:1508]           [DEBUG]    | 104 IDs Found: [(21058, 'tmdb'), (11471, 'tmdb'), (18311, 'tmdb'), (92990, 'tmdb'), (49982, 'tmdb'), (69599, 'tmdb'), (104237, 'tmdb'), (72445, 'tmdb'), (44154, 'tmdb'), (146, 'tmdb'), (112699, 'tmdb'), (15804, 'tmdb'), (74100, 'tmdb'), (45871, 'tmdb'), (54178, 'tmdb'), (11713, 'tmdb'), (161285, 'tmdb'), (176212, 'tmdb'), (13345, 'tmdb'), (21835, 'tmdb'), (157243, 'tmdb'), (68883, 'tmdb'), (11104, 'tmdb'), (176217, 'tmdb'), (45999, 'tmdb'), (42006, 'tmdb'), (176213, 'tmdb'), (140260, 'tmdb'), (37185, 'tmdb'), (112698, 'tmdb'), (151243, 'tmdb'), (176219, 'tmdb'), (10775, 'tmdb'), (11230, 'tmdb'), (44914, 'tmdb'), (40751, 'tmdb'), (26005, 'tmdb'), (176220, 'tmdb'), (107248, 'tmdb'), (157252, 'tmdb'), (38155, 'tmdb'), (78450, 'tmdb'), (10835, 'tmdb'), (10617, 'tmdb'), (68004, 'tmdb'), (38143, 'tmdb'), (176228, 'tmdb'), (176230, 'tmdb'), (176231, 'tmdb'), (64015, 'tmdb'), (30421, 'tmdb'), (176313, 'tmdb'), (176317, 'tmdb'), (154633, 'tmdb'), (42120, 'tmdb'), (10997, 'tmdb'), (25538, 'tmdb'), (176323, 'tmdb'), (176325, 'tmdb'), (76294, 'tmdb'), (9056, 'tmdb'), (107682, 'tmdb'), (9261, 'tmdb'), (80427, 'tmdb'), (157244, 'tmdb'), (176617, 'tmdb'), (176626, 'tmdb'), (104287, 'tmdb'), (157236, 'tmdb'), (81593, 'tmdb'), (176628, 'tmdb'), (141906, 'tmdb'), (176629, 'tmdb'), (157229, 'tmdb'), (45996, 'tmdb'), (118212, 'tmdb'), (11770, 'tmdb'), (30992, 'tmdb'), (176630, 'tmdb'), (104681, 'tmdb'), (106380, 'tmdb'), (44162, 'tmdb'), (176631, 'tmdb'), (157227, 'tmdb'), (176632, 'tmdb'), (176633, 'tmdb'), (122973, 'tmdb'), (16269, 'tmdb'), (24163, 'tmdb'), (18329, 'tmdb'), (843, 'tmdb'), (95372, 'tmdb'), (176638, 'tmdb'), (176640, 'tmdb'), (170931, 'tmdb'), (176642, 'tmdb'), (152421, 'tmdb'), (143479, 'tmdb'), (32520, 'tmdb'), (176643, 'tmdb'), (57564, 'tmdb'), (96712, 'tmdb'), (72507, 'tmdb'), (36210, 'tmdb')] |
[2022-07-08 03:26:09,846] [builder.py:1509]           [DEBUG]    |                                                                                                    |
[2022-07-08 03:26:13,113] [builder.py:2009]           [INFO]     |                                                                                                    |
[2022-07-08 03:26:13,114] [builder.py:2010]           [INFO]     |=================================== Adding to 最佳華語電影一百部 Playlist ===================================|
[2022-07-08 03:26:13,114] [builder.py:2011]           [INFO]     |                                                                                                    |
[2022-07-08 03:26:13,115] [builder.py:2025]           [INFO]     |  1/41 | 最佳華語電影一百部 Playlist | = | 小城之春 (1948)                                                       |
[2022-07-08 03:26:13,115] [builder.py:2025]           [INFO]     |  2/41 | 最佳華語電影一百部 Playlist | = | 黄土地 (1984)                                                        |
[2022-07-08 03:26:13,116] [builder.py:2025]           [INFO]     |  3/41 | 最佳華語電影一百部 Playlist | = | 卧虎藏龍 (2000)                                                       |
[2022-07-08 03:26:13,116] [builder.py:2025]           [INFO]     |  4/41 | 最佳華語電影一百部 Playlist | = | 马路天使 (1937)                                                       |
[2022-07-08 03:26:13,117] [builder.py:2025]           [INFO]     |  5/41 | 最佳華語電影一百部 Playlist | = | 危楼春晓 (1953)                                                       |
[2022-07-08 03:26:13,118] [builder.py:2025]           [INFO]     |  6/41 | 最佳華語電影一百部 Playlist | = | 董夫人 (1968)                                                        |
[2022-07-08 03:26:13,118] [builder.py:2025]           [INFO]     |  7/41 | 最佳華語電影一百部 Playlist | = | 父子情 (1981)                                                        |
[2022-07-08 03:26:13,119] [builder.py:2025]           [INFO]     |  8/41 | 最佳華語電影一百部 Playlist | = | 一江春水向东流 (1947)                                                    |
[2022-07-08 03:26:13,119] [builder.py:2025]           [INFO]     |  9/41 | 最佳華語電影一百部 Playlist | = | 神女 (1934)                                                         |
[2022-07-08 03:26:13,120] [builder.py:2025]           [INFO]     | 10/41 | 最佳華語電影一百部 Playlist | = | 大路 (1935)                                                         |
[2022-07-08 03:26:13,121] [builder.py:2025]           [INFO]     | 11/41 | 最佳華語電影一百部 Playlist | = | 無間道 (2002)                                                        |
[2022-07-08 03:26:13,122] [builder.py:2025]           [INFO]     | 12/41 | 最佳華語電影一百部 Playlist | = | 蝶变 (1979)                                                         |
[2022-07-08 03:26:13,123] [builder.py:2025]           [INFO]     | 13/41 | 最佳華語電影一百部 Playlist | = | 清宫秘史 (1948)                                                       |
[2022-07-08 03:26:13,123] [builder.py:2025]           [INFO]     | 14/41 | 最佳華語電影一百部 Playlist | = | 冬暖 (1969)                                                         |
[2022-07-08 03:26:13,124] [builder.py:2025]           [INFO]     | 15/41 | 最佳華語電影一百部 Playlist | = | 紫钗记 (1959)                                                        |
[2022-07-08 03:26:13,125] [builder.py:2025]           [INFO]     | 16/41 | 最佳華語電影一百部 Playlist | = | 破晓时分 (1968)                                                       |
[2022-07-08 03:26:13,126] [builder.py:2025]           [INFO]     | 17/41 | 最佳華語電影一百部 Playlist | = | 野玫瑰之恋 (1960)                                                      |
[2022-07-08 03:26:13,127] [builder.py:2025]           [INFO]     | 18/41 | 最佳華語電影一百部 Playlist | = | 可怜天下父母心 (1960)                                                    |
[2022-07-08 03:26:13,128] [builder.py:2025]           [INFO]     | 19/41 | 最佳華語電影一百部 Playlist | = | 第一类型危险 (1980)                                                     |
[2022-07-08 03:26:13,128] [builder.py:2025]           [INFO]     | 20/41 | 最佳華語電影一百部 Playlist | = | 半边人 (1983)                                                        |
[2022-07-08 03:26:13,129] [builder.py:2025]           [INFO]     | 21/41 | 最佳華語電影一百部 Playlist | = | 榴梿飘飘 (2000)                                                       |
[2022-07-08 03:26:13,130] [builder.py:2025]           [INFO]     | 22/41 | 最佳華語電影一百部 Playlist | = | 哀乐中年 (1949)                                                       |
[2022-07-08 03:26:13,131] [builder.py:2025]           [INFO]     | 23/41 | 最佳華語電影一百部 Playlist | = | 小玩意 (2012)                                                        |
[2022-07-08 03:26:13,132] [builder.py:2025]           [INFO]     | 24/41 | 最佳華語電影一百部 Playlist | = | 七十二家房客 (1973)                                                     |
[2022-07-08 03:26:13,133] [builder.py:2025]           [INFO]     | 25/41 | 最佳華語電影一百部 Playlist | = | 烈火青春 (1982)                                                       |
[2022-07-08 03:26:13,134] [builder.py:2025]           [INFO]     | 26/41 | 最佳華語電影一百部 Playlist | = | 夜半歌声 (1935)                                                       |
[2022-07-08 03:26:13,135] [builder.py:2025]           [INFO]     | 27/41 | 最佳華語電影一百部 Playlist | = | 再见中国 (1978)                                                       |
[2022-07-08 03:26:13,136] [builder.py:2025]           [INFO]     | 28/41 | 最佳華語電影一百部 Playlist | = | 撞到正 (1980)                                                        |
[2022-07-08 03:26:13,137] [builder.py:2025]           [INFO]     | 29/41 | 最佳華語電影一百部 Playlist | = | 蓝风筝 (1993)                                                        |
[2022-07-08 03:26:13,138] [builder.py:2025]           [INFO]     | 30/41 | 最佳華語電影一百部 Playlist | = | 太太万岁 (1947)                                                       |
[2022-07-08 03:26:13,139] [builder.py:2025]           [INFO]     | 31/41 | 最佳華語電影一百部 Playlist | = | 曼波女郎 (1957)                                                       |
[2022-07-08 03:26:13,140] [builder.py:2025]           [INFO]     | 32/41 | 最佳華語電影一百部 Playlist | = | 秋决 (1972)                                                         |
[2022-07-08 03:26:13,142] [builder.py:2025]           [INFO]     | 33/41 | 最佳華語電影一百部 Playlist | = | 芙蓉镇 (1987)                                                        |
[2022-07-08 03:26:13,143] [builder.py:2025]           [INFO]     | 34/41 | 最佳華語電影一百部 Playlist | = | 万家灯火 (1948)                                                       |
[2022-07-08 03:26:13,144] [builder.py:2025]           [INFO]     | 35/41 | 最佳華語電影一百部 Playlist | = | 父母心 (1955)                                                        |
[2022-07-08 03:26:13,145] [builder.py:2025]           [INFO]     | 36/41 | 最佳華語電影一百部 Playlist | = | 林则徐 (1959)                                                        |
[2022-07-08 03:26:13,147] [builder.py:2025]           [INFO]     | 37/41 | 最佳華語電影一百部 Playlist | = | 打擂台 (1983)                                                        |
[2022-07-08 03:26:13,148] [builder.py:2025]           [INFO]     | 38/41 | 最佳華語電影一百部 Playlist | = | 上海之夜 (1984)                                                       |
[2022-07-08 03:26:13,149] [builder.py:2025]           [INFO]     | 39/41 | 最佳華語電影一百部 Playlist | = | 戏梦人生 (1993)                                                       |
[2022-07-08 03:26:13,150] [builder.py:2025]           [INFO]     | 40/41 | 最佳華語電影一百部 Playlist | = | 女人，四十 (1995)                                                      |
[2022-07-08 03:26:13,152] [builder.py:2025]           [INFO]     | 41/41 | 最佳華語電影一百部 Playlist | = | 一个都不能少 (1999)                                                     |
[2022-07-08 03:26:13,153] [builder.py:2045]           [INFO]     |                                                                                                    |
[2022-07-08 03:26:13,153] [builder.py:2046]           [INFO]     | 41 Items Processed                                                                                 |
[2022-07-08 03:26:13,153] [builder.py:2172]           [INFO]     |                                                                                                    |
[2022-07-08 03:26:13,154] [builder.py:2173]           [INFO]     |=============================== Missing Movies from Library: Movies ================================|
[2022-07-08 03:26:13,154] [builder.py:2174]           [INFO]     |                                                                                                    |
[2022-07-08 03:26:13,366] [builder.py:2187]           [INFO]     | 最佳華語電影一百部 Playlist | ? | A Better Tomorrow (1986) (TMDb: 11471)                                    |
[2022-07-08 03:26:13,567] [builder.py:2187]           [INFO]     | 最佳華語電影一百部 Playlist | ? | Days of Being Wild (1990) (TMDb: 18311)                                   |
[2022-07-08 03:26:13,777] [builder.py:2187]           [INFO]     | 最佳華語電影一百部 Playlist | ? | A City of Sadness (1989) (TMDb: 49982)                                    |
[2022-07-08 03:26:13,993] [builder.py:2187]           [INFO]     | 最佳華語電影一百部 Playlist | ? | Long Arm of the Law (1984) (TMDb: 69599)                                  |
[2022-07-08 03:26:14,193] [builder.py:2187]           [INFO]     | 最佳華語電影一百部 Playlist | ? | Dragon Inn (1967) (TMDb: 104237)                                          |
[2022-07-08 03:26:14,368] [builder.py:2187]           [INFO]     | 最佳華語電影一百部 Playlist | ? | Boat People (1982) (TMDb: 72445)                                          |
[2022-07-08 03:26:14,652] [builder.py:2187]           [INFO]     | 最佳華語電影一百部 Playlist | ? | A Touch of Zen (1971) (TMDb: 44154)                                       |
[2022-07-08 03:26:14,868] [builder.py:2187]           [INFO]     | 最佳華語電影一百部 Playlist | ? | A Brighter Summer Day (1991) (TMDb: 15804)                                |
[2022-07-08 03:26:15,077] [builder.py:2187]           [INFO]     | 最佳華語電影一百部 Playlist | ? | The Private Eyes (1976) (TMDb: 74100)                                     |
[2022-07-08 03:26:15,311] [builder.py:2187]           [INFO]     | 最佳華語電影一百部 Playlist | ? | The Mission (1999) (TMDb: 45871)                                          |
[2022-07-08 03:26:15,611] [builder.py:2187]           [INFO]     | 最佳華語電影一百部 Playlist | ? | The One-Armed Swordsman (1967) (TMDb: 54178)                              |
[2022-07-08 03:26:15,833] [builder.py:2187]           [INFO]     | 最佳華語電影一百部 Playlist | ? | Fist of Fury (1972) (TMDb: 11713)                                         |
[2022-07-08 03:26:16,011] [builder.py:2187]           [INFO]     | 最佳華語電影一百部 Playlist | ? | In the Heat of the Sun (1994) (TMDb: 161285)                              |
[2022-07-08 03:26:16,185] [builder.py:2187]           [INFO]     | 最佳華語電影一百部 Playlist | ? | A Chinese Odyssey Part One: Pandora's Box (1995) (TMDb: 13345)            |
[2022-07-08 03:26:16,351] [builder.py:2187]           [INFO]     | 最佳華語電影一百部 Playlist | ? | A Chinese Odyssey Part Two: Cinderella (1995) (TMDb: 21835)               |
[2022-07-08 03:26:16,522] [builder.py:2187]           [INFO]     | 最佳華語電影一百部 Playlist | ? | Rouge (1987) (TMDb: 68883)                                                |
[2022-07-08 03:26:16,689] [builder.py:2187]           [INFO]     | 最佳華語電影一百部 Playlist | ? | Chungking Express (1994) (TMDb: 11104)                                    |
[2022-07-08 03:26:16,901] [builder.py:2187]           [INFO]     | 最佳華語電影一百部 Playlist | ? | Homecoming (1984) (TMDb: 176217)                                          |
[2022-07-08 03:26:16,906] [builder.py:2187]           [INFO]     | 最佳華語電影一百部 Playlist | ? | The Time to Live and the Time to Die (1985) (TMDb: 45999)                 |
[2022-07-08 03:26:17,135] [builder.py:2187]           [INFO]     | 最佳華語電影一百部 Playlist | ? | Red Sorghum (1987) (TMDb: 42006)                                          |
[2022-07-08 03:26:17,301] [builder.py:2187]           [INFO]     | 最佳華語電影一百部 Playlist | ? | Comrades, Almost a Love Story (1996) (TMDb: 37185)                        |
[2022-07-08 03:26:17,493] [builder.py:2187]           [INFO]     | 最佳華語電影一百部 Playlist | ? | The Secret (1979) (TMDb: 176219)                                          |
[2022-07-08 03:26:17,733] [builder.py:2187]           [INFO]     | 最佳華語電影一百部 Playlist | ? | Drunken Master (1978) (TMDb: 11230)                                       |
[2022-07-08 03:26:17,901] [builder.py:2187]           [INFO]     | 最佳華語電影一百部 Playlist | ? | Ashes of Time (1994) (TMDb: 40751)                                        |
[2022-07-08 03:26:18,193] [builder.py:2187]           [INFO]     | 最佳華語電影一百部 Playlist | ? | Made in Hong Kong (1997) (TMDb: 26005)                                    |
[2022-07-08 03:26:18,600] [builder.py:2187]           [INFO]     | 最佳華語電影一百部 Playlist | ? | The Love Eterne (1963) (TMDb: 107248)                                     |
[2022-07-08 03:26:18,818] [builder.py:2187]           [INFO]     | 最佳華語電影一百部 Playlist | ? | The Story of a Discharged Prisoner (1967) (TMDb: 157252)                  |
[2022-07-08 03:26:19,066] [builder.py:2187]           [INFO]     | 最佳華語電影一百部 Playlist | ? | Zu: Warriors from the Magic Mountain (1983) (TMDb: 38155)                 |
[2022-07-08 03:26:19,360] [builder.py:2187]           [INFO]     | 最佳華語電影一百部 Playlist | ? | Terrorizers (1986) (TMDb: 78450)                                          |
[2022-07-08 03:26:19,364] [builder.py:2187]           [INFO]     | 最佳華語電影一百部 Playlist | ? | The Killer (1989) (TMDb: 10835)                                           |
[2022-07-08 03:26:19,588] [builder.py:2187]           [INFO]     | 最佳華語電影一百部 Playlist | ? | Once Upon a Time in China (1991) (TMDb: 10617)                            |
[2022-07-08 03:26:19,810] [builder.py:2187]           [INFO]     | 最佳華語電影一百部 Playlist | ? | Center Stage (1991) (TMDb: 68004)                                         |
[2022-07-08 03:26:20,025] [builder.py:2187]           [INFO]     | 最佳華語電影一百部 Playlist | ? | The Story of Qiu Ju (1992) (TMDb: 38143)                                  |
[2022-07-08 03:26:20,377] [builder.py:2187]           [INFO]     | 最佳華語電影一百部 Playlist | ? | Life of a Beijing Policeman (1950) (TMDb: 176228)                         |
[2022-07-08 03:26:20,600] [builder.py:2187]           [INFO]     | 最佳華語電影一百部 Playlist | ? | The Kingdom and the Beauty (1959) (TMDb: 176230)                          |
[2022-07-08 03:26:20,855] [builder.py:2187]           [INFO]     | 最佳華語電影一百部 Playlist | ? | An Autumn's Tale (1987) (TMDb: 64015)                                     |
[2022-07-08 03:26:21,033] [builder.py:2187]           [INFO]     | 最佳華語電影一百部 Playlist | ? | A Chinese Ghost Story (1987) (TMDb: 30421)                                |
[2022-07-08 03:26:21,222] [builder.py:2187]           [INFO]     | 最佳華語電影一百部 Playlist | ? | The Orphan (1960) (TMDb: 176317)                                          |
[2022-07-08 03:26:21,500] [builder.py:2187]           [INFO]     | 最佳華語電影一百部 Playlist | ? | Two Stage Sisters (1964) (TMDb: 154633)                                   |
[2022-07-08 03:26:21,688] [builder.py:2187]           [INFO]     | 最佳華語電影一百部 Playlist | ? | City on Fire (1987) (TMDb: 42120)                                         |
[2022-07-08 03:26:21,900] [builder.py:2187]           [INFO]     | 最佳華語電影一百部 Playlist | ? | Farewell My Concubine (1993) (TMDb: 10997)                                |
[2022-07-08 03:26:22,118] [builder.py:2187]           [INFO]     | 最佳華語電影一百部 Playlist | ? | Yi Yi (2000) (TMDb: 25538)                                                |
[2022-07-08 03:26:22,411] [builder.py:2187]           [INFO]     | 最佳華語電影一百部 Playlist | ? | Cold Nights (1955) (TMDb: 176323)                                         |
[2022-07-08 03:26:22,693] [builder.py:2187]           [INFO]     | 最佳華語電影一百部 Playlist | ? | Raining in the Mountain (1979) (TMDb: 76294)                              |
[2022-07-08 03:26:22,989] [builder.py:2187]           [INFO]     | 最佳華語電影一百部 Playlist | ? | Police Story (1985) (TMDb: 9056)                                          |
[2022-07-08 03:26:23,209] [builder.py:2187]           [INFO]     | 最佳華語電影一百部 Playlist | ? | C'est La Vie Mon Cheri (1993) (TMDb: 107682)                              |
[2022-07-08 03:26:23,442] [builder.py:2187]           [INFO]     | 最佳華語電影一百部 Playlist | ? | The Wedding Banquet (1993) (TMDb: 9261)                                   |
[2022-07-08 03:26:23,634] [builder.py:2187]           [INFO]     | 最佳華語電影一百部 Playlist | ? | Platform (2001) (TMDb: 80427)                                             |
[2022-07-08 03:26:24,009] [builder.py:2187]           [INFO]     | 最佳華語電影一百部 Playlist | ? | My Intimate Partner (1960) (TMDb: 176626)                                 |
[2022-07-08 03:26:24,233] [builder.py:2187]           [INFO]     | 最佳華語電影一百部 Playlist | ? | Dust in the Wind (1986) (TMDb: 45996)                                     |
[2022-07-08 03:26:24,411] [builder.py:2187]           [INFO]     | 最佳華語電影一百部 Playlist | ? | 92 Legendary La Rose Noire (1992) (TMDb: 118212)                          |
[2022-07-08 03:26:24,622] [builder.py:2187]           [INFO]     | 最佳華語電影一百部 Playlist | ? | Shaolin Soccer (2001) (TMDb: 11770)                                       |
[2022-07-08 03:26:24,834] [builder.py:2187]           [INFO]     | 最佳華語電影一百部 Playlist | ? | Taipei Story (1985) (TMDb: 106380)                                        |
[2022-07-08 03:26:25,126] [builder.py:2187]           [INFO]     | 最佳華語電影一百部 Playlist | ? | Feast of a Rich Family (1959) (TMDb: 176632)                              |
[2022-07-08 03:26:25,326] [builder.py:2187]           [INFO]     | 最佳華語電影一百部 Playlist | ? | God of Gamblers (1989) (TMDb: 16269)                                      |
[2022-07-08 03:26:25,511] [builder.py:2187]           [INFO]     | 最佳華語電影一百部 Playlist | ? | As Tears Go By (1988) (TMDb: 24163)                                       |
[2022-07-08 03:26:25,767] [builder.py:2187]           [INFO]     | 最佳華語電影一百部 Playlist | ? | Happy Together (1997) (TMDb: 18329)                                       |
[2022-07-08 03:26:26,111] [builder.py:2187]           [INFO]     | 最佳華語電影一百部 Playlist | ? | In the Mood for Love (2000) (TMDb: 843)                                   |
[2022-07-08 03:26:26,492] [builder.py:2187]           [INFO]     | 最佳華語電影一百部 Playlist | ? | Festival Moon (1953) (TMDb: 176638)                                       |
[2022-07-08 03:26:26,717] [builder.py:2187]           [INFO]     | 最佳華語電影一百部 Playlist | ? | A Dream of Red Mansions (1962) (TMDb: 176642)                             |
[2022-07-08 03:26:26,889] [builder.py:2187]           [INFO]     | 最佳華語電影一百部 Playlist | ? | The 8 Diagram Pole Fighter (1984) (TMDb: 32520)                           |
[2022-07-08 03:26:27,066] [builder.py:2187]           [INFO]     | 最佳華語電影一百部 Playlist | ? | The Black Cannon Incident (1985) (TMDb: 176643)                           |
[2022-07-08 03:26:27,251] [builder.py:2187]           [INFO]     | 最佳華語電影一百部 Playlist | ? | Rebels of the Neon God (1994) (TMDb: 57564)                               |
[2022-07-08 03:26:27,251] [builder.py:2192]           [INFO]     |                                                                                                    |
[2022-07-08 03:26:27,252] [builder.py:2193]           [INFO]     | 63 Movies Missing                                                                                  |
[2022-07-08 03:26:27,307] [builder.py:2383]           [INFO]     |                                                                                                    |
[2022-07-08 03:26:27,308] [builder.py:2384]           [INFO]     |============================== Updating Details of 最佳華語電影一百部 Playlist ==============================|
[2022-07-08 03:26:27,308] [builder.py:2385]           [INFO]     |                                                                                                    |
[2022-07-08 03:26:28,832] [builder.py:2529]           [INFO]     |                                                                                                    |
[2022-07-08 03:26:28,833] [builder.py:2530]           [INFO]     |==================================== Sorting 最佳華語電影一百部 Playlist ====================================|
[2022-07-08 03:26:28,833] [builder.py:2531]           [INFO]     |                                                                                                    |
[2022-07-08 03:26:28,835] [builder.py:2595]           [INFO]     |                                                                                                    |
[2022-07-08 03:26:28,836] [builder.py:2596]           [INFO]     |==================================== Syncing Playlist to Users =====================================|
[2022-07-08 03:26:28,836] [builder.py:2597]           [INFO]     |                                                                                                    |
[2022-07-08 03:26:30,076] [builder.py:2604]           [INFO]     | Playlist: 最佳華語電影一百部 synced to 1ntheshell                                                           |
[2022-07-08 03:26:31,336] [builder.py:2604]           [INFO]     | Playlist: 最佳華語電影一百部 synced to BigHippo                                                             |
[2022-07-08 03:26:32,525] [builder.py:2604]           [INFO]     | Playlist: 最佳華語電影一百部 synced to jenny934                                                             |
[2022-07-08 03:26:35,027] [builder.py:2604]           [INFO]     | Playlist: 最佳華語電影一百部 synced to maggiek40                                                            |
[2022-07-08 03:26:36,208] [builder.py:2604]           [INFO]     | Playlist: 最佳華語電影一百部 synced to njtab                                                                |
[2022-07-08 03:26:37,412] [builder.py:2604]           [INFO]     | Playlist: 最佳華語電影一百部 synced to se7entao                                                             |
[2022-07-08 03:26:39,247] [builder.py:2604]           [INFO]     | Playlist: 最佳華語電影一百部 synced to Shoyichi                                                             |
[2022-07-08 03:26:40,398] [builder.py:2604]           [INFO]     | Playlist: 最佳華語電影一百部 synced to SzeMeng76                                                            |
[2022-07-08 03:26:40,399] [plex_meta_manager.py:839]  [INFO]     |                                                                                                    |
[2022-07-08 03:26:40,400] [plex_meta_manager.py:842]  [INFO]     |                                                                                                    |
[2022-07-08 03:26:40,400] [plex_meta_manager.py:843]  [INFO]     |====================================================================================================|
[2022-07-08 03:26:40,400] [plex_meta_manager.py:843]  [INFO]     |                                    Finished 最佳華語電影一百部 Playlist                                     |
[2022-07-08 03:26:40,401] [plex_meta_manager.py:843]  [INFO]     |                                     Playlist Run Time: 0:00:32                                     |
[2022-07-08 03:26:40,401] [plex_meta_manager.py:843]  [INFO]     |====================================================================================================|
