[2022-07-08 02:42:40,678] [builder.py:185]            [INFO]     |====================================================================================================|
[2022-07-08 02:42:40,679] [builder.py:185]            [INFO]     |                                    BBC Collection in .....综艺节目                                     |
[2022-07-08 02:42:40,679] [builder.py:185]            [INFO]     |====================================================================================================|
[2022-07-08 02:42:40,680] [builder.py:186]            [INFO]     |                                                                                                    |
[2022-07-08 02:42:40,680] [builder.py:191]            [INFO]     |==================================== Validating BBC Attributes =====================================|
[2022-07-08 02:42:40,680] [builder.py:212]            [DEBUG]    |                                                                                                    |
[2022-07-08 02:42:40,681] [builder.py:213]            [DEBUG]    | Validating Method: template                                                                        |
[2022-07-08 02:42:40,681] [meta.py:103]               [DEBUG]    | Value: [{'value': ['BBC Two'], 'network': ['BBC Two'], 'key_name': 'BBC', 'key': 'BBC', 'name': 'networks_dynamic'}, {'value': ['BBC Two'], 'network': ['BBC Two'], 'key_name': 'BBC', 'key': 'BBC', 'name': 'shared'}] |
[2022-07-08 02:42:40,683] [builder.py:1675]           [INFO]     |                                                                                                    |
[2022-07-08 02:42:40,683] [builder.py:1676]           [INFO]     | Validating Method: smart_filter                                                                    |
[2022-07-08 02:42:40,683] [builder.py:1682]           [DEBUG]    | Value: {'sort_by': 'release.desc', 'any': {'network': ['BBC Two']}}                                |
[2022-07-08 02:42:40,697] [builder.py:600]            [DEBUG]    |                                                                                                    |
[2022-07-08 02:42:40,698] [builder.py:604]            [DEBUG]    | Validating Method: label                                                                           |
[2022-07-08 02:42:40,698] [builder.py:605]            [DEBUG]    | Value: Network US                                                                                  |
[2022-07-08 02:42:40,699] [builder.py:600]            [DEBUG]    |                                                                                                    |
[2022-07-08 02:42:40,699] [builder.py:604]            [DEBUG]    | Validating Method: url_poster                                                                      |
[2022-07-08 02:42:40,699] [builder.py:605]            [DEBUG]    | Value: https://raw.githubusercontent.com/meisnate12/Plex-Meta-Manager-Images/master/network/BBC.jpg |
[2022-07-08 02:42:41,002] [builder.py:600]            [DEBUG]    |                                                                                                    |
[2022-07-08 02:42:41,003] [builder.py:604]            [DEBUG]    | Validating Method: sort_title                                                                      |
[2022-07-08 02:42:41,003] [builder.py:605]            [DEBUG]    | Value: !04_BBC                                                                                     |
[2022-07-08 02:42:41,016] [plex.py:742]               [DEBUG]    |                                                                                                    |
[2022-07-08 02:42:41,016] [plex.py:745]               [DEBUG]    | Looking for: BBC                                                                                   |
[2022-07-08 02:42:41,017] [builder.py:764]            [INFO]     |                                                                                                    |
[2022-07-08 02:42:41,017] [builder.py:765]            [INFO]     | Validation Successful                                                                              |
[2022-07-08 02:42:41,017] [plex_meta_manager.py:539]  [INFO]     |                                                                                                    |
[2022-07-08 02:42:41,018] [plex_meta_manager.py:541]  [INFO]     |====================================== Running BBC Collection ======================================|
[2022-07-08 02:42:41,018] [plex_meta_manager.py:547]  [INFO]     |                                                                                                    |
[2022-07-08 02:42:41,018] [plex_meta_manager.py:548]  [INFO]     | Smart Show Filter                                                                                  |
                                                                 | Sort By: release.desc
                                                                 | Filter:
                                                                 |   Match any of the following:
                                                                 |     Network is BBC Two
[2022-07-08 02:42:41,041] [plex_meta_manager.py:593]  [INFO]     | 
[2022-07-08 02:42:41,042] [plex_meta_manager.py:594]  [INFO]     | Collection Minimum: 3 not met for BBC Collection
[2022-07-08 02:42:41,042] [plex_meta_manager.py:674]  [INFO]     | 
[2022-07-08 02:42:41,042] [plex_meta_manager.py:675]  [INFO]     |====================================================================================================|
[2022-07-08 02:42:41,043] [plex_meta_manager.py:675]  [INFO]     |                                      Finished BBC Collection                                       |
[2022-07-08 02:42:41,043] [plex_meta_manager.py:675]  [INFO]     |                                    Collection Run Time: 0:00:00                                    |
[2022-07-08 02:42:41,043] [plex_meta_manager.py:675]  [INFO]     |====================================================================================================|
