[2022-06-10 21:31:39,527] [builder.py:185]            [INFO]     |====================================================================================================|
[2022-06-10 21:31:39,528] [builder.py:185]            [INFO]     |                              Other Audio Collection in .Documentaries                              |
[2022-06-10 21:31:39,529] [builder.py:185]            [INFO]     |====================================================================================================|
[2022-06-10 21:31:39,529] [builder.py:186]            [INFO]     |                                                                                                    |
[2022-06-10 21:31:39,530] [builder.py:191]            [INFO]     |================================ Validating Other Audio Attributes =================================|
[2022-06-10 21:31:39,530] [builder.py:212]            [DEBUG]    |                                                                                                    |
[2022-06-10 21:31:39,531] [builder.py:213]            [DEBUG]    | Validating Method: template                                                                        |
[2022-06-10 21:31:39,532] [meta.py:103]               [DEBUG]    | Value: [{'value': ['en'], 'included_keys': ['zh', 'fr', 'de', 'el', 'hi', 'id', 'ia', 'ie', 'ga', 'it', 'ja', 'jv', 'ko', 'ms', 'ml', 'pt', 'ru', 'es', 'ta', 'tr', 'tw'], 'used_keys': ['zh'], 'audio_language': ['en'], 'key_name': 'Other Audio', 'key': 'other', 'name': 'other_collection'}, {'value': ['en'], 'included_keys': ['zh', 'fr', 'de', 'el', 'hi', 'id', 'ia', 'ie', 'ga', 'it', 'ja', 'jv', 'ko', 'ms', 'ml', 'pt', 'ru', 'es', 'ta', 'tr', 'tw'], 'used_keys': ['zh'], 'audio_language': ['en'], 'key_name': 'Other Audio', 'key': 'other', 'name': 'audio_language_dynamic'}, {'value': ['en'], 'included_keys': ['zh', 'fr', 'de', 'el', 'hi', 'id', 'ia', 'ie', 'ga', 'it', 'ja', 'jv', 'ko', 'ms', 'ml', 'pt', 'ru', 'es', 'ta', 'tr', 'tw'], 'used_keys': ['zh'], 'audio_language': ['en'], 'key_name': 'Other Audio', 'key': 'other', 'name': 'shared'}] |
[2022-06-10 21:31:39,535] [meta.py:241]               [WARNING]  | Template Warning: template attribute: sort_title from shared skipped                               |
[2022-06-10 21:31:39,536] [builder.py:1675]           [INFO]     |                                                                                                    |
[2022-06-10 21:31:39,536] [builder.py:1676]           [INFO]     | Validating Method: smart_filter                                                                    |
[2022-06-10 21:31:39,537] [builder.py:1682]           [DEBUG]    | Value: {'sort_by': 'release.desc', 'any': {'audio_language': ['en']}}                              |
[2022-06-10 21:31:39,651] [builder.py:600]            [DEBUG]    |                                                                                                    |
[2022-06-10 21:31:39,717] [builder.py:604]            [DEBUG]    | Validating Method: label                                                                           |
[2022-06-10 21:31:39,717] [builder.py:605]            [DEBUG]    | Value: Audio Language                                                                              |
[2022-06-10 21:31:39,718] [builder.py:600]            [DEBUG]    |                                                                                                    |
[2022-06-10 21:31:39,718] [builder.py:604]            [DEBUG]    | Validating Method: sort_title                                                                      |
[2022-06-10 21:31:39,719] [builder.py:605]            [DEBUG]    | Value: !10_~Other Audio                                                                            |
[2022-06-10 21:31:39,719] [builder.py:600]            [DEBUG]    |                                                                                                    |
[2022-06-10 21:31:39,720] [builder.py:604]            [DEBUG]    | Validating Method: url_poster                                                                      |
[2022-06-10 21:31:39,720] [builder.py:605]            [DEBUG]    | Value: https://raw.githubusercontent.com/meisnate12/Plex-Meta-Manager-Images/master/audio_language/other.jpg |
[2022-06-10 21:31:40,738] [plex.py:742]               [DEBUG]    |                                                                                                    |
[2022-06-10 21:31:40,739] [plex.py:745]               [DEBUG]    | Looking for: Other Audio                                                                           |
[2022-06-10 21:31:40,740] [builder.py:764]            [INFO]     |                                                                                                    |
[2022-06-10 21:31:40,740] [builder.py:765]            [INFO]     | Validation Successful                                                                              |
[2022-06-10 21:31:40,741] [plex_meta_manager.py:539]  [INFO]     |                                                                                                    |
[2022-06-10 21:31:40,742] [plex_meta_manager.py:541]  [INFO]     |================================== Running Other Audio Collection ==================================|
[2022-06-10 21:31:40,743] [plex_meta_manager.py:547]  [INFO]     |                                                                                                    |
[2022-06-10 21:31:40,743] [plex_meta_manager.py:548]  [INFO]     | Smart Show Filter                                                                                  |
                                                                 | Sort By: release.desc
                                                                 | Filter:
                                                                 |   Match any of the following:
                                                                 |     Audio Language is en
[2022-06-10 21:31:40,824] [plex.py:664]               [DEBUG]    | Smart Collection Test: ?type=2&sort=originallyAvailableAt%3Adesc&push=1&episode.audioLanguage=en&pop=1
[2022-06-10 21:31:41,253] [builder.py:2383]           [INFO]     | 
[2022-06-10 21:31:41,254] [builder.py:2384]           [INFO]     |============================ Updating Details of Other Audio Collection ============================|
[2022-06-10 21:31:41,255] [builder.py:2385]           [INFO]     |                                                                                                    |
[2022-06-10 21:31:41,555] [builder.py:2446]           [INFO]     | Collection Metadata Edits                                                                          |
                                                                 | Sort Title | !10_~Other Audio
                                                                 | Label | +Audio Language
[2022-06-10 21:31:44,288] [builder.py:2450]           [INFO]     | Details: have been updated
[2022-06-10 21:31:44,288] [builder.py:2454]           [INFO]     | 
[2022-06-10 21:31:44,289] [util.py:150]               [DEBUG]    | 1 poster found:
[2022-06-10 21:31:44,289] [util.py:152]               [DEBUG]    | Method: url_poster Poster: https://raw.githubusercontent.com/meisnate12/Plex-Meta-Manager-Images/master/audio_language/other.jpg
[2022-06-10 21:31:44,799] [library.py:153]            [INFO]     | Detail: url_poster updated poster to [URL] https://raw.githubusercontent.com/meisnate12/Plex-Meta-Manager-Images/master/audio_language/other.jpg
[2022-06-10 21:31:45,170] [plex_meta_manager.py:674]  [INFO]     | 
[2022-06-10 21:31:45,171] [plex_meta_manager.py:675]  [INFO]     |====================================================================================================|
[2022-06-10 21:31:45,172] [plex_meta_manager.py:675]  [INFO]     |                                  Finished Other Audio Collection                                   |
[2022-06-10 21:31:45,172] [plex_meta_manager.py:675]  [INFO]     |                                    Collection Run Time: 0:00:05                                    |
[2022-06-10 21:31:45,173] [plex_meta_manager.py:675]  [INFO]     |====================================================================================================|
