[2022-07-08 03:16:50,595] [builder.py:185]            [INFO]     |====================================================================================================|
[2022-07-08 03:16:50,596] [builder.py:185]            [INFO]     |                                    ITV Collection in ..Cartoons                                    |
[2022-07-08 03:16:50,597] [builder.py:185]            [INFO]     |====================================================================================================|
[2022-07-08 03:16:50,597] [builder.py:186]            [INFO]     |                                                                                                    |
[2022-07-08 03:16:50,597] [builder.py:191]            [INFO]     |==================================== Validating ITV Attributes =====================================|
[2022-07-08 03:16:50,598] [builder.py:212]            [DEBUG]    |                                                                                                    |
[2022-07-08 03:16:50,598] [builder.py:213]            [DEBUG]    | Validating Method: template                                                                        |
[2022-07-08 03:16:50,599] [meta.py:103]               [DEBUG]    | Value: [{'value': ['ITV'], 'network': ['ITV'], 'key_name': 'ITV', 'key': 'ITV', 'name': 'networks_dynamic'}, {'value': ['ITV'], 'network': ['ITV'], 'key_name': 'ITV', 'key': 'ITV', 'name': 'shared'}] |
[2022-07-08 03:16:50,601] [builder.py:1675]           [INFO]     |                                                                                                    |
[2022-07-08 03:16:50,601] [builder.py:1676]           [INFO]     | Validating Method: smart_filter                                                                    |
[2022-07-08 03:16:50,601] [builder.py:1682]           [DEBUG]    | Value: {'sort_by': 'release.desc', 'any': {'network': ['ITV']}}                                    |
[2022-07-08 03:16:50,616] [builder.py:600]            [DEBUG]    |                                                                                                    |
[2022-07-08 03:16:50,617] [builder.py:604]            [DEBUG]    | Validating Method: label                                                                           |
[2022-07-08 03:16:50,617] [builder.py:605]            [DEBUG]    | Value: Network US                                                                                  |
[2022-07-08 03:16:50,617] [builder.py:600]            [DEBUG]    |                                                                                                    |
[2022-07-08 03:16:50,618] [builder.py:604]            [DEBUG]    | Validating Method: url_poster                                                                      |
[2022-07-08 03:16:50,618] [builder.py:605]            [DEBUG]    | Value: https://raw.githubusercontent.com/meisnate12/Plex-Meta-Manager-Images/master/network/ITV.jpg |
[2022-07-08 03:16:51,370] [builder.py:600]            [DEBUG]    |                                                                                                    |
[2022-07-08 03:16:51,371] [builder.py:604]            [DEBUG]    | Validating Method: sort_title                                                                      |
[2022-07-08 03:16:51,371] [builder.py:605]            [DEBUG]    | Value: !04_ITV                                                                                     |
[2022-07-08 03:16:51,385] [plex.py:742]               [DEBUG]    |                                                                                                    |
[2022-07-08 03:16:51,386] [plex.py:745]               [DEBUG]    | Looking for: ITV                                                                                   |
[2022-07-08 03:16:51,386] [builder.py:764]            [INFO]     |                                                                                                    |
[2022-07-08 03:16:51,387] [builder.py:765]            [INFO]     | Validation Successful                                                                              |
[2022-07-08 03:16:51,387] [plex_meta_manager.py:539]  [INFO]     |                                                                                                    |
[2022-07-08 03:16:51,387] [plex_meta_manager.py:541]  [INFO]     |====================================== Running ITV Collection ======================================|
[2022-07-08 03:16:51,388] [plex_meta_manager.py:547]  [INFO]     |                                                                                                    |
[2022-07-08 03:16:51,388] [plex_meta_manager.py:548]  [INFO]     | Smart Show Filter                                                                                  |
                                                                 | Sort By: release.desc
                                                                 | Filter:
                                                                 |   Match any of the following:
                                                                 |     Network is ITV
[2022-07-08 03:16:51,411] [plex_meta_manager.py:593]  [INFO]     | 
[2022-07-08 03:16:51,411] [plex_meta_manager.py:594]  [INFO]     | Collection Minimum: 3 not met for ITV Collection
[2022-07-08 03:16:51,412] [plex_meta_manager.py:674]  [INFO]     | 
[2022-07-08 03:16:51,412] [plex_meta_manager.py:675]  [INFO]     |====================================================================================================|
[2022-07-08 03:16:51,412] [plex_meta_manager.py:675]  [INFO]     |                                      Finished ITV Collection                                       |
[2022-07-08 03:16:51,413] [plex_meta_manager.py:675]  [INFO]     |                                    Collection Run Time: 0:00:00                                    |
[2022-07-08 03:16:51,413] [plex_meta_manager.py:675]  [INFO]     |====================================================================================================|
