[2022-07-08 03:26:05,140] [builder.py:185]            [INFO]     |====================================================================================================|
[2022-07-08 03:26:05,142] [builder.py:185]            [INFO]     |                                     trakt Boon❤️推荐电影 Playlist                                      |
[2022-07-08 03:26:05,142] [builder.py:185]            [INFO]     |====================================================================================================|
[2022-07-08 03:26:05,142] [builder.py:186]            [INFO]     |                                                                                                    |
[2022-07-08 03:26:05,143] [builder.py:191]            [INFO]     |============================== Validating trakt Boon❤️推荐电影 Attributes ==============================|
[2022-07-08 03:26:05,143] [builder.py:212]            [DEBUG]    |                                                                                                    |
[2022-07-08 03:26:05,144] [builder.py:213]            [DEBUG]    | Validating Method: template                                                                        |
[2022-07-08 03:26:05,144] [meta.py:103]               [DEBUG]    | Value: [ordereddict([('name', 'playlist')])]                                                       |
[2022-07-08 03:26:05,146] [builder.py:259]            [DEBUG]    |                                                                                                    |
[2022-07-08 03:26:05,146] [builder.py:260]            [DEBUG]    | Validating Method: libraries                                                                       |
[2022-07-08 03:26:05,147] [builder.py:263]            [DEBUG]    | Value: Movies, 亚洲电影                                                                                |
[2022-07-08 03:26:05,147] [builder.py:272]            [DEBUG]    |                                                                                                    |
[2022-07-08 03:26:05,149] [builder.py:273]            [DEBUG]    | Validating Method: sync_to_users                                                                   |
[2022-07-08 03:26:05,149] [builder.py:274]            [DEBUG]    | Value: all                                                                                         |
[2022-07-08 03:26:05,150] [builder.py:437]            [DEBUG]    |                                                                                                    |
[2022-07-08 03:26:05,150] [builder.py:438]            [DEBUG]    | Validating Method: sync_mode                                                                       |
[2022-07-08 03:26:05,151] [builder.py:442]            [DEBUG]    | Value: sync                                                                                        |
[2022-07-08 03:26:05,151] [builder.py:600]            [DEBUG]    |                                                                                                    |
[2022-07-08 03:26:05,152] [builder.py:604]            [DEBUG]    | Validating Method: trakt_list                                                                      |
[2022-07-08 03:26:05,152] [builder.py:605]            [DEBUG]    | Value: https://trakt.tv/users/bpsim/recommendations                                                |
[2022-07-08 03:26:05,439] [trakt.py:276]              [ERROR]    | Trakt Error: No TVDb ID found for Rurouni Kenshin: Trust and Betrayal (1999)                       |
[2022-07-08 03:26:05,440] [trakt.py:276]              [ERROR]    | Trakt Error: No TVDb ID found for 這麼遠，那麼近 (2020)                                                   |
[2022-07-08 03:26:05,440] [trakt.py:276]              [ERROR]    | Trakt Error: No TVDb ID found for 阿贤喝咖啡 (2019)                                                     |
[2022-07-08 03:26:05,441] [trakt.py:276]              [ERROR]    | Trakt Error: No TVDb ID found for 學是學非 第一輯 (2013)                                                  |
[2022-07-08 03:26:05,441] [trakt.py:276]              [ERROR]    | Trakt Error: No TVDb ID found for 如果這樣生活 (2019)                                                    |
[2022-07-08 03:26:05,441] [trakt.py:276]              [ERROR]    | Trakt Error: No TVDb ID found for Hipster Tour  - USA (2017)                                       |
[2022-07-08 03:26:05,442] [trakt.py:276]              [ERROR]    | Trakt Error: No TVDb ID found for 12個夏天 (2019)                                                     |
[2022-07-08 03:26:05,443] [builder.py:600]            [DEBUG]    |                                                                                                    |
[2022-07-08 03:26:05,443] [builder.py:604]            [DEBUG]    | Validating Method: summary                                                                         |
[2022-07-08 03:26:05,443] [builder.py:605]            [DEBUG]    | Value: 红心电影                                                                                        |
[2022-07-08 03:26:05,444] [builder.py:600]            [DEBUG]    |                                                                                                    |
[2022-07-08 03:26:05,444] [builder.py:604]            [DEBUG]    | Validating Method: url_poster                                                                      |
[2022-07-08 03:26:05,444] [builder.py:605]            [DEBUG]    | Value: https://kodi.tv/images/addons/matrix/script.trakt/icon.png                                  |
[2022-07-08 03:26:05,530] [builder.py:600]            [DEBUG]    |                                                                                                    |
[2022-07-08 03:26:05,531] [builder.py:604]            [DEBUG]    | Validating Method: cache_builders                                                                  |
[2022-07-08 03:26:05,531] [builder.py:605]            [DEBUG]    | Value: 1                                                                                           |
[2022-07-08 03:26:05,584] [builder.py:764]            [INFO]     |                                                                                                    |
[2022-07-08 03:26:05,584] [builder.py:765]            [INFO]     | Validation Successful                                                                              |
[2022-07-08 03:26:05,593] [plex_meta_manager.py:713]  [INFO]     |                                                                                                    |
[2022-07-08 03:26:05,594] [plex_meta_manager.py:715]  [INFO]     |================================ Running trakt Boon❤️推荐电影 Playlist =================================|
[2022-07-08 03:26:05,594] [plex_meta_manager.py:723]  [INFO]     |                                                                                                    |
[2022-07-08 03:26:05,595] [plex_meta_manager.py:724]  [INFO]     | Sync Mode: sync                                                                                    |
[2022-07-08 03:26:05,595] [plex_meta_manager.py:727]  [DEBUG]    |                                                                                                    |
[2022-07-08 03:26:05,596] [plex_meta_manager.py:728]  [DEBUG]    | Builder: trakt_list: https://trakt.tv/users/bpsim/recommendations                                  |
[2022-07-08 03:26:05,596] [plex_meta_manager.py:729]  [INFO]     |                                                                                                    |
[2022-07-08 03:26:05,599] [trakt.py:482]              [INFO]     | Processing Trakt List: https://trakt.tv/users/bpsim/recommendations                                |
[2022-07-08 03:26:05,880] [trakt.py:276]              [ERROR]    | Trakt Error: No TVDb ID found for Rurouni Kenshin: Trust and Betrayal (1999)                       |
[2022-07-08 03:26:05,881] [trakt.py:276]              [ERROR]    | Trakt Error: No TVDb ID found for 這麼遠，那麼近 (2020)                                                   |
[2022-07-08 03:26:05,882] [trakt.py:276]              [ERROR]    | Trakt Error: No TVDb ID found for 阿贤喝咖啡 (2019)                                                     |
[2022-07-08 03:26:05,882] [trakt.py:276]              [ERROR]    | Trakt Error: No TVDb ID found for 學是學非 第一輯 (2013)                                                  |
[2022-07-08 03:26:05,883] [trakt.py:276]              [ERROR]    | Trakt Error: No TVDb ID found for 如果這樣生活 (2019)                                                    |
[2022-07-08 03:26:05,884] [trakt.py:276]              [ERROR]    | Trakt Error: No TVDb ID found for Hipster Tour  - USA (2017)                                       |
[2022-07-08 03:26:05,884] [trakt.py:276]              [ERROR]    | Trakt Error: No TVDb ID found for 12個夏天 (2019)                                                     |
[2022-07-08 03:26:06,778] [builder.py:1507]           [DEBUG]    |                                                                                                    |
[2022-07-08 03:26:06,779] [builder.py:1508]           [DEBUG]    | 108 IDs Found: [(259635, 'tvdb'), (79895, 'tvdb'), (79077, 'tvdb'), (82602, 'tvdb'), (277464, 'tvdb'), (76203, 'tvdb'), (75299, 'tvdb'), (74262, 'tmdb'), (310794, 'tvdb'), (356202, 'tvdb'), (73141, 'tvdb'), (75978, 'tvdb'), (278518, 'tvdb'), (75897, 'tvdb'), (71663, 'tvdb'), (262954, 'tvdb'), (250740, 'tvdb'), (354198, 'tvdb'), (75734, 'tvdb'), (250022, 'tvdb'), (72829, 'tvdb'), (75886, 'tvdb'), (79485, 'tvdb'), (194031, 'tvdb'), (76014, 'tvdb'), (77666, 'tvdb'), (305089, 'tvdb'), (79216, 'tvdb'), (359913, 'tvdb'), (293267, 'tvdb'), (275274, 'tvdb'), (339268, 'tvdb'), (258840, 'tvdb'), (79126, 'tvdb'), (76885, 'tvdb'), (70350, 'tvdb'), (303867, 'tvdb'), (80644, 'tvdb'), (79214, 'tvdb'), (80236, 'tvdb'), (270062, 'tvdb'), (340011, 'tvdb'), (279831, 'tvdb'), (275798, 'tvdb'), (79481, 'tvdb'), (371662, 'tvdb'), (294001, 'tvdb'), (272316, 'tvdb'), (254661, 'tvdb'), (345596, 'tvdb'), (337623, 'tvdb'), (85249, 'tvdb'), (278626, 'tvdb'), (81234, 'tvdb'), (79414, 'tvdb'), (79194, 'tvdb'), (79525, 'tvdb'), (247958, 'tvdb'), (279830, 'tvdb'), (244061, 'tvdb'), (240291, 'tvdb'), (296762, 'tvdb'), (76829, 'tvdb'), (76864, 'tvdb'), (262980, 'tvdb'), (301078, 'tvdb'), (73244, 'tvdb'), (74205, 'tvdb'), (269613, 'tvdb'), (78261, 'tvdb'), (85539, 'tvdb'), (79169, 'tvdb'), (341871, 'tvdb'), (78490, 'tvdb'), (255325, 'tvdb'), (83610, 'tvdb'), (82109, 'tvdb'), (121361, 'tvdb'), (73871, 'tvdb'), (79168, 'tvdb'), (360893, 'tvdb'), (81189, 'tvdb'), (253463, 'tvdb'), (76733, 'tvdb'), (273181, 'tvdb'), (73749, 'tvdb'), (306269, 'tvdb'), (385049, 'tvdb'), (330139, 'tvdb'), (366010, 'tvdb'), (361753, 'tvdb'), (270633, 'tvdb'), (370112, 'tvdb'), (277961, 'tvdb'), (78973, 'tvdb'), (251418, 'tvdb'), (84947, 'tvdb'), (73545, 'tvdb'), (366841, 'tvdb'), (248618, 'tvdb'), (532067, 'tmdb'), (275583, 'tvdb'), (263953, 'tvdb'), (314488, 'tvdb'), (90331, 'tvdb'), (72860, 'tvdb'), (401, 'tmdb'), (255934, 'tvdb')] |
[2022-07-08 03:26:06,779] [builder.py:1509]           [DEBUG]    |                                                                                                    |
[2022-07-08 03:26:06,782] [plex_meta_manager.py:762]  [INFO]     |                                                                                                    |
[2022-07-08 03:26:06,782] [plex_meta_manager.py:763]  [INFO]     | Playlist Minimum: 3 not met for trakt Boon❤️推荐电影 Playlist                                          |
[2022-07-08 03:26:06,783] [builder.py:2172]           [INFO]     |                                                                                                    |
[2022-07-08 03:26:06,783] [builder.py:2173]           [INFO]     |=============================== Missing Movies from Library: Movies ================================|
[2022-07-08 03:26:06,784] [builder.py:2174]           [INFO]     |                                                                                                    |
[2022-07-08 03:26:06,978] [builder.py:2187]           [INFO]     | trakt Boon❤️推荐电影 Playlist | ? | The Miracle Fighters (1982) (TMDb: 74262)                          |
[2022-07-08 03:26:07,277] [builder.py:2187]           [INFO]     | trakt Boon❤️推荐电影 Playlist | ? | KonoSuba: God's Blessing on this Wonderful World! Legend of Crimson (2019) (TMDb: 532067) |
[2022-07-08 03:26:07,466] [builder.py:2187]           [INFO]     | trakt Boon❤️推荐电影 Playlist | ? | Garden State (2004) (TMDb: 401)                                    |
[2022-07-08 03:26:07,467] [builder.py:2192]           [INFO]     |                                                                                                    |
[2022-07-08 03:26:07,467] [builder.py:2193]           [INFO]     | 3 Movies Missing                                                                                   |
[2022-07-08 03:26:07,468] [plex_meta_manager.py:839]  [INFO]     |                                                                                                    |
[2022-07-08 03:26:07,468] [plex_meta_manager.py:842]  [INFO]     |                                                                                                    |
[2022-07-08 03:26:07,468] [plex_meta_manager.py:843]  [INFO]     |====================================================================================================|
[2022-07-08 03:26:07,469] [plex_meta_manager.py:843]  [INFO]     |                                 Finished trakt Boon❤️推荐电影 Playlist                                 |
[2022-07-08 03:26:07,469] [plex_meta_manager.py:843]  [INFO]     |                                     Playlist Run Time: 0:00:02                                     |
[2022-07-08 03:26:07,470] [plex_meta_manager.py:843]  [INFO]     |====================================================================================================|
