[2022-06-10 06:57:30,484] [builder.py:185]            [INFO]     |====================================================================================================|
[2022-06-10 06:57:30,484] [builder.py:185]            [INFO]     |                              IMDb Popular Collection in ....TV Shows                               |
[2022-06-10 06:57:30,485] [builder.py:185]            [INFO]     |====================================================================================================|
[2022-06-10 06:57:30,486] [builder.py:186]            [INFO]     |                                                                                                    |
[2022-06-10 06:57:30,486] [builder.py:191]            [INFO]     |================================ Validating IMDb Popular Attributes ================================|
[2022-06-10 06:57:30,487] [builder.py:212]            [DEBUG]    |                                                                                                    |
[2022-06-10 06:57:30,487] [builder.py:213]            [DEBUG]    | Validating Method: template                                                                        |
[2022-06-10 06:57:30,488] [meta.py:103]               [DEBUG]    | Value: [ordereddict([('name', 'imdb'), ('chart', 'popular')]), ordereddict([('name', 'chart_shared'), ('key', 'popular')])] |
[2022-06-10 06:57:30,494] [builder.py:437]            [DEBUG]    |                                                                                                    |
[2022-06-10 06:57:30,495] [builder.py:438]            [DEBUG]    | Validating Method: sync_mode                                                                       |
[2022-06-10 06:57:30,495] [builder.py:442]            [DEBUG]    | Value: sync                                                                                        |
[2022-06-10 06:57:30,496] [builder.py:582]            [DEBUG]    |                                                                                                    |
[2022-06-10 06:57:30,496] [builder.py:583]            [DEBUG]    | Validating Method: collection_order                                                                |
[2022-06-10 06:57:30,497] [builder.py:584]            [DEBUG]    | Value: custom                                                                                      |
[2022-06-10 06:57:30,497] [builder.py:600]            [DEBUG]    |                                                                                                    |
[2022-06-10 06:57:30,498] [builder.py:604]            [DEBUG]    | Validating Method: imdb_chart                                                                      |
[2022-06-10 06:57:30,498] [builder.py:605]            [DEBUG]    | Value: popular_shows                                                                               |
[2022-06-10 06:57:30,499] [builder.py:600]            [DEBUG]    |                                                                                                    |
[2022-06-10 06:57:30,499] [builder.py:604]            [DEBUG]    | Validating Method: sort_title                                                                      |
[2022-06-10 06:57:30,500] [builder.py:605]            [DEBUG]    | Value: !01_IMDb Popular                                                                            |
[2022-06-10 06:57:30,500] [builder.py:600]            [DEBUG]    |                                                                                                    |
[2022-06-10 06:57:30,501] [builder.py:604]            [DEBUG]    | Validating Method: url_poster                                                                      |
[2022-06-10 06:57:30,501] [builder.py:605]            [DEBUG]    | Value: https://raw.githubusercontent.com/meisnate12/Plex-Meta-Manager-Images/master/chart/IMDb%20Popular.jpg |
[2022-06-10 06:57:30,829] [plex.py:742]               [DEBUG]    |                                                                                                    |
[2022-06-10 06:57:30,829] [plex.py:745]               [DEBUG]    | Looking for: IMDb Popular                                                                          |
[2022-06-10 06:57:30,830] [builder.py:764]            [INFO]     |                                                                                                    |
[2022-06-10 06:57:30,830] [builder.py:765]            [INFO]     | Validation Successful                                                                              |
[2022-06-10 06:57:30,830] [plex_meta_manager.py:539]  [INFO]     |                                                                                                    |
[2022-06-10 06:57:30,831] [plex_meta_manager.py:541]  [INFO]     |================================= Running IMDb Popular Collection ==================================|
[2022-06-10 06:57:30,831] [plex_meta_manager.py:553]  [INFO]     |                                                                                                    |
[2022-06-10 06:57:30,832] [plex_meta_manager.py:554]  [INFO]     | Sync Mode: sync                                                                                    |
[2022-06-10 06:57:30,832] [plex_meta_manager.py:557]  [DEBUG]    |                                                                                                    |
[2022-06-10 06:57:30,833] [plex_meta_manager.py:558]  [DEBUG]    | Builder: imdb_chart: popular_shows                                                                 |
[2022-06-10 06:57:30,833] [plex_meta_manager.py:559]  [INFO]     |                                                                                                    |
[2022-06-10 06:57:30,834] [imdb.py:178]               [INFO]     | Processing IMDb Chart: Most Popular TV Shows                                                       |
[2022-06-10 06:57:32,140] [builder.py:1507]           [DEBUG]    |                                                                                                    |
[2022-06-10 06:57:32,141] [builder.py:1508]           [DEBUG]    | 100 IDs Found: [('tt4574334', 'imdb'), ('tt8466564', 'imdb'), ('tt1190634', 'imdb'), ('tt3032476', 'imdb'), ('tt13833978', 'imdb'), ('tt9561862', 'imdb'), ('tt11324406', 'imdb'), ('tt13823494', 'imdb'), ('tt0944947', 'imdb'), ('tt5071412', 'imdb'), ('tt5348176', 'imdb'), ('tt14168162', 'imdb'), ('tt0903747', 'imdb'), ('tt9253284', 'imdb'), ('tt12327578', 'imdb'), ('tt13361448', 'imdb'), ('tt5691552', 'imdb'), ('tt14192504', 'imdb'), ('tt13111040', 'imdb'), ('tt1998372', 'imdb'), ('tt0413573', 'imdb'), ('tt4236770', 'imdb'), ('tt11815682', 'imdb'), ('tt7569576', 'imdb'), ('tt5555260', 'imdb'), ('tt18249282', 'imdb'), ('tt11280740', 'imdb'), ('tt8111088', 'imdb'), ('tt10234724', 'imdb'), ('tt2442560', 'imdb'), ('tt1520211', 'imdb'), ('tt2934286', 'imdb'), ('tt2741602', 'imdb'), ('tt13729648', 'imdb'), ('tt10278918', 'imdb'), ('tt0386676', 'imdb'), ('tt8783930', 'imdb'), ('tt0364845', 'imdb'), ('tt3006802', 'imdb'), ('tt2953250', 'imdb'), ('tt4179452', 'imdb'), ('tt0460681', 'imdb'), ('tt13668894', 'imdb'), ('tt8740790', 'imdb'), ('tt8772296', 'imdb'), ('tt0452046', 'imdb'), ('tt3743822', 'imdb'), ('tt0475784', 'imdb'), ('tt14245846', 'imdb'), ('tt0141842', 'imdb'), ('tt2085059', 'imdb'), ('tt0108778', 'imdb'), ('tt0203259', 'imdb'), ('tt11685912', 'imdb'), ('tt1312171', 'imdb'), ('tt1606375', 'imdb'), ('tt7587890', 'imdb'), ('tt0306414', 'imdb'), ('tt0436992', 'imdb'), ('tt13991232', 'imdb'), ('tt10986410', 'imdb'), ('tt2261391', 'imdb'), ('tt0898266', 'imdb'), ('tt0458290', 'imdb'), ('tt0098904', 'imdb'), ('tt10857164', 'imdb'), ('tt2306299', 'imdb'), ('tt10324164', 'imdb'), ('tt0118401', 'imdb'), ('tt11834592', 'imdb'), ('tt11000902', 'imdb'), ('tt7660850', 'imdb'), ('tt0185906', 'imdb'), ('tt14016500', 'imdb'), ('tt10638036', 'imdb'), ('tt0115355', 'imdb'), ('tt1442437', 'imdb'), ('tt3107288', 'imdb'), ('tt11997646', 'imdb'), ('tt12976224', 'imdb'), ('tt2887954', 'imdb'), ('tt3502248', 'imdb'), ('tt12004706', 'imdb'), ('tt2356777', 'imdb'), ('tt2560140', 'imdb'), ('tt1632701', 'imdb'), ('tt11937816', 'imdb'), ('tt4052886', 'imdb'), ('tt7767422', 'imdb'), ('tt5834204', 'imdb'), ('tt12748084', 'imdb'), ('tt5715524', 'imdb'), ('tt10857160', 'imdb'), ('tt6470478', 'imdb'), ('tt0182576', 'imdb'), ('tt2467372', 'imdb'), ('tt0472954', 'imdb'), ('tt6226232', 'imdb'), ('tt0098844', 'imdb'), ('tt3609352', 'imdb')] |
[2022-06-10 06:57:32,141] [builder.py:1509]           [DEBUG]    |                                                                                                    |
[2022-06-10 06:57:32,665] [builder.py:2218]           [INFO]     |                                                                                                    |
[2022-06-10 06:57:32,677] [builder.py:2219]           [INFO]     |============================= Missing Shows from Library: IMDb Popular =============================|
[2022-06-10 06:57:32,678] [builder.py:2220]           [INFO]     |                                                                                                    |
[2022-06-10 06:57:33,024] [builder.py:2232]           [INFO]     | IMDb Popular Collection | ? | Stranger Things (TVDb: 305288)                                       |
[2022-06-10 06:57:33,543] [builder.py:2232]           [INFO]     | IMDb Popular Collection | ? | Obi-Wan Kenobi (TVDb: 393199)                                        |
[2022-06-10 06:57:33,962] [builder.py:2232]           [INFO]     | IMDb Popular Collection | ? | The Boys (TVDb: 355567)                                              |
[2022-06-10 06:57:34,029] [builder.py:2232]           [INFO]     | IMDb Popular Collection | ? | Better Call Saul (TVDb: 273181)                                      |
[2022-06-10 06:57:34,418] [builder.py:2232]           [INFO]     | IMDb Popular Collection | ? | The Lincoln Lawyer (TVDb: 399909)                                    |
[2022-06-10 06:57:34,773] [builder.py:2232]           [INFO]     | IMDb Popular Collection | ? | Love, Death & Robots (TVDb: 357888)                                  |
[2022-06-10 06:57:35,043] [builder.py:2232]           [INFO]     | IMDb Popular Collection | ? | The Staircase (2022) (TVDb: 400269)                                  |
[2022-06-10 06:57:35,806] [builder.py:2232]           [INFO]     | IMDb Popular Collection | ? | Pistol (TVDb: 394966)                                                |
[2022-06-10 06:57:35,873] [builder.py:2232]           [INFO]     | IMDb Popular Collection | ? | Game of Thrones (TVDb: 121361)                                       |
[2022-06-10 06:57:36,009] [builder.py:2232]           [INFO]     | IMDb Popular Collection | ? | Ozark (TVDb: 329089)                                                 |
[2022-06-10 06:57:36,184] [builder.py:2232]           [INFO]     | IMDb Popular Collection | ? | Barry (TVDb: 333072)                                                 |
[2022-06-10 06:57:36,451] [builder.py:2232]           [INFO]     | IMDb Popular Collection | ? | Bosch: Legacy (TVDb: 414553)                                         |
[2022-06-10 06:57:36,529] [builder.py:2232]           [INFO]     | IMDb Popular Collection | ? | Breaking Bad (TVDb: 81189)                                           |
[2022-06-10 06:57:36,629] [builder.py:2232]           [INFO]     | IMDb Popular Collection | ? | Andor (TVDb: 393189)                                                 |
[2022-06-10 06:57:36,706] [builder.py:2232]           [INFO]     | IMDb Popular Collection | ? | Star Trek: Strange New Worlds (TVDb: 382389)                         |
[2022-06-10 06:57:36,773] [builder.py:2232]           [INFO]     | IMDb Popular Collection | ? | Night Sky (TVDb: 390848)                                             |
[2022-06-10 06:57:36,851] [builder.py:2232]           [INFO]     | IMDb Popular Collection | ? | The Orville (TVDb: 328487)                                           |
[2022-06-10 06:57:36,973] [builder.py:2232]           [INFO]     | IMDb Popular Collection | ? | We Own This City (TVDb: 398140)                                      |
[2022-06-10 06:57:37,040] [builder.py:2232]           [INFO]     | IMDb Popular Collection | ? | The Offer (TVDb: 392770)                                             |
[2022-06-10 06:57:37,272] [builder.py:2232]           [INFO]     | IMDb Popular Collection | ? | Under the Banner of Heaven (TVDb: 405549)                            |
[2022-06-10 06:57:37,340] [builder.py:2232]           [INFO]     | IMDb Popular Collection | ? | Grey's Anatomy (TVDb: 73762)                                         |
[2022-06-10 06:57:37,418] [builder.py:2232]           [INFO]     | IMDb Popular Collection | ? | Yellowstone (2018) (TVDb: 341164)                                    |
[2022-06-10 06:57:37,484] [builder.py:2232]           [INFO]     | IMDb Popular Collection | ? | Hacks (2021) (TVDb: 401582)                                          |
[2022-06-10 06:57:37,551] [builder.py:2232]           [INFO]     | IMDb Popular Collection | ? | The Flight Attendant (TVDb: 366625)                                  |
[2022-06-10 06:57:37,618] [builder.py:2232]           [INFO]     | IMDb Popular Collection | ? | This Is Us (TVDb: 311714)                                            |
[2022-06-10 06:57:37,751] [builder.py:2232]           [INFO]     | IMDb Popular Collection | ? | Shoresy (TVDb: 409902)                                               |
[2022-06-10 06:57:37,906] [builder.py:2232]           [INFO]     | IMDb Popular Collection | ? | Severance (TVDb: 371980)                                             |
[2022-06-10 06:57:37,975] [builder.py:2232]           [INFO]     | IMDb Popular Collection | ? | The Mandalorian (TVDb: 361753)                                       |
[2022-06-10 06:57:38,040] [builder.py:2232]           [INFO]     | IMDb Popular Collection | ? | Moon Knight (TVDb: 368611)                                           |
[2022-06-10 06:57:38,184] [builder.py:2232]           [INFO]     | IMDb Popular Collection | ? | Peaky Blinders (TVDb: 270915)                                        |
[2022-06-10 06:57:38,284] [builder.py:2232]           [INFO]     | IMDb Popular Collection | ? | The Walking Dead (TVDb: 153021)                                      |
[2022-06-10 06:57:38,362] [builder.py:2232]           [INFO]     | IMDb Popular Collection | ? | Halo (TVDb: 366524)                                                  |
[2022-06-10 06:57:38,440] [builder.py:2232]           [INFO]     | IMDb Popular Collection | ? | The Blacklist (TVDb: 266189)                                         |
[2022-06-10 06:57:38,506] [builder.py:2232]           [INFO]     | IMDb Popular Collection | ? | Candy (TVDb: 385141)                                                 |
[2022-06-10 06:57:38,596] [builder.py:2232]           [INFO]     | IMDb Popular Collection | ? | Willow (TVDb: 393192)                                                |
[2022-06-10 06:57:38,673] [builder.py:2232]           [INFO]     | IMDb Popular Collection | ? | The Office (US) (TVDb: 73244)                                        |
[2022-06-10 06:57:38,751] [builder.py:2232]           [INFO]     | IMDb Popular Collection | ? | The Time Traveler's Wife (TVDb: 397536)                              |
[2022-06-10 06:57:38,847] [builder.py:2232]           [INFO]     | IMDb Popular Collection | ? | NCIS (TVDb: 72108)                                                   |
[2022-06-10 06:57:39,246] [builder.py:2232]           [INFO]     | IMDb Popular Collection | ? | Outlander (TVDb: 270408)                                             |
[2022-06-10 06:57:39,562] [builder.py:2232]           [INFO]     | IMDb Popular Collection | ? | Shining Girls (TVDb: 385810)                                         |
[2022-06-10 06:57:39,717] [builder.py:2232]           [INFO]     | IMDb Popular Collection | ? | The Last Kingdom (TVDb: 298566)                                      |
[2022-06-10 06:57:39,796] [builder.py:2232]           [INFO]     | IMDb Popular Collection | ? | Supernatural (TVDb: 78901)                                           |
[2022-06-10 06:57:39,917] [builder.py:2232]           [INFO]     | IMDb Popular Collection | ? | The Book of Boba Fett (TVDb: 393589)                                 |
[2022-06-10 06:57:40,046] [builder.py:2232]           [INFO]     | IMDb Popular Collection | ? | Bridgerton (TVDb: 366668)                                            |
[2022-06-10 06:57:40,721] [builder.py:2232]           [INFO]     | IMDb Popular Collection | ? | Euphoria (US) (TVDb: 360261)                                         |
[2022-06-10 06:57:41,018] [builder.py:2232]           [INFO]     | IMDb Popular Collection | ? | Criminal Minds (TVDb: 75710)                                         |
[2022-06-10 06:57:41,429] [builder.py:2232]           [INFO]     | IMDb Popular Collection | ? | Fear the Walking Dead (TVDb: 290853)                                 |
[2022-06-10 06:57:41,507] [builder.py:2232]           [INFO]     | IMDb Popular Collection | ? | Westworld (TVDb: 296762)                                             |
[2022-06-10 06:57:41,573] [builder.py:2232]           [INFO]     | IMDb Popular Collection | ? | The Midwich Cuckoos (TVDb: 402728)                                   |
[2022-06-10 06:57:41,729] [builder.py:2232]           [INFO]     | IMDb Popular Collection | ? | The Sopranos (TVDb: 75299)                                           |
[2022-06-10 06:57:41,951] [builder.py:2232]           [INFO]     | IMDb Popular Collection | ? | Black Mirror (TVDb: 253463)                                          |
[2022-06-10 06:57:42,165] [builder.py:2232]           [INFO]     | IMDb Popular Collection | ? | Friends (TVDb: 79168)                                                |
[2022-06-10 06:57:42,385] [builder.py:2232]           [INFO]     | IMDb Popular Collection | ? | Law & Order: Special Victims Unit (TVDb: 75692)                      |
[2022-06-10 06:57:42,572] [builder.py:2232]           [INFO]     | IMDb Popular Collection | ? | Outer Range (TVDb: 391101)                                           |
[2022-06-10 06:57:42,951] [builder.py:2232]           [INFO]     | IMDb Popular Collection | ? | The Umbrella Academy (TVDb: 353764)                                  |
[2022-06-10 06:57:43,029] [builder.py:2232]           [INFO]     | IMDb Popular Collection | ? | Downton Abbey (TVDb: 193131)                                         |
[2022-06-10 06:57:43,369] [builder.py:2232]           [INFO]     | IMDb Popular Collection | ? | The Rookie (TVDb: 350665)                                            |
[2022-06-10 06:57:43,651] [builder.py:2232]           [INFO]     | IMDb Popular Collection | ? | The Wire (TVDb: 79126)                                               |
[2022-06-10 06:57:44,162] [builder.py:2232]           [INFO]     | IMDb Popular Collection | ? | Doctor Who (2005) (TVDb: 78804)                                      |
[2022-06-10 06:57:44,351] [builder.py:2232]           [INFO]     | IMDb Popular Collection | ? | 1883 (TVDb: 396390)                                                  |
[2022-06-10 06:57:44,595] [builder.py:2232]           [INFO]     | IMDb Popular Collection | ? | Ted Lasso (TVDb: 383203)                                             |
[2022-06-10 06:57:44,662] [builder.py:2232]           [INFO]     | IMDb Popular Collection | ? | Chicago Fire (TVDb: 258541)                                          |
[2022-06-10 06:57:44,729] [builder.py:2232]           [INFO]     | IMDb Popular Collection | ? | The Big Bang Theory (TVDb: 80379)                                    |
[2022-06-10 06:57:44,818] [builder.py:2232]           [INFO]     | IMDb Popular Collection | ? | Star Wars: The Clone Wars (TVDb: 83268)                              |
[2022-06-10 06:57:44,951] [builder.py:2232]           [INFO]     | IMDb Popular Collection | ? | Seinfeld (TVDb: 79169)                                               |
[2022-06-10 06:57:45,017] [builder.py:2232]           [INFO]     | IMDb Popular Collection | ? | Ms. Marvel (TVDb: 368612)                                            |
[2022-06-10 06:57:45,084] [builder.py:2232]           [INFO]     | IMDb Popular Collection | ? | Vikings (TVDb: 260449)                                               |
[2022-06-10 06:57:45,318] [builder.py:2232]           [INFO]     | IMDb Popular Collection | ? | Prehistoric Planet (2022) (TVDb: 418505)                             |
[2022-06-10 06:57:45,451] [builder.py:2232]           [INFO]     | IMDb Popular Collection | ? | Midsomer Murders (TVDb: 76846)                                       |
[2022-06-10 06:57:45,529] [builder.py:2232]           [INFO]     | IMDb Popular Collection | ? | Gaslit (TVDb: 415658)                                                |
[2022-06-10 06:57:45,606] [builder.py:2232]           [INFO]     | IMDb Popular Collection | ? | Our Flag Means Death (TVDb: 390093)                                  |
[2022-06-10 06:57:45,684] [builder.py:2232]           [INFO]     | IMDb Popular Collection | ? | Succession (TVDb: 338186)                                            |
[2022-06-10 06:57:45,851] [builder.py:2232]           [INFO]     | IMDb Popular Collection | ? | Band of Brothers (TVDb: 74205)                                       |
[2022-06-10 06:57:45,939] [builder.py:2232]           [INFO]     | IMDb Popular Collection | ? | The Summer I Turned Pretty (TVDb: 396505)                            |
[2022-06-10 06:57:46,184] [builder.py:2232]           [INFO]     | IMDb Popular Collection | ? | Heartstopper (TVDb: 395494)                                          |
[2022-06-10 06:57:46,440] [builder.py:2232]           [INFO]     | IMDb Popular Collection | ? | Silent Witness (TVDb: 76355)                                         |
[2022-06-10 06:57:47,207] [builder.py:2232]           [INFO]     | IMDb Popular Collection | ? | Modern Family (TVDb: 95011)                                          |
[2022-06-10 06:57:47,662] [builder.py:2232]           [INFO]     | IMDb Popular Collection | ? | The Flash (2014) (TVDb: 279121)                                      |
[2022-06-10 06:57:47,818] [builder.py:2232]           [INFO]     | IMDb Popular Collection | ? | Conversations with Friends (TVDb: 384554)                            |
[2022-06-10 06:57:48,117] [builder.py:2232]           [INFO]     | IMDb Popular Collection | ? | The Essex Serpent (TVDb: 387455)                                     |
[2022-06-10 06:57:48,523] [builder.py:2232]           [INFO]     | IMDb Popular Collection | ? | Tokyo Vice (TVDb: 366624)                                            |
[2022-06-10 06:57:48,617] [builder.py:2232]           [INFO]     | IMDb Popular Collection | ? | Bosch (TVDb: 277928)                                                 |
[2022-06-10 06:57:48,740] [builder.py:2232]           [INFO]     | IMDb Popular Collection | ? | Panchayat (TVDb: 379446)                                             |
[2022-06-10 06:57:48,920] [builder.py:2232]           [INFO]     | IMDb Popular Collection | ? | True Detective (TVDb: 270633)                                        |
[2022-06-10 06:57:49,173] [builder.py:2232]           [INFO]     | IMDb Popular Collection | ? | Attack on Titan (TVDb: 267440)                                       |
[2022-06-10 06:57:49,284] [builder.py:2232]           [INFO]     | IMDb Popular Collection | ? | Suits (TVDb: 247808)                                                 |
[2022-06-10 06:57:49,674] [builder.py:2232]           [INFO]     | IMDb Popular Collection | ? | Who Killed Sara? (TVDb: 397412)                                      |
[2022-06-10 06:57:49,828] [builder.py:2232]           [INFO]     | IMDb Popular Collection | ? | Lucifer (TVDb: 295685)                                               |
[2022-06-10 06:57:50,140] [builder.py:2232]           [INFO]     | IMDb Popular Collection | ? | Sex Education (TVDb: 356317)                                         |
[2022-06-10 06:57:50,206] [builder.py:2232]           [INFO]     | IMDb Popular Collection | ? | The Handmaid's Tale (TVDb: 321239)                                   |
[2022-06-10 06:57:50,340] [builder.py:2232]           [INFO]     | IMDb Popular Collection | ? | Anatomy of a Scandal (TVDb: 415490)                                  |
[2022-06-10 06:57:50,506] [builder.py:2232]           [INFO]     | IMDb Popular Collection | ? | Mayans M.C. (TVDb: 349659)                                           |
[2022-06-10 06:57:50,595] [builder.py:2232]           [INFO]     | IMDb Popular Collection | ? | She-Hulk: Attorney at Law (TVDb: 368613)                             |
[2022-06-10 06:57:50,784] [builder.py:2232]           [INFO]     | IMDb Popular Collection | ? | The Good Doctor (TVDb: 328634)                                       |
[2022-06-10 06:57:51,017] [builder.py:2232]           [INFO]     | IMDb Popular Collection | ? | Family Guy (TVDb: 75978)                                             |
[2022-06-10 06:57:51,206] [builder.py:2232]           [INFO]     | IMDb Popular Collection | ? | Brooklyn Nine-Nine (TVDb: 269586)                                    |
[2022-06-10 06:57:51,351] [builder.py:2232]           [INFO]     | IMDb Popular Collection | ? | It's Always Sunny in Philadelphia (TVDb: 75805)                      |
[2022-06-10 06:57:51,461] [builder.py:2232]           [INFO]     | IMDb Popular Collection | ? | Young Sheldon (TVDb: 328724)                                         |
[2022-06-10 06:57:51,695] [builder.py:2232]           [INFO]     | IMDb Popular Collection | ? | Law & Order (TVDb: 72368)                                            |
[2022-06-10 06:57:51,928] [builder.py:2232]           [INFO]     | IMDb Popular Collection | ? | Grace and Frankie (TVDb: 282562)                                     |
[2022-06-10 06:57:51,932] [builder.py:2237]           [INFO]     |                                                                                                    |
[2022-06-10 06:57:51,933] [builder.py:2238]           [INFO]     | 100 Shows Missing                                                                                  |
[2022-06-10 06:57:51,933] [plex_meta_manager.py:593]  [INFO]     |                                                                                                    |
[2022-06-10 06:57:51,933] [plex_meta_manager.py:594]  [INFO]     | Collection Minimum: 1 not met for IMDb Popular Collection                                          |
[2022-06-10 06:57:51,934] [plex_meta_manager.py:674]  [INFO]     |                                                                                                    |
[2022-06-10 06:57:51,934] [plex_meta_manager.py:675]  [INFO]     |====================================================================================================|
[2022-06-10 06:57:51,935] [plex_meta_manager.py:675]  [INFO]     |                                  Finished IMDb Popular Collection                                  |
[2022-06-10 06:57:51,935] [plex_meta_manager.py:675]  [INFO]     |                                    Collection Run Time: 0:00:21                                    |
[2022-06-10 06:57:51,936] [plex_meta_manager.py:675]  [INFO]     |====================================================================================================|
