[2022-06-10 07:02:15,053] [builder.py:185]            [INFO]     |====================================================================================================|
[2022-06-10 07:02:15,054] [builder.py:185]            [INFO]     |                                Newly Released Collection in ...日本动漫                                |
[2022-06-10 07:02:15,055] [builder.py:185]            [INFO]     |====================================================================================================|
[2022-06-10 07:02:15,055] [builder.py:186]            [INFO]     |                                                                                                    |
[2022-06-10 07:02:15,056] [builder.py:191]            [INFO]     |=============================== Validating Newly Released Attributes ===============================|
[2022-06-10 07:02:15,056] [builder.py:212]            [DEBUG]    |                                                                                                    |
[2022-06-10 07:02:15,057] [builder.py:213]            [DEBUG]    | Validating Method: template                                                                        |
[2022-06-10 07:02:15,057] [meta.py:103]               [DEBUG]    | Value: [ordereddict([('name', 'released')]), ordereddict([('name', 'chart_shared'), ('key', 'released')])] |
[2022-06-10 07:02:15,066] [builder.py:1675]           [INFO]     |                                                                                                    |
[2022-06-10 07:02:15,069] [builder.py:1676]           [INFO]     | Validating Method: smart_filter                                                                    |
[2022-06-10 07:02:15,070] [builder.py:1682]           [DEBUG]    | Value: {'all': {'release': 90}, 'sort_by': 'release.desc'}                                         |
[2022-06-10 07:02:15,071] [builder.py:600]            [DEBUG]    |                                                                                                    |
[2022-06-10 07:02:15,071] [builder.py:604]            [DEBUG]    | Validating Method: summary                                                                         |
[2022-06-10 07:02:15,071] [builder.py:605]            [DEBUG]    | Value: A collection of newly-released show                                                         |
[2022-06-10 07:02:15,072] [builder.py:600]            [DEBUG]    |                                                                                                    |
[2022-06-10 07:02:15,072] [builder.py:604]            [DEBUG]    | Validating Method: sort_title                                                                      |
[2022-06-10 07:02:15,073] [builder.py:605]            [DEBUG]    | Value: !01_Newly Released                                                                          |
[2022-06-10 07:02:15,073] [builder.py:600]            [DEBUG]    |                                                                                                    |
[2022-06-10 07:02:15,073] [builder.py:604]            [DEBUG]    | Validating Method: url_poster                                                                      |
[2022-06-10 07:02:15,074] [builder.py:605]            [DEBUG]    | Value: https://raw.githubusercontent.com/meisnate12/Plex-Meta-Manager-Images/master/chart/Newly%20Released.jpg |
[2022-06-10 07:02:15,107] [plex.py:742]               [DEBUG]    |                                                                                                    |
[2022-06-10 07:02:15,107] [plex.py:745]               [DEBUG]    | Looking for: Newly Released                                                                        |
[2022-06-10 07:02:15,107] [builder.py:764]            [INFO]     |                                                                                                    |
[2022-06-10 07:02:15,108] [builder.py:765]            [INFO]     | Validation Successful                                                                              |
[2022-06-10 07:02:15,108] [plex_meta_manager.py:539]  [INFO]     |                                                                                                    |
[2022-06-10 07:02:15,110] [plex_meta_manager.py:541]  [INFO]     |================================ Running Newly Released Collection =================================|
[2022-06-10 07:02:15,111] [plex_meta_manager.py:547]  [INFO]     |                                                                                                    |
[2022-06-10 07:02:15,112] [plex_meta_manager.py:548]  [INFO]     | Smart Show Filter                                                                                  |
                                                                 | Sort By: release.desc
                                                                 | Filter:
                                                                 |   Match all of the following:
                                                                 |     Release Date is in the last 90 Days
[2022-06-10 07:02:15,129] [plex_meta_manager.py:593]  [INFO]     | 
[2022-06-10 07:02:15,129] [plex_meta_manager.py:594]  [INFO]     | Collection Minimum: 1 not met for Newly Released Collection
[2022-06-10 07:02:15,130] [plex_meta_manager.py:674]  [INFO]     | 
[2022-06-10 07:02:15,131] [plex_meta_manager.py:675]  [INFO]     |====================================================================================================|
[2022-06-10 07:02:15,131] [plex_meta_manager.py:675]  [INFO]     |                                 Finished Newly Released Collection                                 |
[2022-06-10 07:02:15,132] [plex_meta_manager.py:675]  [INFO]     |                                    Collection Run Time: 0:00:00                                    |
[2022-06-10 07:02:15,133] [plex_meta_manager.py:675]  [INFO]     |====================================================================================================|
