[2022-07-08 02:28:59,663] [builder.py:185]            [INFO]     |====================================================================================================|
[2022-07-08 02:28:59,664] [builder.py:185]            [INFO]     |                                    Singapore Collection in 亚洲电影                                    |
[2022-07-08 02:28:59,664] [builder.py:185]            [INFO]     |====================================================================================================|
[2022-07-08 02:28:59,665] [builder.py:186]            [INFO]     |                                                                                                    |
[2022-07-08 02:28:59,665] [builder.py:191]            [INFO]     |================================= Validating Singapore Attributes ==================================|
[2022-07-08 02:28:59,666] [builder.py:212]            [DEBUG]    |                                                                                                    |
[2022-07-08 02:28:59,666] [builder.py:213]            [DEBUG]    | Validating Method: template                                                                        |
[2022-07-08 02:28:59,666] [meta.py:103]               [DEBUG]    | Value: [{'value': ['Singapore'], 'country': ['Singapore'], 'key_name': 'Singapore', 'key': 'Singapore', 'name': 'country_dynamic'}, {'value': ['Singapore'], 'country': ['Singapore'], 'key_name': 'Singapore', 'key': 'Singapore', 'name': 'shared'}] |
[2022-07-08 02:28:59,668] [builder.py:1675]           [INFO]     |                                                                                                    |
[2022-07-08 02:28:59,669] [builder.py:1676]           [INFO]     | Validating Method: smart_filter                                                                    |
[2022-07-08 02:28:59,669] [builder.py:1682]           [DEBUG]    | Value: {'sort_by': 'release.desc', 'any': {'country': ['Singapore']}}                              |
[2022-07-08 02:28:59,708] [builder.py:600]            [DEBUG]    |                                                                                                    |
[2022-07-08 02:28:59,709] [builder.py:604]            [DEBUG]    | Validating Method: label                                                                           |
[2022-07-08 02:28:59,709] [builder.py:605]            [DEBUG]    | Value: Country Color                                                                               |
[2022-07-08 02:28:59,710] [builder.py:600]            [DEBUG]    |                                                                                                    |
[2022-07-08 02:28:59,710] [builder.py:604]            [DEBUG]    | Validating Method: url_poster                                                                      |
[2022-07-08 02:28:59,711] [builder.py:605]            [DEBUG]    | Value: https://raw.githubusercontent.com/meisnate12/Plex-Meta-Manager-Images/master/country/white/Singapore.jpg |
[2022-07-08 02:29:00,043] [builder.py:600]            [DEBUG]    |                                                                                                    |
[2022-07-08 02:29:00,043] [builder.py:604]            [DEBUG]    | Validating Method: sort_title                                                                      |
[2022-07-08 02:29:00,044] [builder.py:605]            [DEBUG]    | Value: !09_Singapore                                                                               |
[2022-07-08 02:29:00,944] [builder.py:764]            [INFO]     |                                                                                                    |
[2022-07-08 02:29:00,945] [builder.py:765]            [INFO]     | Validation Successful                                                                              |
[2022-07-08 02:29:00,945] [plex_meta_manager.py:539]  [INFO]     |                                                                                                    |
[2022-07-08 02:29:00,945] [plex_meta_manager.py:541]  [INFO]     |=================================== Running Singapore Collection ===================================|
[2022-07-08 02:29:00,946] [plex_meta_manager.py:547]  [INFO]     |                                                                                                    |
[2022-07-08 02:29:00,946] [plex_meta_manager.py:548]  [INFO]     | Smart Movie Filter                                                                                 |
                                                                 | Sort By: release.desc
                                                                 | Filter:
                                                                 |   Match any of the following:
                                                                 |     Country is Singapore
[2022-07-08 02:29:01,828] [builder.py:2383]           [INFO]     | 
[2022-07-08 02:29:01,829] [builder.py:2384]           [INFO]     |============================= Updating Details of Singapore Collection =============================|
[2022-07-08 02:29:01,829] [builder.py:2385]           [INFO]     |                                                                                                    |
[2022-07-08 02:29:01,852] [builder.py:2446]           [INFO]     | Collection Metadata Edits                                                                          |
[2022-07-08 02:29:01,853] [util.py:150]               [DEBUG]    | 1 poster found:                                                                                    |
[2022-07-08 02:29:01,853] [util.py:152]               [DEBUG]    | Method: url_poster Poster: https://raw.githubusercontent.com/meisnate12/Plex-Meta-Manager-Images/master/country/white/Singapore.jpg |
[2022-07-08 02:29:01,855] [library.py:155]            [INFO]     | Detail: poster update not needed                                                                   |
[2022-07-08 02:29:02,806] [plex_meta_manager.py:674]  [INFO]     |                                                                                                    |
[2022-07-08 02:29:02,806] [plex_meta_manager.py:675]  [INFO]     |====================================================================================================|
[2022-07-08 02:29:02,807] [plex_meta_manager.py:675]  [INFO]     |                                   Finished Singapore Collection                                    |
[2022-07-08 02:29:02,807] [plex_meta_manager.py:675]  [INFO]     |                                    Collection Run Time: 0:00:03                                    |
[2022-07-08 02:29:02,807] [plex_meta_manager.py:675]  [INFO]     |====================================================================================================|
