[2022-07-08 02:31:54,033] [builder.py:185]            [INFO]     |====================================================================================================|
[2022-07-08 02:31:54,034] [builder.py:185]            [INFO]     |                                  IMDb Popular Collection in 亚洲电影                                   |
[2022-07-08 02:31:54,034] [builder.py:185]            [INFO]     |====================================================================================================|
[2022-07-08 02:31:54,035] [builder.py:186]            [INFO]     |                                                                                                    |
[2022-07-08 02:31:54,035] [builder.py:191]            [INFO]     |================================ Validating IMDb Popular Attributes ================================|
[2022-07-08 02:31:54,035] [builder.py:212]            [DEBUG]    |                                                                                                    |
[2022-07-08 02:31:54,036] [builder.py:213]            [DEBUG]    | Validating Method: template                                                                        |
[2022-07-08 02:31:54,036] [meta.py:103]               [DEBUG]    | Value: [ordereddict([('name', 'imdb'), ('chart', 'popular')]), ordereddict([('name', 'chart_shared'), ('key', 'popular')])] |
[2022-07-08 02:31:54,041] [builder.py:437]            [DEBUG]    |                                                                                                    |
[2022-07-08 02:31:54,041] [builder.py:438]            [DEBUG]    | Validating Method: sync_mode                                                                       |
[2022-07-08 02:31:54,041] [builder.py:442]            [DEBUG]    | Value: sync                                                                                        |
[2022-07-08 02:31:54,042] [builder.py:582]            [DEBUG]    |                                                                                                    |
[2022-07-08 02:31:54,042] [builder.py:583]            [DEBUG]    | Validating Method: collection_order                                                                |
[2022-07-08 02:31:54,042] [builder.py:584]            [DEBUG]    | Value: custom                                                                                      |
[2022-07-08 02:31:54,042] [builder.py:600]            [DEBUG]    |                                                                                                    |
[2022-07-08 02:31:54,043] [builder.py:604]            [DEBUG]    | Validating Method: imdb_chart                                                                      |
[2022-07-08 02:31:54,043] [builder.py:605]            [DEBUG]    | Value: popular_movies                                                                              |
[2022-07-08 02:31:54,043] [builder.py:600]            [DEBUG]    |                                                                                                    |
[2022-07-08 02:31:54,044] [builder.py:604]            [DEBUG]    | Validating Method: sort_title                                                                      |
[2022-07-08 02:31:54,044] [builder.py:605]            [DEBUG]    | Value: !01_IMDb Popular                                                                            |
[2022-07-08 02:31:54,044] [builder.py:600]            [DEBUG]    |                                                                                                    |
[2022-07-08 02:31:54,045] [builder.py:604]            [DEBUG]    | Validating Method: url_poster                                                                      |
[2022-07-08 02:31:54,045] [builder.py:605]            [DEBUG]    | Value: https://raw.githubusercontent.com/meisnate12/Plex-Meta-Manager-Images/master/chart/IMDb%20Popular.jpg |
[2022-07-08 02:31:54,369] [plex.py:742]               [DEBUG]    |                                                                                                    |
[2022-07-08 02:31:54,370] [plex.py:745]               [DEBUG]    | Looking for: IMDb Popular                                                                          |
[2022-07-08 02:31:54,370] [builder.py:764]            [INFO]     |                                                                                                    |
[2022-07-08 02:31:54,370] [builder.py:765]            [INFO]     | Validation Successful                                                                              |
[2022-07-08 02:31:54,371] [plex_meta_manager.py:539]  [INFO]     |                                                                                                    |
[2022-07-08 02:31:54,371] [plex_meta_manager.py:541]  [INFO]     |================================= Running IMDb Popular Collection ==================================|
[2022-07-08 02:31:54,371] [plex_meta_manager.py:553]  [INFO]     |                                                                                                    |
[2022-07-08 02:31:54,372] [plex_meta_manager.py:554]  [INFO]     | Sync Mode: sync                                                                                    |
[2022-07-08 02:31:54,372] [plex_meta_manager.py:557]  [DEBUG]    |                                                                                                    |
[2022-07-08 02:31:54,372] [plex_meta_manager.py:558]  [DEBUG]    | Builder: imdb_chart: popular_movies                                                                |
[2022-07-08 02:31:54,372] [plex_meta_manager.py:559]  [INFO]     |                                                                                                    |
[2022-07-08 02:31:54,373] [imdb.py:178]               [INFO]     | Processing IMDb Chart: Most Popular Movies                                                         |
[2022-07-08 02:31:55,874] [builder.py:1507]           [DEBUG]    |                                                                                                    |
[2022-07-08 02:31:55,875] [builder.py:1508]           [DEBUG]    | 100 IDs Found: [('tt3704428', 'imdb'), ('tt1745960', 'imdb'), ('tt9419884', 'imdb'), ('tt10648342', 'imdb'), ('tt7144666', 'imdb'), ('tt11671006', 'imdb'), ('tt6467266', 'imdb'), ('tt0092099', 'imdb'), ('tt8041270', 'imdb'), ('tt9783600', 'imdb'), ('tt11909878', 'imdb'), ('tt5113044', 'imdb'), ('tt10298810', 'imdb'), ('tt1517268', 'imdb'), ('tt8009428', 'imdb'), ('tt6710474', 'imdb'), ('tt13841850', 'imdb'), ('tt14549466', 'imdb'), ('tt1877830', 'imdb'), ('tt13406136', 'imdb'), ('tt11138512', 'imdb'), ('tt13449624', 'imdb'), ('tt11291274', 'imdb'), ('tt12004038', 'imdb'), ('tt0068646', 'imdb'), ('tt0107120', 'imdb'), ('tt10954984', 'imdb'), ('tt0884328', 'imdb'), ('tt15521050', 'imdb'), ('tt13560574', 'imdb'), ('tt9411972', 'imdb'), ('tt14043966', 'imdb'), ('tt14145426', 'imdb'), ('tt4123432', 'imdb'), ('tt10872600', 'imdb'), ('tt13249596', 'imdb'), ('tt13352968', 'imdb'), ('tt11242162', 'imdb'), ('tt11703710', 'imdb'), ('tt8115900', 'imdb'), ('tt14109724', 'imdb'), ('tt13919802', 'imdb'), ('tt7131622', 'imdb'), ('tt8178634', 'imdb'), ('tt2382320', 'imdb'), ('tt12593682', 'imdb'), ('tt9639470', 'imdb'), ('tt13320622', 'imdb'), ('tt5108870', 'imdb'), ('tt8323668', 'imdb'), ('tt1649418', 'imdb'), ('tt12262116', 'imdb'), ('tt14376344', 'imdb'), ('tt0107290', 'imdb'), ('tt14866710', 'imdb'), ('tt10886166', 'imdb'), ('tt7657566', 'imdb'), ('tt9179430', 'imdb'), ('tt1464335', 'imdb'), ('tt20256528', 'imdb'), ('tt9263550', 'imdb'), ('tt1160419', 'imdb'), ('tt4513678', 'imdb'), ('tt15090124', 'imdb'), ('tt14174940', 'imdb'), ('tt12412888', 'imdb'), ('tt0111161', 'imdb'), ('tt0076759', 'imdb'), ('tt8772262', 'imdb'), ('tt12545566', 'imdb'), ('tt8550054', 'imdb'), ('tt4998632', 'imdb'), ('tt1396484', 'imdb'), ('tt1211837', 'imdb'), ('tt10954652', 'imdb'), ('tt13640696', 'imdb'), ('tt0120915', 'imdb'), ('tt9032400', 'imdb'), ('tt4154796', 'imdb'), ('tt15791034', 'imdb'), ('tt7466810', 'imdb'), ('tt14502344', 'imdb'), ('tt0993846', 'imdb'), ('tt11214590', 'imdb'), ('tt3501632', 'imdb'), ('tt6920084', 'imdb'), ('tt14814040', 'imdb'), ('tt4881806', 'imdb'), ('tt0468569', 'imdb'), ('tt12873562', 'imdb'), ('tt2322441', 'imdb'), ('tt0369610', 'imdb'), ('tt11552344', 'imdb'), ('tt11827628', 'imdb'), ('tt11271038', 'imdb'), ('tt13904644', 'imdb'), ('tt0075314', 'imdb'), ('tt1375666', 'imdb'), ('tt0120338', 'imdb'), ('tt2582802', 'imdb')] |
[2022-07-08 02:31:55,875] [builder.py:1509]           [DEBUG]    |                                                                                                    |
[2022-07-08 02:31:58,224] [builder.py:1565]           [WARNING]  | Convert Error: No TMDb ID Found for IMDb ID: tt13904644                                            |
[2022-07-08 02:31:58,731] [builder.py:2172]           [INFO]     |                                                                                                    |
[2022-07-08 02:31:58,731] [builder.py:2173]           [INFO]     |================================ Missing Movies from Library: 亚洲电影 =================================|
[2022-07-08 02:31:58,732] [builder.py:2174]           [INFO]     |                                                                                                    |
[2022-07-08 02:31:58,947] [builder.py:2187]           [INFO]     | IMDb Popular Collection | ? | Elvis (2022) (TMDb: 614934)                                          |
[2022-07-08 02:31:59,180] [builder.py:2187]           [INFO]     | IMDb Popular Collection | ? | Top Gun: Maverick (2022) (TMDb: 361743)                              |
[2022-07-08 02:31:59,447] [builder.py:2187]           [INFO]     | IMDb Popular Collection | ? | Doctor Strange in the Multiverse of Madness (2022) (TMDb: 453395)    |
[2022-07-08 02:31:59,702] [builder.py:2187]           [INFO]     | IMDb Popular Collection | ? | Thor: Love and Thunder (2022) (TMDb: 616037)                         |
[2022-07-08 02:32:00,080] [builder.py:2187]           [INFO]     | IMDb Popular Collection | ? | The Black Phone (2022) (TMDb: 756999)                                |
[2022-07-08 02:32:00,402] [builder.py:2187]           [INFO]     | IMDb Popular Collection | ? | The Man From Toronto (2022) (TMDb: 667739)                           |
[2022-07-08 02:32:00,647] [builder.py:2187]           [INFO]     | IMDb Popular Collection | ? | Sing 2 (2021) (TMDb: 438695)                                         |
[2022-07-08 02:32:01,002] [builder.py:2187]           [INFO]     | IMDb Popular Collection | ? | Top Gun (1986) (TMDb: 744)                                           |
[2022-07-08 02:32:01,247] [builder.py:2187]           [INFO]     | IMDb Popular Collection | ? | Jurassic World Dominion (2022) (TMDb: 507086)                        |
[2022-07-08 02:32:01,458] [builder.py:2187]           [INFO]     | IMDb Popular Collection | ? | Spiderhead (2022) (TMDb: 615469)                                     |
[2022-07-08 02:32:01,647] [builder.py:2187]           [INFO]     | IMDb Popular Collection | ? | Hocus Pocus 2 (2022) (TMDb: 642885)                                  |
[2022-07-08 02:32:01,847] [builder.py:2187]           [INFO]     | IMDb Popular Collection | ? | Minions: The Rise of Gru (2022) (TMDb: 438148)                       |
[2022-07-08 02:32:02,047] [builder.py:2187]           [INFO]     | IMDb Popular Collection | ? | Lightyear (2022) (TMDb: 718789)                                      |
[2022-07-08 02:32:02,291] [builder.py:2187]           [INFO]     | IMDb Popular Collection | ? | Barbie (2023) (TMDb: 346698)                                         |
[2022-07-08 02:32:02,694] [builder.py:2187]           [INFO]     | IMDb Popular Collection | ? | Hustle (2022) (TMDb: 705861)                                         |
[2022-07-08 02:32:02,936] [builder.py:2187]           [INFO]     | IMDb Popular Collection | ? | Everything Everywhere All at Once (2022) (TMDb: 545611)              |
[2022-07-08 02:32:03,236] [builder.py:2187]           [INFO]     | IMDb Popular Collection | ? | Men (2022) (TMDb: 780609)                                            |
[2022-07-08 02:32:03,593] [builder.py:2187]           [INFO]     | IMDb Popular Collection | ? | Crimes of the Future (2022) (TMDb: 819876)                           |
[2022-07-08 02:32:03,813] [builder.py:2187]           [INFO]     | IMDb Popular Collection | ? | The Batman (2022) (TMDb: 414906)                                     |
[2022-07-08 02:32:04,102] [builder.py:2187]           [INFO]     | IMDb Popular Collection | ? | The Princess (2022) (TMDb: 759175)                                   |
[2022-07-08 02:32:04,327] [builder.py:2187]           [INFO]     | IMDb Popular Collection | ? | The Northman (2022) (TMDb: 639933)                                   |
[2022-07-08 02:32:04,591] [builder.py:2187]           [INFO]     | IMDb Popular Collection | ? | JugJugg Jeeyo (2022) (TMDb: 765019)                                  |
[2022-07-08 02:32:04,769] [builder.py:2187]           [INFO]     | IMDb Popular Collection | ? | The Unbearable Weight of Massive Talent (2022) (TMDb: 648579)        |
[2022-07-08 02:32:04,985] [builder.py:2187]           [INFO]     | IMDb Popular Collection | ? | Watcher (2022) (TMDb: 807356)                                        |
[2022-07-08 02:32:05,202] [builder.py:2187]           [INFO]     | IMDb Popular Collection | ? | The Godfather (1972) (TMDb: 238)                                     |
[2022-07-08 02:32:05,208] [builder.py:2187]           [INFO]     | IMDb Popular Collection | ? | Hocus Pocus (1993) (TMDb: 10439)                                     |
[2022-07-08 02:32:05,447] [builder.py:2187]           [INFO]     | IMDb Popular Collection | ? | Nope (2022) (TMDb: 762504)                                           |
[2022-07-08 02:32:05,791] [builder.py:2187]           [INFO]     | IMDb Popular Collection | ? | The Mist (2007) (TMDb: 5876)                                         |
[2022-07-08 02:32:06,160] [builder.py:2187]           [INFO]     | IMDb Popular Collection | ? | Love & Gelato (2022) (TMDb: 968438)                                  |
[2022-07-08 02:32:06,536] [builder.py:2187]           [INFO]     | IMDb Popular Collection | ? | X (2022) (TMDb: 760104)                                              |
[2022-07-08 02:32:06,747] [builder.py:2187]           [INFO]     | IMDb Popular Collection | ? | Where the Crawdads Sing (2022) (TMDb: 682507)                        |
[2022-07-08 02:32:07,002] [builder.py:2187]           [INFO]     | IMDb Popular Collection | ? | Terror on the Prairie (2022) (TMDb: 884315)                          |
[2022-07-08 02:32:07,213] [builder.py:2187]           [INFO]     | IMDb Popular Collection | ? | Beavis and Butt-Head Do the Universe (2022) (TMDb: 828947)           |
[2022-07-08 02:32:07,491] [builder.py:2187]           [INFO]     | IMDb Popular Collection | ? | Fantastic Beasts: The Secrets of Dumbledore (2022) (TMDb: 338953)    |
[2022-07-08 02:32:07,760] [builder.py:2187]           [INFO]     | IMDb Popular Collection | ? | Spider-Man: No Way Home (2021) (TMDb: 634649)                        |
[2022-07-08 02:32:08,093] [builder.py:2187]           [INFO]     | IMDb Popular Collection | ? | Father of the Bride (2022) (TMDb: 746419)                            |
[2022-07-08 02:32:08,418] [builder.py:2187]           [INFO]     | IMDb Popular Collection | ? | Good Luck to You, Leo Grande (2022) (TMDb: 758330)                   |
[2022-07-08 02:32:08,691] [builder.py:2187]           [INFO]     | IMDb Popular Collection | ? | Rise (2022) (TMDb: 759054)                                           |
[2022-07-08 02:32:08,991] [builder.py:2187]           [INFO]     | IMDb Popular Collection | ? | Downton Abbey: A New Era (2022) (TMDb: 820446)                       |
[2022-07-08 02:32:08,996] [builder.py:2187]           [INFO]     | IMDb Popular Collection | ? | The Bad Guys (2022) (TMDb: 629542)                                   |
[2022-07-08 02:32:09,247] [builder.py:2187]           [INFO]     | IMDb Popular Collection | ? | Ticket to Paradise (2022) (TMDb: 800939)                             |
[2022-07-08 02:32:09,593] [builder.py:2187]           [INFO]     | IMDb Popular Collection | ? | Anek (2022) (TMDb: 888268)                                           |
[2022-07-08 02:32:09,598] [builder.py:2187]           [INFO]     | IMDb Popular Collection | ? | Once Upon a Time… in Hollywood (2019) (TMDb: 466272)                 |
[2022-07-08 02:32:09,918] [builder.py:2187]           [INFO]     | IMDb Popular Collection | ? | RRR (2022) (TMDb: 579974)                                            |
[2022-07-08 02:32:10,093] [builder.py:2187]           [INFO]     | IMDb Popular Collection | ? | No Time to Die (2021) (TMDb: 370172)                                 |
[2022-07-08 02:32:10,302] [builder.py:2187]           [INFO]     | IMDb Popular Collection | ? | Bullet Train (2022) (TMDb: 718930)                                   |
[2022-07-08 02:32:10,551] [builder.py:2187]           [INFO]     | IMDb Popular Collection | ? | Last Night in Soho (2021) (TMDb: 576845)                             |
[2022-07-08 02:32:10,784] [builder.py:2187]           [INFO]     | IMDb Popular Collection | ? | The Lost City (2022) (TMDb: 752623)                                  |
[2022-07-08 02:32:11,080] [builder.py:2187]           [INFO]     | IMDb Popular Collection | ? | Morbius (2022) (TMDb: 526896)                                        |
[2022-07-08 02:32:11,336] [builder.py:2187]           [INFO]     | IMDb Popular Collection | ? | Jerry & Marge Go Large (2022) (TMDb: 843847)                         |
[2022-07-08 02:32:11,560] [builder.py:2187]           [INFO]     | IMDb Popular Collection | ? | The Gray Man (2022) (TMDb: 725201)                                   |
[2022-07-08 02:32:11,947] [builder.py:2187]           [INFO]     | IMDb Popular Collection | ? | Thirteen Lives (2022) (TMDb: 698948)                                 |
[2022-07-08 02:32:12,180] [builder.py:2187]           [INFO]     | IMDb Popular Collection | ? | Cha Cha Real Smooth (2022) (TMDb: 814340)                            |
[2022-07-08 02:32:12,380] [builder.py:2187]           [INFO]     | IMDb Popular Collection | ? | Jurassic Park (1993) (TMDb: 329)                                     |
[2022-07-08 02:32:12,593] [builder.py:2187]           [INFO]     | IMDb Popular Collection | ? | Blasted (2022) (TMDb: 660267)                                        |
[2022-07-08 02:32:12,801] [builder.py:2187]           [INFO]     | IMDb Popular Collection | ? | 365 Days (2020) (TMDb: 664413)                                       |
[2022-07-08 02:32:13,058] [builder.py:2187]           [INFO]     | IMDb Popular Collection | ? | Death on the Nile (2022) (TMDb: 505026)                              |
[2022-07-08 02:32:13,413] [builder.py:2187]           [INFO]     | IMDb Popular Collection | ? | Vikram (2022) (TMDb: 743563)                                         |
[2022-07-08 02:32:13,725] [builder.py:2187]           [INFO]     | IMDb Popular Collection | ? | Uncharted (2022) (TMDb: 335787)                                      |
[2022-07-08 02:32:14,068] [builder.py:2187]           [INFO]     | IMDb Popular Collection | ? | What Is a Woman? (2022) (TMDb: 957258)                               |
[2022-07-08 02:32:14,413] [builder.py:2187]           [INFO]     | IMDb Popular Collection | ? | Rocketry: The Nambi Effect (2022) (TMDb: 607145)                     |
[2022-07-08 02:32:14,658] [builder.py:2187]           [INFO]     | IMDb Popular Collection | ? | Dune (2021) (TMDb: 438631)                                           |
[2022-07-08 02:32:14,847] [builder.py:2187]           [INFO]     | IMDb Popular Collection | ? | Ghostbusters: Afterlife (2021) (TMDb: 425909)                        |
[2022-07-08 02:32:15,126] [builder.py:2187]           [INFO]     | IMDb Popular Collection | ? | Mad God (2022) (TMDb: 846867)                                        |
[2022-07-08 02:32:15,347] [builder.py:2187]           [INFO]     | IMDb Popular Collection | ? | Interceptor (2022) (TMDb: 831946)                                    |
[2022-07-08 02:32:15,569] [builder.py:2187]           [INFO]     | IMDb Popular Collection | ? | Sonic the Hedgehog 2 (2022) (TMDb: 675353)                           |
[2022-07-08 02:32:15,817] [builder.py:2187]           [INFO]     | IMDb Popular Collection | ? | The Shawshank Redemption (1994) (TMDb: 278)                          |
[2022-07-08 02:32:16,058] [builder.py:2187]           [INFO]     | IMDb Popular Collection | ? | Star Wars (1977) (TMDb: 11)                                          |
[2022-07-08 02:32:16,326] [builder.py:2187]           [INFO]     | IMDb Popular Collection | ? | Midsommar (2019) (TMDb: 530385)                                      |
[2022-07-08 02:32:16,580] [builder.py:2187]           [INFO]     | IMDb Popular Collection | ? | Mr. Malcolm's List (2022) (TMDb: 716532)                             |
[2022-07-08 02:32:16,780] [builder.py:2187]           [INFO]     | IMDb Popular Collection | ? | Pleasure (2021) (TMDb: 592695)                                       |
[2022-07-08 02:32:16,984] [builder.py:2187]           [INFO]     | IMDb Popular Collection | ? | Ambulance (2022) (TMDb: 763285)                                      |
[2022-07-08 02:32:17,236] [builder.py:2187]           [INFO]     | IMDb Popular Collection | ? | It (2017) (TMDb: 346364)                                             |
[2022-07-08 02:32:17,626] [builder.py:2187]           [INFO]     | IMDb Popular Collection | ? | Doctor Strange (2016) (TMDb: 284052)                                 |
[2022-07-08 02:32:17,836] [builder.py:2187]           [INFO]     | IMDb Popular Collection | ? | Old (2021) (TMDb: 631843)                                            |
[2022-07-08 02:32:18,092] [builder.py:2187]           [INFO]     | IMDb Popular Collection | ? | See How They Run (2022) (TMDb: 766475)                               |
[2022-07-08 02:32:18,347] [builder.py:2187]           [INFO]     | IMDb Popular Collection | ? | Star Wars: Episode I - The Phantom Menace (1999) (TMDb: 1893)        |
[2022-07-08 02:32:18,617] [builder.py:2187]           [INFO]     | IMDb Popular Collection | ? | Eternals (2021) (TMDb: 524434)                                       |
[2022-07-08 02:32:18,902] [builder.py:2187]           [INFO]     | IMDb Popular Collection | ? | Avengers: Endgame (2019) (TMDb: 299534)                              |
[2022-07-08 02:32:19,476] [builder.py:2187]           [INFO]     | IMDb Popular Collection | ? | Barbarian (2022) (TMDb: 913290)                                      |
[2022-07-08 02:32:19,892] [builder.py:2187]           [INFO]     | IMDb Popular Collection | ? | 777 Charlie (2022) (TMDb: 634120)                                    |
[2022-07-08 02:32:20,113] [builder.py:2187]           [INFO]     | IMDb Popular Collection | ? | They/Them (2022) (TMDb: 816977)                                      |
[2022-07-08 02:32:20,336] [builder.py:2187]           [INFO]     | IMDb Popular Collection | ? | The Wolf of Wall Street (2013) (TMDb: 106646)                        |
[2022-07-08 02:32:20,709] [builder.py:2187]           [INFO]     | IMDb Popular Collection | ? | House of Gucci (2021) (TMDb: 644495)                                 |
[2022-07-08 02:32:21,058] [builder.py:2187]           [INFO]     | IMDb Popular Collection | ? | Thor: Ragnarok (2017) (TMDb: 284053)                                 |
[2022-07-08 02:32:21,447] [builder.py:2187]           [INFO]     | IMDb Popular Collection | ? | Resident Evil: Welcome to Raccoon City (2021) (TMDb: 460458)         |
[2022-07-08 02:32:21,658] [builder.py:2187]           [INFO]     | IMDb Popular Collection | ? | Not Okay (2022) (TMDb: 838330)                                       |
[2022-07-08 02:32:21,880] [builder.py:2187]           [INFO]     | IMDb Popular Collection | ? | Jurassic World: Fallen Kingdom (2018) (TMDb: 351286)                 |
[2022-07-08 02:32:22,114] [builder.py:2187]           [INFO]     | IMDb Popular Collection | ? | The Dark Knight (2008) (TMDb: 155)                                   |
[2022-07-08 02:32:22,484] [builder.py:2187]           [INFO]     | IMDb Popular Collection | ? | The Invitation (2022) (TMDb: 830788)                                 |
[2022-07-08 02:32:22,942] [builder.py:2187]           [INFO]     | IMDb Popular Collection | ? | Fifty Shades of Grey (2015) (TMDb: 216015)                           |
[2022-07-08 02:32:23,342] [builder.py:2187]           [INFO]     | IMDb Popular Collection | ? | Jurassic World (2015) (TMDb: 135397)                                 |
[2022-07-08 02:32:23,569] [builder.py:2187]           [INFO]     | IMDb Popular Collection | ? | Murder at Yellowstone City (2022) (TMDb: 974961)                     |
[2022-07-08 02:32:23,880] [builder.py:2187]           [INFO]     | IMDb Popular Collection | ? | Memory (2022) (TMDb: 818397)                                         |
[2022-07-08 02:32:24,108] [builder.py:2187]           [INFO]     | IMDb Popular Collection | ? | Licorice Pizza (2021) (TMDb: 718032)                                 |
[2022-07-08 02:32:24,325] [builder.py:2187]           [INFO]     | IMDb Popular Collection | ? | Taxi Driver (1976) (TMDb: 103)                                       |
[2022-07-08 02:32:24,569] [builder.py:2187]           [INFO]     | IMDb Popular Collection | ? | Inception (2010) (TMDb: 27205)                                       |
[2022-07-08 02:32:24,817] [builder.py:2187]           [INFO]     | IMDb Popular Collection | ? | Titanic (1997) (TMDb: 597)                                           |
[2022-07-08 02:32:25,113] [builder.py:2187]           [INFO]     | IMDb Popular Collection | ? | Whiplash (2014) (TMDb: 244786)                                       |
[2022-07-08 02:32:25,114] [builder.py:2192]           [INFO]     |                                                                                                    |
[2022-07-08 02:32:25,114] [builder.py:2193]           [INFO]     | 99 Movies Missing                                                                                  |
[2022-07-08 02:32:25,115] [plex_meta_manager.py:593]  [INFO]     |                                                                                                    |
[2022-07-08 02:32:25,115] [plex_meta_manager.py:594]  [INFO]     | Collection Minimum: 3 not met for IMDb Popular Collection                                          |
[2022-07-08 02:32:25,115] [plex_meta_manager.py:674]  [INFO]     |                                                                                                    |
[2022-07-08 02:32:25,116] [plex_meta_manager.py:675]  [INFO]     |====================================================================================================|
[2022-07-08 02:32:25,116] [plex_meta_manager.py:675]  [INFO]     |                                  Finished IMDb Popular Collection                                  |
[2022-07-08 02:32:25,116] [plex_meta_manager.py:675]  [INFO]     |                                    Collection Run Time: 0:00:31                                    |
[2022-07-08 02:32:25,117] [plex_meta_manager.py:675]  [INFO]     |====================================================================================================|
