[2022-07-08 02:21:38,524] [builder.py:185]            [INFO]     |====================================================================================================|
[2022-07-08 02:21:38,525] [builder.py:185]            [INFO]     |                                    Mind-Fuck Collection in 亚洲电影                                    |
[2022-07-08 02:21:38,526] [builder.py:185]            [INFO]     |====================================================================================================|
[2022-07-08 02:21:38,526] [builder.py:186]            [INFO]     |                                                                                                    |
[2022-07-08 02:21:38,527] [builder.py:191]            [INFO]     |================================= Validating Mind-Fuck Attributes ==================================|
[2022-07-08 02:21:38,528] [builder.py:437]            [DEBUG]    |                                                                                                    |
[2022-07-08 02:21:38,528] [builder.py:438]            [DEBUG]    | Validating Method: sync_mode                                                                       |
[2022-07-08 02:21:38,528] [builder.py:442]            [DEBUG]    | Value: sync                                                                                        |
[2022-07-08 02:21:38,529] [builder.py:582]            [DEBUG]    |                                                                                                    |
[2022-07-08 02:21:38,529] [builder.py:583]            [DEBUG]    | Validating Method: collection_order                                                                |
[2022-07-08 02:21:38,529] [builder.py:584]            [DEBUG]    | Value: custom                                                                                      |
[2022-07-08 02:21:38,530] [builder.py:600]            [DEBUG]    |                                                                                                    |
[2022-07-08 02:21:38,530] [builder.py:604]            [DEBUG]    | Validating Method: trakt_list                                                                      |
[2022-07-08 02:21:38,531] [builder.py:605]            [DEBUG]    | Value: https://trakt.tv/users/bpsim/lists/mindfuck                                                 |
[2022-07-08 02:21:38,831] [plex.py:742]               [DEBUG]    |                                                                                                    |
[2022-07-08 02:21:38,832] [plex.py:745]               [DEBUG]    | Looking for: Mind-Fuck                                                                             |
[2022-07-08 02:21:38,832] [builder.py:764]            [INFO]     |                                                                                                    |
[2022-07-08 02:21:38,832] [builder.py:765]            [INFO]     | Validation Successful                                                                              |
[2022-07-08 02:21:38,833] [plex_meta_manager.py:539]  [INFO]     |                                                                                                    |
[2022-07-08 02:21:38,834] [plex_meta_manager.py:541]  [INFO]     |=================================== Running Mind-Fuck Collection ===================================|
[2022-07-08 02:21:38,834] [plex_meta_manager.py:553]  [INFO]     |                                                                                                    |
[2022-07-08 02:21:38,834] [plex_meta_manager.py:554]  [INFO]     | Sync Mode: sync                                                                                    |
[2022-07-08 02:21:38,835] [plex_meta_manager.py:557]  [DEBUG]    |                                                                                                    |
[2022-07-08 02:21:38,835] [plex_meta_manager.py:558]  [DEBUG]    | Builder: trakt_list: https://trakt.tv/users/bpsim/lists/mindfuck                                   |
[2022-07-08 02:21:38,835] [plex_meta_manager.py:559]  [INFO]     |                                                                                                    |
[2022-07-08 02:21:38,836] [trakt.py:482]              [INFO]     | Processing Trakt List: https://trakt.tv/users/bpsim/lists/mindfuck                                 |
[2022-07-08 02:21:39,130] [builder.py:1507]           [DEBUG]    |                                                                                                    |
[2022-07-08 02:21:39,131] [builder.py:1508]           [DEBUG]    | 220 IDs Found: [(27205, 'tmdb'), (603, 'tmdb'), (329865, 'tmdb'), (550, 'tmdb'), (11324, 'tmdb'), (1124, 'tmdb'), (77, 'tmdb'), (37165, 'tmdb'), (694, 'tmdb'), (745, 'tmdb'), (38, 'tmdb'), (141, 'tmdb'), (629, 'tmdb'), (453, 'tmdb'), (577922, 'tmdb'), (300668, 'tmdb'), (242582, 'tmdb'), (137, 'tmdb'), (45612, 'tmdb'), (63, 'tmdb'), (1954, 'tmdb'), (1417, 'tmdb'), (185, 'tmdb'), (1359, 'tmdb'), (62, 'tmdb'), (641, 'tmdb'), (206487, 'tmdb'), (17431, 'tmdb'), (670, 'tmdb'), (64635, 'tmdb'), (861, 'tmdb'), (539, 'tmdb'), (2649, 'tmdb'), (381283, 'tmdb'), (1491, 'tmdb'), (1813, 'tmdb'), (587, 'tmdb'), (254320, 'tmdb'), (1933, 'tmdb'), (4553, 'tmdb'), (186, 'tmdb'), (431, 'tmdb'), (5876, 'tmdb'), (3021, 'tmdb'), (31011, 'tmdb'), (245703, 'tmdb'), (1018, 'tmdb'), (492, 'tmdb'), (345, 'tmdb'), (181886, 'tmdb'), (341006, 'tmdb'), (1903, 'tmdb'), (426, 'tmdb'), (220289, 'tmdb'), (2832, 'tmdb'), (2666, 'tmdb'), (13363, 'tmdb'), (343674, 'tmdb'), (399057, 'tmdb'), (167, 'tmdb'), (14337, 'tmdb'), (6947, 'tmdb'), (1381, 'tmdb'), (805, 'tmdb'), (242095, 'tmdb'), (1586, 'tmdb'), (600354, 'tmdb'), (26466, 'tmdb'), (256274, 'tmdb'), (1592, 'tmdb'), (63311, 'tmdb'), (104, 'tmdb'), (622, 'tmdb'), (458305, 'tmdb'), (4977, 'tmdb'), (473, 'tmdb'), (85889, 'tmdb'), (3509, 'tmdb'), (2757, 'tmdb'), (8054, 'tmdb'), (8967, 'tmdb'), (10494, 'tmdb'), (9539, 'tmdb'), (1946, 'tmdb'), (273271, 'tmdb'), (8843, 'tmdb'), (638, 'tmdb'), (2291, 'tmdb'), (9913, 'tmdb'), (17609, 'tmdb'), (207933, 'tmdb'), (9667, 'tmdb'), (14784, 'tmdb'), (553, 'tmdb'), (837, 'tmdb'), (38810, 'tmdb'), (437, 'tmdb'), (9357, 'tmdb'), (14139, 'tmdb'), (548, 'tmdb'), (9270, 'tmdb'), (12149, 'tmdb'), (4960, 'tmdb'), (10851, 'tmdb'), (34647, 'tmdb'), (2654, 'tmdb'), (12140, 'tmdb'), (290, 'tmdb'), (155084, 'tmdb'), (635, 'tmdb'), (797, 'tmdb'), (11336, 'tmdb'), (11075, 'tmdb'), (8066, 'tmdb'), (16, 'tmdb'), (11660, 'tmdb'), (4552, 'tmdb'), (1073, 'tmdb'), (10234, 'tmdb'), (242090, 'tmdb'), (36819, 'tmdb'), (593, 'tmdb'), (422, 'tmdb'), (10226, 'tmdb'), (2637, 'tmdb'), (4912, 'tmdb'), (198287, 'tmdb'), (10972, 'tmdb'), (1902, 'tmdb'), (145197, 'tmdb'), (902, 'tmdb'), (74725, 'tmdb'), (8424, 'tmdb'), (14506, 'tmdb'), (7183, 'tmdb'), (445, 'tmdb'), (12877, 'tmdb'), (10133, 'tmdb'), (2742, 'tmdb'), (1730, 'tmdb'), (10683, 'tmdb'), (13567, 'tmdb'), (12994, 'tmdb'), (931, 'tmdb'), (8327, 'tmdb'), (1052, 'tmdb'), (11542, 'tmdb'), (10176, 'tmdb'), (11482, 'tmdb'), (302, 'tmdb'), (11559, 'tmdb'), (50037, 'tmdb'), (13041, 'tmdb'), (11468, 'tmdb'), (13825, 'tmdb'), (24869, 'tmdb'), (12590, 'tmdb'), (157351, 'tmdb'), (20777, 'tmdb'), (48303, 'tmdb'), (21712, 'tmdb'), (36095, 'tmdb'), (179150, 'tmdb'), (15916, 'tmdb'), (4024, 'tmdb'), (14135, 'tmdb'), (245844, 'tmdb'), (32042, 'tmdb'), (294308, 'tmdb'), (16133, 'tmdb'), (13318, 'tmdb'), (12703, 'tmdb'), (8075, 'tmdb'), (25078, 'tmdb'), (1483, 'tmdb'), (572, 'tmdb'), (12487, 'tmdb'), (18215, 'tmdb'), (346641, 'tmdb'), (20342, 'tmdb'), (13856, 'tmdb'), (27361, 'tmdb'), (5898, 'tmdb'), (8074, 'tmdb'), (17110, 'tmdb'), (27703, 'tmdb'), (32171, 'tmdb'), (298721, 'tmdb'), (399256, 'tmdb'), (46025, 'tmdb'), (377274, 'tmdb'), (21136, 'tmdb'), (16375, 'tmdb'), (45698, 'tmdb'), (53218, 'tmdb'), (98368, 'tmdb'), (5122, 'tmdb'), (352196, 'tmdb'), (12580, 'tmdb'), (32166, 'tmdb'), (21781, 'tmdb'), (243884, 'tmdb'), (211247, 'tmdb'), (22578, 'tmdb'), (42848, 'tmdb'), (38987, 'tmdb'), (54083, 'tmdb'), (56532, 'tmdb'), (485374, 'tmdb'), (43584, 'tmdb'), (86556, 'tmdb'), (74836, 'tmdb'), (107209, 'tmdb'), (69974, 'tmdb'), (34993, 'tmdb'), (169314, 'tmdb'), (63154, 'tmdb'), (180549, 'tmdb'), (337774, 'tmdb'), (649006, 'tmdb')] |
[2022-07-08 02:21:39,131] [builder.py:1509]           [DEBUG]    |                                                                                                    |
[2022-07-08 02:21:39,137] [builder.py:2172]           [INFO]     |                                                                                                    |
[2022-07-08 02:21:39,137] [builder.py:2173]           [INFO]     |================================ Missing Movies from Library: 亚洲电影 =================================|
[2022-07-08 02:21:39,138] [builder.py:2174]           [INFO]     |                                                                                                    |
[2022-07-08 02:21:39,496] [builder.py:2187]           [INFO]     | Mind-Fuck Collection | ? | Inception (2010) (TMDb: 27205)                                          |
[2022-07-08 02:21:39,672] [builder.py:2187]           [INFO]     | Mind-Fuck Collection | ? | The Matrix (1999) (TMDb: 603)                                           |
[2022-07-08 02:21:39,860] [builder.py:2187]           [INFO]     | Mind-Fuck Collection | ? | Arrival (2016) (TMDb: 329865)                                           |
[2022-07-08 02:21:40,105] [builder.py:2187]           [INFO]     | Mind-Fuck Collection | ? | Fight Club (1999) (TMDb: 550)                                           |
[2022-07-08 02:21:40,296] [builder.py:2187]           [INFO]     | Mind-Fuck Collection | ? | Shutter Island (2010) (TMDb: 11324)                                     |
[2022-07-08 02:21:40,538] [builder.py:2187]           [INFO]     | Mind-Fuck Collection | ? | The Prestige (2006) (TMDb: 1124)                                        |
[2022-07-08 02:21:40,750] [builder.py:2187]           [INFO]     | Mind-Fuck Collection | ? | Memento (2000) (TMDb: 77)                                               |
[2022-07-08 02:21:40,960] [builder.py:2187]           [INFO]     | Mind-Fuck Collection | ? | The Truman Show (1998) (TMDb: 37165)                                    |
[2022-07-08 02:21:41,172] [builder.py:2187]           [INFO]     | Mind-Fuck Collection | ? | The Shining (1980) (TMDb: 694)                                          |
[2022-07-08 02:21:41,349] [builder.py:2187]           [INFO]     | Mind-Fuck Collection | ? | The Sixth Sense (1999) (TMDb: 745)                                      |
[2022-07-08 02:21:41,538] [builder.py:2187]           [INFO]     | Mind-Fuck Collection | ? | Eternal Sunshine of the Spotless Mind (2004) (TMDb: 38)                 |
[2022-07-08 02:21:41,813] [builder.py:2187]           [INFO]     | Mind-Fuck Collection | ? | Donnie Darko (2001) (TMDb: 141)                                         |
[2022-07-08 02:21:42,388] [builder.py:2187]           [INFO]     | Mind-Fuck Collection | ? | The Usual Suspects (1995) (TMDb: 629)                                   |
[2022-07-08 02:21:42,683] [builder.py:2187]           [INFO]     | Mind-Fuck Collection | ? | A Beautiful Mind (2001) (TMDb: 453)                                     |
[2022-07-08 02:21:43,027] [builder.py:2187]           [INFO]     | Mind-Fuck Collection | ? | Tenet (2020) (TMDb: 577922)                                             |
[2022-07-08 02:21:43,372] [builder.py:2187]           [INFO]     | Mind-Fuck Collection | ? | Annihilation (2018) (TMDb: 300668)                                      |
[2022-07-08 02:21:43,738] [builder.py:2187]           [INFO]     | Mind-Fuck Collection | ? | Nightcrawler (2014) (TMDb: 242582)                                      |
[2022-07-08 02:21:43,996] [builder.py:2187]           [INFO]     | Mind-Fuck Collection | ? | Groundhog Day (1993) (TMDb: 137)                                        |
[2022-07-08 02:21:44,294] [builder.py:2187]           [INFO]     | Mind-Fuck Collection | ? | Source Code (2011) (TMDb: 45612)                                        |
[2022-07-08 02:21:44,538] [builder.py:2187]           [INFO]     | Mind-Fuck Collection | ? | Twelve Monkeys (1995) (TMDb: 63)                                        |
[2022-07-08 02:21:44,929] [builder.py:2187]           [INFO]     | Mind-Fuck Collection | ? | The Butterfly Effect (2004) (TMDb: 1954)                                |
[2022-07-08 02:21:44,934] [builder.py:2187]           [INFO]     | Mind-Fuck Collection | ? | Pan's Labyrinth (2006) (TMDb: 1417)                                     |
[2022-07-08 02:21:45,138] [builder.py:2187]           [INFO]     | Mind-Fuck Collection | ? | A Clockwork Orange (1971) (TMDb: 185)                                   |
[2022-07-08 02:21:45,527] [builder.py:2187]           [INFO]     | Mind-Fuck Collection | ? | American Psycho (2000) (TMDb: 1359)                                     |
[2022-07-08 02:21:45,971] [builder.py:2187]           [INFO]     | Mind-Fuck Collection | ? | 2001: A Space Odyssey (1968) (TMDb: 62)                                 |
[2022-07-08 02:21:46,288] [builder.py:2187]           [INFO]     | Mind-Fuck Collection | ? | Requiem for a Dream (2000) (TMDb: 641)                                  |
[2022-07-08 02:21:46,537] [builder.py:2187]           [INFO]     | Mind-Fuck Collection | ? | Predestination (2014) (TMDb: 206487)                                    |
[2022-07-08 02:21:46,816] [builder.py:2187]           [INFO]     | Mind-Fuck Collection | ? | Moon (2009) (TMDb: 17431)                                               |
[2022-07-08 02:21:47,072] [builder.py:2187]           [INFO]     | Mind-Fuck Collection | ? | Oldboy (2003) (TMDb: 670)                                               |
[2022-07-08 02:21:47,283] [builder.py:2187]           [INFO]     | Mind-Fuck Collection | ? | Total Recall (2012) (TMDb: 64635)                                       |
[2022-07-08 02:21:47,596] [builder.py:2187]           [INFO]     | Mind-Fuck Collection | ? | Total Recall (1990) (TMDb: 861)                                         |
[2022-07-08 02:21:47,816] [builder.py:2187]           [INFO]     | Mind-Fuck Collection | ? | Psycho (1960) (TMDb: 539)                                               |
[2022-07-08 02:21:48,138] [builder.py:2187]           [INFO]     | Mind-Fuck Collection | ? | The Game (1997) (TMDb: 2649)                                            |
[2022-07-08 02:21:48,383] [builder.py:2187]           [INFO]     | Mind-Fuck Collection | ? | mother! (2017) (TMDb: 381283)                                           |
[2022-07-08 02:21:48,749] [builder.py:2187]           [INFO]     | Mind-Fuck Collection | ? | The Illusionist (2006) (TMDb: 1491)                                     |
[2022-07-08 02:21:49,038] [builder.py:2187]           [INFO]     | Mind-Fuck Collection | ? | The Devil's Advocate (1997) (TMDb: 1813)                                |
[2022-07-08 02:21:49,405] [builder.py:2187]           [INFO]     | Mind-Fuck Collection | ? | Big Fish (2003) (TMDb: 587)                                             |
[2022-07-08 02:21:49,705] [builder.py:2187]           [INFO]     | Mind-Fuck Collection | ? | The Lobster (2015) (TMDb: 254320)                                       |
[2022-07-08 02:21:50,179] [builder.py:2187]           [INFO]     | Mind-Fuck Collection | ? | The Others (2001) (TMDb: 1933)                                          |
[2022-07-08 02:21:50,416] [builder.py:2187]           [INFO]     | Mind-Fuck Collection | ? | The Machinist (2004) (TMDb: 4553)                                       |
[2022-07-08 02:21:50,929] [builder.py:2187]           [INFO]     | Mind-Fuck Collection | ? | Lucky Number Slevin (2006) (TMDb: 186)                                  |
[2022-07-08 02:21:51,195] [builder.py:2187]           [INFO]     | Mind-Fuck Collection | ? | Cube (1997) (TMDb: 431)                                                 |
[2022-07-08 02:21:51,487] [builder.py:2187]           [INFO]     | Mind-Fuck Collection | ? | The Mist (2007) (TMDb: 5876)                                            |
[2022-07-08 02:21:51,683] [builder.py:2187]           [INFO]     | Mind-Fuck Collection | ? | 1408 (2007) (TMDb: 3021)                                                |
[2022-07-08 02:21:51,995] [builder.py:2187]           [INFO]     | Mind-Fuck Collection | ? | Mr. Nobody (2009) (TMDb: 31011)                                         |
[2022-07-08 02:21:52,205] [builder.py:2187]           [INFO]     | Mind-Fuck Collection | ? | Midnight Special (2016) (TMDb: 245703)                                  |
[2022-07-08 02:21:52,454] [builder.py:2187]           [INFO]     | Mind-Fuck Collection | ? | Mulholland Drive (2001) (TMDb: 1018)                                    |
[2022-07-08 02:21:52,738] [builder.py:2187]           [INFO]     | Mind-Fuck Collection | ? | Being John Malkovich (1999) (TMDb: 492)                                 |
[2022-07-08 02:21:52,954] [builder.py:2187]           [INFO]     | Mind-Fuck Collection | ? | Eyes Wide Shut (1999) (TMDb: 345)                                       |
[2022-07-08 02:21:53,238] [builder.py:2187]           [INFO]     | Mind-Fuck Collection | ? | Enemy (2013) (TMDb: 181886)                                             |
[2022-07-08 02:21:53,529] [builder.py:2187]           [INFO]     | Mind-Fuck Collection | ? | The Belko Experiment (2016) (TMDb: 341006)                              |
[2022-07-08 02:21:53,772] [builder.py:2187]           [INFO]     | Mind-Fuck Collection | ? | Vanilla Sky (2001) (TMDb: 1903)                                         |
[2022-07-08 02:21:54,137] [builder.py:2187]           [INFO]     | Mind-Fuck Collection | ? | Vertigo (1958) (TMDb: 426)                                              |
[2022-07-08 02:21:54,428] [builder.py:2187]           [INFO]     | Mind-Fuck Collection | ? | Coherence (2013) (TMDb: 220289)                                         |
[2022-07-08 02:21:54,705] [builder.py:2187]           [INFO]     | Mind-Fuck Collection | ? | Identity (2003) (TMDb: 2832)                                            |
[2022-07-08 02:21:55,095] [builder.py:2187]           [INFO]     | Mind-Fuck Collection | ? | Dark City (1998) (TMDb: 2666)                                           |
[2022-07-08 02:21:55,662] [builder.py:2187]           [INFO]     | Mind-Fuck Collection | ? | The Man from Earth (2007) (TMDb: 13363)                                 |
[2022-07-08 02:21:55,916] [builder.py:2187]           [INFO]     | Mind-Fuck Collection | ? | Gerald's Game (2017) (TMDb: 343674)                                     |
[2022-07-08 02:21:56,303] [builder.py:2187]           [INFO]     | Mind-Fuck Collection | ? | The Killing of a Sacred Deer (2017) (TMDb: 399057)                      |
[2022-07-08 02:21:56,750] [builder.py:2187]           [INFO]     | Mind-Fuck Collection | ? | K-PAX (2001) (TMDb: 167)                                                |
[2022-07-08 02:21:57,172] [builder.py:2187]           [INFO]     | Mind-Fuck Collection | ? | Primer (2004) (TMDb: 14337)                                             |
[2022-07-08 02:21:57,471] [builder.py:2187]           [INFO]     | Mind-Fuck Collection | ? | The Village (2004) (TMDb: 6947)                                         |
[2022-07-08 02:21:57,827] [builder.py:2187]           [INFO]     | Mind-Fuck Collection | ? | The Fountain (2006) (TMDb: 1381)                                        |
[2022-07-08 02:21:58,060] [builder.py:2187]           [INFO]     | Mind-Fuck Collection | ? | Rosemary's Baby (1968) (TMDb: 805)                                      |
[2022-07-08 02:21:58,305] [builder.py:2187]           [INFO]     | Mind-Fuck Collection | ? | The Signal (2014) (TMDb: 242095)                                        |
[2022-07-08 02:21:58,605] [builder.py:2187]           [INFO]     | Mind-Fuck Collection | ? | Secret Window (2004) (TMDb: 1586)                                       |
[2022-07-08 02:21:58,838] [builder.py:2187]           [INFO]     | Mind-Fuck Collection | ? | The Father (2020) (TMDb: 600354)                                        |
[2022-07-08 02:21:59,216] [builder.py:2187]           [INFO]     | Mind-Fuck Collection | ? | Triangle (2009) (TMDb: 26466)                                           |
[2022-07-08 02:21:59,586] [builder.py:2187]           [INFO]     | Mind-Fuck Collection | ? | As Above, So Below (2014) (TMDb: 256274)                                |
[2022-07-08 02:21:59,871] [builder.py:2187]           [INFO]     | Mind-Fuck Collection | ? | Primal Fear (1996) (TMDb: 1592)                                         |
[2022-07-08 02:22:00,474] [builder.py:2187]           [INFO]     | Mind-Fuck Collection | ? | The Skin I Live In (2011) (TMDb: 63311)                                 |
[2022-07-08 02:22:00,786] [builder.py:2187]           [INFO]     | Mind-Fuck Collection | ? | Run Lola Run (1998) (TMDb: 104)                                         |
[2022-07-08 02:22:01,038] [builder.py:2187]           [INFO]     | Mind-Fuck Collection | ? | The Ninth Gate (1999) (TMDb: 622)                                       |
[2022-07-08 02:22:01,305] [builder.py:2187]           [INFO]     | Mind-Fuck Collection | ? | Vivarium (2019) (TMDb: 458305)                                          |
[2022-07-08 02:22:01,505] [builder.py:2187]           [INFO]     | Mind-Fuck Collection | ? | Paprika (2006) (TMDb: 4977)                                             |
[2022-07-08 02:22:01,870] [builder.py:2187]           [INFO]     | Mind-Fuck Collection | ? | Pi (1998) (TMDb: 473)                                                   |
[2022-07-08 02:22:02,105] [builder.py:2187]           [INFO]     | Mind-Fuck Collection | ? | Filth (2013) (TMDb: 85889)                                              |
[2022-07-08 02:22:02,372] [builder.py:2187]           [INFO]     | Mind-Fuck Collection | ? | A Scanner Darkly (2006) (TMDb: 3509)                                    |
[2022-07-08 02:22:02,583] [builder.py:2187]           [INFO]     | Mind-Fuck Collection | ? | Adaptation. (2002) (TMDb: 2757)                                         |
[2022-07-08 02:22:02,827] [builder.py:2187]           [INFO]     | Mind-Fuck Collection | ? | The Imaginarium of Doctor Parnassus (2009) (TMDb: 8054)                 |
[2022-07-08 02:22:03,049] [builder.py:2187]           [INFO]     | Mind-Fuck Collection | ? | The Tree of Life (2011) (TMDb: 8967)                                    |
[2022-07-08 02:22:03,349] [builder.py:2187]           [INFO]     | Mind-Fuck Collection | ? | Perfect Blue (1997) (TMDb: 10494)                                       |
[2022-07-08 02:22:03,769] [builder.py:2187]           [INFO]     | Mind-Fuck Collection | ? | Martyrs (2008) (TMDb: 9539)                                             |
[2022-07-08 02:22:04,238] [builder.py:2187]           [INFO]     | Mind-Fuck Collection | ? | eXistenZ (1999) (TMDb: 1946)                                            |
[2022-07-08 02:22:04,728] [builder.py:2187]           [INFO]     | Mind-Fuck Collection | ? | Time Lapse (2014) (TMDb: 273271)                                        |
[2022-07-08 02:22:04,961] [builder.py:2187]           [INFO]     | Mind-Fuck Collection | ? | The Cell (2000) (TMDb: 8843)                                            |
[2022-07-08 02:22:05,219] [builder.py:2187]           [INFO]     | Mind-Fuck Collection | ? | Lost Highway (1997) (TMDb: 638)                                         |
[2022-07-08 02:22:05,538] [builder.py:2187]           [INFO]     | Mind-Fuck Collection | ? | Jacob's Ladder (1990) (TMDb: 2291)                                      |
[2022-07-08 02:22:05,869] [builder.py:2187]           [INFO]     | Mind-Fuck Collection | ? | The Skeleton Key (2005) (TMDb: 9913)                                    |
[2022-07-08 02:22:06,249] [builder.py:2187]           [INFO]     | Mind-Fuck Collection | ? | Antichrist (2009) (TMDb: 17609)                                         |
[2022-07-08 02:22:06,716] [builder.py:2187]           [INFO]     | Mind-Fuck Collection | ? | Stonehearst Asylum (2014) (TMDb: 207933)                                |
[2022-07-08 02:22:07,005] [builder.py:2187]           [INFO]     | Mind-Fuck Collection | ? | The Jacket (2005) (TMDb: 9667)                                          |
[2022-07-08 02:22:07,305] [builder.py:2187]           [INFO]     | Mind-Fuck Collection | ? | The Fall (2006) (TMDb: 14784)                                           |
[2022-07-08 02:22:07,616] [builder.py:2187]           [INFO]     | Mind-Fuck Collection | ? | Dogville (2003) (TMDb: 553)                                             |
[2022-07-08 02:22:08,027] [builder.py:2187]           [INFO]     | Mind-Fuck Collection | ? | Videodrome (1983) (TMDb: 837)                                           |
[2022-07-08 02:22:08,294] [builder.py:2187]           [INFO]     | Mind-Fuck Collection | ? | Dogtooth (2009) (TMDb: 38810)                                           |
[2022-07-08 02:22:08,527] [builder.py:2187]           [INFO]     | Mind-Fuck Collection | ? | Cube 2: Hypercube (2002) (TMDb: 437)                                    |
[2022-07-08 02:22:08,894] [builder.py:2187]           [INFO]     | Mind-Fuck Collection | ? | One Hour Photo (2002) (TMDb: 9357)                                      |
[2022-07-08 02:22:09,094] [builder.py:2187]           [INFO]     | Mind-Fuck Collection | ? | Timecrimes (2007) (TMDb: 14139)                                         |
[2022-07-08 02:22:09,460] [builder.py:2187]           [INFO]     | Mind-Fuck Collection | ? | Rashomon (1950) (TMDb: 548)                                             |
[2022-07-08 02:22:09,672] [builder.py:2187]           [INFO]     | Mind-Fuck Collection | ? | Brick (2006) (TMDb: 9270)                                               |
[2022-07-08 02:22:10,094] [builder.py:2187]           [INFO]     | Mind-Fuck Collection | ? | Frailty (2001) (TMDb: 12149)                                            |
[2022-07-08 02:22:10,383] [builder.py:2187]           [INFO]     | Mind-Fuck Collection | ? | Synecdoche, New York (2008) (TMDb: 4960)                                |
[2022-07-08 02:22:10,694] [builder.py:2187]           [INFO]     | Mind-Fuck Collection | ? | Revolver (2005) (TMDb: 10851)                                           |
[2022-07-08 02:22:11,010] [builder.py:2187]           [INFO]     | Mind-Fuck Collection | ? | Enter the Void (2009) (TMDb: 34647)                                     |
[2022-07-08 02:22:11,205] [builder.py:2187]           [INFO]     | Mind-Fuck Collection | ? | In the Mouth of Madness (1995) (TMDb: 2654)                             |
[2022-07-08 02:22:11,461] [builder.py:2187]           [INFO]     | Mind-Fuck Collection | ? | Ghost in the Shell 2: Innocence (2004) (TMDb: 12140)                    |
[2022-07-08 02:22:11,705] [builder.py:2187]           [INFO]     | Mind-Fuck Collection | ? | Barton Fink (1991) (TMDb: 290)                                          |
[2022-07-08 02:22:12,044] [builder.py:2187]           [INFO]     | Mind-Fuck Collection | ? | 13 Sins (2014) (TMDb: 155084)                                           |
[2022-07-08 02:22:12,327] [builder.py:2187]           [INFO]     | Mind-Fuck Collection | ? | Angel Heart (1987) (TMDb: 635)                                          |
[2022-07-08 02:22:12,538] [builder.py:2187]           [INFO]     | Mind-Fuck Collection | ? | Persona (1966) (TMDb: 797)                                              |
[2022-07-08 02:22:12,769] [builder.py:2187]           [INFO]     | Mind-Fuck Collection | ? | The Dead Zone (1983) (TMDb: 11336)                                      |
[2022-07-08 02:22:13,016] [builder.py:2187]           [INFO]     | Mind-Fuck Collection | ? | Audition (1999) (TMDb: 11075)                                           |
[2022-07-08 02:22:13,485] [builder.py:2187]           [INFO]     | Mind-Fuck Collection | ? | Stay (2005) (TMDb: 8066)                                                |
[2022-07-08 02:22:13,771] [builder.py:2187]           [INFO]     | Mind-Fuck Collection | ? | Dancer in the Dark (2000) (TMDb: 16)                                    |
[2022-07-08 02:22:14,035] [builder.py:2187]           [INFO]     | Mind-Fuck Collection | ? | Following (1999) (TMDb: 11660)                                          |
[2022-07-08 02:22:14,305] [builder.py:2187]           [INFO]     | Mind-Fuck Collection | ? | A Tale of Two Sisters (2003) (TMDb: 4552)                               |
[2022-07-08 02:22:14,516] [builder.py:2187]           [INFO]     | Mind-Fuck Collection | ? | Arlington Road (1999) (TMDb: 1073)                                      |
[2022-07-08 02:22:14,843] [builder.py:2187]           [INFO]     | Mind-Fuck Collection | ? | Funny Games (1997) (TMDb: 10234)                                        |
[2022-07-08 02:22:15,060] [builder.py:2187]           [INFO]     | Mind-Fuck Collection | ? | The One I Love (2014) (TMDb: 242090)                                    |
[2022-07-08 02:22:15,418] [builder.py:2187]           [INFO]     | Mind-Fuck Collection | ? | Time Bandits (1981) (TMDb: 36819)                                       |
[2022-07-08 02:22:15,638] [builder.py:2187]           [INFO]     | Mind-Fuck Collection | ? | Solaris (1972) (TMDb: 593)                                              |
[2022-07-08 02:22:15,877] [builder.py:2187]           [INFO]     | Mind-Fuck Collection | ? | 8½ (1963) (TMDb: 422)                                                   |
[2022-07-08 02:22:16,118] [builder.py:2187]           [INFO]     | Mind-Fuck Collection | ? | High Tension (2003) (TMDb: 10226)                                       |
[2022-07-08 02:22:16,435] [builder.py:2187]           [INFO]     | Mind-Fuck Collection | ? | The Mothman Prophecies (2002) (TMDb: 2637)                              |
[2022-07-08 02:22:16,627] [builder.py:2187]           [INFO]     | Mind-Fuck Collection | ? | Confessions of a Dangerous Mind (2002) (TMDb: 4912)                     |
[2022-07-08 02:22:17,068] [builder.py:2187]           [INFO]     | Mind-Fuck Collection | ? | After the Dark (2013) (TMDb: 198287)                                    |
[2022-07-08 02:22:17,510] [builder.py:2187]           [INFO]     | Mind-Fuck Collection | ? | Session 9 (2001) (TMDb: 10972)                                          |
[2022-07-08 02:22:17,760] [builder.py:2187]           [INFO]     | Mind-Fuck Collection | ? | Open Your Eyes (1997) (TMDb: 1902)                                      |
[2022-07-08 02:22:17,943] [builder.py:2187]           [INFO]     | Mind-Fuck Collection | ? | Upstream Color (2013) (TMDb: 145197)                                    |
[2022-07-08 02:22:18,277] [builder.py:2187]           [INFO]     | Mind-Fuck Collection | ? | The City of Lost Children (1995) (TMDb: 902)                            |
[2022-07-08 02:22:18,443] [builder.py:2187]           [INFO]     | Mind-Fuck Collection | ? | Kill List (2011) (TMDb: 74725)                                          |
[2022-07-08 02:22:18,638] [builder.py:2187]           [INFO]     | Mind-Fuck Collection | ? | Love Me If You Dare (2003) (TMDb: 8424)                                 |
[2022-07-08 02:22:18,851] [builder.py:2187]           [INFO]     | Mind-Fuck Collection | ? | The Adventures of Baron Munchausen (1988) (TMDb: 14506)                 |
[2022-07-08 02:22:19,027] [builder.py:2187]           [INFO]     | Mind-Fuck Collection | ? | Perfect Stranger (2007) (TMDb: 7183)                                    |
[2022-07-08 02:22:19,260] [builder.py:2187]           [INFO]     | Mind-Fuck Collection | ? | Caché (2005) (TMDb: 445)                                                |
[2022-07-08 02:22:19,468] [builder.py:2187]           [INFO]     | Mind-Fuck Collection | ? | Dead Man's Shoes (2004) (TMDb: 12877)                                   |
[2022-07-08 02:22:19,727] [builder.py:2187]           [INFO]     | Mind-Fuck Collection | ? | Cypher (2002) (TMDb: 10133)                                             |
[2022-07-08 02:22:20,038] [builder.py:2187]           [INFO]     | Mind-Fuck Collection | ? | Naked Lunch (1991) (TMDb: 2742)                                         |
[2022-07-08 02:22:20,260] [builder.py:2187]           [INFO]     | Mind-Fuck Collection | ? | Inland Empire (2006) (TMDb: 1730)                                       |
[2022-07-08 02:22:20,443] [builder.py:2187]           [INFO]     | Mind-Fuck Collection | ? | Happiness (1998) (TMDb: 10683)                                          |
[2022-07-08 02:22:20,660] [builder.py:2187]           [INFO]     | Mind-Fuck Collection | ? | Sleepaway Camp (1983) (TMDb: 13567)                                     |
[2022-07-08 02:22:20,860] [builder.py:2187]           [INFO]     | Mind-Fuck Collection | ? | The Nines (2007) (TMDb: 12994)                                          |
[2022-07-08 02:22:21,194] [builder.py:2187]           [INFO]     | Mind-Fuck Collection | ? | Don't Look Now (1973) (TMDb: 931)                                       |
[2022-07-08 02:22:21,694] [builder.py:2187]           [INFO]     | Mind-Fuck Collection | ? | The Holy Mountain (1973) (TMDb: 8327)                                   |
[2022-07-08 02:22:21,938] [builder.py:2187]           [INFO]     | Mind-Fuck Collection | ? | Blow-Up (1966) (TMDb: 1052)                                             |
[2022-07-08 02:22:22,227] [builder.py:2187]           [INFO]     | Mind-Fuck Collection | ? | Altered States (1980) (TMDb: 11542)                                     |
[2022-07-08 02:22:22,232] [builder.py:2187]           [INFO]     | Mind-Fuck Collection | ? | The Quiet Earth (1985) (TMDb: 10176)                                    |
[2022-07-08 02:22:22,484] [builder.py:2187]           [INFO]     | Mind-Fuck Collection | ? | The Tenant (1976) (TMDb: 11482)                                         |
[2022-07-08 02:22:22,751] [builder.py:2187]           [INFO]     | Mind-Fuck Collection | ? | Swimming Pool (2003) (TMDb: 302)                                        |
[2022-07-08 02:22:23,018] [builder.py:2187]           [INFO]     | Mind-Fuck Collection | ? | Tideland (2005) (TMDb: 11559)                                           |
[2022-07-08 02:22:23,271] [builder.py:2187]           [INFO]     | Mind-Fuck Collection | ? | Beyond the Black Rainbow (2010) (TMDb: 50037)                           |
[2022-07-08 02:22:23,277] [builder.py:2187]           [INFO]     | Mind-Fuck Collection | ? | El Topo (1970) (TMDb: 13041)                                            |
[2022-07-08 02:22:23,605] [builder.py:2187]           [INFO]     | Mind-Fuck Collection | ? | The Salton Sea (2002) (TMDb: 11468)                                     |
[2022-07-08 02:22:23,809] [builder.py:2187]           [INFO]     | Mind-Fuck Collection | ? | The Lazarus Project (2008) (TMDb: 13825)                                |
[2022-07-08 02:22:24,109] [builder.py:2187]           [INFO]     | Mind-Fuck Collection | ? | Ink (2009) (TMDb: 24869)                                                |
[2022-07-08 02:22:24,459] [builder.py:2187]           [INFO]     | Mind-Fuck Collection | ? | Below (2002) (TMDb: 12590)                                              |
[2022-07-08 02:22:24,694] [builder.py:2187]           [INFO]     | Mind-Fuck Collection | ? | The Truth About Emanuel (2014) (TMDb: 157351)                           |
[2022-07-08 02:22:25,071] [builder.py:2187]           [INFO]     | Mind-Fuck Collection | ? | The Killing Room (2009) (TMDb: 20777)                                   |
[2022-07-08 02:22:25,338] [builder.py:2187]           [INFO]     | Mind-Fuck Collection | ? | Certified Copy (2010) (TMDb: 48303)                                     |
[2022-07-08 02:22:25,551] [builder.py:2187]           [INFO]     | Mind-Fuck Collection | ? | Mind Game (2004) (TMDb: 21712)                                          |
[2022-07-08 02:22:25,884] [builder.py:2187]           [INFO]     | Mind-Fuck Collection | ? | Cure (1997) (TMDb: 36095)                                               |
[2022-07-08 02:22:26,159] [builder.py:2187]           [INFO]     | Mind-Fuck Collection | ? | Reality (2014) (TMDb: 179150)                                           |
[2022-07-08 02:22:26,517] [builder.py:2187]           [INFO]     | Mind-Fuck Collection | ? | Angel's Egg (1985) (TMDb: 15916)                                        |
[2022-07-08 02:22:26,851] [builder.py:2187]           [INFO]     | Mind-Fuck Collection | ? | Last Year at Marienbad (1961) (TMDb: 4024)                              |
[2022-07-08 02:22:27,184] [builder.py:2187]           [INFO]     | Mind-Fuck Collection | ? | Bad Boy Bubby (1993) (TMDb: 14135)                                      |
[2022-07-08 02:22:27,451] [builder.py:2187]           [INFO]     | Mind-Fuck Collection | ? | Blind (2014) (TMDb: 245844)                                             |
[2022-07-08 02:22:27,694] [builder.py:2187]           [INFO]     | Mind-Fuck Collection | ? | Night Moves (1975) (TMDb: 32042)                                        |
[2022-07-08 02:22:27,909] [builder.py:2187]           [INFO]     | Mind-Fuck Collection | ? | Don't Blink (2014) (TMDb: 294308)                                       |
[2022-07-08 02:22:28,151] [builder.py:2187]           [INFO]     | Mind-Fuck Collection | ? | Survive Style 5+ (2004) (TMDb: 16133)                                   |
[2022-07-08 02:22:28,360] [builder.py:2187]           [INFO]     | Mind-Fuck Collection | ? | The Bothersome Man (2006) (TMDb: 13318)                                 |
[2022-07-08 02:22:28,616] [builder.py:2187]           [INFO]     | Mind-Fuck Collection | ? | The Brown Bunny (2004) (TMDb: 12703)                                    |
[2022-07-08 02:22:28,809] [builder.py:2187]           [INFO]     | Mind-Fuck Collection | ? | Weekend (1967) (TMDb: 8075)                                             |
[2022-07-08 02:22:28,994] [builder.py:2187]           [INFO]     | Mind-Fuck Collection | ? | Cat Soup (2001) (TMDb: 25078)                                           |
[2022-07-08 02:22:29,327] [builder.py:2187]           [INFO]     | Mind-Fuck Collection | ? | Begotten (1991) (TMDb: 1483)                                            |
[2022-07-08 02:22:29,749] [builder.py:2187]           [INFO]     | Mind-Fuck Collection | ? | Next Door (2005) (TMDb: 572)                                            |
[2022-07-08 02:22:30,171] [builder.py:2187]           [INFO]     | Mind-Fuck Collection | ? | Gozu (2003) (TMDb: 12487)                                               |
[2022-07-08 02:22:30,405] [builder.py:2187]           [INFO]     | Mind-Fuck Collection | ? | Boxing Helena (1993) (TMDb: 18215)                                      |
[2022-07-08 02:22:30,734] [builder.py:2187]           [INFO]     | Mind-Fuck Collection | ? | The Nightmare (2015) (TMDb: 346641)                                     |
[2022-07-08 02:22:31,084] [builder.py:2187]           [INFO]     | Mind-Fuck Collection | ? | Secret (2007) (TMDb: 20342)                                             |
[2022-07-08 02:22:31,271] [builder.py:2187]           [INFO]     | Mind-Fuck Collection | ? | Special (2006) (TMDb: 13856)                                            |
[2022-07-08 02:22:31,516] [builder.py:2187]           [INFO]     | Mind-Fuck Collection | ? | Black Moon (1975) (TMDb: 27361)                                         |
[2022-07-08 02:22:31,749] [builder.py:2187]           [INFO]     | Mind-Fuck Collection | ? | Brain Dead (1990) (TMDb: 5898)                                          |
[2022-07-08 02:22:32,000] [builder.py:2187]           [INFO]     | Mind-Fuck Collection | ? | 2 or 3 Things I Know About Her (1967) (TMDb: 8074)                      |
[2022-07-08 02:22:32,292] [builder.py:2187]           [INFO]     | Mind-Fuck Collection | ? | One Point O (2004) (TMDb: 17110)                                        |
[2022-07-08 02:22:32,572] [builder.py:2187]           [INFO]     | Mind-Fuck Collection | ? | The Psychic (1977) (TMDb: 27703)                                        |
[2022-07-08 02:22:32,842] [builder.py:2187]           [INFO]     | Mind-Fuck Collection | ? | Infection (2004) (TMDb: 32171)                                          |
[2022-07-08 02:22:33,105] [builder.py:2187]           [INFO]     | Mind-Fuck Collection | ? | Cemetery of Splendor (2015) (TMDb: 298721)                              |
[2022-07-08 02:22:33,416] [builder.py:2187]           [INFO]     | Mind-Fuck Collection | ? | The Ghoul (2017) (TMDb: 399256)                                         |
[2022-07-08 02:22:33,421] [builder.py:2187]           [INFO]     | Mind-Fuck Collection | ? | Maléfique (2003) (TMDb: 46025)                                          |
[2022-07-08 02:22:33,649] [builder.py:2187]           [INFO]     | Mind-Fuck Collection | ? | The Ornithologist (2016) (TMDb: 377274)                                 |
[2022-07-08 02:22:33,917] [builder.py:2187]           [INFO]     | Mind-Fuck Collection | ? | Funky Forest: The First Contact (2005) (TMDb: 21136)                    |
[2022-07-08 02:22:34,494] [builder.py:2187]           [INFO]     | Mind-Fuck Collection | ? | Schizopolis (1997) (TMDb: 16375)                                        |
[2022-07-08 02:22:34,750] [builder.py:2187]           [INFO]     | Mind-Fuck Collection | ? | The Hourglass Sanatorium (1973) (TMDb: 45698)                           |
[2022-07-08 02:22:34,960] [builder.py:2187]           [INFO]     | Mind-Fuck Collection | ? | An Occurrence at Owl Creek Bridge (1961) (TMDb: 53218)                  |
[2022-07-08 02:22:35,260] [builder.py:2187]           [INFO]     | Mind-Fuck Collection | ? | Ritual (2012) (TMDb: 98368)                                             |
[2022-07-08 02:22:35,550] [builder.py:2187]           [INFO]     | Mind-Fuck Collection | ? | The Day of the Locust (1975) (TMDb: 5122)                               |
[2022-07-08 02:22:35,849] [builder.py:2187]           [INFO]     | Mind-Fuck Collection | ? | Frenzy (2015) (TMDb: 352196)                                            |
[2022-07-08 02:22:36,094] [builder.py:2187]           [INFO]     | Mind-Fuck Collection | ? | Izo (2004) (TMDb: 12580)                                                |
[2022-07-08 02:22:36,438] [builder.py:2187]           [INFO]     | Mind-Fuck Collection | ? | Chasing Sleep (2001) (TMDb: 32166)                                      |
[2022-07-08 02:22:36,942] [builder.py:2187]           [INFO]     | Mind-Fuck Collection | ? | Spider Forest (2004) (TMDb: 21781)                                      |
[2022-07-08 02:22:37,309] [builder.py:2187]           [INFO]     | Mind-Fuck Collection | ? | Fish & Cat (2013) (TMDb: 243884)                                        |
[2022-07-08 02:22:37,538] [builder.py:2187]           [INFO]     | Mind-Fuck Collection | ? | The Fake (2013) (TMDb: 211247)                                          |
[2022-07-08 02:22:37,827] [builder.py:2187]           [INFO]     | Mind-Fuck Collection | ? | Labyrinth (2003) (TMDb: 22578)                                          |
[2022-07-08 02:22:38,160] [builder.py:2187]           [INFO]     | Mind-Fuck Collection | ? | Lulu on the Bridge (1998) (TMDb: 42848)                                 |
[2022-07-08 02:22:38,360] [builder.py:2187]           [INFO]     | Mind-Fuck Collection | ? | Possible Worlds (2000) (TMDb: 38987)                                    |
[2022-07-08 02:22:38,627] [builder.py:2187]           [INFO]     | Mind-Fuck Collection | ? | Film Socialisme (2010) (TMDb: 54083)                                    |
[2022-07-08 02:22:38,860] [builder.py:2187]           [INFO]     | Mind-Fuck Collection | ? | Corridor (2010) (TMDb: 56532)                                           |
[2022-07-08 02:22:39,071] [builder.py:2187]           [INFO]     | Mind-Fuck Collection | ? | Invasion (2017) (TMDb: 485374)                                          |
[2022-07-08 02:22:39,560] [builder.py:2187]           [INFO]     | Mind-Fuck Collection | ? | Sacred Heart (2005) (TMDb: 43584)                                       |
[2022-07-08 02:22:40,016] [builder.py:2187]           [INFO]     | Mind-Fuck Collection | ? | 11 Minutes Ago (2007) (TMDb: 86556)                                     |
[2022-07-08 02:22:40,266] [builder.py:2187]           [INFO]     | Mind-Fuck Collection | ? | Idaho Transfer (1973) (TMDb: 74836)                                     |
[2022-07-08 02:22:40,627] [builder.py:2187]           [INFO]     | Mind-Fuck Collection | ? | The Invasion of Thunderbolt Pagoda (1968) (TMDb: 107209)                |
[2022-07-08 02:22:40,938] [builder.py:2187]           [INFO]     | Mind-Fuck Collection | ? | The Sea That Thinks (2000) (TMDb: 69974)                                |
[2022-07-08 02:22:41,249] [builder.py:2187]           [INFO]     | Mind-Fuck Collection | ? | Blame (2006) (TMDb: 34993)                                              |
[2022-07-08 02:22:41,438] [builder.py:2187]           [INFO]     | Mind-Fuck Collection | ? | Where the Dead Go to Die (2012) (TMDb: 169314)                          |
[2022-07-08 02:22:41,771] [builder.py:2187]           [INFO]     | Mind-Fuck Collection | ? | Zenith (2010) (TMDb: 63154)                                             |
[2022-07-08 02:22:41,960] [builder.py:2187]           [INFO]     | Mind-Fuck Collection | ? | Howlings in Favour of De Sade (1952) (TMDb: 180549)                     |
[2022-07-08 02:22:42,208] [builder.py:2187]           [INFO]     | Mind-Fuck Collection | ? | Inside Charlie (2007) (TMDb: 337774)                                    |
[2022-07-08 02:22:42,538] [builder.py:2187]           [INFO]     | Mind-Fuck Collection | ? | A Karate Christmas Miracle (2019) (TMDb: 649006)                        |
[2022-07-08 02:22:42,539] [builder.py:2192]           [INFO]     |                                                                                                    |
[2022-07-08 02:22:42,539] [builder.py:2193]           [INFO]     | 220 Movies Missing                                                                                 |
[2022-07-08 02:22:42,540] [plex_meta_manager.py:593]  [INFO]     |                                                                                                    |
[2022-07-08 02:22:42,540] [plex_meta_manager.py:594]  [INFO]     | Collection Minimum: 3 not met for Mind-Fuck Collection                                             |
[2022-07-08 02:22:42,540] [plex_meta_manager.py:674]  [INFO]     |                                                                                                    |
[2022-07-08 02:22:42,541] [plex_meta_manager.py:675]  [INFO]     |====================================================================================================|
[2022-07-08 02:22:42,541] [plex_meta_manager.py:675]  [INFO]     |                                   Finished Mind-Fuck Collection                                    |
[2022-07-08 02:22:42,541] [plex_meta_manager.py:675]  [INFO]     |                                    Collection Run Time: 0:01:04                                    |
[2022-07-08 02:22:42,541] [plex_meta_manager.py:675]  [INFO]     |====================================================================================================|
