[2022-07-08 02:30:51,374] [builder.py:185]            [INFO]     |====================================================================================================|
[2022-07-08 02:30:51,375] [builder.py:185]            [INFO]     |                                 Trakt Trending Collection in 亚洲电影                                  |
[2022-07-08 02:30:51,376] [builder.py:185]            [INFO]     |====================================================================================================|
[2022-07-08 02:30:51,376] [builder.py:186]            [INFO]     |                                                                                                    |
[2022-07-08 02:30:51,377] [builder.py:191]            [INFO]     |=============================== Validating Trakt Trending Attributes ===============================|
[2022-07-08 02:30:51,377] [builder.py:212]            [DEBUG]    |                                                                                                    |
[2022-07-08 02:30:51,378] [builder.py:213]            [DEBUG]    | Validating Method: template                                                                        |
[2022-07-08 02:30:51,378] [meta.py:103]               [DEBUG]    | Value: [{'value': ['trending'], 'custom': ['trending'], 'key_name': 'Trending', 'key': 'trending', 'name': 'trakt'}, {'value': ['trending'], 'custom': ['trending'], 'key_name': 'Trending', 'key': 'trending', 'name': 'customsync'}, {'value': ['trending'], 'custom': ['trending'], 'key_name': 'Trending', 'key': 'trending', 'name': 'chart_shared'}] |
[2022-07-08 02:30:51,381] [builder.py:437]            [DEBUG]    |                                                                                                    |
[2022-07-08 02:30:51,382] [builder.py:438]            [DEBUG]    | Validating Method: sync_mode                                                                       |
[2022-07-08 02:30:51,382] [builder.py:442]            [DEBUG]    | Value: sync                                                                                        |
[2022-07-08 02:30:51,383] [builder.py:582]            [DEBUG]    |                                                                                                    |
[2022-07-08 02:30:51,383] [builder.py:583]            [DEBUG]    | Validating Method: collection_order                                                                |
[2022-07-08 02:30:51,383] [builder.py:584]            [DEBUG]    | Value: custom                                                                                      |
[2022-07-08 02:30:51,384] [builder.py:600]            [DEBUG]    |                                                                                                    |
[2022-07-08 02:30:51,384] [builder.py:604]            [DEBUG]    | Validating Method: label                                                                           |
[2022-07-08 02:30:51,384] [builder.py:605]            [DEBUG]    | Value: Trakt                                                                                       |
[2022-07-08 02:30:51,385] [builder.py:600]            [DEBUG]    |                                                                                                    |
[2022-07-08 02:30:51,385] [builder.py:604]            [DEBUG]    | Validating Method: trakt_chart                                                                     |
[2022-07-08 02:30:51,385] [builder.py:605]            [DEBUG]    | Value: {'chart': 'trending', 'limit': 100}                                                         |
[2022-07-08 02:30:51,386] [builder.py:600]            [DEBUG]    |                                                                                                    |
[2022-07-08 02:30:51,386] [builder.py:604]            [DEBUG]    | Validating Method: summary                                                                         |
[2022-07-08 02:30:51,387] [builder.py:605]            [DEBUG]    | Value: A collection of Trakt's Weekly movie List                                                   |
[2022-07-08 02:30:51,387] [builder.py:600]            [DEBUG]    |                                                                                                    |
[2022-07-08 02:30:51,388] [builder.py:604]            [DEBUG]    | Validating Method: sort_title                                                                      |
[2022-07-08 02:30:51,388] [builder.py:605]            [DEBUG]    | Value: !01_Trakt Trending                                                                          |
[2022-07-08 02:30:51,388] [builder.py:600]            [DEBUG]    |                                                                                                    |
[2022-07-08 02:30:51,389] [builder.py:604]            [DEBUG]    | Validating Method: url_poster                                                                      |
[2022-07-08 02:30:51,389] [builder.py:605]            [DEBUG]    | Value: https://raw.githubusercontent.com/meisnate12/Plex-Meta-Manager-Images/master/chart/Trakt%20Trending.jpg |
[2022-07-08 02:30:51,703] [plex.py:742]               [DEBUG]    |                                                                                                    |
[2022-07-08 02:30:51,703] [plex.py:745]               [DEBUG]    | Looking for: Trakt Trending                                                                        |
[2022-07-08 02:30:51,704] [builder.py:764]            [INFO]     |                                                                                                    |
[2022-07-08 02:30:51,704] [builder.py:765]            [INFO]     | Validation Successful                                                                              |
[2022-07-08 02:30:51,705] [plex_meta_manager.py:539]  [INFO]     |                                                                                                    |
[2022-07-08 02:30:51,706] [plex_meta_manager.py:541]  [INFO]     |================================ Running Trakt Trending Collection =================================|
[2022-07-08 02:30:51,706] [plex_meta_manager.py:553]  [INFO]     |                                                                                                    |
[2022-07-08 02:30:51,706] [plex_meta_manager.py:554]  [INFO]     | Sync Mode: sync                                                                                    |
[2022-07-08 02:30:51,707] [plex_meta_manager.py:557]  [DEBUG]    |                                                                                                    |
[2022-07-08 02:30:51,707] [plex_meta_manager.py:558]  [DEBUG]    | Builder: trakt_chart: {'chart': 'trending', 'limit': 100, 'time_period': None}                     |
[2022-07-08 02:30:51,707] [plex_meta_manager.py:559]  [INFO]     |                                                                                                    |
[2022-07-08 02:30:51,708] [trakt.py:490]              [INFO]     | Processing Trakt Chart: 100 Trending Movies                                                        |
[2022-07-08 02:30:52,040] [builder.py:1507]           [DEBUG]    |                                                                                                    |
[2022-07-08 02:30:52,041] [builder.py:1508]           [DEBUG]    | 100 IDs Found: [(507086, 'tmdb'), (453395, 'tmdb'), (616037, 'tmdb'), (759175, 'tmdb'), (675353, 'tmdb'), (414906, 'tmdb'), (338953, 'tmdb'), (639933, 'tmdb'), (667739, 'tmdb'), (545611, 'tmdb'), (568124, 'tmdb'), (526896, 'tmdb'), (361743, 'tmdb'), (438695, 'tmdb'), (746419, 'tmdb'), (438148, 'tmdb'), (11, 'tmdb'), (634649, 'tmdb'), (335787, 'tmdb'), (406759, 'tmdb'), (648579, 'tmdb'), (629542, 'tmdb'), (120, 'tmdb'), (284053, 'tmdb'), (752623, 'tmdb'), (663260, 'tmdb'), (843847, 'tmdb'), (614934, 'tmdb'), (269149, 'tmdb'), (438631, 'tmdb'), (626735, 'tmdb'), (780609, 'tmdb'), (681309, 'tmdb'), (299536, 'tmdb'), (121, 'tmdb'), (135397, 'tmdb'), (672, 'tmdb'), (351286, 'tmdb'), (338952, 'tmdb'), (823625, 'tmdb'), (420821, 'tmdb'), (818397, 'tmdb'), (988046, 'tmdb'), (27205, 'tmdb'), (24428, 'tmdb'), (299534, 'tmdb'), (673, 'tmdb'), (12444, 'tmdb'), (808, 'tmdb'), (1895, 'tmdb'), (238, 'tmdb'), (18785, 'tmdb'), (58, 'tmdb'), (285, 'tmdb'), (20526, 'tmdb'), (744, 'tmdb'), (454626, 'tmdb'), (337404, 'tmdb'), (425909, 'tmdb'), (476669, 'tmdb'), (508947, 'tmdb'), (763285, 'tmdb'), (446893, 'tmdb'), (828947, 'tmdb'), (960258, 'tmdb'), (746333, 'tmdb'), (884315, 'tmdb'), (916719, 'tmdb'), (888195, 'tmdb'), (835381, 'tmdb'), (974187, 'tmdb'), (118340, 'tmdb'), (157336, 'tmdb'), (284052, 'tmdb'), (259316, 'tmdb'), (106646, 'tmdb'), (671, 'tmdb'), (137113, 'tmdb'), (76338, 'tmdb'), (675, 'tmdb'), (181808, 'tmdb'), (329, 'tmdb'), (205596, 'tmdb'), (1893, 'tmdb'), (335797, 'tmdb'), (211672, 'tmdb'), (137106, 'tmdb'), (165, 'tmdb'), (119450, 'tmdb'), (89, 'tmdb'), (497698, 'tmdb'), (138843, 'tmdb'), (240, 'tmdb'), (9479, 'tmdb'), (550988, 'tmdb'), (187017, 'tmdb'), (118, 'tmdb'), (566525, 'tmdb'), (301528, 'tmdb'), (216015, 'tmdb')] |
[2022-07-08 02:30:52,041] [builder.py:1509]           [DEBUG]    |                                                                                                    |
[2022-07-08 02:30:52,044] [builder.py:2172]           [INFO]     |                                                                                                    |
[2022-07-08 02:30:52,045] [builder.py:2173]           [INFO]     |================================ Missing Movies from Library: 亚洲电影 =================================|
[2022-07-08 02:30:52,045] [builder.py:2174]           [INFO]     |                                                                                                    |
[2022-07-08 02:30:52,741] [builder.py:2187]           [INFO]     | Trakt Trending Collection | ? | Jurassic World Dominion (2022) (TMDb: 507086)                      |
[2022-07-08 02:30:53,008] [builder.py:2187]           [INFO]     | Trakt Trending Collection | ? | Doctor Strange in the Multiverse of Madness (2022) (TMDb: 453395)  |
[2022-07-08 02:30:53,274] [builder.py:2187]           [INFO]     | Trakt Trending Collection | ? | Thor: Love and Thunder (2022) (TMDb: 616037)                       |
[2022-07-08 02:30:53,592] [builder.py:2187]           [INFO]     | Trakt Trending Collection | ? | The Princess (2022) (TMDb: 759175)                                 |
[2022-07-08 02:30:53,799] [builder.py:2187]           [INFO]     | Trakt Trending Collection | ? | Sonic the Hedgehog 2 (2022) (TMDb: 675353)                         |
[2022-07-08 02:30:53,980] [builder.py:2187]           [INFO]     | Trakt Trending Collection | ? | The Batman (2022) (TMDb: 414906)                                   |
[2022-07-08 02:30:54,192] [builder.py:2187]           [INFO]     | Trakt Trending Collection | ? | Fantastic Beasts: The Secrets of Dumbledore (2022) (TMDb: 338953)  |
[2022-07-08 02:30:54,433] [builder.py:2187]           [INFO]     | Trakt Trending Collection | ? | The Northman (2022) (TMDb: 639933)                                 |
[2022-07-08 02:30:54,675] [builder.py:2187]           [INFO]     | Trakt Trending Collection | ? | The Man From Toronto (2022) (TMDb: 667739)                         |
[2022-07-08 02:30:54,983] [builder.py:2187]           [INFO]     | Trakt Trending Collection | ? | Everything Everywhere All at Once (2022) (TMDb: 545611)            |
[2022-07-08 02:30:55,269] [builder.py:2187]           [INFO]     | Trakt Trending Collection | ? | Encanto (2021) (TMDb: 568124)                                      |
[2022-07-08 02:30:55,503] [builder.py:2187]           [INFO]     | Trakt Trending Collection | ? | Morbius (2022) (TMDb: 526896)                                      |
[2022-07-08 02:30:55,769] [builder.py:2187]           [INFO]     | Trakt Trending Collection | ? | Top Gun: Maverick (2022) (TMDb: 361743)                            |
[2022-07-08 02:30:55,992] [builder.py:2187]           [INFO]     | Trakt Trending Collection | ? | Sing 2 (2021) (TMDb: 438695)                                       |
[2022-07-08 02:30:56,258] [builder.py:2187]           [INFO]     | Trakt Trending Collection | ? | Father of the Bride (2022) (TMDb: 746419)                          |
[2022-07-08 02:30:56,574] [builder.py:2187]           [INFO]     | Trakt Trending Collection | ? | Minions: The Rise of Gru (2022) (TMDb: 438148)                     |
[2022-07-08 02:30:56,858] [builder.py:2187]           [INFO]     | Trakt Trending Collection | ? | Star Wars (1977) (TMDb: 11)                                        |
[2022-07-08 02:30:57,136] [builder.py:2187]           [INFO]     | Trakt Trending Collection | ? | Spider-Man: No Way Home (2021) (TMDb: 634649)                      |
[2022-07-08 02:30:57,425] [builder.py:2187]           [INFO]     | Trakt Trending Collection | ? | Uncharted (2022) (TMDb: 335787)                                    |
[2022-07-08 02:30:57,692] [builder.py:2187]           [INFO]     | Trakt Trending Collection | ? | Moonfall (2022) (TMDb: 406759)                                     |
[2022-07-08 02:30:57,925] [builder.py:2187]           [INFO]     | Trakt Trending Collection | ? | The Unbearable Weight of Massive Talent (2022) (TMDb: 648579)      |
[2022-07-08 02:30:58,225] [builder.py:2187]           [INFO]     | Trakt Trending Collection | ? | The Bad Guys (2022) (TMDb: 629542)                                 |
[2022-07-08 02:30:58,549] [builder.py:2187]           [INFO]     | Trakt Trending Collection | ? | The Lord of the Rings: The Fellowship of the Ring (2001) (TMDb: 120) |
[2022-07-08 02:30:58,749] [builder.py:2187]           [INFO]     | Trakt Trending Collection | ? | Thor: Ragnarok (2017) (TMDb: 284053)                               |
[2022-07-08 02:30:58,958] [builder.py:2187]           [INFO]     | Trakt Trending Collection | ? | The Lost City (2022) (TMDb: 752623)                                |
[2022-07-08 02:30:59,203] [builder.py:2187]           [INFO]     | Trakt Trending Collection | ? | Black Box (2021) (TMDb: 663260)                                    |
[2022-07-08 02:30:59,436] [builder.py:2187]           [INFO]     | Trakt Trending Collection | ? | Jerry & Marge Go Large (2022) (TMDb: 843847)                       |
[2022-07-08 02:30:59,782] [builder.py:2187]           [INFO]     | Trakt Trending Collection | ? | Elvis (2022) (TMDb: 614934)                                        |
[2022-07-08 02:31:00,107] [builder.py:2187]           [INFO]     | Trakt Trending Collection | ? | Zootopia (2016) (TMDb: 269149)                                     |
[2022-07-08 02:31:00,447] [builder.py:2187]           [INFO]     | Trakt Trending Collection | ? | Dune (2021) (TMDb: 438631)                                         |
[2022-07-08 02:31:00,782] [builder.py:2187]           [INFO]     | Trakt Trending Collection | ? | Dog (2022) (TMDb: 626735)                                          |
[2022-07-08 02:31:01,016] [builder.py:2187]           [INFO]     | Trakt Trending Collection | ? | Men (2022) (TMDb: 780609)                                          |
[2022-07-08 02:31:01,432] [builder.py:2187]           [INFO]     | Trakt Trending Collection | ? | Tady hlídáme my (2021) (TMDb: 681309)                              |
[2022-07-08 02:31:01,736] [builder.py:2187]           [INFO]     | Trakt Trending Collection | ? | Avengers: Infinity War (2018) (TMDb: 299536)                       |
[2022-07-08 02:31:02,025] [builder.py:2187]           [INFO]     | Trakt Trending Collection | ? | The Lord of the Rings: The Two Towers (2002) (TMDb: 121)           |
[2022-07-08 02:31:02,315] [builder.py:2187]           [INFO]     | Trakt Trending Collection | ? | Jurassic World (2015) (TMDb: 135397)                               |
[2022-07-08 02:31:02,536] [builder.py:2187]           [INFO]     | Trakt Trending Collection | ? | Harry Potter and the Chamber of Secrets (2002) (TMDb: 672)         |
[2022-07-08 02:31:02,758] [builder.py:2187]           [INFO]     | Trakt Trending Collection | ? | Jurassic World: Fallen Kingdom (2018) (TMDb: 351286)               |
[2022-07-08 02:31:02,980] [builder.py:2187]           [INFO]     | Trakt Trending Collection | ? | Fantastic Beasts: The Crimes of Grindelwald (2018) (TMDb: 338952)  |
[2022-07-08 02:31:03,382] [builder.py:2187]           [INFO]     | Trakt Trending Collection | ? | Blacklight (2022) (TMDb: 823625)                                   |
[2022-07-08 02:31:03,674] [builder.py:2187]           [INFO]     | Trakt Trending Collection | ? | Chip 'n Dale: Rescue Rangers (2022) (TMDb: 420821)                 |
[2022-07-08 02:31:04,074] [builder.py:2187]           [INFO]     | Trakt Trending Collection | ? | Memory (2022) (TMDb: 818397)                                       |
[2022-07-08 02:31:04,392] [builder.py:2187]           [INFO]     | Trakt Trending Collection | ? | Girl in the Picture (2022) (TMDb: 988046)                          |
[2022-07-08 02:31:04,832] [builder.py:2187]           [INFO]     | Trakt Trending Collection | ? | Inception (2010) (TMDb: 27205)                                     |
[2022-07-08 02:31:05,115] [builder.py:2187]           [INFO]     | Trakt Trending Collection | ? | The Avengers (2012) (TMDb: 24428)                                  |
[2022-07-08 02:31:05,314] [builder.py:2187]           [INFO]     | Trakt Trending Collection | ? | Avengers: Endgame (2019) (TMDb: 299534)                            |
[2022-07-08 02:31:05,569] [builder.py:2187]           [INFO]     | Trakt Trending Collection | ? | Harry Potter and the Prisoner of Azkaban (2004) (TMDb: 673)        |
[2022-07-08 02:31:05,832] [builder.py:2187]           [INFO]     | Trakt Trending Collection | ? | Harry Potter and the Deathly Hallows: Part 1 (2010) (TMDb: 12444)  |
[2022-07-08 02:31:06,091] [builder.py:2187]           [INFO]     | Trakt Trending Collection | ? | Shrek (2001) (TMDb: 808)                                           |
[2022-07-08 02:31:06,097] [builder.py:2187]           [INFO]     | Trakt Trending Collection | ? | Star Wars: Episode III - Revenge of the Sith (2005) (TMDb: 1895)   |
[2022-07-08 02:31:06,307] [builder.py:2187]           [INFO]     | Trakt Trending Collection | ? | The Godfather (1972) (TMDb: 238)                                   |
[2022-07-08 02:31:06,636] [builder.py:2187]           [INFO]     | Trakt Trending Collection | ? | The Hangover (2009) (TMDb: 18785)                                  |
[2022-07-08 02:31:06,903] [builder.py:2187]           [INFO]     | Trakt Trending Collection | ? | Pirates of the Caribbean: Dead Man's Chest (2006) (TMDb: 58)       |
[2022-07-08 02:31:07,458] [builder.py:2187]           [INFO]     | Trakt Trending Collection | ? | Pirates of the Caribbean: At World's End (2007) (TMDb: 285)        |
[2022-07-08 02:31:07,781] [builder.py:2187]           [INFO]     | Trakt Trending Collection | ? | TRON: Legacy (2010) (TMDb: 20526)                                  |
[2022-07-08 02:31:08,082] [builder.py:2187]           [INFO]     | Trakt Trending Collection | ? | Top Gun (1986) (TMDb: 744)                                         |
[2022-07-08 02:31:08,625] [builder.py:2187]           [INFO]     | Trakt Trending Collection | ? | Sonic the Hedgehog (2020) (TMDb: 454626)                           |
[2022-07-08 02:31:09,373] [builder.py:2187]           [INFO]     | Trakt Trending Collection | ? | Cruella (2021) (TMDb: 337404)                                      |
[2022-07-08 02:31:09,673] [builder.py:2187]           [INFO]     | Trakt Trending Collection | ? | Ghostbusters: Afterlife (2021) (TMDb: 425909)                      |
[2022-07-08 02:31:09,881] [builder.py:2187]           [INFO]     | Trakt Trending Collection | ? | The King's Man (2021) (TMDb: 476669)                               |
[2022-07-08 02:31:10,080] [builder.py:2187]           [INFO]     | Trakt Trending Collection | ? | Turning Red (2022) (TMDb: 508947)                                  |
[2022-07-08 02:31:10,292] [builder.py:2187]           [INFO]     | Trakt Trending Collection | ? | Ambulance (2022) (TMDb: 763285)                                    |
[2022-07-08 02:31:10,865] [builder.py:2187]           [INFO]     | Trakt Trending Collection | ? | Trolls World Tour (2020) (TMDb: 446893)                            |
[2022-07-08 02:31:11,158] [builder.py:2187]           [INFO]     | Trakt Trending Collection | ? | Beavis and Butt-Head Do the Universe (2022) (TMDb: 828947)         |
[2022-07-08 02:31:11,447] [builder.py:2187]           [INFO]     | Trakt Trending Collection | ? | Shark Bait (2022) (TMDb: 960258)                                   |
[2022-07-08 02:31:11,936] [builder.py:2187]           [INFO]     | Trakt Trending Collection | ? | Superwho? (2022) (TMDb: 746333)                                    |
[2022-07-08 02:31:12,358] [builder.py:2187]           [INFO]     | Trakt Trending Collection | ? | Terror on the Prairie (2022) (TMDb: 884315)                        |
[2022-07-08 02:31:12,631] [builder.py:2187]           [INFO]     | Trakt Trending Collection | ? | Code Name Banshee (2022) (TMDb: 916719)                            |
[2022-07-08 02:31:12,873] [builder.py:2187]           [INFO]     | Trakt Trending Collection | ? | Hot Seat (2022) (TMDb: 888195)                                     |
[2022-07-08 02:31:13,803] [builder.py:2187]           [INFO]     | Trakt Trending Collection | ? | V lete ti poviem, ako sa mám (2022) (TMDb: 835381)                 |
[2022-07-08 02:31:14,058] [builder.py:2187]           [INFO]     | Trakt Trending Collection | ? | The Summoned (2022) (TMDb: 974187)                                 |
[2022-07-08 02:31:14,306] [builder.py:2187]           [INFO]     | Trakt Trending Collection | ? | Guardians of the Galaxy (2014) (TMDb: 118340)                      |
[2022-07-08 02:31:14,573] [builder.py:2187]           [INFO]     | Trakt Trending Collection | ? | Interstellar (2014) (TMDb: 157336)                                 |
[2022-07-08 02:31:14,825] [builder.py:2187]           [INFO]     | Trakt Trending Collection | ? | Doctor Strange (2016) (TMDb: 284052)                               |
[2022-07-08 02:31:15,114] [builder.py:2187]           [INFO]     | Trakt Trending Collection | ? | Fantastic Beasts and Where to Find Them (2016) (TMDb: 259316)      |
[2022-07-08 02:31:15,391] [builder.py:2187]           [INFO]     | Trakt Trending Collection | ? | The Wolf of Wall Street (2013) (TMDb: 106646)                      |
[2022-07-08 02:31:15,706] [builder.py:2187]           [INFO]     | Trakt Trending Collection | ? | Harry Potter and the Philosopher's Stone (2001) (TMDb: 671)        |
[2022-07-08 02:31:16,025] [builder.py:2187]           [INFO]     | Trakt Trending Collection | ? | Edge of Tomorrow (2014) (TMDb: 137113)                             |
[2022-07-08 02:31:16,225] [builder.py:2187]           [INFO]     | Trakt Trending Collection | ? | Thor: The Dark World (2013) (TMDb: 76338)                          |
[2022-07-08 02:31:16,536] [builder.py:2187]           [INFO]     | Trakt Trending Collection | ? | Harry Potter and the Order of the Phoenix (2007) (TMDb: 675)       |
[2022-07-08 02:31:16,803] [builder.py:2187]           [INFO]     | Trakt Trending Collection | ? | Star Wars: The Last Jedi (2017) (TMDb: 181808)                     |
[2022-07-08 02:31:17,081] [builder.py:2187]           [INFO]     | Trakt Trending Collection | ? | Jurassic Park (1993) (TMDb: 329)                                   |
[2022-07-08 02:31:17,325] [builder.py:2187]           [INFO]     | Trakt Trending Collection | ? | The Imitation Game (2014) (TMDb: 205596)                           |
[2022-07-08 02:31:17,639] [builder.py:2187]           [INFO]     | Trakt Trending Collection | ? | Star Wars: Episode I - The Phantom Menace (1999) (TMDb: 1893)      |
[2022-07-08 02:31:17,964] [builder.py:2187]           [INFO]     | Trakt Trending Collection | ? | Sing (2016) (TMDb: 335797)                                         |
[2022-07-08 02:31:18,236] [builder.py:2187]           [INFO]     | Trakt Trending Collection | ? | Minions (2015) (TMDb: 211672)                                      |
[2022-07-08 02:31:18,514] [builder.py:2187]           [INFO]     | Trakt Trending Collection | ? | The Lego Movie (2014) (TMDb: 137106)                               |
[2022-07-08 02:31:19,056] [builder.py:2187]           [INFO]     | Trakt Trending Collection | ? | Back to the Future Part II (1989) (TMDb: 165)                      |
[2022-07-08 02:31:19,639] [builder.py:2187]           [INFO]     | Trakt Trending Collection | ? | Dawn of the Planet of the Apes (2014) (TMDb: 119450)               |
[2022-07-08 02:31:19,925] [builder.py:2187]           [INFO]     | Trakt Trending Collection | ? | Indiana Jones and the Last Crusade (1989) (TMDb: 89)               |
[2022-07-08 02:31:20,197] [builder.py:2187]           [INFO]     | Trakt Trending Collection | ? | Black Widow (2021) (TMDb: 497698)                                  |
[2022-07-08 02:31:20,897] [builder.py:2187]           [INFO]     | Trakt Trending Collection | ? | The Conjuring (2013) (TMDb: 138843)                                |
[2022-07-08 02:31:21,136] [builder.py:2187]           [INFO]     | Trakt Trending Collection | ? | The Godfather: Part II (1974) (TMDb: 240)                          |
[2022-07-08 02:31:21,547] [builder.py:2187]           [INFO]     | Trakt Trending Collection | ? | The Nightmare Before Christmas (1993) (TMDb: 9479)                 |
[2022-07-08 02:31:21,847] [builder.py:2187]           [INFO]     | Trakt Trending Collection | ? | Free Guy (2021) (TMDb: 550988)                                     |
[2022-07-08 02:31:22,380] [builder.py:2187]           [INFO]     | Trakt Trending Collection | ? | 22 Jump Street (2014) (TMDb: 187017)                               |
[2022-07-08 02:31:22,658] [builder.py:2187]           [INFO]     | Trakt Trending Collection | ? | Charlie and the Chocolate Factory (2005) (TMDb: 118)               |
[2022-07-08 02:31:22,914] [builder.py:2187]           [INFO]     | Trakt Trending Collection | ? | Shang-Chi and the Legend of the Ten Rings (2021) (TMDb: 566525)    |
[2022-07-08 02:31:23,125] [builder.py:2187]           [INFO]     | Trakt Trending Collection | ? | Toy Story 4 (2019) (TMDb: 301528)                                  |
[2022-07-08 02:31:23,403] [builder.py:2187]           [INFO]     | Trakt Trending Collection | ? | Fifty Shades of Grey (2015) (TMDb: 216015)                         |
[2022-07-08 02:31:23,403] [builder.py:2192]           [INFO]     |                                                                                                    |
[2022-07-08 02:31:23,403] [builder.py:2193]           [INFO]     | 100 Movies Missing                                                                                 |
[2022-07-08 02:31:23,404] [plex_meta_manager.py:593]  [INFO]     |                                                                                                    |
[2022-07-08 02:31:23,404] [plex_meta_manager.py:594]  [INFO]     | Collection Minimum: 3 not met for Trakt Trending Collection                                        |
[2022-07-08 02:31:23,404] [plex_meta_manager.py:674]  [INFO]     |                                                                                                    |
[2022-07-08 02:31:23,405] [plex_meta_manager.py:675]  [INFO]     |====================================================================================================|
[2022-07-08 02:31:23,405] [plex_meta_manager.py:675]  [INFO]     |                                 Finished Trakt Trending Collection                                 |
[2022-07-08 02:31:23,405] [plex_meta_manager.py:675]  [INFO]     |                                    Collection Run Time: 0:00:32                                    |
[2022-07-08 02:31:23,406] [plex_meta_manager.py:675]  [INFO]     |====================================================================================================|
