[2022-07-08 03:03:25,435] [builder.py:185]            [INFO]     |====================================================================================================|
[2022-07-08 03:03:25,436] [builder.py:185]            [INFO]     |                             TMDb Top Rated Collection in ....TV Shows                              |
[2022-07-08 03:03:25,436] [builder.py:185]            [INFO]     |====================================================================================================|
[2022-07-08 03:03:25,436] [builder.py:186]            [INFO]     |                                                                                                    |
[2022-07-08 03:03:25,437] [builder.py:191]            [INFO]     |=============================== Validating TMDb Top Rated Attributes ===============================|
[2022-07-08 03:03:25,437] [builder.py:212]            [DEBUG]    |                                                                                                    |
[2022-07-08 03:03:25,438] [builder.py:213]            [DEBUG]    | Validating Method: template                                                                        |
[2022-07-08 03:03:25,438] [meta.py:103]               [DEBUG]    | Value: [ordereddict([('name', 'top')]), ordereddict([('name', 'customsync')]), ordereddict([('name', 'chart_shared'), ('key', 'top')])] |
[2022-07-08 03:03:25,445] [builder.py:437]            [DEBUG]    |                                                                                                    |
[2022-07-08 03:03:25,445] [builder.py:438]            [DEBUG]    | Validating Method: sync_mode                                                                       |
[2022-07-08 03:03:25,445] [builder.py:442]            [DEBUG]    | Value: sync                                                                                        |
[2022-07-08 03:03:25,446] [builder.py:582]            [DEBUG]    |                                                                                                    |
[2022-07-08 03:03:25,446] [builder.py:583]            [DEBUG]    | Validating Method: collection_order                                                                |
[2022-07-08 03:03:25,446] [builder.py:584]            [DEBUG]    | Value: custom                                                                                      |
[2022-07-08 03:03:25,447] [builder.py:600]            [DEBUG]    |                                                                                                    |
[2022-07-08 03:03:25,447] [builder.py:604]            [DEBUG]    | Validating Method: tmdb_top_rated                                                                  |
[2022-07-08 03:03:25,448] [builder.py:605]            [DEBUG]    | Value: 100                                                                                         |
[2022-07-08 03:03:25,448] [builder.py:600]            [DEBUG]    |                                                                                                    |
[2022-07-08 03:03:25,449] [builder.py:604]            [DEBUG]    | Validating Method: summary                                                                         |
[2022-07-08 03:03:25,449] [builder.py:605]            [DEBUG]    | Value: A collection of the top rated shows according to TMDb.                                      |
[2022-07-08 03:03:25,450] [builder.py:600]            [DEBUG]    |                                                                                                    |
[2022-07-08 03:03:25,450] [builder.py:604]            [DEBUG]    | Validating Method: sort_title                                                                      |
[2022-07-08 03:03:25,451] [builder.py:605]            [DEBUG]    | Value: !01_TMDb Top Rated                                                                          |
[2022-07-08 03:03:25,451] [builder.py:600]            [DEBUG]    |                                                                                                    |
[2022-07-08 03:03:25,451] [builder.py:604]            [DEBUG]    | Validating Method: url_poster                                                                      |
[2022-07-08 03:03:25,452] [builder.py:605]            [DEBUG]    | Value: https://raw.githubusercontent.com/meisnate12/Plex-Meta-Manager-Images/master/chart/TMDb%20Top%20Rated.jpg |
[2022-07-08 03:03:26,010] [plex.py:742]               [DEBUG]    |                                                                                                    |
[2022-07-08 03:03:26,010] [plex.py:745]               [DEBUG]    | Looking for: TMDb Top Rated                                                                        |
[2022-07-08 03:03:26,011] [builder.py:764]            [INFO]     |                                                                                                    |
[2022-07-08 03:03:26,011] [builder.py:765]            [INFO]     | Validation Successful                                                                              |
[2022-07-08 03:03:26,012] [plex_meta_manager.py:539]  [INFO]     |                                                                                                    |
[2022-07-08 03:03:26,012] [plex_meta_manager.py:541]  [INFO]     |================================ Running TMDb Top Rated Collection =================================|
[2022-07-08 03:03:26,012] [plex_meta_manager.py:553]  [INFO]     |                                                                                                    |
[2022-07-08 03:03:26,013] [plex_meta_manager.py:554]  [INFO]     | Sync Mode: sync                                                                                    |
[2022-07-08 03:03:26,013] [plex_meta_manager.py:557]  [DEBUG]    |                                                                                                    |
[2022-07-08 03:03:26,014] [plex_meta_manager.py:558]  [DEBUG]    | Builder: tmdb_top_rated: 100                                                                       |
[2022-07-08 03:03:26,014] [plex_meta_manager.py:559]  [INFO]     |                                                                                                    |
[2022-07-08 03:03:26,494] [tmdb.py:344]               [INFO]     | Processing TMDb Top Rated: 100 Shows                                                               |
[2022-07-08 03:03:26,495] [builder.py:1507]           [DEBUG]    |                                                                                                    |
[2022-07-08 03:03:26,495] [builder.py:1508]           [DEBUG]    | 100 IDs Found: [(130392, 'tmdb_show'), (100, 'tmdb_show'), (94605, 'tmdb_show'), (124834, 'tmdb_show'), (19239, 'tmdb_show'), (88040, 'tmdb_show'), (80539, 'tmdb_show'), (77696, 'tmdb_show'), (83095, 'tmdb_show'), (106600, 'tmdb_show'), (120911, 'tmdb_show'), (154521, 'tmdb_show'), (123566, 'tmdb_show'), (80564, 'tmdb_show'), (79141, 'tmdb_show'), (61663, 'tmdb_show'), (83097, 'tmdb_show'), (110309, 'tmdb_show'), (65648, 'tmdb_show'), (65930, 'tmdb_show'), (60863, 'tmdb_show'), (92685, 'tmdb_show'), (117376, 'tmdb_show'), (68349, 'tmdb_show'), (125910, 'tmdb_show'), (85937, 'tmdb_show'), (62741, 'tmdb_show'), (84669, 'tmdb_show'), (94796, 'tmdb_show'), (108261, 'tmdb_show'), (95557, 'tmdb_show'), (91801, 'tmdb_show'), (67389, 'tmdb_show'), (68129, 'tmdb_show'), (60625, 'tmdb_show'), (83121, 'tmdb_show'), (45790, 'tmdb_show'), (1396, 'tmdb_show'), (83880, 'tmdb_show'), (46298, 'tmdb_show'), (31356, 'tmdb_show'), (95269, 'tmdb_show'), (70785, 'tmdb_show'), (45950, 'tmdb_show'), (30669, 'tmdb_show'), (82739, 'tmdb_show'), (85990, 'tmdb_show'), (63495, 'tmdb_show'), (79732, 'tmdb_show'), (37854, 'tmdb_show'), (32118, 'tmdb_show'), (98214, 'tmdb_show'), (96316, 'tmdb_show'), (89456, 'tmdb_show'), (95666, 'tmdb_show'), (31132, 'tmdb_show'), (90447, 'tmdb_show'), (67915, 'tmdb_show'), (97186, 'tmdb_show'), (76121, 'tmdb_show'), (96150, 'tmdb_show'), (73833, 'tmdb_show'), (82684, 'tmdb_show'), (72637, 'tmdb_show'), (66433, 'tmdb_show'), (65844, 'tmdb_show'), (118357, 'tmdb_show'), (86031, 'tmdb_show'), (3854, 'tmdb_show'), (99489, 'tmdb_show'), (62565, 'tmdb_show'), (74313, 'tmdb_show'), (61461, 'tmdb_show'), (77721, 'tmdb_show'), (65249, 'tmdb_show'), (31911, 'tmdb_show'), (90937, 'tmdb_show'), (89901, 'tmdb_show'), (45783, 'tmdb_show'), (37419, 'tmdb_show'), (42573, 'tmdb_show'), (40143, 'tmdb_show'), (75214, 'tmdb_show'), (75006, 'tmdb_show'), (74081, 'tmdb_show'), (97890, 'tmdb_show'), (80040, 'tmdb_show'), (87432, 'tmdb_show'), (62914, 'tmdb_show'), (83100, 'tmdb_show'), (42705, 'tmdb_show'), (57706, 'tmdb_show'), (94664, 'tmdb_show'), (34742, 'tmdb_show'), (35790, 'tmdb_show'), (91425, 'tmdb_show'), (72517, 'tmdb_show'), (61865, 'tmdb_show'), (13916, 'tmdb_show'), (93256, 'tmdb_show')] |
[2022-07-08 03:03:26,496] [builder.py:1509]           [DEBUG]    |                                                                                                    |
[2022-07-08 03:03:27,039] [builder.py:1583]           [WARNING]  | Convert Error: No TVDb ID Found for TMDb ID: 80040                                                 |
[2022-07-08 03:03:27,067] [builder.py:2218]           [INFO]     |                                                                                                    |
[2022-07-08 03:03:27,067] [builder.py:2219]           [INFO]     |============================ Missing Shows from Library: TMDb Top Rated ============================|
[2022-07-08 03:03:27,068] [builder.py:2220]           [INFO]     |                                                                                                    |
[2022-07-08 03:03:27,372] [builder.py:2232]           [INFO]     | TMDb Top Rated Collection | ? | The D'Amelio Show (TVDb: 407311)                                   |
[2022-07-08 03:03:27,728] [builder.py:2232]           [INFO]     | TMDb Top Rated Collection | ? | I am Not an Animal (TVDb: 74117)                                   |
[2022-07-08 03:03:28,042] [builder.py:2232]           [INFO]     | TMDb Top Rated Collection | ? | Arcane (TVDb: 371028)                                              |
[2022-07-08 03:03:28,239] [builder.py:2232]           [INFO]     | TMDb Top Rated Collection | ? | Heartstopper (TVDb: 395494)                                        |
[2022-07-08 03:03:28,494] [builder.py:2232]           [INFO]     | TMDb Top Rated Collection | ? | Future Boy Conan (TVDb: 80294)                                     |
[2022-07-08 03:03:28,709] [builder.py:2232]           [INFO]     | TMDb Top Rated Collection | ? | Given (TVDb: 361218)                                               |
[2022-07-08 03:03:29,061] [builder.py:2232]           [INFO]     | TMDb Top Rated Collection | ? | Asobi Asobase - workshop of fun - (TVDb: 346798)                   |
[2022-07-08 03:03:29,528] [builder.py:2232]           [INFO]     | TMDb Top Rated Collection | ? | Run BTS! (TVDb: 325091)                                            |
[2022-07-08 03:03:29,750] [builder.py:2232]           [INFO]     | TMDb Top Rated Collection | ? | The Rising of the Shield Hero (TVDb: 353712)                       |
[2022-07-08 03:03:29,972] [builder.py:2232]           [INFO]     | TMDb Top Rated Collection | ? | BTS In the SOOP (TVDb: 385996)                                     |
[2022-07-08 03:03:30,387] [builder.py:2232]           [INFO]     | TMDb Top Rated Collection | ? | The Terminal List (TVDb: 399917)                                   |
[2022-07-08 03:03:30,783] [builder.py:2232]           [INFO]     | TMDb Top Rated Collection | ? | The Kardashians (TVDb: 414093)                                     |
[2022-07-08 03:03:30,994] [builder.py:2232]           [INFO]     | TMDb Top Rated Collection | ? | Metal Family (TVDb: 384291)                                        |
[2022-07-08 03:03:31,239] [builder.py:2232]           [INFO]     | TMDb Top Rated Collection | ? | Banana Fish (TVDb: 343384)                                         |
[2022-07-08 03:03:31,495] [builder.py:2232]           [INFO]     | TMDb Top Rated Collection | ? | Scissor Seven (TVDb: 358612)                                       |
[2022-07-08 03:03:31,761] [builder.py:2232]           [INFO]     | TMDb Top Rated Collection | ? | Your Lie in April (TVDb: 279830)                                   |
[2022-07-08 03:03:32,006] [builder.py:2232]           [INFO]     | TMDb Top Rated Collection | ? | The Promised Neverland (TVDb: 348002)                              |
[2022-07-08 03:03:32,333] [builder.py:2232]           [INFO]     | TMDb Top Rated Collection | ? | SK8 the Infinity (TVDb: 388858)                                    |
[2022-07-08 03:03:32,625] [builder.py:2232]           [INFO]     | TMDb Top Rated Collection | ? | Maid Sama! (TVDb: 148151)                                          |
[2022-07-08 03:03:32,861] [builder.py:2232]           [INFO]     | TMDb Top Rated Collection | ? | My Hero Academia (TVDb: 305074)                                    |
[2022-07-08 03:03:33,128] [builder.py:2232]           [INFO]     | TMDb Top Rated Collection | ? | Haikyu!! (TVDb: 278157)                                            |
[2022-07-08 03:03:33,383] [builder.py:2232]           [INFO]     | TMDb Top Rated Collection | ? | The Owl House (TVDb: 349578)                                       |
[2022-07-08 03:03:33,650] [builder.py:2232]           [INFO]     | TMDb Top Rated Collection | ? | Vincenzo (TVDb: 391784)                                            |
[2022-07-08 03:03:33,983] [builder.py:2232]           [INFO]     | TMDb Top Rated Collection | ? | Weightlifting Fairy Kim Bok-Joo (TVDb: 315328)                     |
[2022-07-08 03:03:34,272] [builder.py:2232]           [INFO]     | TMDb Top Rated Collection | ? | Young Royals (TVDb: 399833)                                        |
[2022-07-08 03:03:34,561] [builder.py:2232]           [INFO]     | TMDb Top Rated Collection | ? | Demon Slayer: Kimetsu no Yaiba (TVDb: 348545)                      |
[2022-07-08 03:03:34,906] [builder.py:2232]           [INFO]     | TMDb Top Rated Collection | ? | Kamisama Kiss (TVDb: 262106)                                       |
[2022-07-08 03:03:35,439] [builder.py:2232]           [INFO]     | TMDb Top Rated Collection | ? | The Quintessential Quintuplets (TVDb: 355966)                      |
[2022-07-08 03:03:35,700] [builder.py:2232]           [INFO]     | TMDb Top Rated Collection | ? | Crash Landing on You (TVDb: 368385)                                |
[2022-07-08 03:03:35,928] [builder.py:2232]           [INFO]     | TMDb Top Rated Collection | ? | Mr. Queen (TVDb: 391392)                                           |
[2022-07-08 03:03:36,128] [builder.py:2232]           [INFO]     | TMDb Top Rated Collection | ? | Invincible (2021) (TVDb: 368207)                                   |
[2022-07-08 03:03:36,461] [builder.py:2232]           [INFO]     | TMDb Top Rated Collection | ? | Welcome to Demon School! Iruma-kun (TVDb: 369144)                  |
[2022-07-08 03:03:36,661] [builder.py:2232]           [INFO]     | TMDb Top Rated Collection | ? | Golden Time (TVDb: 272138)                                         |
[2022-07-08 03:03:36,894] [builder.py:2232]           [INFO]     | TMDb Top Rated Collection | ? | Yuri!!! on Ice (TVDb: 317004)                                      |
[2022-07-08 03:03:36,899] [builder.py:2232]           [INFO]     | TMDb Top Rated Collection | ? | Rick and Morty (TVDb: 275274)                                      |
[2022-07-08 03:03:37,094] [builder.py:2232]           [INFO]     | TMDb Top Rated Collection | ? | Kaguya-sama: Love Is War (TVDb: 354198)                            |
[2022-07-08 03:03:37,428] [builder.py:2232]           [INFO]     | TMDb Top Rated Collection | ? | JoJo's Bizarre Adventure (2012) (TVDb: 262954)                     |
[2022-07-08 03:03:37,641] [builder.py:2232]           [INFO]     | TMDb Top Rated Collection | ? | Breaking Bad (TVDb: 81189)                                         |
[2022-07-08 03:03:37,928] [builder.py:2232]           [INFO]     | TMDb Top Rated Collection | ? | Our Planet (TVDb: 355229)                                          |
[2022-07-08 03:03:38,128] [builder.py:2232]           [INFO]     | TMDb Top Rated Collection | ? | Hunter x Hunter (2011) (TVDb: 252322)                              |
[2022-07-08 03:03:38,441] [builder.py:2232]           [INFO]     | TMDb Top Rated Collection | ? | Big Time Rush (TVDb: 142831)                                       |
[2022-07-08 03:03:38,728] [builder.py:2232]           [INFO]     | TMDb Top Rated Collection | ? | Toilet-Bound Hanako-kun (TVDb: 368364)                             |
[2022-07-08 03:03:38,961] [builder.py:2232]           [INFO]     | TMDb Top Rated Collection | ? | Anne with an E (TVDb: 322971)                                      |
[2022-07-08 03:03:39,224] [builder.py:2232]           [INFO]     | TMDb Top Rated Collection | ? | High School D×D (TVDb: 254653)                                     |
[2022-07-08 03:03:39,229] [builder.py:2232]           [INFO]     | TMDb Top Rated Collection | ? | Yu Yu Hakusho (TVDb: 76665)                                        |
[2022-07-08 03:03:39,524] [builder.py:2232]           [INFO]     | TMDb Top Rated Collection | ? | Rascal Does Not Dream of Bunny Girl Senpai (TVDb: 345596)          |
[2022-07-08 03:03:39,950] [builder.py:2232]           [INFO]     | TMDb Top Rated Collection | ? | Hitoribocchi no Marumaruseikatsu (TVDb: 358411)                    |
[2022-07-08 03:03:40,483] [builder.py:2232]           [INFO]     | TMDb Top Rated Collection | ? | School-Live! (TVDb: 283946)                                        |
[2022-07-08 03:03:40,761] [builder.py:2232]           [INFO]     | TMDb Top Rated Collection | ? | She-Ra and the Princesses of Power (TVDb: 350399)                  |
[2022-07-08 03:03:41,105] [builder.py:2232]           [INFO]     | TMDb Top Rated Collection | ? | One Piece (TVDb: 81797)                                            |
[2022-07-08 03:03:41,428] [builder.py:2232]           [INFO]     | TMDb Top Rated Collection | ? | Generator Rex (TVDb: 158551)                                       |
[2022-07-08 03:03:41,661] [builder.py:2232]           [INFO]     | TMDb Top Rated Collection | ? | Villainous (TVDb: 333696)                                          |
[2022-07-08 03:03:41,950] [builder.py:2232]           [INFO]     | TMDb Top Rated Collection | ? | Rent-a-Girlfriend (TVDb: 380654)                                   |
[2022-07-08 03:03:42,250] [builder.py:2232]           [INFO]     | TMDb Top Rated Collection | ? | Primal (TVDb: 364007)                                              |
[2022-07-08 03:03:42,517] [builder.py:2232]           [INFO]     | TMDb Top Rated Collection | ? | Helluva Boss (TVDb: 391246)                                        |
[2022-07-08 03:03:42,761] [builder.py:2232]           [INFO]     | TMDb Top Rated Collection | ? | Regular Show (TVDb: 188401)                                        |
[2022-07-08 03:03:42,983] [builder.py:2232]           [INFO]     | TMDb Top Rated Collection | ? | Hotel Del Luna (TVDb: 361412)                                      |
[2022-07-08 03:03:43,499] [builder.py:2232]           [INFO]     | TMDb Top Rated Collection | ? | Goblin (TVDb: 317220)                                              |
[2022-07-08 03:03:43,772] [builder.py:2232]           [INFO]     | TMDb Top Rated Collection | ? | Love, Victor (TVDb: 368188)                                        |
[2022-07-08 03:03:44,128] [builder.py:2232]           [INFO]     | TMDb Top Rated Collection | ? | DARLING in the FRANXX (TVDb: 337017)                               |
[2022-07-08 03:03:44,450] [builder.py:2232]           [INFO]     | TMDb Top Rated Collection | ? | Seton Academy: Join the Pack! (TVDb: 373680)                       |
[2022-07-08 03:03:44,717] [builder.py:2232]           [INFO]     | TMDb Top Rated Collection | ? | The Ancient Magus' Bride (TVDb: 316842)                            |
[2022-07-08 03:03:45,128] [builder.py:2232]           [INFO]     | TMDb Top Rated Collection | ? | That Time I Got Reincarnated as a Slime (TVDb: 352408)             |
[2022-07-08 03:03:45,499] [builder.py:2232]           [INFO]     | TMDb Top Rated Collection | ? | O11CE (TVDb: 323858)                                               |
[2022-07-08 03:03:45,750] [builder.py:2232]           [INFO]     | TMDb Top Rated Collection | ? | Scarlet Heart: Ryeo (TVDb: 311297)                                 |
[2022-07-08 03:03:46,007] [builder.py:2232]           [INFO]     | TMDb Top Rated Collection | ? | KONOSUBA - God's blessing on this wonderful world! (TVDb: 303867)  |
[2022-07-08 03:03:46,283] [builder.py:2232]           [INFO]     | TMDb Top Rated Collection | ? | 1883 (TVDb: 396390)                                                |
[2022-07-08 03:03:46,574] [builder.py:2232]           [INFO]     | TMDb Top Rated Collection | ? | Dr. Stone (TVDb: 355774)                                           |
[2022-07-08 03:03:46,806] [builder.py:2232]           [INFO]     | TMDb Top Rated Collection | ? | The Spectacular Spider-Man (TVDb: 81494)                           |
[2022-07-08 03:03:47,005] [builder.py:2232]           [INFO]     | TMDb Top Rated Collection | ? | The Penthouse (TVDb: 383800)                                       |
[2022-07-08 03:03:47,465] [builder.py:2232]           [INFO]     | TMDb Top Rated Collection | ? | My Love Story!! (TVDb: 289905)                                     |
[2022-07-08 03:03:47,761] [builder.py:2232]           [INFO]     | TMDb Top Rated Collection | ? | Blue Planet II (TVDb: 330942)                                      |
[2022-07-08 03:03:48,007] [builder.py:2232]           [INFO]     | TMDb Top Rated Collection | ? | Yona of the Dawn (TVDb: 283942)                                    |
[2022-07-08 03:03:48,250] [builder.py:2232]           [INFO]     | TMDb Top Rated Collection | ? | Real Girl (TVDb: 342010)                                           |
[2022-07-08 03:03:48,494] [builder.py:2232]           [INFO]     | TMDb Top Rated Collection | ? | Erased (TVDb: 303071)                                              |
[2022-07-08 03:03:48,717] [builder.py:2232]           [INFO]     | TMDb Top Rated Collection | ? | Fullmetal Alchemist: Brotherhood (TVDb: 85249)                     |
[2022-07-08 03:03:49,140] [builder.py:2232]           [INFO]     | TMDb Top Rated Collection | ? | Beastars (TVDb: 361013)                                            |
[2022-07-08 03:03:49,328] [builder.py:2232]           [INFO]     | TMDb Top Rated Collection | ? | Dickinson (TVDb: 361566)                                           |
[2022-07-08 03:03:49,572] [builder.py:2232]           [INFO]     | TMDb Top Rated Collection | ? | Kuroko's Basketball (TVDb: 257765)                                 |
[2022-07-08 03:03:49,828] [builder.py:2232]           [INFO]     | TMDb Top Rated Collection | ? | Zoids: Chaotic Century (TVDb: 73315)                               |
[2022-07-08 03:03:50,161] [builder.py:2232]           [INFO]     | TMDb Top Rated Collection | ? | Slam Dunk (TVDb: 72491)                                            |
[2022-07-08 03:03:50,507] [builder.py:2232]           [INFO]     | TMDb Top Rated Collection | ? | Shaman King (TVDb: 79857)                                          |
[2022-07-08 03:03:50,757] [builder.py:2232]           [INFO]     | TMDb Top Rated Collection | ? | Violet Evergarden (TVDb: 330139)                                   |
[2022-07-08 03:03:50,961] [builder.py:2232]           [INFO]     | TMDb Top Rated Collection | ? | The Umbrella Academy (TVDb: 353764)                                |
[2022-07-08 03:03:51,173] [builder.py:2232]           [INFO]     | TMDb Top Rated Collection | ? | BLEND-S (TVDb: 332162)                                             |
[2022-07-08 03:03:51,178] [builder.py:2232]           [INFO]     | TMDb Top Rated Collection | ? | Power Book II: Ghost (TVDb: 376837)                                |
[2022-07-08 03:03:51,394] [builder.py:2232]           [INFO]     | TMDb Top Rated Collection | ? | We Never Learn: BOKUBEN (TVDb: 359095)                             |
[2022-07-08 03:03:51,828] [builder.py:2232]           [INFO]     | TMDb Top Rated Collection | ? | Merlí (TVDb: 300428)                                               |
[2022-07-08 03:03:52,083] [builder.py:2232]           [INFO]     | TMDb Top Rated Collection | ? | Dororo (2019) (TVDb: 354167)                                       |
[2022-07-08 03:03:52,350] [builder.py:2232]           [INFO]     | TMDb Top Rated Collection | ? | Hajime no Ippo (TVDb: 79685)                                       |
[2022-07-08 03:03:52,661] [builder.py:2232]           [INFO]     | TMDb Top Rated Collection | ? | Ranma ½ (TVDb: 76932)                                              |
[2022-07-08 03:03:52,917] [builder.py:2232]           [INFO]     | TMDb Top Rated Collection | ? | Mushoku Tensei: Jobless Reincarnation (TVDb: 371310)               |
[2022-07-08 03:03:53,232] [builder.py:2232]           [INFO]     | TMDb Top Rated Collection | ? | To LOVE-Ru (TVDb: 81831)                                           |
[2022-07-08 03:03:53,598] [builder.py:2232]           [INFO]     | TMDb Top Rated Collection | ? | Cardcaptor Sakura (TVDb: 70668)                                    |
[2022-07-08 03:03:53,898] [builder.py:2232]           [INFO]     | TMDb Top Rated Collection | ? | Infinity Train (TVDb: 335425)                                      |
[2022-07-08 03:03:54,183] [builder.py:2232]           [INFO]     | TMDb Top Rated Collection | ? | Classroom of the Elite (TVDb: 329822)                              |
[2022-07-08 03:03:54,561] [builder.py:2232]           [INFO]     | TMDb Top Rated Collection | ? | When Calls the Heart (TVDb: 275517)                                |
[2022-07-08 03:03:54,817] [builder.py:2232]           [INFO]     | TMDb Top Rated Collection | ? | Death Note (TVDb: 79481)                                           |
[2022-07-08 03:03:55,128] [builder.py:2232]           [INFO]     | TMDb Top Rated Collection | ? | Cautious Hero: The Hero Is Overpowered but Overly Cautious (TVDb: 369048) |
[2022-07-08 03:03:55,128] [builder.py:2237]           [INFO]     |                                                                                                    |
[2022-07-08 03:03:55,128] [builder.py:2238]           [INFO]     | 99 Shows Missing                                                                                   |
[2022-07-08 03:03:55,129] [plex_meta_manager.py:593]  [INFO]     |                                                                                                    |
[2022-07-08 03:03:55,129] [plex_meta_manager.py:594]  [INFO]     | Collection Minimum: 3 not met for TMDb Top Rated Collection                                        |
[2022-07-08 03:03:55,129] [plex_meta_manager.py:674]  [INFO]     |                                                                                                    |
[2022-07-08 03:03:55,130] [plex_meta_manager.py:675]  [INFO]     |====================================================================================================|
[2022-07-08 03:03:55,130] [plex_meta_manager.py:675]  [INFO]     |                                 Finished TMDb Top Rated Collection                                 |
[2022-07-08 03:03:55,130] [plex_meta_manager.py:675]  [INFO]     |                                    Collection Run Time: 0:00:29                                    |
[2022-07-08 03:03:55,131] [plex_meta_manager.py:675]  [INFO]     |====================================================================================================|
