[2022-07-08 03:16:50,038] [builder.py:185]            [INFO]     |====================================================================================================|
[2022-07-08 03:16:50,039] [builder.py:185]            [INFO]     |                                    FOX Collection in ..Cartoons                                    |
[2022-07-08 03:16:50,039] [builder.py:185]            [INFO]     |====================================================================================================|
[2022-07-08 03:16:50,040] [builder.py:186]            [INFO]     |                                                                                                    |
[2022-07-08 03:16:50,040] [builder.py:191]            [INFO]     |==================================== Validating FOX Attributes =====================================|
[2022-07-08 03:16:50,040] [builder.py:212]            [DEBUG]    |                                                                                                    |
[2022-07-08 03:16:50,041] [builder.py:213]            [DEBUG]    | Validating Method: template                                                                        |
[2022-07-08 03:16:50,041] [meta.py:103]               [DEBUG]    | Value: [{'value': ['FOX'], 'network': ['FOX'], 'key_name': 'FOX', 'key': 'FOX', 'name': 'networks_dynamic'}, {'value': ['FOX'], 'network': ['FOX'], 'key_name': 'FOX', 'key': 'FOX', 'name': 'shared'}] |
[2022-07-08 03:16:50,043] [builder.py:1675]           [INFO]     |                                                                                                    |
[2022-07-08 03:16:50,043] [builder.py:1676]           [INFO]     | Validating Method: smart_filter                                                                    |
[2022-07-08 03:16:50,044] [builder.py:1682]           [DEBUG]    | Value: {'sort_by': 'release.desc', 'any': {'network': ['FOX']}}                                    |
[2022-07-08 03:16:50,058] [builder.py:600]            [DEBUG]    |                                                                                                    |
[2022-07-08 03:16:50,059] [builder.py:604]            [DEBUG]    | Validating Method: label                                                                           |
[2022-07-08 03:16:50,059] [builder.py:605]            [DEBUG]    | Value: Network US                                                                                  |
[2022-07-08 03:16:50,059] [builder.py:600]            [DEBUG]    |                                                                                                    |
[2022-07-08 03:16:50,060] [builder.py:604]            [DEBUG]    | Validating Method: url_poster                                                                      |
[2022-07-08 03:16:50,060] [builder.py:605]            [DEBUG]    | Value: https://raw.githubusercontent.com/meisnate12/Plex-Meta-Manager-Images/master/network/FOX.jpg |
[2022-07-08 03:16:50,372] [builder.py:600]            [DEBUG]    |                                                                                                    |
[2022-07-08 03:16:50,372] [builder.py:604]            [DEBUG]    | Validating Method: sort_title                                                                      |
[2022-07-08 03:16:50,373] [builder.py:605]            [DEBUG]    | Value: !04_FOX                                                                                     |
[2022-07-08 03:16:50,441] [builder.py:764]            [INFO]     |                                                                                                    |
[2022-07-08 03:16:50,442] [builder.py:765]            [INFO]     | Validation Successful                                                                              |
[2022-07-08 03:16:50,442] [plex_meta_manager.py:539]  [INFO]     |                                                                                                    |
[2022-07-08 03:16:50,442] [plex_meta_manager.py:541]  [INFO]     |====================================== Running FOX Collection ======================================|
[2022-07-08 03:16:50,443] [plex_meta_manager.py:547]  [INFO]     |                                                                                                    |
[2022-07-08 03:16:50,443] [plex_meta_manager.py:548]  [INFO]     | Smart Show Filter                                                                                  |
                                                                 | Sort By: release.desc
                                                                 | Filter:
                                                                 |   Match any of the following:
                                                                 |     Network is FOX
[2022-07-08 03:16:50,512] [builder.py:2383]           [INFO]     | 
[2022-07-08 03:16:50,513] [builder.py:2384]           [INFO]     |================================ Updating Details of FOX Collection ================================|
[2022-07-08 03:16:50,513] [builder.py:2385]           [INFO]     |                                                                                                    |
[2022-07-08 03:16:50,537] [builder.py:2446]           [INFO]     | Collection Metadata Edits                                                                          |
[2022-07-08 03:16:50,538] [util.py:150]               [DEBUG]    | 1 poster found:                                                                                    |
[2022-07-08 03:16:50,538] [util.py:152]               [DEBUG]    | Method: url_poster Poster: https://raw.githubusercontent.com/meisnate12/Plex-Meta-Manager-Images/master/network/FOX.jpg |
[2022-07-08 03:16:50,540] [library.py:155]            [INFO]     | Detail: poster update not needed                                                                   |
[2022-07-08 03:16:50,591] [plex_meta_manager.py:674]  [INFO]     |                                                                                                    |
[2022-07-08 03:16:50,591] [plex_meta_manager.py:675]  [INFO]     |====================================================================================================|
[2022-07-08 03:16:50,592] [plex_meta_manager.py:675]  [INFO]     |                                      Finished FOX Collection                                       |
[2022-07-08 03:16:50,592] [plex_meta_manager.py:675]  [INFO]     |                                    Collection Run Time: 0:00:00                                    |
[2022-07-08 03:16:50,593] [plex_meta_manager.py:675]  [INFO]     |====================================================================================================|
