[2022-07-08 02:29:40,489] [builder.py:185]            [INFO]     |====================================================================================================|
[2022-07-08 02:29:40,491] [builder.py:185]            [INFO]     |                                  Trakt Popular Collection in 亚洲电影                                  |
[2022-07-08 02:29:40,491] [builder.py:185]            [INFO]     |====================================================================================================|
[2022-07-08 02:29:40,492] [builder.py:186]            [INFO]     |                                                                                                    |
[2022-07-08 02:29:40,492] [builder.py:191]            [INFO]     |=============================== Validating Trakt Popular Attributes ================================|
[2022-07-08 02:29:40,493] [builder.py:212]            [DEBUG]    |                                                                                                    |
[2022-07-08 02:29:40,493] [builder.py:213]            [DEBUG]    | Validating Method: template                                                                        |
[2022-07-08 02:29:40,493] [meta.py:103]               [DEBUG]    | Value: [{'value': ['popular'], 'custom': ['popular'], 'key_name': 'Popular', 'key': 'popular', 'name': 'trakt'}, {'value': ['popular'], 'custom': ['popular'], 'key_name': 'Popular', 'key': 'popular', 'name': 'customsync'}, {'value': ['popular'], 'custom': ['popular'], 'key_name': 'Popular', 'key': 'popular', 'name': 'chart_shared'}] |
[2022-07-08 02:29:40,497] [builder.py:437]            [DEBUG]    |                                                                                                    |
[2022-07-08 02:29:40,498] [builder.py:438]            [DEBUG]    | Validating Method: sync_mode                                                                       |
[2022-07-08 02:29:40,498] [builder.py:442]            [DEBUG]    | Value: sync                                                                                        |
[2022-07-08 02:29:40,498] [builder.py:582]            [DEBUG]    |                                                                                                    |
[2022-07-08 02:29:40,499] [builder.py:583]            [DEBUG]    | Validating Method: collection_order                                                                |
[2022-07-08 02:29:40,499] [builder.py:584]            [DEBUG]    | Value: custom                                                                                      |
[2022-07-08 02:29:40,500] [builder.py:600]            [DEBUG]    |                                                                                                    |
[2022-07-08 02:29:40,500] [builder.py:604]            [DEBUG]    | Validating Method: label                                                                           |
[2022-07-08 02:29:40,500] [builder.py:605]            [DEBUG]    | Value: Trakt                                                                                       |
[2022-07-08 02:29:40,501] [builder.py:600]            [DEBUG]    |                                                                                                    |
[2022-07-08 02:29:40,501] [builder.py:604]            [DEBUG]    | Validating Method: trakt_chart                                                                     |
[2022-07-08 02:29:40,502] [builder.py:605]            [DEBUG]    | Value: {'chart': 'popular', 'limit': 100}                                                          |
[2022-07-08 02:29:40,502] [builder.py:600]            [DEBUG]    |                                                                                                    |
[2022-07-08 02:29:40,503] [builder.py:604]            [DEBUG]    | Validating Method: summary                                                                         |
[2022-07-08 02:29:40,503] [builder.py:605]            [DEBUG]    | Value: A collection of Trakt's Weekly movie List                                                   |
[2022-07-08 02:29:40,503] [builder.py:600]            [DEBUG]    |                                                                                                    |
[2022-07-08 02:29:40,504] [builder.py:604]            [DEBUG]    | Validating Method: sort_title                                                                      |
[2022-07-08 02:29:40,504] [builder.py:605]            [DEBUG]    | Value: !01_Trakt Popular                                                                           |
[2022-07-08 02:29:40,504] [builder.py:600]            [DEBUG]    |                                                                                                    |
[2022-07-08 02:29:40,505] [builder.py:604]            [DEBUG]    | Validating Method: url_poster                                                                      |
[2022-07-08 02:29:40,505] [builder.py:605]            [DEBUG]    | Value: https://raw.githubusercontent.com/meisnate12/Plex-Meta-Manager-Images/master/chart/Trakt%20Popular.jpg |
[2022-07-08 02:29:40,804] [plex.py:742]               [DEBUG]    |                                                                                                    |
[2022-07-08 02:29:40,804] [plex.py:745]               [DEBUG]    | Looking for: Trakt Popular                                                                         |
[2022-07-08 02:29:40,805] [builder.py:764]            [INFO]     |                                                                                                    |
[2022-07-08 02:29:40,805] [builder.py:765]            [INFO]     | Validation Successful                                                                              |
[2022-07-08 02:29:40,805] [plex_meta_manager.py:539]  [INFO]     |                                                                                                    |
[2022-07-08 02:29:40,806] [plex_meta_manager.py:541]  [INFO]     |================================= Running Trakt Popular Collection =================================|
[2022-07-08 02:29:40,806] [plex_meta_manager.py:553]  [INFO]     |                                                                                                    |
[2022-07-08 02:29:40,806] [plex_meta_manager.py:554]  [INFO]     | Sync Mode: sync                                                                                    |
[2022-07-08 02:29:40,807] [plex_meta_manager.py:557]  [DEBUG]    |                                                                                                    |
[2022-07-08 02:29:40,807] [plex_meta_manager.py:558]  [DEBUG]    | Builder: trakt_chart: {'chart': 'popular', 'limit': 100, 'time_period': None}                      |
[2022-07-08 02:29:40,807] [plex_meta_manager.py:559]  [INFO]     |                                                                                                    |
[2022-07-08 02:29:40,807] [trakt.py:490]              [INFO]     | Processing Trakt Chart: 100 Popular Movies                                                         |
[2022-07-08 02:29:42,174] [builder.py:1507]           [DEBUG]    |                                                                                                    |
[2022-07-08 02:29:42,175] [builder.py:1508]           [DEBUG]    | 100 IDs Found: [(293660, 'tmdb'), (118340, 'tmdb'), (155, 'tmdb'), (27205, 'tmdb'), (24428, 'tmdb'), (157336, 'tmdb'), (284052, 'tmdb'), (263115, 'tmdb'), (603, 'tmdb'), (297762, 'tmdb'), (297761, 'tmdb'), (271110, 'tmdb'), (329865, 'tmdb'), (283995, 'tmdb'), (19995, 'tmdb'), (1726, 'tmdb'), (140607, 'tmdb'), (277834, 'tmdb'), (120, 'tmdb'), (299536, 'tmdb'), (286217, 'tmdb'), (315635, 'tmdb'), (109445, 'tmdb'), (550, 'tmdb'), (259316, 'tmdb'), (330459, 'tmdb'), (106646, 'tmdb'), (269149, 'tmdb'), (324552, 'tmdb'), (284053, 'tmdb'), (245891, 'tmdb'), (49026, 'tmdb'), (122, 'tmdb'), (99861, 'tmdb'), (76341, 'tmdb'), (68718, 'tmdb'), (121, 'tmdb'), (274870, 'tmdb'), (100402, 'tmdb'), (671, 'tmdb'), (13, 'tmdb'), (150540, 'tmdb'), (11, 'tmdb'), (102899, 'tmdb'), (680, 'tmdb'), (209112, 'tmdb'), (299534, 'tmdb'), (278, 'tmdb'), (272, 'tmdb'), (284054, 'tmdb'), (207703, 'tmdb'), (12, 'tmdb'), (10681, 'tmdb'), (14160, 'tmdb'), (419430, 'tmdb'), (135397, 'tmdb'), (1771, 'tmdb'), (8587, 'tmdb'), (105, 'tmdb'), (68721, 'tmdb'), (10138, 'tmdb'), (475557, 'tmdb'), (246655, 'tmdb'), (1891, 'tmdb'), (339403, 'tmdb'), (137113, 'tmdb'), (70160, 'tmdb'), (672, 'tmdb'), (862, 'tmdb'), (10195, 'tmdb'), (673, 'tmdb'), (585, 'tmdb'), (49051, 'tmdb'), (9806, 'tmdb'), (383498, 'tmdb'), (328111, 'tmdb'), (177572, 'tmdb'), (16869, 'tmdb'), (674, 'tmdb'), (12445, 'tmdb'), (293167, 'tmdb'), (1892, 'tmdb'), (302946, 'tmdb'), (20352, 'tmdb'), (281957, 'tmdb'), (76338, 'tmdb'), (75656, 'tmdb'), (324786, 'tmdb'), (675, 'tmdb'), (807, 'tmdb'), (101299, 'tmdb'), (22, 'tmdb'), (127380, 'tmdb'), (127585, 'tmdb'), (767, 'tmdb'), (333339, 'tmdb'), (210577, 'tmdb'), (381288, 'tmdb'), (353486, 'tmdb'), (12444, 'tmdb')] |
[2022-07-08 02:29:42,175] [builder.py:1509]           [DEBUG]    |                                                                                                    |
[2022-07-08 02:29:42,178] [builder.py:2172]           [INFO]     |                                                                                                    |
[2022-07-08 02:29:42,178] [builder.py:2173]           [INFO]     |================================ Missing Movies from Library: 亚洲电影 =================================|
[2022-07-08 02:29:42,179] [builder.py:2174]           [INFO]     |                                                                                                    |
[2022-07-08 02:29:42,436] [builder.py:2187]           [INFO]     | Trakt Popular Collection | ? | Deadpool (2016) (TMDb: 293660)                                      |
[2022-07-08 02:29:42,442] [builder.py:2187]           [INFO]     | Trakt Popular Collection | ? | Guardians of the Galaxy (2014) (TMDb: 118340)                       |
[2022-07-08 02:29:42,639] [builder.py:2187]           [INFO]     | Trakt Popular Collection | ? | The Dark Knight (2008) (TMDb: 155)                                  |
[2022-07-08 02:29:42,881] [builder.py:2187]           [INFO]     | Trakt Popular Collection | ? | Inception (2010) (TMDb: 27205)                                      |
[2022-07-08 02:29:43,081] [builder.py:2187]           [INFO]     | Trakt Popular Collection | ? | The Avengers (2012) (TMDb: 24428)                                   |
[2022-07-08 02:29:43,281] [builder.py:2187]           [INFO]     | Trakt Popular Collection | ? | Interstellar (2014) (TMDb: 157336)                                  |
[2022-07-08 02:29:43,506] [builder.py:2187]           [INFO]     | Trakt Popular Collection | ? | Doctor Strange (2016) (TMDb: 284052)                                |
[2022-07-08 02:29:43,703] [builder.py:2187]           [INFO]     | Trakt Popular Collection | ? | Logan (2017) (TMDb: 263115)                                         |
[2022-07-08 02:29:44,106] [builder.py:2187]           [INFO]     | Trakt Popular Collection | ? | The Matrix (1999) (TMDb: 603)                                       |
[2022-07-08 02:29:44,303] [builder.py:2187]           [INFO]     | Trakt Popular Collection | ? | Wonder Woman (2017) (TMDb: 297762)                                  |
[2022-07-08 02:29:44,503] [builder.py:2187]           [INFO]     | Trakt Popular Collection | ? | Suicide Squad (2016) (TMDb: 297761)                                 |
[2022-07-08 02:29:44,689] [builder.py:2187]           [INFO]     | Trakt Popular Collection | ? | Captain America: Civil War (2016) (TMDb: 271110)                    |
[2022-07-08 02:29:44,847] [builder.py:2187]           [INFO]     | Trakt Popular Collection | ? | Arrival (2016) (TMDb: 329865)                                       |
[2022-07-08 02:29:45,048] [builder.py:2187]           [INFO]     | Trakt Popular Collection | ? | Guardians of the Galaxy Vol. 2 (2017) (TMDb: 283995)                |
[2022-07-08 02:29:45,230] [builder.py:2187]           [INFO]     | Trakt Popular Collection | ? | Avatar (2009) (TMDb: 19995)                                         |
[2022-07-08 02:29:45,414] [builder.py:2187]           [INFO]     | Trakt Popular Collection | ? | Iron Man (2008) (TMDb: 1726)                                        |
[2022-07-08 02:29:45,581] [builder.py:2187]           [INFO]     | Trakt Popular Collection | ? | Star Wars: The Force Awakens (2015) (TMDb: 140607)                  |
[2022-07-08 02:29:45,759] [builder.py:2187]           [INFO]     | Trakt Popular Collection | ? | Moana (2016) (TMDb: 277834)                                         |
[2022-07-08 02:29:45,947] [builder.py:2187]           [INFO]     | Trakt Popular Collection | ? | The Lord of the Rings: The Fellowship of the Ring (2001) (TMDb: 120) |
[2022-07-08 02:29:46,130] [builder.py:2187]           [INFO]     | Trakt Popular Collection | ? | Avengers: Infinity War (2018) (TMDb: 299536)                        |
[2022-07-08 02:29:46,314] [builder.py:2187]           [INFO]     | Trakt Popular Collection | ? | The Martian (2015) (TMDb: 286217)                                   |
[2022-07-08 02:29:46,492] [builder.py:2187]           [INFO]     | Trakt Popular Collection | ? | Spider-Man: Homecoming (2017) (TMDb: 315635)                        |
[2022-07-08 02:29:46,672] [builder.py:2187]           [INFO]     | Trakt Popular Collection | ? | Frozen (2013) (TMDb: 109445)                                        |
[2022-07-08 02:29:47,005] [builder.py:2187]           [INFO]     | Trakt Popular Collection | ? | Fight Club (1999) (TMDb: 550)                                       |
[2022-07-08 02:29:47,281] [builder.py:2187]           [INFO]     | Trakt Popular Collection | ? | Fantastic Beasts and Where to Find Them (2016) (TMDb: 259316)       |
[2022-07-08 02:29:47,491] [builder.py:2187]           [INFO]     | Trakt Popular Collection | ? | Rogue One: A Star Wars Story (2016) (TMDb: 330459)                  |
[2022-07-08 02:29:47,759] [builder.py:2187]           [INFO]     | Trakt Popular Collection | ? | The Wolf of Wall Street (2013) (TMDb: 106646)                       |
[2022-07-08 02:29:48,714] [builder.py:2187]           [INFO]     | Trakt Popular Collection | ? | Zootopia (2016) (TMDb: 269149)                                      |
[2022-07-08 02:29:49,003] [builder.py:2187]           [INFO]     | Trakt Popular Collection | ? | John Wick: Chapter 2 (2017) (TMDb: 324552)                          |
[2022-07-08 02:29:49,292] [builder.py:2187]           [INFO]     | Trakt Popular Collection | ? | Thor: Ragnarok (2017) (TMDb: 284053)                                |
[2022-07-08 02:29:49,592] [builder.py:2187]           [INFO]     | Trakt Popular Collection | ? | John Wick (2014) (TMDb: 245891)                                     |
[2022-07-08 02:29:49,836] [builder.py:2187]           [INFO]     | Trakt Popular Collection | ? | The Dark Knight Rises (2012) (TMDb: 49026)                          |
[2022-07-08 02:29:50,130] [builder.py:2187]           [INFO]     | Trakt Popular Collection | ? | The Lord of the Rings: The Return of the King (2003) (TMDb: 122)    |
[2022-07-08 02:29:50,525] [builder.py:2187]           [INFO]     | Trakt Popular Collection | ? | Avengers: Age of Ultron (2015) (TMDb: 99861)                        |
[2022-07-08 02:29:50,725] [builder.py:2187]           [INFO]     | Trakt Popular Collection | ? | Mad Max: Fury Road (2015) (TMDb: 76341)                             |
[2022-07-08 02:29:51,014] [builder.py:2187]           [INFO]     | Trakt Popular Collection | ? | Django Unchained (2012) (TMDb: 68718)                               |
[2022-07-08 02:29:51,247] [builder.py:2187]           [INFO]     | Trakt Popular Collection | ? | The Lord of the Rings: The Two Towers (2002) (TMDb: 121)            |
[2022-07-08 02:29:51,514] [builder.py:2187]           [INFO]     | Trakt Popular Collection | ? | Passengers (2016) (TMDb: 274870)                                    |
[2022-07-08 02:29:51,947] [builder.py:2187]           [INFO]     | Trakt Popular Collection | ? | Captain America: The Winter Soldier (2014) (TMDb: 100402)           |
[2022-07-08 02:29:52,347] [builder.py:2187]           [INFO]     | Trakt Popular Collection | ? | Harry Potter and the Philosopher's Stone (2001) (TMDb: 671)         |
[2022-07-08 02:29:52,705] [builder.py:2187]           [INFO]     | Trakt Popular Collection | ? | Forrest Gump (1994) (TMDb: 13)                                      |
[2022-07-08 02:29:53,047] [builder.py:2187]           [INFO]     | Trakt Popular Collection | ? | Inside Out (2015) (TMDb: 150540)                                    |
[2022-07-08 02:29:53,471] [builder.py:2187]           [INFO]     | Trakt Popular Collection | ? | Star Wars (1977) (TMDb: 11)                                         |
[2022-07-08 02:29:53,763] [builder.py:2187]           [INFO]     | Trakt Popular Collection | ? | Ant-Man (2015) (TMDb: 102899)                                       |
[2022-07-08 02:29:54,014] [builder.py:2187]           [INFO]     | Trakt Popular Collection | ? | Pulp Fiction (1994) (TMDb: 680)                                     |
[2022-07-08 02:29:54,405] [builder.py:2187]           [INFO]     | Trakt Popular Collection | ? | Batman v Superman: Dawn of Justice (2016) (TMDb: 209112)            |
[2022-07-08 02:29:54,713] [builder.py:2187]           [INFO]     | Trakt Popular Collection | ? | Avengers: Endgame (2019) (TMDb: 299534)                             |
[2022-07-08 02:29:55,058] [builder.py:2187]           [INFO]     | Trakt Popular Collection | ? | The Shawshank Redemption (1994) (TMDb: 278)                         |
[2022-07-08 02:29:55,347] [builder.py:2187]           [INFO]     | Trakt Popular Collection | ? | Batman Begins (2005) (TMDb: 272)                                    |
[2022-07-08 02:29:55,581] [builder.py:2187]           [INFO]     | Trakt Popular Collection | ? | Black Panther (2018) (TMDb: 284054)                                 |
[2022-07-08 02:29:55,814] [builder.py:2187]           [INFO]     | Trakt Popular Collection | ? | Kingsman: The Secret Service (2015) (TMDb: 207703)                  |
[2022-07-08 02:29:56,058] [builder.py:2187]           [INFO]     | Trakt Popular Collection | ? | Finding Nemo (2003) (TMDb: 12)                                      |
[2022-07-08 02:29:56,304] [builder.py:2187]           [INFO]     | Trakt Popular Collection | ? | WALL·E (2008) (TMDb: 10681)                                         |
[2022-07-08 02:29:56,596] [builder.py:2187]           [INFO]     | Trakt Popular Collection | ? | Up (2009) (TMDb: 14160)                                             |
[2022-07-08 02:29:56,838] [builder.py:2187]           [INFO]     | Trakt Popular Collection | ? | Get Out (2017) (TMDb: 419430)                                       |
[2022-07-08 02:29:57,146] [builder.py:2187]           [INFO]     | Trakt Popular Collection | ? | Jurassic World (2015) (TMDb: 135397)                                |
[2022-07-08 02:29:57,447] [builder.py:2187]           [INFO]     | Trakt Popular Collection | ? | Captain America: The First Avenger (2011) (TMDb: 1771)              |
[2022-07-08 02:29:57,696] [builder.py:2187]           [INFO]     | Trakt Popular Collection | ? | The Lion King (1994) (TMDb: 8587)                                   |
[2022-07-08 02:29:58,038] [builder.py:2187]           [INFO]     | Trakt Popular Collection | ? | Back to the Future (1985) (TMDb: 105)                               |
[2022-07-08 02:29:58,392] [builder.py:2187]           [INFO]     | Trakt Popular Collection | ? | Iron Man 3 (2013) (TMDb: 68721)                                     |
[2022-07-08 02:29:58,625] [builder.py:2187]           [INFO]     | Trakt Popular Collection | ? | Iron Man 2 (2010) (TMDb: 10138)                                     |
[2022-07-08 02:29:58,938] [builder.py:2187]           [INFO]     | Trakt Popular Collection | ? | Joker (2019) (TMDb: 475557)                                         |
[2022-07-08 02:29:59,137] [builder.py:2187]           [INFO]     | Trakt Popular Collection | ? | X-Men: Apocalypse (2016) (TMDb: 246655)                             |
[2022-07-08 02:29:59,447] [builder.py:2187]           [INFO]     | Trakt Popular Collection | ? | The Empire Strikes Back (1980) (TMDb: 1891)                         |
[2022-07-08 02:29:59,687] [builder.py:2187]           [INFO]     | Trakt Popular Collection | ? | Baby Driver (2017) (TMDb: 339403)                                   |
[2022-07-08 02:29:59,954] [builder.py:2187]           [INFO]     | Trakt Popular Collection | ? | Edge of Tomorrow (2014) (TMDb: 137113)                              |
[2022-07-08 02:30:00,259] [builder.py:2187]           [INFO]     | Trakt Popular Collection | ? | The Hunger Games (2012) (TMDb: 70160)                               |
[2022-07-08 02:30:00,681] [builder.py:2187]           [INFO]     | Trakt Popular Collection | ? | Harry Potter and the Chamber of Secrets (2002) (TMDb: 672)          |
[2022-07-08 02:30:00,881] [builder.py:2187]           [INFO]     | Trakt Popular Collection | ? | Toy Story (1995) (TMDb: 862)                                        |
[2022-07-08 02:30:01,204] [builder.py:2187]           [INFO]     | Trakt Popular Collection | ? | Thor (2011) (TMDb: 10195)                                           |
[2022-07-08 02:30:01,447] [builder.py:2187]           [INFO]     | Trakt Popular Collection | ? | Harry Potter and the Prisoner of Azkaban (2004) (TMDb: 673)         |
[2022-07-08 02:30:01,892] [builder.py:2187]           [INFO]     | Trakt Popular Collection | ? | Monsters, Inc. (2001) (TMDb: 585)                                   |
[2022-07-08 02:30:02,181] [builder.py:2187]           [INFO]     | Trakt Popular Collection | ? | The Hobbit: An Unexpected Journey (2012) (TMDb: 49051)              |
[2022-07-08 02:30:02,458] [builder.py:2187]           [INFO]     | Trakt Popular Collection | ? | The Incredibles (2004) (TMDb: 9806)                                 |
[2022-07-08 02:30:02,904] [builder.py:2187]           [INFO]     | Trakt Popular Collection | ? | Deadpool 2 (2018) (TMDb: 383498)                                    |
[2022-07-08 02:30:03,514] [builder.py:2187]           [INFO]     | Trakt Popular Collection | ? | The Secret Life of Pets (2016) (TMDb: 328111)                       |
[2022-07-08 02:30:03,903] [builder.py:2187]           [INFO]     | Trakt Popular Collection | ? | Big Hero 6 (2014) (TMDb: 177572)                                    |
[2022-07-08 02:30:04,203] [builder.py:2187]           [INFO]     | Trakt Popular Collection | ? | Inglourious Basterds (2009) (TMDb: 16869)                           |
[2022-07-08 02:30:04,504] [builder.py:2187]           [INFO]     | Trakt Popular Collection | ? | Harry Potter and the Goblet of Fire (2005) (TMDb: 674)              |
[2022-07-08 02:30:04,870] [builder.py:2187]           [INFO]     | Trakt Popular Collection | ? | Harry Potter and the Deathly Hallows: Part 2 (2011) (TMDb: 12445)   |
[2022-07-08 02:30:05,179] [builder.py:2187]           [INFO]     | Trakt Popular Collection | ? | Kong: Skull Island (2017) (TMDb: 293167)                            |
[2022-07-08 02:30:05,470] [builder.py:2187]           [INFO]     | Trakt Popular Collection | ? | Return of the Jedi (1983) (TMDb: 1892)                              |
[2022-07-08 02:30:05,814] [builder.py:2187]           [INFO]     | Trakt Popular Collection | ? | The Accountant (2016) (TMDb: 302946)                                |
[2022-07-08 02:30:06,295] [builder.py:2187]           [INFO]     | Trakt Popular Collection | ? | Despicable Me (2010) (TMDb: 20352)                                  |
[2022-07-08 02:30:06,636] [builder.py:2187]           [INFO]     | Trakt Popular Collection | ? | The Revenant (2015) (TMDb: 281957)                                  |
[2022-07-08 02:30:07,078] [builder.py:2187]           [INFO]     | Trakt Popular Collection | ? | Thor: The Dark World (2013) (TMDb: 76338)                           |
[2022-07-08 02:30:07,328] [builder.py:2187]           [INFO]     | Trakt Popular Collection | ? | Now You See Me (2013) (TMDb: 75656)                                 |
[2022-07-08 02:30:07,553] [builder.py:2187]           [INFO]     | Trakt Popular Collection | ? | Hacksaw Ridge (2016) (TMDb: 324786)                                 |
[2022-07-08 02:30:07,937] [builder.py:2187]           [INFO]     | Trakt Popular Collection | ? | Harry Potter and the Order of the Phoenix (2007) (TMDb: 675)        |
[2022-07-08 02:30:08,337] [builder.py:2187]           [INFO]     | Trakt Popular Collection | ? | Se7en (1995) (TMDb: 807)                                            |
[2022-07-08 02:30:08,647] [builder.py:2187]           [INFO]     | Trakt Popular Collection | ? | The Hunger Games: Catching Fire (2013) (TMDb: 101299)               |
[2022-07-08 02:30:08,953] [builder.py:2187]           [INFO]     | Trakt Popular Collection | ? | Pirates of the Caribbean: The Curse of the Black Pearl (2003) (TMDb: 22) |
[2022-07-08 02:30:09,247] [builder.py:2187]           [INFO]     | Trakt Popular Collection | ? | Finding Dory (2016) (TMDb: 127380)                                  |
[2022-07-08 02:30:09,553] [builder.py:2187]           [INFO]     | Trakt Popular Collection | ? | X-Men: Days of Future Past (2014) (TMDb: 127585)                    |
[2022-07-08 02:30:09,792] [builder.py:2187]           [INFO]     | Trakt Popular Collection | ? | Harry Potter and the Half-Blood Prince (2009) (TMDb: 767)           |
[2022-07-08 02:30:10,158] [builder.py:2187]           [INFO]     | Trakt Popular Collection | ? | Ready Player One (2018) (TMDb: 333339)                              |
[2022-07-08 02:30:10,445] [builder.py:2187]           [INFO]     | Trakt Popular Collection | ? | Gone Girl (2014) (TMDb: 210577)                                     |
[2022-07-08 02:30:10,870] [builder.py:2187]           [INFO]     | Trakt Popular Collection | ? | Split (2016) (TMDb: 381288)                                         |
[2022-07-08 02:30:11,136] [builder.py:2187]           [INFO]     | Trakt Popular Collection | ? | Jumanji: Welcome to the Jungle (2017) (TMDb: 353486)                |
[2022-07-08 02:30:11,439] [builder.py:2187]           [INFO]     | Trakt Popular Collection | ? | Harry Potter and the Deathly Hallows: Part 1 (2010) (TMDb: 12444)   |
[2022-07-08 02:30:11,440] [builder.py:2192]           [INFO]     |                                                                                                    |
[2022-07-08 02:30:11,440] [builder.py:2193]           [INFO]     | 100 Movies Missing                                                                                 |
[2022-07-08 02:30:11,440] [plex_meta_manager.py:593]  [INFO]     |                                                                                                    |
[2022-07-08 02:30:11,441] [plex_meta_manager.py:594]  [INFO]     | Collection Minimum: 3 not met for Trakt Popular Collection                                         |
[2022-07-08 02:30:11,441] [plex_meta_manager.py:674]  [INFO]     |                                                                                                    |
[2022-07-08 02:30:11,441] [plex_meta_manager.py:675]  [INFO]     |====================================================================================================|
[2022-07-08 02:30:11,442] [plex_meta_manager.py:675]  [INFO]     |                                 Finished Trakt Popular Collection                                  |
[2022-07-08 02:30:11,442] [plex_meta_manager.py:675]  [INFO]     |                                    Collection Run Time: 0:00:30                                    |
[2022-07-08 02:30:11,442] [plex_meta_manager.py:675]  [INFO]     |====================================================================================================|
