[2022-07-08 02:29:02,819] [builder.py:185]            [INFO]     |====================================================================================================|
[2022-07-08 02:29:02,820] [builder.py:185]            [INFO]     |                                    Thailand Collection in 亚洲电影                                     |
[2022-07-08 02:29:02,820] [builder.py:185]            [INFO]     |====================================================================================================|
[2022-07-08 02:29:02,821] [builder.py:186]            [INFO]     |                                                                                                    |
[2022-07-08 02:29:02,821] [builder.py:191]            [INFO]     |================================== Validating Thailand Attributes ==================================|
[2022-07-08 02:29:02,822] [builder.py:212]            [DEBUG]    |                                                                                                    |
[2022-07-08 02:29:02,822] [builder.py:213]            [DEBUG]    | Validating Method: template                                                                        |
[2022-07-08 02:29:02,822] [meta.py:103]               [DEBUG]    | Value: [{'value': ['Thailand'], 'country': ['Thailand'], 'key_name': 'Thailand', 'key': 'Thailand', 'name': 'country_dynamic'}, {'value': ['Thailand'], 'country': ['Thailand'], 'key_name': 'Thailand', 'key': 'Thailand', 'name': 'shared'}] |
[2022-07-08 02:29:02,824] [builder.py:1675]           [INFO]     |                                                                                                    |
[2022-07-08 02:29:02,825] [builder.py:1676]           [INFO]     | Validating Method: smart_filter                                                                    |
[2022-07-08 02:29:02,825] [builder.py:1682]           [DEBUG]    | Value: {'sort_by': 'release.desc', 'any': {'country': ['Thailand']}}                               |
[2022-07-08 02:29:02,863] [builder.py:600]            [DEBUG]    |                                                                                                    |
[2022-07-08 02:29:02,864] [builder.py:604]            [DEBUG]    | Validating Method: label                                                                           |
[2022-07-08 02:29:02,864] [builder.py:605]            [DEBUG]    | Value: Country Color                                                                               |
[2022-07-08 02:29:02,865] [builder.py:600]            [DEBUG]    |                                                                                                    |
[2022-07-08 02:29:02,865] [builder.py:604]            [DEBUG]    | Validating Method: url_poster                                                                      |
[2022-07-08 02:29:02,865] [builder.py:605]            [DEBUG]    | Value: https://raw.githubusercontent.com/meisnate12/Plex-Meta-Manager-Images/master/country/white/Thailand.jpg |
[2022-07-08 02:29:03,204] [builder.py:600]            [DEBUG]    |                                                                                                    |
[2022-07-08 02:29:03,205] [builder.py:604]            [DEBUG]    | Validating Method: sort_title                                                                      |
[2022-07-08 02:29:03,206] [builder.py:605]            [DEBUG]    | Value: !09_Thailand                                                                                |
[2022-07-08 02:29:03,221] [plex.py:742]               [DEBUG]    |                                                                                                    |
[2022-07-08 02:29:03,221] [plex.py:745]               [DEBUG]    | Looking for: Thailand                                                                              |
[2022-07-08 02:29:03,222] [builder.py:764]            [INFO]     |                                                                                                    |
[2022-07-08 02:29:03,222] [builder.py:765]            [INFO]     | Validation Successful                                                                              |
[2022-07-08 02:29:03,222] [plex_meta_manager.py:539]  [INFO]     |                                                                                                    |
[2022-07-08 02:29:03,223] [plex_meta_manager.py:541]  [INFO]     |=================================== Running Thailand Collection ====================================|
[2022-07-08 02:29:03,223] [plex_meta_manager.py:547]  [INFO]     |                                                                                                    |
[2022-07-08 02:29:03,224] [plex_meta_manager.py:548]  [INFO]     | Smart Movie Filter                                                                                 |
                                                                 | Sort By: release.desc
                                                                 | Filter:
                                                                 |   Match any of the following:
                                                                 |     Country is Thailand
[2022-07-08 02:29:03,267] [plex_meta_manager.py:593]  [INFO]     | 
[2022-07-08 02:29:03,268] [plex_meta_manager.py:594]  [INFO]     | Collection Minimum: 3 not met for Thailand Collection
[2022-07-08 02:29:03,268] [plex_meta_manager.py:674]  [INFO]     | 
[2022-07-08 02:29:03,268] [plex_meta_manager.py:675]  [INFO]     |====================================================================================================|
[2022-07-08 02:29:03,269] [plex_meta_manager.py:675]  [INFO]     |                                    Finished Thailand Collection                                    |
[2022-07-08 02:29:03,269] [plex_meta_manager.py:675]  [INFO]     |                                    Collection Run Time: 0:00:00                                    |
[2022-07-08 02:29:03,269] [plex_meta_manager.py:675]  [INFO]     |====================================================================================================|
