[2022-07-08 02:28:57,925] [builder.py:185]            [INFO]     |====================================================================================================|
[2022-07-08 02:28:57,926] [builder.py:185]            [INFO]     |                                    Malaysia Collection in 亚洲电影                                     |
[2022-07-08 02:28:57,926] [builder.py:185]            [INFO]     |====================================================================================================|
[2022-07-08 02:28:57,926] [builder.py:186]            [INFO]     |                                                                                                    |
[2022-07-08 02:28:57,927] [builder.py:191]            [INFO]     |================================== Validating Malaysia Attributes ==================================|
[2022-07-08 02:28:57,927] [builder.py:212]            [DEBUG]    |                                                                                                    |
[2022-07-08 02:28:57,927] [builder.py:213]            [DEBUG]    | Validating Method: template                                                                        |
[2022-07-08 02:28:57,928] [meta.py:103]               [DEBUG]    | Value: [{'value': ['Malaysia'], 'country': ['Malaysia'], 'key_name': 'Malaysia', 'key': 'Malaysia', 'name': 'country_dynamic'}, {'value': ['Malaysia'], 'country': ['Malaysia'], 'key_name': 'Malaysia', 'key': 'Malaysia', 'name': 'shared'}] |
[2022-07-08 02:28:57,930] [builder.py:1675]           [INFO]     |                                                                                                    |
[2022-07-08 02:28:57,930] [builder.py:1676]           [INFO]     | Validating Method: smart_filter                                                                    |
[2022-07-08 02:28:57,930] [builder.py:1682]           [DEBUG]    | Value: {'sort_by': 'release.desc', 'any': {'country': ['Malaysia']}}                               |
[2022-07-08 02:28:57,969] [builder.py:600]            [DEBUG]    |                                                                                                    |
[2022-07-08 02:28:57,969] [builder.py:604]            [DEBUG]    | Validating Method: label                                                                           |
[2022-07-08 02:28:57,969] [builder.py:605]            [DEBUG]    | Value: Country Color                                                                               |
[2022-07-08 02:28:57,970] [builder.py:600]            [DEBUG]    |                                                                                                    |
[2022-07-08 02:28:57,970] [builder.py:604]            [DEBUG]    | Validating Method: url_poster                                                                      |
[2022-07-08 02:28:57,970] [builder.py:605]            [DEBUG]    | Value: https://raw.githubusercontent.com/meisnate12/Plex-Meta-Manager-Images/master/country/white/Malaysia.jpg |
[2022-07-08 02:28:59,271] [builder.py:600]            [DEBUG]    |                                                                                                    |
[2022-07-08 02:28:59,271] [builder.py:604]            [DEBUG]    | Validating Method: sort_title                                                                      |
[2022-07-08 02:28:59,272] [builder.py:605]            [DEBUG]    | Value: !09_Malaysia                                                                                |
[2022-07-08 02:28:59,395] [builder.py:764]            [INFO]     |                                                                                                    |
[2022-07-08 02:28:59,395] [builder.py:765]            [INFO]     | Validation Successful                                                                              |
[2022-07-08 02:28:59,395] [plex_meta_manager.py:539]  [INFO]     |                                                                                                    |
[2022-07-08 02:28:59,396] [plex_meta_manager.py:541]  [INFO]     |=================================== Running Malaysia Collection ====================================|
[2022-07-08 02:28:59,396] [plex_meta_manager.py:547]  [INFO]     |                                                                                                    |
[2022-07-08 02:28:59,397] [plex_meta_manager.py:548]  [INFO]     | Smart Movie Filter                                                                                 |
                                                                 | Sort By: release.desc
                                                                 | Filter:
                                                                 |   Match any of the following:
                                                                 |     Country is Malaysia
[2022-07-08 02:28:59,522] [builder.py:2383]           [INFO]     | 
[2022-07-08 02:28:59,522] [builder.py:2384]           [INFO]     |============================= Updating Details of Malaysia Collection ==============================|
[2022-07-08 02:28:59,523] [builder.py:2385]           [INFO]     |                                                                                                    |
[2022-07-08 02:28:59,545] [builder.py:2446]           [INFO]     | Collection Metadata Edits                                                                          |
[2022-07-08 02:28:59,545] [util.py:150]               [DEBUG]    | 1 poster found:                                                                                    |
[2022-07-08 02:28:59,546] [util.py:152]               [DEBUG]    | Method: url_poster Poster: https://raw.githubusercontent.com/meisnate12/Plex-Meta-Manager-Images/master/country/white/Malaysia.jpg |
[2022-07-08 02:28:59,548] [library.py:155]            [INFO]     | Detail: poster update not needed                                                                   |
[2022-07-08 02:28:59,659] [plex_meta_manager.py:674]  [INFO]     |                                                                                                    |
[2022-07-08 02:28:59,660] [plex_meta_manager.py:675]  [INFO]     |====================================================================================================|
[2022-07-08 02:28:59,660] [plex_meta_manager.py:675]  [INFO]     |                                    Finished Malaysia Collection                                    |
[2022-07-08 02:28:59,660] [plex_meta_manager.py:675]  [INFO]     |                                    Collection Run Time: 0:00:01                                    |
[2022-07-08 02:28:59,660] [plex_meta_manager.py:675]  [INFO]     |====================================================================================================|
