[2022-07-08 02:25:02,550] [builder.py:185]            [INFO]     |====================================================================================================|
[2022-07-08 02:25:02,603] [builder.py:185]            [INFO]     |                                    豆瓣Top250 Collection in 亚洲电影                                     |
[2022-07-08 02:25:02,604] [builder.py:185]            [INFO]     |====================================================================================================|
[2022-07-08 02:25:02,604] [builder.py:186]            [INFO]     |                                                                                                    |
[2022-07-08 02:25:02,605] [builder.py:191]            [INFO]     |================================== Validating 豆瓣Top250 Attributes ==================================|
[2022-07-08 02:25:02,605] [builder.py:437]            [DEBUG]    |                                                                                                    |
[2022-07-08 02:25:02,605] [builder.py:438]            [DEBUG]    | Validating Method: sync_mode                                                                       |
[2022-07-08 02:25:02,606] [builder.py:442]            [DEBUG]    | Value: sync                                                                                        |
[2022-07-08 02:25:02,606] [builder.py:582]            [DEBUG]    |                                                                                                    |
[2022-07-08 02:25:02,606] [builder.py:583]            [DEBUG]    | Validating Method: collection_order                                                                |
[2022-07-08 02:25:02,607] [builder.py:584]            [DEBUG]    | Value: custom                                                                                      |
[2022-07-08 02:25:02,607] [builder.py:600]            [DEBUG]    |                                                                                                    |
[2022-07-08 02:25:02,607] [builder.py:604]            [DEBUG]    | Validating Method: trakt_list                                                                      |
[2022-07-08 02:25:02,608] [builder.py:605]            [DEBUG]    | Value: https://trakt.tv/users/bpsim/lists/douban-movies-top-250-c-drama                            |
[2022-07-08 02:25:04,068] [builder.py:764]            [INFO]     |                                                                                                    |
[2022-07-08 02:25:04,068] [builder.py:765]            [INFO]     | Validation Successful                                                                              |
[2022-07-08 02:25:04,068] [plex_meta_manager.py:539]  [INFO]     |                                                                                                    |
[2022-07-08 02:25:04,069] [plex_meta_manager.py:541]  [INFO]     |=================================== Running 豆瓣Top250 Collection ====================================|
[2022-07-08 02:25:04,069] [plex_meta_manager.py:553]  [INFO]     |                                                                                                    |
[2022-07-08 02:25:04,070] [plex_meta_manager.py:554]  [INFO]     | Sync Mode: sync                                                                                    |
[2022-07-08 02:25:04,070] [plex_meta_manager.py:557]  [DEBUG]    |                                                                                                    |
[2022-07-08 02:25:04,070] [plex_meta_manager.py:558]  [DEBUG]    | Builder: trakt_list: https://trakt.tv/users/bpsim/lists/douban-movies-top-250-c-drama              |
[2022-07-08 02:25:04,070] [plex_meta_manager.py:559]  [INFO]     |                                                                                                    |
[2022-07-08 02:25:04,071] [trakt.py:482]              [INFO]     | Processing Trakt List: https://trakt.tv/users/bpsim/lists/douban-movies-top-250-c-drama            |
[2022-07-08 02:25:05,295] [builder.py:1507]           [DEBUG]    |                                                                                                    |
[2022-07-08 02:25:05,296] [builder.py:1508]           [DEBUG]    | 301 IDs Found: [(278, 'tmdb'), (10997, 'tmdb'), (101, 'tmdb'), (13, 'tmdb'), (637, 'tmdb'), (129, 'tmdb'), (597, 'tmdb'), (424, 'tmdb'), (27205, 'tmdb'), (28178, 'tmdb'), (10681, 'tmdb'), (20453, 'tmdb'), (5528, 'tmdb'), (10376, 'tmdb'), (37165, 'tmdb'), (21835, 'tmdb'), (157336, 'tmdb'), (8392, 'tmdb'), (238, 'tmdb'), (81481, 'tmdb'), (10775, 'tmdb'), (269149, 'tmdb'), (1402, 'tmdb'), (43949, 'tmdb'), (77338, 'tmdb'), (155, 'tmdb'), (770, 'tmdb'), (31439, 'tmdb'), (37257, 'tmdb'), (87827, 'tmdb'), (122, 'tmdb'), (10515, 'tmdb'), (360814, 'tmdb'), (25838, 'tmdb'), (11216, 'tmdb'), (389, 'tmdb'), (14160, 'tmdb'), (13345, 'tmdb'), (4935, 'tmdb'), (550, 'tmdb'), (804, 'tmdb'), (746, 'tmdb'), (9475, 'tmdb'), (354912, 'tmdb'), (242452, 'tmdb'), (582, 'tmdb'), (255709, 'tmdb'), (207, 'tmdb'), (100, 'tmdb'), (510, 'tmdb'), (121, 'tmdb'), (240, 'tmdb'), (120, 'tmdb'), (752, 'tmdb'), (8587, 'tmdb'), (453, 'tmdb'), (10451, 'tmdb'), (23128, 'tmdb'), (47002, 'tmdb'), (423, 'tmdb'), (4922, 'tmdb'), (671, 'tmdb'), (603, 'tmdb'), (47759, 'tmdb'), (311, 'tmdb'), (21334, 'tmdb'), (10867, 'tmdb'), (857, 'tmdb'), (51533, 'tmdb'), (517814, 'tmdb'), (15121, 'tmdb'), (1124, 'tmdb'), (807, 'tmdb'), (31512, 'tmdb'), (640, 'tmdb'), (680, 'tmdb'), (274, 'tmdb'), (1954, 'tmdb'), (194, 'tmdb'), (18329, 'tmdb'), (197, 'tmdb'), (162, 'tmdb'), (489, 'tmdb'), (14574, 'tmdb'), (11324, 'tmdb'), (120467, 'tmdb'), (19995, 'tmdb'), (16804, 'tmdb'), (128, 'tmdb'), (22, 'tmdb'), (2832, 'tmdb'), (3082, 'tmdb'), (161285, 'tmdb'), (142, 'tmdb'), (745, 'tmdb'), (11104, 'tmdb'), (103663, 'tmdb'), (24238, 'tmdb'), (53168, 'tmdb'), (210577, 'tmdb'), (54186, 'tmdb'), (587, 'tmdb'), (25538, 'tmdb'), (294682, 'tmdb'), (77117, 'tmdb'), (76, 'tmdb'), (55157, 'tmdb'), (398818, 'tmdb'), (37185, 'tmdb'), (37797, 'tmdb'), (10191, 'tmdb'), (4977, 'tmdb'), (30421, 'tmdb'), (74308, 'tmdb'), (209764, 'tmdb'), (81, 'tmdb'), (80, 'tmdb'), (4291, 'tmdb'), (336026, 'tmdb'), (11423, 'tmdb'), (12445, 'tmdb'), (158445, 'tmdb'), (594, 'tmdb'), (598, 'tmdb'), (49026, 'tmdb'), (51739, 'tmdb'), (92321, 'tmdb'), (37703, 'tmdb'), (177572, 'tmdb'), (20352, 'tmdb'), (365045, 'tmdb'), (2517, 'tmdb'), (585, 'tmdb'), (39693, 'tmdb'), (176, 'tmdb'), (10193, 'tmdb'), (2503, 'tmdb'), (346, 'tmdb'), (49519, 'tmdb'), (324786, 'tmdb'), (9261, 'tmdb'), (11471, 'tmdb'), (508, 'tmdb'), (40751, 'tmdb'), (12477, 'tmdb'), (12405, 'tmdb'), (4348, 'tmdb'), (122906, 'tmdb'), (44214, 'tmdb'), (77, 'tmdb'), (292362, 'tmdb'), (47423, 'tmdb'), (242, 'tmdb'), (265195, 'tmdb'), (9559, 'tmdb'), (152532, 'tmdb'), (380, 'tmdb'), (843, 'tmdb'), (359940, 'tmdb'), (68718, 'tmdb'), (205, 'tmdb'), (334541, 'tmdb'), (372058, 'tmdb'), (89825, 'tmdb'), (11036, 'tmdb'), (150540, 'tmdb'), (10950, 'tmdb'), (8290, 'tmdb'), (82690, 'tmdb'), (473267, 'tmdb'), (425, 'tmdb'), (36970, 'tmdb'), (872, 'tmdb'), (244786, 'tmdb'), (10494, 'tmdb'), (205596, 'tmdb'), (4476, 'tmdb'), (348678, 'tmdb'), (532753, 'tmdb'), (644, 'tmdb'), (31743, 'tmdb'), (14069, 'tmdb'), (264644, 'tmdb'), (16859, 'tmdb'), (43824, 'tmdb'), (26466, 'tmdb'), (74037, 'tmdb'), (627, 'tmdb'), (315846, 'tmdb'), (381341, 'tmdb'), (548, 'tmdb'), (605, 'tmdb'), (134575, 'tmdb'), (18311, 'tmdb'), (1427, 'tmdb'), (8055, 'tmdb'), (16074, 'tmdb'), (7735, 'tmdb'), (2502, 'tmdb'), (2501, 'tmdb'), (15804, 'tmdb'), (1830, 'tmdb'), (7508, 'tmdb'), (45380, 'tmdb'), (539, 'tmdb'), (39915, 'tmdb'), (57627, 'tmdb'), (9470, 'tmdb'), (280, 'tmdb'), (45612, 'tmdb'), (25050, 'tmdb'), (333339, 'tmdb'), (132344, 'tmdb'), (40213, 'tmdb'), (348892, 'tmdb'), (60243, 'tmdb'), (11660, 'tmdb'), (198277, 'tmdb'), (16869, 'tmdb'), (406997, 'tmdb'), (1640, 'tmdb'), (18148, 'tmdb'), (1372, 'tmdb'), (220289, 'tmdb'), (641, 'tmdb'), (901, 'tmdb'), (62, 'tmdb'), (497, 'tmdb'), (76341, 'tmdb'), (396535, 'tmdb'), (314365, 'tmdb'), (165213, 'tmdb'), (601, 'tmdb'), (13363, 'tmdb'), (1541, 'tmdb'), (855, 'tmdb'), (185, 'tmdb'), (754, 'tmdb'), (9802, 'tmdb'), (7350, 'tmdb'), (45269, 'tmdb'), (429, 'tmdb'), (72575, 'tmdb'), (782, 'tmdb'), (629, 'tmdb'), (38142, 'tmdb'), (289, 'tmdb'), (421742, 'tmdb'), (411088, 'tmdb'), (537223, 'tmdb'), (395594, 'tvdb'), (393229, 'tvdb'), (391058, 'tvdb'), (389326, 'tvdb'), (388507, 'tvdb'), (386997, 'tvdb'), (387196, 'tvdb'), (385475, 'tvdb'), (384075, 'tvdb'), (383892, 'tvdb'), (382581, 'tvdb'), (376747, 'tvdb'), (380597, 'tvdb'), (379832, 'tvdb'), (378716, 'tvdb'), (368761, 'tvdb'), (372881, 'tvdb'), (371979, 'tvdb'), (369176, 'tvdb'), (367570, 'tvdb'), (366701, 'tvdb'), (355148, 'tvdb'), (360337, 'tvdb'), (355143, 'tvdb'), (359679, 'tvdb'), (356549, 'tvdb'), (330556, 'tvdb'), (352754, 'tvdb'), (346004, 'tvdb'), (339910, 'tvdb'), (335647, 'tvdb'), (334769, 'tvdb'), (333109, 'tvdb'), (330457, 'tvdb'), (327209, 'tvdb'), (323917, 'tvdb'), (313637, 'tvdb'), (301485, 'tvdb'), (301369, 'tvdb'), (302155, 'tvdb'), (298559, 'tvdb'), (331271, 'tvdb'), (284877, 'tvdb'), (302456, 'tvdb'), (283974, 'tvdb'), (257938, 'tvdb'), (254494, 'tvdb'), (252478, 'tvdb'), (312173, 'tvdb'), (123171, 'tvdb'), (327728, 'tvdb')] |
[2022-07-08 02:25:05,297] [builder.py:1509]           [DEBUG]    |                                                                                                    |
[2022-07-08 02:25:05,306] [builder.py:2009]           [INFO]     |                                                                                                    |
[2022-07-08 02:25:05,307] [builder.py:2010]           [INFO]     |================================== Adding to 豆瓣Top250 Collection ===================================|
[2022-07-08 02:25:05,307] [builder.py:2011]           [INFO]     |                                                                                                    |
[2022-07-08 02:25:05,308] [builder.py:2025]           [INFO]     |  1/12 | 豆瓣Top250 Collection | = | 千与千寻 (2001)                                                      |
[2022-07-08 02:25:05,309] [builder.py:2025]           [INFO]     |  2/12 | 豆瓣Top250 Collection | = | 龙猫 (1988)                                                        |
[2022-07-08 02:25:05,309] [builder.py:2025]           [INFO]     |  3/12 | 豆瓣Top250 Collection | = | 天空之城 (1986)                                                      |
[2022-07-08 02:25:05,310] [builder.py:2025]           [INFO]     |  4/12 | 豆瓣Top250 Collection | = | 哈尔的移动城堡 (2004)                                                   |
[2022-07-08 02:25:05,310] [builder.py:2025]           [INFO]     |  5/12 | 豆瓣Top250 Collection | = | 被嫌弃的松子的一生 (2006)                                                 |
[2022-07-08 02:25:05,311] [builder.py:2025]           [INFO]     |  6/12 | 豆瓣Top250 Collection | = | 幽灵公主 (1997)                                                      |
[2022-07-08 02:25:05,311] [builder.py:2025]           [INFO]     |  7/12 | 豆瓣Top250 Collection | = | 侧耳倾听 (1995)                                                      |
[2022-07-08 02:25:05,312] [builder.py:2025]           [INFO]     |  8/12 | 豆瓣Top250 Collection | = | 风之谷 (1984)                                                       |
[2022-07-08 02:25:05,313] [builder.py:2025]           [INFO]     |  9/12 | 豆瓣Top250 Collection | = | 借东西的小人阿莉埃蒂 (2010)                                                |
[2022-07-08 02:25:05,313] [builder.py:2025]           [INFO]     | 10/12 | 豆瓣Top250 Collection | = | 萤火虫之墓 (1988)                                                     |
[2022-07-08 02:25:05,314] [builder.py:2025]           [INFO]     | 11/12 | 豆瓣Top250 Collection | = | 你的名字 (2016)                                                      |
[2022-07-08 02:25:05,314] [builder.py:2025]           [INFO]     | 12/12 | 豆瓣Top250 Collection | = | 魔女宅急便 (1989)                                                     |
[2022-07-08 02:25:05,315] [builder.py:2045]           [INFO]     |                                                                                                    |
[2022-07-08 02:25:05,315] [builder.py:2046]           [INFO]     | 12 Movies Processed                                                                                |
[2022-07-08 02:25:05,315] [builder.py:2172]           [INFO]     |                                                                                                    |
[2022-07-08 02:25:05,316] [builder.py:2173]           [INFO]     |================================ Missing Movies from Library: 亚洲电影 =================================|
[2022-07-08 02:25:05,316] [builder.py:2174]           [INFO]     |                                                                                                    |
[2022-07-08 02:25:05,637] [builder.py:2187]           [INFO]     | 豆瓣Top250 Collection | ? | The Shawshank Redemption (1994) (TMDb: 278)                              |
[2022-07-08 02:25:05,848] [builder.py:2187]           [INFO]     | 豆瓣Top250 Collection | ? | Farewell My Concubine (1993) (TMDb: 10997)                               |
[2022-07-08 02:25:06,060] [builder.py:2187]           [INFO]     | 豆瓣Top250 Collection | ? | Léon: The Professional (1994) (TMDb: 101)                                |
[2022-07-08 02:25:06,260] [builder.py:2187]           [INFO]     | 豆瓣Top250 Collection | ? | Forrest Gump (1994) (TMDb: 13)                                           |
[2022-07-08 02:25:06,437] [builder.py:2187]           [INFO]     | 豆瓣Top250 Collection | ? | Life Is Beautiful (1997) (TMDb: 637)                                     |
[2022-07-08 02:25:06,671] [builder.py:2187]           [INFO]     | 豆瓣Top250 Collection | ? | Titanic (1997) (TMDb: 597)                                               |
[2022-07-08 02:25:07,049] [builder.py:2187]           [INFO]     | 豆瓣Top250 Collection | ? | Schindler's List (1993) (TMDb: 424)                                      |
[2022-07-08 02:25:07,462] [builder.py:2187]           [INFO]     | 豆瓣Top250 Collection | ? | Inception (2010) (TMDb: 27205)                                           |
[2022-07-08 02:25:08,705] [builder.py:2187]           [INFO]     | 豆瓣Top250 Collection | ? | Hachi: A Dog's Tale (2009) (TMDb: 28178)                                 |
[2022-07-08 02:25:08,929] [builder.py:2187]           [INFO]     | 豆瓣Top250 Collection | ? | WALL·E (2008) (TMDb: 10681)                                              |
[2022-07-08 02:25:09,104] [builder.py:2187]           [INFO]     | 豆瓣Top250 Collection | ? | 3 Idiots (2009) (TMDb: 20453)                                            |
[2022-07-08 02:25:09,295] [builder.py:2187]           [INFO]     | 豆瓣Top250 Collection | ? | The Chorus (2004) (TMDb: 5528)                                           |
[2022-07-08 02:25:09,615] [builder.py:2187]           [INFO]     | 豆瓣Top250 Collection | ? | The Legend of 1900 (1998) (TMDb: 10376)                                  |
[2022-07-08 02:25:09,904] [builder.py:2187]           [INFO]     | 豆瓣Top250 Collection | ? | The Truman Show (1998) (TMDb: 37165)                                     |
[2022-07-08 02:25:10,082] [builder.py:2187]           [INFO]     | 豆瓣Top250 Collection | ? | A Chinese Odyssey Part Two: Cinderella (1995) (TMDb: 21835)              |
[2022-07-08 02:25:11,309] [builder.py:2187]           [INFO]     | 豆瓣Top250 Collection | ? | Interstellar (2014) (TMDb: 157336)                                       |
[2022-07-08 02:25:11,815] [builder.py:2187]           [INFO]     | 豆瓣Top250 Collection | ? | The Godfather (1972) (TMDb: 238)                                         |
[2022-07-08 02:25:12,093] [builder.py:2187]           [INFO]     | 豆瓣Top250 Collection | ? | Silenced (2011) (TMDb: 81481)                                            |
[2022-07-08 02:25:12,460] [builder.py:2187]           [INFO]     | 豆瓣Top250 Collection | ? | Infernal Affairs (2002) (TMDb: 10775)                                    |
[2022-07-08 02:25:12,720] [builder.py:2187]           [INFO]     | 豆瓣Top250 Collection | ? | Zootopia (2016) (TMDb: 269149)                                           |
[2022-07-08 02:25:12,978] [builder.py:2187]           [INFO]     | 豆瓣Top250 Collection | ? | The Pursuit of Happyness (2006) (TMDb: 1402)                             |
[2022-07-08 02:25:13,360] [builder.py:2187]           [INFO]     | 豆瓣Top250 Collection | ? | Flipped (2010) (TMDb: 43949)                                             |
[2022-07-08 02:25:13,771] [builder.py:2187]           [INFO]     | 豆瓣Top250 Collection | ? | The Intouchables (2011) (TMDb: 77338)                                    |
[2022-07-08 02:25:13,971] [builder.py:2187]           [INFO]     | 豆瓣Top250 Collection | ? | The Dark Knight (2008) (TMDb: 155)                                       |
[2022-07-08 02:25:14,226] [builder.py:2187]           [INFO]     | 豆瓣Top250 Collection | ? | Gone with the Wind (1939) (TMDb: 770)                                    |
[2022-07-08 02:25:14,486] [builder.py:2187]           [INFO]     | 豆瓣Top250 Collection | ? | To Live (1994) (TMDb: 31439)                                             |
[2022-07-08 02:25:14,760] [builder.py:2187]           [INFO]     | 豆瓣Top250 Collection | ? | Witness for the Prosecution (1957) (TMDb: 37257)                         |
[2022-07-08 02:25:14,993] [builder.py:2187]           [INFO]     | 豆瓣Top250 Collection | ? | Life of Pi (2012) (TMDb: 87827)                                          |
[2022-07-08 02:25:15,315] [builder.py:2187]           [INFO]     | 豆瓣Top250 Collection | ? | The Lord of the Rings: The Return of the King (2003) (TMDb: 122)         |
[2022-07-08 02:25:16,572] [builder.py:2187]           [INFO]     | 豆瓣Top250 Collection | ? | Dangal (2016) (TMDb: 360814)                                             |
[2022-07-08 02:25:16,871] [builder.py:2187]           [INFO]     | 豆瓣Top250 Collection | ? | Devils on the Doorstep (2000) (TMDb: 25838)                              |
[2022-07-08 02:25:17,115] [builder.py:2187]           [INFO]     | 豆瓣Top250 Collection | ? | Cinema Paradiso (1988) (TMDb: 11216)                                     |
[2022-07-08 02:25:17,595] [builder.py:2187]           [INFO]     | 豆瓣Top250 Collection | ? | 12 Angry Men (1957) (TMDb: 389)                                          |
[2022-07-08 02:25:17,861] [builder.py:2187]           [INFO]     | 豆瓣Top250 Collection | ? | Up (2009) (TMDb: 14160)                                                  |
[2022-07-08 02:25:18,082] [builder.py:2187]           [INFO]     | 豆瓣Top250 Collection | ? | A Chinese Odyssey Part One: Pandora's Box (1995) (TMDb: 13345)           |
[2022-07-08 02:25:18,560] [builder.py:2187]           [INFO]     | 豆瓣Top250 Collection | ? | Fight Club (1999) (TMDb: 550)                                            |
[2022-07-08 02:25:18,786] [builder.py:2187]           [INFO]     | 豆瓣Top250 Collection | ? | Roman Holiday (1953) (TMDb: 804)                                         |
[2022-07-08 02:25:19,111] [builder.py:2187]           [INFO]     | 豆瓣Top250 Collection | ? | The Last Emperor (1987) (TMDb: 746)                                      |
[2022-07-08 02:25:19,461] [builder.py:2187]           [INFO]     | 豆瓣Top250 Collection | ? | Scent of a Woman (1992) (TMDb: 9475)                                     |
[2022-07-08 02:25:19,786] [builder.py:2187]           [INFO]     | 豆瓣Top250 Collection | ? | Coco (2017) (TMDb: 354912)                                               |
[2022-07-08 02:25:20,028] [builder.py:2187]           [INFO]     | 豆瓣Top250 Collection | ? | The Attorney (2013) (TMDb: 242452)                                       |
[2022-07-08 02:25:20,404] [builder.py:2187]           [INFO]     | 豆瓣Top250 Collection | ? | The Lives of Others (2006) (TMDb: 582)                                   |
[2022-07-08 02:25:20,728] [builder.py:2187]           [INFO]     | 豆瓣Top250 Collection | ? | Hope (2013) (TMDb: 255709)                                               |
[2022-07-08 02:25:20,986] [builder.py:2187]           [INFO]     | 豆瓣Top250 Collection | ? | Dead Poets Society (1989) (TMDb: 207)                                    |
[2022-07-08 02:25:21,294] [builder.py:2187]           [INFO]     | 豆瓣Top250 Collection | ? | Lock, Stock and Two Smoking Barrels (1998) (TMDb: 100)                   |
[2022-07-08 02:25:21,738] [builder.py:2187]           [INFO]     | 豆瓣Top250 Collection | ? | One Flew Over the Cuckoo's Nest (1975) (TMDb: 510)                       |
[2022-07-08 02:25:22,015] [builder.py:2187]           [INFO]     | 豆瓣Top250 Collection | ? | The Lord of the Rings: The Two Towers (2002) (TMDb: 121)                 |
[2022-07-08 02:25:22,271] [builder.py:2187]           [INFO]     | 豆瓣Top250 Collection | ? | The Godfather: Part II (1974) (TMDb: 240)                                |
[2022-07-08 02:25:22,852] [builder.py:2187]           [INFO]     | 豆瓣Top250 Collection | ? | The Lord of the Rings: The Fellowship of the Ring (2001) (TMDb: 120)     |
[2022-07-08 02:25:23,337] [builder.py:2187]           [INFO]     | 豆瓣Top250 Collection | ? | V for Vendetta (2006) (TMDb: 752)                                        |
[2022-07-08 02:25:23,582] [builder.py:2187]           [INFO]     | 豆瓣Top250 Collection | ? | The Lion King (1994) (TMDb: 8587)                                        |
[2022-07-08 02:25:23,848] [builder.py:2187]           [INFO]     | 豆瓣Top250 Collection | ? | A Beautiful Mind (2001) (TMDb: 453)                                      |
[2022-07-08 02:25:24,160] [builder.py:2187]           [INFO]     | 豆瓣Top250 Collection | ? | Eat Drink Man Woman (1994) (TMDb: 10451)                                 |
[2022-07-08 02:25:24,486] [builder.py:2187]           [INFO]     | 豆瓣Top250 Collection | ? | The Cove (2009) (TMDb: 23128)                                            |
[2022-07-08 02:25:24,737] [builder.py:2187]           [INFO]     | 豆瓣Top250 Collection | ? | Love Letter (1995) (TMDb: 47002)                                         |
[2022-07-08 02:25:25,019] [builder.py:2187]           [INFO]     | 豆瓣Top250 Collection | ? | The Pianist (2002) (TMDb: 423)                                           |
[2022-07-08 02:25:25,315] [builder.py:2187]           [INFO]     | 豆瓣Top250 Collection | ? | The Curious Case of Benjamin Button (2008) (TMDb: 4922)                  |
[2022-07-08 02:25:25,320] [builder.py:2187]           [INFO]     | 豆瓣Top250 Collection | ? | Harry Potter and the Philosopher's Stone (2001) (TMDb: 671)              |
[2022-07-08 02:25:25,552] [builder.py:2187]           [INFO]     | 豆瓣Top250 Collection | ? | The Matrix (1999) (TMDb: 603)                                            |
[2022-07-08 02:25:25,902] [builder.py:2187]           [INFO]     | 豆瓣Top250 Collection | ? | The Monkey King: Havoc in Heaven (1961) (TMDb: 47759)                    |
[2022-07-08 02:25:26,327] [builder.py:2187]           [INFO]     | 豆瓣Top250 Collection | ? | Once Upon a Time in America (1984) (TMDb: 311)                           |
[2022-07-08 02:25:26,752] [builder.py:2187]           [INFO]     | 豆瓣Top250 Collection | ? | Children of Heaven (1997) (TMDb: 21334)                                  |
[2022-07-08 02:25:27,204] [builder.py:2187]           [INFO]     | 豆瓣Top250 Collection | ? | Malena (2000) (TMDb: 10867)                                              |
[2022-07-08 02:25:27,426] [builder.py:2187]           [INFO]     | 豆瓣Top250 Collection | ? | Saving Private Ryan (1998) (TMDb: 857)                                   |
[2022-07-08 02:25:27,685] [builder.py:2187]           [INFO]     | 豆瓣Top250 Collection | ? | Let the Bullets Fly (2010) (TMDb: 51533)                                 |
[2022-07-08 02:25:27,971] [builder.py:2187]           [INFO]     | 豆瓣Top250 Collection | ? | Capernaum (2018) (TMDb: 517814)                                          |
[2022-07-08 02:25:28,304] [builder.py:2187]           [INFO]     | 豆瓣Top250 Collection | ? | The Sound of Music (1965) (TMDb: 15121)                                  |
[2022-07-08 02:25:28,504] [builder.py:2187]           [INFO]     | 豆瓣Top250 Collection | ? | The Prestige (2006) (TMDb: 1124)                                         |
[2022-07-08 02:25:28,794] [builder.py:2187]           [INFO]     | 豆瓣Top250 Collection | ? | Se7en (1995) (TMDb: 807)                                                 |
[2022-07-08 02:25:29,015] [builder.py:2187]           [INFO]     | 豆瓣Top250 Collection | ? | Catch Me If You Can (2002) (TMDb: 640)                                   |
[2022-07-08 02:25:29,337] [builder.py:2187]           [INFO]     | 豆瓣Top250 Collection | ? | Pulp Fiction (1994) (TMDb: 680)                                          |
[2022-07-08 02:25:29,604] [builder.py:2187]           [INFO]     | 豆瓣Top250 Collection | ? | The Silence of the Lambs (1991) (TMDb: 274)                              |
[2022-07-08 02:25:29,885] [builder.py:2187]           [INFO]     | 豆瓣Top250 Collection | ? | The Butterfly Effect (2004) (TMDb: 1954)                                 |
[2022-07-08 02:25:30,171] [builder.py:2187]           [INFO]     | 豆瓣Top250 Collection | ? | Amélie (2001) (TMDb: 194)                                                |
[2022-07-08 02:25:30,416] [builder.py:2187]           [INFO]     | 豆瓣Top250 Collection | ? | Happy Together (1997) (TMDb: 18329)                                      |
[2022-07-08 02:25:30,726] [builder.py:2187]           [INFO]     | 豆瓣Top250 Collection | ? | Braveheart (1995) (TMDb: 197)                                            |
[2022-07-08 02:25:30,971] [builder.py:2187]           [INFO]     | 豆瓣Top250 Collection | ? | Edward Scissorhands (1990) (TMDb: 162)                                   |
[2022-07-08 02:25:31,293] [builder.py:2187]           [INFO]     | 豆瓣Top250 Collection | ? | Good Will Hunting (1997) (TMDb: 489)                                     |
[2022-07-08 02:25:31,298] [builder.py:2187]           [INFO]     | 豆瓣Top250 Collection | ? | The Boy in the Striped Pyjamas (2008) (TMDb: 14574)                      |
[2022-07-08 02:25:31,804] [builder.py:2187]           [INFO]     | 豆瓣Top250 Collection | ? | Shutter Island (2010) (TMDb: 11324)                                      |
[2022-07-08 02:25:32,082] [builder.py:2187]           [INFO]     | 豆瓣Top250 Collection | ? | The Grand Budapest Hotel (2014) (TMDb: 120467)                           |
[2022-07-08 02:25:32,327] [builder.py:2187]           [INFO]     | 豆瓣Top250 Collection | ? | Avatar (2009) (TMDb: 19995)                                              |
[2022-07-08 02:25:33,482] [builder.py:2187]           [INFO]     | 豆瓣Top250 Collection | ? | Departures (2008) (TMDb: 16804)                                          |
[2022-07-08 02:25:33,960] [builder.py:2187]           [INFO]     | 豆瓣Top250 Collection | ? | Pirates of the Caribbean: The Curse of the Black Pearl (2003) (TMDb: 22) |
[2022-07-08 02:25:34,348] [builder.py:2187]           [INFO]     | 豆瓣Top250 Collection | ? | Identity (2003) (TMDb: 2832)                                             |
[2022-07-08 02:25:34,626] [builder.py:2187]           [INFO]     | 豆瓣Top250 Collection | ? | Modern Times (1936) (TMDb: 3082)                                         |
[2022-07-08 02:25:34,632] [builder.py:2187]           [INFO]     | 豆瓣Top250 Collection | ? | In the Heat of the Sun (1994) (TMDb: 161285)                             |
[2022-07-08 02:25:34,885] [builder.py:2187]           [INFO]     | 豆瓣Top250 Collection | ? | Brokeback Mountain (2005) (TMDb: 142)                                    |
[2022-07-08 02:25:35,137] [builder.py:2187]           [INFO]     | 豆瓣Top250 Collection | ? | The Sixth Sense (1999) (TMDb: 745)                                       |
[2022-07-08 02:25:35,348] [builder.py:2187]           [INFO]     | 豆瓣Top250 Collection | ? | Chungking Express (1994) (TMDb: 11104)                                   |
[2022-07-08 02:25:35,726] [builder.py:2187]           [INFO]     | 豆瓣Top250 Collection | ? | The Hunt (2012) (TMDb: 103663)                                           |
[2022-07-08 02:25:37,017] [builder.py:2187]           [INFO]     | 豆瓣Top250 Collection | ? | Mary and Max (2009) (TMDb: 24238)                                        |
[2022-07-08 02:25:37,271] [builder.py:2187]           [INFO]     | 豆瓣Top250 Collection | ? | King of Comedy (1999) (TMDb: 53168)                                      |
[2022-07-08 02:25:37,582] [builder.py:2187]           [INFO]     | 豆瓣Top250 Collection | ? | Gone Girl (2014) (TMDb: 210577)                                          |
[2022-07-08 02:25:38,138] [builder.py:2187]           [INFO]     | 豆瓣Top250 Collection | ? | Confessions (2010) (TMDb: 54186)                                         |
[2022-07-08 02:25:38,504] [builder.py:2187]           [INFO]     | 豆瓣Top250 Collection | ? | Big Fish (2003) (TMDb: 587)                                              |
[2022-07-08 02:25:38,718] [builder.py:2187]           [INFO]     | 豆瓣Top250 Collection | ? | Yi Yi (2000) (TMDb: 25538)                                               |
[2022-07-08 02:25:38,943] [builder.py:2187]           [INFO]     | 豆瓣Top250 Collection | ? | Little Forest: Summer/Autumn (2014) (TMDb: 294682)                       |
[2022-07-08 02:25:39,360] [builder.py:2187]           [INFO]     | 豆瓣Top250 Collection | ? | Sunny (2011) (TMDb: 77117)                                               |
[2022-07-08 02:25:39,615] [builder.py:2187]           [INFO]     | 豆瓣Top250 Collection | ? | Before Sunrise (1995) (TMDb: 76)                                         |
[2022-07-08 02:25:39,918] [builder.py:2187]           [INFO]     | 豆瓣Top250 Collection | ? | The Eagle Shooting Heroes (1993) (TMDb: 55157)                           |
[2022-07-08 02:25:40,226] [builder.py:2187]           [INFO]     | 豆瓣Top250 Collection | ? | Call Me by Your Name (2017) (TMDb: 398818)                               |
[2022-07-08 02:25:40,504] [builder.py:2187]           [INFO]     | 豆瓣Top250 Collection | ? | Comrades, Almost a Love Story (1996) (TMDb: 37185)                       |
[2022-07-08 02:25:40,749] [builder.py:2187]           [INFO]     | 豆瓣Top250 Collection | ? | How to Train Your Dragon (2010) (TMDb: 10191)                            |
[2022-07-08 02:25:41,126] [builder.py:2187]           [INFO]     | 豆瓣Top250 Collection | ? | Paprika (2006) (TMDb: 4977)                                              |
[2022-07-08 02:25:41,415] [builder.py:2187]           [INFO]     | 豆瓣Top250 Collection | ? | A Chinese Ghost Story (1987) (TMDb: 30421)                               |
[2022-07-08 02:25:41,793] [builder.py:2187]           [INFO]     | 豆瓣Top250 Collection | ? | Detachment (2011) (TMDb: 74308)                                          |
[2022-07-08 02:25:42,084] [builder.py:2187]           [INFO]     | 豆瓣Top250 Collection | ? | The Terror Live (2013) (TMDb: 209764)                                    |
[2022-07-08 02:25:42,384] [builder.py:2187]           [INFO]     | 豆瓣Top250 Collection | ? | Before Sunset (2004) (TMDb: 80)                                          |
[2022-07-08 02:25:42,643] [builder.py:2187]           [INFO]     | 豆瓣Top250 Collection | ? | Kikujiro (1999) (TMDb: 4291)                                             |
[2022-07-08 02:25:42,848] [builder.py:2187]           [INFO]     | 豆瓣Top250 Collection | ? | Little Forest: Winter/Spring (2015) (TMDb: 336026)                       |
[2022-07-08 02:25:43,151] [builder.py:2187]           [INFO]     | 豆瓣Top250 Collection | ? | Memories of Murder (2003) (TMDb: 11423)                                  |
[2022-07-08 02:25:43,501] [builder.py:2187]           [INFO]     | 豆瓣Top250 Collection | ? | Harry Potter and the Deathly Hallows: Part 2 (2011) (TMDb: 12445)        |
[2022-07-08 02:25:43,782] [builder.py:2187]           [INFO]     | 豆瓣Top250 Collection | ? | Miracle in Cell No. 7 (2013) (TMDb: 158445)                              |
[2022-07-08 02:25:44,059] [builder.py:2187]           [INFO]     | 豆瓣Top250 Collection | ? | The Terminal (2004) (TMDb: 594)                                          |
[2022-07-08 02:25:44,337] [builder.py:2187]           [INFO]     | 豆瓣Top250 Collection | ? | City of God (2002) (TMDb: 598)                                           |
[2022-07-08 02:25:44,634] [builder.py:2187]           [INFO]     | 豆瓣Top250 Collection | ? | The Dark Knight Rises (2012) (TMDb: 49026)                               |
[2022-07-08 02:25:44,971] [builder.py:2187]           [INFO]     | 豆瓣Top250 Collection | ? | Hotarubi no Mori e (2011) (TMDb: 92321)                                  |
[2022-07-08 02:25:45,276] [builder.py:2187]           [INFO]     | 豆瓣Top250 Collection | ? | Flirting Scholar (1993) (TMDb: 37703)                                    |
[2022-07-08 02:25:45,504] [builder.py:2187]           [INFO]     | 豆瓣Top250 Collection | ? | Big Hero 6 (2014) (TMDb: 177572)                                         |
[2022-07-08 02:25:45,776] [builder.py:2187]           [INFO]     | 豆瓣Top250 Collection | ? | Despicable Me (2010) (TMDb: 20352)                                       |
[2022-07-08 02:25:46,171] [builder.py:2187]           [INFO]     | 豆瓣Top250 Collection | ? | Heidi (2015) (TMDb: 365045)                                              |
[2022-07-08 02:25:46,692] [builder.py:2187]           [INFO]     | 豆瓣Top250 Collection | ? | Nobody Knows (2004) (TMDb: 2517)                                         |
[2022-07-08 02:25:47,051] [builder.py:2187]           [INFO]     | 豆瓣Top250 Collection | ? | Monsters, Inc. (2001) (TMDb: 585)                                        |
[2022-07-08 02:25:47,534] [builder.py:2187]           [INFO]     | 豆瓣Top250 Collection | ? | Echoes of the Rainbow (2010) (TMDb: 39693)                               |
[2022-07-08 02:25:47,809] [builder.py:2187]           [INFO]     | 豆瓣Top250 Collection | ? | Saw (2004) (TMDb: 176)                                                   |
[2022-07-08 02:25:48,115] [builder.py:2187]           [INFO]     | 豆瓣Top250 Collection | ? | Toy Story 3 (2010) (TMDb: 10193)                                         |
[2022-07-08 02:25:48,371] [builder.py:2187]           [INFO]     | 豆瓣Top250 Collection | ? | The Bourne Ultimatum (2007) (TMDb: 2503)                                 |
[2022-07-08 02:25:48,826] [builder.py:2187]           [INFO]     | 豆瓣Top250 Collection | ? | Seven Samurai (1954) (TMDb: 346)                                         |
[2022-07-08 02:25:49,050] [builder.py:2187]           [INFO]     | 豆瓣Top250 Collection | ? | The Croods (2013) (TMDb: 49519)                                          |
[2022-07-08 02:25:49,393] [builder.py:2187]           [INFO]     | 豆瓣Top250 Collection | ? | Hacksaw Ridge (2016) (TMDb: 324786)                                      |
[2022-07-08 02:25:49,604] [builder.py:2187]           [INFO]     | 豆瓣Top250 Collection | ? | The Wedding Banquet (1993) (TMDb: 9261)                                  |
[2022-07-08 02:25:49,860] [builder.py:2187]           [INFO]     | 豆瓣Top250 Collection | ? | A Better Tomorrow (1986) (TMDb: 11471)                                   |
[2022-07-08 02:25:50,109] [builder.py:2187]           [INFO]     | 豆瓣Top250 Collection | ? | Love Actually (2003) (TMDb: 508)                                         |
[2022-07-08 02:25:50,517] [builder.py:2187]           [INFO]     | 豆瓣Top250 Collection | ? | Ashes of Time (1994) (TMDb: 40751)                                       |
[2022-07-08 02:25:50,748] [builder.py:2187]           [INFO]     | 豆瓣Top250 Collection | ? | Slumdog Millionaire (2008) (TMDb: 12405)                                 |
[2022-07-08 02:25:51,049] [builder.py:2187]           [INFO]     | 豆瓣Top250 Collection | ? | Pride & Prejudice (2005) (TMDb: 4348)                                    |
[2022-07-08 02:25:51,283] [builder.py:2187]           [INFO]     | 豆瓣Top250 Collection | ? | About Time (2013) (TMDb: 122906)                                         |
[2022-07-08 02:25:51,593] [builder.py:2187]           [INFO]     | 豆瓣Top250 Collection | ? | Black Swan (2010) (TMDb: 44214)                                          |
[2022-07-08 02:25:52,304] [builder.py:2187]           [INFO]     | 豆瓣Top250 Collection | ? | Memento (2000) (TMDb: 77)                                                |
[2022-07-08 02:25:52,715] [builder.py:2187]           [INFO]     | 豆瓣Top250 Collection | ? | Deep in the Heart (2015) (TMDb: 292362)                                  |
[2022-07-08 02:25:53,233] [builder.py:2187]           [INFO]     | 豆瓣Top250 Collection | ? | Once a Thief (1991) (TMDb: 47423)                                        |
[2022-07-08 02:25:53,537] [builder.py:2187]           [INFO]     | 豆瓣Top250 Collection | ? | The Godfather: Part III (1990) (TMDb: 242)                               |
[2022-07-08 02:25:53,775] [builder.py:2187]           [INFO]     | 豆瓣Top250 Collection | ? | Wild Tales (2014) (TMDb: 265195)                                         |
[2022-07-08 02:25:54,415] [builder.py:2187]           [INFO]     | 豆瓣Top250 Collection | ? | A Perfect World (1993) (TMDb: 9559)                                      |
[2022-07-08 02:25:54,637] [builder.py:2187]           [INFO]     | 豆瓣Top250 Collection | ? | Dallas Buyers Club (2013) (TMDb: 152532)                                 |
[2022-07-08 02:25:54,926] [builder.py:2187]           [INFO]     | 豆瓣Top250 Collection | ? | Rain Man (1988) (TMDb: 380)                                              |
[2022-07-08 02:25:55,183] [builder.py:2187]           [INFO]     | 豆瓣Top250 Collection | ? | In the Mood for Love (2000) (TMDb: 843)                                  |
[2022-07-08 02:25:55,460] [builder.py:2187]           [INFO]     | 豆瓣Top250 Collection | ? | Three Billboards Outside Ebbing, Missouri (2017) (TMDb: 359940)          |
[2022-07-08 02:25:55,771] [builder.py:2187]           [INFO]     | 豆瓣Top250 Collection | ? | Django Unchained (2012) (TMDb: 68718)                                    |
[2022-07-08 02:25:57,071] [builder.py:2187]           [INFO]     | 豆瓣Top250 Collection | ? | Hotel Rwanda (2004) (TMDb: 205)                                          |
[2022-07-08 02:25:57,337] [builder.py:2187]           [INFO]     | 豆瓣Top250 Collection | ? | Manchester by the Sea (2016) (TMDb: 334541)                              |
[2022-07-08 02:25:57,604] [builder.py:2187]           [INFO]     | 豆瓣Top250 Collection | ? | You are Umasou (2010) (TMDb: 89825)                                      |
[2022-07-08 02:25:57,850] [builder.py:2187]           [INFO]     | 豆瓣Top250 Collection | ? | The Notebook (2004) (TMDb: 11036)                                        |
[2022-07-08 02:25:58,382] [builder.py:2187]           [INFO]     | 豆瓣Top250 Collection | ? | Inside Out (2015) (TMDb: 150540)                                         |
[2022-07-08 02:25:58,882] [builder.py:2187]           [INFO]     | 豆瓣Top250 Collection | ? | I Am Sam (2001) (TMDb: 10950)                                            |
[2022-07-08 02:25:59,193] [builder.py:2187]           [INFO]     | 豆瓣Top250 Collection | ? | La Grande Vadrouille (1966) (TMDb: 8290)                                 |
[2022-07-08 02:25:59,571] [builder.py:2187]           [INFO]     | 豆瓣Top250 Collection | ? | Wreck-It Ralph (2012) (TMDb: 82690)                                      |
[2022-07-08 02:25:59,826] [builder.py:2187]           [INFO]     | 豆瓣Top250 Collection | ? | Twenty Two (2017) (TMDb: 473267)                                         |
[2022-07-08 02:26:00,199] [builder.py:2187]           [INFO]     | 豆瓣Top250 Collection | ? | Ice Age (2002) (TMDb: 425)                                               |
[2022-07-08 02:26:00,548] [builder.py:2187]           [INFO]     | 豆瓣Top250 Collection | ? | Oceans (2010) (TMDb: 36970)                                              |
[2022-07-08 02:26:00,816] [builder.py:2187]           [INFO]     | 豆瓣Top250 Collection | ? | Singin' in the Rain (1952) (TMDb: 872)                                   |
[2022-07-08 02:26:01,137] [builder.py:2187]           [INFO]     | 豆瓣Top250 Collection | ? | Whiplash (2014) (TMDb: 244786)                                           |
[2022-07-08 02:26:01,441] [builder.py:2187]           [INFO]     | 豆瓣Top250 Collection | ? | Perfect Blue (1997) (TMDb: 10494)                                        |
[2022-07-08 02:26:01,693] [builder.py:2187]           [INFO]     | 豆瓣Top250 Collection | ? | The Imitation Game (2014) (TMDb: 205596)                                 |
[2022-07-08 02:26:02,174] [builder.py:2187]           [INFO]     | 豆瓣Top250 Collection | ? | Legends of the Fall (1994) (TMDb: 4476)                                  |
[2022-07-08 02:26:02,449] [builder.py:2187]           [INFO]     | 豆瓣Top250 Collection | ? | A Man Called Ove (2015) (TMDb: 348678)                                   |
[2022-07-08 02:26:02,848] [builder.py:2187]           [INFO]     | 豆瓣Top250 Collection | ? | Dying to Survive (2018) (TMDb: 532753)                                   |
[2022-07-08 02:26:03,104] [builder.py:2187]           [INFO]     | 豆瓣Top250 Collection | ? | A.I. Artificial Intelligence (2001) (TMDb: 644)                          |
[2022-07-08 02:26:03,471] [builder.py:2187]           [INFO]     | 豆瓣Top250 Collection | ? | Hachi-ko (1987) (TMDb: 31743)                                            |
[2022-07-08 02:26:03,826] [builder.py:2187]           [INFO]     | 豆瓣Top250 Collection | ? | The Girl Who Leapt Through Time (2006) (TMDb: 14069)                     |
[2022-07-08 02:26:05,234] [builder.py:2187]           [INFO]     | 豆瓣Top250 Collection | ? | Room (2015) (TMDb: 264644)                                               |
[2022-07-08 02:26:05,571] [builder.py:2187]           [INFO]     | 豆瓣Top250 Collection | ? | Waterloo Bridge (1940) (TMDb: 43824)                                     |
[2022-07-08 02:26:05,840] [builder.py:2187]           [INFO]     | 豆瓣Top250 Collection | ? | Triangle (2009) (TMDb: 26466)                                            |
[2022-07-08 02:26:06,070] [builder.py:2187]           [INFO]     | 豆瓣Top250 Collection | ? | Nezha Conquers the Dragon King (1979) (TMDb: 74037)                      |
[2022-07-08 02:26:06,348] [builder.py:2187]           [INFO]     | 豆瓣Top250 Collection | ? | Trainspotting (1996) (TMDb: 627)                                         |
[2022-07-08 02:26:06,757] [builder.py:2187]           [INFO]     | 豆瓣Top250 Collection | ? | Our Little Sister (2015) (TMDb: 315846)                                  |
[2022-07-08 02:26:07,093] [builder.py:2187]           [INFO]     | 豆瓣Top250 Collection | ? | Perfect Strangers (2016) (TMDb: 381341)                                  |
[2022-07-08 02:26:07,393] [builder.py:2187]           [INFO]     | 豆瓣Top250 Collection | ? | Rashomon (1950) (TMDb: 548)                                              |
[2022-07-08 02:26:07,637] [builder.py:2187]           [INFO]     | 豆瓣Top250 Collection | ? | The Matrix Revolutions (2003) (TMDb: 605)                                |
[2022-07-08 02:26:07,974] [builder.py:2187]           [INFO]     | 豆瓣Top250 Collection | ? | Secrets of the Heavenly Book (1983) (TMDb: 134575)                       |
[2022-07-08 02:26:08,274] [builder.py:2187]           [INFO]     | 豆瓣Top250 Collection | ? | Days of Being Wild (1990) (TMDb: 18311)                                  |
[2022-07-08 02:26:08,515] [builder.py:2187]           [INFO]     | 豆瓣Top250 Collection | ? | Perfume: The Story of a Murderer (2006) (TMDb: 1427)                     |
[2022-07-08 02:26:09,037] [builder.py:2187]           [INFO]     | 豆瓣Top250 Collection | ? | The Reader (2008) (TMDb: 8055)                                           |
[2022-07-08 02:26:09,326] [builder.py:2187]           [INFO]     | 豆瓣Top250 Collection | ? | Mountain Patrol (2004) (TMDb: 16074)                                     |
[2022-07-08 02:26:09,771] [builder.py:2187]           [INFO]     | 豆瓣Top250 Collection | ? | The Wave (2008) (TMDb: 7735)                                             |
[2022-07-08 02:26:10,099] [builder.py:2187]           [INFO]     | 豆瓣Top250 Collection | ? | The Bourne Supremacy (2004) (TMDb: 2502)                                 |
[2022-07-08 02:26:10,437] [builder.py:2187]           [INFO]     | 豆瓣Top250 Collection | ? | The Bourne Identity (2002) (TMDb: 2501)                                  |
[2022-07-08 02:26:10,707] [builder.py:2187]           [INFO]     | 豆瓣Top250 Collection | ? | A Brighter Summer Day (1991) (TMDb: 15804)                               |
[2022-07-08 02:26:10,959] [builder.py:2187]           [INFO]     | 豆瓣Top250 Collection | ? | Lord of War (2005) (TMDb: 1830)                                          |
[2022-07-08 02:26:11,259] [builder.py:2187]           [INFO]     | 豆瓣Top250 Collection | ? | Like Stars on Earth (2007) (TMDb: 7508)                                  |
[2022-07-08 02:26:11,571] [builder.py:2187]           [INFO]     | 豆瓣Top250 Collection | ? | Crazy Stone (2006) (TMDb: 45380)                                         |
[2022-07-08 02:26:11,832] [builder.py:2187]           [INFO]     | 豆瓣Top250 Collection | ? | Psycho (1960) (TMDb: 539)                                                |
[2022-07-08 02:26:12,415] [builder.py:2187]           [INFO]     | 豆瓣Top250 Collection | ? | Green Snake (1993) (TMDb: 39915)                                         |
[2022-07-08 02:26:12,748] [builder.py:2187]           [INFO]     | 豆瓣Top250 Collection | ? | A Little Thing Called Love (2010) (TMDb: 57627)                          |
[2022-07-08 02:26:13,026] [builder.py:2187]           [INFO]     | 豆瓣Top250 Collection | ? | Kung Fu Hustle (2004) (TMDb: 9470)                                       |
[2022-07-08 02:26:13,338] [builder.py:2187]           [INFO]     | 豆瓣Top250 Collection | ? | Terminator 2: Judgment Day (1991) (TMDb: 280)                            |
[2022-07-08 02:26:13,593] [builder.py:2187]           [INFO]     | 豆瓣Top250 Collection | ? | Source Code (2011) (TMDb: 45612)                                         |
[2022-07-08 02:26:13,959] [builder.py:2187]           [INFO]     | 豆瓣Top250 Collection | ? | Still Walking (2008) (TMDb: 25050)                                       |
[2022-07-08 02:26:14,237] [builder.py:2187]           [INFO]     | 豆瓣Top250 Collection | ? | Ready Player One (2018) (TMDb: 333339)                                   |
[2022-07-08 02:26:14,504] [builder.py:2187]           [INFO]     | 豆瓣Top250 Collection | ? | Before Midnight (2013) (TMDb: 132344)                                    |
[2022-07-08 02:26:14,782] [builder.py:2187]           [INFO]     | 豆瓣Top250 Collection | ? | New Dragon Gate Inn (1992) (TMDb: 40213)                                 |
[2022-07-08 02:26:15,306] [builder.py:2187]           [INFO]     | 豆瓣Top250 Collection | ? | Bajrangi Bhaijaan (2015) (TMDb: 348892)                                  |
[2022-07-08 02:26:15,515] [builder.py:2187]           [INFO]     | 豆瓣Top250 Collection | ? | A Separation (2011) (TMDb: 60243)                                        |
[2022-07-08 02:26:15,882] [builder.py:2187]           [INFO]     | 豆瓣Top250 Collection | ? | Following (1999) (TMDb: 11660)                                           |
[2022-07-08 02:26:16,182] [builder.py:2187]           [INFO]     | 豆瓣Top250 Collection | ? | Begin Again (2013) (TMDb: 198277)                                        |
[2022-07-08 02:26:16,465] [builder.py:2187]           [INFO]     | 豆瓣Top250 Collection | ? | Inglourious Basterds (2009) (TMDb: 16869)                                |
[2022-07-08 02:26:16,793] [builder.py:2187]           [INFO]     | 豆瓣Top250 Collection | ? | Wonder (2017) (TMDb: 406997)                                             |
[2022-07-08 02:26:17,081] [builder.py:2187]           [INFO]     | 豆瓣Top250 Collection | ? | Crash (2005) (TMDb: 1640)                                                |
[2022-07-08 02:26:17,348] [builder.py:2187]           [INFO]     | 豆瓣Top250 Collection | ? | Tokyo Story (1953) (TMDb: 18148)                                         |
[2022-07-08 02:26:17,770] [builder.py:2187]           [INFO]     | 豆瓣Top250 Collection | ? | Blood Diamond (2006) (TMDb: 1372)                                        |
[2022-07-08 02:26:18,371] [builder.py:2187]           [INFO]     | 豆瓣Top250 Collection | ? | Coherence (2013) (TMDb: 220289)                                          |
[2022-07-08 02:26:18,864] [builder.py:2187]           [INFO]     | 豆瓣Top250 Collection | ? | Requiem for a Dream (2000) (TMDb: 641)                                   |
[2022-07-08 02:26:19,139] [builder.py:2187]           [INFO]     | 豆瓣Top250 Collection | ? | City Lights (1931) (TMDb: 901)                                           |
[2022-07-08 02:26:19,426] [builder.py:2187]           [INFO]     | 豆瓣Top250 Collection | ? | 2001: A Space Odyssey (1968) (TMDb: 62)                                  |
[2022-07-08 02:26:19,793] [builder.py:2187]           [INFO]     | 豆瓣Top250 Collection | ? | The Green Mile (1999) (TMDb: 497)                                        |
[2022-07-08 02:26:20,082] [builder.py:2187]           [INFO]     | 豆瓣Top250 Collection | ? | Mad Max: Fury Road (2015) (TMDb: 76341)                                  |
[2022-07-08 02:26:20,348] [builder.py:2187]           [INFO]     | 豆瓣Top250 Collection | ? | Train to Busan (2016) (TMDb: 396535)                                     |
[2022-07-08 02:26:20,648] [builder.py:2187]           [INFO]     | 豆瓣Top250 Collection | ? | Spotlight (2015) (TMDb: 314365)                                          |
[2022-07-08 02:26:21,239] [builder.py:2187]           [INFO]     | 豆瓣Top250 Collection | ? | New World (2013) (TMDb: 165213)                                          |
[2022-07-08 02:26:21,570] [builder.py:2187]           [INFO]     | 豆瓣Top250 Collection | ? | E.T. the Extra-Terrestrial (1982) (TMDb: 601)                            |
[2022-07-08 02:26:21,848] [builder.py:2187]           [INFO]     | 豆瓣Top250 Collection | ? | The Man from Earth (2007) (TMDb: 13363)                                  |
[2022-07-08 02:26:22,282] [builder.py:2187]           [INFO]     | 豆瓣Top250 Collection | ? | Thelma & Louise (1991) (TMDb: 1541)                                      |
[2022-07-08 02:26:22,559] [builder.py:2187]           [INFO]     | 豆瓣Top250 Collection | ? | Black Hawk Down (2001) (TMDb: 855)                                       |
[2022-07-08 02:26:22,848] [builder.py:2187]           [INFO]     | 豆瓣Top250 Collection | ? | A Clockwork Orange (1971) (TMDb: 185)                                    |
[2022-07-08 02:26:23,139] [builder.py:2187]           [INFO]     | 豆瓣Top250 Collection | ? | Face/Off (1997) (TMDb: 754)                                              |
[2022-07-08 02:26:23,415] [builder.py:2187]           [INFO]     | 豆瓣Top250 Collection | ? | The Rock (1996) (TMDb: 9802)                                             |
[2022-07-08 02:26:23,693] [builder.py:2187]           [INFO]     | 豆瓣Top250 Collection | ? | The Bucket List (2007) (TMDb: 7350)                                      |
[2022-07-08 02:26:23,948] [builder.py:2187]           [INFO]     | 豆瓣Top250 Collection | ? | The King's Speech (2010) (TMDb: 45269)                                   |
[2022-07-08 02:26:24,206] [builder.py:2187]           [INFO]     | 豆瓣Top250 Collection | ? | The Good, the Bad and the Ugly (1966) (TMDb: 429)                        |
[2022-07-08 02:26:24,472] [builder.py:2187]           [INFO]     | 豆瓣Top250 Collection | ? | Late Blossom (2011) (TMDb: 72575)                                        |
[2022-07-08 02:26:24,848] [builder.py:2187]           [INFO]     | 豆瓣Top250 Collection | ? | Gattaca (1997) (TMDb: 782)                                               |
[2022-07-08 02:26:25,215] [builder.py:2187]           [INFO]     | 豆瓣Top250 Collection | ? | The Usual Suspects (1995) (TMDb: 629)                                    |
[2022-07-08 02:26:25,548] [builder.py:2187]           [INFO]     | 豆瓣Top250 Collection | ? | 5 Centimeters per Second (2007) (TMDb: 38142)                            |
[2022-07-08 02:26:25,826] [builder.py:2187]           [INFO]     | 豆瓣Top250 Collection | ? | Casablanca (1942) (TMDb: 289)                                            |
[2022-07-08 02:26:26,182] [builder.py:2187]           [INFO]     | 豆瓣Top250 Collection | ? | Mr. Donkey (2016) (TMDb: 421742)                                         |
[2022-07-08 02:26:26,493] [builder.py:2187]           [INFO]     | 豆瓣Top250 Collection | ? | The Invisible Guest (2017) (TMDb: 411088)                                |
[2022-07-08 02:26:26,759] [builder.py:2187]           [INFO]     | 豆瓣Top250 Collection | ? | Four Springs (2019) (TMDb: 537223)                                       |
[2022-07-08 02:26:26,760] [builder.py:2192]           [INFO]     |                                                                                                    |
[2022-07-08 02:26:26,760] [builder.py:2193]           [INFO]     | 238 Movies Missing                                                                                 |
[2022-07-08 02:26:26,778] [builder.py:2383]           [INFO]     |                                                                                                    |
[2022-07-08 02:26:26,778] [builder.py:2384]           [INFO]     |============================= Updating Details of 豆瓣Top250 Collection ==============================|
[2022-07-08 02:26:26,779] [builder.py:2385]           [INFO]     |                                                                                                    |
[2022-07-08 02:26:26,780] [builder.py:2446]           [INFO]     | Collection Metadata Edits                                                                          |
[2022-07-08 02:26:27,058] [builder.py:2529]           [INFO]     |                                                                                                    |
[2022-07-08 02:26:27,059] [builder.py:2530]           [INFO]     |=================================== Sorting 豆瓣Top250 Collection ====================================|
[2022-07-08 02:26:27,059] [builder.py:2531]           [INFO]     |                                                                                                    |
[2022-07-08 02:26:27,060] [builder.py:2547]           [INFO]     | Moving 千与千寻 (2001) to the beginning                                                                |
[2022-07-08 02:26:27,379] [builder.py:2547]           [INFO]     | Moving 天空之城 (1986) after 龙猫 (1988)                                                                 |
[2022-07-08 02:26:27,443] [builder.py:2547]           [INFO]     | Moving 哈尔的移动城堡 (2004) after 天空之城 (1986)                                                            |
[2022-07-08 02:26:27,500] [builder.py:2547]           [INFO]     | Moving 被嫌弃的松子的一生 (2006) after 哈尔的移动城堡 (2004)                                                       |
[2022-07-08 02:26:27,615] [builder.py:2547]           [INFO]     | Moving 幽灵公主 (1997) after 被嫌弃的松子的一生 (2006)                                                          |
[2022-07-08 02:26:27,675] [builder.py:2547]           [INFO]     | Moving 侧耳倾听 (1995) after 幽灵公主 (1997)                                                               |
[2022-07-08 02:26:27,733] [builder.py:2547]           [INFO]     | Moving 风之谷 (1984) after 侧耳倾听 (1995)                                                                |
[2022-07-08 02:26:27,791] [builder.py:2547]           [INFO]     | Moving 借东西的小人阿莉埃蒂 (2010) after 风之谷 (1984)                                                          |
[2022-07-08 02:26:27,852] [builder.py:2547]           [INFO]     | Moving 萤火虫之墓 (1988) after 借东西的小人阿莉埃蒂 (2010)                                                        |
[2022-07-08 02:26:27,933] [builder.py:2547]           [INFO]     | Moving 你的名字 (2016) after 萤火虫之墓 (1988)                                                              |
[2022-07-08 02:26:27,991] [plex_meta_manager.py:674]  [INFO]     |                                                                                                    |
[2022-07-08 02:26:27,992] [plex_meta_manager.py:675]  [INFO]     |====================================================================================================|
[2022-07-08 02:26:27,992] [plex_meta_manager.py:675]  [INFO]     |                                    Finished 豆瓣Top250 Collection                                    |
[2022-07-08 02:26:27,993] [plex_meta_manager.py:675]  [INFO]     |                                    Collection Run Time: 0:01:25                                    |
[2022-07-08 02:26:27,993] [plex_meta_manager.py:675]  [INFO]     |====================================================================================================|
