[2022-07-08 01:47:06,660] [builder.py:185]            [INFO]     |====================================================================================================|
[2022-07-08 01:47:06,660] [builder.py:185]            [INFO]     |                                    Germany Collection in Movies                                    |
[2022-07-08 01:47:06,661] [builder.py:185]            [INFO]     |====================================================================================================|
[2022-07-08 01:47:06,661] [builder.py:186]            [INFO]     |                                                                                                    |
[2022-07-08 01:47:06,661] [builder.py:191]            [INFO]     |================================== Validating Germany Attributes ===================================|
[2022-07-08 01:47:06,662] [builder.py:212]            [DEBUG]    |                                                                                                    |
[2022-07-08 01:47:06,662] [builder.py:213]            [DEBUG]    | Validating Method: template                                                                        |
[2022-07-08 01:47:06,662] [meta.py:103]               [DEBUG]    | Value: [{'value': ['Germany'], 'country': ['Germany'], 'key_name': 'Germany', 'key': 'Germany', 'name': 'country_dynamic'}, {'value': ['Germany'], 'country': ['Germany'], 'key_name': 'Germany', 'key': 'Germany', 'name': 'shared'}] |
[2022-07-08 01:47:06,664] [builder.py:1675]           [INFO]     |                                                                                                    |
[2022-07-08 01:47:06,665] [builder.py:1676]           [INFO]     | Validating Method: smart_filter                                                                    |
[2022-07-08 01:47:06,665] [builder.py:1682]           [DEBUG]    | Value: {'sort_by': 'release.desc', 'any': {'country': ['Germany']}}                                |
[2022-07-08 01:47:06,708] [builder.py:600]            [DEBUG]    |                                                                                                    |
[2022-07-08 01:47:06,709] [builder.py:604]            [DEBUG]    | Validating Method: label                                                                           |
[2022-07-08 01:47:06,709] [builder.py:605]            [DEBUG]    | Value: Country Color                                                                               |
[2022-07-08 01:47:06,710] [builder.py:600]            [DEBUG]    |                                                                                                    |
[2022-07-08 01:47:06,710] [builder.py:604]            [DEBUG]    | Validating Method: url_poster                                                                      |
[2022-07-08 01:47:06,710] [builder.py:605]            [DEBUG]    | Value: https://raw.githubusercontent.com/meisnate12/Plex-Meta-Manager-Images/master/country/white/Germany.jpg |
[2022-07-08 01:47:07,263] [builder.py:600]            [DEBUG]    |                                                                                                    |
[2022-07-08 01:47:07,263] [builder.py:604]            [DEBUG]    | Validating Method: sort_title                                                                      |
[2022-07-08 01:47:07,264] [builder.py:605]            [DEBUG]    | Value: !09_Germany                                                                                 |
[2022-07-08 01:47:07,720] [builder.py:764]            [INFO]     |                                                                                                    |
[2022-07-08 01:47:07,720] [builder.py:765]            [INFO]     | Validation Successful                                                                              |
[2022-07-08 01:47:07,721] [plex_meta_manager.py:539]  [INFO]     |                                                                                                    |
[2022-07-08 01:47:07,721] [plex_meta_manager.py:541]  [INFO]     |==================================== Running Germany Collection ====================================|
[2022-07-08 01:47:07,721] [plex_meta_manager.py:547]  [INFO]     |                                                                                                    |
[2022-07-08 01:47:07,722] [plex_meta_manager.py:548]  [INFO]     | Smart Movie Filter                                                                                 |
                                                                 | Sort By: release.desc
                                                                 | Filter:
                                                                 |   Match any of the following:
                                                                 |     Country is Germany
[2022-07-08 01:47:08,185] [builder.py:2383]           [INFO]     | 
[2022-07-08 01:47:08,186] [builder.py:2384]           [INFO]     |============================== Updating Details of Germany Collection ==============================|
[2022-07-08 01:47:08,187] [builder.py:2385]           [INFO]     |                                                                                                    |
[2022-07-08 01:47:08,210] [builder.py:2446]           [INFO]     | Collection Metadata Edits                                                                          |
[2022-07-08 01:47:08,210] [util.py:150]               [DEBUG]    | 1 poster found:                                                                                    |
[2022-07-08 01:47:08,211] [util.py:152]               [DEBUG]    | Method: url_poster Poster: https://raw.githubusercontent.com/meisnate12/Plex-Meta-Manager-Images/master/country/white/Germany.jpg |
[2022-07-08 01:47:08,213] [library.py:155]            [INFO]     | Detail: poster update not needed                                                                   |
[2022-07-08 01:47:08,661] [plex_meta_manager.py:674]  [INFO]     |                                                                                                    |
[2022-07-08 01:47:08,661] [plex_meta_manager.py:675]  [INFO]     |====================================================================================================|
[2022-07-08 01:47:08,662] [plex_meta_manager.py:675]  [INFO]     |                                    Finished Germany Collection                                     |
[2022-07-08 01:47:08,662] [plex_meta_manager.py:675]  [INFO]     |                                    Collection Run Time: 0:00:02                                    |
[2022-07-08 01:47:08,662] [plex_meta_manager.py:675]  [INFO]     |====================================================================================================|
