[2022-07-08 03:32:46,176] [builder.py:185]            [INFO]     |====================================================================================================|
[2022-07-08 03:32:46,177] [builder.py:185]            [INFO]     |                                       Family Guy 精选 Playlist                                       |
[2022-07-08 03:32:46,178] [builder.py:185]            [INFO]     |====================================================================================================|
[2022-07-08 03:32:46,178] [builder.py:186]            [INFO]     |                                                                                                    |
[2022-07-08 03:32:46,179] [builder.py:191]            [INFO]     |=============================== Validating Family Guy 精选 Attributes ================================|
[2022-07-08 03:32:46,179] [builder.py:212]            [DEBUG]    |                                                                                                    |
[2022-07-08 03:32:46,180] [builder.py:213]            [DEBUG]    | Validating Method: template                                                                        |
[2022-07-08 03:32:46,180] [meta.py:103]               [DEBUG]    | Value: [ordereddict([('name', 'playlist')])]                                                       |
[2022-07-08 03:32:46,181] [builder.py:259]            [DEBUG]    |                                                                                                    |
[2022-07-08 03:32:46,182] [builder.py:260]            [DEBUG]    | Validating Method: libraries                                                                       |
[2022-07-08 03:32:46,182] [builder.py:263]            [DEBUG]    | Value: ..Cartoons                                                                                  |
[2022-07-08 03:32:46,182] [builder.py:272]            [DEBUG]    |                                                                                                    |
[2022-07-08 03:32:46,183] [builder.py:273]            [DEBUG]    | Validating Method: sync_to_users                                                                   |
[2022-07-08 03:32:46,183] [builder.py:274]            [DEBUG]    | Value: all                                                                                         |
[2022-07-08 03:32:46,184] [builder.py:437]            [DEBUG]    |                                                                                                    |
[2022-07-08 03:32:46,184] [builder.py:438]            [DEBUG]    | Validating Method: sync_mode                                                                       |
[2022-07-08 03:32:46,184] [builder.py:442]            [DEBUG]    | Value: sync                                                                                        |
[2022-07-08 03:32:46,185] [builder.py:600]            [DEBUG]    |                                                                                                    |
[2022-07-08 03:32:46,185] [builder.py:604]            [DEBUG]    | Validating Method: trakt_list                                                                      |
[2022-07-08 03:32:46,185] [builder.py:605]            [DEBUG]    | Value: https://trakt.tv/users/bpsim/lists/best-family-guy-episodes                                 |
[2022-07-08 03:32:46,557] [builder.py:600]            [DEBUG]    |                                                                                                    |
[2022-07-08 03:32:46,558] [builder.py:604]            [DEBUG]    | Validating Method: summary                                                                         |
[2022-07-08 03:32:46,559] [builder.py:605]            [DEBUG]    | Value: 由 trakt 网友选择好看的Family Guy集合                                                                 |
[2022-07-08 03:32:46,559] [builder.py:600]            [DEBUG]    |                                                                                                    |
[2022-07-08 03:32:46,559] [builder.py:604]            [DEBUG]    | Validating Method: cache_builders                                                                  |
[2022-07-08 03:32:46,560] [builder.py:605]            [DEBUG]    | Value: 1                                                                                           |
[2022-07-08 03:32:46,560] [builder.py:600]            [DEBUG]    |                                                                                                    |
[2022-07-08 03:32:46,561] [builder.py:604]            [DEBUG]    | Validating Method: url_poster                                                                      |
[2022-07-08 03:32:46,561] [builder.py:605]            [DEBUG]    | Value: https://raw.githubusercontent.com/meisnate12/Plex-Meta-Manager-Images/master/playlist/Family%20Guy%20%E7%B2%BE%E9%80%89.jpg |
[2022-07-08 03:32:46,908] [builder.py:791]            [WARNING]  | Playlist Warning: No Poster Found at https://raw.githubusercontent.com/meisnate12/Plex-Meta-Manager-Images/master/playlist/Family%20Guy%20%E7%B2%BE%E9%80%89.jpg |
[2022-07-08 03:32:48,121] [builder.py:764]            [INFO]     |                                                                                                    |
[2022-07-08 03:32:48,121] [builder.py:765]            [INFO]     | Validation Successful                                                                              |
[2022-07-08 03:32:48,121] [plex_meta_manager.py:713]  [INFO]     |                                                                                                    |
[2022-07-08 03:32:48,122] [plex_meta_manager.py:715]  [INFO]     |================================== Running Family Guy 精选 Playlist ==================================|
[2022-07-08 03:32:48,122] [plex_meta_manager.py:723]  [INFO]     |                                                                                                    |
[2022-07-08 03:32:48,123] [plex_meta_manager.py:724]  [INFO]     | Sync Mode: sync                                                                                    |
[2022-07-08 03:32:48,123] [plex_meta_manager.py:727]  [DEBUG]    |                                                                                                    |
[2022-07-08 03:32:48,124] [plex_meta_manager.py:728]  [DEBUG]    | Builder: trakt_list: https://trakt.tv/users/bpsim/lists/best-family-guy-episodes                   |
[2022-07-08 03:32:48,124] [plex_meta_manager.py:729]  [INFO]     |                                                                                                    |
[2022-07-08 03:32:48,126] [trakt.py:482]              [INFO]     | Processing Trakt List: https://trakt.tv/users/bpsim/lists/best-family-guy-episodes                 |
[2022-07-08 03:32:49,187] [builder.py:1507]           [DEBUG]    |                                                                                                    |
[2022-07-08 03:32:49,188] [builder.py:1508]           [DEBUG]    | 76 IDs Found: [('75978_7_13', 'tvdb_episode'), ('75978_6_4', 'tvdb_episode'), ('75978_6_1', 'tvdb_episode'), ('75978_5_4', 'tvdb_episode'), ('75978_4_22', 'tvdb_episode'), ('75978_4_1', 'tvdb_episode'), ('75978_3_6', 'tvdb_episode'), ('75978_3_18', 'tvdb_episode'), ('75978_2_14', 'tvdb_episode'), ('75978_2_15', 'tvdb_episode'), ('75978_15_20', 'tvdb_episode'), ('75978_13_1', 'tvdb_episode'), ('75978_12_21', 'tvdb_episode'), ('75978_12_13', 'tvdb_episode'), ('75978_12_8', 'tvdb_episode'), ('75978_12_6', 'tvdb_episode'), ('75978_10_11', 'tvdb_episode'), ('75978_10_5', 'tvdb_episode'), ('75978_10_2', 'tvdb_episode'), ('75978_9_1', 'tvdb_episode'), ('75978_9_10', 'tvdb_episode'), ('75978_8_17', 'tvdb_episode'), ('75978_8_5', 'tvdb_episode'), ('75978_8_3', 'tvdb_episode'), ('75978_8_2', 'tvdb_episode'), ('75978_5_3', 'tvdb_episode'), ('75978_1_7', 'tvdb_episode'), ('75978_3_11', 'tvdb_episode'), ('75978_3_1', 'tvdb_episode'), ('75978_4_23', 'tvdb_episode'), ('75978_3_20', 'tvdb_episode'), ('75978_3_21', 'tvdb_episode'), ('75978_4_20', 'tvdb_episode'), ('75978_4_27', 'tvdb_episode'), ('75978_1_1', 'tvdb_episode'), ('75978_1_4', 'tvdb_episode'), ('75978_1_5', 'tvdb_episode'), ('75978_2_3', 'tvdb_episode'), ('75978_2_4', 'tvdb_episode'), ('75978_2_6', 'tvdb_episode'), ('75978_2_12', 'tvdb_episode'), ('75978_2_13', 'tvdb_episode'), ('75978_2_18', 'tvdb_episode'), ('75978_4_4', 'tvdb_episode'), ('75978_4_6', 'tvdb_episode'), ('75978_4_10', 'tvdb_episode'), ('75978_4_14', 'tvdb_episode'), ('75978_4_24', 'tvdb_episode'), ('75978_4_25', 'tvdb_episode'), ('75978_4_26', 'tvdb_episode'), ('75978_4_29', 'tvdb_episode'), ('75978_4_30', 'tvdb_episode'), ('75978_5_6', 'tvdb_episode'), ('75978_5_9', 'tvdb_episode'), ('75978_5_17', 'tvdb_episode'), ('75978_5_18', 'tvdb_episode'), ('75978_6_7', 'tvdb_episode'), ('75978_7_15', 'tvdb_episode'), ('75978_8_1', 'tvdb_episode'), ('75978_8_20', 'tvdb_episode'), ('75978_9_16', 'tvdb_episode'), ('75978_10_12', 'tvdb_episode'), ('75978_10_17', 'tvdb_episode'), ('75978_11_16', 'tvdb_episode'), ('75978_12_7', 'tvdb_episode'), ('75978_14_15', 'tvdb_episode'), ('75978_11_1', 'tvdb_episode'), ('75978_11_2', 'tvdb_episode'), ('75978_11_3', 'tvdb_episode'), ('75978_11_4', 'tvdb_episode'), ('75978_11_6', 'tvdb_episode'), ('75978_11_7', 'tvdb_episode'), ('75978_11_9', 'tvdb_episode'), ('75978_11_14', 'tvdb_episode'), ('75978_16_5', 'tvdb_episode'), ('75978_8_9', 'tvdb_episode')] |
[2022-07-08 03:32:49,188] [builder.py:1509]           [DEBUG]    |                                                                                                    |
[2022-07-08 03:33:36,969] [builder.py:2009]           [INFO]     |                                                                                                    |
[2022-07-08 03:33:36,970] [builder.py:2010]           [INFO]     |================================= Adding to Family Guy 精选 Playlist =================================|
[2022-07-08 03:33:36,971] [builder.py:2011]           [INFO]     |                                                                                                    |
[2022-07-08 03:33:36,971] [builder.py:2025]           [INFO]     |  1/76 | Family Guy 精选 Playlist | = | Family Guy S07E13: Stew-Roids                                 |
[2022-07-08 03:33:36,972] [builder.py:2025]           [INFO]     |  2/76 | Family Guy 精选 Playlist | = | Family Guy S06E04: Stewie Kills Lois (1)                      |
[2022-07-08 03:33:36,972] [builder.py:2025]           [INFO]     |  3/76 | Family Guy 精选 Playlist | = | Family Guy S06E01: Blue Harvest                               |
[2022-07-08 03:33:36,973] [builder.py:2025]           [INFO]     |  4/76 | Family Guy 精选 Playlist | = | Family Guy S05E04: Saving Private Brian                       |
[2022-07-08 03:33:36,974] [builder.py:2025]           [INFO]     |  5/76 | Family Guy 精选 Playlist | = | Family Guy S04E22: Sibling Rivalry                            |
[2022-07-08 03:33:36,974] [builder.py:2025]           [INFO]     |  6/76 | Family Guy 精选 Playlist | = | Family Guy S04E01: North by North Quahog                      |
[2022-07-08 03:33:36,975] [builder.py:2025]           [INFO]     |  7/76 | Family Guy 精选 Playlist | = | Family Guy S03E06: Death Lives                                |
[2022-07-08 03:33:36,975] [builder.py:2025]           [INFO]     |  8/76 | Family Guy 精选 Playlist | = | Family Guy S03E18: From Method to Madness                     |
[2022-07-08 03:33:36,976] [builder.py:2025]           [INFO]     |  9/76 | Family Guy 精选 Playlist | = | Family Guy S02E14: Let's Go to the Hop                        |
[2022-07-08 03:33:36,977] [builder.py:2025]           [INFO]     | 10/76 | Family Guy 精选 Playlist | = | Family Guy S02E15: Dammit Janet!                              |
[2022-07-08 03:33:36,978] [builder.py:2025]           [INFO]     | 11/76 | Family Guy 精选 Playlist | = | Family Guy S15E20: A House Full of Peters                     |
[2022-07-08 03:33:36,978] [builder.py:2025]           [INFO]     | 12/76 | Family Guy 精选 Playlist | = | Family Guy S13E01: The Simpsons Guy                           |
[2022-07-08 03:33:36,979] [builder.py:2025]           [INFO]     | 13/76 | Family Guy 精选 Playlist | = | Family Guy S12E21: Chap Stewie                                |
[2022-07-08 03:33:36,980] [builder.py:2025]           [INFO]     | 14/76 | Family Guy 精选 Playlist | = | Family Guy S12E13: 3 Acts of God                              |
[2022-07-08 03:33:36,980] [builder.py:2025]           [INFO]     | 15/76 | Family Guy 精选 Playlist | = | Family Guy S12E08: Christmas Guy                              |
[2022-07-08 03:33:36,981] [builder.py:2025]           [INFO]     | 16/76 | Family Guy 精选 Playlist | = | Family Guy S12E06: Life of Brian                              |
[2022-07-08 03:33:36,982] [builder.py:2025]           [INFO]     | 17/76 | Family Guy 精选 Playlist | = | Family Guy S10E11: The Blind Side                             |
[2022-07-08 03:33:36,983] [builder.py:2025]           [INFO]     | 18/76 | Family Guy 精选 Playlist | = | Family Guy S10E05: Back to the Pilot                          |
[2022-07-08 03:33:36,984] [builder.py:2025]           [INFO]     | 19/76 | Family Guy 精选 Playlist | = | Family Guy S10E02: Seahorse Seashell Party (II)               |
[2022-07-08 03:33:36,985] [builder.py:2025]           [INFO]     | 20/76 | Family Guy 精选 Playlist | = | Family Guy S09E01: And Then There Were Fewer                  |
[2022-07-08 03:33:36,985] [builder.py:2025]           [INFO]     | 21/76 | Family Guy 精选 Playlist | = | Family Guy S09E10: Friends of Peter G.                        |
[2022-07-08 03:33:36,986] [builder.py:2025]           [INFO]     | 22/76 | Family Guy 精选 Playlist | = | Family Guy S08E17: Brian & Stewie                             |
[2022-07-08 03:33:36,987] [builder.py:2025]           [INFO]     | 23/76 | Family Guy 精选 Playlist | = | Family Guy S08E05: Hannah Banana                              |
[2022-07-08 03:33:36,988] [builder.py:2025]           [INFO]     | 24/76 | Family Guy 精选 Playlist | = | Family Guy S08E03: Spies Reminiscent of Us                    |
[2022-07-08 03:33:36,989] [builder.py:2025]           [INFO]     | 25/76 | Family Guy 精选 Playlist | = | Family Guy S08E02: Family Goy                                 |
[2022-07-08 03:33:36,990] [builder.py:2025]           [INFO]     | 26/76 | Family Guy 精选 Playlist | = | Family Guy S05E03: Hell Comes to Quahog                       |
[2022-07-08 03:33:36,991] [builder.py:2025]           [INFO]     | 27/76 | Family Guy 精选 Playlist | = | Family Guy S01E07: Brian: Portrait of a Dog                   |
[2022-07-08 03:33:36,992] [builder.py:2025]           [INFO]     | 28/76 | Family Guy 精选 Playlist | = | Family Guy S03E11: Emission Impossible                        |
[2022-07-08 03:33:36,993] [builder.py:2025]           [INFO]     | 29/76 | Family Guy 精选 Playlist | = | Family Guy S03E01: The Thin White Line                        |
[2022-07-08 03:33:36,994] [builder.py:2025]           [INFO]     | 30/76 | Family Guy 精选 Playlist | = | Family Guy S04E23: Deep Throats                               |
[2022-07-08 03:33:36,995] [builder.py:2025]           [INFO]     | 31/76 | Family Guy 精选 Playlist | = | Family Guy S03E20: Road to Europe                             |
[2022-07-08 03:33:36,997] [builder.py:2025]           [INFO]     | 32/76 | Family Guy 精选 Playlist | = | Family Guy S03E21: Family Guy Viewer Mail #1                  |
[2022-07-08 03:33:36,998] [builder.py:2025]           [INFO]     | 33/76 | Family Guy 精选 Playlist | = | Family Guy S04E20: Patriot Games                              |
[2022-07-08 03:33:36,999] [builder.py:2025]           [INFO]     | 34/76 | Family Guy 精选 Playlist | = | Family Guy S04E27: The Griffin Family History                 |
[2022-07-08 03:33:37,000] [builder.py:2025]           [INFO]     | 35/76 | Family Guy 精选 Playlist | = | Family Guy S01E01: Death Has a Shadow                         |
[2022-07-08 03:33:37,001] [builder.py:2025]           [INFO]     | 36/76 | Family Guy 精选 Playlist | = | Family Guy S01E04: Mind Over Murder                           |
[2022-07-08 03:33:37,003] [builder.py:2025]           [INFO]     | 37/76 | Family Guy 精选 Playlist | = | Family Guy S01E05: A Hero Sits Next Door                      |
[2022-07-08 03:33:37,004] [builder.py:2025]           [INFO]     | 38/76 | Family Guy 精选 Playlist | = | Family Guy S02E03: Da Boom                                    |
[2022-07-08 03:33:37,005] [builder.py:2025]           [INFO]     | 39/76 | Family Guy 精选 Playlist | = | Family Guy S02E04: Brian in Love                              |
[2022-07-08 03:33:37,006] [builder.py:2025]           [INFO]     | 40/76 | Family Guy 精选 Playlist | = | Family Guy S02E06: Death Is a Bitch                           |
[2022-07-08 03:33:37,008] [builder.py:2025]           [INFO]     | 41/76 | Family Guy 精选 Playlist | = | Family Guy S02E12: Fifteen Minutes of Shame                   |
[2022-07-08 03:33:37,009] [builder.py:2025]           [INFO]     | 42/76 | Family Guy 精选 Playlist | = | Family Guy S02E13: Road to Rhode Island                       |
[2022-07-08 03:33:37,010] [builder.py:2025]           [INFO]     | 43/76 | Family Guy 精选 Playlist | = | Family Guy S02E18: E. Peterbus Unum                           |
[2022-07-08 03:33:37,012] [builder.py:2025]           [INFO]     | 44/76 | Family Guy 精选 Playlist | = | Family Guy S04E04: Don't Make Me Over                         |
[2022-07-08 03:33:37,013] [builder.py:2025]           [INFO]     | 45/76 | Family Guy 精选 Playlist | = | Family Guy S04E06: Petarded                                   |
[2022-07-08 03:33:37,014] [builder.py:2025]           [INFO]     | 46/76 | Family Guy 精选 Playlist | = | Family Guy S04E10: Model Misbehavior                          |
[2022-07-08 03:33:37,016] [builder.py:2025]           [INFO]     | 47/76 | Family Guy 精选 Playlist | = | Family Guy S04E14: PTV                                        |
[2022-07-08 03:33:37,017] [builder.py:2025]           [INFO]     | 48/76 | Family Guy 精选 Playlist | = | Family Guy S04E24: Peterotica                                 |
[2022-07-08 03:33:37,019] [builder.py:2025]           [INFO]     | 49/76 | Family Guy 精选 Playlist | = | Family Guy S04E25: You May Now Kiss the... Uh... Guy Who Receives |
[2022-07-08 03:33:37,020] [builder.py:2025]           [INFO]     | 50/76 | Family Guy 精选 Playlist | = | Family Guy S04E26: Petergeist                                 |
[2022-07-08 03:33:37,022] [builder.py:2025]           [INFO]     | 51/76 | Family Guy 精选 Playlist | = | Family Guy S04E29: Bango Was His Name-O                       |
[2022-07-08 03:33:37,023] [builder.py:2025]           [INFO]     | 52/76 | Family Guy 精选 Playlist | = | Family Guy S04E30: Stu & Stewie's Excellent Adventure         |
[2022-07-08 03:33:37,025] [builder.py:2025]           [INFO]     | 53/76 | Family Guy 精选 Playlist | = | Family Guy S05E06: Prick Up Your Ears                         |
[2022-07-08 03:33:37,026] [builder.py:2025]           [INFO]     | 54/76 | Family Guy 精选 Playlist | = | Family Guy S05E09: Road to Rupert                             |
[2022-07-08 03:33:37,028] [builder.py:2025]           [INFO]     | 55/76 | Family Guy 精选 Playlist | = | Family Guy S05E17: It Takes a Village Idiot, and I Married One |
[2022-07-08 03:33:37,030] [builder.py:2025]           [INFO]     | 56/76 | Family Guy 精选 Playlist | = | Family Guy S05E18: Meet the Quagmires                         |
[2022-07-08 03:33:37,031] [builder.py:2025]           [INFO]     | 57/76 | Family Guy 精选 Playlist | = | Family Guy S06E07: Peter's Daughter                           |
[2022-07-08 03:33:37,033] [builder.py:2025]           [INFO]     | 58/76 | Family Guy 精选 Playlist | = | Family Guy S07E15: Three Kings                                |
[2022-07-08 03:33:37,034] [builder.py:2025]           [INFO]     | 59/76 | Family Guy 精选 Playlist | = | Family Guy S08E01: Road to the Multiverse                     |
[2022-07-08 03:33:37,036] [builder.py:2025]           [INFO]     | 60/76 | Family Guy 精选 Playlist | = | Family Guy S08E20: Something, Something, Something, Dark Side |
[2022-07-08 03:33:37,038] [builder.py:2025]           [INFO]     | 61/76 | Family Guy 精选 Playlist | = | Family Guy S09E16: The Big Bang Theory                        |
[2022-07-08 03:33:37,040] [builder.py:2025]           [INFO]     | 62/76 | Family Guy 精选 Playlist | = | Family Guy S10E12: Livin' on a Prayer                         |
[2022-07-08 03:33:37,041] [builder.py:2025]           [INFO]     | 63/76 | Family Guy 精选 Playlist | = | Family Guy S10E17: Forget-Me-Not                              |
[2022-07-08 03:33:37,043] [builder.py:2025]           [INFO]     | 64/76 | Family Guy 精选 Playlist | = | Family Guy S11E16: 12 and a Half Angry Men                    |
[2022-07-08 03:33:37,045] [builder.py:2025]           [INFO]     | 65/76 | Family Guy 精选 Playlist | = | Family Guy S12E07: Into Harmony's Way                         |
[2022-07-08 03:33:37,047] [builder.py:2025]           [INFO]     | 66/76 | Family Guy 精选 Playlist | = | Family Guy S14E15: A Lot Going On Upstairs                    |
[2022-07-08 03:33:37,048] [builder.py:2025]           [INFO]     | 67/76 | Family Guy 精选 Playlist | = | Family Guy S11E01: Into Fat Air                               |
[2022-07-08 03:33:37,050] [builder.py:2025]           [INFO]     | 68/76 | Family Guy 精选 Playlist | = | Family Guy S11E02: Ratings Guy                                |
[2022-07-08 03:33:37,052] [builder.py:2025]           [INFO]     | 69/76 | Family Guy 精选 Playlist | = | Family Guy S11E03: The Old Man and the Big ‘C’                |
[2022-07-08 03:33:37,054] [builder.py:2025]           [INFO]     | 70/76 | Family Guy 精选 Playlist | = | Family Guy S11E04: Yug Ylimaf                                 |
[2022-07-08 03:33:37,056] [builder.py:2025]           [INFO]     | 71/76 | Family Guy 精选 Playlist | = | Family Guy S11E06: Lois Comes Out of Her Shell                |
[2022-07-08 03:33:37,058] [builder.py:2025]           [INFO]     | 72/76 | Family Guy 精选 Playlist | = | Family Guy S11E07: Friends Without Benefits                   |
[2022-07-08 03:33:37,060] [builder.py:2025]           [INFO]     | 73/76 | Family Guy 精选 Playlist | = | Family Guy S11E09: Space Cadet                                |
[2022-07-08 03:33:37,062] [builder.py:2025]           [INFO]     | 74/76 | Family Guy 精选 Playlist | = | Family Guy S11E14: Call Girl                                  |
[2022-07-08 03:33:37,064] [builder.py:2025]           [INFO]     | 75/76 | Family Guy 精选 Playlist | = | Family Guy S16E05: Three Directors                            |
[2022-07-08 03:33:37,066] [builder.py:2025]           [INFO]     | 76/76 | Family Guy 精选 Playlist | = | Family Guy S08E09: Business Guy                               |
[2022-07-08 03:33:37,067] [builder.py:2045]           [INFO]     |                                                                                                    |
[2022-07-08 03:33:37,068] [builder.py:2046]           [INFO]     | 76 Items Processed                                                                                 |
[2022-07-08 03:33:37,121] [builder.py:2383]           [INFO]     |                                                                                                    |
[2022-07-08 03:33:37,121] [builder.py:2384]           [INFO]     |============================ Updating Details of Family Guy 精选 Playlist ============================|
[2022-07-08 03:33:37,122] [builder.py:2385]           [INFO]     |                                                                                                    |
[2022-07-08 03:33:38,003] [builder.py:2529]           [INFO]     |                                                                                                    |
[2022-07-08 03:33:38,004] [builder.py:2530]           [INFO]     |================================== Sorting Family Guy 精选 Playlist ==================================|
[2022-07-08 03:33:38,004] [builder.py:2531]           [INFO]     |                                                                                                    |
[2022-07-08 03:33:38,006] [builder.py:2595]           [INFO]     |                                                                                                    |
[2022-07-08 03:33:38,007] [builder.py:2596]           [INFO]     |==================================== Syncing Playlist to Users =====================================|
[2022-07-08 03:33:38,007] [builder.py:2597]           [INFO]     |                                                                                                    |
[2022-07-08 03:33:39,831] [builder.py:2604]           [INFO]     | Playlist: Family Guy 精选 synced to 1ntheshell                                                       |
[2022-07-08 03:33:41,152] [builder.py:2604]           [INFO]     | Playlist: Family Guy 精选 synced to BigHippo                                                         |
[2022-07-08 03:33:43,178] [builder.py:2604]           [INFO]     | Playlist: Family Guy 精选 synced to jenny934                                                         |
[2022-07-08 03:33:44,381] [builder.py:2604]           [INFO]     | Playlist: Family Guy 精选 synced to maggiek40                                                        |
[2022-07-08 03:33:46,247] [builder.py:2604]           [INFO]     | Playlist: Family Guy 精选 synced to njtab                                                            |
[2022-07-08 03:33:47,478] [builder.py:2604]           [INFO]     | Playlist: Family Guy 精选 synced to se7entao                                                         |
[2022-07-08 03:33:48,967] [builder.py:2604]           [INFO]     | Playlist: Family Guy 精选 synced to Shoyichi                                                         |
[2022-07-08 03:33:51,149] [builder.py:2604]           [INFO]     | Playlist: Family Guy 精选 synced to SzeMeng76                                                        |
[2022-07-08 03:33:51,150] [plex_meta_manager.py:839]  [INFO]     |                                                                                                    |
[2022-07-08 03:33:51,150] [plex_meta_manager.py:842]  [INFO]     |                                                                                                    |
[2022-07-08 03:33:51,151] [plex_meta_manager.py:843]  [INFO]     |====================================================================================================|
[2022-07-08 03:33:51,151] [plex_meta_manager.py:843]  [INFO]     |                                  Finished Family Guy 精选 Playlist                                   |
[2022-07-08 03:33:51,152] [plex_meta_manager.py:843]  [INFO]     |                                     Playlist Run Time: 0:01:04                                     |
[2022-07-08 03:33:51,152] [plex_meta_manager.py:843]  [INFO]     |====================================================================================================|
