[2022-07-08 01:53:04,581] [builder.py:185]            [INFO]     |====================================================================================================|
[2022-07-08 01:53:04,582] [builder.py:185]            [INFO]     |                                 IMDb Top 250 Collection in Movies                                  |
[2022-07-08 01:53:04,582] [builder.py:185]            [INFO]     |====================================================================================================|
[2022-07-08 01:53:04,582] [builder.py:186]            [INFO]     |                                                                                                    |
[2022-07-08 01:53:04,583] [builder.py:191]            [INFO]     |================================ Validating IMDb Top 250 Attributes ================================|
[2022-07-08 01:53:04,583] [builder.py:212]            [DEBUG]    |                                                                                                    |
[2022-07-08 01:53:04,583] [builder.py:213]            [DEBUG]    | Validating Method: template                                                                        |
[2022-07-08 01:53:04,584] [meta.py:103]               [DEBUG]    | Value: [ordereddict([('name', 'imdb'), ('chart', 'top')]), ordereddict([('name', 'chart_shared'), ('key', 'top')])] |
[2022-07-08 01:53:04,588] [builder.py:437]            [DEBUG]    |                                                                                                    |
[2022-07-08 01:53:04,589] [builder.py:438]            [DEBUG]    | Validating Method: sync_mode                                                                       |
[2022-07-08 01:53:04,589] [builder.py:442]            [DEBUG]    | Value: sync                                                                                        |
[2022-07-08 01:53:04,589] [builder.py:582]            [DEBUG]    |                                                                                                    |
[2022-07-08 01:53:04,590] [builder.py:583]            [DEBUG]    | Validating Method: collection_order                                                                |
[2022-07-08 01:53:04,590] [builder.py:584]            [DEBUG]    | Value: custom                                                                                      |
[2022-07-08 01:53:04,590] [builder.py:600]            [DEBUG]    |                                                                                                    |
[2022-07-08 01:53:04,591] [builder.py:604]            [DEBUG]    | Validating Method: imdb_chart                                                                      |
[2022-07-08 01:53:04,591] [builder.py:605]            [DEBUG]    | Value: top_movies                                                                                  |
[2022-07-08 01:53:04,591] [builder.py:600]            [DEBUG]    |                                                                                                    |
[2022-07-08 01:53:04,592] [builder.py:604]            [DEBUG]    | Validating Method: sort_title                                                                      |
[2022-07-08 01:53:04,592] [builder.py:605]            [DEBUG]    | Value: !01_IMDb Top 250                                                                            |
[2022-07-08 01:53:04,592] [builder.py:600]            [DEBUG]    |                                                                                                    |
[2022-07-08 01:53:04,593] [builder.py:604]            [DEBUG]    | Validating Method: url_poster                                                                      |
[2022-07-08 01:53:04,593] [builder.py:605]            [DEBUG]    | Value: https://raw.githubusercontent.com/meisnate12/Plex-Meta-Manager-Images/master/chart/IMDb%20Top%20250.jpg |
[2022-07-08 01:53:05,863] [plex.py:742]               [DEBUG]    |                                                                                                    |
[2022-07-08 01:53:05,863] [plex.py:744]               [DEBUG]    | Found: IMDB Top 250                                                                                |
[2022-07-08 01:53:05,864] [plex.py:745]               [DEBUG]    | Looking for: IMDb Top 250                                                                          |
[2022-07-08 01:53:05,864] [builder.py:764]            [INFO]     |                                                                                                    |
[2022-07-08 01:53:05,864] [builder.py:765]            [INFO]     | Validation Successful                                                                              |
[2022-07-08 01:53:05,866] [plex_meta_manager.py:539]  [INFO]     |                                                                                                    |
[2022-07-08 01:53:05,866] [plex_meta_manager.py:541]  [INFO]     |================================= Running IMDb Top 250 Collection ==================================|
[2022-07-08 01:53:05,867] [plex_meta_manager.py:553]  [INFO]     |                                                                                                    |
[2022-07-08 01:53:05,867] [plex_meta_manager.py:554]  [INFO]     | Sync Mode: sync                                                                                    |
[2022-07-08 01:53:05,867] [plex_meta_manager.py:557]  [DEBUG]    |                                                                                                    |
[2022-07-08 01:53:05,867] [plex_meta_manager.py:558]  [DEBUG]    | Builder: imdb_chart: top_movies                                                                    |
[2022-07-08 01:53:05,868] [plex_meta_manager.py:559]  [INFO]     |                                                                                                    |
[2022-07-08 01:53:05,868] [imdb.py:178]               [INFO]     | Processing IMDb Chart: Top 250 Movies                                                              |
[2022-07-08 01:53:07,573] [builder.py:1507]           [DEBUG]    |                                                                                                    |
[2022-07-08 01:53:07,574] [builder.py:1508]           [DEBUG]    | 250 IDs Found: [('tt0111161', 'imdb'), ('tt0068646', 'imdb'), ('tt0468569', 'imdb'), ('tt0071562', 'imdb'), ('tt0050083', 'imdb'), ('tt0108052', 'imdb'), ('tt0167260', 'imdb'), ('tt0110912', 'imdb'), ('tt0120737', 'imdb'), ('tt0060196', 'imdb'), ('tt0109830', 'imdb'), ('tt0137523', 'imdb'), ('tt1375666', 'imdb'), ('tt0167261', 'imdb'), ('tt0080684', 'imdb'), ('tt0133093', 'imdb'), ('tt0099685', 'imdb'), ('tt0073486', 'imdb'), ('tt0114369', 'imdb'), ('tt0047478', 'imdb'), ('tt0038650', 'imdb'), ('tt0102926', 'imdb'), ('tt0317248', 'imdb'), ('tt0120815', 'imdb'), ('tt0118799', 'imdb'), ('tt0120689', 'imdb'), ('tt0816692', 'imdb'), ('tt0076759', 'imdb'), ('tt0103064', 'imdb'), ('tt0088763', 'imdb'), ('tt0245429', 'imdb'), ('tt0054215', 'imdb'), ('tt0253474', 'imdb'), ('tt0110413', 'imdb'), ('tt6751668', 'imdb'), ('tt0110357', 'imdb'), ('tt0172495', 'imdb'), ('tt0120586', 'imdb'), ('tt0114814', 'imdb'), ('tt0407887', 'imdb'), ('tt0482571', 'imdb'), ('tt0034583', 'imdb'), ('tt2582802', 'imdb'), ('tt1745960', 'imdb'), ('tt1675434', 'imdb'), ('tt0027977', 'imdb'), ('tt0056058', 'imdb'), ('tt0095327', 'imdb'), ('tt0064116', 'imdb'), ('tt0047396', 'imdb'), ('tt0078748', 'imdb'), ('tt0021749', 'imdb'), ('tt0095765', 'imdb'), ('tt0209144', 'imdb'), ('tt0078788', 'imdb'), ('tt0082971', 'imdb'), ('tt1853728', 'imdb'), ('tt0910970', 'imdb'), ('tt0405094', 'imdb'), ('tt0043014', 'imdb'), ('tt0050825', 'imdb'), ('tt0081505', 'imdb'), ('tt0032553', 'imdb'), ('tt0051201', 'imdb'), ('tt4154756', 'imdb'), ('tt0090605', 'imdb'), ('tt0169547', 'imdb'), ('tt0057012', 'imdb'), ('tt4633694', 'imdb'), ('tt1345836', 'imdb'), ('tt0364569', 'imdb'), ('tt7286456', 'imdb'), ('tt0112573', 'imdb'), ('tt0086879', 'imdb'), ('tt0114709', 'imdb'), ('tt2380307', 'imdb'), ('tt0082096', 'imdb'), ('tt0361748', 'imdb'), ('tt0119698', 'imdb'), ('tt4154796', 'imdb'), ('tt0087843', 'imdb'), ('tt0119217', 'imdb'), ('tt0435761', 'imdb'), ('tt0180093', 'imdb'), ('tt5311514', 'imdb'), ('tt0045152', 'imdb'), ('tt1187043', 'imdb'), ('tt0086190', 'imdb'), ('tt0062622', 'imdb'), ('tt0338013', 'imdb'), ('tt0105236', 'imdb'), ('tt0057565', 'imdb'), ('tt8267604', 'imdb'), ('tt0033467', 'imdb'), ('tt0056172', 'imdb'), ('tt2106476', 'imdb'), ('tt0022100', 'imdb'), ('tt0053125', 'imdb'), ('tt0052357', 'imdb'), ('tt0211915', 'imdb'), ('tt0066921', 'imdb'), ('tt0091251', 'imdb'), ('tt0093058', 'imdb'), ('tt0036775', 'imdb'), ('tt0053604', 'imdb'), ('tt0086250', 'imdb'), ('tt0044741', 'imdb'), ('tt0070735', 'imdb'), ('tt0056592', 'imdb'), ('tt0075314', 'imdb'), ('tt1049413', 'imdb'), ('tt0119488', 'imdb'), ('tt0113277', 'imdb'), ('tt0017136', 'imdb'), ('tt8503618', 'imdb'), ('tt1832382', 'imdb'), ('tt0208092', 'imdb'), ('tt0095016', 'imdb'), ('tt1255953', 'imdb'), ('tt0097576', 'imdb'), ('tt0040522', 'imdb'), ('tt8579674', 'imdb'), ('tt0986264', 'imdb'), ('tt0363163', 'imdb'), ('tt10872600', 'imdb'), ('tt0059578', 'imdb'), ('tt0372784', 'imdb'), ('tt5074352', 'imdb'), ('tt0012349', 'imdb'), ('tt0053291', 'imdb'), ('tt10272386', 'imdb'), ('tt0042192', 'imdb'), ('tt6966692', 'imdb'), ('tt0993846', 'imdb'), ('tt0055031', 'imdb'), ('tt0105695', 'imdb'), ('tt0089881', 'imdb'), ('tt0112641', 'imdb'), ('tt0457430', 'imdb'), ('tt0469494', 'imdb'), ('tt0167404', 'imdb'), ('tt0268978', 'imdb'), ('tt0120382', 'imdb'), ('tt0071853', 'imdb'), ('tt6710474', 'imdb'), ('tt0055630', 'imdb'), ('tt0040897', 'imdb'), ('tt1130884', 'imdb'), ('tt0042876', 'imdb'), ('tt0107290', 'imdb'), ('tt0057115', 'imdb'), ('tt0266697', 'imdb'), ('tt0477348', 'imdb'), ('tt0266543', 'imdb'), ('tt0080678', 'imdb'), ('tt0071315', 'imdb'), ('tt0081398', 'imdb'), ('tt0031381', 'imdb'), ('tt0434409', 'imdb'), ('tt0084787', 'imdb'), ('tt2096673', 'imdb'), ('tt0120735', 'imdb'), ('tt0046912', 'imdb'), ('tt1305806', 'imdb'), ('tt0050212', 'imdb'), ('tt0347149', 'imdb'), ('tt5027774', 'imdb'), ('tt0117951', 'imdb'), ('tt1205489', 'imdb'), ('tt1291584', 'imdb'), ('tt0116282', 'imdb'), ('tt1392214', 'imdb'), ('tt0096283', 'imdb'), ('tt0405159', 'imdb'), ('tt0015864', 'imdb'), ('tt0264464', 'imdb'), ('tt0083658', 'imdb'), ('tt0047296', 'imdb'), ('tt0041959', 'imdb'), ('tt0118849', 'imdb'), ('tt0052618', 'imdb'), ('tt2024544', 'imdb'), ('tt0017925', 'imdb'), ('tt0112471', 'imdb'), ('tt0050986', 'imdb'), ('tt2267998', 'imdb'), ('tt1201607', 'imdb'), ('tt0077416', 'imdb'), ('tt0107207', 'imdb'), ('tt2278388', 'imdb'), ('tt0031679', 'imdb'), ('tt0046268', 'imdb'), ('tt0072684', 'imdb'), ('tt0015324', 'imdb'), ('tt0353969', 'imdb'), ('tt4729430', 'imdb'), ('tt2119532', 'imdb'), ('tt3170832', 'imdb'), ('tt0050976', 'imdb'), ('tt3011894', 'imdb'), ('tt0118715', 'imdb'), ('tt1392190', 'imdb'), ('tt0892769', 'imdb'), ('tt0978762', 'imdb'), ('tt0198781', 'imdb'), ('tt0073195', 'imdb'), ('tt0019254', 'imdb'), ('tt0097165', 'imdb'), ('tt0395169', 'imdb'), ('tt0046438', 'imdb'), ('tt0048473', 'imdb'), ('tt0075148', 'imdb'), ('tt0091763', 'imdb'), ('tt1950186', 'imdb'), ('tt0092005', 'imdb'), ('tt0088247', 'imdb'), ('tt1895587', 'imdb'), ('tt1979320', 'imdb'), ('tt0758758', 'imdb'), ('tt0074958', 'imdb'), ('tt3315342', 'imdb'), ('tt0032138', 'imdb'), ('tt0382932', 'imdb'), ('tt0107048', 'imdb'), ('tt0381681', 'imdb'), ('tt0070047', 'imdb'), ('tt0036868', 'imdb'), ('tt0317705', 'imdb'), ('tt0035446', 'imdb'), ('tt0032976', 'imdb'), ('tt0032551', 'imdb'), ('tt0058946', 'imdb'), ('tt1028532', 'imdb'), ('tt0061512', 'imdb'), ('tt0245712', 'imdb'), ('tt0325980', 'imdb'), ('tt0113247', 'imdb'), ('tt0053198', 'imdb'), ('tt0060827', 'imdb'), ('tt0476735', 'imdb'), ('tt0079470', 'imdb'), ('tt0025316', 'imdb'), ('tt0059742', 'imdb'), ('tt0071411', 'imdb'), ('tt4016934', 'imdb'), ('tt15097216', 'imdb'), ('tt0103639', 'imdb'), ('tt0083987', 'imdb'), ('tt1454029', 'imdb'), ('tt0101414', 'imdb')] |
[2022-07-08 01:53:07,574] [builder.py:1509]           [DEBUG]    |                                                                                                    |
[2022-07-08 01:53:14,940] [builder.py:2009]           [INFO]     |                                                                                                    |
[2022-07-08 01:53:14,941] [builder.py:2010]           [INFO]     |================================ Adding to IMDb Top 250 Collection =================================|
[2022-07-08 01:53:14,942] [builder.py:2011]           [INFO]     |                                                                                                    |
[2022-07-08 01:53:14,942] [builder.py:2025]           [INFO]     |   1/183 | IMDb Top 250 Collection | + | The Shawshank Redemption (1994)                            |
[2022-07-08 01:53:15,714] [builder.py:2025]           [INFO]     |   2/183 | IMDb Top 250 Collection | + | The Godfather (1972)                                       |
[2022-07-08 01:53:16,419] [builder.py:2025]           [INFO]     |   3/183 | IMDb Top 250 Collection | + | The Dark Knight (2008)                                     |
[2022-07-08 01:53:16,483] [builder.py:2025]           [INFO]     |   4/183 | IMDb Top 250 Collection | + | The Godfather: Part II (1974)                              |
[2022-07-08 01:53:16,549] [builder.py:2025]           [INFO]     |   5/183 | IMDb Top 250 Collection | + | 12 Angry Men (1957)                                        |
[2022-07-08 01:53:17,284] [builder.py:2025]           [INFO]     |   6/183 | IMDb Top 250 Collection | + | Schindler's List (1993)                                    |
[2022-07-08 01:53:17,347] [builder.py:2025]           [INFO]     |   7/183 | IMDb Top 250 Collection | + | The Lord of the Rings: The Return of the King (2003)       |
[2022-07-08 01:53:18,172] [builder.py:2025]           [INFO]     |   8/183 | IMDb Top 250 Collection | + | Pulp Fiction (1994)                                        |
[2022-07-08 01:53:19,876] [builder.py:2025]           [INFO]     |   9/183 | IMDb Top 250 Collection | + | The Lord of the Rings: The Fellowship of the Ring (2001)   |
[2022-07-08 01:53:20,037] [builder.py:2025]           [INFO]     |  10/183 | IMDb Top 250 Collection | + | Il buono, il brutto, il cattivo (1966)                     |
[2022-07-08 01:53:20,932] [builder.py:2025]           [INFO]     |  11/183 | IMDb Top 250 Collection | + | Forrest Gump (1994)                                        |
[2022-07-08 01:53:21,634] [builder.py:2025]           [INFO]     |  12/183 | IMDb Top 250 Collection | + | Fight Club (1999)                                          |
[2022-07-08 01:53:22,418] [builder.py:2025]           [INFO]     |  13/183 | IMDb Top 250 Collection | + | The Lord of the Rings: The Two Towers (2002)               |
[2022-07-08 01:53:22,483] [builder.py:2025]           [INFO]     |  14/183 | IMDb Top 250 Collection | + | Star Wars: Episode V - The Empire Strikes Back (1980)      |
[2022-07-08 01:53:23,251] [builder.py:2025]           [INFO]     |  15/183 | IMDb Top 250 Collection | + | The Matrix (1999)                                          |
[2022-07-08 01:53:23,960] [builder.py:2025]           [INFO]     |  16/183 | IMDb Top 250 Collection | + | Goodfellas (1990)                                          |
[2022-07-08 01:53:24,029] [builder.py:2025]           [INFO]     |  17/183 | IMDb Top 250 Collection | + | One Flew Over the Cuckoo's Nest (1975)                     |
[2022-07-08 01:53:24,777] [builder.py:2025]           [INFO]     |  18/183 | IMDb Top 250 Collection | + | Se7en (1995)                                               |
[2022-07-08 01:53:25,430] [builder.py:2025]           [INFO]     |  19/183 | IMDb Top 250 Collection | + | 七人の侍 (1954)                                                |
[2022-07-08 01:53:26,258] [builder.py:2025]           [INFO]     |  20/183 | IMDb Top 250 Collection | + | It's a Wonderful Life (1946)                               |
[2022-07-08 01:53:27,179] [builder.py:2025]           [INFO]     |  21/183 | IMDb Top 250 Collection | + | The Silence of the Lambs (1991)                            |
[2022-07-08 01:53:27,253] [builder.py:2025]           [INFO]     |  22/183 | IMDb Top 250 Collection | + | Cidade de Deus (2002)                                      |
[2022-07-08 01:53:28,024] [builder.py:2025]           [INFO]     |  23/183 | IMDb Top 250 Collection | + | Saving Private Ryan (1998)                                 |
[2022-07-08 01:53:28,852] [builder.py:2025]           [INFO]     |  24/183 | IMDb Top 250 Collection | + | La vita è bella (1997)                                     |
[2022-07-08 01:53:29,540] [builder.py:2025]           [INFO]     |  25/183 | IMDb Top 250 Collection | + | The Green Mile (1999)                                      |
[2022-07-08 01:53:29,608] [builder.py:2025]           [INFO]     |  26/183 | IMDb Top 250 Collection | + | Star Wars (1977)                                           |
[2022-07-08 01:53:29,679] [builder.py:2025]           [INFO]     |  27/183 | IMDb Top 250 Collection | + | Terminator 2: Judgment Day (1991)                          |
[2022-07-08 01:53:31,225] [builder.py:2025]           [INFO]     |  28/183 | IMDb Top 250 Collection | + | Back to the Future (1985)                                  |
[2022-07-08 01:53:31,359] [builder.py:2025]           [INFO]     |  29/183 | IMDb Top 250 Collection | + | 千と千尋の神隠し (2001)                                            |
[2022-07-08 01:53:32,042] [builder.py:2025]           [INFO]     |  30/183 | IMDb Top 250 Collection | + | Psycho (1960)                                              |
[2022-07-08 01:53:32,862] [builder.py:2025]           [INFO]     |  31/183 | IMDb Top 250 Collection | + | The Pianist (2002)                                         |
[2022-07-08 01:53:33,591] [builder.py:2025]           [INFO]     |  32/183 | IMDb Top 250 Collection | + | Léon: The Professional (1994)                              |
[2022-07-08 01:53:34,244] [builder.py:2025]           [INFO]     |  33/183 | IMDb Top 250 Collection | + | Gladiator (2000)                                           |
[2022-07-08 01:53:34,308] [builder.py:2025]           [INFO]     |  34/183 | IMDb Top 250 Collection | + | American History X (1998)                                  |
[2022-07-08 01:53:34,374] [builder.py:2025]           [INFO]     |  35/183 | IMDb Top 250 Collection | + | The Usual Suspects (1995)                                  |
[2022-07-08 01:53:35,026] [builder.py:2025]           [INFO]     |  36/183 | IMDb Top 250 Collection | + | The Departed (2006)                                        |
[2022-07-08 01:53:35,763] [builder.py:2025]           [INFO]     |  37/183 | IMDb Top 250 Collection | + | The Prestige (2006)                                        |
[2022-07-08 01:53:36,537] [builder.py:2025]           [INFO]     |  38/183 | IMDb Top 250 Collection | + | Casablanca (1942)                                          |
[2022-07-08 01:53:37,412] [builder.py:2025]           [INFO]     |  39/183 | IMDb Top 250 Collection | + | Whiplash (2014)                                            |
[2022-07-08 01:53:37,477] [builder.py:2025]           [INFO]     |  40/183 | IMDb Top 250 Collection | + | Modern Times (1936)                                        |
[2022-07-08 01:53:38,129] [builder.py:2025]           [INFO]     |  41/183 | IMDb Top 250 Collection | + | 火垂るの墓 (1988)                                               |
[2022-07-08 01:53:38,823] [builder.py:2025]           [INFO]     |  42/183 | IMDb Top 250 Collection | + | C'era una volta il West (1968)                             |
[2022-07-08 01:53:39,494] [builder.py:2025]           [INFO]     |  43/183 | IMDb Top 250 Collection | + | Rear Window (1954)                                         |
[2022-07-08 01:53:40,160] [builder.py:2025]           [INFO]     |  44/183 | IMDb Top 250 Collection | + | Alien (1979)                                               |
[2022-07-08 01:53:40,219] [builder.py:2025]           [INFO]     |  45/183 | IMDb Top 250 Collection | + | City Lights (1931)                                         |
[2022-07-08 01:53:40,860] [builder.py:2025]           [INFO]     |  46/183 | IMDb Top 250 Collection | + | Nuovo Cinema Paradiso (1988)                               |
[2022-07-08 01:53:41,604] [builder.py:2025]           [INFO]     |  47/183 | IMDb Top 250 Collection | + | Memento (2000)                                             |
[2022-07-08 01:53:42,888] [builder.py:2025]           [INFO]     |  48/183 | IMDb Top 250 Collection | + | Apocalypse Now (1979)                                      |
[2022-07-08 01:53:43,703] [builder.py:2025]           [INFO]     |  49/183 | IMDb Top 250 Collection | + | Indiana Jones and the Raiders of the Lost Ark (1981)       |
[2022-07-08 01:53:44,452] [builder.py:2025]           [INFO]     |  50/183 | IMDb Top 250 Collection | + | WALL·E (2008)                                              |
[2022-07-08 01:53:45,205] [builder.py:2025]           [INFO]     |  51/183 | IMDb Top 250 Collection | + | Das Leben der Anderen (2006)                               |
[2022-07-08 01:53:45,951] [builder.py:2025]           [INFO]     |  52/183 | IMDb Top 250 Collection | + | Sunset Blvd. (1950)                                        |
[2022-07-08 01:53:46,761] [builder.py:2025]           [INFO]     |  53/183 | IMDb Top 250 Collection | + | Paths of Glory (1957)                                      |
[2022-07-08 01:53:47,391] [builder.py:2025]           [INFO]     |  54/183 | IMDb Top 250 Collection | + | The Shining (1980)                                         |
[2022-07-08 01:53:48,026] [builder.py:2025]           [INFO]     |  55/183 | IMDb Top 250 Collection | + | The Great Dictator (1940)                                  |
[2022-07-08 01:53:48,711] [builder.py:2025]           [INFO]     |  56/183 | IMDb Top 250 Collection | + | Witness for the Prosecution (1957)                         |
[2022-07-08 01:53:49,380] [builder.py:2025]           [INFO]     |  57/183 | IMDb Top 250 Collection | + | Aliens (1986)                                              |
[2022-07-08 01:53:50,129] [builder.py:2025]           [INFO]     |  58/183 | IMDb Top 250 Collection | + | American Beauty (1999)                                     |
[2022-07-08 01:53:50,789] [builder.py:2025]           [INFO]     |  59/183 | IMDb Top 250 Collection | + | Dr. Strangelove or: How I Learned to Stop Worrying and Love the Bomb (1964) |
[2022-07-08 01:53:51,507] [builder.py:2025]           [INFO]     |  60/183 | IMDb Top 250 Collection | + | Spider-Man: Into the Spider-Verse (2018)                   |
[2022-07-08 01:53:52,507] [builder.py:2025]           [INFO]     |  61/183 | IMDb Top 250 Collection | + | 올드보이 (2003)                                                |
[2022-07-08 01:53:53,193] [builder.py:2025]           [INFO]     |  62/183 | IMDb Top 250 Collection | + | Braveheart (1995)                                          |
[2022-07-08 01:53:53,948] [builder.py:2025]           [INFO]     |  63/183 | IMDb Top 250 Collection | + | Amadeus (1984)                                             |
[2022-07-08 01:53:54,716] [builder.py:2025]           [INFO]     |  64/183 | IMDb Top 250 Collection | + | Toy Story (1995)                                           |
[2022-07-08 01:53:55,356] [builder.py:2025]           [INFO]     |  65/183 | IMDb Top 250 Collection | + | Das Boot (1981)                                            |
[2022-07-08 01:53:56,076] [builder.py:2025]           [INFO]     |  66/183 | IMDb Top 250 Collection | + | Inglourious Basterds (2009)                                |
[2022-07-08 01:53:56,849] [builder.py:2025]           [INFO]     |  67/183 | IMDb Top 250 Collection | + | もののけ姫 (1997)                                               |
[2022-07-08 01:53:57,516] [builder.py:2025]           [INFO]     |  68/183 | IMDb Top 250 Collection | + | Once Upon a Time in America (1984)                         |
[2022-07-08 01:53:59,103] [builder.py:2025]           [INFO]     |  69/183 | IMDb Top 250 Collection | + | Good Will Hunting (1997)                                   |
[2022-07-08 01:53:59,848] [builder.py:2025]           [INFO]     |  70/183 | IMDb Top 250 Collection | + | Requiem for a Dream (2000)                                 |
[2022-07-08 01:54:00,580] [builder.py:2025]           [INFO]     |  71/183 | IMDb Top 250 Collection | + | Singin' in the Rain (1952)                                 |
[2022-07-08 01:54:01,476] [builder.py:2025]           [INFO]     |  72/183 | IMDb Top 250 Collection | + | Star Wars: Episode VI - Return of the Jedi (1983)          |
[2022-07-08 01:54:02,334] [builder.py:2025]           [INFO]     |  73/183 | IMDb Top 250 Collection | + | 2001: A Space Odyssey (1968)                               |
[2022-07-08 01:54:02,401] [builder.py:2025]           [INFO]     |  74/183 | IMDb Top 250 Collection | + | Eternal Sunshine of the Spotless Mind (2004)               |
[2022-07-08 01:54:02,987] [builder.py:2025]           [INFO]     |  75/183 | IMDb Top 250 Collection | + | Reservoir Dogs (1992)                                      |
[2022-07-08 01:54:03,049] [builder.py:2025]           [INFO]     |  76/183 | IMDb Top 250 Collection | + | Citizen Kane (1941)                                        |
[2022-07-08 01:54:04,062] [builder.py:2025]           [INFO]     |  77/183 | IMDb Top 250 Collection | + | Lawrence of Arabia (1962)                                  |
[2022-07-08 01:54:04,917] [builder.py:2025]           [INFO]     |  78/183 | IMDb Top 250 Collection | + | M - Eine Stadt sucht einen Mörder (1931)                   |
[2022-07-08 01:54:05,575] [builder.py:2025]           [INFO]     |  79/183 | IMDb Top 250 Collection | + | North by Northwest (1959)                                  |
[2022-07-08 01:54:06,416] [builder.py:2025]           [INFO]     |  80/183 | IMDb Top 250 Collection | + | Vertigo (1958)                                             |
[2022-07-08 01:54:07,058] [builder.py:2025]           [INFO]     |  81/183 | IMDb Top 250 Collection | + | Le Fabuleux Destin d'Amélie Poulain (2001)                 |
[2022-07-08 01:54:07,841] [builder.py:2025]           [INFO]     |  82/183 | IMDb Top 250 Collection | + | A Clockwork Orange (1971)                                  |
[2022-07-08 01:54:08,586] [builder.py:2025]           [INFO]     |  83/183 | IMDb Top 250 Collection | + | Full Metal Jacket (1987)                                   |
[2022-07-08 01:54:09,348] [builder.py:2025]           [INFO]     |  84/183 | IMDb Top 250 Collection | + | Double Indemnity (1944)                                    |
[2022-07-08 01:54:10,021] [builder.py:2025]           [INFO]     |  85/183 | IMDb Top 250 Collection | + | The Apartment (1960)                                       |
[2022-07-08 01:54:10,698] [builder.py:2025]           [INFO]     |  86/183 | IMDb Top 250 Collection | + | Scarface (1983)                                            |
[2022-07-08 01:54:11,452] [builder.py:2025]           [INFO]     |  87/183 | IMDb Top 250 Collection | + | 生きる (1952)                                                 |
[2022-07-08 01:54:12,186] [builder.py:2025]           [INFO]     |  88/183 | IMDb Top 250 Collection | + | The Sting (1973)                                           |
[2022-07-08 01:54:12,945] [builder.py:2025]           [INFO]     |  89/183 | IMDb Top 250 Collection | + | To Kill a Mockingbird (1962)                               |
[2022-07-08 01:54:14,517] [builder.py:2025]           [INFO]     |  90/183 | IMDb Top 250 Collection | + | Taxi Driver (1976)                                         |
[2022-07-08 01:54:14,669] [builder.py:2025]           [INFO]     |  91/183 | IMDb Top 250 Collection | + | Up (2009)                                                  |
[2022-07-08 01:54:14,735] [builder.py:2025]           [INFO]     |  92/183 | IMDb Top 250 Collection | + | L.A. Confidential (1997)                                   |
[2022-07-08 01:54:15,534] [builder.py:2025]           [INFO]     |  93/183 | IMDb Top 250 Collection | + | Heat (1995)                                                |
[2022-07-08 01:54:16,358] [builder.py:2025]           [INFO]     |  94/183 | IMDb Top 250 Collection | + | Metropolis (1927)                                          |
[2022-07-08 01:54:17,009] [builder.py:2025]           [INFO]     |  95/183 | IMDb Top 250 Collection | + | Snatch (2000)                                              |
[2022-07-08 01:54:17,073] [builder.py:2025]           [INFO]     |  96/183 | IMDb Top 250 Collection | + | Die Hard (1988)                                            |
[2022-07-08 01:54:17,801] [builder.py:2025]           [INFO]     |  97/183 | IMDb Top 250 Collection | + | Incendies (2010)                                           |
[2022-07-08 01:54:18,585] [builder.py:2025]           [INFO]     |  98/183 | IMDb Top 250 Collection | + | Indiana Jones and the Last Crusade (1989)                  |
[2022-07-08 01:54:19,321] [builder.py:2025]           [INFO]     |  99/183 | IMDb Top 250 Collection | + | Ladri di biciclette (1948)                                 |
[2022-07-08 01:54:20,054] [builder.py:2025]           [INFO]     | 100/183 | IMDb Top 250 Collection | + | Der Untergang (2004)                                       |
[2022-07-08 01:54:20,742] [builder.py:2025]           [INFO]     | 101/183 | IMDb Top 250 Collection | + | Per qualche dollaro in più (1965)                          |
[2022-07-08 01:54:21,408] [builder.py:2025]           [INFO]     | 102/183 | IMDb Top 250 Collection | + | Batman Begins (2005)                                       |
[2022-07-08 01:54:22,250] [builder.py:2025]           [INFO]     | 103/183 | IMDb Top 250 Collection | + | दंगल (2016)                                                |
[2022-07-08 01:54:23,052] [builder.py:2025]           [INFO]     | 104/183 | IMDb Top 250 Collection | + | The Kid (1921)                                             |
[2022-07-08 01:54:23,658] [builder.py:2025]           [INFO]     | 105/183 | IMDb Top 250 Collection | + | Some Like It Hot (1959)                                    |
[2022-07-08 01:54:24,419] [builder.py:2025]           [INFO]     | 106/183 | IMDb Top 250 Collection | + | The Father (2020)                                          |
[2022-07-08 01:54:25,122] [builder.py:2025]           [INFO]     | 107/183 | IMDb Top 250 Collection | + | All About Eve (1950)                                       |
[2022-07-08 01:54:25,768] [builder.py:2025]           [INFO]     | 108/183 | IMDb Top 250 Collection | + | Judgment at Nuremberg (1961)                               |
[2022-07-08 01:54:26,441] [builder.py:2025]           [INFO]     | 109/183 | IMDb Top 250 Collection | + | Unforgiven (1992)                                          |
[2022-07-08 01:54:27,134] [builder.py:2025]           [INFO]     | 110/183 | IMDb Top 250 Collection | + | 乱 (1985)                                                   |
[2022-07-08 01:54:27,864] [builder.py:2025]           [INFO]     | 111/183 | IMDb Top 250 Collection | + | Casino (1995)                                              |
[2022-07-08 01:54:29,535] [builder.py:2025]           [INFO]     | 112/183 | IMDb Top 250 Collection | + | El laberinto del fauno (2006)                              |
[2022-07-08 01:54:30,381] [builder.py:2025]           [INFO]     | 113/183 | IMDb Top 250 Collection | + | There Will Be Blood (2007)                                 |
[2022-07-08 01:54:31,017] [builder.py:2025]           [INFO]     | 114/183 | IMDb Top 250 Collection | + | The Sixth Sense (1999)                                     |
[2022-07-08 01:54:31,719] [builder.py:2025]           [INFO]     | 115/183 | IMDb Top 250 Collection | + | A Beautiful Mind (2001)                                    |
[2022-07-08 01:54:32,398] [builder.py:2025]           [INFO]     | 116/183 | IMDb Top 250 Collection | + | The Truman Show (1998)                                     |
[2022-07-08 01:54:33,191] [builder.py:2025]           [INFO]     | 117/183 | IMDb Top 250 Collection | + | Monty Python and the Holy Grail (1975)                     |
[2022-07-08 01:54:33,864] [builder.py:2025]           [INFO]     | 118/183 | IMDb Top 250 Collection | + | 用心棒 (1961)                                                 |
[2022-07-08 01:54:34,532] [builder.py:2025]           [INFO]     | 119/183 | IMDb Top 250 Collection | + | The Treasure of the Sierra Madre (1948)                    |
[2022-07-08 01:54:35,191] [builder.py:2025]           [INFO]     | 120/183 | IMDb Top 250 Collection | + | 羅生門 (1950)                                                 |
[2022-07-08 01:54:35,787] [builder.py:2025]           [INFO]     | 121/183 | IMDb Top 250 Collection | + | The Great Escape (1963)                                    |
[2022-07-08 01:54:36,500] [builder.py:2025]           [INFO]     | 122/183 | IMDb Top 250 Collection | + | Kill Bill: Vol. 1 (2003)                                   |
[2022-07-08 01:54:37,253] [builder.py:2025]           [INFO]     | 123/183 | IMDb Top 250 Collection | + | No Country for Old Men (2007)                              |
[2022-07-08 01:54:38,045] [builder.py:2025]           [INFO]     | 124/183 | IMDb Top 250 Collection | + | Finding Nemo (2003)                                        |
[2022-07-08 01:54:38,777] [builder.py:2025]           [INFO]     | 125/183 | IMDb Top 250 Collection | + | The Elephant Man (1980)                                    |
[2022-07-08 01:54:39,528] [builder.py:2025]           [INFO]     | 126/183 | IMDb Top 250 Collection | + | Chinatown (1974)                                           |
[2022-07-08 01:54:40,233] [builder.py:2025]           [INFO]     | 127/183 | IMDb Top 250 Collection | + | Raging Bull (1980)                                         |
[2022-07-08 01:54:40,911] [builder.py:2025]           [INFO]     | 128/183 | IMDb Top 250 Collection | + | Gone with the Wind (1939)                                  |
[2022-07-08 01:54:41,894] [builder.py:2025]           [INFO]     | 129/183 | IMDb Top 250 Collection | + | V for Vendetta (2006)                                      |
[2022-07-08 01:54:41,954] [builder.py:2025]           [INFO]     | 130/183 | IMDb Top 250 Collection | + | The Thing (1982)                                           |
[2022-07-08 01:54:42,017] [builder.py:2025]           [INFO]     | 131/183 | IMDb Top 250 Collection | + | Lock, Stock and Two Smoking Barrels (1998)                 |
[2022-07-08 01:54:43,463] [builder.py:2025]           [INFO]     | 132/183 | IMDb Top 250 Collection | + | Dial M for Murder (1954)                                   |
[2022-07-08 01:54:44,170] [builder.py:2025]           [INFO]     | 133/183 | IMDb Top 250 Collection | + | El secreto de sus ojos (2009)                              |
[2022-07-08 01:54:44,885] [builder.py:2025]           [INFO]     | 134/183 | IMDb Top 250 Collection | + | The Bridge on the River Kwai (1957)                        |
[2022-07-08 01:54:45,573] [builder.py:2025]           [INFO]     | 135/183 | IMDb Top 250 Collection | + | ハウルの動く城 (2004)                                             |
[2022-07-08 01:54:45,635] [builder.py:2025]           [INFO]     | 136/183 | IMDb Top 250 Collection | + | Trainspotting (1996)                                       |
[2022-07-08 01:54:46,301] [builder.py:2025]           [INFO]     | 137/183 | IMDb Top 250 Collection | + | Gran Torino (2008)                                         |
[2022-07-08 01:54:47,087] [builder.py:2025]           [INFO]     | 138/183 | IMDb Top 250 Collection | + | Warrior.2011.1080p.BluRay.H264.AAC-RARBG (2011)            |
[2022-07-08 01:54:47,824] [builder.py:2025]           [INFO]     | 139/183 | IMDb Top 250 Collection | + | Fargo (1996)                                               |
[2022-07-08 01:54:48,520] [builder.py:2025]           [INFO]     | 140/183 | IMDb Top 250 Collection | + | となりのトトロ (1988)                                             |
[2022-07-08 01:54:49,194] [builder.py:2025]           [INFO]     | 141/183 | IMDb Top 250 Collection | + | Million Dollar Baby (2004)                                 |
[2022-07-08 01:54:49,997] [builder.py:2025]           [INFO]     | 142/183 | IMDb Top 250 Collection | + | The Gold Rush (1925)                                       |
[2022-07-08 01:54:50,639] [builder.py:2025]           [INFO]     | 143/183 | IMDb Top 250 Collection | + | Blade Runner (1982)                                        |
[2022-07-08 01:54:51,346] [builder.py:2025]           [INFO]     | 144/183 | IMDb Top 250 Collection | + | On the Waterfront (1954)                                   |
[2022-07-08 01:54:52,025] [builder.py:2025]           [INFO]     | 145/183 | IMDb Top 250 Collection | + | The Third Man (1949)                                       |
[2022-07-08 01:54:52,656] [builder.py:2025]           [INFO]     | 146/183 | IMDb Top 250 Collection | + | Ben-Hur (1959)                                             |
[2022-07-08 01:54:53,412] [builder.py:2025]           [INFO]     | 147/183 | IMDb Top 250 Collection | + | The General (1926)                                         |
[2022-07-08 01:54:54,046] [builder.py:2025]           [INFO]     | 148/183 | IMDb Top 250 Collection | + | Smultronstället (1957)                                     |
[2022-07-08 01:54:54,689] [builder.py:2025]           [INFO]     | 149/183 | IMDb Top 250 Collection | + | The Deer Hunter (1978)                                     |
[2022-07-08 01:54:55,422] [builder.py:2025]           [INFO]     | 150/183 | IMDb Top 250 Collection | + | Mr. Smith Goes to Washington (1939)                        |
[2022-07-08 01:54:56,340] [builder.py:2025]           [INFO]     | 151/183 | IMDb Top 250 Collection | + | Le Salaire de la peur (1953)                               |
[2022-07-08 01:54:56,950] [builder.py:2025]           [INFO]     | 152/183 | IMDb Top 250 Collection | + | Barry Lyndon (1975)                                        |
[2022-07-08 01:54:58,382] [builder.py:2025]           [INFO]     | 153/183 | IMDb Top 250 Collection | + | Room (2015)                                                |
[2022-07-08 01:54:59,311] [builder.py:2025]           [INFO]     | 154/183 | IMDb Top 250 Collection | + | Det sjunde inseglet (1957)                                 |
[2022-07-08 01:54:59,968] [builder.py:2025]           [INFO]     | 155/183 | IMDb Top 250 Collection | + | The Big Lebowski (1998)                                    |
[2022-07-08 01:55:00,638] [builder.py:2025]           [INFO]     | 156/183 | IMDb Top 250 Collection | + | Mary and Max (2009)                                        |
[2022-07-08 01:55:01,363] [builder.py:2025]           [INFO]     | 157/183 | IMDb Top 250 Collection | + | Monsters, Inc. (2001)                                      |
[2022-07-08 01:55:01,424] [builder.py:2025]           [INFO]     | 158/183 | IMDb Top 250 Collection | + | Jaws (1975)                                                |
[2022-07-08 01:55:02,251] [builder.py:2025]           [INFO]     | 159/183 | IMDb Top 250 Collection | + | Hotel Rwanda (2004)                                        |
[2022-07-08 01:55:02,879] [builder.py:2025]           [INFO]     | 160/183 | IMDb Top 250 Collection | + | Rocky (1976)                                               |
[2022-07-08 01:55:03,615] [builder.py:2025]           [INFO]     | 161/183 | IMDb Top 250 Collection | + | Platoon (1986)                                             |
[2022-07-08 01:55:04,344] [builder.py:2025]           [INFO]     | 162/183 | IMDb Top 250 Collection | + | Stand by Me (1986)                                         |
[2022-07-08 01:55:05,082] [builder.py:2025]           [INFO]     | 163/183 | IMDb Top 250 Collection | + | The Terminator (1984)                                      |
[2022-07-08 01:55:05,760] [builder.py:2025]           [INFO]     | 164/183 | IMDb Top 250 Collection | + | Into the Wild (2007)                                       |
[2022-07-08 01:55:06,535] [builder.py:2025]           [INFO]     | 165/183 | IMDb Top 250 Collection | + | Network (1976)                                             |
[2022-07-08 01:55:07,180] [builder.py:2025]           [INFO]     | 166/183 | IMDb Top 250 Collection | + | The Wizard of Oz (1939)                                    |
[2022-07-08 01:55:08,025] [builder.py:2025]           [INFO]     | 167/183 | IMDb Top 250 Collection | + | Ratatouille (2007)                                         |
[2022-07-08 01:55:08,730] [builder.py:2025]           [INFO]     | 168/183 | IMDb Top 250 Collection | + | Groundhog Day (1993)                                       |
[2022-07-08 01:55:09,361] [builder.py:2025]           [INFO]     | 169/183 | IMDb Top 250 Collection | + | The Exorcist (1973)                                        |
[2022-07-08 01:55:10,075] [builder.py:2025]           [INFO]     | 170/183 | IMDb Top 250 Collection | + | The Best Years of Our Lives (1946)                         |
[2022-07-08 01:55:10,970] [builder.py:2025]           [INFO]     | 171/183 | IMDb Top 250 Collection | + | The Incredibles (2004)                                     |
[2022-07-08 01:55:11,672] [builder.py:2025]           [INFO]     | 172/183 | IMDb Top 250 Collection | + | Rebecca (1940)                                             |
[2022-07-08 01:55:12,309] [builder.py:2025]           [INFO]     | 173/183 | IMDb Top 250 Collection | + | The Grapes of Wrath (1940)                                 |
[2022-07-08 01:55:13,063] [builder.py:2025]           [INFO]     | 174/183 | IMDb Top 250 Collection | + | La battaglia di Algeri (1966)                              |
[2022-07-08 01:55:14,121] [builder.py:2025]           [INFO]     | 175/183 | IMDb Top 250 Collection | + | Hachi: A Dog's Tale (2009)                                 |
[2022-07-08 01:55:14,958] [builder.py:2025]           [INFO]     | 176/183 | IMDb Top 250 Collection | + | Cool Hand Luke (1967)                                      |
[2022-07-08 01:55:16,862] [builder.py:2025]           [INFO]     | 177/183 | IMDb Top 250 Collection | + | Amores perros (2000)                                       |
[2022-07-08 01:55:17,458] [builder.py:2025]           [INFO]     | 178/183 | IMDb Top 250 Collection | + | Pirates of the Caribbean: The Curse of the Black Pearl (2003) |
[2022-07-08 01:55:17,529] [builder.py:2025]           [INFO]     | 179/183 | IMDb Top 250 Collection | + | Les Quatre Cents Coups (1959)                              |
[2022-07-08 01:55:18,158] [builder.py:2025]           [INFO]     | 180/183 | IMDb Top 250 Collection | + | Life of Brian (1979)                                       |
[2022-07-08 01:55:18,855] [builder.py:2025]           [INFO]     | 181/183 | IMDb Top 250 Collection | + | It Happened One Night (1934)                               |
[2022-07-08 01:55:19,473] [builder.py:2025]           [INFO]     | 182/183 | IMDb Top 250 Collection | + | The Sound of Music (1965)                                  |
[2022-07-08 01:55:20,170] [builder.py:2025]           [INFO]     | 183/183 | IMDb Top 250 Collection | + | Gandhi (1982)                                              |
[2022-07-08 01:55:21,101] [builder.py:2045]           [INFO]     |                                                                                                    |
[2022-07-08 01:55:21,102] [builder.py:2046]           [INFO]     | 183 Movies Processed                                                                               |
[2022-07-08 01:55:21,102] [builder.py:2172]           [INFO]     |                                                                                                    |
[2022-07-08 01:55:21,103] [builder.py:2173]           [INFO]     |=============================== Missing Movies from Library: Movies ================================|
[2022-07-08 01:55:21,103] [builder.py:2174]           [INFO]     |                                                                                                    |
[2022-07-08 01:55:21,522] [builder.py:2187]           [INFO]     | IMDb Top 250 Collection | ? | Inception (2010) (TMDb: 27205)                                       |
[2022-07-08 01:55:21,711] [builder.py:2187]           [INFO]     | IMDb Top 250 Collection | ? | Interstellar (2014) (TMDb: 157336)                                   |
[2022-07-08 01:55:21,913] [builder.py:2187]           [INFO]     | IMDb Top 250 Collection | ? | Parasite (2019) (TMDb: 496243)                                       |
[2022-07-08 01:55:22,113] [builder.py:2187]           [INFO]     | IMDb Top 250 Collection | ? | The Lion King (1994) (TMDb: 8587)                                    |
[2022-07-08 01:55:22,300] [builder.py:2187]           [INFO]     | IMDb Top 250 Collection | ? | Top Gun: Maverick (2022) (TMDb: 361743)                              |
[2022-07-08 01:55:22,500] [builder.py:2187]           [INFO]     | IMDb Top 250 Collection | ? | The Intouchables (2011) (TMDb: 77338)                                |
[2022-07-08 01:55:22,680] [builder.py:2187]           [INFO]     | IMDb Top 250 Collection | ? | Harakiri (1962) (TMDb: 14537)                                        |
[2022-07-08 01:55:22,867] [builder.py:2187]           [INFO]     | IMDb Top 250 Collection | ? | Django Unchained (2012) (TMDb: 68718)                                |
[2022-07-08 01:55:23,097] [builder.py:2187]           [INFO]     | IMDb Top 250 Collection | ? | Avengers: Infinity War (2018) (TMDb: 299536)                         |
[2022-07-08 01:55:23,313] [builder.py:2187]           [INFO]     | IMDb Top 250 Collection | ? | The Dark Knight Rises (2012) (TMDb: 49026)                           |
[2022-07-08 01:55:23,511] [builder.py:2187]           [INFO]     | IMDb Top 250 Collection | ? | Joker (2019) (TMDb: 475557)                                          |
[2022-07-08 01:55:23,733] [builder.py:2187]           [INFO]     | IMDb Top 250 Collection | ? | Coco (2017) (TMDb: 354912)                                           |
[2022-07-08 01:55:23,922] [builder.py:2187]           [INFO]     | IMDb Top 250 Collection | ? | Avengers: Endgame (2019) (TMDb: 299534)                              |
[2022-07-08 01:55:24,111] [builder.py:2187]           [INFO]     | IMDb Top 250 Collection | ? | Toy Story 3 (2010) (TMDb: 10193)                                     |
[2022-07-08 01:55:24,289] [builder.py:2187]           [INFO]     | IMDb Top 250 Collection | ? | Your Name. (2016) (TMDb: 372058)                                     |
[2022-07-08 01:55:24,478] [builder.py:2187]           [INFO]     | IMDb Top 250 Collection | ? | 3 Idiots (2009) (TMDb: 20453)                                        |
[2022-07-08 01:55:24,656] [builder.py:2187]           [INFO]     | IMDb Top 250 Collection | ? | High and Low (1963) (TMDb: 12493)                                    |
[2022-07-08 01:55:24,922] [builder.py:2187]           [INFO]     | IMDb Top 250 Collection | ? | Capernaum (2018) (TMDb: 517814)                                      |
[2022-07-08 01:55:25,100] [builder.py:2187]           [INFO]     | IMDb Top 250 Collection | ? | The Hunt (2012) (TMDb: 103663)                                       |
[2022-07-08 01:55:25,280] [builder.py:2187]           [INFO]     | IMDb Top 250 Collection | ? | Come and See (1985) (TMDb: 25237)                                    |
[2022-07-08 01:55:25,446] [builder.py:2187]           [INFO]     | IMDb Top 250 Collection | ? | Hamilton (2020) (TMDb: 556574)                                       |
[2022-07-08 01:55:25,633] [builder.py:2187]           [INFO]     | IMDb Top 250 Collection | ? | A Separation (2011) (TMDb: 60243)                                    |
[2022-07-08 01:55:26,630] [builder.py:2187]           [INFO]     | IMDb Top 250 Collection | ? | 1917 (2019) (TMDb: 530915)                                           |
[2022-07-08 01:55:26,889] [builder.py:2187]           [INFO]     | IMDb Top 250 Collection | ? | Like Stars on Earth (2007) (TMDb: 7508)                              |
[2022-07-08 01:55:27,167] [builder.py:2187]           [INFO]     | IMDb Top 250 Collection | ? | Spider-Man: No Way Home (2021) (TMDb: 634649)                        |
[2022-07-08 01:55:27,367] [builder.py:2187]           [INFO]     | IMDb Top 250 Collection | ? | Green Book (2018) (TMDb: 490132)                                     |
[2022-07-08 01:55:27,538] [builder.py:2187]           [INFO]     | IMDb Top 250 Collection | ? | The Wolf of Wall Street (2013) (TMDb: 106646)                        |
[2022-07-08 01:55:27,746] [builder.py:2187]           [INFO]     | IMDb Top 250 Collection | ? | Everything Everywhere All at Once (2022) (TMDb: 545611)              |
[2022-07-08 01:55:27,922] [builder.py:2187]           [INFO]     | IMDb Top 250 Collection | ? | Shutter Island (2010) (TMDb: 11324)                                  |
[2022-07-08 01:55:28,156] [builder.py:2187]           [INFO]     | IMDb Top 250 Collection | ? | Jurassic Park (1993) (TMDb: 329)                                     |
[2022-07-08 01:55:28,346] [builder.py:2187]           [INFO]     | IMDb Top 250 Collection | ? | Inside Out (2015) (TMDb: 150540)                                     |
[2022-07-08 01:55:28,567] [builder.py:2187]           [INFO]     | IMDb Top 250 Collection | ? | Three Billboards Outside Ebbing, Missouri (2017) (TMDb: 359940)      |
[2022-07-08 01:55:30,490] [builder.py:2187]           [INFO]     | IMDb Top 250 Collection | ? | Prisoners (2013) (TMDb: 146233)                                      |
[2022-07-08 01:55:30,689] [builder.py:2187]           [INFO]     | IMDb Top 250 Collection | ? | Catch Me If You Can (2002) (TMDb: 640)                               |
[2022-07-08 01:55:30,911] [builder.py:2187]           [INFO]     | IMDb Top 250 Collection | ? | Children of Heaven (1997) (TMDb: 21334)                              |
[2022-07-08 01:55:31,222] [builder.py:2187]           [INFO]     | IMDb Top 250 Collection | ? | 12 Years a Slave (2013) (TMDb: 76203)                                |
[2022-07-08 01:55:31,421] [builder.py:2187]           [INFO]     | IMDb Top 250 Collection | ? | Before Sunrise (1995) (TMDb: 76)                                     |
[2022-07-08 01:55:31,579] [builder.py:2187]           [INFO]     | IMDb Top 250 Collection | ? | Gone Girl (2014) (TMDb: 210577)                                      |
[2022-07-08 01:55:31,745] [builder.py:2187]           [INFO]     | IMDb Top 250 Collection | ? | Harry Potter and the Deathly Hallows: Part 2 (2011) (TMDb: 12445)    |
[2022-07-08 01:55:33,290] [builder.py:2187]           [INFO]     | IMDb Top 250 Collection | ? | In the Name of the Father (1993) (TMDb: 7984)                        |
[2022-07-08 01:55:33,767] [builder.py:2187]           [INFO]     | IMDb Top 250 Collection | ? | The Grand Budapest Hotel (2014) (TMDb: 120467)                       |
[2022-07-08 01:55:34,244] [builder.py:2187]           [INFO]     | IMDb Top 250 Collection | ? | Sherlock Jr. (1924) (TMDb: 992)                                      |
[2022-07-08 01:55:34,589] [builder.py:2187]           [INFO]     | IMDb Top 250 Collection | ? | Memories of Murder (2003) (TMDb: 11423)                              |
[2022-07-08 01:55:35,054] [builder.py:2187]           [INFO]     | IMDb Top 250 Collection | ? | Klaus (2019) (TMDb: 508965)                                          |
[2022-07-08 01:55:35,478] [builder.py:2187]           [INFO]     | IMDb Top 250 Collection | ? | Hacksaw Ridge (2016) (TMDb: 324786)                                  |
[2022-07-08 01:55:36,089] [builder.py:2187]           [INFO]     | IMDb Top 250 Collection | ? | Wild Tales (2014) (TMDb: 265195)                                     |
[2022-07-08 01:55:36,404] [builder.py:2187]           [INFO]     | IMDb Top 250 Collection | ? | Mad Max: Fury Road (2015) (TMDb: 76341)                              |
[2022-07-08 01:55:36,645] [builder.py:2187]           [INFO]     | IMDb Top 250 Collection | ? | How to Train Your Dragon (2010) (TMDb: 10191)                        |
[2022-07-08 01:55:36,822] [builder.py:2187]           [INFO]     | IMDb Top 250 Collection | ? | The Passion of Joan of Arc (1928) (TMDb: 780)                        |
[2022-07-08 01:55:37,000] [builder.py:2187]           [INFO]     | IMDb Top 250 Collection | ? | Dead Poets Society (1989) (TMDb: 207)                                |
[2022-07-08 01:55:37,262] [builder.py:2187]           [INFO]     | IMDb Top 250 Collection | ? | Tokyo Story (1953) (TMDb: 18148)                                     |
[2022-07-08 01:55:37,437] [builder.py:2187]           [INFO]     | IMDb Top 250 Collection | ? | Pather Panchali (1955) (TMDb: 5801)                                  |
[2022-07-08 01:55:37,667] [builder.py:2187]           [INFO]     | IMDb Top 250 Collection | ? | Ford v Ferrari (2019) (TMDb: 359724)                                 |
[2022-07-08 01:55:37,889] [builder.py:2187]           [INFO]     | IMDb Top 250 Collection | ? | Spotlight (2015) (TMDb: 314365)                                      |
[2022-07-08 01:55:38,089] [builder.py:2187]           [INFO]     | IMDb Top 250 Collection | ? | Rush (2013) (TMDb: 96721)                                            |
[2022-07-08 01:55:38,487] [builder.py:2187]           [INFO]     | IMDb Top 250 Collection | ? | Logan (2017) (TMDb: 263115)                                          |
[2022-07-08 01:55:38,689] [builder.py:2187]           [INFO]     | IMDb Top 250 Collection | ? | Before Sunset (2004) (TMDb: 80)                                      |
[2022-07-08 01:55:38,889] [builder.py:2187]           [INFO]     | IMDb Top 250 Collection | ? | To Be or Not to Be (1942) (TMDb: 198)                                |
[2022-07-08 01:55:39,089] [builder.py:2187]           [INFO]     | IMDb Top 250 Collection | ? | La Haine (1995) (TMDb: 406)                                          |
[2022-07-08 01:55:39,267] [builder.py:2187]           [INFO]     | IMDb Top 250 Collection | ? | Persona (1966) (TMDb: 797)                                           |
[2022-07-08 01:55:40,279] [builder.py:2187]           [INFO]     | IMDb Top 250 Collection | ? | My Father and My Son (2005) (TMDb: 13393)                            |
[2022-07-08 01:55:40,533] [builder.py:2187]           [INFO]     | IMDb Top 250 Collection | ? | Dersu Uzala (1975) (TMDb: 9764)                                      |
[2022-07-08 01:55:40,745] [builder.py:2187]           [INFO]     | IMDb Top 250 Collection | ? | The Handmaiden (2016) (TMDb: 290098)                                 |
[2022-07-08 01:55:40,922] [builder.py:2187]           [INFO]     | IMDb Top 250 Collection | ? | Jai Bhim (2021) (TMDb: 855400)                                       |
[2022-07-08 01:55:41,367] [builder.py:2187]           [INFO]     | IMDb Top 250 Collection | ? | Aladdin (1992) (TMDb: 812)                                           |
[2022-07-08 01:55:41,579] [builder.py:2187]           [INFO]     | IMDb Top 250 Collection | ? | The Help (2011) (TMDb: 50014)                                        |
[2022-07-08 01:55:41,728] [builder.py:2187]           [INFO]     | IMDb Top 250 Collection | ? | Beauty and the Beast (1991) (TMDb: 10020)                            |
[2022-07-08 01:55:41,729] [builder.py:2192]           [INFO]     |                                                                                                    |
[2022-07-08 01:55:41,729] [builder.py:2193]           [INFO]     | 67 Movies Missing                                                                                  |
[2022-07-08 01:55:41,746] [plex.py:742]               [DEBUG]    |                                                                                                    |
[2022-07-08 01:55:41,747] [plex.py:744]               [DEBUG]    | Found: IMDB Top 250                                                                                |
[2022-07-08 01:55:41,747] [plex.py:745]               [DEBUG]    | Looking for: IMDb Top 250                                                                          |
[2022-07-08 01:55:41,840] [plex_meta_manager.py:615]  [DEBUG]    | Traceback (most recent call last):                                                                 |
                                                                 |   File "plex_meta_manager.py", line 607, in run_collection
                                                                 |     builder.load_collection()
                                                                 |   File "/volume1/homes/bpsim/Plex-Meta-Manager/modules/builder.py", line 2377, in load_collection
                                                                 |     self.obj = self.library.get_playlist(self.name) if self.playlist else self.library.get_collection(self.name)
                                                                 |   File "/volume1/homes/bpsim/Plex-Meta-Manager/modules/plex.py", line 746, in get_collection
                                                                 |     raise Failed(f"Plex Error: Collection {data} not found")
                                                                 | modules.util.Failed: Plex Error: Collection IMDb Top 250 not found
                                                                 | 
[2022-07-08 01:55:41,843] [plex_meta_manager.py:617]  [INFO]     | 
[2022-07-08 01:55:41,843] [plex_meta_manager.py:618]  [INFO]     |===================================== No Collection to Update ======================================|
[2022-07-08 01:55:41,843] [plex_meta_manager.py:674]  [INFO]     |                                                                                                    |
[2022-07-08 01:55:41,844] [plex_meta_manager.py:675]  [INFO]     |====================================================================================================|
[2022-07-08 01:55:41,844] [plex_meta_manager.py:675]  [INFO]     |                                  Finished IMDb Top 250 Collection                                  |
[2022-07-08 01:55:41,844] [plex_meta_manager.py:675]  [INFO]     |                                    Collection Run Time: 0:02:37                                    |
[2022-07-08 01:55:41,845] [plex_meta_manager.py:675]  [INFO]     |====================================================================================================|
