[2022-07-08 03:14:31,280] [builder.py:185]            [INFO]     |====================================================================================================|
[2022-07-08 03:14:31,281] [builder.py:185]            [INFO]     |                             TMDb Airing Today Collection in ..Cartoons                             |
[2022-07-08 03:14:31,282] [builder.py:185]            [INFO]     |====================================================================================================|
[2022-07-08 03:14:31,282] [builder.py:186]            [INFO]     |                                                                                                    |
[2022-07-08 03:14:31,283] [builder.py:191]            [INFO]     |============================= Validating TMDb Airing Today Attributes ==============================|
[2022-07-08 03:14:31,283] [builder.py:212]            [DEBUG]    |                                                                                                    |
[2022-07-08 03:14:31,284] [builder.py:213]            [DEBUG]    | Validating Method: template                                                                        |
[2022-07-08 03:14:31,284] [meta.py:103]               [DEBUG]    | Value: [ordereddict([('name', 'airing')]), ordereddict([('name', 'customsync')]), ordereddict([('name', 'chart_shared'), ('key', 'airing'), ('check_library', 'show')])] |
[2022-07-08 03:14:31,290] [builder.py:221]            [DEBUG]    |                                                                                                    |
[2022-07-08 03:14:31,290] [builder.py:222]            [DEBUG]    | Validating Method: allowed_library_types                                                           |
[2022-07-08 03:14:31,290] [builder.py:225]            [DEBUG]    | Value: ['show']                                                                                    |
[2022-07-08 03:14:31,291] [builder.py:437]            [DEBUG]    |                                                                                                    |
[2022-07-08 03:14:31,291] [builder.py:438]            [DEBUG]    | Validating Method: sync_mode                                                                       |
[2022-07-08 03:14:31,291] [builder.py:442]            [DEBUG]    | Value: sync                                                                                        |
[2022-07-08 03:14:31,292] [builder.py:582]            [DEBUG]    |                                                                                                    |
[2022-07-08 03:14:31,292] [builder.py:583]            [DEBUG]    | Validating Method: collection_order                                                                |
[2022-07-08 03:14:31,292] [builder.py:584]            [DEBUG]    | Value: custom                                                                                      |
[2022-07-08 03:14:31,292] [builder.py:600]            [DEBUG]    |                                                                                                    |
[2022-07-08 03:14:31,293] [builder.py:604]            [DEBUG]    | Validating Method: tmdb_airing_today                                                               |
[2022-07-08 03:14:31,293] [builder.py:605]            [DEBUG]    | Value: 100                                                                                         |
[2022-07-08 03:14:31,293] [builder.py:600]            [DEBUG]    |                                                                                                    |
[2022-07-08 03:14:31,294] [builder.py:604]            [DEBUG]    | Validating Method: summary                                                                         |
[2022-07-08 03:14:31,294] [builder.py:605]            [DEBUG]    | Value: A collection of shows with episodes airing today                                            |
[2022-07-08 03:14:31,294] [builder.py:600]            [DEBUG]    |                                                                                                    |
[2022-07-08 03:14:31,295] [builder.py:604]            [DEBUG]    | Validating Method: sort_title                                                                      |
[2022-07-08 03:14:31,295] [builder.py:605]            [DEBUG]    | Value: !01_TMDb Airing Today                                                                       |
[2022-07-08 03:14:31,295] [builder.py:600]            [DEBUG]    |                                                                                                    |
[2022-07-08 03:14:31,295] [builder.py:604]            [DEBUG]    | Validating Method: url_poster                                                                      |
[2022-07-08 03:14:31,296] [builder.py:605]            [DEBUG]    | Value: https://raw.githubusercontent.com/meisnate12/Plex-Meta-Manager-Images/master/chart/TMDb%20Airing%20Today.jpg |
[2022-07-08 03:14:31,669] [plex.py:742]               [DEBUG]    |                                                                                                    |
[2022-07-08 03:14:31,669] [plex.py:745]               [DEBUG]    | Looking for: TMDb Airing Today                                                                     |
[2022-07-08 03:14:31,670] [builder.py:764]            [INFO]     |                                                                                                    |
[2022-07-08 03:14:31,670] [builder.py:765]            [INFO]     | Validation Successful                                                                              |
[2022-07-08 03:14:31,670] [plex_meta_manager.py:539]  [INFO]     |                                                                                                    |
[2022-07-08 03:14:31,671] [plex_meta_manager.py:541]  [INFO]     |=============================== Running TMDb Airing Today Collection ===============================|
[2022-07-08 03:14:31,671] [plex_meta_manager.py:553]  [INFO]     |                                                                                                    |
[2022-07-08 03:14:31,672] [plex_meta_manager.py:554]  [INFO]     | Sync Mode: sync                                                                                    |
[2022-07-08 03:14:31,672] [plex_meta_manager.py:557]  [DEBUG]    |                                                                                                    |
[2022-07-08 03:14:31,672] [plex_meta_manager.py:558]  [DEBUG]    | Builder: tmdb_airing_today: 100                                                                    |
[2022-07-08 03:14:31,673] [plex_meta_manager.py:559]  [INFO]     |                                                                                                    |
[2022-07-08 03:14:31,907] [tmdb.py:344]               [INFO]     | Processing TMDb Airing Today: 100 Shows                                                            |
[2022-07-08 03:14:31,907] [builder.py:1507]           [DEBUG]    |                                                                                                    |
[2022-07-08 03:14:31,908] [builder.py:1508]           [DEBUG]    | 100 IDs Found: [(76479, 'tmdb_show'), (135647, 'tmdb_show'), (152296, 'tmdb_show'), (197189, 'tmdb_show'), (158415, 'tmdb_show'), (204147, 'tmdb_show'), (154911, 'tmdb_show'), (157936, 'tmdb_show'), (122151, 'tmdb_show'), (122152, 'tmdb_show'), (119903, 'tmdb_show'), (154571, 'tmdb_show'), (203211, 'tmdb_show'), (103516, 'tmdb_show'), (158691, 'tmdb_show'), (2527, 'tmdb_show'), (966, 'tmdb_show'), (1655, 'tmdb_show'), (202740, 'tmdb_show'), (66636, 'tmdb_show'), (14750, 'tmdb_show'), (197352, 'tmdb_show'), (6647, 'tmdb_show'), (4504, 'tmdb_show'), (23915, 'tmdb_show'), (138251, 'tmdb_show'), (1900, 'tmdb_show'), (39677, 'tmdb_show'), (111800, 'tmdb_show'), (157059, 'tmdb_show'), (987, 'tmdb_show'), (131485, 'tmdb_show'), (92967, 'tmdb_show'), (881, 'tmdb_show'), (71738, 'tmdb_show'), (16395, 'tmdb_show'), (197067, 'tmdb_show'), (196572, 'tmdb_show'), (88191, 'tmdb_show'), (202374, 'tmdb_show'), (2354, 'tmdb_show'), (2912, 'tmdb_show'), (194619, 'tmdb_show'), (201697, 'tmdb_show'), (121435, 'tmdb_show'), (121477, 'tmdb_show'), (131997, 'tmdb_show'), (1871, 'tmdb_show'), (502, 'tmdb_show'), (101149, 'tmdb_show'), (196614, 'tmdb_show'), (80006, 'tmdb_show'), (90207, 'tmdb_show'), (40879, 'tmdb_show'), (63714, 'tmdb_show'), (73549, 'tmdb_show'), (63726, 'tmdb_show'), (204712, 'tmdb_show'), (76949, 'tmdb_show'), (13354, 'tmdb_show'), (59186, 'tmdb_show'), (155224, 'tmdb_show'), (204115, 'tmdb_show'), (135655, 'tmdb_show'), (200894, 'tmdb_show'), (125398, 'tmdb_show'), (2674, 'tmdb_show'), (204647, 'tmdb_show'), (194567, 'tmdb_show'), (202018, 'tmdb_show'), (135371, 'tmdb_show'), (73010, 'tmdb_show'), (204865, 'tmdb_show'), (204839, 'tmdb_show'), (14544, 'tmdb_show'), (156988, 'tmdb_show'), (156640, 'tmdb_show'), (63613, 'tmdb_show'), (202798, 'tmdb_show'), (2394, 'tmdb_show'), (204625, 'tmdb_show'), (62807, 'tmdb_show'), (132178, 'tmdb_show'), (203830, 'tmdb_show'), (30791, 'tmdb_show'), (29173, 'tmdb_show'), (46707, 'tmdb_show'), (23545, 'tmdb_show'), (198182, 'tmdb_show'), (204177, 'tmdb_show'), (120573, 'tmdb_show'), (72879, 'tmdb_show'), (100451, 'tmdb_show'), (81329, 'tmdb_show'), (197201, 'tmdb_show'), (112470, 'tmdb_show'), (156955, 'tmdb_show'), (35358, 'tmdb_show'), (83217, 'tmdb_show'), (136105, 'tmdb_show')] |
[2022-07-08 03:14:31,908] [builder.py:1509]           [DEBUG]    |                                                                                                    |
[2022-07-08 03:14:32,203] [builder.py:1583]           [WARNING]  | Convert Error: No TVDb ID Found for TMDb ID: 152296                                                |
[2022-07-08 03:14:32,461] [builder.py:1583]           [WARNING]  | Convert Error: No TVDb ID Found for TMDb ID: 122151                                                |
[2022-07-08 03:14:32,636] [builder.py:1583]           [WARNING]  | Convert Error: No TVDb ID Found for TMDb ID: 122152                                                |
[2022-07-08 03:14:32,819] [builder.py:1583]           [WARNING]  | Convert Error: No TVDb ID Found for TMDb ID: 119903                                                |
[2022-07-08 03:14:33,047] [builder.py:1583]           [WARNING]  | Convert Error: No TVDb ID Found for TMDb ID: 203211                                                |
[2022-07-08 03:14:33,481] [builder.py:1583]           [WARNING]  | Convert Error: No TVDb ID Found for TMDb ID: 194619                                                |
[2022-07-08 03:14:33,736] [builder.py:1583]           [WARNING]  | Convert Error: No TVDb ID Found for TMDb ID: 121435                                                |
[2022-07-08 03:14:33,746] [builder.py:1583]           [WARNING]  | Convert Error: No TVDb ID Found for TMDb ID: 131997                                                |
[2022-07-08 03:14:33,927] [builder.py:1583]           [WARNING]  | Convert Error: No TVDb ID Found for TMDb ID: 196614                                                |
[2022-07-08 03:14:34,136] [builder.py:1583]           [WARNING]  | Convert Error: No TVDb ID Found for TMDb ID: 204712                                                |
[2022-07-08 03:14:34,361] [builder.py:1583]           [WARNING]  | Convert Error: No TVDb ID Found for TMDb ID: 204115                                                |
[2022-07-08 03:14:34,620] [builder.py:1583]           [WARNING]  | Convert Error: No TVDb ID Found for TMDb ID: 204647                                                |
[2022-07-08 03:14:34,919] [builder.py:1583]           [WARNING]  | Convert Error: No TVDb ID Found for TMDb ID: 204625                                                |
[2022-07-08 03:14:35,127] [builder.py:1583]           [WARNING]  | Convert Error: No TVDb ID Found for TMDb ID: 203830                                                |
[2022-07-08 03:14:35,303] [builder.py:1583]           [WARNING]  | Convert Error: No TVDb ID Found for TMDb ID: 204177                                                |
[2022-07-08 03:14:35,494] [builder.py:1583]           [WARNING]  | Convert Error: No TVDb ID Found for TMDb ID: 197201                                                |
[2022-07-08 03:14:35,506] [builder.py:2218]           [INFO]     |                                                                                                    |
[2022-07-08 03:14:35,507] [builder.py:2219]           [INFO]     |========================== Missing Shows from Library: TMDb Airing Today ===========================|
[2022-07-08 03:14:35,507] [builder.py:2220]           [INFO]     |                                                                                                    |
[2022-07-08 03:14:35,647] [builder.py:2232]           [INFO]     | TMDb Airing Today Collection | ? | The Boys (TVDb: 355567)                                         |
[2022-07-08 03:14:35,836] [builder.py:2232]           [INFO]     | TMDb Airing Today Collection | ? | 2 Good 2 Be True (TVDb: 419154)                                 |
[2022-07-08 03:14:36,014] [builder.py:2232]           [INFO]     | TMDb Airing Today Collection | ? | Cara e Coragem (TVDb: 418791)                                   |
[2022-07-08 03:14:36,214] [builder.py:2232]           [INFO]     | TMDb Airing Today Collection | ? | Pantanal (TVDb: 413833)                                         |
[2022-07-08 03:14:36,469] [builder.py:2232]           [INFO]     | TMDb Airing Today Collection | ? | Hello, My Shining Love (TVDb: 421307)                           |
[2022-07-08 03:14:36,647] [builder.py:2232]           [INFO]     | TMDb Airing Today Collection | ? | A Trick of Fate (TVDb: 413832)                                  |
[2022-07-08 03:14:36,827] [builder.py:2232]           [INFO]     | TMDb Airing Today Collection | ? | For You (TVDb: 416687)                                          |
[2022-07-08 03:14:37,136] [builder.py:2232]           [INFO]     | TMDb Airing Today Collection | ? | I want to live (TVDb: 413793)                                   |
[2022-07-08 03:14:37,460] [builder.py:2232]           [INFO]     | TMDb Airing Today Collection | ? | Star Trek: Strange New Worlds (TVDb: 382389)                    |
[2022-07-08 03:14:37,652] [builder.py:2232]           [INFO]     | TMDb Airing Today Collection | ? | My Little Pony: Make Your Mark (TVDb: 416741)                   |
[2022-07-08 03:14:37,803] [builder.py:2232]           [INFO]     | TMDb Airing Today Collection | ? | Emmerdale (TVDb: 77715)                                         |
[2022-07-08 03:14:37,944] [builder.py:2232]           [INFO]     | TMDb Airing Today Collection | ? | Hollyoaks (TVDb: 78006)                                         |
[2022-07-08 03:14:38,119] [builder.py:2232]           [INFO]     | TMDb Airing Today Collection | ? | PBS NewsHour (TVDb: 81388)                                      |
[2022-07-08 03:14:38,314] [builder.py:2232]           [INFO]     | TMDb Airing Today Collection | ? | Lua de Mel (TVDb: 420520)                                       |
[2022-07-08 03:14:38,581] [builder.py:2232]           [INFO]     | TMDb Airing Today Collection | ? | Love Island (TVDb: 296669)                                      |
[2022-07-08 03:14:38,586] [builder.py:2232]           [INFO]     | TMDb Airing Today Collection | ? | At Wspolna (TVDb: 341892)                                       |
[2022-07-08 03:14:38,781] [builder.py:2232]           [INFO]     | TMDb Airing Today Collection | ? | Bravo, My Life (2022) (TVDb: 418343)                            |
[2022-07-08 03:14:38,960] [builder.py:2232]           [INFO]     | TMDb Airing Today Collection | ? | The Bold and the Beautiful (TVDb: 79838)                        |
[2022-07-08 03:14:39,136] [builder.py:2232]           [INFO]     | TMDb Airing Today Collection | ? | Shortland Street (TVDb: 73983)                                  |
[2022-07-08 03:14:39,369] [builder.py:2232]           [INFO]     | TMDb Airing Today Collection | ? | Markus Lanz (TVDb: 301189)                                      |
[2022-07-08 03:14:39,536] [builder.py:2232]           [INFO]     | TMDb Airing Today Collection | ? | EVE (2022) (TVDb: 416548)                                       |
[2022-07-08 03:14:39,736] [builder.py:2232]           [INFO]     | TMDb Airing Today Collection | ? | LIVE with Kelly and Ryan (TVDb: 72146)                          |
[2022-07-08 03:14:39,985] [builder.py:2232]           [INFO]     | TMDb Airing Today Collection | ? | Survivor (ES) (TVDb: 298271)                                    |
[2022-07-08 03:14:40,169] [builder.py:2232]           [INFO]     | TMDb Airing Today Collection | ? | The Old Man (TVDb: 367392)                                      |
[2022-07-08 03:14:40,360] [builder.py:2232]           [INFO]     | TMDb Airing Today Collection | ? | Poliana Moça (TVDb: 414538)                                     |
[2022-07-08 03:14:40,603] [builder.py:2232]           [INFO]     | TMDb Airing Today Collection | ? | General Hospital (TVDb: 75332)                                  |
[2022-07-08 03:14:40,781] [builder.py:2232]           [INFO]     | TMDb Airing Today Collection | ? | The Story of Xing Fu (TVDb: 421553)                             |
[2022-07-08 03:14:40,947] [builder.py:2232]           [INFO]     | TMDb Airing Today Collection | ? | A Miracle (TVDb: 369055)                                        |
[2022-07-08 03:14:41,085] [builder.py:2232]           [INFO]     | TMDb Airing Today Collection | ? | Days of Our Lives (TVDb: 70366)                                 |
[2022-07-08 03:14:41,510] [builder.py:2232]           [INFO]     | TMDb Airing Today Collection | ? | The Orville (TVDb: 328487)                                      |
[2022-07-08 03:14:41,760] [builder.py:2232]           [INFO]     | TMDb Airing Today Collection | ? | MasterChef Australia (TVDb: 92091)                              |
[2022-07-08 03:14:41,927] [builder.py:2232]           [INFO]     | TMDb Airing Today Collection | ? | Extraordinary Attorney Woo (TVDb: 419950)                       |
[2022-07-08 03:14:42,114] [builder.py:2232]           [INFO]     | TMDb Airing Today Collection | ? | The Secret House (TVDb: 418428)                                 |
[2022-07-08 03:14:42,314] [builder.py:2232]           [INFO]     | TMDb Airing Today Collection | ? | Good evening, good evening! (TVDb: 361292)                      |
[2022-07-08 03:14:42,503] [builder.py:2232]           [INFO]     | TMDb Airing Today Collection | ? | Todas as Garotas em Mim (TVDb: 407514)                          |
[2022-07-08 03:14:42,703] [builder.py:2232]           [INFO]     | TMDb Airing Today Collection | ? | Home and Away (TVDb: 71890)                                     |
[2022-07-08 03:14:42,914] [builder.py:2232]           [INFO]     | TMDb Airing Today Collection | ? | Jeopardy! (TVDb: 77075)                                         |
[2022-07-08 03:14:43,103] [builder.py:2232]           [INFO]     | TMDb Airing Today Collection | ? | The Shelter (TVDb: 419997)                                      |
[2022-07-08 03:14:43,347] [builder.py:2232]           [INFO]     | TMDb Airing Today Collection | ? | Frontline Fightback (TVDb: 399721)                              |
[2022-07-08 03:14:43,536] [builder.py:2232]           [INFO]     | TMDb Airing Today Collection | ? | EastEnders (TVDb: 71753)                                        |
[2022-07-08 03:14:43,736] [builder.py:2232]           [INFO]     | TMDb Airing Today Collection | ? | Sesame Street (TVDb: 78419)                                     |
[2022-07-08 03:14:43,960] [builder.py:2232]           [INFO]     | TMDb Airing Today Collection | ? | Malory Towers (TVDb: 378833)                                    |
[2022-07-08 03:14:44,214] [builder.py:2232]           [INFO]     | TMDb Airing Today Collection | ? | Good Trouble (TVDb: 351504)                                     |
[2022-07-08 03:14:44,392] [builder.py:2232]           [INFO]     | TMDb Airing Today Collection | ? | Big White Duel (TVDb: 364743)                                   |
[2022-07-08 03:14:44,570] [builder.py:2232]           [INFO]     | TMDb Airing Today Collection | ? | Dahoam is Dahoam (TVDb: 132921)                                 |
[2022-07-08 03:14:44,758] [builder.py:2232]           [INFO]     | TMDb Airing Today Collection | ? | Backdoor Brazil (TVDb: 275360)                                  |
[2022-07-08 03:14:44,958] [builder.py:2232]           [INFO]     | TMDb Airing Today Collection | ? | Odd Squad (TVDb: 288449)                                        |
[2022-07-08 03:14:45,181] [builder.py:2232]           [INFO]     | TMDb Airing Today Collection | ? | Alone (TVDb: 295936)                                            |
[2022-07-08 03:14:45,392] [builder.py:2232]           [INFO]     | TMDb Airing Today Collection | ? | La Resistencia (TVDb: 341430)                                   |
[2022-07-08 03:14:46,326] [builder.py:2232]           [INFO]     | TMDb Airing Today Collection | ? | Question Time (TVDb: 248469)                                    |
[2022-07-08 03:14:46,881] [builder.py:2232]           [INFO]     | TMDb Airing Today Collection | ? | Impractical Jokers (TVDb: 254243)                               |
[2022-07-08 03:14:47,069] [builder.py:2232]           [INFO]     | TMDb Airing Today Collection | ? | Jinxed At First (TVDb: 408785)                                  |
[2022-07-08 03:14:47,243] [builder.py:2232]           [INFO]     | TMDb Airing Today Collection | ? | Insider (KR) (TVDb: 398089)                                     |
[2022-07-08 03:14:47,436] [builder.py:2232]           [INFO]     | TMDb Airing Today Collection | ? | MSNBC Prime (TVDb: 419322)                                      |
[2022-07-08 03:14:47,614] [builder.py:2232]           [INFO]     | TMDb Airing Today Collection | ? | Moonhaven (TVDb: 402621)                                        |
[2022-07-08 03:14:47,785] [builder.py:2232]           [INFO]     | TMDb Airing Today Collection | ? | Neighbours (TVDb: 76719)                                        |
[2022-07-08 03:14:47,970] [builder.py:2232]           [INFO]     | TMDb Airing Today Collection | ? | The Lazarus Project (TVDb: 400440)                              |
[2022-07-08 03:14:48,160] [builder.py:2232]           [INFO]     | TMDb Airing Today Collection | ? | Small & Mighty (TVDb: 420934)                                   |
[2022-07-08 03:14:48,336] [builder.py:2232]           [INFO]     | TMDb Airing Today Collection | ? | Rio Shore (TVDb: 403619)                                        |
[2022-07-08 03:14:48,514] [builder.py:2232]           [INFO]     | TMDb Airing Today Collection | ? | Under Pressure (2017) (TVDb: 329832)                            |
[2022-07-08 03:14:48,703] [builder.py:2232]           [INFO]     | TMDb Airing Today Collection | ? | Childhood In A Capsule (TVDb: 421753)                           |
[2022-07-08 03:14:48,936] [builder.py:2232]           [INFO]     | TMDb Airing Today Collection | ? | Dr. Tang (TVDb: 421735)                                         |
[2022-07-08 03:14:49,114] [builder.py:2232]           [INFO]     | TMDb Airing Today Collection | ? | Koffee With Karan (TVDb: 245981)                                |
[2022-07-08 03:14:49,119] [builder.py:2232]           [INFO]     | TMDb Airing Today Collection | ? | The Undeclared War (TVDb: 401831)                               |
[2022-07-08 03:14:49,336] [builder.py:2232]           [INFO]     | TMDb Airing Today Collection | ? | The Midwich Cuckoos (TVDb: 402728)                              |
[2022-07-08 03:14:49,525] [builder.py:2232]           [INFO]     | TMDb Airing Today Collection | ? | In aller Freundschaft – Die jungen Ärzte (TVDb: 291180)         |
[2022-07-08 03:14:49,703] [builder.py:2232]           [INFO]     | TMDb Airing Today Collection | ? | Astrophile (TVDb: 413060)                                       |
[2022-07-08 03:14:49,903] [builder.py:2232]           [INFO]     | TMDb Airing Today Collection | ? | This Old House (TVDb: 77444)                                    |
[2022-07-08 03:14:50,076] [builder.py:2232]           [INFO]     | TMDb Airing Today Collection | ? | Chrisley Knows Best (TVDb: 279228)                              |
[2022-07-08 03:14:50,081] [builder.py:2232]           [INFO]     | TMDb Airing Today Collection | ? | Players (2022) (TVDb: 410672)                                   |
[2022-07-08 03:14:50,269] [builder.py:2232]           [INFO]     | TMDb Airing Today Collection | ? | No Limite (TVDb: 327709)                                        |
[2022-07-08 03:14:50,451] [builder.py:2232]           [INFO]     | TMDb Airing Today Collection | ? | House Hunters International (TVDb: 183411)                      |
[2022-07-08 03:14:51,022] [builder.py:2227]           [ERROR]    | TVDb Error: Name not found from TVDb ID: 263030                                                    |
[2022-07-08 03:14:51,214] [builder.py:2232]           [INFO]     | TMDb Airing Today Collection | ? | Ask This Old House (TVDb: 74326)                                |
[2022-07-08 03:14:51,426] [builder.py:2232]           [INFO]     | TMDb Airing Today Collection | ? | Throne of Seal (TVDb: 419586)                                   |
[2022-07-08 03:14:51,659] [builder.py:2232]           [INFO]     | TMDb Airing Today Collection | ? | Late Night Ghost Talk (TVDb: 394780)                            |
[2022-07-08 03:14:51,818] [builder.py:2232]           [INFO]     | TMDb Airing Today Collection | ? | Tomorrow is Ours (TVDb: 328775)                                 |
[2022-07-08 03:14:52,051] [builder.py:2232]           [INFO]     | TMDb Airing Today Collection | ? | The Ready Room (TVDb: 358781)                                   |
[2022-07-08 03:14:52,214] [builder.py:2232]           [INFO]     | TMDb Airing Today Collection | ? | Chronicles of the Sun (TVDb: 349889)                            |
[2022-07-08 03:14:52,451] [builder.py:2232]           [INFO]     | TMDb Airing Today Collection | ? | Here it all begins (TVDb: 383988)                               |
[2022-07-08 03:14:52,736] [builder.py:2232]           [INFO]     | TMDb Airing Today Collection | ? | Flower of Evil (TVDb: 416428)                                   |
[2022-07-08 03:14:52,914] [builder.py:2232]           [INFO]     | TMDb Airing Today Collection | ? | Restaurant: Impossible (TVDb: 224361)                           |
[2022-07-08 03:14:53,126] [builder.py:2232]           [INFO]     | TMDb Airing Today Collection | ? | WWE NXT UK (TVDb: 354295)                                       |
[2022-07-08 03:14:53,318] [builder.py:2232]           [INFO]     | TMDb Airing Today Collection | ? | The Real Housewives Ultimate Girls Trip (TVDb: 409671)          |
[2022-07-08 03:14:53,318] [builder.py:2237]           [INFO]     |                                                                                                    |
[2022-07-08 03:14:53,319] [builder.py:2238]           [INFO]     | 83 Shows Missing                                                                                   |
[2022-07-08 03:14:53,319] [plex_meta_manager.py:593]  [INFO]     |                                                                                                    |
[2022-07-08 03:14:53,319] [plex_meta_manager.py:594]  [INFO]     | Collection Minimum: 3 not met for TMDb Airing Today Collection                                     |
[2022-07-08 03:14:53,320] [plex_meta_manager.py:674]  [INFO]     |                                                                                                    |
[2022-07-08 03:14:53,320] [plex_meta_manager.py:675]  [INFO]     |====================================================================================================|
[2022-07-08 03:14:53,320] [plex_meta_manager.py:675]  [INFO]     |                               Finished TMDb Airing Today Collection                                |
[2022-07-08 03:14:53,321] [plex_meta_manager.py:675]  [INFO]     |                                    Collection Run Time: 0:00:22                                    |
[2022-07-08 03:14:53,321] [plex_meta_manager.py:675]  [INFO]     |====================================================================================================|
