[2022-07-08 01:19:50,647] [builder.py:185]            [INFO]     |====================================================================================================|
[2022-07-08 01:19:50,648] [builder.py:185]            [INFO]     |                                     流行电影 Collection in Movies                                      |
[2022-07-08 01:19:50,648] [builder.py:185]            [INFO]     |====================================================================================================|
[2022-07-08 01:19:50,649] [builder.py:186]            [INFO]     |                                                                                                    |
[2022-07-08 01:19:50,649] [builder.py:191]            [INFO]     |==================================== Validating 流行电影 Attributes ====================================|
[2022-07-08 01:19:50,650] [builder.py:212]            [DEBUG]    |                                                                                                    |
[2022-07-08 01:19:50,650] [builder.py:213]            [DEBUG]    | Validating Method: template                                                                        |
[2022-07-08 01:19:50,650] [meta.py:103]               [DEBUG]    | Value: ordereddict([('name', 'Chart'), ('num', 2)])                                                |
[2022-07-08 01:19:50,652] [builder.py:437]            [DEBUG]    |                                                                                                    |
[2022-07-08 01:19:50,652] [builder.py:438]            [DEBUG]    | Validating Method: sync_mode                                                                       |
[2022-07-08 01:19:50,652] [builder.py:442]            [DEBUG]    | Value: sync                                                                                        |
[2022-07-08 01:19:50,653] [builder.py:509]            [DEBUG]    |                                                                                                    |
[2022-07-08 01:19:50,653] [builder.py:510]            [DEBUG]    | Validating Method: smart_label                                                                     |
[2022-07-08 01:19:50,653] [builder.py:515]            [DEBUG]    | Value: critic_rating.desc                                                                          |
[2022-07-08 01:19:50,677] [builder.py:600]            [DEBUG]    |                                                                                                    |
[2022-07-08 01:19:50,678] [builder.py:604]            [DEBUG]    | Validating Method: trakt_trending                                                                  |
[2022-07-08 01:19:50,678] [builder.py:605]            [DEBUG]    | Value: 50                                                                                          |
[2022-07-08 01:19:50,679] [builder.py:1399]           [WARNING]  | Collection Warning: trakt_trending will run as trakt_chart                                         |
[2022-07-08 01:19:50,679] [builder.py:600]            [DEBUG]    |                                                                                                    |
[2022-07-08 01:19:50,679] [builder.py:604]            [DEBUG]    | Validating Method: tmdb_trending_daily                                                             |
[2022-07-08 01:19:50,680] [builder.py:605]            [DEBUG]    | Value: 50                                                                                          |
[2022-07-08 01:19:50,680] [builder.py:600]            [DEBUG]    |                                                                                                    |
[2022-07-08 01:19:50,680] [builder.py:604]            [DEBUG]    | Validating Method: tmdb_trending_weekly                                                            |
[2022-07-08 01:19:50,681] [builder.py:605]            [DEBUG]    | Value: 50                                                                                          |
[2022-07-08 01:19:50,681] [builder.py:600]            [DEBUG]    |                                                                                                    |
[2022-07-08 01:19:50,681] [builder.py:604]            [DEBUG]    | Validating Method: sort_title                                                                      |
[2022-07-08 01:19:50,681] [builder.py:605]            [DEBUG]    | Value: +1_2流行电影                                                                                    |
[2022-07-08 01:19:50,927] [builder.py:764]            [INFO]     |                                                                                                    |
[2022-07-08 01:19:50,928] [builder.py:765]            [INFO]     | Validation Successful                                                                              |
[2022-07-08 01:19:50,928] [plex_meta_manager.py:539]  [INFO]     |                                                                                                    |
[2022-07-08 01:19:50,929] [plex_meta_manager.py:541]  [INFO]     |===================================== Running 流行电影 Collection ======================================|
[2022-07-08 01:19:50,929] [plex_meta_manager.py:547]  [INFO]     |                                                                                                    |
[2022-07-08 01:19:50,930] [plex_meta_manager.py:548]  [INFO]     | Smart Movie Label                                                                                  |
                                                                 | Sort By: critic_rating.desc
                                                                 | Filter:
                                                                 |   Match all of the following:
                                                                 |     Label is 流行电影
[2022-07-08 01:19:50,931] [plex_meta_manager.py:553]  [INFO]     | 
[2022-07-08 01:19:50,931] [plex_meta_manager.py:554]  [INFO]     | Sync Mode: sync
[2022-07-08 01:19:50,932] [plex_meta_manager.py:557]  [DEBUG]    | 
[2022-07-08 01:19:50,932] [plex_meta_manager.py:558]  [DEBUG]    | Builder: trakt_chart: {'chart': 'trending', 'limit': 50, 'time_period': None}
[2022-07-08 01:19:50,932] [plex_meta_manager.py:559]  [INFO]     | 
[2022-07-08 01:19:50,933] [trakt.py:490]              [INFO]     | Processing Trakt Chart: 50 Trending Movies
[2022-07-08 01:19:51,916] [builder.py:1507]           [DEBUG]    | 
[2022-07-08 01:19:51,917] [builder.py:1508]           [DEBUG]    | 50 IDs Found: [(507086, 'tmdb'), (616037, 'tmdb'), (453395, 'tmdb'), (667739, 'tmdb'), (414906, 'tmdb'), (335787, 'tmdb'), (675353, 'tmdb'), (438148, 'tmdb'), (974187, 'tmdb'), (338953, 'tmdb'), (663260, 'tmdb'), (614934, 'tmdb'), (672, 'tmdb'), (568124, 'tmdb'), (545611, 'tmdb'), (988046, 'tmdb'), (284053, 'tmdb'), (508947, 'tmdb'), (752623, 'tmdb'), (361743, 'tmdb'), (763285, 'tmdb'), (780609, 'tmdb'), (884315, 'tmdb'), (299536, 'tmdb'), (99861, 'tmdb'), (675, 'tmdb'), (93456, 'tmdb'), (634649, 'tmdb'), (324852, 'tmdb'), (639933, 'tmdb'), (759175, 'tmdb'), (960258, 'tmdb'), (617031, 'tmdb'), (120, 'tmdb'), (109445, 'tmdb'), (259316, 'tmdb'), (121, 'tmdb'), (671, 'tmdb'), (20352, 'tmdb'), (329, 'tmdb'), (920, 'tmdb'), (211672, 'tmdb'), (137106, 'tmdb'), (58, 'tmdb'), (451048, 'tmdb'), (505026, 'tmdb'), (526896, 'tmdb'), (529203, 'tmdb'), (438695, 'tmdb'), (648579, 'tmdb')]
[2022-07-08 01:19:51,917] [builder.py:1509]           [DEBUG]    | 
[2022-07-08 01:19:51,919] [plex_meta_manager.py:557]  [DEBUG]    | 
[2022-07-08 01:19:51,919] [plex_meta_manager.py:558]  [DEBUG]    | Builder: tmdb_trending_daily: 50
[2022-07-08 01:19:51,920] [plex_meta_manager.py:559]  [INFO]     | 
[2022-07-08 01:19:52,966] [tmdb.py:344]               [INFO]     | Processing TMDb Trending Daily: 50 Movies
[2022-07-08 01:19:52,966] [builder.py:1507]           [DEBUG]    | 
[2022-07-08 01:19:52,966] [builder.py:1508]           [DEBUG]    | 50 IDs Found: [(507086, 'tmdb'), (616037, 'tmdb'), (453395, 'tmdb'), (745376, 'tmdb'), (438148, 'tmdb'), (759175, 'tmdb'), (361743, 'tmdb'), (545611, 'tmdb'), (988046, 'tmdb'), (634649, 'tmdb'), (338953, 'tmdb'), (414906, 'tmdb'), (894169, 'tmdb'), (916719, 'tmdb'), (718789, 'tmdb'), (614934, 'tmdb'), (667739, 'tmdb'), (888195, 'tmdb'), (526896, 'tmdb'), (884315, 'tmdb'), (639933, 'tmdb'), (752623, 'tmdb'), (756999, 'tmdb'), (793961, 'tmdb'), (299536, 'tmdb'), (675353, 'tmdb'), (648579, 'tmdb'), (299534, 'tmdb'), (736732, 'tmdb'), (818397, 'tmdb'), (284053, 'tmdb'), (629542, 'tmdb'), (671, 'tmdb'), (780609, 'tmdb'), (660267, 'tmdb'), (893338, 'tmdb'), (137113, 'tmdb'), (335787, 'tmdb'), (839678, 'tmdb'), (988165, 'tmdb'), (664469, 'tmdb'), (722800, 'tmdb'), (935516, 'tmdb'), (624860, 'tmdb'), (763285, 'tmdb'), (820446, 'tmdb'), (10195, 'tmdb'), (135397, 'tmdb'), (759054, 'tmdb'), (960705, 'tmdb')]
[2022-07-08 01:19:52,967] [builder.py:1509]           [DEBUG]    | 
[2022-07-08 01:19:52,968] [plex_meta_manager.py:557]  [DEBUG]    | 
[2022-07-08 01:19:52,968] [plex_meta_manager.py:558]  [DEBUG]    | Builder: tmdb_trending_weekly: 50
[2022-07-08 01:19:52,969] [plex_meta_manager.py:559]  [INFO]     | 
[2022-07-08 01:19:53,778] [tmdb.py:344]               [INFO]     | Processing TMDb Trending Weekly: 50 Movies
[2022-07-08 01:19:53,779] [builder.py:1507]           [DEBUG]    | 
[2022-07-08 01:19:53,779] [builder.py:1508]           [DEBUG]    | 50 IDs Found: [(453395, 'tmdb'), (507086, 'tmdb'), (616037, 'tmdb'), (759175, 'tmdb'), (438148, 'tmdb'), (361743, 'tmdb'), (667739, 'tmdb'), (338953, 'tmdb'), (545611, 'tmdb'), (634649, 'tmdb'), (615469, 'tmdb'), (718789, 'tmdb'), (526896, 'tmdb'), (414906, 'tmdb'), (648579, 'tmdb'), (675353, 'tmdb'), (614934, 'tmdb'), (759054, 'tmdb'), (819876, 'tmdb'), (639933, 'tmdb'), (756999, 'tmdb'), (916719, 'tmdb'), (780609, 'tmdb'), (629542, 'tmdb'), (888195, 'tmdb'), (705861, 'tmdb'), (335787, 'tmdb'), (884315, 'tmdb'), (793961, 'tmdb'), (752623, 'tmdb'), (820446, 'tmdb'), (744, 'tmdb'), (807356, 'tmdb'), (745376, 'tmdb'), (818397, 'tmdb'), (763285, 'tmdb'), (667642, 'tmdb'), (284052, 'tmdb'), (746419, 'tmdb'), (671, 'tmdb'), (299536, 'tmdb'), (299534, 'tmdb'), (968438, 'tmdb'), (828947, 'tmdb'), (814340, 'tmdb'), (406759, 'tmdb'), (831946, 'tmdb'), (843847, 'tmdb'), (438631, 'tmdb'), (758330, 'tmdb')]
[2022-07-08 01:19:53,779] [builder.py:1509]           [DEBUG]    | 
[2022-07-08 01:19:53,781] [builder.py:2009]           [INFO]     | 
[2022-07-08 01:19:53,781] [builder.py:2010]           [INFO]     |==================================== Adding to 流行电影 Collection =====================================|
[2022-07-08 01:19:53,781] [builder.py:2011]           [INFO]     |                                                                                                    |
[2022-07-08 01:19:53,884] [builder.py:2025]           [INFO]     | 1/3 | 流行电影 Collection | + | The Lord of the Rings: The Fellowship of the Ring (2001)               |
[2022-07-08 01:19:55,467] [builder.py:2025]           [INFO]     | 2/3 | 流行电影 Collection | + | The Lord of the Rings: The Two Towers (2002)                           |
[2022-07-08 01:19:56,322] [builder.py:2025]           [INFO]     | 3/3 | 流行电影 Collection | + | Sing 2 (2021)                                                          |
[2022-07-08 01:19:57,320] [builder.py:2045]           [INFO]     |                                                                                                    |
[2022-07-08 01:19:57,320] [builder.py:2046]           [INFO]     | 3 Movies Processed                                                                                 |
[2022-07-08 01:19:57,321] [builder.py:2054]           [INFO]     |                                                                                                    |
[2022-07-08 01:19:57,321] [builder.py:2055]           [INFO]     |=================================== Removed from 流行电影 Collection ===================================|
[2022-07-08 01:19:57,322] [builder.py:2056]           [INFO]     |                                                                                                    |
[2022-07-08 01:19:57,323] [builder.py:2061]           [INFO]     | 1/3 | 流行电影 Collection | - | The Godfather (1972)                                                   |
[2022-07-08 01:19:58,276] [builder.py:2061]           [INFO]     | 2/3 | 流行电影 Collection | - | Star Wars (1977)                                                       |
[2022-07-08 01:20:00,020] [builder.py:2061]           [INFO]     | 3/3 | 流行电影 Collection | - | Star Wars: Episode VI - Return of the Jedi (1983)                      |
[2022-07-08 01:20:01,103] [builder.py:2073]           [INFO]     |                                                                                                    |
[2022-07-08 01:20:01,104] [builder.py:2074]           [INFO]     | 3 Movie Removed                                                                                    |
[2022-07-08 01:20:01,105] [builder.py:2172]           [INFO]     |                                                                                                    |
[2022-07-08 01:20:01,105] [builder.py:2173]           [INFO]     |=============================== Missing Movies from Library: Movies ================================|
[2022-07-08 01:20:01,106] [builder.py:2174]           [INFO]     |                                                                                                    |
[2022-07-08 01:20:01,309] [builder.py:2187]           [INFO]     | 流行电影 Collection | ? | Jurassic World Dominion (2022) (TMDb: 507086)                                |
[2022-07-08 01:20:01,568] [builder.py:2187]           [INFO]     | 流行电影 Collection | ? | Thor: Love and Thunder (2022) (TMDb: 616037)                                 |
[2022-07-08 01:20:01,787] [builder.py:2187]           [INFO]     | 流行电影 Collection | ? | Doctor Strange in the Multiverse of Madness (2022) (TMDb: 453395)            |
[2022-07-08 01:20:01,968] [builder.py:2187]           [INFO]     | 流行电影 Collection | ? | The Man From Toronto (2022) (TMDb: 667739)                                   |
[2022-07-08 01:20:02,153] [builder.py:2187]           [INFO]     | 流行电影 Collection | ? | The Batman (2022) (TMDb: 414906)                                             |
[2022-07-08 01:20:03,502] [builder.py:2187]           [INFO]     | 流行电影 Collection | ? | Uncharted (2022) (TMDb: 335787)                                              |
[2022-07-08 01:20:03,753] [builder.py:2187]           [INFO]     | 流行电影 Collection | ? | Sonic the Hedgehog 2 (2022) (TMDb: 675353)                                   |
[2022-07-08 01:20:04,320] [builder.py:2187]           [INFO]     | 流行电影 Collection | ? | Minions: The Rise of Gru (2022) (TMDb: 438148)                               |
[2022-07-08 01:20:05,209] [builder.py:2187]           [INFO]     | 流行电影 Collection | ? | The Summoned (2022) (TMDb: 974187)                                           |
[2022-07-08 01:20:05,453] [builder.py:2187]           [INFO]     | 流行电影 Collection | ? | Fantastic Beasts: The Secrets of Dumbledore (2022) (TMDb: 338953)            |
[2022-07-08 01:20:06,654] [builder.py:2187]           [INFO]     | 流行电影 Collection | ? | Black Box (2021) (TMDb: 663260)                                              |
[2022-07-08 01:20:06,820] [builder.py:2187]           [INFO]     | 流行电影 Collection | ? | Elvis (2022) (TMDb: 614934)                                                  |
[2022-07-08 01:20:07,067] [builder.py:2187]           [INFO]     | 流行电影 Collection | ? | Harry Potter and the Chamber of Secrets (2002) (TMDb: 672)                   |
[2022-07-08 01:20:08,277] [builder.py:2187]           [INFO]     | 流行电影 Collection | ? | Encanto (2021) (TMDb: 568124)                                                |
[2022-07-08 01:20:08,475] [builder.py:2187]           [INFO]     | 流行电影 Collection | ? | Everything Everywhere All at Once (2022) (TMDb: 545611)                      |
[2022-07-08 01:20:09,521] [builder.py:2187]           [INFO]     | 流行电影 Collection | ? | Girl in the Picture (2022) (TMDb: 988046)                                    |
[2022-07-08 01:20:09,787] [builder.py:2187]           [INFO]     | 流行电影 Collection | ? | Thor: Ragnarok (2017) (TMDb: 284053)                                         |
[2022-07-08 01:20:10,009] [builder.py:2187]           [INFO]     | 流行电影 Collection | ? | Turning Red (2022) (TMDb: 508947)                                            |
[2022-07-08 01:20:11,410] [builder.py:2187]           [INFO]     | 流行电影 Collection | ? | The Lost City (2022) (TMDb: 752623)                                          |
[2022-07-08 01:20:11,587] [builder.py:2187]           [INFO]     | 流行电影 Collection | ? | Top Gun: Maverick (2022) (TMDb: 361743)                                      |
[2022-07-08 01:20:11,764] [builder.py:2187]           [INFO]     | 流行电影 Collection | ? | Ambulance (2022) (TMDb: 763285)                                              |
[2022-07-08 01:20:11,953] [builder.py:2187]           [INFO]     | 流行电影 Collection | ? | Men (2022) (TMDb: 780609)                                                    |
[2022-07-08 01:20:12,142] [builder.py:2187]           [INFO]     | 流行电影 Collection | ? | Terror on the Prairie (2022) (TMDb: 884315)                                  |
[2022-07-08 01:20:12,387] [builder.py:2187]           [INFO]     | 流行电影 Collection | ? | Avengers: Infinity War (2018) (TMDb: 299536)                                 |
[2022-07-08 01:20:12,600] [builder.py:2187]           [INFO]     | 流行电影 Collection | ? | Avengers: Age of Ultron (2015) (TMDb: 99861)                                 |
[2022-07-08 01:20:12,787] [builder.py:2187]           [INFO]     | 流行电影 Collection | ? | Harry Potter and the Order of the Phoenix (2007) (TMDb: 675)                 |
[2022-07-08 01:20:12,976] [builder.py:2187]           [INFO]     | 流行电影 Collection | ? | Despicable Me 2 (2013) (TMDb: 93456)                                         |
[2022-07-08 01:20:13,164] [builder.py:2187]           [INFO]     | 流行电影 Collection | ? | Spider-Man: No Way Home (2021) (TMDb: 634649)                                |
[2022-07-08 01:20:13,365] [builder.py:2187]           [INFO]     | 流行电影 Collection | ? | Despicable Me 3 (2017) (TMDb: 324852)                                        |
[2022-07-08 01:20:14,702] [builder.py:2187]           [INFO]     | 流行电影 Collection | ? | The Northman (2022) (TMDb: 639933)                                           |
[2022-07-08 01:20:15,821] [builder.py:2187]           [INFO]     | 流行电影 Collection | ? | The Princess (2022) (TMDb: 759175)                                           |
[2022-07-08 01:20:16,053] [builder.py:2187]           [INFO]     | 流行电影 Collection | ? | Shark Bait (2022) (TMDb: 960258)                                             |
[2022-07-08 01:20:17,050] [builder.py:2187]           [INFO]     | 流行电影 Collection | ? | In Search of Tomorrow (2022) (TMDb: 617031)                                  |
[2022-07-08 01:20:17,258] [builder.py:2187]           [INFO]     | 流行电影 Collection | ? | Frozen (2013) (TMDb: 109445)                                                 |
[2022-07-08 01:20:17,491] [builder.py:2187]           [INFO]     | 流行电影 Collection | ? | Fantastic Beasts and Where to Find Them (2016) (TMDb: 259316)                |
[2022-07-08 01:20:17,991] [builder.py:2187]           [INFO]     | 流行电影 Collection | ? | Harry Potter and the Philosopher's Stone (2001) (TMDb: 671)                  |
[2022-07-08 01:20:18,175] [builder.py:2187]           [INFO]     | 流行电影 Collection | ? | Despicable Me (2010) (TMDb: 20352)                                           |
[2022-07-08 01:20:18,353] [builder.py:2187]           [INFO]     | 流行电影 Collection | ? | Jurassic Park (1993) (TMDb: 329)                                             |
[2022-07-08 01:20:18,542] [builder.py:2187]           [INFO]     | 流行电影 Collection | ? | Cars (2006) (TMDb: 920)                                                      |
[2022-07-08 01:20:18,753] [builder.py:2187]           [INFO]     | 流行电影 Collection | ? | Minions (2015) (TMDb: 211672)                                                |
[2022-07-08 01:20:19,242] [builder.py:2187]           [INFO]     | 流行电影 Collection | ? | The Lego Movie (2014) (TMDb: 137106)                                         |
[2022-07-08 01:20:19,453] [builder.py:2187]           [INFO]     | 流行电影 Collection | ? | Pirates of the Caribbean: Dead Man's Chest (2006) (TMDb: 58)                 |
[2022-07-08 01:20:19,658] [builder.py:2187]           [INFO]     | 流行电影 Collection | ? | Jungle Cruise (2021) (TMDb: 451048)                                          |
[2022-07-08 01:20:19,842] [builder.py:2187]           [INFO]     | 流行电影 Collection | ? | Death on the Nile (2022) (TMDb: 505026)                                      |
[2022-07-08 01:20:20,198] [builder.py:2187]           [INFO]     | 流行电影 Collection | ? | Morbius (2022) (TMDb: 526896)                                                |
[2022-07-08 01:20:20,687] [builder.py:2187]           [INFO]     | 流行电影 Collection | ? | The Croods: A New Age (2020) (TMDb: 529203)                                  |
[2022-07-08 01:20:20,875] [builder.py:2187]           [INFO]     | 流行电影 Collection | ? | The Unbearable Weight of Massive Talent (2022) (TMDb: 648579)                |
[2022-07-08 01:20:21,854] [builder.py:2187]           [INFO]     | 流行电影 Collection | ? | Hello, Goodbye and Everything In Between (2022) (TMDb: 745376)               |
[2022-07-08 01:20:22,883] [builder.py:2187]           [INFO]     | 流行电影 Collection | ? | Vendetta (2022) (TMDb: 894169)                                               |
[2022-07-08 01:20:23,777] [builder.py:2187]           [INFO]     | 流行电影 Collection | ? | Code Name Banshee (2022) (TMDb: 916719)                                      |
[2022-07-08 01:20:23,966] [builder.py:2187]           [INFO]     | 流行电影 Collection | ? | Lightyear (2022) (TMDb: 718789)                                              |
[2022-07-08 01:20:24,866] [builder.py:2187]           [INFO]     | 流行电影 Collection | ? | Hot Seat (2022) (TMDb: 888195)                                               |
[2022-07-08 01:20:25,057] [builder.py:2187]           [INFO]     | 流行电影 Collection | ? | The Black Phone (2022) (TMDb: 756999)                                        |
[2022-07-08 01:20:25,954] [builder.py:2187]           [INFO]     | 流行电影 Collection | ? | Rubikon (2022) (TMDb: 793961)                                                |
[2022-07-08 01:20:26,166] [builder.py:2187]           [INFO]     | 流行电影 Collection | ? | Avengers: Endgame (2019) (TMDb: 299534)                                      |
[2022-07-08 01:20:27,233] [builder.py:2187]           [INFO]     | 流行电影 Collection | ? | Broker (2022) (TMDb: 736732)                                                 |
[2022-07-08 01:20:27,238] [builder.py:2187]           [INFO]     | 流行电影 Collection | ? | Memory (2022) (TMDb: 818397)                                                 |
[2022-07-08 01:20:27,420] [builder.py:2187]           [INFO]     | 流行电影 Collection | ? | The Bad Guys (2022) (TMDb: 629542)                                           |
[2022-07-08 01:20:28,299] [builder.py:2187]           [INFO]     | 流行电影 Collection | ? | Blasted (2022) (TMDb: 660267)                                                |
[2022-07-08 01:20:29,183] [builder.py:2187]           [INFO]     | 流行电影 Collection | ? | Gatlopp: Hell of a Game (2022) (TMDb: 893338)                                |
[2022-07-08 01:20:29,442] [builder.py:2187]           [INFO]     | 流行电影 Collection | ? | Edge of Tomorrow (2014) (TMDb: 137113)                                       |
[2022-07-08 01:20:30,398] [builder.py:2187]           [INFO]     | 流行电影 Collection | ? | Unhuman (2022) (TMDb: 839678)                                                |
[2022-07-08 01:20:31,542] [builder.py:2187]           [INFO]     | 流行电影 Collection | ? | H.P. Lovecraft's Witch House (2022) (TMDb: 988165)                           |
[2022-07-08 01:20:32,476] [builder.py:2187]           [INFO]     | 流行电影 Collection | ? | Amsterdam (2022) (TMDb: 664469)                                              |
[2022-07-08 01:20:33,409] [builder.py:2187]           [INFO]     | 流行电影 Collection | ? | The Drover's Wife: The Legend of Molly Johnson (2022) (TMDb: 722800)         |
[2022-07-08 01:20:34,243] [builder.py:2187]           [INFO]     | 流行电影 Collection | ? | Nude Tuesday (2022) (TMDb: 935516)                                           |
[2022-07-08 01:20:34,409] [builder.py:2187]           [INFO]     | 流行电影 Collection | ? | The Matrix Resurrections (2021) (TMDb: 624860)                               |
[2022-07-08 01:20:34,886] [builder.py:2187]           [INFO]     | 流行电影 Collection | ? | Downton Abbey: A New Era (2022) (TMDb: 820446)                               |
[2022-07-08 01:20:35,342] [builder.py:2187]           [INFO]     | 流行电影 Collection | ? | Thor (2011) (TMDb: 10195)                                                    |
[2022-07-08 01:20:35,531] [builder.py:2187]           [INFO]     | 流行电影 Collection | ? | Jurassic World (2015) (TMDb: 135397)                                         |
[2022-07-08 01:20:35,823] [builder.py:2187]           [INFO]     | 流行电影 Collection | ? | Rise (2022) (TMDb: 759054)                                                   |
[2022-07-08 01:20:36,732] [builder.py:2187]           [INFO]     | 流行电影 Collection | ? | Take the Night (2022) (TMDb: 960705)                                         |
[2022-07-08 01:20:36,986] [builder.py:2187]           [INFO]     | 流行电影 Collection | ? | Spiderhead (2022) (TMDb: 615469)                                             |
[2022-07-08 01:20:38,187] [builder.py:2187]           [INFO]     | 流行电影 Collection | ? | Crimes of the Future (2022) (TMDb: 819876)                                   |
[2022-07-08 01:20:38,415] [builder.py:2187]           [INFO]     | 流行电影 Collection | ? | Hustle (2022) (TMDb: 705861)                                                 |
[2022-07-08 01:20:38,598] [builder.py:2187]           [INFO]     | 流行电影 Collection | ? | Top Gun (1986) (TMDb: 744)                                                   |
[2022-07-08 01:20:39,709] [builder.py:2187]           [INFO]     | 流行电影 Collection | ? | Watcher (2022) (TMDb: 807356)                                                |
[2022-07-08 01:20:40,687] [builder.py:2187]           [INFO]     | 流行电影 Collection | ? | Beauty (2022) (TMDb: 667642)                                                 |
[2022-07-08 01:20:41,189] [builder.py:2187]           [INFO]     | 流行电影 Collection | ? | Doctor Strange (2016) (TMDb: 284052)                                         |
[2022-07-08 01:20:42,282] [builder.py:2187]           [INFO]     | 流行电影 Collection | ? | Father of the Bride (2022) (TMDb: 746419)                                    |
[2022-07-08 01:20:42,498] [builder.py:2187]           [INFO]     | 流行电影 Collection | ? | Love & Gelato (2022) (TMDb: 968438)                                          |
[2022-07-08 01:20:42,787] [builder.py:2187]           [INFO]     | 流行电影 Collection | ? | Beavis and Butt-Head Do the Universe (2022) (TMDb: 828947)                   |
[2022-07-08 01:20:42,998] [builder.py:2187]           [INFO]     | 流行电影 Collection | ? | Cha Cha Real Smooth (2022) (TMDb: 814340)                                    |
[2022-07-08 01:20:43,175] [builder.py:2187]           [INFO]     | 流行电影 Collection | ? | Moonfall (2022) (TMDb: 406759)                                               |
[2022-07-08 01:20:43,431] [builder.py:2187]           [INFO]     | 流行电影 Collection | ? | Interceptor (2022) (TMDb: 831946)                                            |
[2022-07-08 01:20:43,609] [builder.py:2187]           [INFO]     | 流行电影 Collection | ? | Jerry & Marge Go Large (2022) (TMDb: 843847)                                 |
[2022-07-08 01:20:43,786] [builder.py:2187]           [INFO]     | 流行电影 Collection | ? | Dune (2021) (TMDb: 438631)                                                   |
[2022-07-08 01:20:43,986] [builder.py:2187]           [INFO]     | 流行电影 Collection | ? | Good Luck to You, Leo Grande (2022) (TMDb: 758330)                           |
[2022-07-08 01:20:43,987] [builder.py:2192]           [INFO]     |                                                                                                    |
[2022-07-08 01:20:43,987] [builder.py:2193]           [INFO]     | 88 Movies Missing                                                                                  |
[2022-07-08 01:20:44,028] [builder.py:2383]           [INFO]     |                                                                                                    |
[2022-07-08 01:20:44,028] [builder.py:2384]           [INFO]     |=============================== Updating Details of 流行电影 Collection ================================|
[2022-07-08 01:20:44,029] [builder.py:2385]           [INFO]     |                                                                                                    |
[2022-07-08 01:20:44,029] [builder.py:2446]           [INFO]     | Collection Metadata Edits                                                                          |
[2022-07-08 01:20:44,110] [plex_meta_manager.py:674]  [INFO]     |                                                                                                    |
[2022-07-08 01:20:44,111] [plex_meta_manager.py:675]  [INFO]     |====================================================================================================|
[2022-07-08 01:20:44,111] [plex_meta_manager.py:675]  [INFO]     |                                      Finished 流行电影 Collection                                      |
[2022-07-08 01:20:44,112] [plex_meta_manager.py:675]  [INFO]     |                                    Collection Run Time: 0:00:53                                    |
[2022-07-08 01:20:44,112] [plex_meta_manager.py:675]  [INFO]     |====================================================================================================|
