[2022-07-08 01:47:18,786] [builder.py:185]            [INFO]     |====================================================================================================|
[2022-07-08 01:47:18,787] [builder.py:185]            [INFO]     |                                    Sweden Collection in Movies                                     |
[2022-07-08 01:47:18,787] [builder.py:185]            [INFO]     |====================================================================================================|
[2022-07-08 01:47:18,788] [builder.py:186]            [INFO]     |                                                                                                    |
[2022-07-08 01:47:18,788] [builder.py:191]            [INFO]     |=================================== Validating Sweden Attributes ===================================|
[2022-07-08 01:47:18,789] [builder.py:212]            [DEBUG]    |                                                                                                    |
[2022-07-08 01:47:18,789] [builder.py:213]            [DEBUG]    | Validating Method: template                                                                        |
[2022-07-08 01:47:18,789] [meta.py:103]               [DEBUG]    | Value: [{'value': ['Sweden'], 'country': ['Sweden'], 'key_name': 'Sweden', 'key': 'Sweden', 'name': 'country_dynamic'}, {'value': ['Sweden'], 'country': ['Sweden'], 'key_name': 'Sweden', 'key': 'Sweden', 'name': 'shared'}] |
[2022-07-08 01:47:18,791] [builder.py:1675]           [INFO]     |                                                                                                    |
[2022-07-08 01:47:18,792] [builder.py:1676]           [INFO]     | Validating Method: smart_filter                                                                    |
[2022-07-08 01:47:18,792] [builder.py:1682]           [DEBUG]    | Value: {'sort_by': 'release.desc', 'any': {'country': ['Sweden']}}                                 |
[2022-07-08 01:47:18,833] [builder.py:600]            [DEBUG]    |                                                                                                    |
[2022-07-08 01:47:18,834] [builder.py:604]            [DEBUG]    | Validating Method: label                                                                           |
[2022-07-08 01:47:18,834] [builder.py:605]            [DEBUG]    | Value: Country Color                                                                               |
[2022-07-08 01:47:18,835] [builder.py:600]            [DEBUG]    |                                                                                                    |
[2022-07-08 01:47:18,835] [builder.py:604]            [DEBUG]    | Validating Method: url_poster                                                                      |
[2022-07-08 01:47:18,835] [builder.py:605]            [DEBUG]    | Value: https://raw.githubusercontent.com/meisnate12/Plex-Meta-Manager-Images/master/country/white/Sweden.jpg |
[2022-07-08 01:47:19,150] [builder.py:600]            [DEBUG]    |                                                                                                    |
[2022-07-08 01:47:19,151] [builder.py:604]            [DEBUG]    | Validating Method: sort_title                                                                      |
[2022-07-08 01:47:19,151] [builder.py:605]            [DEBUG]    | Value: !09_Sweden                                                                                  |
[2022-07-08 01:47:19,256] [builder.py:764]            [INFO]     |                                                                                                    |
[2022-07-08 01:47:19,257] [builder.py:765]            [INFO]     | Validation Successful                                                                              |
[2022-07-08 01:47:19,257] [plex_meta_manager.py:539]  [INFO]     |                                                                                                    |
[2022-07-08 01:47:19,257] [plex_meta_manager.py:541]  [INFO]     |==================================== Running Sweden Collection =====================================|
[2022-07-08 01:47:19,258] [plex_meta_manager.py:547]  [INFO]     |                                                                                                    |
[2022-07-08 01:47:19,258] [plex_meta_manager.py:548]  [INFO]     | Smart Movie Filter                                                                                 |
                                                                 | Sort By: release.desc
                                                                 | Filter:
                                                                 |   Match any of the following:
                                                                 |     Country is Sweden
[2022-07-08 01:47:19,362] [builder.py:2383]           [INFO]     | 
[2022-07-08 01:47:19,363] [builder.py:2384]           [INFO]     |============================== Updating Details of Sweden Collection ===============================|
[2022-07-08 01:47:19,363] [builder.py:2385]           [INFO]     |                                                                                                    |
[2022-07-08 01:47:19,386] [builder.py:2446]           [INFO]     | Collection Metadata Edits                                                                          |
[2022-07-08 01:47:19,386] [util.py:150]               [DEBUG]    | 1 poster found:                                                                                    |
[2022-07-08 01:47:19,386] [util.py:152]               [DEBUG]    | Method: url_poster Poster: https://raw.githubusercontent.com/meisnate12/Plex-Meta-Manager-Images/master/country/white/Sweden.jpg |
[2022-07-08 01:47:19,388] [library.py:155]            [INFO]     | Detail: poster update not needed                                                                   |
[2022-07-08 01:47:19,479] [plex_meta_manager.py:674]  [INFO]     |                                                                                                    |
[2022-07-08 01:47:19,480] [plex_meta_manager.py:675]  [INFO]     |====================================================================================================|
[2022-07-08 01:47:19,480] [plex_meta_manager.py:675]  [INFO]     |                                     Finished Sweden Collection                                     |
[2022-07-08 01:47:19,480] [plex_meta_manager.py:675]  [INFO]     |                                    Collection Run Time: 0:00:00                                    |
[2022-07-08 01:47:19,480] [plex_meta_manager.py:675]  [INFO]     |====================================================================================================|
