[2022-07-08 02:42:42,731] [builder.py:185]            [INFO]     |====================================================================================================|
[2022-07-08 02:42:42,732] [builder.py:185]            [INFO]     |                             TMDb Airing Today Collection in .....综艺节目                              |
[2022-07-08 02:42:42,732] [builder.py:185]            [INFO]     |====================================================================================================|
[2022-07-08 02:42:42,733] [builder.py:186]            [INFO]     |                                                                                                    |
[2022-07-08 02:42:42,733] [builder.py:191]            [INFO]     |============================= Validating TMDb Airing Today Attributes ==============================|
[2022-07-08 02:42:42,734] [builder.py:212]            [DEBUG]    |                                                                                                    |
[2022-07-08 02:42:42,734] [builder.py:213]            [DEBUG]    | Validating Method: template                                                                        |
[2022-07-08 02:42:42,735] [meta.py:103]               [DEBUG]    | Value: [ordereddict([('name', 'airing')]), ordereddict([('name', 'customsync')]), ordereddict([('name', 'chart_shared'), ('key', 'airing'), ('check_library', 'show')])] |
[2022-07-08 02:42:42,741] [builder.py:221]            [DEBUG]    |                                                                                                    |
[2022-07-08 02:42:42,741] [builder.py:222]            [DEBUG]    | Validating Method: allowed_library_types                                                           |
[2022-07-08 02:42:42,741] [builder.py:225]            [DEBUG]    | Value: ['show']                                                                                    |
[2022-07-08 02:42:42,742] [builder.py:437]            [DEBUG]    |                                                                                                    |
[2022-07-08 02:42:42,742] [builder.py:438]            [DEBUG]    | Validating Method: sync_mode                                                                       |
[2022-07-08 02:42:42,742] [builder.py:442]            [DEBUG]    | Value: sync                                                                                        |
[2022-07-08 02:42:42,743] [builder.py:582]            [DEBUG]    |                                                                                                    |
[2022-07-08 02:42:42,743] [builder.py:583]            [DEBUG]    | Validating Method: collection_order                                                                |
[2022-07-08 02:42:42,743] [builder.py:584]            [DEBUG]    | Value: custom                                                                                      |
[2022-07-08 02:42:42,744] [builder.py:600]            [DEBUG]    |                                                                                                    |
[2022-07-08 02:42:42,744] [builder.py:604]            [DEBUG]    | Validating Method: tmdb_airing_today                                                               |
[2022-07-08 02:42:42,744] [builder.py:605]            [DEBUG]    | Value: 100                                                                                         |
[2022-07-08 02:42:42,745] [builder.py:600]            [DEBUG]    |                                                                                                    |
[2022-07-08 02:42:42,745] [builder.py:604]            [DEBUG]    | Validating Method: summary                                                                         |
[2022-07-08 02:42:42,746] [builder.py:605]            [DEBUG]    | Value: A collection of shows with episodes airing today                                            |
[2022-07-08 02:42:42,746] [builder.py:600]            [DEBUG]    |                                                                                                    |
[2022-07-08 02:42:42,746] [builder.py:604]            [DEBUG]    | Validating Method: sort_title                                                                      |
[2022-07-08 02:42:42,747] [builder.py:605]            [DEBUG]    | Value: !01_TMDb Airing Today                                                                       |
[2022-07-08 02:42:42,747] [builder.py:600]            [DEBUG]    |                                                                                                    |
[2022-07-08 02:42:42,747] [builder.py:604]            [DEBUG]    | Validating Method: url_poster                                                                      |
[2022-07-08 02:42:42,748] [builder.py:605]            [DEBUG]    | Value: https://raw.githubusercontent.com/meisnate12/Plex-Meta-Manager-Images/master/chart/TMDb%20Airing%20Today.jpg |
[2022-07-08 02:42:43,561] [plex.py:742]               [DEBUG]    |                                                                                                    |
[2022-07-08 02:42:43,562] [plex.py:745]               [DEBUG]    | Looking for: TMDb Airing Today                                                                     |
[2022-07-08 02:42:43,562] [builder.py:764]            [INFO]     |                                                                                                    |
[2022-07-08 02:42:43,563] [builder.py:765]            [INFO]     | Validation Successful                                                                              |
[2022-07-08 02:42:43,563] [plex_meta_manager.py:539]  [INFO]     |                                                                                                    |
[2022-07-08 02:42:43,563] [plex_meta_manager.py:541]  [INFO]     |=============================== Running TMDb Airing Today Collection ===============================|
[2022-07-08 02:42:43,564] [plex_meta_manager.py:553]  [INFO]     |                                                                                                    |
[2022-07-08 02:42:43,564] [plex_meta_manager.py:554]  [INFO]     | Sync Mode: sync                                                                                    |
[2022-07-08 02:42:43,564] [plex_meta_manager.py:557]  [DEBUG]    |                                                                                                    |
[2022-07-08 02:42:43,565] [plex_meta_manager.py:558]  [DEBUG]    | Builder: tmdb_airing_today: 100                                                                    |
[2022-07-08 02:42:43,565] [plex_meta_manager.py:559]  [INFO]     |                                                                                                    |
[2022-07-08 02:42:44,982] [tmdb.py:344]               [INFO]     | Processing TMDb Airing Today: 100 Shows                                                            |
[2022-07-08 02:42:44,982] [builder.py:1507]           [DEBUG]    |                                                                                                    |
[2022-07-08 02:42:44,983] [builder.py:1508]           [DEBUG]    | 100 IDs Found: [(76479, 'tmdb_show'), (135647, 'tmdb_show'), (152296, 'tmdb_show'), (197189, 'tmdb_show'), (158415, 'tmdb_show'), (204147, 'tmdb_show'), (154911, 'tmdb_show'), (157936, 'tmdb_show'), (122151, 'tmdb_show'), (122152, 'tmdb_show'), (119903, 'tmdb_show'), (154571, 'tmdb_show'), (203211, 'tmdb_show'), (103516, 'tmdb_show'), (158691, 'tmdb_show'), (2527, 'tmdb_show'), (966, 'tmdb_show'), (1655, 'tmdb_show'), (202740, 'tmdb_show'), (66636, 'tmdb_show'), (14750, 'tmdb_show'), (197352, 'tmdb_show'), (6647, 'tmdb_show'), (4504, 'tmdb_show'), (23915, 'tmdb_show'), (138251, 'tmdb_show'), (1900, 'tmdb_show'), (39677, 'tmdb_show'), (111800, 'tmdb_show'), (157059, 'tmdb_show'), (987, 'tmdb_show'), (131485, 'tmdb_show'), (92967, 'tmdb_show'), (881, 'tmdb_show'), (71738, 'tmdb_show'), (16395, 'tmdb_show'), (197067, 'tmdb_show'), (196572, 'tmdb_show'), (88191, 'tmdb_show'), (202374, 'tmdb_show'), (2354, 'tmdb_show'), (2912, 'tmdb_show'), (194619, 'tmdb_show'), (201697, 'tmdb_show'), (121435, 'tmdb_show'), (121477, 'tmdb_show'), (131997, 'tmdb_show'), (1871, 'tmdb_show'), (502, 'tmdb_show'), (101149, 'tmdb_show'), (196614, 'tmdb_show'), (80006, 'tmdb_show'), (90207, 'tmdb_show'), (40879, 'tmdb_show'), (63714, 'tmdb_show'), (73549, 'tmdb_show'), (63726, 'tmdb_show'), (204712, 'tmdb_show'), (76949, 'tmdb_show'), (13354, 'tmdb_show'), (59186, 'tmdb_show'), (155224, 'tmdb_show'), (204115, 'tmdb_show'), (135655, 'tmdb_show'), (200894, 'tmdb_show'), (125398, 'tmdb_show'), (2674, 'tmdb_show'), (204647, 'tmdb_show'), (194567, 'tmdb_show'), (202018, 'tmdb_show'), (135371, 'tmdb_show'), (73010, 'tmdb_show'), (204865, 'tmdb_show'), (204839, 'tmdb_show'), (14544, 'tmdb_show'), (156988, 'tmdb_show'), (156640, 'tmdb_show'), (63613, 'tmdb_show'), (202798, 'tmdb_show'), (2394, 'tmdb_show'), (204625, 'tmdb_show'), (62807, 'tmdb_show'), (132178, 'tmdb_show'), (203830, 'tmdb_show'), (30791, 'tmdb_show'), (29173, 'tmdb_show'), (46707, 'tmdb_show'), (23545, 'tmdb_show'), (198182, 'tmdb_show'), (204177, 'tmdb_show'), (120573, 'tmdb_show'), (72879, 'tmdb_show'), (100451, 'tmdb_show'), (81329, 'tmdb_show'), (197201, 'tmdb_show'), (112470, 'tmdb_show'), (156955, 'tmdb_show'), (35358, 'tmdb_show'), (83217, 'tmdb_show'), (136105, 'tmdb_show')] |
[2022-07-08 02:42:44,983] [builder.py:1509]           [DEBUG]    |                                                                                                    |
[2022-07-08 02:42:45,389] [builder.py:1583]           [WARNING]  | Convert Error: No TVDb ID Found for TMDb ID: 152296                                                |
[2022-07-08 02:42:48,200] [builder.py:1583]           [WARNING]  | Convert Error: No TVDb ID Found for TMDb ID: 122151                                                |
[2022-07-08 02:42:49,111] [builder.py:1583]           [WARNING]  | Convert Error: No TVDb ID Found for TMDb ID: 122152                                                |
[2022-07-08 02:42:49,322] [builder.py:1583]           [WARNING]  | Convert Error: No TVDb ID Found for TMDb ID: 119903                                                |
[2022-07-08 02:42:50,233] [builder.py:1583]           [WARNING]  | Convert Error: No TVDb ID Found for TMDb ID: 203211                                                |
[2022-07-08 02:42:57,000] [builder.py:1583]           [WARNING]  | Convert Error: No TVDb ID Found for TMDb ID: 194619                                                |
[2022-07-08 02:42:58,466] [builder.py:1583]           [WARNING]  | Convert Error: No TVDb ID Found for TMDb ID: 121435                                                |
[2022-07-08 02:43:00,146] [builder.py:1583]           [WARNING]  | Convert Error: No TVDb ID Found for TMDb ID: 131997                                                |
[2022-07-08 02:43:01,966] [builder.py:1583]           [WARNING]  | Convert Error: No TVDb ID Found for TMDb ID: 196614                                                |
[2022-07-08 02:43:06,904] [builder.py:1583]           [WARNING]  | Convert Error: No TVDb ID Found for TMDb ID: 204712                                                |
[2022-07-08 02:43:09,633] [builder.py:1583]           [WARNING]  | Convert Error: No TVDb ID Found for TMDb ID: 204115                                                |
[2022-07-08 02:43:14,744] [builder.py:1583]           [WARNING]  | Convert Error: No TVDb ID Found for TMDb ID: 204647                                                |
[2022-07-08 02:43:24,966] [builder.py:1583]           [WARNING]  | Convert Error: No TVDb ID Found for TMDb ID: 204625                                                |
[2022-07-08 02:43:28,800] [builder.py:1583]           [WARNING]  | Convert Error: No TVDb ID Found for TMDb ID: 203830                                                |
[2022-07-08 02:43:33,611] [builder.py:1583]           [WARNING]  | Convert Error: No TVDb ID Found for TMDb ID: 204177                                                |
[2022-07-08 02:43:38,600] [builder.py:1583]           [WARNING]  | Convert Error: No TVDb ID Found for TMDb ID: 197201                                                |
[2022-07-08 02:43:43,233] [builder.py:2218]           [INFO]     |                                                                                                    |
[2022-07-08 02:43:43,234] [builder.py:2219]           [INFO]     |========================== Missing Shows from Library: TMDb Airing Today ===========================|
[2022-07-08 02:43:43,234] [builder.py:2220]           [INFO]     |                                                                                                    |
[2022-07-08 02:43:45,467] [builder.py:2232]           [INFO]     | TMDb Airing Today Collection | ? | The Boys (TVDb: 355567)                                         |
[2022-07-08 02:43:45,710] [builder.py:2232]           [INFO]     | TMDb Airing Today Collection | ? | 2 Good 2 Be True (TVDb: 419154)                                 |
[2022-07-08 02:43:45,977] [builder.py:2232]           [INFO]     | TMDb Airing Today Collection | ? | Cara e Coragem (TVDb: 418791)                                   |
[2022-07-08 02:43:46,225] [builder.py:2232]           [INFO]     | TMDb Airing Today Collection | ? | Pantanal (TVDb: 413833)                                         |
[2022-07-08 02:43:47,822] [builder.py:2232]           [INFO]     | TMDb Airing Today Collection | ? | Hello, My Shining Love (TVDb: 421307)                           |
[2022-07-08 02:43:48,100] [builder.py:2232]           [INFO]     | TMDb Airing Today Collection | ? | A Trick of Fate (TVDb: 413832)                                  |
[2022-07-08 02:43:48,277] [builder.py:2232]           [INFO]     | TMDb Airing Today Collection | ? | For You (TVDb: 416687)                                          |
[2022-07-08 02:43:49,989] [builder.py:2232]           [INFO]     | TMDb Airing Today Collection | ? | I want to live (TVDb: 413793)                                   |
[2022-07-08 02:43:50,333] [builder.py:2232]           [INFO]     | TMDb Airing Today Collection | ? | Star Trek: Strange New Worlds (TVDb: 382389)                    |
[2022-07-08 02:43:50,608] [builder.py:2232]           [INFO]     | TMDb Airing Today Collection | ? | My Little Pony: Make Your Mark (TVDb: 416741)                   |
[2022-07-08 02:43:50,833] [builder.py:2232]           [INFO]     | TMDb Airing Today Collection | ? | Emmerdale (TVDb: 77715)                                         |
[2022-07-08 02:43:51,066] [builder.py:2232]           [INFO]     | TMDb Airing Today Collection | ? | Hollyoaks (TVDb: 78006)                                         |
[2022-07-08 02:43:53,456] [builder.py:2232]           [INFO]     | TMDb Airing Today Collection | ? | PBS NewsHour (TVDb: 81388)                                      |
[2022-07-08 02:43:54,659] [builder.py:2232]           [INFO]     | TMDb Airing Today Collection | ? | Lua de Mel (TVDb: 420520)                                       |
[2022-07-08 02:43:56,167] [builder.py:2232]           [INFO]     | TMDb Airing Today Collection | ? | Love Island (TVDb: 296669)                                      |
[2022-07-08 02:43:57,659] [builder.py:2232]           [INFO]     | TMDb Airing Today Collection | ? | At Wspolna (TVDb: 341892)                                       |
[2022-07-08 02:43:57,891] [builder.py:2232]           [INFO]     | TMDb Airing Today Collection | ? | Bravo, My Life (2022) (TVDb: 418343)                            |
[2022-07-08 02:43:58,124] [builder.py:2232]           [INFO]     | TMDb Airing Today Collection | ? | The Bold and the Beautiful (TVDb: 79838)                        |
[2022-07-08 02:43:58,510] [builder.py:2232]           [INFO]     | TMDb Airing Today Collection | ? | Shortland Street (TVDb: 73983)                                  |
[2022-07-08 02:43:58,821] [builder.py:2232]           [INFO]     | TMDb Airing Today Collection | ? | Markus Lanz (TVDb: 301189)                                      |
[2022-07-08 02:43:59,049] [builder.py:2232]           [INFO]     | TMDb Airing Today Collection | ? | EVE (2022) (TVDb: 416548)                                       |
[2022-07-08 02:43:59,233] [builder.py:2232]           [INFO]     | TMDb Airing Today Collection | ? | LIVE with Kelly and Ryan (TVDb: 72146)                          |
[2022-07-08 02:43:59,510] [builder.py:2232]           [INFO]     | TMDb Airing Today Collection | ? | Survivor (ES) (TVDb: 298271)                                    |
[2022-07-08 02:43:59,732] [builder.py:2232]           [INFO]     | TMDb Airing Today Collection | ? | The Old Man (TVDb: 367392)                                      |
[2022-07-08 02:44:00,044] [builder.py:2232]           [INFO]     | TMDb Airing Today Collection | ? | Poliana Moça (TVDb: 414538)                                     |
[2022-07-08 02:44:00,324] [builder.py:2232]           [INFO]     | TMDb Airing Today Collection | ? | General Hospital (TVDb: 75332)                                  |
[2022-07-08 02:44:01,967] [builder.py:2232]           [INFO]     | TMDb Airing Today Collection | ? | The Story of Xing Fu (TVDb: 421553)                             |
[2022-07-08 02:44:02,233] [builder.py:2232]           [INFO]     | TMDb Airing Today Collection | ? | A Miracle (TVDb: 369055)                                        |
[2022-07-08 02:44:04,850] [builder.py:2232]           [INFO]     | TMDb Airing Today Collection | ? | Days of Our Lives (TVDb: 70366)                                 |
[2022-07-08 02:44:05,157] [builder.py:2232]           [INFO]     | TMDb Airing Today Collection | ? | The Orville (TVDb: 328487)                                      |
[2022-07-08 02:44:05,477] [builder.py:2232]           [INFO]     | TMDb Airing Today Collection | ? | MasterChef Australia (TVDb: 92091)                              |
[2022-07-08 02:44:07,016] [builder.py:2232]           [INFO]     | TMDb Airing Today Collection | ? | Extraordinary Attorney Woo (TVDb: 419950)                       |
[2022-07-08 02:44:08,591] [builder.py:2232]           [INFO]     | TMDb Airing Today Collection | ? | The Secret House (TVDb: 418428)                                 |
[2022-07-08 02:44:10,123] [builder.py:2232]           [INFO]     | TMDb Airing Today Collection | ? | Good evening, good evening! (TVDb: 361292)                      |
[2022-07-08 02:44:11,678] [builder.py:2232]           [INFO]     | TMDb Airing Today Collection | ? | Todas as Garotas em Mim (TVDb: 407514)                          |
[2022-07-08 02:44:11,899] [builder.py:2232]           [INFO]     | TMDb Airing Today Collection | ? | Home and Away (TVDb: 71890)                                     |
[2022-07-08 02:44:12,188] [builder.py:2232]           [INFO]     | TMDb Airing Today Collection | ? | Jeopardy! (TVDb: 77075)                                         |
[2022-07-08 02:44:13,549] [builder.py:2232]           [INFO]     | TMDb Airing Today Collection | ? | The Shelter (TVDb: 419997)                                      |
[2022-07-08 02:44:14,624] [builder.py:2232]           [INFO]     | TMDb Airing Today Collection | ? | Frontline Fightback (TVDb: 399721)                              |
[2022-07-08 02:44:14,855] [builder.py:2232]           [INFO]     | TMDb Airing Today Collection | ? | EastEnders (TVDb: 71753)                                        |
[2022-07-08 02:44:17,801] [builder.py:2232]           [INFO]     | TMDb Airing Today Collection | ? | Sesame Street (TVDb: 78419)                                     |
[2022-07-08 02:44:19,282] [builder.py:2232]           [INFO]     | TMDb Airing Today Collection | ? | Malory Towers (TVDb: 378833)                                    |
[2022-07-08 02:44:20,734] [builder.py:2232]           [INFO]     | TMDb Airing Today Collection | ? | Good Trouble (TVDb: 351504)                                     |
[2022-07-08 02:44:22,248] [builder.py:2232]           [INFO]     | TMDb Airing Today Collection | ? | Big White Duel (TVDb: 364743)                                   |
[2022-07-08 02:44:22,481] [builder.py:2232]           [INFO]     | TMDb Airing Today Collection | ? | Dahoam is Dahoam (TVDb: 132921)                                 |
[2022-07-08 02:44:22,699] [builder.py:2232]           [INFO]     | TMDb Airing Today Collection | ? | Backdoor Brazil (TVDb: 275360)                                  |
[2022-07-08 02:44:23,923] [builder.py:2232]           [INFO]     | TMDb Airing Today Collection | ? | Odd Squad (TVDb: 288449)                                        |
[2022-07-08 02:44:24,139] [builder.py:2232]           [INFO]     | TMDb Airing Today Collection | ? | Alone (TVDb: 295936)                                            |
[2022-07-08 02:44:24,356] [builder.py:2232]           [INFO]     | TMDb Airing Today Collection | ? | La Resistencia (TVDb: 341430)                                   |
[2022-07-08 02:44:26,512] [builder.py:2232]           [INFO]     | TMDb Airing Today Collection | ? | Question Time (TVDb: 248469)                                    |
[2022-07-08 02:44:26,780] [builder.py:2232]           [INFO]     | TMDb Airing Today Collection | ? | Impractical Jokers (TVDb: 254243)                               |
[2022-07-08 02:44:27,911] [builder.py:2232]           [INFO]     | TMDb Airing Today Collection | ? | Jinxed At First (TVDb: 408785)                                  |
[2022-07-08 02:44:29,173] [builder.py:2232]           [INFO]     | TMDb Airing Today Collection | ? | Insider (KR) (TVDb: 398089)                                     |
[2022-07-08 02:44:30,556] [builder.py:2232]           [INFO]     | TMDb Airing Today Collection | ? | MSNBC Prime (TVDb: 419322)                                      |
[2022-07-08 02:44:31,744] [builder.py:2232]           [INFO]     | TMDb Airing Today Collection | ? | Moonhaven (TVDb: 402621)                                        |
[2022-07-08 02:44:36,091] [builder.py:2232]           [INFO]     | TMDb Airing Today Collection | ? | Neighbours (TVDb: 76719)                                        |
[2022-07-08 02:44:36,488] [builder.py:2232]           [INFO]     | TMDb Airing Today Collection | ? | The Lazarus Project (TVDb: 400440)                              |
[2022-07-08 02:44:37,855] [builder.py:2232]           [INFO]     | TMDb Airing Today Collection | ? | Small & Mighty (TVDb: 420934)                                   |
[2022-07-08 02:44:39,278] [builder.py:2232]           [INFO]     | TMDb Airing Today Collection | ? | Rio Shore (TVDb: 403619)                                        |
[2022-07-08 02:44:40,689] [builder.py:2232]           [INFO]     | TMDb Airing Today Collection | ? | Under Pressure (2017) (TVDb: 329832)                            |
[2022-07-08 02:44:42,133] [builder.py:2232]           [INFO]     | TMDb Airing Today Collection | ? | Childhood In A Capsule (TVDb: 421753)                           |
[2022-07-08 02:44:44,133] [builder.py:2232]           [INFO]     | TMDb Airing Today Collection | ? | Dr. Tang (TVDb: 421735)                                         |
[2022-07-08 02:44:45,789] [builder.py:2232]           [INFO]     | TMDb Airing Today Collection | ? | Koffee With Karan (TVDb: 245981)                                |
[2022-07-08 02:44:47,267] [builder.py:2232]           [INFO]     | TMDb Airing Today Collection | ? | The Undeclared War (TVDb: 401831)                               |
[2022-07-08 02:44:48,589] [builder.py:2232]           [INFO]     | TMDb Airing Today Collection | ? | The Midwich Cuckoos (TVDb: 402728)                              |
[2022-07-08 02:44:50,396] [builder.py:2232]           [INFO]     | TMDb Airing Today Collection | ? | In aller Freundschaft – Die jungen Ärzte (TVDb: 291180)         |
[2022-07-08 02:44:51,689] [builder.py:2232]           [INFO]     | TMDb Airing Today Collection | ? | Astrophile (TVDb: 413060)                                       |
[2022-07-08 02:44:53,846] [builder.py:2232]           [INFO]     | TMDb Airing Today Collection | ? | This Old House (TVDb: 77444)                                    |
[2022-07-08 02:44:55,504] [builder.py:2232]           [INFO]     | TMDb Airing Today Collection | ? | Chrisley Knows Best (TVDb: 279228)                              |
[2022-07-08 02:44:57,145] [builder.py:2232]           [INFO]     | TMDb Airing Today Collection | ? | Players (2022) (TVDb: 410672)                                   |
[2022-07-08 02:44:58,467] [builder.py:2232]           [INFO]     | TMDb Airing Today Collection | ? | No Limite (TVDb: 327709)                                        |
[2022-07-08 02:44:58,754] [builder.py:2232]           [INFO]     | TMDb Airing Today Collection | ? | House Hunters International (TVDb: 183411)                      |
[2022-07-08 02:44:59,469] [builder.py:2227]           [ERROR]    | TVDb Error: Name not found from TVDb ID: 263030                                                    |
[2022-07-08 02:45:01,756] [builder.py:2232]           [INFO]     | TMDb Airing Today Collection | ? | Ask This Old House (TVDb: 74326)                                |
[2022-07-08 02:45:02,711] [builder.py:2232]           [INFO]     | TMDb Airing Today Collection | ? | Throne of Seal (TVDb: 419586)                                   |
[2022-07-08 02:45:03,712] [builder.py:2232]           [INFO]     | TMDb Airing Today Collection | ? | Late Night Ghost Talk (TVDb: 394780)                            |
[2022-07-08 02:45:05,345] [builder.py:2232]           [INFO]     | TMDb Airing Today Collection | ? | Tomorrow is Ours (TVDb: 328775)                                 |
[2022-07-08 02:45:06,546] [builder.py:2232]           [INFO]     | TMDb Airing Today Collection | ? | The Ready Room (TVDb: 358781)                                   |
[2022-07-08 02:45:08,034] [builder.py:2232]           [INFO]     | TMDb Airing Today Collection | ? | Chronicles of the Sun (TVDb: 349889)                            |
[2022-07-08 02:45:09,789] [builder.py:2232]           [INFO]     | TMDb Airing Today Collection | ? | Here it all begins (TVDb: 383988)                               |
[2022-07-08 02:45:11,144] [builder.py:2232]           [INFO]     | TMDb Airing Today Collection | ? | Flower of Evil (TVDb: 416428)                                   |
[2022-07-08 02:45:12,369] [builder.py:2232]           [INFO]     | TMDb Airing Today Collection | ? | Restaurant: Impossible (TVDb: 224361)                           |
[2022-07-08 02:45:13,867] [builder.py:2232]           [INFO]     | TMDb Airing Today Collection | ? | WWE NXT UK (TVDb: 354295)                                       |
[2022-07-08 02:45:14,226] [builder.py:2232]           [INFO]     | TMDb Airing Today Collection | ? | The Real Housewives Ultimate Girls Trip (TVDb: 409671)          |
[2022-07-08 02:45:14,227] [builder.py:2237]           [INFO]     |                                                                                                    |
[2022-07-08 02:45:14,227] [builder.py:2238]           [INFO]     | 83 Shows Missing                                                                                   |
[2022-07-08 02:45:14,228] [plex_meta_manager.py:593]  [INFO]     |                                                                                                    |
[2022-07-08 02:45:14,228] [plex_meta_manager.py:594]  [INFO]     | Collection Minimum: 3 not met for TMDb Airing Today Collection                                     |
[2022-07-08 02:45:14,228] [plex_meta_manager.py:674]  [INFO]     |                                                                                                    |
[2022-07-08 02:45:14,228] [plex_meta_manager.py:675]  [INFO]     |====================================================================================================|
[2022-07-08 02:45:14,229] [plex_meta_manager.py:675]  [INFO]     |                               Finished TMDb Airing Today Collection                                |
[2022-07-08 02:45:14,229] [plex_meta_manager.py:675]  [INFO]     |                                    Collection Run Time: 0:02:31                                    |
[2022-07-08 02:45:14,229] [plex_meta_manager.py:675]  [INFO]     |====================================================================================================|
