[2022-07-08 01:47:42,930] [builder.py:185]            [INFO]     |====================================================================================================|
[2022-07-08 01:47:42,931] [builder.py:185]            [INFO]     |                                     Korea Collection in Movies                                     |
[2022-07-08 01:47:42,931] [builder.py:185]            [INFO]     |====================================================================================================|
[2022-07-08 01:47:42,932] [builder.py:186]            [INFO]     |                                                                                                    |
[2022-07-08 01:47:42,932] [builder.py:191]            [INFO]     |=================================== Validating Korea Attributes ====================================|
[2022-07-08 01:47:42,933] [builder.py:212]            [DEBUG]    |                                                                                                    |
[2022-07-08 01:47:42,933] [builder.py:213]            [DEBUG]    | Validating Method: template                                                                        |
[2022-07-08 01:47:42,933] [meta.py:103]               [DEBUG]    | Value: [{'value': ['Republic of Korea'], 'country': ['Republic of Korea'], 'key_name': 'Korea', 'key': 'Korea', 'name': 'country_dynamic'}, {'value': ['Republic of Korea'], 'country': ['Republic of Korea'], 'key_name': 'Korea', 'key': 'Korea', 'name': 'shared'}] |
[2022-07-08 01:47:42,935] [builder.py:1675]           [INFO]     |                                                                                                    |
[2022-07-08 01:47:42,936] [builder.py:1676]           [INFO]     | Validating Method: smart_filter                                                                    |
[2022-07-08 01:47:42,936] [builder.py:1682]           [DEBUG]    | Value: {'sort_by': 'release.desc', 'any': {'country': ['Republic of Korea']}}                      |
[2022-07-08 01:47:42,980] [builder.py:600]            [DEBUG]    |                                                                                                    |
[2022-07-08 01:47:42,981] [builder.py:604]            [DEBUG]    | Validating Method: label                                                                           |
[2022-07-08 01:47:42,981] [builder.py:605]            [DEBUG]    | Value: Country Color                                                                               |
[2022-07-08 01:47:42,981] [builder.py:600]            [DEBUG]    |                                                                                                    |
[2022-07-08 01:47:42,981] [builder.py:604]            [DEBUG]    | Validating Method: url_poster                                                                      |
[2022-07-08 01:47:42,982] [builder.py:605]            [DEBUG]    | Value: https://raw.githubusercontent.com/meisnate12/Plex-Meta-Manager-Images/master/country/white/Korea.jpg |
[2022-07-08 01:47:44,144] [builder.py:600]            [DEBUG]    |                                                                                                    |
[2022-07-08 01:47:44,145] [builder.py:604]            [DEBUG]    | Validating Method: sort_title                                                                      |
[2022-07-08 01:47:44,145] [builder.py:605]            [DEBUG]    | Value: !09_Korea                                                                                   |
[2022-07-08 01:47:44,159] [plex.py:742]               [DEBUG]    |                                                                                                    |
[2022-07-08 01:47:44,159] [plex.py:745]               [DEBUG]    | Looking for: Korea                                                                                 |
[2022-07-08 01:47:44,159] [builder.py:764]            [INFO]     |                                                                                                    |
[2022-07-08 01:47:44,160] [builder.py:765]            [INFO]     | Validation Successful                                                                              |
[2022-07-08 01:47:44,160] [plex_meta_manager.py:539]  [INFO]     |                                                                                                    |
[2022-07-08 01:47:44,161] [plex_meta_manager.py:541]  [INFO]     |===================================== Running Korea Collection =====================================|
[2022-07-08 01:47:44,161] [plex_meta_manager.py:547]  [INFO]     |                                                                                                    |
[2022-07-08 01:47:44,161] [plex_meta_manager.py:548]  [INFO]     | Smart Movie Filter                                                                                 |
                                                                 | Sort By: release.desc
                                                                 | Filter:
                                                                 |   Match any of the following:
                                                                 |     Country is Republic of Korea
[2022-07-08 01:47:44,198] [plex_meta_manager.py:593]  [INFO]     | 
[2022-07-08 01:47:44,198] [plex_meta_manager.py:594]  [INFO]     | Collection Minimum: 3 not met for Korea Collection
[2022-07-08 01:47:44,198] [plex_meta_manager.py:674]  [INFO]     | 
[2022-07-08 01:47:44,199] [plex_meta_manager.py:675]  [INFO]     |====================================================================================================|
[2022-07-08 01:47:44,199] [plex_meta_manager.py:675]  [INFO]     |                                     Finished Korea Collection                                      |
[2022-07-08 01:47:44,199] [plex_meta_manager.py:675]  [INFO]     |                                    Collection Run Time: 0:00:01                                    |
[2022-07-08 01:47:44,200] [plex_meta_manager.py:675]  [INFO]     |====================================================================================================|
