[2022-07-08 02:59:43,407] [builder.py:185]            [INFO]     |====================================================================================================|
[2022-07-08 02:59:43,408] [builder.py:185]            [INFO]     |                                   TVB Collection in ....TV Shows                                   |
[2022-07-08 02:59:43,408] [builder.py:185]            [INFO]     |====================================================================================================|
[2022-07-08 02:59:43,408] [builder.py:186]            [INFO]     |                                                                                                    |
[2022-07-08 02:59:43,409] [builder.py:191]            [INFO]     |==================================== Validating TVB Attributes =====================================|
[2022-07-08 02:59:43,409] [builder.py:212]            [DEBUG]    |                                                                                                    |
[2022-07-08 02:59:43,409] [builder.py:213]            [DEBUG]    | Validating Method: template                                                                        |
[2022-07-08 02:59:43,410] [meta.py:103]               [DEBUG]    | Value: [{'value': ['TVB', 'TVB Jade'], 'network': ['TVB', 'TVB Jade'], 'key_name': 'TVB', 'key': 'TVB', 'name': 'networks_dynamic'}, {'value': ['TVB', 'TVB Jade'], 'network': ['TVB', 'TVB Jade'], 'key_name': 'TVB', 'key': 'TVB', 'name': 'shared'}] |
[2022-07-08 02:59:43,412] [builder.py:1675]           [INFO]     |                                                                                                    |
[2022-07-08 02:59:43,412] [builder.py:1676]           [INFO]     | Validating Method: smart_filter                                                                    |
[2022-07-08 02:59:43,412] [builder.py:1682]           [DEBUG]    | Value: {'sort_by': 'release.desc', 'any': {'network': ['TVB', 'TVB Jade']}}                        |
[2022-07-08 02:59:43,427] [builder.py:600]            [DEBUG]    |                                                                                                    |
[2022-07-08 02:59:43,427] [builder.py:604]            [DEBUG]    | Validating Method: label                                                                           |
[2022-07-08 02:59:43,427] [builder.py:605]            [DEBUG]    | Value: Network US                                                                                  |
[2022-07-08 02:59:43,428] [builder.py:600]            [DEBUG]    |                                                                                                    |
[2022-07-08 02:59:43,428] [builder.py:604]            [DEBUG]    | Validating Method: url_poster                                                                      |
[2022-07-08 02:59:43,428] [builder.py:605]            [DEBUG]    | Value: https://raw.githubusercontent.com/meisnate12/Plex-Meta-Manager-Images/master/network/TVB.jpg |
[2022-07-08 02:59:43,721] [builder.py:791]            [WARNING]  | Collection Warning: No Poster Found at https://raw.githubusercontent.com/meisnate12/Plex-Meta-Manager-Images/master/network/TVB.jpg |
[2022-07-08 02:59:43,721] [builder.py:600]            [DEBUG]    |                                                                                                    |
[2022-07-08 02:59:43,722] [builder.py:604]            [DEBUG]    | Validating Method: sort_title                                                                      |
[2022-07-08 02:59:43,722] [builder.py:605]            [DEBUG]    | Value: !04_TVB                                                                                     |
[2022-07-08 02:59:43,782] [builder.py:764]            [INFO]     |                                                                                                    |
[2022-07-08 02:59:43,783] [builder.py:765]            [INFO]     | Validation Successful                                                                              |
[2022-07-08 02:59:43,783] [plex_meta_manager.py:539]  [INFO]     |                                                                                                    |
[2022-07-08 02:59:43,783] [plex_meta_manager.py:541]  [INFO]     |====================================== Running TVB Collection ======================================|
[2022-07-08 02:59:43,784] [plex_meta_manager.py:547]  [INFO]     |                                                                                                    |
[2022-07-08 02:59:43,784] [plex_meta_manager.py:548]  [INFO]     | Smart Show Filter                                                                                  |
                                                                 | Sort By: release.desc
                                                                 | Filter:
                                                                 |   Match any of the following:
                                                                 |     Network is TVB
                                                                 |     Network is TVB Jade
[2022-07-08 02:59:43,848] [builder.py:2383]           [INFO]     | 
[2022-07-08 02:59:43,849] [builder.py:2384]           [INFO]     |================================ Updating Details of TVB Collection ================================|
[2022-07-08 02:59:43,849] [builder.py:2385]           [INFO]     |                                                                                                    |
[2022-07-08 02:59:43,949] [builder.py:2446]           [INFO]     | Collection Metadata Edits                                                                          |
[2022-07-08 02:59:43,993] [plex_meta_manager.py:674]  [INFO]     |                                                                                                    |
[2022-07-08 02:59:43,994] [plex_meta_manager.py:675]  [INFO]     |====================================================================================================|
[2022-07-08 02:59:43,994] [plex_meta_manager.py:675]  [INFO]     |                                      Finished TVB Collection                                       |
[2022-07-08 02:59:43,995] [plex_meta_manager.py:675]  [INFO]     |                                    Collection Run Time: 0:00:00                                    |
[2022-07-08 02:59:43,995] [plex_meta_manager.py:675]  [INFO]     |====================================================================================================|
