[2022-07-08 03:16:12,846] [builder.py:185]            [INFO]     |====================================================================================================|
[2022-07-08 03:16:12,847] [builder.py:185]            [INFO]     |                               TMDb Trending Collection in ..Cartoons                               |
[2022-07-08 03:16:12,848] [builder.py:185]            [INFO]     |====================================================================================================|
[2022-07-08 03:16:12,848] [builder.py:186]            [INFO]     |                                                                                                    |
[2022-07-08 03:16:12,848] [builder.py:191]            [INFO]     |=============================== Validating TMDb Trending Attributes ================================|
[2022-07-08 03:16:12,849] [builder.py:212]            [DEBUG]    |                                                                                                    |
[2022-07-08 03:16:12,849] [builder.py:213]            [DEBUG]    | Validating Method: template                                                                        |
[2022-07-08 03:16:12,849] [meta.py:103]               [DEBUG]    | Value: [ordereddict([('name', 'trending')]), ordereddict([('name', 'customsync')]), ordereddict([('name', 'chart_shared'), ('key', 'trending')])] |
[2022-07-08 03:16:12,854] [builder.py:437]            [DEBUG]    |                                                                                                    |
[2022-07-08 03:16:12,855] [builder.py:438]            [DEBUG]    | Validating Method: sync_mode                                                                       |
[2022-07-08 03:16:12,855] [builder.py:442]            [DEBUG]    | Value: sync                                                                                        |
[2022-07-08 03:16:12,855] [builder.py:582]            [DEBUG]    |                                                                                                    |
[2022-07-08 03:16:12,856] [builder.py:583]            [DEBUG]    | Validating Method: collection_order                                                                |
[2022-07-08 03:16:12,856] [builder.py:584]            [DEBUG]    | Value: custom                                                                                      |
[2022-07-08 03:16:12,856] [builder.py:600]            [DEBUG]    |                                                                                                    |
[2022-07-08 03:16:12,857] [builder.py:604]            [DEBUG]    | Validating Method: tmdb_trending_weekly                                                            |
[2022-07-08 03:16:12,857] [builder.py:605]            [DEBUG]    | Value: 100                                                                                         |
[2022-07-08 03:16:12,857] [builder.py:600]            [DEBUG]    |                                                                                                    |
[2022-07-08 03:16:12,858] [builder.py:604]            [DEBUG]    | Validating Method: summary                                                                         |
[2022-07-08 03:16:12,858] [builder.py:605]            [DEBUG]    | Value: A collection of shows trending on TMDb                                                      |
[2022-07-08 03:16:12,858] [builder.py:600]            [DEBUG]    |                                                                                                    |
[2022-07-08 03:16:12,859] [builder.py:604]            [DEBUG]    | Validating Method: sort_title                                                                      |
[2022-07-08 03:16:12,859] [builder.py:605]            [DEBUG]    | Value: !01_TMDb Trending                                                                           |
[2022-07-08 03:16:12,859] [builder.py:600]            [DEBUG]    |                                                                                                    |
[2022-07-08 03:16:12,859] [builder.py:604]            [DEBUG]    | Validating Method: url_poster                                                                      |
[2022-07-08 03:16:12,860] [builder.py:605]            [DEBUG]    | Value: https://raw.githubusercontent.com/meisnate12/Plex-Meta-Manager-Images/master/chart/TMDb%20Trending.jpg |
[2022-07-08 03:16:12,940] [builder.py:764]            [INFO]     |                                                                                                    |
[2022-07-08 03:16:12,940] [builder.py:765]            [INFO]     | Validation Successful                                                                              |
[2022-07-08 03:16:12,940] [plex_meta_manager.py:539]  [INFO]     |                                                                                                    |
[2022-07-08 03:16:12,941] [plex_meta_manager.py:541]  [INFO]     |================================= Running TMDb Trending Collection =================================|
[2022-07-08 03:16:12,941] [plex_meta_manager.py:553]  [INFO]     |                                                                                                    |
[2022-07-08 03:16:12,941] [plex_meta_manager.py:554]  [INFO]     | Sync Mode: sync                                                                                    |
[2022-07-08 03:16:12,942] [plex_meta_manager.py:557]  [DEBUG]    |                                                                                                    |
[2022-07-08 03:16:12,942] [plex_meta_manager.py:558]  [DEBUG]    | Builder: tmdb_trending_weekly: 100                                                                 |
[2022-07-08 03:16:12,942] [plex_meta_manager.py:559]  [INFO]     |                                                                                                    |
[2022-07-08 03:16:13,199] [tmdb.py:344]               [INFO]     | Processing TMDb Trending Weekly: 100 Shows                                                         |
[2022-07-08 03:16:13,200] [builder.py:1507]           [DEBUG]    |                                                                                                    |
[2022-07-08 03:16:13,200] [builder.py:1508]           [DEBUG]    | 100 IDs Found: [(66732, 'tmdb_show'), (120911, 'tmdb_show'), (76479, 'tmdb_show'), (92782, 'tmdb_show'), (92830, 'tmdb_show'), (112836, 'tmdb_show'), (63247, 'tmdb_show'), (197588, 'tmdb_show'), (75006, 'tmdb_show'), (114466, 'tmdb_show'), (37854, 'tmdb_show'), (107113, 'tmdb_show'), (120089, 'tmdb_show'), (1399, 'tmdb_show'), (103516, 'tmdb_show'), (71446, 'tmdb_show'), (194766, 'tmdb_show'), (92749, 'tmdb_show'), (111800, 'tmdb_show'), (60735, 'tmdb_show'), (102903, 'tmdb_show'), (87917, 'tmdb_show'), (64196, 'tmdb_show'), (60574, 'tmdb_show'), (156898, 'tmdb_show'), (1429, 'tmdb_show'), (71738, 'tmdb_show'), (118663, 'tmdb_show'), (197449, 'tmdb_show'), (86831, 'tmdb_show'), (95057, 'tmdb_show'), (128032, 'tmdb_show'), (60059, 'tmdb_show'), (72517, 'tmdb_show'), (83121, 'tmdb_show'), (115626, 'tmdb_show'), (111616, 'tmdb_show'), (52814, 'tmdb_show'), (197067, 'tmdb_show'), (72636, 'tmdb_show'), (81322, 'tmdb_show'), (127162, 'tmdb_show'), (1402, 'tmdb_show'), (96316, 'tmdb_show'), (204852, 'tmdb_show'), (1396, 'tmdb_show'), (93405, 'tmdb_show'), (125398, 'tmdb_show'), (60572, 'tmdb_show'), (65334, 'tmdb_show'), (202876, 'tmdb_show'), (114477, 'tmdb_show'), (86848, 'tmdb_show'), (84958, 'tmdb_show'), (128904, 'tmdb_show'), (82856, 'tmdb_show'), (85937, 'tmdb_show'), (91977, 'tmdb_show'), (85271, 'tmdb_show'), (198085, 'tmdb_show'), (127714, 'tmdb_show'), (46260, 'tmdb_show'), (66636, 'tmdb_show'), (456, 'tmdb_show'), (87017, 'tmdb_show'), (1416, 'tmdb_show'), (156988, 'tmdb_show'), (135157, 'tmdb_show'), (83095, 'tmdb_show'), (136315, 'tmdb_show'), (139450, 'tmdb_show'), (69050, 'tmdb_show'), (129516, 'tmdb_show'), (155243, 'tmdb_show'), (156507, 'tmdb_show'), (117889, 'tmdb_show'), (196268, 'tmdb_show'), (196040, 'tmdb_show'), (195966, 'tmdb_show'), (194774, 'tmdb_show'), (88329, 'tmdb_show'), (154494, 'tmdb_show'), (95171, 'tmdb_show'), (1668, 'tmdb_show'), (12971, 'tmdb_show'), (66025, 'tmdb_show'), (18165, 'tmdb_show'), (31910, 'tmdb_show'), (57243, 'tmdb_show'), (117933, 'tmdb_show'), (115036, 'tmdb_show'), (2288, 'tmdb_show'), (85552, 'tmdb_show'), (121509, 'tmdb_show'), (88396, 'tmdb_show'), (63174, 'tmdb_show'), (138663, 'tmdb_show'), (80713, 'tmdb_show'), (204416, 'tmdb_show'), (1418, 'tmdb_show')] |
[2022-07-08 03:16:13,201] [builder.py:1509]           [DEBUG]    |                                                                                                    |
[2022-07-08 03:16:13,536] [builder.py:1583]           [WARNING]  | Convert Error: No TVDb ID Found for TMDb ID: 197588                                                |
[2022-07-08 03:16:13,927] [builder.py:1583]           [WARNING]  | Convert Error: No TVDb ID Found for TMDb ID: 121509                                                |
[2022-07-08 03:16:13,942] [builder.py:2009]           [INFO]     |                                                                                                    |
[2022-07-08 03:16:13,942] [builder.py:2010]           [INFO]     |================================ Adding to TMDb Trending Collection ================================|
[2022-07-08 03:16:13,943] [builder.py:2011]           [INFO]     |                                                                                                    |
[2022-07-08 03:16:13,943] [builder.py:2025]           [INFO]     | 1/2 | TMDb Trending Collection | = | Love, Death & Robots                                          |
[2022-07-08 03:16:13,944] [builder.py:2025]           [INFO]     | 2/2 | TMDb Trending Collection | = | The Simpsons                                                  |
[2022-07-08 03:16:13,944] [builder.py:2045]           [INFO]     |                                                                                                    |
[2022-07-08 03:16:13,944] [builder.py:2046]           [INFO]     | 2 Shows Processed                                                                                  |
[2022-07-08 03:16:13,945] [builder.py:2054]           [INFO]     |                                                                                                    |
[2022-07-08 03:16:13,945] [builder.py:2055]           [INFO]     |============================== Removed from TMDb Trending Collection ===============================|
[2022-07-08 03:16:13,945] [builder.py:2056]           [INFO]     |                                                                                                    |
[2022-07-08 03:16:13,946] [builder.py:2061]           [INFO]     | 1/1 | TMDb Trending Collection | - | South Park                                                    |
[2022-07-08 03:16:17,785] [builder.py:2073]           [INFO]     |                                                                                                    |
[2022-07-08 03:16:17,785] [builder.py:2074]           [INFO]     | 1 Shows Removed                                                                                    |
[2022-07-08 03:16:17,786] [builder.py:2218]           [INFO]     |                                                                                                    |
[2022-07-08 03:16:17,786] [builder.py:2219]           [INFO]     |============================ Missing Shows from Library: TMDb Trending =============================|
[2022-07-08 03:16:17,787] [builder.py:2220]           [INFO]     |                                                                                                    |
[2022-07-08 03:16:18,147] [builder.py:2232]           [INFO]     | TMDb Trending Collection | ? | Stranger Things (TVDb: 305288)                                      |
[2022-07-08 03:16:18,394] [builder.py:2232]           [INFO]     | TMDb Trending Collection | ? | The Terminal List (TVDb: 399917)                                    |
[2022-07-08 03:16:18,398] [builder.py:2232]           [INFO]     | TMDb Trending Collection | ? | The Boys (TVDb: 355567)                                             |
[2022-07-08 03:16:18,625] [builder.py:2232]           [INFO]     | TMDb Trending Collection | ? | Ms. Marvel (TVDb: 368612)                                           |
[2022-07-08 03:16:18,869] [builder.py:2232]           [INFO]     | TMDb Trending Collection | ? | Obi-Wan Kenobi (TVDb: 393199)                                       |
[2022-07-08 03:16:19,210] [builder.py:2232]           [INFO]     | TMDb Trending Collection | ? | Money Heist: Korea - Joint Economic Area (TVDb: 401314)             |
[2022-07-08 03:16:19,502] [builder.py:2232]           [INFO]     | TMDb Trending Collection | ? | Westworld (TVDb: 296762)                                            |
[2022-07-08 03:16:19,736] [builder.py:2232]           [INFO]     | TMDb Trending Collection | ? | The Umbrella Academy (TVDb: 353764)                                 |
[2022-07-08 03:16:19,969] [builder.py:2232]           [INFO]     | TMDb Trending Collection | ? | Baymax! (TVDb: 393207)                                              |
[2022-07-08 03:16:20,210] [builder.py:2232]           [INFO]     | TMDb Trending Collection | ? | One Piece (TVDb: 81797)                                             |
[2022-07-08 03:16:20,444] [builder.py:2232]           [INFO]     | TMDb Trending Collection | ? | Only Murders in the Building (TVDb: 399959)                         |
[2022-07-08 03:16:20,718] [builder.py:2232]           [INFO]     | TMDb Trending Collection | ? | SPY x FAMILY (TVDb: 405920)                                         |
[2022-07-08 03:16:20,960] [builder.py:2232]           [INFO]     | TMDb Trending Collection | ? | Game of Thrones (TVDb: 121361)                                      |
[2022-07-08 03:16:21,185] [builder.py:2232]           [INFO]     | TMDb Trending Collection | ? | Star Trek: Strange New Worlds (TVDb: 382389)                        |
[2022-07-08 03:16:21,380] [builder.py:2232]           [INFO]     | TMDb Trending Collection | ? | Money Heist (TVDb: 327417)                                          |
[2022-07-08 03:16:21,591] [builder.py:2232]           [INFO]     | TMDb Trending Collection | ? | The Summer I Turned Pretty (TVDb: 396505)                           |
[2022-07-08 03:16:21,769] [builder.py:2232]           [INFO]     | TMDb Trending Collection | ? | Moon Knight (TVDb: 368611)                                          |
[2022-07-08 03:16:22,002] [builder.py:2232]           [INFO]     | TMDb Trending Collection | ? | The Old Man (TVDb: 367392)                                          |
[2022-07-08 03:16:22,269] [builder.py:2232]           [INFO]     | TMDb Trending Collection | ? | The Flash (2014) (TVDb: 279121)                                     |
[2022-07-08 03:16:22,436] [builder.py:2232]           [INFO]     | TMDb Trending Collection | ? | Control Z (TVDb: 380850)                                            |
[2022-07-08 03:16:22,669] [builder.py:2232]           [INFO]     | TMDb Trending Collection | ? | For All Mankind (TVDb: 356202)                                      |
[2022-07-08 03:16:23,127] [builder.py:2232]           [INFO]     | TMDb Trending Collection | ? | Overlord (TVDb: 294002)                                             |
[2022-07-08 03:16:23,360] [builder.py:2232]           [INFO]     | TMDb Trending Collection | ? | Peaky Blinders (TVDb: 270915)                                       |
[2022-07-08 03:16:23,558] [builder.py:2232]           [INFO]     | TMDb Trending Collection | ? | Bastard!! -Heavy Metal, Dark Fantasy- (TVDb: 415677)                |
[2022-07-08 03:16:23,852] [builder.py:2232]           [INFO]     | TMDb Trending Collection | ? | Attack on Titan (TVDb: 267440)                                      |
[2022-07-08 03:16:24,101] [builder.py:2232]           [INFO]     | TMDb Trending Collection | ? | The Orville (TVDb: 328487)                                          |
[2022-07-08 03:16:24,427] [builder.py:2232]           [INFO]     | TMDb Trending Collection | ? | The Man Who Fell to Earth (TVDb: 414721)                            |
[2022-07-08 03:16:24,669] [builder.py:2232]           [INFO]     | TMDb Trending Collection | ? | Loot (TVDb: 417559)                                                 |
[2022-07-08 03:16:24,910] [builder.py:2232]           [INFO]     | TMDb Trending Collection | ? | Superman & Lois (TVDb: 375655)                                      |
[2022-07-08 03:16:25,193] [builder.py:2232]           [INFO]     | TMDb Trending Collection | ? | Boundless (TVDb: 377390)                                            |
[2022-07-08 03:16:25,198] [builder.py:2232]           [INFO]     | TMDb Trending Collection | ? | Better Call Saul (TVDb: 273181)                                     |
[2022-07-08 03:16:25,436] [builder.py:2232]           [INFO]     | TMDb Trending Collection | ? | Classroom of the Elite (TVDb: 329822)                               |
[2022-07-08 03:16:25,442] [builder.py:2232]           [INFO]     | TMDb Trending Collection | ? | Kaguya-sama: Love Is War (TVDb: 354198)                             |
[2022-07-08 03:16:25,658] [builder.py:2232]           [INFO]     | TMDb Trending Collection | ? | Irma Vep (TVDb: 393404)                                             |
[2022-07-08 03:16:25,918] [builder.py:2232]           [INFO]     | TMDb Trending Collection | ? | First Kill (TVDb: 390191)                                           |
[2022-07-08 03:16:26,225] [builder.py:2232]           [INFO]     | TMDb Trending Collection | ? | Halo (TVDb: 366524)                                                 |
[2022-07-08 03:16:26,625] [builder.py:2232]           [INFO]     | TMDb Trending Collection | ? | Extraordinary Attorney Woo (TVDb: 419950)                           |
[2022-07-08 03:16:26,885] [builder.py:2232]           [INFO]     | TMDb Trending Collection | ? | Made in Abyss (TVDb: 326109)                                        |
[2022-07-08 03:16:27,147] [builder.py:2232]           [INFO]     | TMDb Trending Collection | ? | The Time Traveler's Wife (TVDb: 397536)                             |
[2022-07-08 03:16:27,402] [builder.py:2232]           [INFO]     | TMDb Trending Collection | ? | Maggie (TVDb: 402909)                                               |
[2022-07-08 03:16:27,659] [builder.py:2232]           [INFO]     | TMDb Trending Collection | ? | The Walking Dead (TVDb: 153021)                                     |
[2022-07-08 03:16:27,985] [builder.py:2232]           [INFO]     | TMDb Trending Collection | ? | Rent-a-Girlfriend (TVDb: 380654)                                    |
[2022-07-08 03:16:28,336] [builder.py:2232]           [INFO]     | TMDb Trending Collection | ? | King of Stonks (TVDb: 417265)                                       |
[2022-07-08 03:16:28,569] [builder.py:2232]           [INFO]     | TMDb Trending Collection | ? | Breaking Bad (TVDb: 81189)                                          |
[2022-07-08 03:16:28,574] [builder.py:2232]           [INFO]     | TMDb Trending Collection | ? | Squid Game (TVDb: 383275)                                           |
[2022-07-08 03:16:28,818] [builder.py:2232]           [INFO]     | TMDb Trending Collection | ? | Moonhaven (TVDb: 402621)                                            |
[2022-07-08 03:16:29,184] [builder.py:2232]           [INFO]     | TMDb Trending Collection | ? | Pokémon (TVDb: 76703)                                               |
[2022-07-08 03:16:29,447] [builder.py:2232]           [INFO]     | TMDb Trending Collection | ? | Miraculous: Tales of Ladybug & Cat Noir (TVDb: 302218)              |
[2022-07-08 03:16:29,669] [builder.py:2232]           [INFO]     | TMDb Trending Collection | ? | A Dream of Splendor (TVDb: 420733)                                  |
[2022-07-08 03:16:29,947] [builder.py:2232]           [INFO]     | TMDb Trending Collection | ? | Harem in the Labyrinth of Another World (TVDb: 393301)              |
[2022-07-08 03:16:30,226] [builder.py:2232]           [INFO]     | TMDb Trending Collection | ? | Evil (TVDb: 363955)                                                 |
[2022-07-08 03:16:30,709] [builder.py:2232]           [INFO]     | TMDb Trending Collection | ? | Loki (TVDb: 362472)                                                 |
[2022-07-08 03:16:30,958] [builder.py:2232]           [INFO]     | TMDb Trending Collection | ? | Dark Winds (TVDb: 406179)                                           |
[2022-07-08 03:16:31,180] [builder.py:2232]           [INFO]     | TMDb Trending Collection | ? | The Mandalorian (TVDb: 361753)                                      |
[2022-07-08 03:16:31,480] [builder.py:2232]           [INFO]     | TMDb Trending Collection | ? | Demon Slayer: Kimetsu no Yaiba (TVDb: 348545)                       |
[2022-07-08 03:16:31,902] [builder.py:2232]           [INFO]     | TMDb Trending Collection | ? | Motherland: Fort Salem (TVDb: 364047)                               |
[2022-07-08 03:16:32,236] [builder.py:2232]           [INFO]     | TMDb Trending Collection | ? | WandaVision (TVDb: 362392)                                          |
[2022-07-08 03:16:32,513] [builder.py:2232]           [INFO]     | TMDb Trending Collection | ? | Becoming Elizabeth (TVDb: 373873)                                   |
[2022-07-08 03:16:32,984] [builder.py:2232]           [INFO]     | TMDb Trending Collection | ? | Uncle From Another World (TVDb: 405214)                             |
[2022-07-08 03:16:33,309] [builder.py:2232]           [INFO]     | TMDb Trending Collection | ? | Naruto (TVDb: 78857)                                                |
[2022-07-08 03:16:33,717] [builder.py:2232]           [INFO]     | TMDb Trending Collection | ? | Love Island (TVDb: 296669)                                          |
[2022-07-08 03:16:34,017] [builder.py:2232]           [INFO]     | TMDb Trending Collection | ? | P-Valley (TVDb: 356405)                                             |
[2022-07-08 03:16:34,269] [builder.py:2232]           [INFO]     | TMDb Trending Collection | ? | Grey's Anatomy (TVDb: 73762)                                        |
[2022-07-08 03:16:34,526] [builder.py:2232]           [INFO]     | TMDb Trending Collection | ? | The Undeclared War (TVDb: 401831)                                   |
[2022-07-08 03:16:34,802] [builder.py:2232]           [INFO]     | TMDb Trending Collection | ? | Alchemy of Souls (TVDb: 401475)                                     |
[2022-07-08 03:16:35,236] [builder.py:2232]           [INFO]     | TMDb Trending Collection | ? | The Rising of the Shield Hero (TVDb: 353712)                        |
[2022-07-08 03:16:35,513] [builder.py:2232]           [INFO]     | TMDb Trending Collection | ? | The Bear (TVDb: 403294)                                             |
[2022-07-08 03:16:36,420] [builder.py:2227]           [ERROR]    | TVDb Error: Name not found from TVDb ID: 412803                                                    |
[2022-07-08 03:16:36,669] [builder.py:2232]           [INFO]     | TMDb Trending Collection | ? | Riverdale (TVDb: 311954)                                            |
[2022-07-08 03:16:37,080] [builder.py:2232]           [INFO]     | TMDb Trending Collection | ? | My Stepmom's Daughter Is My Ex (TVDb: 415240)                       |
[2022-07-08 03:16:37,292] [builder.py:2232]           [INFO]     | TMDb Trending Collection | ? | Sherwood (2022) (TVDb: 407498)                                      |
[2022-07-08 03:16:37,502] [builder.py:2232]           [INFO]     | TMDb Trending Collection | ? | Chloe (TVDb: 400437)                                                |
[2022-07-08 03:16:37,769] [builder.py:2232]           [INFO]     | TMDb Trending Collection | ? | My Isekai Life: I Gained a Second Character Class and Became the Strongest Sage in the World! (TVDb: 402637) |
[2022-07-08 03:16:37,774] [builder.py:2232]           [INFO]     | TMDb Trending Collection | ? | Anna (2022) (TVDb: 411764)                                          |
[2022-07-08 03:16:38,136] [builder.py:2232]           [INFO]     | TMDb Trending Collection | ? | Engage Kiss (TVDb: 418265)                                          |
[2022-07-08 03:16:38,509] [builder.py:2232]           [INFO]     | TMDb Trending Collection | ? | RWBY: Ice Queendom (TVDb: 418203)                                   |
[2022-07-08 03:16:38,759] [builder.py:2232]           [INFO]     | TMDb Trending Collection | ? | Vermeil in Gold (TVDb: 417658)                                      |
[2022-07-08 03:16:39,025] [builder.py:2232]           [INFO]     | TMDb Trending Collection | ? | Hawkeye (2021) (TVDb: 367146)                                       |
[2022-07-08 03:16:39,302] [builder.py:2232]           [INFO]     | TMDb Trending Collection | ? | Lycoris Recoil (TVDb: 414057)                                       |
[2022-07-08 03:16:39,525] [builder.py:2232]           [INFO]     | TMDb Trending Collection | ? | Prehistoric Planet (2022) (TVDb: 418505)                            |
[2022-07-08 03:16:39,531] [builder.py:2232]           [INFO]     | TMDb Trending Collection | ? | Friends (TVDb: 79168)                                               |
[2022-07-08 03:16:39,847] [builder.py:2232]           [INFO]     | TMDb Trending Collection | ? | Dragon Ball Z (TVDb: 81472)                                         |
[2022-07-08 03:16:40,125] [builder.py:2232]           [INFO]     | TMDb Trending Collection | ? | Animal Kingdom (2016) (TVDb: 304262)                                |
[2022-07-08 03:16:40,392] [builder.py:2232]           [INFO]     | TMDb Trending Collection | ? | The Vampire Diaries (TVDb: 95491)                                   |
[2022-07-08 03:16:40,717] [builder.py:2232]           [INFO]     | TMDb Trending Collection | ? | Naruto Shippuden (TVDb: 79824)                                      |
[2022-07-08 03:16:41,202] [builder.py:2232]           [INFO]     | TMDb Trending Collection | ? | Doctor Who (2005) (TVDb: 78804)                                     |
[2022-07-08 03:16:41,492] [builder.py:2232]           [INFO]     | TMDb Trending Collection | ? | Summer Time Rendering (TVDb: 407306)                                |
[2022-07-08 03:16:41,736] [builder.py:2232]           [INFO]     | TMDb Trending Collection | ? | The Book of Boba Fett (TVDb: 393589)                                |
[2022-07-08 03:16:41,992] [builder.py:2232]           [INFO]     | TMDb Trending Collection | ? | Prison Break (TVDb: 360115)                                         |
[2022-07-08 03:16:42,213] [builder.py:2232]           [INFO]     | TMDb Trending Collection | ? | Euphoria (US) (TVDb: 360261)                                        |
[2022-07-08 03:16:42,469] [builder.py:2232]           [INFO]     | TMDb Trending Collection | ? | The Falcon and The Winter Soldier (TVDb: 362496)                    |
[2022-07-08 03:16:42,791] [builder.py:2232]           [INFO]     | TMDb Trending Collection | ? | Lucifer (TVDb: 295685)                                              |
[2022-07-08 03:16:43,033] [builder.py:2232]           [INFO]     | TMDb Trending Collection | ? | Café Minamdang (TVDb: 410723)                                       |
[2022-07-08 03:16:43,236] [builder.py:2232]           [INFO]     | TMDb Trending Collection | ? | Dropkick on My Devil!! (TVDb: 347215)                               |
[2022-07-08 03:16:43,425] [builder.py:2232]           [INFO]     | TMDb Trending Collection | ? | Pirate Gold of Adak Island (TVDb: 420602)                           |
[2022-07-08 03:16:43,691] [builder.py:2232]           [INFO]     | TMDb Trending Collection | ? | The Big Bang Theory (TVDb: 80379)                                   |
[2022-07-08 03:16:43,692] [builder.py:2237]           [INFO]     |                                                                                                    |
[2022-07-08 03:16:43,692] [builder.py:2238]           [INFO]     | 95 Shows Missing                                                                                   |
[2022-07-08 03:16:43,710] [builder.py:2383]           [INFO]     |                                                                                                    |
[2022-07-08 03:16:43,710] [builder.py:2384]           [INFO]     |=========================== Updating Details of TMDb Trending Collection ===========================|
[2022-07-08 03:16:43,711] [builder.py:2385]           [INFO]     |                                                                                                    |
[2022-07-08 03:16:43,711] [builder.py:2446]           [INFO]     | Collection Metadata Edits                                                                          |
[2022-07-08 03:16:43,712] [util.py:150]               [DEBUG]    | 1 poster found:                                                                                    |
[2022-07-08 03:16:43,712] [util.py:152]               [DEBUG]    | Method: url_poster Poster: https://raw.githubusercontent.com/meisnate12/Plex-Meta-Manager-Images/master/chart/TMDb%20Trending.jpg |
[2022-07-08 03:16:44,435] [library.py:153]            [INFO]     | Detail: url_poster updated poster to [URL] https://raw.githubusercontent.com/meisnate12/Plex-Meta-Manager-Images/master/chart/TMDb%20Trending.jpg |
[2022-07-08 03:16:45,243] [builder.py:2529]           [INFO]     |                                                                                                    |
[2022-07-08 03:16:45,244] [builder.py:2530]           [INFO]     |================================= Sorting TMDb Trending Collection =================================|
[2022-07-08 03:16:45,244] [builder.py:2531]           [INFO]     |                                                                                                    |
[2022-07-08 03:16:45,245] [plex_meta_manager.py:674]  [INFO]     |                                                                                                    |
[2022-07-08 03:16:45,245] [plex_meta_manager.py:675]  [INFO]     |====================================================================================================|
[2022-07-08 03:16:45,245] [plex_meta_manager.py:675]  [INFO]     |                                 Finished TMDb Trending Collection                                  |
[2022-07-08 03:16:45,246] [plex_meta_manager.py:675]  [INFO]     |                                    Collection Run Time: 0:00:32                                    |
[2022-07-08 03:16:45,246] [plex_meta_manager.py:675]  [INFO]     |====================================================================================================|
