[2022-07-08 03:15:47,285] [builder.py:185]            [INFO]     |====================================================================================================|
[2022-07-08 03:15:47,286] [builder.py:185]            [INFO]     |                              TMDb Top Rated Collection in ..Cartoons                               |
[2022-07-08 03:15:47,287] [builder.py:185]            [INFO]     |====================================================================================================|
[2022-07-08 03:15:47,287] [builder.py:186]            [INFO]     |                                                                                                    |
[2022-07-08 03:15:47,287] [builder.py:191]            [INFO]     |=============================== Validating TMDb Top Rated Attributes ===============================|
[2022-07-08 03:15:47,288] [builder.py:212]            [DEBUG]    |                                                                                                    |
[2022-07-08 03:15:47,288] [builder.py:213]            [DEBUG]    | Validating Method: template                                                                        |
[2022-07-08 03:15:47,289] [meta.py:103]               [DEBUG]    | Value: [ordereddict([('name', 'top')]), ordereddict([('name', 'customsync')]), ordereddict([('name', 'chart_shared'), ('key', 'top')])] |
[2022-07-08 03:15:47,294] [builder.py:437]            [DEBUG]    |                                                                                                    |
[2022-07-08 03:15:47,295] [builder.py:438]            [DEBUG]    | Validating Method: sync_mode                                                                       |
[2022-07-08 03:15:47,295] [builder.py:442]            [DEBUG]    | Value: sync                                                                                        |
[2022-07-08 03:15:47,296] [builder.py:582]            [DEBUG]    |                                                                                                    |
[2022-07-08 03:15:47,296] [builder.py:583]            [DEBUG]    | Validating Method: collection_order                                                                |
[2022-07-08 03:15:47,296] [builder.py:584]            [DEBUG]    | Value: custom                                                                                      |
[2022-07-08 03:15:47,296] [builder.py:600]            [DEBUG]    |                                                                                                    |
[2022-07-08 03:15:47,297] [builder.py:604]            [DEBUG]    | Validating Method: tmdb_top_rated                                                                  |
[2022-07-08 03:15:47,297] [builder.py:605]            [DEBUG]    | Value: 100                                                                                         |
[2022-07-08 03:15:47,297] [builder.py:600]            [DEBUG]    |                                                                                                    |
[2022-07-08 03:15:47,298] [builder.py:604]            [DEBUG]    | Validating Method: summary                                                                         |
[2022-07-08 03:15:47,298] [builder.py:605]            [DEBUG]    | Value: A collection of the top rated shows according to TMDb.                                      |
[2022-07-08 03:15:47,298] [builder.py:600]            [DEBUG]    |                                                                                                    |
[2022-07-08 03:15:47,299] [builder.py:604]            [DEBUG]    | Validating Method: sort_title                                                                      |
[2022-07-08 03:15:47,299] [builder.py:605]            [DEBUG]    | Value: !01_TMDb Top Rated                                                                          |
[2022-07-08 03:15:47,299] [builder.py:600]            [DEBUG]    |                                                                                                    |
[2022-07-08 03:15:47,300] [builder.py:604]            [DEBUG]    | Validating Method: url_poster                                                                      |
[2022-07-08 03:15:47,300] [builder.py:605]            [DEBUG]    | Value: https://raw.githubusercontent.com/meisnate12/Plex-Meta-Manager-Images/master/chart/TMDb%20Top%20Rated.jpg |
[2022-07-08 03:15:47,331] [plex.py:742]               [DEBUG]    |                                                                                                    |
[2022-07-08 03:15:47,331] [plex.py:745]               [DEBUG]    | Looking for: TMDb Top Rated                                                                        |
[2022-07-08 03:15:47,331] [builder.py:764]            [INFO]     |                                                                                                    |
[2022-07-08 03:15:47,332] [builder.py:765]            [INFO]     | Validation Successful                                                                              |
[2022-07-08 03:15:47,332] [plex_meta_manager.py:539]  [INFO]     |                                                                                                    |
[2022-07-08 03:15:47,333] [plex_meta_manager.py:541]  [INFO]     |================================ Running TMDb Top Rated Collection =================================|
[2022-07-08 03:15:47,333] [plex_meta_manager.py:553]  [INFO]     |                                                                                                    |
[2022-07-08 03:15:47,333] [plex_meta_manager.py:554]  [INFO]     | Sync Mode: sync                                                                                    |
[2022-07-08 03:15:47,333] [plex_meta_manager.py:557]  [DEBUG]    |                                                                                                    |
[2022-07-08 03:15:47,334] [plex_meta_manager.py:558]  [DEBUG]    | Builder: tmdb_top_rated: 100                                                                       |
[2022-07-08 03:15:47,334] [plex_meta_manager.py:559]  [INFO]     |                                                                                                    |
[2022-07-08 03:15:47,572] [tmdb.py:344]               [INFO]     | Processing TMDb Top Rated: 100 Shows                                                               |
[2022-07-08 03:15:47,572] [builder.py:1507]           [DEBUG]    |                                                                                                    |
[2022-07-08 03:15:47,573] [builder.py:1508]           [DEBUG]    | 100 IDs Found: [(130392, 'tmdb_show'), (100, 'tmdb_show'), (94605, 'tmdb_show'), (124834, 'tmdb_show'), (19239, 'tmdb_show'), (88040, 'tmdb_show'), (80539, 'tmdb_show'), (77696, 'tmdb_show'), (83095, 'tmdb_show'), (106600, 'tmdb_show'), (120911, 'tmdb_show'), (154521, 'tmdb_show'), (123566, 'tmdb_show'), (80564, 'tmdb_show'), (79141, 'tmdb_show'), (61663, 'tmdb_show'), (83097, 'tmdb_show'), (110309, 'tmdb_show'), (65648, 'tmdb_show'), (65930, 'tmdb_show'), (60863, 'tmdb_show'), (92685, 'tmdb_show'), (117376, 'tmdb_show'), (68349, 'tmdb_show'), (125910, 'tmdb_show'), (85937, 'tmdb_show'), (62741, 'tmdb_show'), (84669, 'tmdb_show'), (94796, 'tmdb_show'), (108261, 'tmdb_show'), (95557, 'tmdb_show'), (91801, 'tmdb_show'), (67389, 'tmdb_show'), (68129, 'tmdb_show'), (60625, 'tmdb_show'), (83121, 'tmdb_show'), (45790, 'tmdb_show'), (1396, 'tmdb_show'), (83880, 'tmdb_show'), (46298, 'tmdb_show'), (31356, 'tmdb_show'), (95269, 'tmdb_show'), (70785, 'tmdb_show'), (45950, 'tmdb_show'), (30669, 'tmdb_show'), (82739, 'tmdb_show'), (85990, 'tmdb_show'), (63495, 'tmdb_show'), (79732, 'tmdb_show'), (37854, 'tmdb_show'), (32118, 'tmdb_show'), (98214, 'tmdb_show'), (96316, 'tmdb_show'), (89456, 'tmdb_show'), (95666, 'tmdb_show'), (31132, 'tmdb_show'), (90447, 'tmdb_show'), (67915, 'tmdb_show'), (97186, 'tmdb_show'), (76121, 'tmdb_show'), (96150, 'tmdb_show'), (73833, 'tmdb_show'), (82684, 'tmdb_show'), (72637, 'tmdb_show'), (66433, 'tmdb_show'), (65844, 'tmdb_show'), (118357, 'tmdb_show'), (86031, 'tmdb_show'), (3854, 'tmdb_show'), (99489, 'tmdb_show'), (62565, 'tmdb_show'), (74313, 'tmdb_show'), (61461, 'tmdb_show'), (77721, 'tmdb_show'), (65249, 'tmdb_show'), (31911, 'tmdb_show'), (90937, 'tmdb_show'), (89901, 'tmdb_show'), (45783, 'tmdb_show'), (37419, 'tmdb_show'), (42573, 'tmdb_show'), (40143, 'tmdb_show'), (75214, 'tmdb_show'), (75006, 'tmdb_show'), (74081, 'tmdb_show'), (97890, 'tmdb_show'), (80040, 'tmdb_show'), (87432, 'tmdb_show'), (62914, 'tmdb_show'), (83100, 'tmdb_show'), (42705, 'tmdb_show'), (57706, 'tmdb_show'), (94664, 'tmdb_show'), (34742, 'tmdb_show'), (35790, 'tmdb_show'), (91425, 'tmdb_show'), (72517, 'tmdb_show'), (61865, 'tmdb_show'), (13916, 'tmdb_show'), (93256, 'tmdb_show')] |
[2022-07-08 03:15:47,573] [builder.py:1509]           [DEBUG]    |                                                                                                    |
[2022-07-08 03:15:48,047] [builder.py:1583]           [WARNING]  | Convert Error: No TVDb ID Found for TMDb ID: 80040                                                 |
[2022-07-08 03:15:48,076] [builder.py:2218]           [INFO]     |                                                                                                    |
[2022-07-08 03:15:48,077] [builder.py:2219]           [INFO]     |============================ Missing Shows from Library: TMDb Top Rated ============================|
[2022-07-08 03:15:48,077] [builder.py:2220]           [INFO]     |                                                                                                    |
[2022-07-08 03:15:48,321] [builder.py:2232]           [INFO]     | TMDb Top Rated Collection | ? | The D'Amelio Show (TVDb: 407311)                                   |
[2022-07-08 03:15:48,605] [builder.py:2232]           [INFO]     | TMDb Top Rated Collection | ? | I am Not an Animal (TVDb: 74117)                                   |
[2022-07-08 03:15:48,921] [builder.py:2232]           [INFO]     | TMDb Top Rated Collection | ? | Arcane (TVDb: 371028)                                              |
[2022-07-08 03:15:49,158] [builder.py:2232]           [INFO]     | TMDb Top Rated Collection | ? | Heartstopper (TVDb: 395494)                                        |
[2022-07-08 03:15:49,396] [builder.py:2232]           [INFO]     | TMDb Top Rated Collection | ? | Future Boy Conan (TVDb: 80294)                                     |
[2022-07-08 03:15:49,596] [builder.py:2232]           [INFO]     | TMDb Top Rated Collection | ? | Given (TVDb: 361218)                                               |
[2022-07-08 03:15:49,825] [builder.py:2232]           [INFO]     | TMDb Top Rated Collection | ? | Asobi Asobase - workshop of fun - (TVDb: 346798)                   |
[2022-07-08 03:15:49,830] [builder.py:2232]           [INFO]     | TMDb Top Rated Collection | ? | Run BTS! (TVDb: 325091)                                            |
[2022-07-08 03:15:50,225] [builder.py:2232]           [INFO]     | TMDb Top Rated Collection | ? | The Rising of the Shield Hero (TVDb: 353712)                       |
[2022-07-08 03:15:50,447] [builder.py:2232]           [INFO]     | TMDb Top Rated Collection | ? | BTS In the SOOP (TVDb: 385996)                                     |
[2022-07-08 03:15:50,680] [builder.py:2232]           [INFO]     | TMDb Top Rated Collection | ? | The Terminal List (TVDb: 399917)                                   |
[2022-07-08 03:15:50,914] [builder.py:2232]           [INFO]     | TMDb Top Rated Collection | ? | The Kardashians (TVDb: 414093)                                     |
[2022-07-08 03:15:51,114] [builder.py:2232]           [INFO]     | TMDb Top Rated Collection | ? | Metal Family (TVDb: 384291)                                        |
[2022-07-08 03:15:51,369] [builder.py:2232]           [INFO]     | TMDb Top Rated Collection | ? | Banana Fish (TVDb: 343384)                                         |
[2022-07-08 03:15:51,691] [builder.py:2232]           [INFO]     | TMDb Top Rated Collection | ? | Scissor Seven (TVDb: 358612)                                       |
[2022-07-08 03:15:52,102] [builder.py:2232]           [INFO]     | TMDb Top Rated Collection | ? | Your Lie in April (TVDb: 279830)                                   |
[2022-07-08 03:15:52,396] [builder.py:2232]           [INFO]     | TMDb Top Rated Collection | ? | The Promised Neverland (TVDb: 348002)                              |
[2022-07-08 03:15:52,658] [builder.py:2232]           [INFO]     | TMDb Top Rated Collection | ? | SK8 the Infinity (TVDb: 388858)                                    |
[2022-07-08 03:15:52,914] [builder.py:2232]           [INFO]     | TMDb Top Rated Collection | ? | Maid Sama! (TVDb: 148151)                                          |
[2022-07-08 03:15:53,154] [builder.py:2232]           [INFO]     | TMDb Top Rated Collection | ? | My Hero Academia (TVDb: 305074)                                    |
[2022-07-08 03:15:53,447] [builder.py:2232]           [INFO]     | TMDb Top Rated Collection | ? | Haikyu!! (TVDb: 278157)                                            |
[2022-07-08 03:15:53,671] [builder.py:2232]           [INFO]     | TMDb Top Rated Collection | ? | The Owl House (TVDb: 349578)                                       |
[2022-07-08 03:15:53,904] [builder.py:2232]           [INFO]     | TMDb Top Rated Collection | ? | Vincenzo (TVDb: 391784)                                            |
[2022-07-08 03:15:54,137] [builder.py:2232]           [INFO]     | TMDb Top Rated Collection | ? | Weightlifting Fairy Kim Bok-Joo (TVDb: 315328)                     |
[2022-07-08 03:15:54,347] [builder.py:2232]           [INFO]     | TMDb Top Rated Collection | ? | Young Royals (TVDb: 399833)                                        |
[2022-07-08 03:15:54,596] [builder.py:2232]           [INFO]     | TMDb Top Rated Collection | ? | Demon Slayer: Kimetsu no Yaiba (TVDb: 348545)                      |
[2022-07-08 03:15:54,937] [builder.py:2232]           [INFO]     | TMDb Top Rated Collection | ? | Kamisama Kiss (TVDb: 262106)                                       |
[2022-07-08 03:15:54,942] [builder.py:2232]           [INFO]     | TMDb Top Rated Collection | ? | The Quintessential Quintuplets (TVDb: 355966)                      |
[2022-07-08 03:15:55,162] [builder.py:2232]           [INFO]     | TMDb Top Rated Collection | ? | Crash Landing on You (TVDb: 368385)                                |
[2022-07-08 03:15:55,429] [builder.py:2232]           [INFO]     | TMDb Top Rated Collection | ? | Mr. Queen (TVDb: 391392)                                           |
[2022-07-08 03:15:55,647] [builder.py:2232]           [INFO]     | TMDb Top Rated Collection | ? | Invincible (2021) (TVDb: 368207)                                   |
[2022-07-08 03:15:55,869] [builder.py:2232]           [INFO]     | TMDb Top Rated Collection | ? | Welcome to Demon School! Iruma-kun (TVDb: 369144)                  |
[2022-07-08 03:15:56,070] [builder.py:2232]           [INFO]     | TMDb Top Rated Collection | ? | Golden Time (TVDb: 272138)                                         |
[2022-07-08 03:15:56,529] [builder.py:2232]           [INFO]     | TMDb Top Rated Collection | ? | Yuri!!! on Ice (TVDb: 317004)                                      |
[2022-07-08 03:15:56,958] [builder.py:2232]           [INFO]     | TMDb Top Rated Collection | ? | Kaguya-sama: Love Is War (TVDb: 354198)                            |
[2022-07-08 03:15:57,162] [builder.py:2232]           [INFO]     | TMDb Top Rated Collection | ? | JoJo's Bizarre Adventure (2012) (TVDb: 262954)                     |
[2022-07-08 03:15:57,387] [builder.py:2232]           [INFO]     | TMDb Top Rated Collection | ? | Breaking Bad (TVDb: 81189)                                         |
[2022-07-08 03:15:57,637] [builder.py:2232]           [INFO]     | TMDb Top Rated Collection | ? | Our Planet (TVDb: 355229)                                          |
[2022-07-08 03:15:57,847] [builder.py:2232]           [INFO]     | TMDb Top Rated Collection | ? | Hunter x Hunter (2011) (TVDb: 252322)                              |
[2022-07-08 03:15:58,047] [builder.py:2232]           [INFO]     | TMDb Top Rated Collection | ? | Big Time Rush (TVDb: 142831)                                       |
[2022-07-08 03:15:58,337] [builder.py:2232]           [INFO]     | TMDb Top Rated Collection | ? | Toilet-Bound Hanako-kun (TVDb: 368364)                             |
[2022-07-08 03:15:58,545] [builder.py:2232]           [INFO]     | TMDb Top Rated Collection | ? | Anne with an E (TVDb: 322971)                                      |
[2022-07-08 03:15:58,762] [builder.py:2232]           [INFO]     | TMDb Top Rated Collection | ? | High School D×D (TVDb: 254653)                                     |
[2022-07-08 03:15:59,070] [builder.py:2232]           [INFO]     | TMDb Top Rated Collection | ? | Yu Yu Hakusho (TVDb: 76665)                                        |
[2022-07-08 03:15:59,314] [builder.py:2232]           [INFO]     | TMDb Top Rated Collection | ? | Rascal Does Not Dream of Bunny Girl Senpai (TVDb: 345596)          |
[2022-07-08 03:15:59,554] [builder.py:2232]           [INFO]     | TMDb Top Rated Collection | ? | Hitoribocchi no Marumaruseikatsu (TVDb: 358411)                    |
[2022-07-08 03:15:59,747] [builder.py:2232]           [INFO]     | TMDb Top Rated Collection | ? | School-Live! (TVDb: 283946)                                        |
[2022-07-08 03:16:00,062] [builder.py:2232]           [INFO]     | TMDb Top Rated Collection | ? | She-Ra and the Princesses of Power (TVDb: 350399)                  |
[2022-07-08 03:16:00,337] [builder.py:2232]           [INFO]     | TMDb Top Rated Collection | ? | One Piece (TVDb: 81797)                                            |
[2022-07-08 03:16:00,654] [builder.py:2232]           [INFO]     | TMDb Top Rated Collection | ? | Generator Rex (TVDb: 158551)                                       |
[2022-07-08 03:16:00,947] [builder.py:2232]           [INFO]     | TMDb Top Rated Collection | ? | Villainous (TVDb: 333696)                                          |
[2022-07-08 03:16:01,180] [builder.py:2232]           [INFO]     | TMDb Top Rated Collection | ? | Rent-a-Girlfriend (TVDb: 380654)                                   |
[2022-07-08 03:16:01,480] [builder.py:2232]           [INFO]     | TMDb Top Rated Collection | ? | Primal (TVDb: 364007)                                              |
[2022-07-08 03:16:01,737] [builder.py:2232]           [INFO]     | TMDb Top Rated Collection | ? | Helluva Boss (TVDb: 391246)                                        |
[2022-07-08 03:16:01,947] [builder.py:2232]           [INFO]     | TMDb Top Rated Collection | ? | Regular Show (TVDb: 188401)                                        |
[2022-07-08 03:16:02,258] [builder.py:2232]           [INFO]     | TMDb Top Rated Collection | ? | Hotel Del Luna (TVDb: 361412)                                      |
[2022-07-08 03:16:02,469] [builder.py:2232]           [INFO]     | TMDb Top Rated Collection | ? | Goblin (TVDb: 317220)                                              |
[2022-07-08 03:16:02,691] [builder.py:2232]           [INFO]     | TMDb Top Rated Collection | ? | Love, Victor (TVDb: 368188)                                        |
[2022-07-08 03:16:02,947] [builder.py:2232]           [INFO]     | TMDb Top Rated Collection | ? | DARLING in the FRANXX (TVDb: 337017)                               |
[2022-07-08 03:16:03,120] [builder.py:2232]           [INFO]     | TMDb Top Rated Collection | ? | Seton Academy: Join the Pack! (TVDb: 373680)                       |
[2022-07-08 03:16:03,314] [builder.py:2232]           [INFO]     | TMDb Top Rated Collection | ? | The Ancient Magus' Bride (TVDb: 316842)                            |
[2022-07-08 03:16:03,537] [builder.py:2232]           [INFO]     | TMDb Top Rated Collection | ? | That Time I Got Reincarnated as a Slime (TVDb: 352408)             |
[2022-07-08 03:16:03,825] [builder.py:2232]           [INFO]     | TMDb Top Rated Collection | ? | O11CE (TVDb: 323858)                                               |
[2022-07-08 03:16:04,047] [builder.py:2232]           [INFO]     | TMDb Top Rated Collection | ? | Scarlet Heart: Ryeo (TVDb: 311297)                                 |
[2022-07-08 03:16:04,303] [builder.py:2232]           [INFO]     | TMDb Top Rated Collection | ? | KONOSUBA - God's blessing on this wonderful world! (TVDb: 303867)  |
[2022-07-08 03:16:04,761] [builder.py:2232]           [INFO]     | TMDb Top Rated Collection | ? | 1883 (TVDb: 396390)                                                |
[2022-07-08 03:16:05,020] [builder.py:2232]           [INFO]     | TMDb Top Rated Collection | ? | Dr. Stone (TVDb: 355774)                                           |
[2022-07-08 03:16:05,345] [builder.py:2232]           [INFO]     | TMDb Top Rated Collection | ? | The Spectacular Spider-Man (TVDb: 81494)                           |
[2022-07-08 03:16:05,653] [builder.py:2232]           [INFO]     | TMDb Top Rated Collection | ? | The Penthouse (TVDb: 383800)                                       |
[2022-07-08 03:16:05,861] [builder.py:2232]           [INFO]     | TMDb Top Rated Collection | ? | My Love Story!! (TVDb: 289905)                                     |
[2022-07-08 03:16:06,061] [builder.py:2232]           [INFO]     | TMDb Top Rated Collection | ? | Blue Planet II (TVDb: 330942)                                      |
[2022-07-08 03:16:06,413] [builder.py:2232]           [INFO]     | TMDb Top Rated Collection | ? | Yona of the Dawn (TVDb: 283942)                                    |
[2022-07-08 03:16:06,661] [builder.py:2232]           [INFO]     | TMDb Top Rated Collection | ? | Real Girl (TVDb: 342010)                                           |
[2022-07-08 03:16:06,891] [builder.py:2232]           [INFO]     | TMDb Top Rated Collection | ? | Erased (TVDb: 303071)                                              |
[2022-07-08 03:16:07,147] [builder.py:2232]           [INFO]     | TMDb Top Rated Collection | ? | Fullmetal Alchemist: Brotherhood (TVDb: 85249)                     |
[2022-07-08 03:16:07,403] [builder.py:2232]           [INFO]     | TMDb Top Rated Collection | ? | Beastars (TVDb: 361013)                                            |
[2022-07-08 03:16:07,670] [builder.py:2232]           [INFO]     | TMDb Top Rated Collection | ? | Dickinson (TVDb: 361566)                                           |
[2022-07-08 03:16:07,958] [builder.py:2232]           [INFO]     | TMDb Top Rated Collection | ? | Kuroko's Basketball (TVDb: 257765)                                 |
[2022-07-08 03:16:08,161] [builder.py:2232]           [INFO]     | TMDb Top Rated Collection | ? | Zoids: Chaotic Century (TVDb: 73315)                               |
[2022-07-08 03:16:08,347] [builder.py:2232]           [INFO]     | TMDb Top Rated Collection | ? | Slam Dunk (TVDb: 72491)                                            |
[2022-07-08 03:16:08,661] [builder.py:2232]           [INFO]     | TMDb Top Rated Collection | ? | Shaman King (TVDb: 79857)                                          |
[2022-07-08 03:16:08,862] [builder.py:2232]           [INFO]     | TMDb Top Rated Collection | ? | Violet Evergarden (TVDb: 330139)                                   |
[2022-07-08 03:16:09,136] [builder.py:2232]           [INFO]     | TMDb Top Rated Collection | ? | The Umbrella Academy (TVDb: 353764)                                |
[2022-07-08 03:16:09,336] [builder.py:2232]           [INFO]     | TMDb Top Rated Collection | ? | BLEND-S (TVDb: 332162)                                             |
[2022-07-08 03:16:09,514] [builder.py:2232]           [INFO]     | TMDb Top Rated Collection | ? | Power Book II: Ghost (TVDb: 376837)                                |
[2022-07-08 03:16:09,791] [builder.py:2232]           [INFO]     | TMDb Top Rated Collection | ? | We Never Learn: BOKUBEN (TVDb: 359095)                             |
[2022-07-08 03:16:10,036] [builder.py:2232]           [INFO]     | TMDb Top Rated Collection | ? | Merlí (TVDb: 300428)                                               |
[2022-07-08 03:16:10,369] [builder.py:2232]           [INFO]     | TMDb Top Rated Collection | ? | Dororo (2019) (TVDb: 354167)                                       |
[2022-07-08 03:16:10,580] [builder.py:2232]           [INFO]     | TMDb Top Rated Collection | ? | Hajime no Ippo (TVDb: 79685)                                       |
[2022-07-08 03:16:10,770] [builder.py:2232]           [INFO]     | TMDb Top Rated Collection | ? | Ranma ½ (TVDb: 76932)                                              |
[2022-07-08 03:16:11,013] [builder.py:2232]           [INFO]     | TMDb Top Rated Collection | ? | Mushoku Tensei: Jobless Reincarnation (TVDb: 371310)               |
[2022-07-08 03:16:11,247] [builder.py:2232]           [INFO]     | TMDb Top Rated Collection | ? | To LOVE-Ru (TVDb: 81831)                                           |
[2022-07-08 03:16:11,494] [builder.py:2232]           [INFO]     | TMDb Top Rated Collection | ? | Cardcaptor Sakura (TVDb: 70668)                                    |
[2022-07-08 03:16:11,694] [builder.py:2232]           [INFO]     | TMDb Top Rated Collection | ? | Infinity Train (TVDb: 335425)                                      |
[2022-07-08 03:16:12,103] [builder.py:2232]           [INFO]     | TMDb Top Rated Collection | ? | Classroom of the Elite (TVDb: 329822)                              |
[2022-07-08 03:16:12,380] [builder.py:2232]           [INFO]     | TMDb Top Rated Collection | ? | When Calls the Heart (TVDb: 275517)                                |
[2022-07-08 03:16:12,613] [builder.py:2232]           [INFO]     | TMDb Top Rated Collection | ? | Death Note (TVDb: 79481)                                           |
[2022-07-08 03:16:12,827] [builder.py:2232]           [INFO]     | TMDb Top Rated Collection | ? | Cautious Hero: The Hero Is Overpowered but Overly Cautious (TVDb: 369048) |
[2022-07-08 03:16:12,828] [builder.py:2237]           [INFO]     |                                                                                                    |
[2022-07-08 03:16:12,828] [builder.py:2238]           [INFO]     | 98 Shows Missing                                                                                   |
[2022-07-08 03:16:12,829] [plex_meta_manager.py:593]  [INFO]     |                                                                                                    |
[2022-07-08 03:16:12,829] [plex_meta_manager.py:594]  [INFO]     | Collection Minimum: 3 not met for TMDb Top Rated Collection                                        |
[2022-07-08 03:16:12,829] [plex_meta_manager.py:674]  [INFO]     |                                                                                                    |
[2022-07-08 03:16:12,830] [plex_meta_manager.py:675]  [INFO]     |====================================================================================================|
[2022-07-08 03:16:12,830] [plex_meta_manager.py:675]  [INFO]     |                                 Finished TMDb Top Rated Collection                                 |
[2022-07-08 03:16:12,830] [plex_meta_manager.py:675]  [INFO]     |                                    Collection Run Time: 0:00:25                                    |
[2022-07-08 03:16:12,831] [plex_meta_manager.py:675]  [INFO]     |====================================================================================================|
