[2022-07-08 03:08:20,576] [builder.py:185]            [INFO]     |====================================================================================================|
[2022-07-08 03:08:20,577] [builder.py:185]            [INFO]     |                                Trakt Trending Collection in ...日本动漫                                |
[2022-07-08 03:08:20,577] [builder.py:185]            [INFO]     |====================================================================================================|
[2022-07-08 03:08:20,578] [builder.py:186]            [INFO]     |                                                                                                    |
[2022-07-08 03:08:20,578] [builder.py:191]            [INFO]     |=============================== Validating Trakt Trending Attributes ===============================|
[2022-07-08 03:08:20,579] [builder.py:212]            [DEBUG]    |                                                                                                    |
[2022-07-08 03:08:20,579] [builder.py:213]            [DEBUG]    | Validating Method: template                                                                        |
[2022-07-08 03:08:20,579] [meta.py:103]               [DEBUG]    | Value: [{'value': ['trending'], 'custom': ['trending'], 'key_name': 'Trending', 'key': 'trending', 'name': 'trakt'}, {'value': ['trending'], 'custom': ['trending'], 'key_name': 'Trending', 'key': 'trending', 'name': 'customsync'}, {'value': ['trending'], 'custom': ['trending'], 'key_name': 'Trending', 'key': 'trending', 'name': 'chart_shared'}] |
[2022-07-08 03:08:20,582] [builder.py:437]            [DEBUG]    |                                                                                                    |
[2022-07-08 03:08:20,583] [builder.py:438]            [DEBUG]    | Validating Method: sync_mode                                                                       |
[2022-07-08 03:08:20,583] [builder.py:442]            [DEBUG]    | Value: sync                                                                                        |
[2022-07-08 03:08:20,583] [builder.py:582]            [DEBUG]    |                                                                                                    |
[2022-07-08 03:08:20,584] [builder.py:583]            [DEBUG]    | Validating Method: collection_order                                                                |
[2022-07-08 03:08:20,584] [builder.py:584]            [DEBUG]    | Value: custom                                                                                      |
[2022-07-08 03:08:20,584] [builder.py:600]            [DEBUG]    |                                                                                                    |
[2022-07-08 03:08:20,585] [builder.py:604]            [DEBUG]    | Validating Method: label                                                                           |
[2022-07-08 03:08:20,585] [builder.py:605]            [DEBUG]    | Value: Trakt                                                                                       |
[2022-07-08 03:08:20,585] [builder.py:600]            [DEBUG]    |                                                                                                    |
[2022-07-08 03:08:20,585] [builder.py:604]            [DEBUG]    | Validating Method: trakt_chart                                                                     |
[2022-07-08 03:08:20,586] [builder.py:605]            [DEBUG]    | Value: {'chart': 'trending', 'limit': 100}                                                         |
[2022-07-08 03:08:20,586] [builder.py:600]            [DEBUG]    |                                                                                                    |
[2022-07-08 03:08:20,587] [builder.py:604]            [DEBUG]    | Validating Method: summary                                                                         |
[2022-07-08 03:08:20,587] [builder.py:605]            [DEBUG]    | Value: A collection of Trakt's Weekly show List                                                    |
[2022-07-08 03:08:20,587] [builder.py:600]            [DEBUG]    |                                                                                                    |
[2022-07-08 03:08:20,588] [builder.py:604]            [DEBUG]    | Validating Method: sort_title                                                                      |
[2022-07-08 03:08:20,588] [builder.py:605]            [DEBUG]    | Value: !01_Trakt Trending                                                                          |
[2022-07-08 03:08:20,588] [builder.py:600]            [DEBUG]    |                                                                                                    |
[2022-07-08 03:08:20,589] [builder.py:604]            [DEBUG]    | Validating Method: url_poster                                                                      |
[2022-07-08 03:08:20,589] [builder.py:605]            [DEBUG]    | Value: https://raw.githubusercontent.com/meisnate12/Plex-Meta-Manager-Images/master/chart/Trakt%20Trending.jpg |
[2022-07-08 03:08:20,895] [plex.py:742]               [DEBUG]    |                                                                                                    |
[2022-07-08 03:08:20,895] [plex.py:745]               [DEBUG]    | Looking for: Trakt Trending                                                                        |
[2022-07-08 03:08:20,896] [builder.py:764]            [INFO]     |                                                                                                    |
[2022-07-08 03:08:20,896] [builder.py:765]            [INFO]     | Validation Successful                                                                              |
[2022-07-08 03:08:20,896] [plex_meta_manager.py:539]  [INFO]     |                                                                                                    |
[2022-07-08 03:08:20,897] [plex_meta_manager.py:541]  [INFO]     |================================ Running Trakt Trending Collection =================================|
[2022-07-08 03:08:20,897] [plex_meta_manager.py:553]  [INFO]     |                                                                                                    |
[2022-07-08 03:08:20,898] [plex_meta_manager.py:554]  [INFO]     | Sync Mode: sync                                                                                    |
[2022-07-08 03:08:20,898] [plex_meta_manager.py:557]  [DEBUG]    |                                                                                                    |
[2022-07-08 03:08:20,898] [plex_meta_manager.py:558]  [DEBUG]    | Builder: trakt_chart: {'chart': 'trending', 'limit': 100, 'time_period': None}                     |
[2022-07-08 03:08:20,899] [plex_meta_manager.py:559]  [INFO]     |                                                                                                    |
[2022-07-08 03:08:20,899] [trakt.py:490]              [INFO]     | Processing Trakt Chart: 100 Trending Shows                                                         |
[2022-07-08 03:08:21,155] [builder.py:1507]           [DEBUG]    |                                                                                                    |
[2022-07-08 03:08:21,155] [builder.py:1508]           [DEBUG]    | 100 IDs Found: [(305288, 'tvdb'), (382389, 'tvdb'), (328487, 'tvdb'), (399917, 'tvdb'), (355567, 'tvdb'), (353764, 'tvdb'), (368612, 'tvdb'), (296762, 'tvdb'), (393199, 'tvdb'), (356202, 'tvdb'), (273181, 'tvdb'), (402621, 'tvdb'), (92091, 'tvdb'), (367392, 'tvdb'), (399959, 'tvdb'), (79168, 'tvdb'), (80379, 'tvdb'), (329089, 'tvdb'), (414721, 'tvdb'), (121361, 'tvdb'), (266189, 'tvdb'), (258541, 'tvdb'), (73762, 'tvdb'), (270915, 'tvdb'), (296669, 'tvdb'), (328634, 'tvdb'), (350665, 'tvdb'), (73244, 'tvdb'), (75299, 'tvdb'), (72449, 'tvdb'), (75692, 'tvdb'), (366524, 'tvdb'), (363955, 'tvdb'), (95011, 'tvdb'), (78901, 'tvdb'), (366625, 'tvdb'), (304262, 'tvdb'), (298905, 'tvdb'), (363841, 'tvdb'), (401831, 'tvdb'), (371980, 'tvdb'), (153021, 'tvdb'), (75760, 'tvdb'), (247808, 'tvdb'), (295685, 'tvdb'), (83462, 'tvdb'), (333072, 'tvdb'), (409671, 'tvdb'), (71663, 'tvdb'), (269641, 'tvdb'), (364047, 'tvdb'), (196741, 'tvdb'), (79126, 'tvdb'), (72227, 'tvdb'), (75710, 'tvdb'), (311714, 'tvdb'), (76733, 'tvdb'), (349659, 'tvdb'), (400269, 'tvdb'), (403294, 'tvdb'), (283196, 'tvdb'), (378178, 'tvdb'), (81189, 'tvdb'), (73255, 'tvdb'), (82066, 'tvdb'), (73871, 'tvdb'), (75978, 'tvdb'), (82696, 'tvdb'), (84912, 'tvdb'), (361753, 'tvdb'), (77398, 'tvdb'), (74608, 'tvdb'), (72108, 'tvdb'), (73800, 'tvdb'), (298566, 'tvdb'), (368611, 'tvdb'), (95441, 'tvdb'), (277928, 'tvdb'), (341164, 'tvdb'), (368166, 'tvdb'), (328569, 'tvdb'), (375655, 'tvdb'), (76706, 'tvdb'), (79490, 'tvdb'), (390848, 'tvdb'), (407498, 'tvdb'), (402909, 'tvdb'), (79349, 'tvdb'), (73739, 'tvdb'), (279121, 'tvdb'), (248736, 'tvdb'), (290853, 'tvdb'), (73141, 'tvdb'), (194031, 'tvdb'), (72073, 'tvdb'), (349272, 'tvdb'), (328687, 'tvdb'), (402811, 'tvdb'), (264586, 'tvdb'), (161511, 'tvdb')] |
[2022-07-08 03:08:21,156] [builder.py:1509]           [DEBUG]    |                                                                                                    |
[2022-07-08 03:08:21,158] [builder.py:2218]           [INFO]     |                                                                                                    |
[2022-07-08 03:08:21,159] [builder.py:2219]           [INFO]     |============================ Missing Shows from Library: Trakt Trending ============================|
[2022-07-08 03:08:21,159] [builder.py:2220]           [INFO]     |                                                                                                    |
[2022-07-08 03:08:21,560] [builder.py:2232]           [INFO]     | Trakt Trending Collection | ? | Stranger Things (TVDb: 305288)                                     |
[2022-07-08 03:08:21,871] [builder.py:2232]           [INFO]     | Trakt Trending Collection | ? | Star Trek: Strange New Worlds (TVDb: 382389)                       |
[2022-07-08 03:08:22,171] [builder.py:2232]           [INFO]     | Trakt Trending Collection | ? | The Orville (TVDb: 328487)                                         |
[2022-07-08 03:08:22,475] [builder.py:2232]           [INFO]     | Trakt Trending Collection | ? | The Terminal List (TVDb: 399917)                                   |
[2022-07-08 03:08:22,838] [builder.py:2232]           [INFO]     | Trakt Trending Collection | ? | The Boys (TVDb: 355567)                                            |
[2022-07-08 03:08:23,142] [builder.py:2232]           [INFO]     | Trakt Trending Collection | ? | The Umbrella Academy (TVDb: 353764)                                |
[2022-07-08 03:08:23,415] [builder.py:2232]           [INFO]     | Trakt Trending Collection | ? | Ms. Marvel (TVDb: 368612)                                          |
[2022-07-08 03:08:23,660] [builder.py:2232]           [INFO]     | Trakt Trending Collection | ? | Westworld (TVDb: 296762)                                           |
[2022-07-08 03:08:23,926] [builder.py:2232]           [INFO]     | Trakt Trending Collection | ? | Obi-Wan Kenobi (TVDb: 393199)                                      |
[2022-07-08 03:08:24,217] [builder.py:2232]           [INFO]     | Trakt Trending Collection | ? | For All Mankind (TVDb: 356202)                                     |
[2022-07-08 03:08:24,460] [builder.py:2232]           [INFO]     | Trakt Trending Collection | ? | Better Call Saul (TVDb: 273181)                                    |
[2022-07-08 03:08:24,675] [builder.py:2232]           [INFO]     | Trakt Trending Collection | ? | Moonhaven (TVDb: 402621)                                           |
[2022-07-08 03:08:25,004] [builder.py:2232]           [INFO]     | Trakt Trending Collection | ? | MasterChef Australia (TVDb: 92091)                                 |
[2022-07-08 03:08:25,010] [builder.py:2232]           [INFO]     | Trakt Trending Collection | ? | The Old Man (TVDb: 367392)                                         |
[2022-07-08 03:08:25,271] [builder.py:2232]           [INFO]     | Trakt Trending Collection | ? | Only Murders in the Building (TVDb: 399959)                        |
[2022-07-08 03:08:25,493] [builder.py:2232]           [INFO]     | Trakt Trending Collection | ? | Friends (TVDb: 79168)                                              |
[2022-07-08 03:08:25,717] [builder.py:2232]           [INFO]     | Trakt Trending Collection | ? | The Big Bang Theory (TVDb: 80379)                                  |
[2022-07-08 03:08:25,960] [builder.py:2232]           [INFO]     | Trakt Trending Collection | ? | Ozark (TVDb: 329089)                                               |
[2022-07-08 03:08:26,142] [builder.py:2232]           [INFO]     | Trakt Trending Collection | ? | The Man Who Fell to Earth (TVDb: 414721)                           |
[2022-07-08 03:08:26,417] [builder.py:2232]           [INFO]     | Trakt Trending Collection | ? | Game of Thrones (TVDb: 121361)                                     |
[2022-07-08 03:08:26,738] [builder.py:2232]           [INFO]     | Trakt Trending Collection | ? | The Blacklist (TVDb: 266189)                                       |
[2022-07-08 03:08:27,149] [builder.py:2232]           [INFO]     | Trakt Trending Collection | ? | Chicago Fire (TVDb: 258541)                                        |
[2022-07-08 03:08:27,360] [builder.py:2232]           [INFO]     | Trakt Trending Collection | ? | Grey's Anatomy (TVDb: 73762)                                       |
[2022-07-08 03:08:27,627] [builder.py:2232]           [INFO]     | Trakt Trending Collection | ? | Peaky Blinders (TVDb: 270915)                                      |
[2022-07-08 03:08:27,815] [builder.py:2232]           [INFO]     | Trakt Trending Collection | ? | Love Island (TVDb: 296669)                                         |
[2022-07-08 03:08:28,204] [builder.py:2232]           [INFO]     | Trakt Trending Collection | ? | The Good Doctor (TVDb: 328634)                                     |
[2022-07-08 03:08:28,210] [builder.py:2232]           [INFO]     | Trakt Trending Collection | ? | The Rookie (TVDb: 350665)                                          |
[2022-07-08 03:08:28,417] [builder.py:2232]           [INFO]     | Trakt Trending Collection | ? | The Office (US) (TVDb: 73244)                                      |
[2022-07-08 03:08:28,771] [builder.py:2232]           [INFO]     | Trakt Trending Collection | ? | The Sopranos (TVDb: 75299)                                         |
[2022-07-08 03:08:29,093] [builder.py:2232]           [INFO]     | Trakt Trending Collection | ? | Stargate SG-1 (TVDb: 72449)                                        |
[2022-07-08 03:08:29,333] [builder.py:2232]           [INFO]     | Trakt Trending Collection | ? | Law & Order: Special Victims Unit (TVDb: 75692)                    |
[2022-07-08 03:08:29,660] [builder.py:2232]           [INFO]     | Trakt Trending Collection | ? | Halo (TVDb: 366524)                                                |
[2022-07-08 03:08:29,875] [builder.py:2232]           [INFO]     | Trakt Trending Collection | ? | Evil (TVDb: 363955)                                                |
[2022-07-08 03:08:30,183] [builder.py:2232]           [INFO]     | Trakt Trending Collection | ? | Modern Family (TVDb: 95011)                                        |
[2022-07-08 03:08:30,516] [builder.py:2232]           [INFO]     | Trakt Trending Collection | ? | Supernatural (TVDb: 78901)                                         |
[2022-07-08 03:08:30,771] [builder.py:2232]           [INFO]     | Trakt Trending Collection | ? | The Flight Attendant (TVDb: 366625)                                |
[2022-07-08 03:08:31,193] [builder.py:2232]           [INFO]     | Trakt Trending Collection | ? | Animal Kingdom (2016) (TVDb: 304262)                               |
[2022-07-08 03:08:31,904] [builder.py:2232]           [INFO]     | Trakt Trending Collection | ? | Taskmaster (TVDb: 298905)                                          |
[2022-07-08 03:08:32,458] [builder.py:2232]           [INFO]     | Trakt Trending Collection | ? | All Rise (TVDb: 363841)                                            |
[2022-07-08 03:08:32,741] [builder.py:2232]           [INFO]     | Trakt Trending Collection | ? | The Undeclared War (TVDb: 401831)                                  |
[2022-07-08 03:08:32,960] [builder.py:2232]           [INFO]     | Trakt Trending Collection | ? | Severance (TVDb: 371980)                                           |
[2022-07-08 03:08:33,250] [builder.py:2232]           [INFO]     | Trakt Trending Collection | ? | The Walking Dead (TVDb: 153021)                                    |
[2022-07-08 03:08:33,493] [builder.py:2232]           [INFO]     | Trakt Trending Collection | ? | How I Met Your Mother (TVDb: 75760)                                |
[2022-07-08 03:08:33,693] [builder.py:2232]           [INFO]     | Trakt Trending Collection | ? | Suits (TVDb: 247808)                                               |
[2022-07-08 03:08:33,960] [builder.py:2232]           [INFO]     | Trakt Trending Collection | ? | Lucifer (TVDb: 295685)                                             |
[2022-07-08 03:08:34,224] [builder.py:2232]           [INFO]     | Trakt Trending Collection | ? | Castle (2009) (TVDb: 83462)                                        |
[2022-07-08 03:08:34,638] [builder.py:2232]           [INFO]     | Trakt Trending Collection | ? | Barry (TVDb: 333072)                                               |
[2022-07-08 03:08:34,915] [builder.py:2232]           [INFO]     | Trakt Trending Collection | ? | The Real Housewives Ultimate Girls Trip (TVDb: 409671)             |
[2022-07-08 03:08:35,160] [builder.py:2232]           [INFO]     | Trakt Trending Collection | ? | The Simpsons (TVDb: 71663)                                         |
[2022-07-08 03:08:35,508] [builder.py:2232]           [INFO]     | Trakt Trending Collection | ? | Chicago P.D. (TVDb: 269641)                                        |
[2022-07-08 03:08:35,874] [builder.py:2232]           [INFO]     | Trakt Trending Collection | ? | Motherland: Fort Salem (TVDb: 364047)                              |
[2022-07-08 03:08:36,138] [builder.py:2232]           [INFO]     | Trakt Trending Collection | ? | The Real Housewives of Beverly Hills (TVDb: 196741)                |
[2022-07-08 03:08:36,441] [builder.py:2232]           [INFO]     | Trakt Trending Collection | ? | The Wire (TVDb: 79126)                                             |
[2022-07-08 03:08:36,771] [builder.py:2232]           [INFO]     | Trakt Trending Collection | ? | Two and a Half Men (TVDb: 72227)                                   |
[2022-07-08 03:08:37,082] [builder.py:2232]           [INFO]     | Trakt Trending Collection | ? | Criminal Minds (TVDb: 75710)                                       |
[2022-07-08 03:08:37,382] [builder.py:2232]           [INFO]     | Trakt Trending Collection | ? | This Is Us (TVDb: 311714)                                          |
[2022-07-08 03:08:37,604] [builder.py:2232]           [INFO]     | Trakt Trending Collection | ? | Survivor (TVDb: 76733)                                             |
[2022-07-08 03:08:37,841] [builder.py:2232]           [INFO]     | Trakt Trending Collection | ? | Mayans M.C. (TVDb: 349659)                                         |
[2022-07-08 03:08:39,619] [builder.py:2232]           [INFO]     | Trakt Trending Collection | ? | The Staircase (2022) (TVDb: 400269)                                |
[2022-07-08 03:08:39,993] [builder.py:2232]           [INFO]     | Trakt Trending Collection | ? | The Bear (TVDb: 403294)                                            |
[2022-07-08 03:08:40,260] [builder.py:2232]           [INFO]     | Trakt Trending Collection | ? | Married at First Sight (TVDb: 283196)                              |
[2022-07-08 03:08:40,504] [builder.py:2232]           [INFO]     | Trakt Trending Collection | ? | The Secret of Skinwalker Ranch (TVDb: 378178)                      |
[2022-07-08 03:08:40,793] [builder.py:2232]           [INFO]     | Trakt Trending Collection | ? | Breaking Bad (TVDb: 81189)                                         |
[2022-07-08 03:08:40,965] [builder.py:2232]           [INFO]     | Trakt Trending Collection | ? | House (TVDb: 73255)                                                |
[2022-07-08 03:08:41,249] [builder.py:2232]           [INFO]     | Trakt Trending Collection | ? | Fringe (TVDb: 82066)                                               |
[2022-07-08 03:08:41,724] [builder.py:2232]           [INFO]     | Trakt Trending Collection | ? | Futurama (TVDb: 73871)                                             |
[2022-07-08 03:08:41,999] [builder.py:2232]           [INFO]     | Trakt Trending Collection | ? | Family Guy (TVDb: 75978)                                           |
[2022-07-08 03:08:42,215] [builder.py:2232]           [INFO]     | Trakt Trending Collection | ? | Sons of Anarchy (TVDb: 82696)                                      |
[2022-07-08 03:08:42,493] [builder.py:2232]           [INFO]     | Trakt Trending Collection | ? | Parks and Recreation (TVDb: 84912)                                 |
[2022-07-08 03:08:42,815] [builder.py:2232]           [INFO]     | Trakt Trending Collection | ? | The Mandalorian (TVDb: 361753)                                     |
[2022-07-08 03:08:43,140] [builder.py:2232]           [INFO]     | Trakt Trending Collection | ? | The X-Files (TVDb: 77398)                                          |
[2022-07-08 03:08:43,404] [builder.py:2232]           [INFO]     | Trakt Trending Collection | ? | Top Gear (TVDb: 74608)                                             |
[2022-07-08 03:08:43,715] [builder.py:2232]           [INFO]     | Trakt Trending Collection | ? | NCIS (TVDb: 72108)                                                 |
[2022-07-08 03:08:46,117] [builder.py:2232]           [INFO]     | Trakt Trending Collection | ? | Desperate Housewives (TVDb: 73800)                                 |
[2022-07-08 03:08:46,382] [builder.py:2232]           [INFO]     | Trakt Trending Collection | ? | The Last Kingdom (TVDb: 298566)                                    |
[2022-07-08 03:08:46,626] [builder.py:2232]           [INFO]     | Trakt Trending Collection | ? | Moon Knight (TVDb: 368611)                                         |
[2022-07-08 03:08:46,849] [builder.py:2232]           [INFO]     | Trakt Trending Collection | ? | NCIS: Los Angeles (TVDb: 95441)                                    |
[2022-07-08 03:08:47,093] [builder.py:2232]           [INFO]     | Trakt Trending Collection | ? | Bosch (TVDb: 277928)                                               |
[2022-07-08 03:08:47,326] [builder.py:2232]           [INFO]     | Trakt Trending Collection | ? | Yellowstone (2018) (TVDb: 341164)                                  |
[2022-07-08 03:08:47,638] [builder.py:2232]           [INFO]     | Trakt Trending Collection | ? | Resident Alien (TVDb: 368166)                                      |
[2022-07-08 03:08:47,890] [builder.py:2232]           [INFO]     | Trakt Trending Collection | ? | The Resident (TVDb: 328569)                                        |
[2022-07-08 03:08:48,182] [builder.py:2232]           [INFO]     | Trakt Trending Collection | ? | Superman & Lois (TVDb: 375655)                                     |
[2022-07-08 03:08:48,460] [builder.py:2232]           [INFO]     | Trakt Trending Collection | ? | Big Brother (US) (TVDb: 76706)                                     |
[2022-07-08 03:08:48,740] [builder.py:2232]           [INFO]     | Trakt Trending Collection | ? | America's Got Talent (TVDb: 79490)                                 |
[2022-07-08 03:08:49,004] [builder.py:2232]           [INFO]     | Trakt Trending Collection | ? | Night Sky (TVDb: 390848)                                           |
[2022-07-08 03:08:49,215] [builder.py:2232]           [INFO]     | Trakt Trending Collection | ? | Sherwood (2022) (TVDb: 407498)                                     |
[2022-07-08 03:08:49,493] [builder.py:2232]           [INFO]     | Trakt Trending Collection | ? | Maggie (TVDb: 402909)                                              |
[2022-07-08 03:08:49,690] [builder.py:2232]           [INFO]     | Trakt Trending Collection | ? | Dexter (TVDb: 79349)                                               |
[2022-07-08 03:08:49,982] [builder.py:2232]           [INFO]     | Trakt Trending Collection | ? | Lost (TVDb: 73739)                                                 |
[2022-07-08 03:08:50,440] [builder.py:2232]           [INFO]     | Trakt Trending Collection | ? | The Flash (2014) (TVDb: 279121)                                    |
[2022-07-08 03:08:50,673] [builder.py:2232]           [INFO]     | Trakt Trending Collection | ? | Grimm (TVDb: 248736)                                               |
[2022-07-08 03:08:50,906] [builder.py:2232]           [INFO]     | Trakt Trending Collection | ? | Fear the Walking Dead (TVDb: 290853)                               |
[2022-07-08 03:08:51,215] [builder.py:2232]           [INFO]     | Trakt Trending Collection | ? | American Dad! (TVDb: 73141)                                        |
[2022-07-08 03:08:51,498] [builder.py:2232]           [INFO]     | Trakt Trending Collection | ? | Bob's Burgers (TVDb: 194031)                                       |
[2022-07-08 03:08:51,815] [builder.py:2232]           [INFO]     | Trakt Trending Collection | ? | Star Trek: Deep Space Nine (TVDb: 72073)                           |
[2022-07-08 03:08:52,140] [builder.py:2232]           [INFO]     | Trakt Trending Collection | ? | New Amsterdam (2018) (TVDb: 349272)                                |
[2022-07-08 03:08:52,406] [builder.py:2232]           [INFO]     | Trakt Trending Collection | ? | S.W.A.T. (2017) (TVDb: 328687)                                     |
[2022-07-08 03:08:52,615] [builder.py:2232]           [INFO]     | Trakt Trending Collection | ? | Below Deck Down Under (TVDb: 402811)                               |
[2022-07-08 03:08:52,882] [builder.py:2232]           [INFO]     | Trakt Trending Collection | ? | Orange Is the New Black (TVDb: 264586)                             |
[2022-07-08 03:08:53,093] [builder.py:2232]           [INFO]     | Trakt Trending Collection | ? | Shameless (US) (TVDb: 161511)                                      |
[2022-07-08 03:08:53,094] [builder.py:2237]           [INFO]     |                                                                                                    |
[2022-07-08 03:08:53,094] [builder.py:2238]           [INFO]     | 100 Shows Missing                                                                                  |
[2022-07-08 03:08:53,095] [plex_meta_manager.py:593]  [INFO]     |                                                                                                    |
[2022-07-08 03:08:53,095] [plex_meta_manager.py:594]  [INFO]     | Collection Minimum: 3 not met for Trakt Trending Collection                                        |
[2022-07-08 03:08:53,095] [plex_meta_manager.py:674]  [INFO]     |                                                                                                    |
[2022-07-08 03:08:53,096] [plex_meta_manager.py:675]  [INFO]     |====================================================================================================|
[2022-07-08 03:08:53,096] [plex_meta_manager.py:675]  [INFO]     |                                 Finished Trakt Trending Collection                                 |
[2022-07-08 03:08:53,096] [plex_meta_manager.py:675]  [INFO]     |                                    Collection Run Time: 0:00:32                                    |
[2022-07-08 03:08:53,097] [plex_meta_manager.py:675]  [INFO]     |====================================================================================================|
