[2022-07-08 01:42:44,099] [builder.py:185]            [INFO]     |====================================================================================================|
[2022-07-08 01:42:44,099] [builder.py:185]            [INFO]     |                              IMDB Top250 (2010年) Collection in Movies                              |
[2022-07-08 01:42:44,100] [builder.py:185]            [INFO]     |====================================================================================================|
[2022-07-08 01:42:44,100] [builder.py:186]            [INFO]     |                                                                                                    |
[2022-07-08 01:42:44,100] [builder.py:191]            [INFO]     |============================ Validating IMDB Top250 (2010年) Attributes =============================|
[2022-07-08 01:42:44,101] [builder.py:437]            [DEBUG]    |                                                                                                    |
[2022-07-08 01:42:44,101] [builder.py:438]            [DEBUG]    | Validating Method: sync_mode                                                                       |
[2022-07-08 01:42:44,102] [builder.py:442]            [DEBUG]    | Value: sync                                                                                        |
[2022-07-08 01:42:44,102] [builder.py:582]            [DEBUG]    |                                                                                                    |
[2022-07-08 01:42:44,102] [builder.py:583]            [DEBUG]    | Validating Method: collection_order                                                                |
[2022-07-08 01:42:44,102] [builder.py:584]            [DEBUG]    | Value: custom                                                                                      |
[2022-07-08 01:42:44,103] [builder.py:600]            [DEBUG]    |                                                                                                    |
[2022-07-08 01:42:44,103] [builder.py:604]            [DEBUG]    | Validating Method: trakt_list                                                                      |
[2022-07-08 01:42:44,103] [builder.py:605]            [DEBUG]    | Value: https://trakt.tv/users/bpsim/lists/imdb-top-250-year-of-2010                                |
[2022-07-08 01:42:45,202] [builder.py:600]            [DEBUG]    |                                                                                                    |
[2022-07-08 01:42:45,203] [builder.py:604]            [DEBUG]    | Validating Method: url_poster                                                                      |
[2022-07-08 01:42:45,203] [builder.py:605]            [DEBUG]    | Value: http://1.bp.blogspot.com/-xXABqhqTx3Q/UO-yBML_2MI/AAAAAAAAA74/A930nVncOPI/s1600/imdb-feature.jpg |
[2022-07-08 01:42:51,062] [builder.py:764]            [INFO]     |                                                                                                    |
[2022-07-08 01:42:51,062] [builder.py:765]            [INFO]     | Validation Successful                                                                              |
[2022-07-08 01:42:51,065] [plex_meta_manager.py:539]  [INFO]     |                                                                                                    |
[2022-07-08 01:42:51,066] [plex_meta_manager.py:541]  [INFO]     |============================== Running IMDB Top250 (2010年) Collection ==============================|
[2022-07-08 01:42:51,066] [plex_meta_manager.py:553]  [INFO]     |                                                                                                    |
[2022-07-08 01:42:51,067] [plex_meta_manager.py:554]  [INFO]     | Sync Mode: sync                                                                                    |
[2022-07-08 01:42:51,067] [plex_meta_manager.py:557]  [DEBUG]    |                                                                                                    |
[2022-07-08 01:42:51,067] [plex_meta_manager.py:558]  [DEBUG]    | Builder: trakt_list: https://trakt.tv/users/bpsim/lists/imdb-top-250-year-of-2010                  |
[2022-07-08 01:42:51,068] [plex_meta_manager.py:559]  [INFO]     |                                                                                                    |
[2022-07-08 01:42:51,068] [trakt.py:482]              [INFO]     | Processing Trakt List: https://trakt.tv/users/bpsim/lists/imdb-top-250-year-of-2010                |
[2022-07-08 01:42:52,065] [builder.py:1507]           [DEBUG]    |                                                                                                    |
[2022-07-08 01:42:52,066] [builder.py:1508]           [DEBUG]    | 250 IDs Found: [(278, 'tmdb'), (238, 'tmdb'), (240, 'tmdb'), (429, 'tmdb'), (680, 'tmdb'), (27205, 'tmdb'), (424, 'tmdb'), (389, 'tmdb'), (510, 'tmdb'), (155, 'tmdb'), (1891, 'tmdb'), (122, 'tmdb'), (346, 'tmdb'), (11, 'tmdb'), (550, 'tmdb'), (769, 'tmdb'), (289, 'tmdb'), (598, 'tmdb'), (120, 'tmdb'), (335, 'tmdb'), (567, 'tmdb'), (85, 'tmdb'), (539, 'tmdb'), (629, 'tmdb'), (603, 'tmdb'), (10193, 'tmdb'), (274, 'tmdb'), (807, 'tmdb'), (1585, 'tmdb'), (77, 'tmdb'), (121, 'tmdb'), (599, 'tmdb'), (13, 'tmdb'), (935, 'tmdb'), (101, 'tmdb'), (28, 'tmdb'), (15, 'tmdb'), (213, 'tmdb'), (14, 'tmdb'), (73, 'tmdb'), (103, 'tmdb'), (280, 'tmdb'), (857, 'tmdb'), (426, 'tmdb'), (194, 'tmdb'), (348, 'tmdb'), (10681, 'tmdb'), (694, 'tmdb'), (947, 'tmdb'), (129, 'tmdb'), (44214, 'tmdb'), (975, 'tmdb'), (996, 'tmdb'), (423, 'tmdb'), (185, 'tmdb'), (595, 'tmdb'), (582, 'tmdb'), (832, 'tmdb'), (1422, 'tmdb'), (901, 'tmdb'), (679, 'tmdb'), (38, 'tmdb'), (641, 'tmdb'), (387, 'tmdb'), (1092, 'tmdb'), (500, 'tmdb'), (2118, 'tmdb'), (829, 'tmdb'), (3082, 'tmdb'), (3090, 'tmdb'), (637, 'tmdb'), (105, 'tmdb'), (762, 'tmdb'), (1124, 'tmdb'), (1417, 'tmdb'), (1578, 'tmdb'), (11216, 'tmdb'), (872, 'tmdb'), (239, 'tmdb'), (826, 'tmdb'), (548, 'tmdb'), (705, 'tmdb'), (279, 'tmdb'), (311, 'tmdb'), (497, 'tmdb'), (600, 'tmdb'), (62, 'tmdb'), (5156, 'tmdb'), (16869, 'tmdb'), (197, 'tmdb'), (914, 'tmdb'), (284, 'tmdb'), (613, 'tmdb'), (14160, 'tmdb'), (13223, 'tmdb'), (98, 'tmdb'), (19, 'tmdb'), (9277, 'tmdb'), (963, 'tmdb'), (33, 'tmdb'), (1955, 'tmdb'), (3083, 'tmdb'), (187, 'tmdb'), (670, 'tmdb'), (654, 'tmdb'), (89, 'tmdb'), (223, 'tmdb'), (1892, 'tmdb'), (562, 'tmdb'), (5925, 'tmdb'), (272, 'tmdb'), (128, 'tmdb'), (490, 'tmdb'), (578, 'tmdb'), (205, 'tmdb'), (12405, 'tmdb'), (78, 'tmdb'), (275, 'tmdb'), (6977, 'tmdb'), (961, 'tmdb'), (949, 'tmdb'), (630, 'tmdb'), (1480, 'tmdb'), (938, 'tmdb'), (11878, 'tmdb'), (11645, 'tmdb'), (37257, 'tmdb'), (614, 'tmdb'), (107, 'tmdb'), (745, 'tmdb'), (12477, 'tmdb'), (17654, 'tmdb'), (703, 'tmdb'), (141, 'tmdb'), (11778, 'tmdb'), (903, 'tmdb'), (845, 'tmdb'), (288, 'tmdb'), (115, 'tmdb'), (3078, 'tmdb'), (19995, 'tmdb'), (24, 'tmdb'), (8587, 'tmdb'), (792, 'tmdb'), (5915, 'tmdb'), (7345, 'tmdb'), (303, 'tmdb'), (70, 'tmdb'), (862, 'tmdb'), (37799, 'tmdb'), (642, 'tmdb'), (770, 'tmdb'), (631, 'tmdb'), (627, 'tmdb'), (962, 'tmdb'), (982, 'tmdb'), (12163, 'tmdb'), (596, 'tmdb'), (111, 'tmdb'), (665, 'tmdb'), (910, 'tmdb'), (137, 'tmdb'), (37247, 'tmdb'), (583, 'tmdb'), (55, 'tmdb'), (12, 'tmdb'), (2503, 'tmdb'), (218, 'tmdb'), (887, 'tmdb'), (10098, 'tmdb'), (235, 'tmdb'), (100, 'tmdb'), (10191, 'tmdb'), (1091, 'tmdb'), (3782, 'tmdb'), (524, 'tmdb'), (752, 'tmdb'), (63, 'tmdb'), (204, 'tmdb'), (968, 'tmdb'), (25376, 'tmdb'), (2062, 'tmdb'), (827, 'tmdb'), (783, 'tmdb'), (13475, 'tmdb'), (422, 'tmdb'), (2493, 'tmdb'), (821, 'tmdb'), (3112, 'tmdb'), (8392, 'tmdb'), (9806, 'tmdb'), (990, 'tmdb'), (247, 'tmdb'), (405, 'tmdb'), (489, 'tmdb'), (10774, 'tmdb'), (147, 'tmdb'), (8321, 'tmdb'), (44264, 'tmdb'), (576, 'tmdb'), (702, 'tmdb'), (17295, 'tmdb'), (2013, 'tmdb'), (632, 'tmdb'), (9552, 'tmdb'), (797, 'tmdb'), (396, 'tmdb'), (780, 'tmdb'), (9693, 'tmdb'), (11898, 'tmdb'), (521, 'tmdb'), (522, 'tmdb'), (5961, 'tmdb'), (143, 'tmdb'), (13310, 'tmdb'), (1366, 'tmdb'), (587, 'tmdb'), (334, 'tmdb'), (696, 'tmdb'), (24238, 'tmdb'), (322, 'tmdb'), (3175, 'tmdb'), (309, 'tmdb'), (393, 'tmdb'), (805, 'tmdb'), (19426, 'tmdb'), (11202, 'tmdb'), (3063, 'tmdb'), (804, 'tmdb'), (3085, 'tmdb'), (37165, 'tmdb'), (10775, 'tmdb'), (1251, 'tmdb'), (22, 'tmdb'), (981, 'tmdb'), (4935, 'tmdb'), (843, 'tmdb'), (212, 'tmdb'), (23483, 'tmdb'), (11787, 'tmdb'), (993, 'tmdb'), (850, 'tmdb'), (1640, 'tmdb'), (992, 'tmdb'), (110, 'tmdb'), (11697, 'tmdb'), (81, 'tmdb'), (113, 'tmdb'), (1580, 'tmdb'), (900, 'tmdb')] |
[2022-07-08 01:42:52,067] [builder.py:1509]           [DEBUG]    |                                                                                                    |
[2022-07-08 01:42:52,384] [builder.py:2009]           [INFO]     |                                                                                                    |
[2022-07-08 01:42:52,385] [builder.py:2010]           [INFO]     |============================= Adding to IMDB Top250 (2010年) Collection =============================|
[2022-07-08 01:42:52,385] [builder.py:2011]           [INFO]     |                                                                                                    |
[2022-07-08 01:42:52,388] [builder.py:2025]           [INFO]     |   1/231 | IMDB Top250 (2010年) Collection | = | The Shawshank Redemption (1994)                     |
[2022-07-08 01:42:52,391] [builder.py:2025]           [INFO]     |   2/231 | IMDB Top250 (2010年) Collection | = | The Godfather (1972)                                |
[2022-07-08 01:42:52,393] [builder.py:2025]           [INFO]     |   3/231 | IMDB Top250 (2010年) Collection | = | The Godfather: Part II (1974)                       |
[2022-07-08 01:42:52,394] [builder.py:2025]           [INFO]     |   4/231 | IMDB Top250 (2010年) Collection | = | Il buono, il brutto, il cattivo (1966)              |
[2022-07-08 01:42:52,395] [builder.py:2025]           [INFO]     |   5/231 | IMDB Top250 (2010年) Collection | = | Pulp Fiction (1994)                                 |
[2022-07-08 01:42:52,397] [builder.py:2025]           [INFO]     |   6/231 | IMDB Top250 (2010年) Collection | = | Schindler's List (1993)                             |
[2022-07-08 01:42:52,399] [builder.py:2025]           [INFO]     |   7/231 | IMDB Top250 (2010年) Collection | = | 12 Angry Men (1957)                                 |
[2022-07-08 01:42:52,401] [builder.py:2025]           [INFO]     |   8/231 | IMDB Top250 (2010年) Collection | = | One Flew Over the Cuckoo's Nest (1975)              |
[2022-07-08 01:42:52,404] [builder.py:2025]           [INFO]     |   9/231 | IMDB Top250 (2010年) Collection | = | The Dark Knight (2008)                              |
[2022-07-08 01:42:52,407] [builder.py:2025]           [INFO]     |  10/231 | IMDB Top250 (2010年) Collection | = | Star Wars: Episode V - The Empire Strikes Back (1980) |
[2022-07-08 01:42:52,411] [builder.py:2025]           [INFO]     |  11/231 | IMDB Top250 (2010年) Collection | = | The Lord of the Rings: The Return of the King (2003) |
[2022-07-08 01:42:52,415] [builder.py:2025]           [INFO]     |  12/231 | IMDB Top250 (2010年) Collection | = | 七人の侍 (1954)                                         |
[2022-07-08 01:42:52,418] [builder.py:2025]           [INFO]     |  13/231 | IMDB Top250 (2010年) Collection | = | Star Wars (1977)                                    |
[2022-07-08 01:42:52,423] [builder.py:2025]           [INFO]     |  14/231 | IMDB Top250 (2010年) Collection | = | Fight Club (1999)                                   |
[2022-07-08 01:42:52,426] [builder.py:2025]           [INFO]     |  15/231 | IMDB Top250 (2010年) Collection | = | Goodfellas (1990)                                   |
[2022-07-08 01:42:52,428] [builder.py:2025]           [INFO]     |  16/231 | IMDB Top250 (2010年) Collection | = | Casablanca (1942)                                   |
[2022-07-08 01:42:52,429] [builder.py:2025]           [INFO]     |  17/231 | IMDB Top250 (2010年) Collection | = | Cidade de Deus (2002)                               |
[2022-07-08 01:42:52,431] [builder.py:2025]           [INFO]     |  18/231 | IMDB Top250 (2010年) Collection | = | The Lord of the Rings: The Fellowship of the Ring (2001) |
[2022-07-08 01:42:52,433] [builder.py:2025]           [INFO]     |  19/231 | IMDB Top250 (2010年) Collection | = | C'era una volta il West (1968)                      |
[2022-07-08 01:42:52,434] [builder.py:2025]           [INFO]     |  20/231 | IMDB Top250 (2010年) Collection | = | Rear Window (1954)                                  |
[2022-07-08 01:42:52,436] [builder.py:2025]           [INFO]     |  21/231 | IMDB Top250 (2010年) Collection | = | Indiana Jones and the Raiders of the Lost Ark (1981) |
[2022-07-08 01:42:52,439] [builder.py:2025]           [INFO]     |  22/231 | IMDB Top250 (2010年) Collection | = | Psycho (1960)                                       |
[2022-07-08 01:42:52,443] [builder.py:2025]           [INFO]     |  23/231 | IMDB Top250 (2010年) Collection | = | The Usual Suspects (1995)                           |
[2022-07-08 01:42:52,446] [builder.py:2025]           [INFO]     |  24/231 | IMDB Top250 (2010年) Collection | = | The Matrix (1999)                                   |
[2022-07-08 01:42:52,450] [builder.py:2025]           [INFO]     |  25/231 | IMDB Top250 (2010年) Collection | = | The Silence of the Lambs (1991)                     |
[2022-07-08 01:42:52,453] [builder.py:2025]           [INFO]     |  26/231 | IMDB Top250 (2010年) Collection | = | Se7en (1995)                                        |
[2022-07-08 01:42:52,455] [builder.py:2025]           [INFO]     |  27/231 | IMDB Top250 (2010年) Collection | = | It's a Wonderful Life (1946)                        |
[2022-07-08 01:42:52,458] [builder.py:2025]           [INFO]     |  28/231 | IMDB Top250 (2010年) Collection | = | Memento (2000)                                      |
[2022-07-08 01:42:52,462] [builder.py:2025]           [INFO]     |  29/231 | IMDB Top250 (2010年) Collection | = | The Lord of the Rings: The Two Towers (2002)        |
[2022-07-08 01:42:52,465] [builder.py:2025]           [INFO]     |  30/231 | IMDB Top250 (2010年) Collection | = | Sunset Blvd. (1950)                                 |
[2022-07-08 01:42:52,469] [builder.py:2025]           [INFO]     |  31/231 | IMDB Top250 (2010年) Collection | = | Forrest Gump (1994)                                 |
[2022-07-08 01:42:52,472] [builder.py:2025]           [INFO]     |  32/231 | IMDB Top250 (2010年) Collection | = | Dr. Strangelove or: How I Learned to Stop Worrying and Love the Bomb (1964) |
[2022-07-08 01:42:52,473] [builder.py:2025]           [INFO]     |  33/231 | IMDB Top250 (2010年) Collection | = | Léon: The Professional (1994)                       |
[2022-07-08 01:42:52,475] [builder.py:2025]           [INFO]     |  34/231 | IMDB Top250 (2010年) Collection | = | Apocalypse Now (1979)                               |
[2022-07-08 01:42:52,476] [builder.py:2025]           [INFO]     |  35/231 | IMDB Top250 (2010年) Collection | = | Citizen Kane (1941)                                 |
[2022-07-08 01:42:52,478] [builder.py:2025]           [INFO]     |  36/231 | IMDB Top250 (2010年) Collection | = | North by Northwest (1959)                           |
[2022-07-08 01:42:52,479] [builder.py:2025]           [INFO]     |  37/231 | IMDB Top250 (2010年) Collection | = | American Beauty (1999)                              |
[2022-07-08 01:42:52,481] [builder.py:2025]           [INFO]     |  38/231 | IMDB Top250 (2010年) Collection | = | American History X (1998)                           |
[2022-07-08 01:42:52,482] [builder.py:2025]           [INFO]     |  39/231 | IMDB Top250 (2010年) Collection | = | Taxi Driver (1976)                                  |
[2022-07-08 01:42:52,484] [builder.py:2025]           [INFO]     |  40/231 | IMDB Top250 (2010年) Collection | = | Terminator 2: Judgment Day (1991)                   |
[2022-07-08 01:42:52,486] [builder.py:2025]           [INFO]     |  41/231 | IMDB Top250 (2010年) Collection | = | Saving Private Ryan (1998)                          |
[2022-07-08 01:42:52,489] [builder.py:2025]           [INFO]     |  42/231 | IMDB Top250 (2010年) Collection | = | Vertigo (1958)                                      |
[2022-07-08 01:42:52,491] [builder.py:2025]           [INFO]     |  43/231 | IMDB Top250 (2010年) Collection | = | Le Fabuleux Destin d'Amélie Poulain (2001)          |
[2022-07-08 01:42:52,492] [builder.py:2025]           [INFO]     |  44/231 | IMDB Top250 (2010年) Collection | = | Alien (1979)                                        |
[2022-07-08 01:42:52,494] [builder.py:2025]           [INFO]     |  45/231 | IMDB Top250 (2010年) Collection | = | WALL·E (2008)                                       |
[2022-07-08 01:42:52,498] [builder.py:2025]           [INFO]     |  46/231 | IMDB Top250 (2010年) Collection | = | The Shining (1980)                                  |
[2022-07-08 01:42:52,500] [builder.py:2025]           [INFO]     |  47/231 | IMDB Top250 (2010年) Collection | = | Lawrence of Arabia (1962)                           |
[2022-07-08 01:42:52,502] [builder.py:2025]           [INFO]     |  48/231 | IMDB Top250 (2010年) Collection | = | 千と千尋の神隠し (2001)                                     |
[2022-07-08 01:42:52,506] [builder.py:2025]           [INFO]     |  49/231 | IMDB Top250 (2010年) Collection | = | Paths of Glory (1957)                               |
[2022-07-08 01:42:52,508] [builder.py:2025]           [INFO]     |  50/231 | IMDB Top250 (2010年) Collection | = | Double Indemnity (1944)                             |
[2022-07-08 01:42:52,511] [builder.py:2025]           [INFO]     |  51/231 | IMDB Top250 (2010年) Collection | = | The Pianist (2002)                                  |
[2022-07-08 01:42:52,513] [builder.py:2025]           [INFO]     |  52/231 | IMDB Top250 (2010年) Collection | = | A Clockwork Orange (1971)                           |
[2022-07-08 01:42:52,515] [builder.py:2025]           [INFO]     |  53/231 | IMDB Top250 (2010年) Collection | = | To Kill a Mockingbird (1962)                        |
[2022-07-08 01:42:52,517] [builder.py:2025]           [INFO]     |  54/231 | IMDB Top250 (2010年) Collection | = | Das Leben der Anderen (2006)                        |
[2022-07-08 01:42:52,519] [builder.py:2025]           [INFO]     |  55/231 | IMDB Top250 (2010年) Collection | = | M - Eine Stadt sucht einen Mörder (1931)            |
[2022-07-08 01:42:52,520] [builder.py:2025]           [INFO]     |  56/231 | IMDB Top250 (2010年) Collection | = | The Departed (2006)                                 |
[2022-07-08 01:42:52,523] [builder.py:2025]           [INFO]     |  57/231 | IMDB Top250 (2010年) Collection | = | City Lights (1931)                                  |
[2022-07-08 01:42:52,525] [builder.py:2025]           [INFO]     |  58/231 | IMDB Top250 (2010年) Collection | = | Aliens (1986)                                       |
[2022-07-08 01:42:52,526] [builder.py:2025]           [INFO]     |  59/231 | IMDB Top250 (2010年) Collection | = | Eternal Sunshine of the Spotless Mind (2004)        |
[2022-07-08 01:42:52,528] [builder.py:2025]           [INFO]     |  60/231 | IMDB Top250 (2010年) Collection | = | Requiem for a Dream (2000)                          |
[2022-07-08 01:42:52,530] [builder.py:2025]           [INFO]     |  61/231 | IMDB Top250 (2010年) Collection | = | Das Boot (1981)                                     |
[2022-07-08 01:42:52,532] [builder.py:2025]           [INFO]     |  62/231 | IMDB Top250 (2010年) Collection | = | The Third Man (1949)                                |
[2022-07-08 01:42:52,534] [builder.py:2025]           [INFO]     |  63/231 | IMDB Top250 (2010年) Collection | = | Reservoir Dogs (1992)                               |
[2022-07-08 01:42:52,535] [builder.py:2025]           [INFO]     |  64/231 | IMDB Top250 (2010年) Collection | = | L.A. Confidential (1997)                            |
[2022-07-08 01:42:52,536] [builder.py:2025]           [INFO]     |  65/231 | IMDB Top250 (2010年) Collection | = | Chinatown (1974)                                    |
[2022-07-08 01:42:52,539] [builder.py:2025]           [INFO]     |  66/231 | IMDB Top250 (2010年) Collection | = | Modern Times (1936)                                 |
[2022-07-08 01:42:52,542] [builder.py:2025]           [INFO]     |  67/231 | IMDB Top250 (2010年) Collection | = | The Treasure of the Sierra Madre (1948)             |
[2022-07-08 01:42:52,546] [builder.py:2025]           [INFO]     |  68/231 | IMDB Top250 (2010年) Collection | = | La vita è bella (1997)                              |
[2022-07-08 01:42:52,550] [builder.py:2025]           [INFO]     |  69/231 | IMDB Top250 (2010年) Collection | = | Back to the Future (1985)                           |
[2022-07-08 01:42:52,552] [builder.py:2025]           [INFO]     |  70/231 | IMDB Top250 (2010年) Collection | = | Monty Python and the Holy Grail (1975)              |
[2022-07-08 01:42:52,554] [builder.py:2025]           [INFO]     |  71/231 | IMDB Top250 (2010年) Collection | = | The Prestige (2006)                                 |
[2022-07-08 01:42:52,557] [builder.py:2025]           [INFO]     |  72/231 | IMDB Top250 (2010年) Collection | = | El laberinto del fauno (2006)                       |
[2022-07-08 01:42:52,559] [builder.py:2025]           [INFO]     |  73/231 | IMDB Top250 (2010年) Collection | = | Raging Bull (1980)                                  |
[2022-07-08 01:42:52,562] [builder.py:2025]           [INFO]     |  74/231 | IMDB Top250 (2010年) Collection | = | Nuovo Cinema Paradiso (1988)                        |
[2022-07-08 01:42:52,565] [builder.py:2025]           [INFO]     |  75/231 | IMDB Top250 (2010年) Collection | = | Singin' in the Rain (1952)                          |
[2022-07-08 01:42:52,568] [builder.py:2025]           [INFO]     |  76/231 | IMDB Top250 (2010年) Collection | = | Some Like It Hot (1959)                             |
[2022-07-08 01:42:52,571] [builder.py:2025]           [INFO]     |  77/231 | IMDB Top250 (2010年) Collection | = | The Bridge on the River Kwai (1957)                 |
[2022-07-08 01:42:52,575] [builder.py:2025]           [INFO]     |  78/231 | IMDB Top250 (2010年) Collection | = | 羅生門 (1950)                                          |
[2022-07-08 01:42:52,579] [builder.py:2025]           [INFO]     |  79/231 | IMDB Top250 (2010年) Collection | = | All About Eve (1950)                                |
[2022-07-08 01:42:52,581] [builder.py:2025]           [INFO]     |  80/231 | IMDB Top250 (2010年) Collection | = | Amadeus (1984)                                      |
[2022-07-08 01:42:52,584] [builder.py:2025]           [INFO]     |  81/231 | IMDB Top250 (2010年) Collection | = | Once Upon a Time in America (1984)                  |
[2022-07-08 01:42:52,588] [builder.py:2025]           [INFO]     |  82/231 | IMDB Top250 (2010年) Collection | = | The Green Mile (1999)                               |
[2022-07-08 01:42:52,590] [builder.py:2025]           [INFO]     |  83/231 | IMDB Top250 (2010年) Collection | = | Full Metal Jacket (1987)                            |
[2022-07-08 01:42:52,593] [builder.py:2025]           [INFO]     |  84/231 | IMDB Top250 (2010年) Collection | = | 2001: A Space Odyssey (1968)                        |
[2022-07-08 01:42:52,596] [builder.py:2025]           [INFO]     |  85/231 | IMDB Top250 (2010年) Collection | = | Ladri di biciclette (1948)                          |
[2022-07-08 01:42:52,599] [builder.py:2025]           [INFO]     |  86/231 | IMDB Top250 (2010年) Collection | = | Inglourious Basterds (2009)                         |
[2022-07-08 01:42:52,603] [builder.py:2025]           [INFO]     |  87/231 | IMDB Top250 (2010年) Collection | = | Braveheart (1995)                                   |
[2022-07-08 01:42:52,606] [builder.py:2025]           [INFO]     |  88/231 | IMDB Top250 (2010年) Collection | = | The Great Dictator (1940)                           |
[2022-07-08 01:42:52,609] [builder.py:2025]           [INFO]     |  89/231 | IMDB Top250 (2010年) Collection | = | The Apartment (1960)                                |
[2022-07-08 01:42:52,611] [builder.py:2025]           [INFO]     |  90/231 | IMDB Top250 (2010年) Collection | = | Der Untergang (2004)                                |
[2022-07-08 01:42:52,614] [builder.py:2025]           [INFO]     |  91/231 | IMDB Top250 (2010年) Collection | = | Up (2009)                                           |
[2022-07-08 01:42:52,617] [builder.py:2025]           [INFO]     |  92/231 | IMDB Top250 (2010年) Collection | = | Gran Torino (2008)                                  |
[2022-07-08 01:42:52,618] [builder.py:2025]           [INFO]     |  93/231 | IMDB Top250 (2010年) Collection | = | Gladiator (2000)                                    |
[2022-07-08 01:42:52,620] [builder.py:2025]           [INFO]     |  94/231 | IMDB Top250 (2010年) Collection | = | Metropolis (1927)                                   |
[2022-07-08 01:42:52,623] [builder.py:2025]           [INFO]     |  95/231 | IMDB Top250 (2010年) Collection | = | The Sting (1973)                                    |
[2022-07-08 01:42:52,627] [builder.py:2025]           [INFO]     |  96/231 | IMDB Top250 (2010年) Collection | = | The Maltese Falcon (1941)                           |
[2022-07-08 01:42:52,630] [builder.py:2025]           [INFO]     |  97/231 | IMDB Top250 (2010年) Collection | = | Unforgiven (1992)                                   |
[2022-07-08 01:42:52,632] [builder.py:2025]           [INFO]     |  98/231 | IMDB Top250 (2010年) Collection | = | The Elephant Man (1980)                             |
[2022-07-08 01:42:52,634] [builder.py:2025]           [INFO]     |  99/231 | IMDB Top250 (2010年) Collection | = | Mr. Smith Goes to Washington (1939)                 |
[2022-07-08 01:42:52,638] [builder.py:2025]           [INFO]     | 100/231 | IMDB Top250 (2010年) Collection | = | Sin City (2005)                                     |
[2022-07-08 01:42:52,642] [builder.py:2025]           [INFO]     | 101/231 | IMDB Top250 (2010年) Collection | = | 올드보이 (2003)                                         |
[2022-07-08 01:42:52,646] [builder.py:2025]           [INFO]     | 102/231 | IMDB Top250 (2010年) Collection | = | On the Waterfront (1954)                            |
[2022-07-08 01:42:52,649] [builder.py:2025]           [INFO]     | 103/231 | IMDB Top250 (2010年) Collection | = | Indiana Jones and the Last Crusade (1989)           |
[2022-07-08 01:42:52,652] [builder.py:2025]           [INFO]     | 104/231 | IMDB Top250 (2010年) Collection | = | Rebecca (1940)                                      |
[2022-07-08 01:42:52,655] [builder.py:2025]           [INFO]     | 105/231 | IMDB Top250 (2010年) Collection | = | Star Wars: Episode VI - Return of the Jedi (1983)   |
[2022-07-08 01:42:52,656] [builder.py:2025]           [INFO]     | 106/231 | IMDB Top250 (2010年) Collection | = | Die Hard (1988)                                     |
[2022-07-08 01:42:52,657] [builder.py:2025]           [INFO]     | 107/231 | IMDB Top250 (2010年) Collection | = | The Great Escape (1963)                             |
[2022-07-08 01:42:52,660] [builder.py:2025]           [INFO]     | 108/231 | IMDB Top250 (2010年) Collection | = | Batman Begins (2005)                                |
[2022-07-08 01:42:52,664] [builder.py:2025]           [INFO]     | 109/231 | IMDB Top250 (2010年) Collection | = | もののけ姫 (1997)                                        |
[2022-07-08 01:42:52,667] [builder.py:2025]           [INFO]     | 110/231 | IMDB Top250 (2010年) Collection | = | Det sjunde inseglet (1957)                          |
[2022-07-08 01:42:52,669] [builder.py:2025]           [INFO]     | 111/231 | IMDB Top250 (2010年) Collection | = | Jaws (1975)                                         |
[2022-07-08 01:42:52,671] [builder.py:2025]           [INFO]     | 112/231 | IMDB Top250 (2010年) Collection | = | Hotel Rwanda (2004)                                 |
[2022-07-08 01:42:52,675] [builder.py:2025]           [INFO]     | 113/231 | IMDB Top250 (2010年) Collection | = | Slumdog Millionaire (2008)                          |
[2022-07-08 01:42:52,678] [builder.py:2025]           [INFO]     | 114/231 | IMDB Top250 (2010年) Collection | = | Blade Runner (1982)                                 |
[2022-07-08 01:42:52,679] [builder.py:2025]           [INFO]     | 115/231 | IMDB Top250 (2010年) Collection | = | Fargo (1996)                                        |
[2022-07-08 01:42:52,681] [builder.py:2025]           [INFO]     | 116/231 | IMDB Top250 (2010年) Collection | = | No Country for Old Men (2007)                       |
[2022-07-08 01:42:52,682] [builder.py:2025]           [INFO]     | 117/231 | IMDB Top250 (2010年) Collection | = | The General (1926)                                  |
[2022-07-08 01:42:52,683] [builder.py:2025]           [INFO]     | 118/231 | IMDB Top250 (2010年) Collection | = | Heat (1995)                                         |
[2022-07-08 01:42:52,685] [builder.py:2025]           [INFO]     | 119/231 | IMDB Top250 (2010年) Collection | = | The Wizard of Oz (1939)                             |
[2022-07-08 01:42:52,689] [builder.py:2025]           [INFO]     | 120/231 | IMDB Top250 (2010年) Collection | = | Touch of Evil (1958)                                |
[2022-07-08 01:42:52,692] [builder.py:2025]           [INFO]     | 121/231 | IMDB Top250 (2010年) Collection | = | Per qualche dollaro in più (1965)                   |
[2022-07-08 01:42:52,694] [builder.py:2025]           [INFO]     | 122/231 | IMDB Top250 (2010年) Collection | = | 用心棒 (1961)                                          |
[2022-07-08 01:42:52,697] [builder.py:2025]           [INFO]     | 123/231 | IMDB Top250 (2010年) Collection | = | 乱 (1985)                                            |
[2022-07-08 01:42:52,700] [builder.py:2025]           [INFO]     | 124/231 | IMDB Top250 (2010年) Collection | = | Witness for the Prosecution (1957)                  |
[2022-07-08 01:42:52,703] [builder.py:2025]           [INFO]     | 125/231 | IMDB Top250 (2010年) Collection | = | Smultronstället (1957)                              |
[2022-07-08 01:42:52,705] [builder.py:2025]           [INFO]     | 126/231 | IMDB Top250 (2010年) Collection | = | Snatch (2000)                                       |
[2022-07-08 01:42:52,708] [builder.py:2025]           [INFO]     | 127/231 | IMDB Top250 (2010年) Collection | = | The Sixth Sense (1999)                              |
[2022-07-08 01:42:52,712] [builder.py:2025]           [INFO]     | 128/231 | IMDB Top250 (2010年) Collection | = | 火垂るの墓 (1988)                                        |
[2022-07-08 01:42:52,716] [builder.py:2025]           [INFO]     | 129/231 | IMDB Top250 (2010年) Collection | = | District 9 (2009)                                   |
[2022-07-08 01:42:52,720] [builder.py:2025]           [INFO]     | 130/231 | IMDB Top250 (2010年) Collection | = | Annie Hall (1977)                                   |
[2022-07-08 01:42:52,725] [builder.py:2025]           [INFO]     | 131/231 | IMDB Top250 (2010年) Collection | = | Donnie Darko (2001)                                 |
[2022-07-08 01:42:52,729] [builder.py:2025]           [INFO]     | 132/231 | IMDB Top250 (2010年) Collection | = | The Deer Hunter (1978)                              |
[2022-07-08 01:42:52,732] [builder.py:2025]           [INFO]     | 133/231 | IMDB Top250 (2010年) Collection | = | Cool Hand Luke (1967)                               |
[2022-07-08 01:42:52,735] [builder.py:2025]           [INFO]     | 134/231 | IMDB Top250 (2010年) Collection | = | Strangers on a Train (1951)                         |
[2022-07-08 01:42:52,740] [builder.py:2025]           [INFO]     | 135/231 | IMDB Top250 (2010年) Collection | = | High Noon (1952)                                    |
[2022-07-08 01:42:52,743] [builder.py:2025]           [INFO]     | 136/231 | IMDB Top250 (2010年) Collection | = | The Big Lebowski (1998)                             |
[2022-07-08 01:42:52,745] [builder.py:2025]           [INFO]     | 137/231 | IMDB Top250 (2010年) Collection | = | It Happened One Night (1934)                        |
[2022-07-08 01:42:52,748] [builder.py:2025]           [INFO]     | 138/231 | IMDB Top250 (2010年) Collection | = | Avatar (2009)                                       |
[2022-07-08 01:42:52,751] [builder.py:2025]           [INFO]     | 139/231 | IMDB Top250 (2010年) Collection | = | Kill Bill: Vol. 1 (2003)                            |
[2022-07-08 01:42:52,753] [builder.py:2025]           [INFO]     | 140/231 | IMDB Top250 (2010年) Collection | = | Platoon (1986)                                      |
[2022-07-08 01:42:52,755] [builder.py:2025]           [INFO]     | 141/231 | IMDB Top250 (2010年) Collection | = | Into the Wild (2007)                                |
[2022-07-08 01:42:52,757] [builder.py:2025]           [INFO]     | 142/231 | IMDB Top250 (2010年) Collection | = | There Will Be Blood (2007)                          |
[2022-07-08 01:42:52,760] [builder.py:2025]           [INFO]     | 143/231 | IMDB Top250 (2010年) Collection | = | Notorious (1946)                                    |
[2022-07-08 01:42:52,763] [builder.py:2025]           [INFO]     | 144/231 | IMDB Top250 (2010年) Collection | = | Million Dollar Baby (2004)                          |
[2022-07-08 01:42:52,766] [builder.py:2025]           [INFO]     | 145/231 | IMDB Top250 (2010年) Collection | = | Toy Story (1995)                                    |
[2022-07-08 01:42:52,770] [builder.py:2025]           [INFO]     | 146/231 | IMDB Top250 (2010年) Collection | = | Butch Cassidy and the Sundance Kid (1969)           |
[2022-07-08 01:42:52,774] [builder.py:2025]           [INFO]     | 147/231 | IMDB Top250 (2010年) Collection | = | Gone with the Wind (1939)                           |
[2022-07-08 01:42:52,778] [builder.py:2025]           [INFO]     | 148/231 | IMDB Top250 (2010年) Collection | = | Sunrise (1927)                                      |
[2022-07-08 01:42:52,783] [builder.py:2025]           [INFO]     | 149/231 | IMDB Top250 (2010年) Collection | = | Trainspotting (1996)                                |
[2022-07-08 01:42:52,785] [builder.py:2025]           [INFO]     | 150/231 | IMDB Top250 (2010年) Collection | = | The Gold Rush (1925)                                |
[2022-07-08 01:42:52,788] [builder.py:2025]           [INFO]     | 151/231 | IMDB Top250 (2010年) Collection | = | The Manchurian Candidate (1962)                     |
[2022-07-08 01:42:52,793] [builder.py:2025]           [INFO]     | 152/231 | IMDB Top250 (2010年) Collection | = | The Wrestler (2008)                                 |
[2022-07-08 01:42:52,797] [builder.py:2025]           [INFO]     | 153/231 | IMDB Top250 (2010年) Collection | = | The Grapes of Wrath (1940)                          |
[2022-07-08 01:42:52,799] [builder.py:2025]           [INFO]     | 154/231 | IMDB Top250 (2010年) Collection | = | Scarface (1983)                                     |
[2022-07-08 01:42:52,802] [builder.py:2025]           [INFO]     | 155/231 | IMDB Top250 (2010年) Collection | = | Ben-Hur (1959)                                      |
[2022-07-08 01:42:52,806] [builder.py:2025]           [INFO]     | 156/231 | IMDB Top250 (2010年) Collection | = | The Big Sleep (1946)                                |
[2022-07-08 01:42:52,810] [builder.py:2025]           [INFO]     | 157/231 | IMDB Top250 (2010年) Collection | = | Groundhog Day (1993)                                |
[2022-07-08 01:42:52,813] [builder.py:2025]           [INFO]     | 158/231 | IMDB Top250 (2010年) Collection | = | The Graduate (1967)                                 |
[2022-07-08 01:42:52,817] [builder.py:2025]           [INFO]     | 159/231 | IMDB Top250 (2010年) Collection | = | Life of Brian (1979)                                |
[2022-07-08 01:42:52,818] [builder.py:2025]           [INFO]     | 160/231 | IMDB Top250 (2010年) Collection | = | Amores perros (2000)                                |
[2022-07-08 01:42:52,819] [builder.py:2025]           [INFO]     | 161/231 | IMDB Top250 (2010年) Collection | = | Finding Nemo (2003)                                 |
[2022-07-08 01:42:52,823] [builder.py:2025]           [INFO]     | 162/231 | IMDB Top250 (2010年) Collection | = | The Bourne Ultimatum (2007)                         |
[2022-07-08 01:42:52,827] [builder.py:2025]           [INFO]     | 163/231 | IMDB Top250 (2010年) Collection | = | The Terminator (1984)                               |
[2022-07-08 01:42:52,830] [builder.py:2025]           [INFO]     | 164/231 | IMDB Top250 (2010年) Collection | = | The Best Years of Our Lives (1946)                  |
[2022-07-08 01:42:52,832] [builder.py:2025]           [INFO]     | 165/231 | IMDB Top250 (2010年) Collection | = | The Kid (1921)                                      |
[2022-07-08 01:42:52,834] [builder.py:2025]           [INFO]     | 166/231 | IMDB Top250 (2010年) Collection | = | Stand by Me (1986)                                  |
[2022-07-08 01:42:52,837] [builder.py:2025]           [INFO]     | 167/231 | IMDB Top250 (2010年) Collection | = | Lock, Stock and Two Smoking Barrels (1998)          |
[2022-07-08 01:42:52,839] [builder.py:2025]           [INFO]     | 168/231 | IMDB Top250 (2010年) Collection | = | The Thing (1982)                                    |
[2022-07-08 01:42:52,843] [builder.py:2025]           [INFO]     | 169/231 | IMDB Top250 (2010年) Collection | = | 生きる (1952)                                          |
[2022-07-08 01:42:52,846] [builder.py:2025]           [INFO]     | 170/231 | IMDB Top250 (2010年) Collection | = | Casino (1995)                                       |
[2022-07-08 01:42:52,848] [builder.py:2025]           [INFO]     | 171/231 | IMDB Top250 (2010年) Collection | = | V for Vendetta (2006)                               |
[2022-07-08 01:42:52,852] [builder.py:2025]           [INFO]     | 172/231 | IMDB Top250 (2010年) Collection | = | 12 Monkeys (1995)                                   |
[2022-07-08 01:42:52,856] [builder.py:2025]           [INFO]     | 173/231 | IMDB Top250 (2010年) Collection | = | Le Salaire de la peur (1953)                        |
[2022-07-08 01:42:52,860] [builder.py:2025]           [INFO]     | 174/231 | IMDB Top250 (2010年) Collection | = | Dog Day Afternoon (1975)                            |
[2022-07-08 01:42:52,863] [builder.py:2025]           [INFO]     | 175/231 | IMDB Top250 (2010年) Collection | = | El secreto de sus ojos (2009)                       |
[2022-07-08 01:42:52,865] [builder.py:2025]           [INFO]     | 176/231 | IMDB Top250 (2010年) Collection | = | Ratatouille (2007)                                  |
[2022-07-08 01:42:52,868] [builder.py:2025]           [INFO]     | 177/231 | IMDB Top250 (2010年) Collection | = | Les Diaboliques (1955)                              |
[2022-07-08 01:42:52,872] [builder.py:2025]           [INFO]     | 178/231 | IMDB Top250 (2010年) Collection | = | Gandhi (1982)                                       |
[2022-07-08 01:42:52,877] [builder.py:2025]           [INFO]     | 179/231 | IMDB Top250 (2010年) Collection | = | Star Trek (2009)                                    |
[2022-07-08 01:42:52,881] [builder.py:2025]           [INFO]     | 180/231 | IMDB Top250 (2010年) Collection | = | 8½ (1963)                                           |
[2022-07-08 01:42:52,886] [builder.py:2025]           [INFO]     | 181/231 | IMDB Top250 (2010年) Collection | = | The Princess Bride (1987)                           |
[2022-07-08 01:42:52,889] [builder.py:2025]           [INFO]     | 182/231 | IMDB Top250 (2010年) Collection | = | Judgment at Nuremberg (1961)                        |
[2022-07-08 01:42:52,892] [builder.py:2025]           [INFO]     | 183/231 | IMDB Top250 (2010年) Collection | = | The Night of the Hunter (1955)                      |
[2022-07-08 01:42:52,897] [builder.py:2025]           [INFO]     | 184/231 | IMDB Top250 (2010年) Collection | = | となりのトトロ (1988)                                      |
[2022-07-08 01:42:52,900] [builder.py:2025]           [INFO]     | 185/231 | IMDB Top250 (2010年) Collection | = | The Incredibles (2004)                              |
[2022-07-08 01:42:52,903] [builder.py:2025]           [INFO]     | 186/231 | IMDB Top250 (2010年) Collection | = | The Hustler (1961)                                  |
[2022-07-08 01:42:52,908] [builder.py:2025]           [INFO]     | 187/231 | IMDB Top250 (2010年) Collection | = | The Killing (1956)                                  |
[2022-07-08 01:42:52,913] [builder.py:2025]           [INFO]     | 188/231 | IMDB Top250 (2010年) Collection | = | La strada (1954)                                    |
[2022-07-08 01:42:52,917] [builder.py:2025]           [INFO]     | 189/231 | IMDB Top250 (2010年) Collection | = | Good Will Hunting (1997)                            |
[2022-07-08 01:42:52,919] [builder.py:2025]           [INFO]     | 190/231 | IMDB Top250 (2010年) Collection | = | Network (1976)                                      |
[2022-07-08 01:42:52,921] [builder.py:2025]           [INFO]     | 191/231 | IMDB Top250 (2010年) Collection | = | Les Quatre Cents Coups (1959)                       |
[2022-07-08 01:42:52,925] [builder.py:2025]           [INFO]     | 192/231 | IMDB Top250 (2010年) Collection | = | In Bruges (2008)                                    |
[2022-07-08 01:42:52,930] [builder.py:2025]           [INFO]     | 193/231 | IMDB Top250 (2010年) Collection | = | The Wild Bunch (1969)                               |
[2022-07-08 01:42:52,935] [builder.py:2025]           [INFO]     | 194/231 | IMDB Top250 (2010年) Collection | = | A Streetcar Named Desire (1951)                     |
[2022-07-08 01:42:52,939] [builder.py:2025]           [INFO]     | 195/231 | IMDB Top250 (2010年) Collection | = | La battaglia di Algeri (1966)                       |
[2022-07-08 01:42:52,942] [builder.py:2025]           [INFO]     | 196/231 | IMDB Top250 (2010年) Collection | = | Le scaphandre et le papillon (2007)                 |
[2022-07-08 01:42:52,947] [builder.py:2025]           [INFO]     | 197/231 | IMDB Top250 (2010年) Collection | = | Stalag 17 (1953)                                    |
[2022-07-08 01:42:52,951] [builder.py:2025]           [INFO]     | 198/231 | IMDB Top250 (2010年) Collection | = | The Exorcist (1973)                                 |
[2022-07-08 01:42:52,954] [builder.py:2025]           [INFO]     | 199/231 | IMDB Top250 (2010年) Collection | = | Who's Afraid of Virginia Woolf? (1966)              |
[2022-07-08 01:42:52,959] [builder.py:2025]           [INFO]     | 200/231 | IMDB Top250 (2010年) Collection | = | Children of Men (2006)                              |
[2022-07-08 01:42:52,965] [builder.py:2025]           [INFO]     | 201/231 | IMDB Top250 (2010年) Collection | = | Kind Hearts and Coronets (1949)                     |
[2022-07-08 01:42:52,967] [builder.py:2025]           [INFO]     | 202/231 | IMDB Top250 (2010年) Collection | = | Dial M for Murder (1954)                            |
[2022-07-08 01:42:52,970] [builder.py:2025]           [INFO]     | 203/231 | IMDB Top250 (2010年) Collection | = | Ed Wood (1994)                                      |
[2022-07-08 01:42:52,976] [builder.py:2025]           [INFO]     | 204/231 | IMDB Top250 (2010年) Collection | = | All Quiet on the Western Front (1930)               |
[2022-07-08 01:42:52,981] [builder.py:2025]           [INFO]     | 205/231 | IMDB Top250 (2010年) Collection | = | Låt den rätte komma in (2008)                       |
[2022-07-08 01:42:52,985] [builder.py:2025]           [INFO]     | 206/231 | IMDB Top250 (2010年) Collection | = | Rocky (1976)                                        |
[2022-07-08 01:42:52,990] [builder.py:2025]           [INFO]     | 207/231 | IMDB Top250 (2010年) Collection | = | Big Fish (2003)                                     |
[2022-07-08 01:42:52,995] [builder.py:2025]           [INFO]     | 208/231 | IMDB Top250 (2010年) Collection | = | Magnolia (1999)                                     |
[2022-07-08 01:42:53,000] [builder.py:2025]           [INFO]     | 209/231 | IMDB Top250 (2010年) Collection | = | Manhattan (1979)                                    |
[2022-07-08 01:42:53,004] [builder.py:2025]           [INFO]     | 210/231 | IMDB Top250 (2010年) Collection | = | Mary and Max (2009)                                 |
[2022-07-08 01:42:53,008] [builder.py:2025]           [INFO]     | 211/231 | IMDB Top250 (2010年) Collection | = | Mystic River (2003)                                 |
[2022-07-08 01:42:53,012] [builder.py:2025]           [INFO]     | 212/231 | IMDB Top250 (2010年) Collection | = | Barry Lyndon (1975)                                 |
[2022-07-08 01:42:53,016] [builder.py:2025]           [INFO]     | 213/231 | IMDB Top250 (2010年) Collection | = | Kill Bill: Vol. 2 (2004)                            |
[2022-07-08 01:42:53,021] [builder.py:2025]           [INFO]     | 214/231 | IMDB Top250 (2010年) Collection | = | Rosemary's Baby (1968)                              |
[2022-07-08 01:42:53,027] [builder.py:2025]           [INFO]     | 215/231 | IMDB Top250 (2010年) Collection | = | Le notti di Cabiria (1957)                          |
[2022-07-08 01:42:53,033] [builder.py:2025]           [INFO]     | 216/231 | IMDB Top250 (2010年) Collection | = | Patton (1970)                                       |
[2022-07-08 01:42:53,038] [builder.py:2025]           [INFO]     | 217/231 | IMDB Top250 (2010年) Collection | = | Duck Soup (1933)                                    |
[2022-07-08 01:42:53,044] [builder.py:2025]           [INFO]     | 218/231 | IMDB Top250 (2010年) Collection | = | His Girl Friday (1940)                              |
[2022-07-08 01:42:53,049] [builder.py:2025]           [INFO]     | 219/231 | IMDB Top250 (2010年) Collection | = | The Truman Show (1998)                              |
[2022-07-08 01:42:53,054] [builder.py:2025]           [INFO]     | 220/231 | IMDB Top250 (2010年) Collection | = | 無間道 (2002)                                          |
[2022-07-08 01:42:53,059] [builder.py:2025]           [INFO]     | 221/231 | IMDB Top250 (2010年) Collection | = | Letters from Iwo Jima (2006)                        |
[2022-07-08 01:42:53,064] [builder.py:2025]           [INFO]     | 222/231 | IMDB Top250 (2010年) Collection | = | Pirates of the Caribbean: The Curse of the Black Pearl (2003) |
[2022-07-08 01:42:53,069] [builder.py:2025]           [INFO]     | 223/231 | IMDB Top250 (2010年) Collection | = | The Philadelphia Story (1940)                       |
[2022-07-08 01:42:53,074] [builder.py:2025]           [INFO]     | 224/231 | IMDB Top250 (2010年) Collection | = | ハウルの動く城 (2004)                                      |
[2022-07-08 01:42:53,079] [builder.py:2025]           [INFO]     | 225/231 | IMDB Top250 (2010年) Collection | = | Arsenic and Old Lace (1943)                         |
[2022-07-08 01:42:53,084] [builder.py:2025]           [INFO]     | 226/231 | IMDB Top250 (2010年) Collection | = | Kick-Ass (2010)                                     |
[2022-07-08 01:42:53,089] [builder.py:2025]           [INFO]     | 227/231 | IMDB Top250 (2010年) Collection | = | Harvey (1950)                                       |
[2022-07-08 01:42:53,095] [builder.py:2025]           [INFO]     | 228/231 | IMDB Top250 (2010年) Collection | = | Sleuth (1972)                                       |
[2022-07-08 01:42:53,100] [builder.py:2025]           [INFO]     | 229/231 | IMDB Top250 (2010年) Collection | = | Crash (2004)                                        |
[2022-07-08 01:42:53,106] [builder.py:2025]           [INFO]     | 230/231 | IMDB Top250 (2010年) Collection | = | The Man Who Shot Liberty Valance (1962)             |
[2022-07-08 01:42:53,112] [builder.py:2025]           [INFO]     | 231/231 | IMDB Top250 (2010年) Collection | = | Rope (1948)                                         |
[2022-07-08 01:42:53,115] [builder.py:2045]           [INFO]     |                                                                                                    |
[2022-07-08 01:42:53,115] [builder.py:2046]           [INFO]     | 231 Movies Processed                                                                               |
[2022-07-08 01:42:53,116] [builder.py:2172]           [INFO]     |                                                                                                    |
[2022-07-08 01:42:53,116] [builder.py:2173]           [INFO]     |=============================== Missing Movies from Library: Movies ================================|
[2022-07-08 01:42:53,117] [builder.py:2174]           [INFO]     |                                                                                                    |
[2022-07-08 01:42:53,710] [builder.py:2187]           [INFO]     | IMDB Top250 (2010年) Collection | ? | Inception (2010) (TMDb: 27205)                                |
[2022-07-08 01:42:53,968] [builder.py:2187]           [INFO]     | IMDB Top250 (2010年) Collection | ? | Toy Story 3 (2010) (TMDb: 10193)                              |
[2022-07-08 01:42:54,335] [builder.py:2187]           [INFO]     | IMDB Top250 (2010年) Collection | ? | Black Swan (2010) (TMDb: 44214)                               |
[2022-07-08 01:42:54,503] [builder.py:2187]           [INFO]     | IMDB Top250 (2010年) Collection | ? | The Lion King (1994) (TMDb: 8587)                             |
[2022-07-08 01:42:54,710] [builder.py:2187]           [INFO]     | IMDB Top250 (2010年) Collection | ? | The Social Network (2010) (TMDb: 37799)                       |
[2022-07-08 01:42:55,136] [builder.py:2187]           [INFO]     | IMDB Top250 (2010年) Collection | ? | How to Train Your Dragon (2010) (TMDb: 10191)                 |
[2022-07-08 01:42:55,536] [builder.py:2187]           [INFO]     | IMDB Top250 (2010年) Collection | ? | True Grit (2010) (TMDb: 44264)                                |
[2022-07-08 01:42:55,785] [builder.py:2187]           [INFO]     | IMDB Top250 (2010年) Collection | ? | Persona (1966) (TMDb: 797)                                    |
[2022-07-08 01:42:56,051] [builder.py:2187]           [INFO]     | IMDB Top250 (2010年) Collection | ? | The Passion of Joan of Arc (1928) (TMDb: 780)                 |
[2022-07-08 01:42:56,392] [builder.py:2187]           [INFO]     | IMDB Top250 (2010年) Collection | ? | Fanny and Alexander (1982) (TMDb: 5961)                       |
[2022-07-08 01:42:56,818] [builder.py:2187]           [INFO]     | IMDB Top250 (2010年) Collection | ? | The Celebration (1998) (TMDb: 309)                            |
[2022-07-08 01:42:57,036] [builder.py:2187]           [INFO]     | IMDB Top250 (2010年) Collection | ? | Roman Holiday (1953) (TMDb: 804)                              |
[2022-07-08 01:42:57,336] [builder.py:2187]           [INFO]     | IMDB Top250 (2010年) Collection | ? | In the Mood for Love (2000) (TMDb: 843)                       |
[2022-07-08 01:42:57,743] [builder.py:2187]           [INFO]     | IMDB Top250 (2010年) Collection | ? | A Christmas Story (1983) (TMDb: 850)                          |
[2022-07-08 01:42:58,185] [builder.py:2187]           [INFO]     | IMDB Top250 (2010年) Collection | ? | Sherlock Jr. (1924) (TMDb: 992)                               |
[2022-07-08 01:42:58,603] [builder.py:2187]           [INFO]     | IMDB Top250 (2010年) Collection | ? | Three Colors: Red (1994) (TMDb: 110)                          |
[2022-07-08 01:42:59,248] [builder.py:2187]           [INFO]     | IMDB Top250 (2010年) Collection | ? | Nausicaä of the Valley of the Wind (1984) (TMDb: 81)          |
[2022-07-08 01:43:00,315] [builder.py:2187]           [INFO]     | IMDB Top250 (2010年) Collection | ? | Spring, Summer, Fall, Winter... and Spring (2003) (TMDb: 113) |
[2022-07-08 01:43:00,909] [builder.py:2187]           [INFO]     | IMDB Top250 (2010年) Collection | ? | Bringing Up Baby (1938) (TMDb: 900)                           |
[2022-07-08 01:43:00,910] [builder.py:2192]           [INFO]     |                                                                                                    |
[2022-07-08 01:43:00,910] [builder.py:2193]           [INFO]     | 19 Movies Missing                                                                                  |
[2022-07-08 01:43:00,933] [builder.py:2383]           [INFO]     |                                                                                                    |
[2022-07-08 01:43:00,934] [builder.py:2384]           [INFO]     |======================== Updating Details of IMDB Top250 (2010年) Collection ========================|
[2022-07-08 01:43:00,934] [builder.py:2385]           [INFO]     |                                                                                                    |
[2022-07-08 01:43:00,934] [builder.py:2446]           [INFO]     | Collection Metadata Edits                                                                          |
[2022-07-08 01:43:00,935] [util.py:150]               [DEBUG]    | 1 poster found:                                                                                    |
[2022-07-08 01:43:00,935] [util.py:152]               [DEBUG]    | Method: url_poster Poster: http://1.bp.blogspot.com/-xXABqhqTx3Q/UO-yBML_2MI/AAAAAAAAA74/A930nVncOPI/s1600/imdb-feature.jpg |
[2022-07-08 01:43:00,937] [library.py:155]            [INFO]     | Detail: poster update not needed                                                                   |
[2022-07-08 01:43:06,111] [builder.py:2529]           [INFO]     |                                                                                                    |
[2022-07-08 01:43:06,112] [builder.py:2530]           [INFO]     |============================== Sorting IMDB Top250 (2010年) Collection ==============================|
[2022-07-08 01:43:06,112] [builder.py:2531]           [INFO]     |                                                                                                    |
[2022-07-08 01:43:06,113] [builder.py:2547]           [INFO]     | Moving The Shawshank Redemption (1994) to the beginning                                            |
[2022-07-08 01:43:07,091] [builder.py:2547]           [INFO]     | Moving The Godfather (1972) after The Shawshank Redemption (1994)                                  |
[2022-07-08 01:43:08,801] [builder.py:2547]           [INFO]     | Moving The Godfather: Part II (1974) after The Godfather (1972)                                    |
[2022-07-08 01:43:09,698] [builder.py:2547]           [INFO]     | Moving Il buono, il brutto, il cattivo (1966) after The Godfather: Part II (1974)                  |
[2022-07-08 01:43:10,500] [builder.py:2547]           [INFO]     | Moving Pulp Fiction (1994) after Il buono, il brutto, il cattivo (1966)                            |
[2022-07-08 01:43:11,287] [builder.py:2547]           [INFO]     | Moving Schindler's List (1993) after Pulp Fiction (1994)                                           |
[2022-07-08 01:43:12,073] [builder.py:2547]           [INFO]     | Moving 12 Angry Men (1957) after Schindler's List (1993)                                           |
[2022-07-08 01:43:12,878] [builder.py:2547]           [INFO]     | Moving One Flew Over the Cuckoo's Nest (1975) after 12 Angry Men (1957)                            |
[2022-07-08 01:43:13,676] [builder.py:2547]           [INFO]     | Moving The Dark Knight (2008) after One Flew Over the Cuckoo's Nest (1975)                         |
[2022-07-08 01:43:14,462] [builder.py:2547]           [INFO]     | Moving Star Wars: Episode V - The Empire Strikes Back (1980) after The Dark Knight (2008)          |
[2022-07-08 01:43:15,302] [builder.py:2547]           [INFO]     | Moving The Lord of the Rings: The Return of the King (2003) after Star Wars: Episode V - The Empire Strikes Back (1980) |
[2022-07-08 01:43:17,463] [builder.py:2547]           [INFO]     | Moving 七人の侍 (1954) after The Lord of the Rings: The Return of the King (2003)                      |
[2022-07-08 01:43:18,423] [builder.py:2547]           [INFO]     | Moving Star Wars (1977) after 七人の侍 (1954)                                                          |
[2022-07-08 01:43:19,221] [builder.py:2547]           [INFO]     | Moving Fight Club (1999) after Star Wars (1977)                                                    |
[2022-07-08 01:43:20,034] [builder.py:2547]           [INFO]     | Moving Goodfellas (1990) after Fight Club (1999)                                                   |
[2022-07-08 01:43:20,833] [builder.py:2547]           [INFO]     | Moving Casablanca (1942) after Goodfellas (1990)                                                   |
[2022-07-08 01:43:21,658] [builder.py:2547]           [INFO]     | Moving Cidade de Deus (2002) after Casablanca (1942)                                               |
[2022-07-08 01:43:22,447] [builder.py:2547]           [INFO]     | Moving The Lord of the Rings: The Fellowship of the Ring (2001) after Cidade de Deus (2002)        |
[2022-07-08 01:43:23,728] [builder.py:2547]           [INFO]     | Moving C'era una volta il West (1968) after The Lord of the Rings: The Fellowship of the Ring (2001) |
[2022-07-08 01:43:24,631] [builder.py:2547]           [INFO]     | Moving Rear Window (1954) after C'era una volta il West (1968)                                     |
[2022-07-08 01:43:25,422] [builder.py:2547]           [INFO]     | Moving Indiana Jones and the Raiders of the Lost Ark (1981) after Rear Window (1954)               |
[2022-07-08 01:43:26,209] [builder.py:2547]           [INFO]     | Moving Psycho (1960) after Indiana Jones and the Raiders of the Lost Ark (1981)                    |
[2022-07-08 01:43:27,011] [builder.py:2547]           [INFO]     | Moving The Usual Suspects (1995) after Psycho (1960)                                               |
[2022-07-08 01:43:27,798] [builder.py:2547]           [INFO]     | Moving The Matrix (1999) after The Usual Suspects (1995)                                           |
[2022-07-08 01:43:28,591] [builder.py:2547]           [INFO]     | Moving The Silence of the Lambs (1991) after The Matrix (1999)                                     |
[2022-07-08 01:43:29,422] [builder.py:2547]           [INFO]     | Moving Se7en (1995) after The Silence of the Lambs (1991)                                          |
[2022-07-08 01:43:30,670] [builder.py:2547]           [INFO]     | Moving It's a Wonderful Life (1946) after Se7en (1995)                                             |
[2022-07-08 01:43:31,598] [builder.py:2547]           [INFO]     | Moving Memento (2000) after It's a Wonderful Life (1946)                                           |
[2022-07-08 01:43:32,401] [builder.py:2547]           [INFO]     | Moving The Lord of the Rings: The Two Towers (2002) after Memento (2000)                           |
[2022-07-08 01:43:33,193] [builder.py:2547]           [INFO]     | Moving Sunset Blvd. (1950) after The Lord of the Rings: The Two Towers (2002)                      |
[2022-07-08 01:43:33,999] [builder.py:2547]           [INFO]     | Moving Forrest Gump (1994) after Sunset Blvd. (1950)                                               |
[2022-07-08 01:43:34,786] [builder.py:2547]           [INFO]     | Moving Dr. Strangelove or: How I Learned to Stop Worrying and Love the Bomb (1964) after Forrest Gump (1994) |
[2022-07-08 01:43:35,666] [builder.py:2547]           [INFO]     | Moving Léon: The Professional (1994) after Dr. Strangelove or: How I Learned to Stop Worrying and Love the Bomb (1964) |
[2022-07-08 01:43:36,463] [builder.py:2547]           [INFO]     | Moving Apocalypse Now (1979) after Léon: The Professional (1994)                                   |
[2022-07-08 01:43:37,628] [builder.py:2547]           [INFO]     | Moving Citizen Kane (1941) after Apocalypse Now (1979)                                             |
[2022-07-08 01:43:38,518] [builder.py:2547]           [INFO]     | Moving North by Northwest (1959) after Citizen Kane (1941)                                         |
[2022-07-08 01:43:39,309] [builder.py:2547]           [INFO]     | Moving American Beauty (1999) after North by Northwest (1959)                                      |
[2022-07-08 01:43:40,095] [builder.py:2547]           [INFO]     | Moving American History X (1998) after American Beauty (1999)                                      |
[2022-07-08 01:43:40,881] [builder.py:2547]           [INFO]     | Moving Taxi Driver (1976) after American History X (1998)                                          |
[2022-07-08 01:43:41,668] [builder.py:2547]           [INFO]     | Moving Terminator 2: Judgment Day (1991) after Taxi Driver (1976)                                  |
[2022-07-08 01:43:42,472] [builder.py:2547]           [INFO]     | Moving Saving Private Ryan (1998) after Terminator 2: Judgment Day (1991)                          |
[2022-07-08 01:43:43,257] [builder.py:2547]           [INFO]     | Moving Vertigo (1958) after Saving Private Ryan (1998)                                             |
[2022-07-08 01:43:44,060] [builder.py:2547]           [INFO]     | Moving Le Fabuleux Destin d'Amélie Poulain (2001) after Vertigo (1958)                             |
[2022-07-08 01:43:44,854] [builder.py:2547]           [INFO]     | Moving Alien (1979) after Le Fabuleux Destin d'Amélie Poulain (2001)                               |
[2022-07-08 01:43:45,633] [builder.py:2547]           [INFO]     | Moving WALL·E (2008) after Alien (1979)                                                            |
[2022-07-08 01:43:46,408] [builder.py:2547]           [INFO]     | Moving The Shining (1980) after WALL·E (2008)                                                      |
[2022-07-08 01:43:47,610] [builder.py:2547]           [INFO]     | Moving Lawrence of Arabia (1962) after The Shining (1980)                                          |
[2022-07-08 01:43:48,519] [builder.py:2547]           [INFO]     | Moving 千と千尋の神隠し (2001) after Lawrence of Arabia (1962)                                             |
[2022-07-08 01:43:49,300] [builder.py:2547]           [INFO]     | Moving Paths of Glory (1957) after 千と千尋の神隠し (2001)                                                 |
[2022-07-08 01:43:50,106] [builder.py:2547]           [INFO]     | Moving Double Indemnity (1944) after Paths of Glory (1957)                                         |
[2022-07-08 01:43:50,897] [builder.py:2547]           [INFO]     | Moving The Pianist (2002) after Double Indemnity (1944)                                            |
[2022-07-08 01:43:51,682] [builder.py:2547]           [INFO]     | Moving A Clockwork Orange (1971) after The Pianist (2002)                                          |
[2022-07-08 01:43:52,520] [builder.py:2547]           [INFO]     | Moving To Kill a Mockingbird (1962) after A Clockwork Orange (1971)                                |
[2022-07-08 01:43:53,313] [builder.py:2547]           [INFO]     | Moving Das Leben der Anderen (2006) after To Kill a Mockingbird (1962)                             |
[2022-07-08 01:43:54,105] [builder.py:2547]           [INFO]     | Moving M - Eine Stadt sucht einen Mörder (1931) after Das Leben der Anderen (2006)                 |
[2022-07-08 01:43:54,901] [builder.py:2547]           [INFO]     | Moving The Departed (2006) after M - Eine Stadt sucht einen Mörder (1931)                          |
[2022-07-08 01:43:55,992] [builder.py:2547]           [INFO]     | Moving City Lights (1931) after The Departed (2006)                                                |
[2022-07-08 01:43:56,867] [builder.py:2547]           [INFO]     | Moving Aliens (1986) after City Lights (1931)                                                      |
[2022-07-08 01:43:57,661] [builder.py:2547]           [INFO]     | Moving Eternal Sunshine of the Spotless Mind (2004) after Aliens (1986)                            |
[2022-07-08 01:43:58,448] [builder.py:2547]           [INFO]     | Moving Requiem for a Dream (2000) after Eternal Sunshine of the Spotless Mind (2004)               |
[2022-07-08 01:43:59,233] [builder.py:2547]           [INFO]     | Moving Das Boot (1981) after Requiem for a Dream (2000)                                            |
[2022-07-08 01:44:00,036] [builder.py:2547]           [INFO]     | Moving The Third Man (1949) after Das Boot (1981)                                                  |
[2022-07-08 01:44:00,824] [builder.py:2547]           [INFO]     | Moving Reservoir Dogs (1992) after The Third Man (1949)                                            |
[2022-07-08 01:44:01,603] [builder.py:2547]           [INFO]     | Moving L.A. Confidential (1997) after Reservoir Dogs (1992)                                        |
[2022-07-08 01:44:02,394] [builder.py:2547]           [INFO]     | Moving Chinatown (1974) after L.A. Confidential (1997)                                             |
[2022-07-08 01:44:03,183] [builder.py:2547]           [INFO]     | Moving Modern Times (1936) after Chinatown (1974)                                                  |
[2022-07-08 01:44:03,966] [builder.py:2547]           [INFO]     | Moving The Treasure of the Sierra Madre (1948) after Modern Times (1936)                           |
[2022-07-08 01:44:04,782] [builder.py:2547]           [INFO]     | Moving La vita è bella (1997) after The Treasure of the Sierra Madre (1948)                        |
[2022-07-08 01:44:05,950] [builder.py:2547]           [INFO]     | Moving Back to the Future (1985) after La vita è bella (1997)                                      |
[2022-07-08 01:44:06,931] [builder.py:2547]           [INFO]     | Moving Monty Python and the Holy Grail (1975) after Back to the Future (1985)                      |
[2022-07-08 01:44:07,728] [builder.py:2547]           [INFO]     | Moving The Prestige (2006) after Monty Python and the Holy Grail (1975)                            |
[2022-07-08 01:44:08,524] [builder.py:2547]           [INFO]     | Moving El laberinto del fauno (2006) after The Prestige (2006)                                     |
[2022-07-08 01:44:09,321] [builder.py:2547]           [INFO]     | Moving Raging Bull (1980) after El laberinto del fauno (2006)                                      |
[2022-07-08 01:44:10,115] [builder.py:2547]           [INFO]     | Moving Nuovo Cinema Paradiso (1988) after Raging Bull (1980)                                       |
[2022-07-08 01:44:10,899] [builder.py:2547]           [INFO]     | Moving Singin' in the Rain (1952) after Nuovo Cinema Paradiso (1988)                               |
[2022-07-08 01:44:11,697] [builder.py:2547]           [INFO]     | Moving Some Like It Hot (1959) after Singin' in the Rain (1952)                                    |
[2022-07-08 01:44:12,516] [builder.py:2547]           [INFO]     | Moving The Bridge on the River Kwai (1957) after Some Like It Hot (1959)                           |
[2022-07-08 01:44:13,306] [builder.py:2547]           [INFO]     | Moving 羅生門 (1950) after The Bridge on the River Kwai (1957)                                        |
[2022-07-08 01:44:14,441] [builder.py:2547]           [INFO]     | Moving All About Eve (1950) after 羅生門 (1950)                                                       |
[2022-07-08 01:44:15,459] [builder.py:2547]           [INFO]     | Moving Amadeus (1984) after All About Eve (1950)                                                   |
[2022-07-08 01:44:16,261] [builder.py:2547]           [INFO]     | Moving Once Upon a Time in America (1984) after Amadeus (1984)                                     |
[2022-07-08 01:44:17,046] [builder.py:2547]           [INFO]     | Moving The Green Mile (1999) after Once Upon a Time in America (1984)                              |
[2022-07-08 01:44:17,836] [builder.py:2547]           [INFO]     | Moving Full Metal Jacket (1987) after The Green Mile (1999)                                        |
[2022-07-08 01:44:18,629] [builder.py:2547]           [INFO]     | Moving 2001: A Space Odyssey (1968) after Full Metal Jacket (1987)                                 |
[2022-07-08 01:44:19,420] [builder.py:2547]           [INFO]     | Moving Ladri di biciclette (1948) after 2001: A Space Odyssey (1968)                               |
[2022-07-08 01:44:20,211] [builder.py:2547]           [INFO]     | Moving Inglourious Basterds (2009) after Ladri di biciclette (1948)                                |
[2022-07-08 01:44:21,000] [builder.py:2547]           [INFO]     | Moving Braveheart (1995) after Inglourious Basterds (2009)                                         |
[2022-07-08 01:44:21,792] [builder.py:2547]           [INFO]     | Moving The Great Dictator (1940) after Braveheart (1995)                                           |
[2022-07-08 01:44:23,073] [builder.py:2547]           [INFO]     | Moving The Apartment (1960) after The Great Dictator (1940)                                        |
[2022-07-08 01:44:23,952] [builder.py:2547]           [INFO]     | Moving Der Untergang (2004) after The Apartment (1960)                                             |
[2022-07-08 01:44:24,743] [builder.py:2547]           [INFO]     | Moving Up (2009) after Der Untergang (2004)                                                        |
[2022-07-08 01:44:25,522] [builder.py:2547]           [INFO]     | Moving Gran Torino (2008) after Up (2009)                                                          |
[2022-07-08 01:44:26,316] [builder.py:2547]           [INFO]     | Moving Gladiator (2000) after Gran Torino (2008)                                                   |
[2022-07-08 01:44:27,101] [builder.py:2547]           [INFO]     | Moving Metropolis (1927) after Gladiator (2000)                                                    |
[2022-07-08 01:44:27,903] [builder.py:2547]           [INFO]     | Moving The Sting (1973) after Metropolis (1927)                                                    |
[2022-07-08 01:44:28,695] [builder.py:2547]           [INFO]     | Moving The Maltese Falcon (1941) after The Sting (1973)                                            |
[2022-07-08 01:44:29,475] [builder.py:2547]           [INFO]     | Moving Unforgiven (1992) after The Maltese Falcon (1941)                                           |
[2022-07-08 01:44:30,279] [builder.py:2547]           [INFO]     | Moving The Elephant Man (1980) after Unforgiven (1992)                                             |
[2022-07-08 01:44:31,070] [builder.py:2547]           [INFO]     | Moving Mr. Smith Goes to Washington (1939) after The Elephant Man (1980)                           |
[2022-07-08 01:44:31,845] [builder.py:2547]           [INFO]     | Moving Sin City (2005) after Mr. Smith Goes to Washington (1939)                                   |
[2022-07-08 01:44:32,982] [builder.py:2547]           [INFO]     | Moving 올드보이 (2003) after Sin City (2005)                                                           |
[2022-07-08 01:44:33,953] [builder.py:2547]           [INFO]     | Moving On the Waterfront (1954) after 올드보이 (2003)                                                  |
[2022-07-08 01:44:34,835] [builder.py:2547]           [INFO]     | Moving Indiana Jones and the Last Crusade (1989) after On the Waterfront (1954)                    |
[2022-07-08 01:44:35,632] [builder.py:2547]           [INFO]     | Moving Rebecca (1940) after Indiana Jones and the Last Crusade (1989)                              |
[2022-07-08 01:44:36,501] [builder.py:2547]           [INFO]     | Moving Star Wars: Episode VI - Return of the Jedi (1983) after Rebecca (1940)                      |
[2022-07-08 01:44:37,340] [builder.py:2547]           [INFO]     | Moving Die Hard (1988) after Star Wars: Episode VI - Return of the Jedi (1983)                     |
[2022-07-08 01:44:38,144] [builder.py:2547]           [INFO]     | Moving The Great Escape (1963) after Die Hard (1988)                                               |
[2022-07-08 01:44:38,926] [builder.py:2547]           [INFO]     | Moving Batman Begins (2005) after The Great Escape (1963)                                          |
[2022-07-08 01:44:39,717] [builder.py:2547]           [INFO]     | Moving もののけ姫 (1997) after Batman Begins (2005)                                                     |
[2022-07-08 01:44:40,506] [builder.py:2547]           [INFO]     | Moving Det sjunde inseglet (1957) after もののけ姫 (1997)                                               |
[2022-07-08 01:44:41,284] [builder.py:2547]           [INFO]     | Moving Jaws (1975) after Det sjunde inseglet (1957)                                                |
[2022-07-08 01:44:42,062] [builder.py:2547]           [INFO]     | Moving Hotel Rwanda (2004) after Jaws (1975)                                                       |
[2022-07-08 01:44:43,264] [builder.py:2547]           [INFO]     | Moving Slumdog Millionaire (2008) after Hotel Rwanda (2004)                                        |
[2022-07-08 01:44:44,152] [builder.py:2547]           [INFO]     | Moving Blade Runner (1982) after Slumdog Millionaire (2008)                                        |
[2022-07-08 01:44:44,936] [builder.py:2547]           [INFO]     | Moving Fargo (1996) after Blade Runner (1982)                                                      |
[2022-07-08 01:44:45,722] [builder.py:2547]           [INFO]     | Moving No Country for Old Men (2007) after Fargo (1996)                                            |
[2022-07-08 01:44:46,513] [builder.py:2547]           [INFO]     | Moving The General (1926) after No Country for Old Men (2007)                                      |
[2022-07-08 01:44:47,302] [builder.py:2547]           [INFO]     | Moving Heat (1995) after The General (1926)                                                        |
[2022-07-08 01:44:48,078] [builder.py:2547]           [INFO]     | Moving The Wizard of Oz (1939) after Heat (1995)                                                   |
[2022-07-08 01:44:48,878] [builder.py:2547]           [INFO]     | Moving Touch of Evil (1958) after The Wizard of Oz (1939)                                          |
[2022-07-08 01:44:49,703] [builder.py:2547]           [INFO]     | Moving Per qualche dollaro in più (1965) after Touch of Evil (1958)                                |
[2022-07-08 01:44:50,495] [builder.py:2547]           [INFO]     | Moving 用心棒 (1961) after Per qualche dollaro in più (1965)                                          |
[2022-07-08 01:44:51,308] [builder.py:2547]           [INFO]     | Moving 乱 (1985) after 用心棒 (1961)                                                                   |
[2022-07-08 01:44:52,127] [builder.py:2547]           [INFO]     | Moving Witness for the Prosecution (1957) after 乱 (1985)                                           |
[2022-07-08 01:44:53,037] [builder.py:2547]           [INFO]     | Moving Smultronstället (1957) after Witness for the Prosecution (1957)                             |
[2022-07-08 01:44:53,887] [builder.py:2547]           [INFO]     | Moving Snatch (2000) after Smultronstället (1957)                                                  |
[2022-07-08 01:44:54,708] [builder.py:2547]           [INFO]     | Moving The Sixth Sense (1999) after Snatch (2000)                                                  |
[2022-07-08 01:44:55,947] [builder.py:2547]           [INFO]     | Moving 火垂るの墓 (1988) after The Sixth Sense (1999)                                                   |
[2022-07-08 01:44:56,918] [builder.py:2547]           [INFO]     | Moving District 9 (2009) after 火垂るの墓 (1988)                                                        |
[2022-07-08 01:44:57,751] [builder.py:2547]           [INFO]     | Moving Annie Hall (1977) after District 9 (2009)                                                   |
[2022-07-08 01:44:58,574] [builder.py:2547]           [INFO]     | Moving Donnie Darko (2001) after Annie Hall (1977)                                                 |
[2022-07-08 01:44:59,422] [builder.py:2547]           [INFO]     | Moving The Deer Hunter (1978) after Donnie Darko (2001)                                            |
[2022-07-08 01:45:00,274] [builder.py:2547]           [INFO]     | Moving Cool Hand Luke (1967) after The Deer Hunter (1978)                                          |
[2022-07-08 01:45:01,124] [builder.py:2547]           [INFO]     | Moving Strangers on a Train (1951) after Cool Hand Luke (1967)                                     |
[2022-07-08 01:45:01,997] [builder.py:2547]           [INFO]     | Moving High Noon (1952) after Strangers on a Train (1951)                                          |
[2022-07-08 01:45:02,890] [builder.py:2547]           [INFO]     | Moving The Big Lebowski (1998) after High Noon (1952)                                              |
[2022-07-08 01:45:03,791] [builder.py:2547]           [INFO]     | Moving It Happened One Night (1934) after The Big Lebowski (1998)                                  |
[2022-07-08 01:45:04,621] [builder.py:2547]           [INFO]     | Moving Avatar (2009) after It Happened One Night (1934)                                            |
[2022-07-08 01:45:05,442] [builder.py:2547]           [INFO]     | Moving Kill Bill: Vol. 1 (2003) after Avatar (2009)                                                |
[2022-07-08 01:45:06,275] [builder.py:2547]           [INFO]     | Moving Platoon (1986) after Kill Bill: Vol. 1 (2003)                                               |
[2022-07-08 01:45:07,136] [builder.py:2547]           [INFO]     | Moving Into the Wild (2007) after Platoon (1986)                                                   |
[2022-07-08 01:45:08,423] [builder.py:2547]           [INFO]     | Moving There Will Be Blood (2007) after Into the Wild (2007)                                       |
[2022-07-08 01:45:09,351] [builder.py:2547]           [INFO]     | Moving Notorious (1946) after There Will Be Blood (2007)                                           |
[2022-07-08 01:45:10,171] [builder.py:2547]           [INFO]     | Moving Million Dollar Baby (2004) after Notorious (1946)                                           |
[2022-07-08 01:45:11,018] [builder.py:2547]           [INFO]     | Moving Toy Story (1995) after Million Dollar Baby (2004)                                           |
[2022-07-08 01:45:11,842] [builder.py:2547]           [INFO]     | Moving Butch Cassidy and the Sundance Kid (1969) after Toy Story (1995)                            |
[2022-07-08 01:45:12,665] [builder.py:2547]           [INFO]     | Moving Gone with the Wind (1939) after Butch Cassidy and the Sundance Kid (1969)                   |
[2022-07-08 01:45:13,509] [builder.py:2547]           [INFO]     | Moving Sunrise (1927) after Gone with the Wind (1939)                                              |
[2022-07-08 01:45:14,337] [builder.py:2547]           [INFO]     | Moving Trainspotting (1996) after Sunrise (1927)                                                   |
[2022-07-08 01:45:15,265] [builder.py:2547]           [INFO]     | Moving The Gold Rush (1925) after Trainspotting (1996)                                             |
[2022-07-08 01:45:16,116] [builder.py:2547]           [INFO]     | Moving The Manchurian Candidate (1962) after The Gold Rush (1925)                                  |
[2022-07-08 01:45:16,939] [builder.py:2547]           [INFO]     | Moving The Wrestler (2008) after The Manchurian Candidate (1962)                                   |
[2022-07-08 01:45:17,776] [builder.py:2547]           [INFO]     | Moving The Grapes of Wrath (1940) after The Wrestler (2008)                                        |
[2022-07-08 01:45:18,614] [builder.py:2547]           [INFO]     | Moving Scarface (1983) after The Grapes of Wrath (1940)                                            |
[2022-07-08 01:45:19,468] [builder.py:2547]           [INFO]     | Moving Ben-Hur (1959) after Scarface (1983)                                                        |
[2022-07-08 01:45:20,299] [builder.py:2547]           [INFO]     | Moving The Big Sleep (1946) after Ben-Hur (1959)                                                   |
[2022-07-08 01:45:21,129] [builder.py:2547]           [INFO]     | Moving Groundhog Day (1993) after The Big Sleep (1946)                                             |
[2022-07-08 01:45:22,528] [builder.py:2547]           [INFO]     | Moving The Graduate (1967) after Groundhog Day (1993)                                              |
[2022-07-08 01:45:23,426] [builder.py:2547]           [INFO]     | Moving Life of Brian (1979) after The Graduate (1967)                                              |
[2022-07-08 01:45:24,257] [builder.py:2547]           [INFO]     | Moving Amores perros (2000) after Life of Brian (1979)                                             |
[2022-07-08 01:45:25,082] [builder.py:2547]           [INFO]     | Moving Finding Nemo (2003) after Amores perros (2000)                                              |
[2022-07-08 01:45:25,917] [builder.py:2547]           [INFO]     | Moving The Bourne Ultimatum (2007) after Finding Nemo (2003)                                       |
[2022-07-08 01:45:26,743] [builder.py:2547]           [INFO]     | Moving The Terminator (1984) after The Bourne Ultimatum (2007)                                     |
[2022-07-08 01:45:27,561] [builder.py:2547]           [INFO]     | Moving The Best Years of Our Lives (1946) after The Terminator (1984)                              |
[2022-07-08 01:45:28,433] [builder.py:2547]           [INFO]     | Moving The Kid (1921) after The Best Years of Our Lives (1946)                                     |
[2022-07-08 01:45:29,271] [builder.py:2547]           [INFO]     | Moving Stand by Me (1986) after The Kid (1921)                                                     |
[2022-07-08 01:45:30,108] [builder.py:2547]           [INFO]     | Moving Lock, Stock and Two Smoking Barrels (1998) after Stand by Me (1986)                         |
[2022-07-08 01:45:30,937] [builder.py:2547]           [INFO]     | Moving The Thing (1982) after Lock, Stock and Two Smoking Barrels (1998)                           |
[2022-07-08 01:45:31,758] [builder.py:2547]           [INFO]     | Moving 生きる (1952) after The Thing (1982)                                                           |
[2022-07-08 01:45:32,599] [builder.py:2547]           [INFO]     | Moving Casino (1995) after 生きる (1952)                                                              |
[2022-07-08 01:45:33,416] [builder.py:2547]           [INFO]     | Moving V for Vendetta (2006) after Casino (1995)                                                   |
[2022-07-08 01:45:34,237] [builder.py:2547]           [INFO]     | Moving 12 Monkeys (1995) after V for Vendetta (2006)                                               |
[2022-07-08 01:45:35,097] [builder.py:2547]           [INFO]     | Moving Le Salaire de la peur (1953) after 12 Monkeys (1995)                                        |
[2022-07-08 01:45:35,920] [builder.py:2547]           [INFO]     | Moving Dog Day Afternoon (1975) after Le Salaire de la peur (1953)                                 |
[2022-07-08 01:45:36,795] [builder.py:2547]           [INFO]     | Moving El secreto de sus ojos (2009) after Dog Day Afternoon (1975)                                |
[2022-07-08 01:45:37,719] [builder.py:2547]           [INFO]     | Moving Ratatouille (2007) after El secreto de sus ojos (2009)                                      |
[2022-07-08 01:45:38,909] [builder.py:2547]           [INFO]     | Moving Les Diaboliques (1955) after Ratatouille (2007)                                             |
[2022-07-08 01:45:39,862] [builder.py:2547]           [INFO]     | Moving Gandhi (1982) after Les Diaboliques (1955)                                                  |
[2022-07-08 01:45:40,702] [builder.py:2547]           [INFO]     | Moving Star Trek (2009) after Gandhi (1982)                                                        |
[2022-07-08 01:45:41,579] [builder.py:2547]           [INFO]     | Moving 8½ (1963) after Star Trek (2009)                                                            |
[2022-07-08 01:45:42,408] [builder.py:2547]           [INFO]     | Moving The Princess Bride (1987) after 8½ (1963)                                                   |
[2022-07-08 01:45:43,240] [builder.py:2547]           [INFO]     | Moving Judgment at Nuremberg (1961) after The Princess Bride (1987)                                |
[2022-07-08 01:45:44,061] [builder.py:2547]           [INFO]     | Moving The Night of the Hunter (1955) after Judgment at Nuremberg (1961)                           |
[2022-07-08 01:45:44,878] [builder.py:2547]           [INFO]     | Moving となりのトトロ (1988) after The Night of the Hunter (1955)                                         |
[2022-07-08 01:45:45,702] [builder.py:2547]           [INFO]     | Moving The Incredibles (2004) after となりのトトロ (1988)                                                 |
[2022-07-08 01:45:46,544] [builder.py:2547]           [INFO]     | Moving The Hustler (1961) after The Incredibles (2004)                                             |
[2022-07-08 01:45:47,378] [builder.py:2547]           [INFO]     | Moving The Killing (1956) after The Hustler (1961)                                                 |
[2022-07-08 01:45:48,227] [builder.py:2547]           [INFO]     | Moving La strada (1954) after The Killing (1956)                                                   |
[2022-07-08 01:45:49,053] [builder.py:2547]           [INFO]     | Moving Good Will Hunting (1997) after La strada (1954)                                             |
[2022-07-08 01:45:49,872] [builder.py:2547]           [INFO]     | Moving Network (1976) after Good Will Hunting (1997)                                               |
[2022-07-08 01:45:50,697] [builder.py:2547]           [INFO]     | Moving Les Quatre Cents Coups (1959) after Network (1976)                                          |
[2022-07-08 01:45:51,522] [builder.py:2547]           [INFO]     | Moving In Bruges (2008) after Les Quatre Cents Coups (1959)                                        |
[2022-07-08 01:45:52,352] [builder.py:2547]           [INFO]     | Moving The Wild Bunch (1969) after In Bruges (2008)                                                |
[2022-07-08 01:45:53,178] [builder.py:2547]           [INFO]     | Moving A Streetcar Named Desire (1951) after The Wild Bunch (1969)                                 |
[2022-07-08 01:45:54,049] [builder.py:2547]           [INFO]     | Moving La battaglia di Algeri (1966) after A Streetcar Named Desire (1951)                         |
[2022-07-08 01:45:54,897] [builder.py:2547]           [INFO]     | Moving Le scaphandre et le papillon (2007) after La battaglia di Algeri (1966)                     |
[2022-07-08 01:45:55,721] [builder.py:2547]           [INFO]     | Moving Stalag 17 (1953) after Le scaphandre et le papillon (2007)                                  |
[2022-07-08 01:45:57,195] [builder.py:2547]           [INFO]     | Moving The Exorcist (1973) after Stalag 17 (1953)                                                  |
[2022-07-08 01:45:58,165] [builder.py:2547]           [INFO]     | Moving Who's Afraid of Virginia Woolf? (1966) after The Exorcist (1973)                            |
[2022-07-08 01:45:58,985] [builder.py:2547]           [INFO]     | Moving Children of Men (2006) after Who's Afraid of Virginia Woolf? (1966)                         |
[2022-07-08 01:45:59,806] [builder.py:2547]           [INFO]     | Moving Kind Hearts and Coronets (1949) after Children of Men (2006)                                |
[2022-07-08 01:46:00,629] [builder.py:2547]           [INFO]     | Moving Dial M for Murder (1954) after Kind Hearts and Coronets (1949)                              |
[2022-07-08 01:46:01,457] [builder.py:2547]           [INFO]     | Moving Ed Wood (1994) after Dial M for Murder (1954)                                               |
[2022-07-08 01:46:02,283] [builder.py:2547]           [INFO]     | Moving All Quiet on the Western Front (1930) after Ed Wood (1994)                                  |
[2022-07-08 01:46:03,116] [builder.py:2547]           [INFO]     | Moving Låt den rätte komma in (2008) after All Quiet on the Western Front (1930)                   |
[2022-07-08 01:46:03,961] [builder.py:2547]           [INFO]     | Moving Rocky (1976) after Låt den rätte komma in (2008)                                            |
[2022-07-08 01:46:04,784] [builder.py:2547]           [INFO]     | Moving Big Fish (2003) after Rocky (1976)                                                          |
[2022-07-08 01:46:05,600] [builder.py:2547]           [INFO]     | Moving Magnolia (1999) after Big Fish (2003)                                                       |
[2022-07-08 01:46:06,417] [builder.py:2547]           [INFO]     | Moving Manhattan (1979) after Magnolia (1999)                                                      |
[2022-07-08 01:46:07,322] [builder.py:2547]           [INFO]     | Moving Mary and Max (2009) after Manhattan (1979)                                                  |
[2022-07-08 01:46:08,154] [builder.py:2547]           [INFO]     | Moving Mystic River (2003) after Mary and Max (2009)                                               |
[2022-07-08 01:46:08,977] [builder.py:2547]           [INFO]     | Moving Barry Lyndon (1975) after Mystic River (2003)                                               |
[2022-07-08 01:46:09,795] [builder.py:2547]           [INFO]     | Moving Kill Bill: Vol. 2 (2004) after Barry Lyndon (1975)                                          |
[2022-07-08 01:46:10,697] [builder.py:2547]           [INFO]     | Moving Rosemary's Baby (1968) after Kill Bill: Vol. 2 (2004)                                       |
[2022-07-08 01:46:11,525] [builder.py:2547]           [INFO]     | Moving Le notti di Cabiria (1957) after Rosemary's Baby (1968)                                     |
[2022-07-08 01:46:12,381] [builder.py:2547]           [INFO]     | Moving Patton (1970) after Le notti di Cabiria (1957)                                              |
[2022-07-08 01:46:13,206] [builder.py:2547]           [INFO]     | Moving Duck Soup (1933) after Patton (1970)                                                        |
[2022-07-08 01:46:14,046] [builder.py:2547]           [INFO]     | Moving His Girl Friday (1940) after Duck Soup (1933)                                               |
[2022-07-08 01:46:14,858] [builder.py:2547]           [INFO]     | Moving The Truman Show (1998) after His Girl Friday (1940)                                         |
[2022-07-08 01:46:15,703] [builder.py:2547]           [INFO]     | Moving 無間道 (2002) after The Truman Show (1998)                                                     |
[2022-07-08 01:46:17,654] [builder.py:2547]           [INFO]     | Moving Letters from Iwo Jima (2006) after 無間道 (2002)                                               |
[2022-07-08 01:46:18,478] [builder.py:2547]           [INFO]     | Moving Pirates of the Caribbean: The Curse of the Black Pearl (2003) after Letters from Iwo Jima (2006) |
[2022-07-08 01:46:20,039] [builder.py:2547]           [INFO]     | Moving The Philadelphia Story (1940) after Pirates of the Caribbean: The Curse of the Black Pearl (2003) |
[2022-07-08 01:46:20,988] [builder.py:2547]           [INFO]     | Moving ハウルの動く城 (2004) after The Philadelphia Story (1940)                                          |
[2022-07-08 01:46:21,828] [plex_meta_manager.py:674]  [INFO]     |                                                                                                    |
[2022-07-08 01:46:21,828] [plex_meta_manager.py:675]  [INFO]     |====================================================================================================|
[2022-07-08 01:46:21,829] [plex_meta_manager.py:675]  [INFO]     |                              Finished IMDB Top250 (2010年) Collection                               |
[2022-07-08 01:46:21,829] [plex_meta_manager.py:675]  [INFO]     |                                    Collection Run Time: 0:03:37                                    |
[2022-07-08 01:46:21,829] [plex_meta_manager.py:675]  [INFO]     |====================================================================================================|
