[2022-07-08 02:54:47,621] [builder.py:185]            [INFO]     |====================================================================================================|
[2022-07-08 02:54:47,622] [builder.py:185]            [INFO]     |                               Best of 1990s Collection in .....综艺节目                                |
[2022-07-08 02:54:47,622] [builder.py:185]            [INFO]     |====================================================================================================|
[2022-07-08 02:54:47,623] [builder.py:186]            [INFO]     |                                                                                                    |
[2022-07-08 02:54:47,623] [builder.py:191]            [INFO]     |=============================== Validating Best of 1990s Attributes ================================|
[2022-07-08 02:54:47,623] [builder.py:212]            [DEBUG]    |                                                                                                    |
[2022-07-08 02:54:47,623] [builder.py:213]            [DEBUG]    | Validating Method: template                                                                        |
[2022-07-08 02:54:47,624] [meta.py:103]               [DEBUG]    | Value: [{'value': [1998, 1999, 1995, 1997], 'decade': [1998, 1999, 1995, 1997], 'key_name': '1990', 'key': '1990', 'name': 'decade_dynamic'}, {'value': [1998, 1999, 1995, 1997], 'decade': [1998, 1999, 1995, 1997], 'key_name': '1990', 'key': '1990', 'name': 'shared'}] |
[2022-07-08 02:54:47,626] [builder.py:1675]           [INFO]     |                                                                                                    |
[2022-07-08 02:54:47,627] [builder.py:1676]           [INFO]     | Validating Method: smart_filter                                                                    |
[2022-07-08 02:54:47,627] [builder.py:1682]           [DEBUG]    | Value: {'sort_by': 'critic_rating.desc', 'any': {'year': [1998, 1999, 1995, 1997]}, 'limit': 100}  |
[2022-07-08 02:54:47,628] [builder.py:600]            [DEBUG]    |                                                                                                    |
[2022-07-08 02:54:47,629] [builder.py:604]            [DEBUG]    | Validating Method: label                                                                           |
[2022-07-08 02:54:47,629] [builder.py:605]            [DEBUG]    | Value: Decade                                                                                      |
[2022-07-08 02:54:47,629] [builder.py:600]            [DEBUG]    |                                                                                                    |
[2022-07-08 02:54:47,630] [builder.py:604]            [DEBUG]    | Validating Method: url_poster                                                                      |
[2022-07-08 02:54:47,630] [builder.py:605]            [DEBUG]    | Value: https://raw.githubusercontent.com/meisnate12/Plex-Meta-Manager-Images/master/decade/best/1990.jpg |
[2022-07-08 02:54:48,443] [builder.py:600]            [DEBUG]    |                                                                                                    |
[2022-07-08 02:54:48,444] [builder.py:604]            [DEBUG]    | Validating Method: sort_title                                                                      |
[2022-07-08 02:54:48,444] [builder.py:605]            [DEBUG]    | Value: !12_Best of 1990s                                                                           |
[2022-07-08 02:54:48,501] [builder.py:764]            [INFO]     |                                                                                                    |
[2022-07-08 02:54:48,502] [builder.py:765]            [INFO]     | Validation Successful                                                                              |
[2022-07-08 02:54:48,502] [plex_meta_manager.py:539]  [INFO]     |                                                                                                    |
[2022-07-08 02:54:48,502] [plex_meta_manager.py:541]  [INFO]     |================================= Running Best of 1990s Collection =================================|
[2022-07-08 02:54:48,503] [plex_meta_manager.py:547]  [INFO]     |                                                                                                    |
[2022-07-08 02:54:48,503] [plex_meta_manager.py:548]  [INFO]     | Smart Show Filter                                                                                  |
                                                                 | Sort By: critic_rating.desc
                                                                 | Limit: 100
                                                                 | Filter:
                                                                 |   Match any of the following:
                                                                 |     Year is 1998
                                                                 |     Year is 1999
                                                                 |     Year is 1995
                                                                 |     Year is 1997
[2022-07-08 02:54:48,562] [builder.py:2383]           [INFO]     | 
[2022-07-08 02:54:48,563] [builder.py:2384]           [INFO]     |=========================== Updating Details of Best of 1990s Collection ===========================|
[2022-07-08 02:54:48,563] [builder.py:2385]           [INFO]     |                                                                                                    |
[2022-07-08 02:54:48,586] [builder.py:2446]           [INFO]     | Collection Metadata Edits                                                                          |
[2022-07-08 02:54:48,586] [util.py:150]               [DEBUG]    | 1 poster found:                                                                                    |
[2022-07-08 02:54:48,587] [util.py:152]               [DEBUG]    | Method: url_poster Poster: https://raw.githubusercontent.com/meisnate12/Plex-Meta-Manager-Images/master/decade/best/1990.jpg |
[2022-07-08 02:54:48,589] [library.py:155]            [INFO]     | Detail: poster update not needed                                                                   |
[2022-07-08 02:54:48,629] [plex_meta_manager.py:674]  [INFO]     |                                                                                                    |
[2022-07-08 02:54:48,630] [plex_meta_manager.py:675]  [INFO]     |====================================================================================================|
[2022-07-08 02:54:48,630] [plex_meta_manager.py:675]  [INFO]     |                                 Finished Best of 1990s Collection                                  |
[2022-07-08 02:54:48,631] [plex_meta_manager.py:675]  [INFO]     |                                    Collection Run Time: 0:00:01                                    |
[2022-07-08 02:54:48,631] [plex_meta_manager.py:675]  [INFO]     |====================================================================================================|
