[2022-07-08 01:47:10,853] [builder.py:185]            [INFO]     |====================================================================================================|
[2022-07-08 01:47:10,855] [builder.py:185]            [INFO]     |                                     Italy Collection in Movies                                     |
[2022-07-08 01:47:10,855] [builder.py:185]            [INFO]     |====================================================================================================|
[2022-07-08 01:47:10,855] [builder.py:186]            [INFO]     |                                                                                                    |
[2022-07-08 01:47:10,856] [builder.py:191]            [INFO]     |=================================== Validating Italy Attributes ====================================|
[2022-07-08 01:47:10,856] [builder.py:212]            [DEBUG]    |                                                                                                    |
[2022-07-08 01:47:10,857] [builder.py:213]            [DEBUG]    | Validating Method: template                                                                        |
[2022-07-08 01:47:10,857] [meta.py:103]               [DEBUG]    | Value: [{'value': ['Italy'], 'country': ['Italy'], 'key_name': 'Italy', 'key': 'Italy', 'name': 'country_dynamic'}, {'value': ['Italy'], 'country': ['Italy'], 'key_name': 'Italy', 'key': 'Italy', 'name': 'shared'}] |
[2022-07-08 01:47:10,859] [builder.py:1675]           [INFO]     |                                                                                                    |
[2022-07-08 01:47:10,860] [builder.py:1676]           [INFO]     | Validating Method: smart_filter                                                                    |
[2022-07-08 01:47:10,860] [builder.py:1682]           [DEBUG]    | Value: {'sort_by': 'release.desc', 'any': {'country': ['Italy']}}                                  |
[2022-07-08 01:47:10,903] [builder.py:600]            [DEBUG]    |                                                                                                    |
[2022-07-08 01:47:10,904] [builder.py:604]            [DEBUG]    | Validating Method: label                                                                           |
[2022-07-08 01:47:10,904] [builder.py:605]            [DEBUG]    | Value: Country Color                                                                               |
[2022-07-08 01:47:10,905] [builder.py:600]            [DEBUG]    |                                                                                                    |
[2022-07-08 01:47:10,905] [builder.py:604]            [DEBUG]    | Validating Method: url_poster                                                                      |
[2022-07-08 01:47:10,905] [builder.py:605]            [DEBUG]    | Value: https://raw.githubusercontent.com/meisnate12/Plex-Meta-Manager-Images/master/country/white/Italy.jpg |
[2022-07-08 01:47:11,940] [builder.py:600]            [DEBUG]    |                                                                                                    |
[2022-07-08 01:47:11,940] [builder.py:604]            [DEBUG]    | Validating Method: sort_title                                                                      |
[2022-07-08 01:47:11,941] [builder.py:605]            [DEBUG]    | Value: !09_Italy                                                                                   |
[2022-07-08 01:47:12,368] [builder.py:764]            [INFO]     |                                                                                                    |
[2022-07-08 01:47:12,368] [builder.py:765]            [INFO]     | Validation Successful                                                                              |
[2022-07-08 01:47:12,369] [plex_meta_manager.py:539]  [INFO]     |                                                                                                    |
[2022-07-08 01:47:12,369] [plex_meta_manager.py:541]  [INFO]     |===================================== Running Italy Collection =====================================|
[2022-07-08 01:47:12,370] [plex_meta_manager.py:547]  [INFO]     |                                                                                                    |
[2022-07-08 01:47:12,370] [plex_meta_manager.py:548]  [INFO]     | Smart Movie Filter                                                                                 |
                                                                 | Sort By: release.desc
                                                                 | Filter:
                                                                 |   Match any of the following:
                                                                 |     Country is Italy
[2022-07-08 01:47:12,825] [builder.py:2383]           [INFO]     | 
[2022-07-08 01:47:12,825] [builder.py:2384]           [INFO]     |=============================== Updating Details of Italy Collection ===============================|
[2022-07-08 01:47:12,826] [builder.py:2385]           [INFO]     |                                                                                                    |
[2022-07-08 01:47:12,851] [builder.py:2446]           [INFO]     | Collection Metadata Edits                                                                          |
[2022-07-08 01:47:12,851] [util.py:150]               [DEBUG]    | 1 poster found:                                                                                    |
[2022-07-08 01:47:12,852] [util.py:152]               [DEBUG]    | Method: url_poster Poster: https://raw.githubusercontent.com/meisnate12/Plex-Meta-Manager-Images/master/country/white/Italy.jpg |
[2022-07-08 01:47:12,854] [library.py:155]            [INFO]     | Detail: poster update not needed                                                                   |
[2022-07-08 01:47:13,233] [plex_meta_manager.py:674]  [INFO]     |                                                                                                    |
[2022-07-08 01:47:13,233] [plex_meta_manager.py:675]  [INFO]     |====================================================================================================|
[2022-07-08 01:47:13,233] [plex_meta_manager.py:675]  [INFO]     |                                     Finished Italy Collection                                      |
[2022-07-08 01:47:13,234] [plex_meta_manager.py:675]  [INFO]     |                                    Collection Run Time: 0:00:02                                    |
[2022-07-08 01:47:13,234] [plex_meta_manager.py:675]  [INFO]     |====================================================================================================|
