[2022-07-08 01:33:25,899] [builder.py:185]            [INFO]     |====================================================================================================|
[2022-07-08 01:33:25,900] [builder.py:185]            [INFO]     |                            TimeOut Shanghai之中国百佳电影 Collection in Movies                            |
[2022-07-08 01:33:25,900] [builder.py:185]            [INFO]     |====================================================================================================|
[2022-07-08 01:33:25,901] [builder.py:186]            [INFO]     |                                                                                                    |
[2022-07-08 01:33:25,901] [builder.py:191]            [INFO]     |========================== Validating TimeOut Shanghai之中国百佳电影 Attributes ===========================|
[2022-07-08 01:33:25,901] [builder.py:437]            [DEBUG]    |                                                                                                    |
[2022-07-08 01:33:25,902] [builder.py:438]            [DEBUG]    | Validating Method: sync_mode                                                                       |
[2022-07-08 01:33:25,902] [builder.py:442]            [DEBUG]    | Value: sync                                                                                        |
[2022-07-08 01:33:25,903] [builder.py:582]            [DEBUG]    |                                                                                                    |
[2022-07-08 01:33:25,903] [builder.py:583]            [DEBUG]    | Validating Method: collection_order                                                                |
[2022-07-08 01:33:25,903] [builder.py:584]            [DEBUG]    | Value: custom                                                                                      |
[2022-07-08 01:33:25,903] [builder.py:600]            [DEBUG]    |                                                                                                    |
[2022-07-08 01:33:25,904] [builder.py:604]            [DEBUG]    | Validating Method: trakt_list                                                                      |
[2022-07-08 01:33:25,904] [builder.py:605]            [DEBUG]    | Value: https://trakt.tv/users/bpsim/lists/time-out-shanghai-100-best-chinese-mainland-films        |
[2022-07-08 01:33:26,227] [builder.py:600]            [DEBUG]    |                                                                                                    |
[2022-07-08 01:33:26,227] [builder.py:604]            [DEBUG]    | Validating Method: url_poster                                                                      |
[2022-07-08 01:33:26,227] [builder.py:605]            [DEBUG]    | Value: http://beijingcream.com/wp-content/uploads/2014/04/TimeOuts-list-of-best-mainland-Chinese-films.jpg |
[2022-07-08 01:33:26,838] [plex.py:742]               [DEBUG]    |                                                                                                    |
[2022-07-08 01:33:26,838] [plex.py:745]               [DEBUG]    | Looking for: TimeOut Shanghai之中国百佳电影                                                               |
[2022-07-08 01:33:26,839] [builder.py:764]            [INFO]     |                                                                                                    |
[2022-07-08 01:33:26,839] [builder.py:765]            [INFO]     | Validation Successful                                                                              |
[2022-07-08 01:33:26,839] [plex_meta_manager.py:539]  [INFO]     |                                                                                                    |
[2022-07-08 01:33:26,840] [plex_meta_manager.py:541]  [INFO]     |============================ Running TimeOut Shanghai之中国百佳电影 Collection ============================|
[2022-07-08 01:33:26,840] [plex_meta_manager.py:553]  [INFO]     |                                                                                                    |
[2022-07-08 01:33:26,841] [plex_meta_manager.py:554]  [INFO]     | Sync Mode: sync                                                                                    |
[2022-07-08 01:33:26,841] [plex_meta_manager.py:557]  [DEBUG]    |                                                                                                    |
[2022-07-08 01:33:26,841] [plex_meta_manager.py:558]  [DEBUG]    | Builder: trakt_list: https://trakt.tv/users/bpsim/lists/time-out-shanghai-100-best-chinese-mainland-films |
[2022-07-08 01:33:26,842] [plex_meta_manager.py:559]  [INFO]     |                                                                                                    |
[2022-07-08 01:33:26,842] [trakt.py:482]              [INFO]     | Processing Trakt List: https://trakt.tv/users/bpsim/lists/time-out-shanghai-100-best-chinese-mainland-films |
[2022-07-08 01:33:27,124] [builder.py:1507]           [DEBUG]    |                                                                                                    |
[2022-07-08 01:33:27,125] [builder.py:1508]           [DEBUG]    | 100 IDs Found: [(10997, 'tmdb'), (21058, 'tmdb'), (25838, 'tmdb'), (161285, 'tmdb'), (52103, 'tmdb'), (86282, 'tmdb'), (92990, 'tmdb'), (31439, 'tmdb'), (112698, 'tmdb'), (112699, 'tmdb'), (2346, 'tmdb'), (42006, 'tmdb'), (10404, 'tmdb'), (44162, 'tmdb'), (11492, 'tmdb'), (80427, 'tmdb'), (11599, 'tmdb'), (51885, 'tmdb'), (122973, 'tmdb'), (17422, 'tmdb'), (41821, 'tmdb'), (118613, 'tmdb'), (154633, 'tmdb'), (47759, 'tmdb'), (42018, 'tmdb'), (124991, 'tmdb'), (163888, 'tmdb'), (51533, 'tmdb'), (45380, 'tmdb'), (151243, 'tmdb'), (79, 'tmdb'), (80243, 'tmdb'), (287171, 'tmdb'), (94019, 'tmdb'), (202514, 'tmdb'), (148597, 'tmdb'), (11728, 'tmdb'), (16074, 'tmdb'), (117646, 'tmdb'), (176228, 'tmdb'), (100914, 'tmdb'), (295279, 'tmdb'), (140260, 'tmdb'), (38143, 'tmdb'), (74037, 'tmdb'), (124841, 'tmdb'), (21345, 'tmdb'), (1050, 'tmdb'), (176673, 'tmdb'), (79279, 'tmdb'), (187022, 'tmdb'), (12659, 'tmdb'), (29972, 'tmdb'), (150279, 'tmdb'), (176628, 'tmdb'), (49927, 'tmdb'), (191463, 'tmdb'), (150314, 'tmdb'), (195237, 'tmdb'), (255526, 'tmdb'), (255969, 'tmdb'), (208414, 'tmdb'), (119746, 'tmdb'), (37909, 'tmdb'), (270755, 'tmdb'), (34561, 'tmdb'), (124628, 'tmdb'), (177369, 'tmdb'), (83277, 'tmdb'), (166289, 'tmdb'), (41292, 'tmdb'), (29363, 'tmdb'), (176643, 'tmdb'), (95361, 'tmdb'), (9550, 'tmdb'), (18232, 'tmdb'), (102869, 'tmdb'), (98232, 'tmdb'), (295280, 'tmdb'), (102809, 'tmdb'), (44322, 'tmdb'), (134575, 'tmdb'), (14044, 'tmdb'), (176631, 'tmdb'), (176679, 'tmdb'), (182655, 'tmdb'), (76737, 'tmdb'), (152508, 'tmdb'), (44714, 'tmdb'), (124468, 'tmdb'), (295284, 'tmdb'), (183704, 'tmdb'), (295285, 'tmdb'), (295287, 'tmdb'), (110410, 'tmdb'), (45576, 'tmdb'), (58370, 'tmdb'), (97943, 'tmdb'), (502336, 'tmdb'), (32582, 'tmdb')] |
[2022-07-08 01:33:27,125] [builder.py:1509]           [DEBUG]    |                                                                                                    |
[2022-07-08 01:33:27,127] [builder.py:2172]           [INFO]     |                                                                                                    |
[2022-07-08 01:33:27,128] [builder.py:2173]           [INFO]     |=============================== Missing Movies from Library: Movies ================================|
[2022-07-08 01:33:27,128] [builder.py:2174]           [INFO]     |                                                                                                    |
[2022-07-08 01:33:27,599] [builder.py:2187]           [INFO]     | TimeOut Shanghai之中国百佳电影 Collection | ? | Farewell My Concubine (1993) (TMDb: 10997)                |
[2022-07-08 01:33:27,928] [builder.py:2187]           [INFO]     | TimeOut Shanghai之中国百佳电影 Collection | ? | Spring in a Small Town (1948) (TMDb: 21058)               |
[2022-07-08 01:33:28,333] [builder.py:2187]           [INFO]     | TimeOut Shanghai之中国百佳电影 Collection | ? | Devils on the Doorstep (2000) (TMDb: 25838)               |
[2022-07-08 01:33:28,683] [builder.py:2187]           [INFO]     | TimeOut Shanghai之中国百佳电影 Collection | ? | In the Heat of the Sun (1994) (TMDb: 161285)              |
[2022-07-08 01:33:29,072] [builder.py:2187]           [INFO]     | TimeOut Shanghai之中国百佳电影 Collection | ? | Pickpocket (1997) (TMDb: 52103)                           |
[2022-07-08 01:33:29,077] [builder.py:2187]           [INFO]     | TimeOut Shanghai之中国百佳电影 Collection | ? | Tie Xi Qu: West of the Tracks (2004) (TMDb: 86282)        |
[2022-07-08 01:33:29,461] [builder.py:2187]           [INFO]     | TimeOut Shanghai之中国百佳电影 Collection | ? | Yellow Earth (1984) (TMDb: 92990)                         |
[2022-07-08 01:33:29,894] [builder.py:2187]           [INFO]     | TimeOut Shanghai之中国百佳电影 Collection | ? | To Live (1994) (TMDb: 31439)                              |
[2022-07-08 01:33:30,239] [builder.py:2187]           [INFO]     | TimeOut Shanghai之中国百佳电影 Collection | ? | The Goddess (1934) (TMDb: 112698)                         |
[2022-07-08 01:33:30,572] [builder.py:2187]           [INFO]     | TimeOut Shanghai之中国百佳电影 Collection | ? | Street Angel (1937) (TMDb: 112699)                        |
[2022-07-08 01:33:30,883] [builder.py:2187]           [INFO]     | TimeOut Shanghai之中国百佳电影 Collection | ? | Still Life (2006) (TMDb: 2346)                            |
[2022-07-08 01:33:31,183] [builder.py:2187]           [INFO]     | TimeOut Shanghai之中国百佳电影 Collection | ? | Red Sorghum (1987) (TMDb: 42006)                          |
[2022-07-08 01:33:31,528] [builder.py:2187]           [INFO]     | TimeOut Shanghai之中国百佳电影 Collection | ? | Raise the Red Lantern (1991) (TMDb: 10404)                |
[2022-07-08 01:33:31,866] [builder.py:2187]           [INFO]     | TimeOut Shanghai之中国百佳电影 Collection | ? | The Blue Kite (1994) (TMDb: 44162)                        |
[2022-07-08 01:33:32,216] [builder.py:2187]           [INFO]     | TimeOut Shanghai之中国百佳电影 Collection | ? | Blind Shaft (2003) (TMDb: 11492)                          |
[2022-07-08 01:33:32,528] [builder.py:2187]           [INFO]     | TimeOut Shanghai之中国百佳电影 Collection | ? | Platform (2001) (TMDb: 80427)                             |
[2022-07-08 01:33:32,861] [builder.py:2187]           [INFO]     | TimeOut Shanghai之中国百佳电影 Collection | ? | Suzhou River (2000) (TMDb: 11599)                         |
[2022-07-08 01:33:33,217] [builder.py:2187]           [INFO]     | TimeOut Shanghai之中国百佳电影 Collection | ? | The Sun Also Rises (2007) (TMDb: 51885)                   |
[2022-07-08 01:33:33,566] [builder.py:2187]           [INFO]     | TimeOut Shanghai之中国百佳电影 Collection | ? | Hibiscus Town (1987) (TMDb: 122973)                       |
[2022-07-08 01:33:33,883] [builder.py:2187]           [INFO]     | TimeOut Shanghai之中国百佳电影 Collection | ? | Summer Palace (2006) (TMDb: 17422)                        |
[2022-07-08 01:33:34,139] [builder.py:2187]           [INFO]     | TimeOut Shanghai之中国百佳电影 Collection | ? | Ju Dou (1990) (TMDb: 41821)                               |
[2022-07-08 01:33:34,494] [builder.py:2187]           [INFO]     | TimeOut Shanghai之中国百佳电影 Collection | ? | Black Snow (1990) (TMDb: 118613)                          |
[2022-07-08 01:33:35,349] [builder.py:2187]           [INFO]     | TimeOut Shanghai之中国百佳电影 Collection | ? | Two Stage Sisters (1964) (TMDb: 154633)                   |
[2022-07-08 01:33:36,299] [builder.py:2187]           [INFO]     | TimeOut Shanghai之中国百佳电影 Collection | ? | The Monkey King: Havoc in Heaven (1961) (TMDb: 47759)     |
[2022-07-08 01:33:36,728] [builder.py:2187]           [INFO]     | TimeOut Shanghai之中国百佳电影 Collection | ? | The Horse Thief (1986) (TMDb: 42018)                      |
[2022-07-08 01:33:38,040] [builder.py:2187]           [INFO]     | TimeOut Shanghai之中国百佳电影 Collection | ? | Petition (2009) (TMDb: 124991)                            |
[2022-07-08 01:33:38,572] [builder.py:2187]           [INFO]     | TimeOut Shanghai之中国百佳电影 Collection | ? | Oxhide (2005) (TMDb: 163888)                              |
[2022-07-08 01:33:39,017] [builder.py:2187]           [INFO]     | TimeOut Shanghai之中国百佳电影 Collection | ? | Let the Bullets Fly (2010) (TMDb: 51533)                  |
[2022-07-08 01:33:39,394] [builder.py:2187]           [INFO]     | TimeOut Shanghai之中国百佳电影 Collection | ? | Crazy Stone (2006) (TMDb: 45380)                          |
[2022-07-08 01:33:39,728] [builder.py:2187]           [INFO]     | TimeOut Shanghai之中国百佳电影 Collection | ? | The Big Road (1935) (TMDb: 151243)                        |
[2022-07-08 01:33:40,072] [builder.py:2187]           [INFO]     | TimeOut Shanghai之中国百佳电影 Collection | ? | Hero (2002) (TMDb: 79)                                    |
[2022-07-08 01:33:40,494] [builder.py:2187]           [INFO]     | TimeOut Shanghai之中国百佳电影 Collection | ? | Unknown Pleasures (2002) (TMDb: 80243)                    |
[2022-07-08 01:33:40,807] [builder.py:2187]           [INFO]     | TimeOut Shanghai之中国百佳电影 Collection | ? | Mr. Zhao (1998) (TMDb: 287171)                            |
[2022-07-08 01:33:41,150] [builder.py:2187]           [INFO]     | TimeOut Shanghai之中国百佳电影 Collection | ? | Woman Demon Human (1987) (TMDb: 94019)                    |
[2022-07-08 01:33:41,416] [builder.py:2187]           [INFO]     | TimeOut Shanghai之中国百佳电影 Collection | ? | Sacrificed Youth (1985) (TMDb: 202514)                    |
[2022-07-08 01:33:41,928] [builder.py:2187]           [INFO]     | TimeOut Shanghai之中国百佳电影 Collection | ? | King of the Children (1987) (TMDb: 148597)                |
[2022-07-08 01:33:43,141] [builder.py:2187]           [INFO]     | TimeOut Shanghai之中国百佳电影 Collection | ? | Peacock (2005) (TMDb: 11728)                              |
[2022-07-08 01:33:44,361] [builder.py:2187]           [INFO]     | TimeOut Shanghai之中国百佳电影 Collection | ? | Mountain Patrol (2004) (TMDb: 16074)                      |
[2022-07-08 01:33:44,673] [builder.py:2187]           [INFO]     | TimeOut Shanghai之中国百佳电影 Collection | ? | Spring Fever (2009) (TMDb: 117646)                        |
[2022-07-08 01:33:44,940] [builder.py:2187]           [INFO]     | TimeOut Shanghai之中国百佳电影 Collection | ? | Life of a Beijing Policeman (1950) (TMDb: 176228)         |
[2022-07-08 01:33:45,416] [builder.py:2187]           [INFO]     | TimeOut Shanghai之中国百佳电影 Collection | ? | Crows and Sparrows (1949) (TMDb: 100914)                  |
[2022-07-08 01:33:45,873] [builder.py:2187]           [INFO]     | TimeOut Shanghai之中国百佳电影 Collection | ? | Back to Back, Face to Face (1994) (TMDb: 295279)          |
[2022-07-08 01:33:46,415] [builder.py:2187]           [INFO]     | TimeOut Shanghai之中国百佳电影 Collection | ? | The Spring River Flows East (1947) (TMDb: 140260)         |
[2022-07-08 01:33:46,956] [builder.py:2187]           [INFO]     | TimeOut Shanghai之中国百佳电影 Collection | ? | The Story of Qiu Ju (1992) (TMDb: 38143)                  |
[2022-07-08 01:33:47,306] [builder.py:2187]           [INFO]     | TimeOut Shanghai之中国百佳电影 Collection | ? | Nezha Conquers the Dragon King (1979) (TMDb: 74037)       |
[2022-07-08 01:33:47,672] [builder.py:2187]           [INFO]     | TimeOut Shanghai之中国百佳电影 Collection | ? | Rainclouds Over Wushan (1996) (TMDb: 124841)              |
[2022-07-08 01:33:47,939] [builder.py:2187]           [INFO]     | TimeOut Shanghai之中国百佳电影 Collection | ? | City of Life and Death (2009) (TMDb: 21345)               |
[2022-07-08 01:33:48,339] [builder.py:2187]           [INFO]     | TimeOut Shanghai之中国百佳电影 Collection | ? | Shower (1999) (TMDb: 1050)                                |
[2022-07-08 01:33:48,661] [builder.py:2187]           [INFO]     | TimeOut Shanghai之中国百佳电影 Collection | ? | Early Spring (1963) (TMDb: 176673)                        |
[2022-07-08 01:33:49,005] [builder.py:2187]           [INFO]     | TimeOut Shanghai之中国百佳电影 Collection | ? | The Dream Factory (1997) (TMDb: 79279)                    |
[2022-07-08 01:33:49,539] [builder.py:2187]           [INFO]     | TimeOut Shanghai之中国百佳电影 Collection | ? | A Touch of Sin (2013) (TMDb: 187022)                      |
[2022-07-08 01:33:49,998] [builder.py:2187]           [INFO]     | TimeOut Shanghai之中国百佳电影 Collection | ? | Beijing Bicycle (2001) (TMDb: 12659)                      |
[2022-07-08 01:33:50,431] [builder.py:2187]           [INFO]     | TimeOut Shanghai之中国百佳电影 Collection | ? | 24 City (2008) (TMDb: 29972)                              |
[2022-07-08 01:33:50,797] [builder.py:2187]           [INFO]     | TimeOut Shanghai之中国百佳电影 Collection | ? | Emperor Visits the Hell (2012) (TMDb: 150279)             |
[2022-07-08 01:33:51,239] [builder.py:2187]           [INFO]     | TimeOut Shanghai之中国百佳电影 Collection | ? | Sorrows and Joys of a Middle-Aged Man (1949) (TMDb: 176628) |
[2022-07-08 01:33:51,656] [builder.py:2187]           [INFO]     | TimeOut Shanghai之中国百佳电影 Collection | ? | The Days (1994) (TMDb: 49927)                             |
[2022-07-08 01:33:52,128] [builder.py:2187]           [INFO]     | TimeOut Shanghai之中国百佳电影 Collection | ? | The Troubleshooters (1988) (TMDb: 191463)                 |
[2022-07-08 01:33:52,405] [builder.py:2187]           [INFO]     | TimeOut Shanghai之中国百佳电影 Collection | ? | New Women (1935) (TMDb: 150314)                           |
[2022-07-08 01:33:53,739] [builder.py:2187]           [INFO]     | TimeOut Shanghai之中国百佳电影 Collection | ? | My Memories of Old Beijing (1983) (TMDb: 195237)          |
[2022-07-08 01:33:54,172] [builder.py:2187]           [INFO]     | TimeOut Shanghai之中国百佳电影 Collection | ? | Father (2000) (TMDb: 255526)                              |
[2022-07-08 01:33:54,747] [builder.py:2187]           [INFO]     | TimeOut Shanghai之中国百佳电影 Collection | ? | For Fun (1993) (TMDb: 255969)                             |
[2022-07-08 01:33:56,106] [builder.py:2187]           [INFO]     | TimeOut Shanghai之中国百佳电影 Collection | ? | Taking Father Home (2005) (TMDb: 208414)                  |
[2022-07-08 01:33:57,283] [builder.py:2187]           [INFO]     | TimeOut Shanghai之中国百佳电影 Collection | ? | Oxhide II (2009) (TMDb: 119746)                           |
[2022-07-08 01:33:58,595] [builder.py:2187]           [INFO]     | TimeOut Shanghai之中国百佳电影 Collection | ? | Keep Cool (1997) (TMDb: 37909)                            |
[2022-07-08 01:33:58,897] [builder.py:2187]           [INFO]     | TimeOut Shanghai之中国百佳电影 Collection | ? | Woman Basketball Player No. 5 (1957) (TMDb: 270755)       |
[2022-07-08 01:34:00,306] [builder.py:2187]           [INFO]     | TimeOut Shanghai之中国百佳电影 Collection | ? | Purple Butterfly (2003) (TMDb: 34561)                     |
[2022-07-08 01:34:00,722] [builder.py:2187]           [INFO]     | TimeOut Shanghai之中国百佳电影 Collection | ? | On the Beat (1995) (TMDb: 124628)                         |
[2022-07-08 01:34:01,055] [builder.py:2187]           [INFO]     | TimeOut Shanghai之中国百佳电影 Collection | ? | The Search (2009) (TMDb: 177369)                          |
[2022-07-08 01:34:01,397] [builder.py:2187]           [INFO]     | TimeOut Shanghai之中国百佳电影 Collection | ? | The Missing Gun (2002) (TMDb: 83277)                      |
[2022-07-08 01:34:02,639] [builder.py:2187]           [INFO]     | TimeOut Shanghai之中国百佳电影 Collection | ? | Third Sister Liu (1960) (TMDb: 166289)                    |
[2022-07-08 01:34:02,950] [builder.py:2187]           [INFO]     | TimeOut Shanghai之中国百佳电影 Collection | ? | The World (2004) (TMDb: 41292)                            |
[2022-07-08 01:34:03,372] [builder.py:2187]           [INFO]     | TimeOut Shanghai之中国百佳电影 Collection | ? | A World Without Thieves (2004) (TMDb: 29363)              |
[2022-07-08 01:34:03,738] [builder.py:2187]           [INFO]     | TimeOut Shanghai之中国百佳电影 Collection | ? | The Black Cannon Incident (1985) (TMDb: 176643)           |
[2022-07-08 01:34:04,050] [builder.py:2187]           [INFO]     | TimeOut Shanghai之中国百佳电影 Collection | ? | Winter Vacation (2010) (TMDb: 95361)                      |
[2022-07-08 01:34:04,555] [builder.py:2187]           [INFO]     | TimeOut Shanghai之中国百佳电影 Collection | ? | House of Flying Daggers (2004) (TMDb: 9550)               |
[2022-07-08 01:34:04,905] [builder.py:2187]           [INFO]     | TimeOut Shanghai之中国百佳电影 Collection | ? | If You Are the One (2008) (TMDb: 18232)                   |
[2022-07-08 01:34:05,372] [builder.py:2187]           [INFO]     | TimeOut Shanghai之中国百佳电影 Collection | ? | People Mountain People Sea (2011) (TMDb: 102869)          |
[2022-07-08 01:34:05,694] [builder.py:2187]           [INFO]     | TimeOut Shanghai之中国百佳电影 Collection | ? | 11 Flowers (2012) (TMDb: 98232)                           |
[2022-07-08 01:34:07,138] [builder.py:2187]           [INFO]     | TimeOut Shanghai之中国百佳电影 Collection | ? | Doctor Ma's Country Clinic (2008) (TMDb: 295280)          |
[2022-07-08 01:34:07,616] [builder.py:2187]           [INFO]     | TimeOut Shanghai之中国百佳电影 Collection | ? | Disorder (2009) (TMDb: 102809)                            |
[2022-07-08 01:34:07,916] [builder.py:2187]           [INFO]     | TimeOut Shanghai之中国百佳电影 Collection | ? | East Palace, West Palace (1996) (TMDb: 44322)             |
[2022-07-08 01:34:09,096] [builder.py:2187]           [INFO]     | TimeOut Shanghai之中国百佳电影 Collection | ? | Secrets of the Heavenly Book (1983) (TMDb: 134575)        |
[2022-07-08 01:34:10,395] [builder.py:2187]           [INFO]     | TimeOut Shanghai之中国百佳电影 Collection | ? | Assembly (2007) (TMDb: 14044)                             |
[2022-07-08 01:34:10,713] [builder.py:2187]           [INFO]     | TimeOut Shanghai之中国百佳电影 Collection | ? | Long Live the Mistress! (1947) (TMDb: 176631)             |
[2022-07-08 01:34:11,871] [builder.py:2187]           [INFO]     | TimeOut Shanghai之中国百佳电影 Collection | ? | The Lin Family Shop (1959) (TMDb: 176679)                 |
[2022-07-08 01:34:12,286] [builder.py:2187]           [INFO]     | TimeOut Shanghai之中国百佳电影 Collection | ? | Karamay (2010) (TMDb: 182655)                             |
[2022-07-08 01:34:12,779] [builder.py:2187]           [INFO]     | TimeOut Shanghai之中国百佳电影 Collection | ? | Princess Iron Fan (1941) (TMDb: 76737)                    |
[2022-07-08 01:34:13,316] [builder.py:2187]           [INFO]     | TimeOut Shanghai之中国百佳电影 Collection | ? | Fortune Teller (2010) (TMDb: 152508)                      |
[2022-07-08 01:34:13,772] [builder.py:2187]           [INFO]     | TimeOut Shanghai之中国百佳电影 Collection | ? | Cow (2009) (TMDb: 44714)                                  |
[2022-07-08 01:34:14,221] [builder.py:2187]           [INFO]     | TimeOut Shanghai之中国百佳电影 Collection | ? | Ermo (1994) (TMDb: 124468)                                |
[2022-07-08 01:34:14,595] [builder.py:2187]           [INFO]     | TimeOut Shanghai之中国百佳电影 Collection | ? | The Next Life (2012) (TMDb: 295284)                       |
[2022-07-08 01:34:15,004] [builder.py:2187]           [INFO]     | TimeOut Shanghai之中国百佳电影 Collection | ? | Song of the Fishermen (1934) (TMDb: 183704)               |
[2022-07-08 01:34:15,379] [builder.py:2187]           [INFO]     | TimeOut Shanghai之中国百佳电影 Collection | ? | Waves Washing the Sand (1936) (TMDb: 295285)              |
[2022-07-08 01:34:15,739] [builder.py:2187]           [INFO]     | TimeOut Shanghai之中国百佳电影 Collection | ? | Zero Thousand Li Under the Clouds and Moon (2013) (TMDb: 295287) |
[2022-07-08 01:34:16,038] [builder.py:2187]           [INFO]     | TimeOut Shanghai之中国百佳电影 Collection | ? | Drug War (2012) (TMDb: 110410)                            |
[2022-07-08 01:34:16,372] [builder.py:2187]           [INFO]     | TimeOut Shanghai之中国百佳电影 Collection | ? | Last Train Home (2009) (TMDb: 45576)                      |
[2022-07-08 01:34:16,779] [builder.py:2187]           [INFO]     | TimeOut Shanghai之中国百佳电影 Collection | ? | The Swordsman in Double Flag Town (1991) (TMDb: 58370)    |
[2022-07-08 01:34:17,154] [builder.py:2187]           [INFO]     | TimeOut Shanghai之中国百佳电影 Collection | ? | Beijing Bastards (1993) (TMDb: 97943)                     |
[2022-07-08 01:34:17,505] [builder.py:2187]           [INFO]     | TimeOut Shanghai之中国百佳电影 Collection | ? | The September of Mine (1990) (TMDb: 502336)               |
[2022-07-08 01:34:18,712] [builder.py:2187]           [INFO]     | TimeOut Shanghai之中国百佳电影 Collection | ? | The Message (2009) (TMDb: 32582)                          |
[2022-07-08 01:34:18,713] [builder.py:2192]           [INFO]     |                                                                                                    |
[2022-07-08 01:34:18,713] [builder.py:2193]           [INFO]     | 100 Movies Missing                                                                                 |
[2022-07-08 01:34:18,714] [plex_meta_manager.py:593]  [INFO]     |                                                                                                    |
[2022-07-08 01:34:18,714] [plex_meta_manager.py:594]  [INFO]     | Collection Minimum: 3 not met for TimeOut Shanghai之中国百佳电影 Collection                               |
[2022-07-08 01:34:18,714] [plex_meta_manager.py:674]  [INFO]     |                                                                                                    |
[2022-07-08 01:34:18,715] [plex_meta_manager.py:675]  [INFO]     |====================================================================================================|
[2022-07-08 01:34:18,715] [plex_meta_manager.py:675]  [INFO]     |                            Finished TimeOut Shanghai之中国百佳电影 Collection                             |
[2022-07-08 01:34:18,716] [plex_meta_manager.py:675]  [INFO]     |                                    Collection Run Time: 0:00:52                                    |
[2022-07-08 01:34:18,716] [plex_meta_manager.py:675]  [INFO]     |====================================================================================================|
