[2022-07-08 02:42:41,045] [builder.py:185]            [INFO]     |====================================================================================================|
[2022-07-08 02:42:41,046] [builder.py:185]            [INFO]     |                                    TVB Collection in .....综艺节目                                     |
[2022-07-08 02:42:41,046] [builder.py:185]            [INFO]     |====================================================================================================|
[2022-07-08 02:42:41,047] [builder.py:186]            [INFO]     |                                                                                                    |
[2022-07-08 02:42:41,047] [builder.py:191]            [INFO]     |==================================== Validating TVB Attributes =====================================|
[2022-07-08 02:42:41,048] [builder.py:212]            [DEBUG]    |                                                                                                    |
[2022-07-08 02:42:41,048] [builder.py:213]            [DEBUG]    | Validating Method: template                                                                        |
[2022-07-08 02:42:41,048] [meta.py:103]               [DEBUG]    | Value: [{'value': ['TVB Jade'], 'network': ['TVB Jade'], 'key_name': 'TVB', 'key': 'TVB', 'name': 'networks_dynamic'}, {'value': ['TVB Jade'], 'network': ['TVB Jade'], 'key_name': 'TVB', 'key': 'TVB', 'name': 'shared'}] |
[2022-07-08 02:42:41,050] [builder.py:1675]           [INFO]     |                                                                                                    |
[2022-07-08 02:42:41,051] [builder.py:1676]           [INFO]     | Validating Method: smart_filter                                                                    |
[2022-07-08 02:42:41,051] [builder.py:1682]           [DEBUG]    | Value: {'sort_by': 'release.desc', 'any': {'network': ['TVB Jade']}}                               |
[2022-07-08 02:42:41,065] [builder.py:600]            [DEBUG]    |                                                                                                    |
[2022-07-08 02:42:41,065] [builder.py:604]            [DEBUG]    | Validating Method: label                                                                           |
[2022-07-08 02:42:41,066] [builder.py:605]            [DEBUG]    | Value: Network US                                                                                  |
[2022-07-08 02:42:41,066] [builder.py:600]            [DEBUG]    |                                                                                                    |
[2022-07-08 02:42:41,066] [builder.py:604]            [DEBUG]    | Validating Method: url_poster                                                                      |
[2022-07-08 02:42:41,066] [builder.py:605]            [DEBUG]    | Value: https://raw.githubusercontent.com/meisnate12/Plex-Meta-Manager-Images/master/network/TVB.jpg |
[2022-07-08 02:42:41,366] [builder.py:791]            [WARNING]  | Collection Warning: No Poster Found at https://raw.githubusercontent.com/meisnate12/Plex-Meta-Manager-Images/master/network/TVB.jpg |
[2022-07-08 02:42:41,366] [builder.py:600]            [DEBUG]    |                                                                                                    |
[2022-07-08 02:42:41,366] [builder.py:604]            [DEBUG]    | Validating Method: sort_title                                                                      |
[2022-07-08 02:42:41,367] [builder.py:605]            [DEBUG]    | Value: !04_TVB                                                                                     |
[2022-07-08 02:42:41,754] [builder.py:764]            [INFO]     |                                                                                                    |
[2022-07-08 02:42:41,754] [builder.py:765]            [INFO]     | Validation Successful                                                                              |
[2022-07-08 02:42:41,755] [plex_meta_manager.py:539]  [INFO]     |                                                                                                    |
[2022-07-08 02:42:41,755] [plex_meta_manager.py:541]  [INFO]     |====================================== Running TVB Collection ======================================|
[2022-07-08 02:42:41,755] [plex_meta_manager.py:547]  [INFO]     |                                                                                                    |
[2022-07-08 02:42:41,756] [plex_meta_manager.py:548]  [INFO]     | Smart Show Filter                                                                                  |
                                                                 | Sort By: release.desc
                                                                 | Filter:
                                                                 |   Match any of the following:
                                                                 |     Network is TVB Jade
[2022-07-08 02:42:42,152] [builder.py:2383]           [INFO]     | 
[2022-07-08 02:42:42,153] [builder.py:2384]           [INFO]     |================================ Updating Details of TVB Collection ================================|
[2022-07-08 02:42:42,153] [builder.py:2385]           [INFO]     |                                                                                                    |
[2022-07-08 02:42:42,340] [builder.py:2446]           [INFO]     | Collection Metadata Edits                                                                          |
[2022-07-08 02:42:42,723] [plex_meta_manager.py:674]  [INFO]     |                                                                                                    |
[2022-07-08 02:42:42,724] [plex_meta_manager.py:675]  [INFO]     |====================================================================================================|
[2022-07-08 02:42:42,724] [plex_meta_manager.py:675]  [INFO]     |                                      Finished TVB Collection                                       |
[2022-07-08 02:42:42,724] [plex_meta_manager.py:675]  [INFO]     |                                    Collection Run Time: 0:00:01                                    |
[2022-07-08 02:42:42,725] [plex_meta_manager.py:675]  [INFO]     |====================================================================================================|
