[2022-07-08 03:15:20,270] [builder.py:185]            [INFO]     |====================================================================================================|
[2022-07-08 03:15:20,271] [builder.py:185]            [INFO]     |                               TMDb Popular Collection in ..Cartoons                                |
[2022-07-08 03:15:20,271] [builder.py:185]            [INFO]     |====================================================================================================|
[2022-07-08 03:15:20,272] [builder.py:186]            [INFO]     |                                                                                                    |
[2022-07-08 03:15:20,272] [builder.py:191]            [INFO]     |================================ Validating TMDb Popular Attributes ================================|
[2022-07-08 03:15:20,272] [builder.py:212]            [DEBUG]    |                                                                                                    |
[2022-07-08 03:15:20,273] [builder.py:213]            [DEBUG]    | Validating Method: template                                                                        |
[2022-07-08 03:15:20,273] [meta.py:103]               [DEBUG]    | Value: [ordereddict([('name', 'popular')]), ordereddict([('name', 'customsync')]), ordereddict([('name', 'chart_shared'), ('key', 'popular')])] |
[2022-07-08 03:15:20,279] [builder.py:437]            [DEBUG]    |                                                                                                    |
[2022-07-08 03:15:20,279] [builder.py:438]            [DEBUG]    | Validating Method: sync_mode                                                                       |
[2022-07-08 03:15:20,280] [builder.py:442]            [DEBUG]    | Value: sync                                                                                        |
[2022-07-08 03:15:20,280] [builder.py:582]            [DEBUG]    |                                                                                                    |
[2022-07-08 03:15:20,280] [builder.py:583]            [DEBUG]    | Validating Method: collection_order                                                                |
[2022-07-08 03:15:20,281] [builder.py:584]            [DEBUG]    | Value: custom                                                                                      |
[2022-07-08 03:15:20,281] [builder.py:600]            [DEBUG]    |                                                                                                    |
[2022-07-08 03:15:20,281] [builder.py:604]            [DEBUG]    | Validating Method: tmdb_popular                                                                    |
[2022-07-08 03:15:20,282] [builder.py:605]            [DEBUG]    | Value: 100                                                                                         |
[2022-07-08 03:15:20,282] [builder.py:600]            [DEBUG]    |                                                                                                    |
[2022-07-08 03:15:20,283] [builder.py:604]            [DEBUG]    | Validating Method: summary                                                                         |
[2022-07-08 03:15:20,283] [builder.py:605]            [DEBUG]    | Value: A collection of the most watched shows according to TMDb.                                   |
[2022-07-08 03:15:20,284] [builder.py:600]            [DEBUG]    |                                                                                                    |
[2022-07-08 03:15:20,284] [builder.py:604]            [DEBUG]    | Validating Method: sort_title                                                                      |
[2022-07-08 03:15:20,285] [builder.py:605]            [DEBUG]    | Value: !01_TMDb Popular                                                                            |
[2022-07-08 03:15:20,285] [builder.py:600]            [DEBUG]    |                                                                                                    |
[2022-07-08 03:15:20,286] [builder.py:604]            [DEBUG]    | Validating Method: url_poster                                                                      |
[2022-07-08 03:15:20,286] [builder.py:605]            [DEBUG]    | Value: https://raw.githubusercontent.com/meisnate12/Plex-Meta-Manager-Images/master/chart/TMDb%20Popular.jpg |
[2022-07-08 03:15:20,374] [builder.py:764]            [INFO]     |                                                                                                    |
[2022-07-08 03:15:20,374] [builder.py:765]            [INFO]     | Validation Successful                                                                              |
[2022-07-08 03:15:20,375] [plex_meta_manager.py:539]  [INFO]     |                                                                                                    |
[2022-07-08 03:15:20,376] [plex_meta_manager.py:541]  [INFO]     |================================= Running TMDb Popular Collection ==================================|
[2022-07-08 03:15:20,376] [plex_meta_manager.py:553]  [INFO]     |                                                                                                    |
[2022-07-08 03:15:20,376] [plex_meta_manager.py:554]  [INFO]     | Sync Mode: sync                                                                                    |
[2022-07-08 03:15:20,377] [plex_meta_manager.py:557]  [DEBUG]    |                                                                                                    |
[2022-07-08 03:15:20,377] [plex_meta_manager.py:558]  [DEBUG]    | Builder: tmdb_popular: 100                                                                         |
[2022-07-08 03:15:20,377] [plex_meta_manager.py:559]  [INFO]     |                                                                                                    |
[2022-07-08 03:15:20,620] [tmdb.py:344]               [INFO]     | Processing TMDb Popular: 100 Shows                                                                 |
[2022-07-08 03:15:20,621] [builder.py:1507]           [DEBUG]    |                                                                                                    |
[2022-07-08 03:15:20,621] [builder.py:1508]           [DEBUG]    | 100 IDs Found: [(66732, 'tmdb_show'), (76479, 'tmdb_show'), (92782, 'tmdb_show'), (135647, 'tmdb_show'), (152296, 'tmdb_show'), (197189, 'tmdb_show'), (158415, 'tmdb_show'), (204147, 'tmdb_show'), (112836, 'tmdb_show'), (120089, 'tmdb_show'), (60574, 'tmdb_show'), (52814, 'tmdb_show'), (154911, 'tmdb_show'), (75006, 'tmdb_show'), (92830, 'tmdb_show'), (1416, 'tmdb_show'), (157936, 'tmdb_show'), (63174, 'tmdb_show'), (92749, 'tmdb_show'), (122151, 'tmdb_show'), (122152, 'tmdb_show'), (60735, 'tmdb_show'), (119903, 'tmdb_show'), (120911, 'tmdb_show'), (80020, 'tmdb_show'), (154571, 'tmdb_show'), (197588, 'tmdb_show'), (203211, 'tmdb_show'), (1402, 'tmdb_show'), (103516, 'tmdb_show'), (74851, 'tmdb_show'), (99966, 'tmdb_show'), (158691, 'tmdb_show'), (1399, 'tmdb_show'), (456, 'tmdb_show'), (114466, 'tmdb_show'), (2527, 'tmdb_show'), (966, 'tmdb_show'), (1655, 'tmdb_show'), (104877, 'tmdb_show'), (44953, 'tmdb_show'), (71712, 'tmdb_show'), (18165, 'tmdb_show'), (95057, 'tmdb_show'), (93405, 'tmdb_show'), (73586, 'tmdb_show'), (95171, 'tmdb_show'), (1408, 'tmdb_show'), (1622, 'tmdb_show'), (202740, 'tmdb_show'), (2734, 'tmdb_show'), (5920, 'tmdb_show'), (69050, 'tmdb_show'), (62715, 'tmdb_show'), (37680, 'tmdb_show'), (111616, 'tmdb_show'), (66636, 'tmdb_show'), (85552, 'tmdb_show'), (65334, 'tmdb_show'), (43348, 'tmdb_show'), (122066, 'tmdb_show'), (77169, 'tmdb_show'), (71446, 'tmdb_show'), (95479, 'tmdb_show'), (4057, 'tmdb_show'), (11250, 'tmdb_show'), (1396, 'tmdb_show'), (12971, 'tmdb_show'), (44217, 'tmdb_show'), (74428, 'tmdb_show'), (128010, 'tmdb_show'), (118663, 'tmdb_show'), (90462, 'tmdb_show'), (71790, 'tmdb_show'), (1911, 'tmdb_show'), (84958, 'tmdb_show'), (14750, 'tmdb_show'), (81356, 'tmdb_show'), (67915, 'tmdb_show'), (46952, 'tmdb_show'), (32692, 'tmdb_show'), (79460, 'tmdb_show'), (80240, 'tmdb_show'), (102903, 'tmdb_show'), (197352, 'tmdb_show'), (12926, 'tmdb_show'), (129600, 'tmdb_show'), (194766, 'tmdb_show'), (116135, 'tmdb_show'), (80623, 'tmdb_show'), (6647, 'tmdb_show'), (158916, 'tmdb_show'), (1419, 'tmdb_show'), (76669, 'tmdb_show'), (117067, 'tmdb_show'), (154521, 'tmdb_show'), (85271, 'tmdb_show'), (4504, 'tmdb_show'), (31132, 'tmdb_show'), (66203, 'tmdb_show')] |
[2022-07-08 03:15:20,622] [builder.py:1509]           [DEBUG]    |                                                                                                    |
[2022-07-08 03:15:20,865] [builder.py:1583]           [WARNING]  | Convert Error: No TVDb ID Found for TMDb ID: 152296                                                |
[2022-07-08 03:15:21,225] [builder.py:1583]           [WARNING]  | Convert Error: No TVDb ID Found for TMDb ID: 122151                                                |
[2022-07-08 03:15:21,515] [builder.py:1583]           [WARNING]  | Convert Error: No TVDb ID Found for TMDb ID: 122152                                                |
[2022-07-08 03:15:21,740] [builder.py:1583]           [WARNING]  | Convert Error: No TVDb ID Found for TMDb ID: 119903                                                |
[2022-07-08 03:15:22,023] [builder.py:1583]           [WARNING]  | Convert Error: No TVDb ID Found for TMDb ID: 197588                                                |
[2022-07-08 03:15:22,314] [builder.py:1583]           [WARNING]  | Convert Error: No TVDb ID Found for TMDb ID: 203211                                                |
[2022-07-08 03:15:22,623] [builder.py:1583]           [WARNING]  | Convert Error: No TVDb ID Found for TMDb ID: 74851                                                 |
[2022-07-08 03:15:22,765] [builder.py:2218]           [INFO]     |                                                                                                    |
[2022-07-08 03:15:22,766] [builder.py:2219]           [INFO]     |============================= Missing Shows from Library: TMDb Popular =============================|
[2022-07-08 03:15:22,766] [builder.py:2220]           [INFO]     |                                                                                                    |
[2022-07-08 03:15:23,048] [builder.py:2232]           [INFO]     | TMDb Popular Collection | ? | Stranger Things (TVDb: 305288)                                       |
[2022-07-08 03:15:23,269] [builder.py:2232]           [INFO]     | TMDb Popular Collection | ? | The Boys (TVDb: 355567)                                              |
[2022-07-08 03:15:23,536] [builder.py:2232]           [INFO]     | TMDb Popular Collection | ? | Ms. Marvel (TVDb: 368612)                                            |
[2022-07-08 03:15:23,782] [builder.py:2232]           [INFO]     | TMDb Popular Collection | ? | 2 Good 2 Be True (TVDb: 419154)                                      |
[2022-07-08 03:15:24,025] [builder.py:2232]           [INFO]     | TMDb Popular Collection | ? | Cara e Coragem (TVDb: 418791)                                        |
[2022-07-08 03:15:24,490] [builder.py:2232]           [INFO]     | TMDb Popular Collection | ? | Pantanal (TVDb: 413833)                                              |
[2022-07-08 03:15:24,815] [builder.py:2232]           [INFO]     | TMDb Popular Collection | ? | Hello, My Shining Love (TVDb: 421307)                                |
[2022-07-08 03:15:25,103] [builder.py:2232]           [INFO]     | TMDb Popular Collection | ? | Money Heist: Korea - Joint Economic Area (TVDb: 401314)              |
[2022-07-08 03:15:25,380] [builder.py:2232]           [INFO]     | TMDb Popular Collection | ? | SPY x FAMILY (TVDb: 405920)                                          |
[2022-07-08 03:15:25,669] [builder.py:2232]           [INFO]     | TMDb Popular Collection | ? | Peaky Blinders (TVDb: 270915)                                        |
[2022-07-08 03:15:25,882] [builder.py:2232]           [INFO]     | TMDb Popular Collection | ? | Halo (TVDb: 366524)                                                  |
[2022-07-08 03:15:26,103] [builder.py:2232]           [INFO]     | TMDb Popular Collection | ? | A Trick of Fate (TVDb: 413832)                                       |
[2022-07-08 03:15:26,425] [builder.py:2232]           [INFO]     | TMDb Popular Collection | ? | The Umbrella Academy (TVDb: 353764)                                  |
[2022-07-08 03:15:26,681] [builder.py:2232]           [INFO]     | TMDb Popular Collection | ? | Obi-Wan Kenobi (TVDb: 393199)                                        |
[2022-07-08 03:15:26,881] [builder.py:2232]           [INFO]     | TMDb Popular Collection | ? | Grey's Anatomy (TVDb: 73762)                                         |
[2022-07-08 03:15:27,125] [builder.py:2232]           [INFO]     | TMDb Popular Collection | ? | For You (TVDb: 416687)                                               |
[2022-07-08 03:15:27,336] [builder.py:2232]           [INFO]     | TMDb Popular Collection | ? | Lucifer (TVDb: 295685)                                               |
[2022-07-08 03:15:27,614] [builder.py:2232]           [INFO]     | TMDb Popular Collection | ? | Moon Knight (TVDb: 368611)                                           |
[2022-07-08 03:15:27,806] [builder.py:2232]           [INFO]     | TMDb Popular Collection | ? | The Flash (2014) (TVDb: 279121)                                      |
[2022-07-08 03:15:28,058] [builder.py:2232]           [INFO]     | TMDb Popular Collection | ? | The Terminal List (TVDb: 399917)                                     |
[2022-07-08 03:15:28,425] [builder.py:2232]           [INFO]     | TMDb Popular Collection | ? | Super Dragon Ball Heroes (TVDb: 347734)                              |
[2022-07-08 03:15:28,658] [builder.py:2232]           [INFO]     | TMDb Popular Collection | ? | I want to live (TVDb: 413793)                                        |
[2022-07-08 03:15:28,958] [builder.py:2232]           [INFO]     | TMDb Popular Collection | ? | The Walking Dead (TVDb: 153021)                                      |
[2022-07-08 03:15:29,264] [builder.py:2232]           [INFO]     | TMDb Popular Collection | ? | Star Trek: Strange New Worlds (TVDb: 382389)                         |
[2022-07-08 03:15:29,569] [builder.py:2232]           [INFO]     | TMDb Popular Collection | ? | All of Us Are Dead (TVDb: 382142)                                    |
[2022-07-08 03:15:29,789] [builder.py:2232]           [INFO]     | TMDb Popular Collection | ? | My Little Pony: Make Your Mark (TVDb: 416741)                        |
[2022-07-08 03:15:30,114] [builder.py:2232]           [INFO]     | TMDb Popular Collection | ? | Game of Thrones (TVDb: 121361)                                       |
[2022-07-08 03:15:30,391] [builder.py:2232]           [INFO]     | TMDb Popular Collection | ? | Baymax! (TVDb: 393207)                                               |
[2022-07-08 03:15:30,739] [builder.py:2232]           [INFO]     | TMDb Popular Collection | ? | Emmerdale (TVDb: 77715)                                              |
[2022-07-08 03:15:30,958] [builder.py:2232]           [INFO]     | TMDb Popular Collection | ? | Hollyoaks (TVDb: 78006)                                              |
[2022-07-08 03:15:31,191] [builder.py:2232]           [INFO]     | TMDb Popular Collection | ? | PBS NewsHour (TVDb: 81388)                                           |
[2022-07-08 03:15:31,536] [builder.py:2232]           [INFO]     | TMDb Popular Collection | ? | Love Is In The Air (2020) (TVDb: 383383)                             |
[2022-07-08 03:15:31,758] [builder.py:2232]           [INFO]     | TMDb Popular Collection | ? | The Lord of the Skies (TVDb: 279123)                                 |
[2022-07-08 03:15:32,014] [builder.py:2232]           [INFO]     | TMDb Popular Collection | ? | The Good Doctor (TVDb: 328634)                                       |
[2022-07-08 03:15:32,273] [builder.py:2232]           [INFO]     | TMDb Popular Collection | ? | The Vampire Diaries (TVDb: 95491)                                    |
[2022-07-08 03:15:32,564] [builder.py:2232]           [INFO]     | TMDb Popular Collection | ? | Superman & Lois (TVDb: 375655)                                       |
[2022-07-08 03:15:32,831] [builder.py:2232]           [INFO]     | TMDb Popular Collection | ? | Squid Game (TVDb: 383275)                                            |
[2022-07-08 03:15:33,125] [builder.py:2232]           [INFO]     | TMDb Popular Collection | ? | Yellowstone (2018) (TVDb: 341164)                                    |
[2022-07-08 03:15:33,130] [builder.py:2232]           [INFO]     | TMDb Popular Collection | ? | Prehistoric Planet (2022) (TVDb: 418505)                             |
[2022-07-08 03:15:33,406] [builder.py:2232]           [INFO]     | TMDb Popular Collection | ? | House (TVDb: 73255)                                                  |
[2022-07-08 03:15:33,647] [builder.py:2232]           [INFO]     | TMDb Popular Collection | ? | Supernatural (TVDb: 78901)                                           |
[2022-07-08 03:15:33,847] [builder.py:2232]           [INFO]     | TMDb Popular Collection | ? | Lua de Mel (TVDb: 420520)                                            |
[2022-07-08 03:15:34,072] [builder.py:2232]           [INFO]     | TMDb Popular Collection | ? | Law & Order: Special Victims Unit (TVDb: 75692)                      |
[2022-07-08 03:15:34,297] [builder.py:2232]           [INFO]     | TMDb Popular Collection | ? | The Mentalist (TVDb: 82459)                                          |
[2022-07-08 03:15:34,547] [builder.py:2232]           [INFO]     | TMDb Popular Collection | ? | Riverdale (TVDb: 311954)                                             |
[2022-07-08 03:15:34,781] [builder.py:2232]           [INFO]     | TMDb Popular Collection | ? | Dragon Ball Super (TVDb: 295068)                                     |
[2022-07-08 03:15:35,025] [builder.py:2232]           [INFO]     | TMDb Popular Collection | ? | Suits (TVDb: 247808)                                                 |
[2022-07-08 03:15:35,372] [builder.py:2232]           [INFO]     | TMDb Popular Collection | ? | First Kill (TVDb: 390191)                                            |
[2022-07-08 03:15:35,606] [builder.py:2232]           [INFO]     | TMDb Popular Collection | ? | Love Island (TVDb: 296669)                                           |
[2022-07-08 03:15:35,814] [builder.py:2232]           [INFO]     | TMDb Popular Collection | ? | Euphoria (US) (TVDb: 360261)                                         |
[2022-07-08 03:15:36,003] [builder.py:2232]           [INFO]     | TMDb Popular Collection | ? | Miraculous: Tales of Ladybug & Cat Noir (TVDb: 302218)               |
[2022-07-08 03:15:36,247] [builder.py:2232]           [INFO]     | TMDb Popular Collection | ? | Pablo Escobar, The Drug Lord (TVDb: 259730)                          |
[2022-07-08 03:15:36,464] [builder.py:2232]           [INFO]     | TMDb Popular Collection | ? | The Dropout (TVDb: 363024)                                           |
[2022-07-08 03:15:36,906] [builder.py:2232]           [INFO]     | TMDb Popular Collection | ? | Cobra Kai (TVDb: 332858)                                             |
[2022-07-08 03:15:37,164] [builder.py:2232]           [INFO]     | TMDb Popular Collection | ? | Money Heist (TVDb: 327417)                                           |
[2022-07-08 03:15:37,372] [builder.py:2232]           [INFO]     | TMDb Popular Collection | ? | Jujutsu Kaisen (TVDb: 377543)                                        |
[2022-07-08 03:15:37,539] [builder.py:2232]           [INFO]     | TMDb Popular Collection | ? | Criminal Minds (TVDb: 75710)                                         |
[2022-07-08 03:15:37,703] [builder.py:2232]           [INFO]     | TMDb Popular Collection | ? | Hidden Passion (TVDb: 169581)                                        |
[2022-07-08 03:15:37,964] [builder.py:2232]           [INFO]     | TMDb Popular Collection | ? | Breaking Bad (TVDb: 81189)                                           |
[2022-07-08 03:15:38,247] [builder.py:2232]           [INFO]     | TMDb Popular Collection | ? | Dragon Ball Z (TVDb: 81472)                                          |
[2022-07-08 03:15:38,469] [builder.py:2232]           [INFO]     | TMDb Popular Collection | ? | Vikings (TVDb: 260449)                                               |
[2022-07-08 03:15:38,864] [builder.py:2232]           [INFO]     | TMDb Popular Collection | ? | Rosario Tijeras (2016) (TVDb: 335726)                                |
[2022-07-08 03:15:39,097] [builder.py:2232]           [INFO]     | TMDb Popular Collection | ? | Welcome to Eden (TVDb: 393110)                                       |
[2022-07-08 03:15:39,291] [builder.py:2232]           [INFO]     | TMDb Popular Collection | ? | The Man Who Fell to Earth (TVDb: 414721)                             |
[2022-07-08 03:15:39,497] [builder.py:2232]           [INFO]     | TMDb Popular Collection | ? | Chucky (TVDb: 349415)                                                |
[2022-07-08 03:15:39,730] [builder.py:2232]           [INFO]     | TMDb Popular Collection | ? | S.W.A.T. (2017) (TVDb: 328687)                                       |
[2022-07-08 03:15:39,972] [builder.py:2232]           [INFO]     | TMDb Popular Collection | ? | Bones (TVDb: 75682)                                                  |
[2022-07-08 03:15:40,247] [builder.py:2232]           [INFO]     | TMDb Popular Collection | ? | Loki (TVDb: 362472)                                                  |
[2022-07-08 03:15:40,447] [builder.py:2232]           [INFO]     | TMDb Popular Collection | ? | At Wspolna (TVDb: 341892)                                            |
[2022-07-08 03:15:40,791] [builder.py:2232]           [INFO]     | TMDb Popular Collection | ? | Sex Education (TVDb: 356317)                                         |
[2022-07-08 03:15:40,980] [builder.py:2232]           [INFO]     | TMDb Popular Collection | ? | Goblin (TVDb: 317220)                                                |
[2022-07-08 03:15:41,180] [builder.py:2232]           [INFO]     | TMDb Popular Collection | ? | The Blacklist (TVDb: 266189)                                         |
[2022-07-08 03:15:41,372] [builder.py:2232]           [INFO]     | TMDb Popular Collection | ? | Blue Bloods (TVDb: 164981)                                           |
[2022-07-08 03:15:41,547] [builder.py:2232]           [INFO]     | TMDb Popular Collection | ? | Legacies (TVDb: 349309)                                              |
[2022-07-08 03:15:41,780] [builder.py:2232]           [INFO]     | TMDb Popular Collection | ? | The Queen of Flow (TVDb: 348726)                                     |
[2022-07-08 03:15:42,014] [builder.py:2232]           [INFO]     | TMDb Popular Collection | ? | Control Z (TVDb: 380850)                                             |
[2022-07-08 03:15:42,018] [builder.py:2232]           [INFO]     | TMDb Popular Collection | ? | Bravo, My Life (2022) (TVDb: 418343)                                 |
[2022-07-08 03:15:42,247] [builder.py:2232]           [INFO]     | TMDb Popular Collection | ? | Teresa (TVDb: 248269)                                                |
[2022-07-08 03:15:42,458] [builder.py:2232]           [INFO]     | TMDb Popular Collection | ? | Baki Hanma (TVDb: 406152)                                            |
[2022-07-08 03:15:42,772] [builder.py:2232]           [INFO]     | TMDb Popular Collection | ? | The Summer I Turned Pretty (TVDb: 396505)                            |
[2022-07-08 03:15:43,005] [builder.py:2232]           [INFO]     | TMDb Popular Collection | ? | Vikings: Valhalla (TVDb: 372700)                                     |
[2022-07-08 03:15:43,225] [builder.py:2232]           [INFO]     | TMDb Popular Collection | ? | Baki (2018) (TVDb: 348742)                                           |
[2022-07-08 03:15:43,425] [builder.py:2232]           [INFO]     | TMDb Popular Collection | ? | The Bold and the Beautiful (TVDb: 79838)                             |
[2022-07-08 03:15:43,655] [builder.py:2232]           [INFO]     | TMDb Popular Collection | ? | The Marked Heart (TVDb: 418089)                                      |
[2022-07-08 03:15:43,660] [builder.py:2232]           [INFO]     | TMDb Popular Collection | ? | Castle (2009) (TVDb: 83462)                                          |
[2022-07-08 03:15:43,905] [builder.py:2232]           [INFO]     | TMDb Popular Collection | ? | Elite (TVDb: 346328)                                                 |
[2022-07-08 03:15:44,158] [builder.py:2232]           [INFO]     | TMDb Popular Collection | ? | KinnPorsche (TVDb: 391992)                                           |
[2022-07-08 03:15:44,358] [builder.py:2232]           [INFO]     | TMDb Popular Collection | ? | The Kardashians (TVDb: 414093)                                       |
[2022-07-08 03:15:44,591] [builder.py:2232]           [INFO]     | TMDb Popular Collection | ? | WandaVision (TVDb: 362392)                                           |
[2022-07-08 03:15:44,838] [builder.py:2232]           [INFO]     | TMDb Popular Collection | ? | Shortland Street (TVDb: 73983)                                       |
[2022-07-08 03:15:45,125] [builder.py:2232]           [INFO]     | TMDb Popular Collection | ? | Regular Show (TVDb: 188401)                                          |
[2022-07-08 03:15:45,363] [builder.py:2232]           [INFO]     | TMDb Popular Collection | ? | Soy Luna (TVDb: 307881)                                              |
[2022-07-08 03:15:45,364] [builder.py:2237]           [INFO]     |                                                                                                    |
[2022-07-08 03:15:45,364] [builder.py:2238]           [INFO]     | 92 Shows Missing                                                                                   |
[2022-07-08 03:15:45,364] [plex_meta_manager.py:593]  [INFO]     |                                                                                                    |
[2022-07-08 03:15:45,364] [plex_meta_manager.py:594]  [INFO]     | Collection Minimum: 3 not met for TMDb Popular Collection                                          |
[2022-07-08 03:15:45,365] [plex_meta_manager.py:598]  [INFO]     |                                                                                                    |
[2022-07-08 03:15:47,280] [plex_meta_manager.py:599]  [INFO]     | Collection TMDb Popular deleted                                                                    |
[2022-07-08 03:15:47,280] [plex_meta_manager.py:674]  [INFO]     |                                                                                                    |
[2022-07-08 03:15:47,281] [plex_meta_manager.py:675]  [INFO]     |====================================================================================================|
[2022-07-08 03:15:47,282] [plex_meta_manager.py:675]  [INFO]     |                                  Finished TMDb Popular Collection                                  |
[2022-07-08 03:15:47,282] [plex_meta_manager.py:675]  [INFO]     |                                    Collection Run Time: 0:00:27                                    |
[2022-07-08 03:15:47,283] [plex_meta_manager.py:675]  [INFO]     |====================================================================================================|
