[2022-07-08 02:42:39,672] [builder.py:185]            [INFO]     |====================================================================================================|
[2022-07-08 02:42:39,692] [builder.py:185]            [INFO]     |                            National Geographic Collection in .....综艺节目                             |
[2022-07-08 02:42:39,693] [builder.py:185]            [INFO]     |====================================================================================================|
[2022-07-08 02:42:39,693] [builder.py:186]            [INFO]     |                                                                                                    |
[2022-07-08 02:42:39,694] [builder.py:191]            [INFO]     |============================ Validating National Geographic Attributes =============================|
[2022-07-08 02:42:39,694] [builder.py:212]            [DEBUG]    |                                                                                                    |
[2022-07-08 02:42:39,694] [builder.py:213]            [DEBUG]    | Validating Method: template                                                                        |
[2022-07-08 02:42:39,695] [meta.py:103]               [DEBUG]    | Value: [{'value': ['National Geographic'], 'network': ['National Geographic'], 'key_name': 'National Geographic', 'key': 'National Geographic', 'name': 'networks_dynamic'}, {'value': ['National Geographic'], 'network': ['National Geographic'], 'key_name': 'National Geographic', 'key': 'National Geographic', 'name': 'shared'}] |
[2022-07-08 02:42:39,697] [builder.py:1675]           [INFO]     |                                                                                                    |
[2022-07-08 02:42:39,697] [builder.py:1676]           [INFO]     | Validating Method: smart_filter                                                                    |
[2022-07-08 02:42:39,698] [builder.py:1682]           [DEBUG]    | Value: {'sort_by': 'release.desc', 'any': {'network': ['National Geographic']}}                    |
[2022-07-08 02:42:39,713] [builder.py:600]            [DEBUG]    |                                                                                                    |
[2022-07-08 02:42:39,714] [builder.py:604]            [DEBUG]    | Validating Method: label                                                                           |
[2022-07-08 02:42:39,714] [builder.py:605]            [DEBUG]    | Value: Network US                                                                                  |
[2022-07-08 02:42:39,715] [builder.py:600]            [DEBUG]    |                                                                                                    |
[2022-07-08 02:42:39,715] [builder.py:604]            [DEBUG]    | Validating Method: url_poster                                                                      |
[2022-07-08 02:42:39,715] [builder.py:605]            [DEBUG]    | Value: https://raw.githubusercontent.com/meisnate12/Plex-Meta-Manager-Images/master/network/National%20Geographic.jpg |
[2022-07-08 02:42:40,068] [builder.py:600]            [DEBUG]    |                                                                                                    |
[2022-07-08 02:42:40,114] [builder.py:604]            [DEBUG]    | Validating Method: sort_title                                                                      |
[2022-07-08 02:42:40,114] [builder.py:605]            [DEBUG]    | Value: !04_National Geographic                                                                     |
[2022-07-08 02:42:40,128] [plex.py:742]               [DEBUG]    |                                                                                                    |
[2022-07-08 02:42:40,129] [plex.py:745]               [DEBUG]    | Looking for: National Geographic                                                                   |
[2022-07-08 02:42:40,129] [builder.py:764]            [INFO]     |                                                                                                    |
[2022-07-08 02:42:40,129] [builder.py:765]            [INFO]     | Validation Successful                                                                              |
[2022-07-08 02:42:40,130] [plex_meta_manager.py:539]  [INFO]     |                                                                                                    |
[2022-07-08 02:42:40,130] [plex_meta_manager.py:541]  [INFO]     |============================== Running National Geographic Collection ==============================|
[2022-07-08 02:42:40,131] [plex_meta_manager.py:547]  [INFO]     |                                                                                                    |
[2022-07-08 02:42:40,131] [plex_meta_manager.py:548]  [INFO]     | Smart Show Filter                                                                                  |
                                                                 | Sort By: release.desc
                                                                 | Filter:
                                                                 |   Match any of the following:
                                                                 |     Network is National Geographic
[2022-07-08 02:42:40,162] [plex_meta_manager.py:593]  [INFO]     | 
[2022-07-08 02:42:40,162] [plex_meta_manager.py:594]  [INFO]     | Collection Minimum: 3 not met for National Geographic Collection
[2022-07-08 02:42:40,162] [plex_meta_manager.py:674]  [INFO]     | 
[2022-07-08 02:42:40,163] [plex_meta_manager.py:675]  [INFO]     |====================================================================================================|
[2022-07-08 02:42:40,163] [plex_meta_manager.py:675]  [INFO]     |                              Finished National Geographic Collection                               |
[2022-07-08 02:42:40,163] [plex_meta_manager.py:675]  [INFO]     |                                    Collection Run Time: 0:00:00                                    |
[2022-07-08 02:42:40,164] [plex_meta_manager.py:675]  [INFO]     |====================================================================================================|
