[2022-07-08 01:49:04,987] [builder.py:185]            [INFO]     |====================================================================================================|
[2022-07-08 01:49:04,988] [builder.py:185]            [INFO]     |                                 Trakt Popular Collection in Movies                                 |
[2022-07-08 01:49:04,988] [builder.py:185]            [INFO]     |====================================================================================================|
[2022-07-08 01:49:04,988] [builder.py:186]            [INFO]     |                                                                                                    |
[2022-07-08 01:49:04,989] [builder.py:191]            [INFO]     |=============================== Validating Trakt Popular Attributes ================================|
[2022-07-08 01:49:04,989] [builder.py:212]            [DEBUG]    |                                                                                                    |
[2022-07-08 01:49:04,989] [builder.py:213]            [DEBUG]    | Validating Method: template                                                                        |
[2022-07-08 01:49:04,990] [meta.py:103]               [DEBUG]    | Value: [{'value': ['popular'], 'custom': ['popular'], 'key_name': 'Popular', 'key': 'popular', 'name': 'trakt'}, {'value': ['popular'], 'custom': ['popular'], 'key_name': 'Popular', 'key': 'popular', 'name': 'customsync'}, {'value': ['popular'], 'custom': ['popular'], 'key_name': 'Popular', 'key': 'popular', 'name': 'chart_shared'}] |
[2022-07-08 01:49:04,993] [builder.py:437]            [DEBUG]    |                                                                                                    |
[2022-07-08 01:49:04,993] [builder.py:438]            [DEBUG]    | Validating Method: sync_mode                                                                       |
[2022-07-08 01:49:04,994] [builder.py:442]            [DEBUG]    | Value: sync                                                                                        |
[2022-07-08 01:49:04,994] [builder.py:582]            [DEBUG]    |                                                                                                    |
[2022-07-08 01:49:04,994] [builder.py:583]            [DEBUG]    | Validating Method: collection_order                                                                |
[2022-07-08 01:49:04,994] [builder.py:584]            [DEBUG]    | Value: custom                                                                                      |
[2022-07-08 01:49:04,995] [builder.py:600]            [DEBUG]    |                                                                                                    |
[2022-07-08 01:49:04,995] [builder.py:604]            [DEBUG]    | Validating Method: label                                                                           |
[2022-07-08 01:49:04,995] [builder.py:605]            [DEBUG]    | Value: Trakt                                                                                       |
[2022-07-08 01:49:04,996] [builder.py:600]            [DEBUG]    |                                                                                                    |
[2022-07-08 01:49:04,996] [builder.py:604]            [DEBUG]    | Validating Method: trakt_chart                                                                     |
[2022-07-08 01:49:04,996] [builder.py:605]            [DEBUG]    | Value: {'chart': 'popular', 'limit': 100}                                                          |
[2022-07-08 01:49:04,997] [builder.py:600]            [DEBUG]    |                                                                                                    |
[2022-07-08 01:49:04,998] [builder.py:604]            [DEBUG]    | Validating Method: summary                                                                         |
[2022-07-08 01:49:04,998] [builder.py:605]            [DEBUG]    | Value: A collection of Trakt's Weekly movie List                                                   |
[2022-07-08 01:49:04,999] [builder.py:600]            [DEBUG]    |                                                                                                    |
[2022-07-08 01:49:05,000] [builder.py:604]            [DEBUG]    | Validating Method: sort_title                                                                      |
[2022-07-08 01:49:05,000] [builder.py:605]            [DEBUG]    | Value: !01_Trakt Popular                                                                           |
[2022-07-08 01:49:05,000] [builder.py:600]            [DEBUG]    |                                                                                                    |
[2022-07-08 01:49:05,001] [builder.py:604]            [DEBUG]    | Validating Method: url_poster                                                                      |
[2022-07-08 01:49:05,001] [builder.py:605]            [DEBUG]    | Value: https://raw.githubusercontent.com/meisnate12/Plex-Meta-Manager-Images/master/chart/Trakt%20Popular.jpg |
[2022-07-08 01:49:05,951] [builder.py:764]            [INFO]     |                                                                                                    |
[2022-07-08 01:49:05,952] [builder.py:765]            [INFO]     | Validation Successful                                                                              |
[2022-07-08 01:49:05,953] [plex_meta_manager.py:539]  [INFO]     |                                                                                                    |
[2022-07-08 01:49:05,953] [plex_meta_manager.py:541]  [INFO]     |================================= Running Trakt Popular Collection =================================|
[2022-07-08 01:49:05,954] [plex_meta_manager.py:553]  [INFO]     |                                                                                                    |
[2022-07-08 01:49:05,954] [plex_meta_manager.py:554]  [INFO]     | Sync Mode: sync                                                                                    |
[2022-07-08 01:49:05,955] [plex_meta_manager.py:557]  [DEBUG]    |                                                                                                    |
[2022-07-08 01:49:05,955] [plex_meta_manager.py:558]  [DEBUG]    | Builder: trakt_chart: {'chart': 'popular', 'limit': 100, 'time_period': None}                      |
[2022-07-08 01:49:05,955] [plex_meta_manager.py:559]  [INFO]     |                                                                                                    |
[2022-07-08 01:49:05,956] [trakt.py:490]              [INFO]     | Processing Trakt Chart: 100 Popular Movies                                                         |
[2022-07-08 01:49:07,376] [builder.py:1507]           [DEBUG]    |                                                                                                    |
[2022-07-08 01:49:07,376] [builder.py:1508]           [DEBUG]    | 100 IDs Found: [(293660, 'tmdb'), (118340, 'tmdb'), (155, 'tmdb'), (27205, 'tmdb'), (24428, 'tmdb'), (157336, 'tmdb'), (284052, 'tmdb'), (263115, 'tmdb'), (603, 'tmdb'), (297762, 'tmdb'), (297761, 'tmdb'), (271110, 'tmdb'), (329865, 'tmdb'), (283995, 'tmdb'), (19995, 'tmdb'), (1726, 'tmdb'), (140607, 'tmdb'), (277834, 'tmdb'), (120, 'tmdb'), (299536, 'tmdb'), (286217, 'tmdb'), (315635, 'tmdb'), (109445, 'tmdb'), (550, 'tmdb'), (259316, 'tmdb'), (330459, 'tmdb'), (106646, 'tmdb'), (269149, 'tmdb'), (324552, 'tmdb'), (284053, 'tmdb'), (245891, 'tmdb'), (49026, 'tmdb'), (122, 'tmdb'), (99861, 'tmdb'), (76341, 'tmdb'), (68718, 'tmdb'), (121, 'tmdb'), (274870, 'tmdb'), (100402, 'tmdb'), (671, 'tmdb'), (13, 'tmdb'), (150540, 'tmdb'), (11, 'tmdb'), (102899, 'tmdb'), (680, 'tmdb'), (209112, 'tmdb'), (299534, 'tmdb'), (278, 'tmdb'), (272, 'tmdb'), (284054, 'tmdb'), (207703, 'tmdb'), (12, 'tmdb'), (10681, 'tmdb'), (14160, 'tmdb'), (419430, 'tmdb'), (135397, 'tmdb'), (1771, 'tmdb'), (8587, 'tmdb'), (105, 'tmdb'), (68721, 'tmdb'), (10138, 'tmdb'), (475557, 'tmdb'), (246655, 'tmdb'), (1891, 'tmdb'), (339403, 'tmdb'), (137113, 'tmdb'), (70160, 'tmdb'), (672, 'tmdb'), (862, 'tmdb'), (10195, 'tmdb'), (673, 'tmdb'), (585, 'tmdb'), (49051, 'tmdb'), (9806, 'tmdb'), (383498, 'tmdb'), (328111, 'tmdb'), (177572, 'tmdb'), (16869, 'tmdb'), (674, 'tmdb'), (12445, 'tmdb'), (293167, 'tmdb'), (1892, 'tmdb'), (302946, 'tmdb'), (20352, 'tmdb'), (281957, 'tmdb'), (76338, 'tmdb'), (75656, 'tmdb'), (324786, 'tmdb'), (675, 'tmdb'), (807, 'tmdb'), (101299, 'tmdb'), (22, 'tmdb'), (127380, 'tmdb'), (127585, 'tmdb'), (767, 'tmdb'), (333339, 'tmdb'), (210577, 'tmdb'), (381288, 'tmdb'), (353486, 'tmdb'), (12444, 'tmdb')] |
[2022-07-08 01:49:07,377] [builder.py:1509]           [DEBUG]    |                                                                                                    |
[2022-07-08 01:49:07,385] [builder.py:2009]           [INFO]     |                                                                                                    |
[2022-07-08 01:49:07,386] [builder.py:2010]           [INFO]     |================================ Adding to Trakt Popular Collection ================================|
[2022-07-08 01:49:07,386] [builder.py:2011]           [INFO]     |                                                                                                    |
[2022-07-08 01:49:07,387] [builder.py:2025]           [INFO]     |  1/24 | Trakt Popular Collection | = | The Dark Knight (2008)                                      |
[2022-07-08 01:49:07,388] [builder.py:2025]           [INFO]     |  2/24 | Trakt Popular Collection | = | The Matrix (1999)                                           |
[2022-07-08 01:49:07,389] [builder.py:2025]           [INFO]     |  3/24 | Trakt Popular Collection | = | Avatar (2009)                                               |
[2022-07-08 01:49:07,391] [builder.py:2025]           [INFO]     |  4/24 | Trakt Popular Collection | = | The Lord of the Rings: The Fellowship of the Ring (2001)    |
[2022-07-08 01:49:07,392] [builder.py:2025]           [INFO]     |  5/24 | Trakt Popular Collection | = | Fight Club (1999)                                           |
[2022-07-08 01:49:07,393] [builder.py:2025]           [INFO]     |  6/24 | Trakt Popular Collection | = | The Lord of the Rings: The Return of the King (2003)        |
[2022-07-08 01:49:07,394] [builder.py:2025]           [INFO]     |  7/24 | Trakt Popular Collection | = | The Lord of the Rings: The Two Towers (2002)                |
[2022-07-08 01:49:07,395] [builder.py:2025]           [INFO]     |  8/24 | Trakt Popular Collection | = | Forrest Gump (1994)                                         |
[2022-07-08 01:49:07,397] [builder.py:2025]           [INFO]     |  9/24 | Trakt Popular Collection | = | Star Wars (1977)                                            |
[2022-07-08 01:49:07,398] [builder.py:2025]           [INFO]     | 10/24 | Trakt Popular Collection | = | Pulp Fiction (1994)                                         |
[2022-07-08 01:49:07,399] [builder.py:2025]           [INFO]     | 11/24 | Trakt Popular Collection | = | The Shawshank Redemption (1994)                             |
[2022-07-08 01:49:07,400] [builder.py:2025]           [INFO]     | 12/24 | Trakt Popular Collection | = | Batman Begins (2005)                                        |
[2022-07-08 01:49:07,401] [builder.py:2025]           [INFO]     | 13/24 | Trakt Popular Collection | = | Finding Nemo (2003)                                         |
[2022-07-08 01:49:07,402] [builder.py:2025]           [INFO]     | 14/24 | Trakt Popular Collection | = | WALL·E (2008)                                               |
[2022-07-08 01:49:07,403] [builder.py:2025]           [INFO]     | 15/24 | Trakt Popular Collection | = | Up (2009)                                                   |
[2022-07-08 01:49:07,404] [builder.py:2025]           [INFO]     | 16/24 | Trakt Popular Collection | = | Back to the Future (1985)                                   |
[2022-07-08 01:49:07,405] [builder.py:2025]           [INFO]     | 17/24 | Trakt Popular Collection | = | Star Wars: Episode V - The Empire Strikes Back (1980)       |
[2022-07-08 01:49:07,406] [builder.py:2025]           [INFO]     | 18/24 | Trakt Popular Collection | = | Toy Story (1995)                                            |
[2022-07-08 01:49:07,407] [builder.py:2025]           [INFO]     | 19/24 | Trakt Popular Collection | = | Monsters, Inc. (2001)                                       |
[2022-07-08 01:49:07,408] [builder.py:2025]           [INFO]     | 20/24 | Trakt Popular Collection | = | The Incredibles (2004)                                      |
[2022-07-08 01:49:07,409] [builder.py:2025]           [INFO]     | 21/24 | Trakt Popular Collection | = | Inglourious Basterds (2009)                                 |
[2022-07-08 01:49:07,410] [builder.py:2025]           [INFO]     | 22/24 | Trakt Popular Collection | = | Star Wars: Episode VI - Return of the Jedi (1983)           |
[2022-07-08 01:49:07,411] [builder.py:2025]           [INFO]     | 23/24 | Trakt Popular Collection | = | Se7en (1995)                                                |
[2022-07-08 01:49:07,412] [builder.py:2025]           [INFO]     | 24/24 | Trakt Popular Collection | = | Pirates of the Caribbean: The Curse of the Black Pearl (2003) |
[2022-07-08 01:49:07,413] [builder.py:2045]           [INFO]     |                                                                                                    |
[2022-07-08 01:49:07,414] [builder.py:2046]           [INFO]     | 24 Movies Processed                                                                                |
[2022-07-08 01:49:07,414] [builder.py:2172]           [INFO]     |                                                                                                    |
[2022-07-08 01:49:07,415] [builder.py:2173]           [INFO]     |=============================== Missing Movies from Library: Movies ================================|
[2022-07-08 01:49:07,416] [builder.py:2174]           [INFO]     |                                                                                                    |
[2022-07-08 01:49:07,713] [builder.py:2187]           [INFO]     | Trakt Popular Collection | ? | Deadpool (2016) (TMDb: 293660)                                      |
[2022-07-08 01:49:07,991] [builder.py:2187]           [INFO]     | Trakt Popular Collection | ? | Guardians of the Galaxy (2014) (TMDb: 118340)                       |
[2022-07-08 01:49:08,246] [builder.py:2187]           [INFO]     | Trakt Popular Collection | ? | Inception (2010) (TMDb: 27205)                                      |
[2022-07-08 01:49:08,791] [builder.py:2187]           [INFO]     | Trakt Popular Collection | ? | The Avengers (2012) (TMDb: 24428)                                   |
[2022-07-08 01:49:08,796] [builder.py:2187]           [INFO]     | Trakt Popular Collection | ? | Interstellar (2014) (TMDb: 157336)                                  |
[2022-07-08 01:49:09,070] [builder.py:2187]           [INFO]     | Trakt Popular Collection | ? | Doctor Strange (2016) (TMDb: 284052)                                |
[2022-07-08 01:49:09,337] [builder.py:2187]           [INFO]     | Trakt Popular Collection | ? | Logan (2017) (TMDb: 263115)                                         |
[2022-07-08 01:49:09,846] [builder.py:2187]           [INFO]     | Trakt Popular Collection | ? | Wonder Woman (2017) (TMDb: 297762)                                  |
[2022-07-08 01:49:10,346] [builder.py:2187]           [INFO]     | Trakt Popular Collection | ? | Suicide Squad (2016) (TMDb: 297761)                                 |
[2022-07-08 01:49:10,891] [builder.py:2187]           [INFO]     | Trakt Popular Collection | ? | Captain America: Civil War (2016) (TMDb: 271110)                    |
[2022-07-08 01:49:11,103] [builder.py:2187]           [INFO]     | Trakt Popular Collection | ? | Arrival (2016) (TMDb: 329865)                                       |
[2022-07-08 01:49:11,724] [builder.py:2187]           [INFO]     | Trakt Popular Collection | ? | Guardians of the Galaxy Vol. 2 (2017) (TMDb: 283995)                |
[2022-07-08 01:49:11,961] [builder.py:2187]           [INFO]     | Trakt Popular Collection | ? | Iron Man (2008) (TMDb: 1726)                                        |
[2022-07-08 01:49:12,237] [builder.py:2187]           [INFO]     | Trakt Popular Collection | ? | Star Wars: The Force Awakens (2015) (TMDb: 140607)                  |
[2022-07-08 01:49:13,872] [builder.py:2187]           [INFO]     | Trakt Popular Collection | ? | Moana (2016) (TMDb: 277834)                                         |
[2022-07-08 01:49:14,113] [builder.py:2187]           [INFO]     | Trakt Popular Collection | ? | Avengers: Infinity War (2018) (TMDb: 299536)                        |
[2022-07-08 01:49:14,386] [builder.py:2187]           [INFO]     | Trakt Popular Collection | ? | The Martian (2015) (TMDb: 286217)                                   |
[2022-07-08 01:49:14,694] [builder.py:2187]           [INFO]     | Trakt Popular Collection | ? | Spider-Man: Homecoming (2017) (TMDb: 315635)                        |
[2022-07-08 01:49:14,936] [builder.py:2187]           [INFO]     | Trakt Popular Collection | ? | Frozen (2013) (TMDb: 109445)                                        |
[2022-07-08 01:49:15,236] [builder.py:2187]           [INFO]     | Trakt Popular Collection | ? | Fantastic Beasts and Where to Find Them (2016) (TMDb: 259316)       |
[2022-07-08 01:49:15,469] [builder.py:2187]           [INFO]     | Trakt Popular Collection | ? | Rogue One: A Star Wars Story (2016) (TMDb: 330459)                  |
[2022-07-08 01:49:15,746] [builder.py:2187]           [INFO]     | Trakt Popular Collection | ? | The Wolf of Wall Street (2013) (TMDb: 106646)                       |
[2022-07-08 01:49:16,024] [builder.py:2187]           [INFO]     | Trakt Popular Collection | ? | Zootopia (2016) (TMDb: 269149)                                      |
[2022-07-08 01:49:16,261] [builder.py:2187]           [INFO]     | Trakt Popular Collection | ? | John Wick: Chapter 2 (2017) (TMDb: 324552)                          |
[2022-07-08 01:49:16,524] [builder.py:2187]           [INFO]     | Trakt Popular Collection | ? | Thor: Ragnarok (2017) (TMDb: 284053)                                |
[2022-07-08 01:49:16,824] [builder.py:2187]           [INFO]     | Trakt Popular Collection | ? | John Wick (2014) (TMDb: 245891)                                     |
[2022-07-08 01:49:17,080] [builder.py:2187]           [INFO]     | Trakt Popular Collection | ? | The Dark Knight Rises (2012) (TMDb: 49026)                          |
[2022-07-08 01:49:17,313] [builder.py:2187]           [INFO]     | Trakt Popular Collection | ? | Avengers: Age of Ultron (2015) (TMDb: 99861)                        |
[2022-07-08 01:49:17,557] [builder.py:2187]           [INFO]     | Trakt Popular Collection | ? | Mad Max: Fury Road (2015) (TMDb: 76341)                             |
[2022-07-08 01:49:17,779] [builder.py:2187]           [INFO]     | Trakt Popular Collection | ? | Django Unchained (2012) (TMDb: 68718)                               |
[2022-07-08 01:49:18,019] [builder.py:2187]           [INFO]     | Trakt Popular Collection | ? | Passengers (2016) (TMDb: 274870)                                    |
[2022-07-08 01:49:18,294] [builder.py:2187]           [INFO]     | Trakt Popular Collection | ? | Captain America: The Winter Soldier (2014) (TMDb: 100402)           |
[2022-07-08 01:49:18,535] [builder.py:2187]           [INFO]     | Trakt Popular Collection | ? | Harry Potter and the Philosopher's Stone (2001) (TMDb: 671)         |
[2022-07-08 01:49:18,857] [builder.py:2187]           [INFO]     | Trakt Popular Collection | ? | Inside Out (2015) (TMDb: 150540)                                    |
[2022-07-08 01:49:19,090] [builder.py:2187]           [INFO]     | Trakt Popular Collection | ? | Ant-Man (2015) (TMDb: 102899)                                       |
[2022-07-08 01:49:19,313] [builder.py:2187]           [INFO]     | Trakt Popular Collection | ? | Batman v Superman: Dawn of Justice (2016) (TMDb: 209112)            |
[2022-07-08 01:49:19,569] [builder.py:2187]           [INFO]     | Trakt Popular Collection | ? | Avengers: Endgame (2019) (TMDb: 299534)                             |
[2022-07-08 01:49:19,786] [builder.py:2187]           [INFO]     | Trakt Popular Collection | ? | Black Panther (2018) (TMDb: 284054)                                 |
[2022-07-08 01:49:20,302] [builder.py:2187]           [INFO]     | Trakt Popular Collection | ? | Kingsman: The Secret Service (2015) (TMDb: 207703)                  |
[2022-07-08 01:49:20,613] [builder.py:2187]           [INFO]     | Trakt Popular Collection | ? | Get Out (2017) (TMDb: 419430)                                       |
[2022-07-08 01:49:20,891] [builder.py:2187]           [INFO]     | Trakt Popular Collection | ? | Jurassic World (2015) (TMDb: 135397)                                |
[2022-07-08 01:49:21,169] [builder.py:2187]           [INFO]     | Trakt Popular Collection | ? | Captain America: The First Avenger (2011) (TMDb: 1771)              |
[2022-07-08 01:49:21,524] [builder.py:2187]           [INFO]     | Trakt Popular Collection | ? | The Lion King (1994) (TMDb: 8587)                                   |
[2022-07-08 01:49:22,027] [builder.py:2187]           [INFO]     | Trakt Popular Collection | ? | Iron Man 3 (2013) (TMDb: 68721)                                     |
[2022-07-08 01:49:22,590] [builder.py:2187]           [INFO]     | Trakt Popular Collection | ? | Iron Man 2 (2010) (TMDb: 10138)                                     |
[2022-07-08 01:49:22,794] [builder.py:2187]           [INFO]     | Trakt Popular Collection | ? | Joker (2019) (TMDb: 475557)                                         |
[2022-07-08 01:49:23,335] [builder.py:2187]           [INFO]     | Trakt Popular Collection | ? | X-Men: Apocalypse (2016) (TMDb: 246655)                             |
[2022-07-08 01:49:23,602] [builder.py:2187]           [INFO]     | Trakt Popular Collection | ? | Baby Driver (2017) (TMDb: 339403)                                   |
[2022-07-08 01:49:23,854] [builder.py:2187]           [INFO]     | Trakt Popular Collection | ? | Edge of Tomorrow (2014) (TMDb: 137113)                              |
[2022-07-08 01:49:24,057] [builder.py:2187]           [INFO]     | Trakt Popular Collection | ? | The Hunger Games (2012) (TMDb: 70160)                               |
[2022-07-08 01:49:24,302] [builder.py:2187]           [INFO]     | Trakt Popular Collection | ? | Harry Potter and the Chamber of Secrets (2002) (TMDb: 672)          |
[2022-07-08 01:49:24,594] [builder.py:2187]           [INFO]     | Trakt Popular Collection | ? | Thor (2011) (TMDb: 10195)                                           |
[2022-07-08 01:49:25,135] [builder.py:2187]           [INFO]     | Trakt Popular Collection | ? | Harry Potter and the Prisoner of Azkaban (2004) (TMDb: 673)         |
[2022-07-08 01:49:25,413] [builder.py:2187]           [INFO]     | Trakt Popular Collection | ? | The Hobbit: An Unexpected Journey (2012) (TMDb: 49051)              |
[2022-07-08 01:49:25,624] [builder.py:2187]           [INFO]     | Trakt Popular Collection | ? | Deadpool 2 (2018) (TMDb: 383498)                                    |
[2022-07-08 01:49:25,935] [builder.py:2187]           [INFO]     | Trakt Popular Collection | ? | The Secret Life of Pets (2016) (TMDb: 328111)                       |
[2022-07-08 01:49:26,191] [builder.py:2187]           [INFO]     | Trakt Popular Collection | ? | Big Hero 6 (2014) (TMDb: 177572)                                    |
[2022-07-08 01:49:26,435] [builder.py:2187]           [INFO]     | Trakt Popular Collection | ? | Harry Potter and the Goblet of Fire (2005) (TMDb: 674)              |
[2022-07-08 01:49:26,679] [builder.py:2187]           [INFO]     | Trakt Popular Collection | ? | Harry Potter and the Deathly Hallows: Part 2 (2011) (TMDb: 12445)   |
[2022-07-08 01:49:26,935] [builder.py:2187]           [INFO]     | Trakt Popular Collection | ? | Kong: Skull Island (2017) (TMDb: 293167)                            |
[2022-07-08 01:49:27,213] [builder.py:2187]           [INFO]     | Trakt Popular Collection | ? | The Accountant (2016) (TMDb: 302946)                                |
[2022-07-08 01:49:27,469] [builder.py:2187]           [INFO]     | Trakt Popular Collection | ? | Despicable Me (2010) (TMDb: 20352)                                  |
[2022-07-08 01:49:27,746] [builder.py:2187]           [INFO]     | Trakt Popular Collection | ? | The Revenant (2015) (TMDb: 281957)                                  |
[2022-07-08 01:49:28,102] [builder.py:2187]           [INFO]     | Trakt Popular Collection | ? | Thor: The Dark World (2013) (TMDb: 76338)                           |
[2022-07-08 01:49:28,452] [builder.py:2187]           [INFO]     | Trakt Popular Collection | ? | Now You See Me (2013) (TMDb: 75656)                                 |
[2022-07-08 01:49:28,635] [builder.py:2187]           [INFO]     | Trakt Popular Collection | ? | Hacksaw Ridge (2016) (TMDb: 324786)                                 |
[2022-07-08 01:49:28,877] [builder.py:2187]           [INFO]     | Trakt Popular Collection | ? | Harry Potter and the Order of the Phoenix (2007) (TMDb: 675)        |
[2022-07-08 01:49:29,560] [builder.py:2187]           [INFO]     | Trakt Popular Collection | ? | The Hunger Games: Catching Fire (2013) (TMDb: 101299)               |
[2022-07-08 01:49:29,860] [builder.py:2187]           [INFO]     | Trakt Popular Collection | ? | Finding Dory (2016) (TMDb: 127380)                                  |
[2022-07-08 01:49:30,279] [builder.py:2187]           [INFO]     | Trakt Popular Collection | ? | X-Men: Days of Future Past (2014) (TMDb: 127585)                    |
[2022-07-08 01:49:30,635] [builder.py:2187]           [INFO]     | Trakt Popular Collection | ? | Harry Potter and the Half-Blood Prince (2009) (TMDb: 767)           |
[2022-07-08 01:49:30,957] [builder.py:2187]           [INFO]     | Trakt Popular Collection | ? | Ready Player One (2018) (TMDb: 333339)                              |
[2022-07-08 01:49:31,168] [builder.py:2187]           [INFO]     | Trakt Popular Collection | ? | Gone Girl (2014) (TMDb: 210577)                                     |
[2022-07-08 01:49:31,457] [builder.py:2187]           [INFO]     | Trakt Popular Collection | ? | Split (2016) (TMDb: 381288)                                         |
[2022-07-08 01:49:31,735] [builder.py:2187]           [INFO]     | Trakt Popular Collection | ? | Jumanji: Welcome to the Jungle (2017) (TMDb: 353486)                |
[2022-07-08 01:49:32,279] [builder.py:2187]           [INFO]     | Trakt Popular Collection | ? | Harry Potter and the Deathly Hallows: Part 1 (2010) (TMDb: 12444)   |
[2022-07-08 01:49:32,280] [builder.py:2192]           [INFO]     |                                                                                                    |
[2022-07-08 01:49:32,281] [builder.py:2193]           [INFO]     | 76 Movies Missing                                                                                  |
[2022-07-08 01:49:32,302] [builder.py:2383]           [INFO]     |                                                                                                    |
[2022-07-08 01:49:32,302] [builder.py:2384]           [INFO]     |=========================== Updating Details of Trakt Popular Collection ===========================|
[2022-07-08 01:49:32,303] [builder.py:2385]           [INFO]     |                                                                                                    |
[2022-07-08 01:49:32,325] [builder.py:2446]           [INFO]     | Collection Metadata Edits                                                                          |
[2022-07-08 01:49:32,325] [util.py:150]               [DEBUG]    | 1 poster found:                                                                                    |
[2022-07-08 01:49:32,326] [util.py:152]               [DEBUG]    | Method: url_poster Poster: https://raw.githubusercontent.com/meisnate12/Plex-Meta-Manager-Images/master/chart/Trakt%20Popular.jpg |
[2022-07-08 01:49:32,328] [library.py:155]            [INFO]     | Detail: poster update not needed                                                                   |
[2022-07-08 01:49:32,928] [builder.py:2529]           [INFO]     |                                                                                                    |
[2022-07-08 01:49:32,929] [builder.py:2530]           [INFO]     |================================= Sorting Trakt Popular Collection =================================|
[2022-07-08 01:49:32,929] [builder.py:2531]           [INFO]     |                                                                                                    |
[2022-07-08 01:49:32,930] [builder.py:2547]           [INFO]     | Moving The Dark Knight (2008) to the beginning                                                     |
[2022-07-08 01:49:33,200] [builder.py:2547]           [INFO]     | Moving The Matrix (1999) after The Dark Knight (2008)                                              |
[2022-07-08 01:49:33,384] [builder.py:2547]           [INFO]     | Moving Avatar (2009) after The Matrix (1999)                                                       |
[2022-07-08 01:49:33,517] [builder.py:2547]           [INFO]     | Moving The Lord of the Rings: The Fellowship of the Ring (2001) after Avatar (2009)                |
[2022-07-08 01:49:33,651] [builder.py:2547]           [INFO]     | Moving Fight Club (1999) after The Lord of the Rings: The Fellowship of the Ring (2001)            |
[2022-07-08 01:49:33,784] [builder.py:2547]           [INFO]     | Moving The Lord of the Rings: The Return of the King (2003) after Fight Club (1999)                |
[2022-07-08 01:49:33,917] [builder.py:2547]           [INFO]     | Moving The Lord of the Rings: The Two Towers (2002) after The Lord of the Rings: The Return of the King (2003) |
[2022-07-08 01:49:34,054] [builder.py:2547]           [INFO]     | Moving Forrest Gump (1994) after The Lord of the Rings: The Two Towers (2002)                      |
[2022-07-08 01:49:34,181] [builder.py:2547]           [INFO]     | Moving Star Wars (1977) after Forrest Gump (1994)                                                  |
[2022-07-08 01:49:34,307] [builder.py:2547]           [INFO]     | Moving Pulp Fiction (1994) after Star Wars (1977)                                                  |
[2022-07-08 01:49:34,434] [builder.py:2547]           [INFO]     | Moving The Shawshank Redemption (1994) after Pulp Fiction (1994)                                   |
[2022-07-08 01:49:34,565] [builder.py:2547]           [INFO]     | Moving Batman Begins (2005) after The Shawshank Redemption (1994)                                  |
[2022-07-08 01:49:34,695] [builder.py:2547]           [INFO]     | Moving Finding Nemo (2003) after Batman Begins (2005)                                              |
[2022-07-08 01:49:34,825] [builder.py:2547]           [INFO]     | Moving WALL·E (2008) after Finding Nemo (2003)                                                     |
[2022-07-08 01:49:34,951] [builder.py:2547]           [INFO]     | Moving Up (2009) after WALL·E (2008)                                                               |
[2022-07-08 01:49:35,080] [builder.py:2547]           [INFO]     | Moving Back to the Future (1985) after Up (2009)                                                   |
[2022-07-08 01:49:35,849] [builder.py:2547]           [INFO]     | Moving Star Wars: Episode V - The Empire Strikes Back (1980) after Back to the Future (1985)       |
[2022-07-08 01:49:36,016] [builder.py:2547]           [INFO]     | Moving Toy Story (1995) after Star Wars: Episode V - The Empire Strikes Back (1980)                |
[2022-07-08 01:49:36,158] [builder.py:2547]           [INFO]     | Moving Monsters, Inc. (2001) after Toy Story (1995)                                                |
[2022-07-08 01:49:36,314] [builder.py:2547]           [INFO]     | Moving The Incredibles (2004) after Monsters, Inc. (2001)                                          |
[2022-07-08 01:49:36,450] [builder.py:2547]           [INFO]     | Moving Inglourious Basterds (2009) after The Incredibles (2004)                                    |
[2022-07-08 01:49:36,579] [builder.py:2547]           [INFO]     | Moving Star Wars: Episode VI - Return of the Jedi (1983) after Inglourious Basterds (2009)         |
[2022-07-08 01:49:36,725] [builder.py:2547]           [INFO]     | Moving Se7en (1995) after Star Wars: Episode VI - Return of the Jedi (1983)                        |
[2022-07-08 01:49:36,870] [builder.py:2547]           [INFO]     | Moving Pirates of the Caribbean: The Curse of the Black Pearl (2003) after Se7en (1995)            |
[2022-07-08 01:49:36,996] [plex_meta_manager.py:674]  [INFO]     |                                                                                                    |
[2022-07-08 01:49:36,996] [plex_meta_manager.py:675]  [INFO]     |====================================================================================================|
[2022-07-08 01:49:36,996] [plex_meta_manager.py:675]  [INFO]     |                                 Finished Trakt Popular Collection                                  |
[2022-07-08 01:49:36,997] [plex_meta_manager.py:675]  [INFO]     |                                    Collection Run Time: 0:00:32                                    |
[2022-07-08 01:49:36,997] [plex_meta_manager.py:675]  [INFO]     |====================================================================================================|
