[2022-06-10 21:32:11,849] [builder.py:185]            [INFO]     |====================================================================================================|
[2022-06-10 21:32:11,849] [builder.py:185]            [INFO]     |                            TMDb On The Air Collection in .Documentaries                            |
[2022-06-10 21:32:11,850] [builder.py:185]            [INFO]     |====================================================================================================|
[2022-06-10 21:32:11,850] [builder.py:186]            [INFO]     |                                                                                                    |
[2022-06-10 21:32:11,851] [builder.py:191]            [INFO]     |============================== Validating TMDb On The Air Attributes ===============================|
[2022-06-10 21:32:11,851] [builder.py:212]            [DEBUG]    |                                                                                                    |
[2022-06-10 21:32:11,852] [builder.py:213]            [DEBUG]    | Validating Method: template                                                                        |
[2022-06-10 21:32:11,852] [meta.py:103]               [DEBUG]    | Value: [ordereddict([('name', 'air')]), ordereddict([('name', 'customsync')]), ordereddict([('name', 'chart_shared'), ('key', 'air'), ('check_library', 'show')])] |
[2022-06-10 21:32:11,858] [builder.py:221]            [DEBUG]    |                                                                                                    |
[2022-06-10 21:32:11,859] [builder.py:222]            [DEBUG]    | Validating Method: allowed_library_types                                                           |
[2022-06-10 21:32:11,859] [builder.py:225]            [DEBUG]    | Value: ['show']                                                                                    |
[2022-06-10 21:32:11,860] [builder.py:437]            [DEBUG]    |                                                                                                    |
[2022-06-10 21:32:11,860] [builder.py:438]            [DEBUG]    | Validating Method: sync_mode                                                                       |
[2022-06-10 21:32:11,861] [builder.py:442]            [DEBUG]    | Value: sync                                                                                        |
[2022-06-10 21:32:11,861] [builder.py:582]            [DEBUG]    |                                                                                                    |
[2022-06-10 21:32:11,862] [builder.py:583]            [DEBUG]    | Validating Method: collection_order                                                                |
[2022-06-10 21:32:11,862] [builder.py:584]            [DEBUG]    | Value: custom                                                                                      |
[2022-06-10 21:32:11,863] [builder.py:600]            [DEBUG]    |                                                                                                    |
[2022-06-10 21:32:11,863] [builder.py:604]            [DEBUG]    | Validating Method: tmdb_on_the_air                                                                 |
[2022-06-10 21:32:11,864] [builder.py:605]            [DEBUG]    | Value: 100                                                                                         |
[2022-06-10 21:32:11,864] [builder.py:600]            [DEBUG]    |                                                                                                    |
[2022-06-10 21:32:11,865] [builder.py:604]            [DEBUG]    | Validating Method: summary                                                                         |
[2022-06-10 21:32:11,865] [builder.py:605]            [DEBUG]    | Value: A collection of shows that are still activaly airing episodes                               |
[2022-06-10 21:32:11,866] [builder.py:600]            [DEBUG]    |                                                                                                    |
[2022-06-10 21:32:11,866] [builder.py:604]            [DEBUG]    | Validating Method: sort_title                                                                      |
[2022-06-10 21:32:11,866] [builder.py:605]            [DEBUG]    | Value: !01_TMDb On The Air                                                                         |
[2022-06-10 21:32:11,867] [builder.py:600]            [DEBUG]    |                                                                                                    |
[2022-06-10 21:32:11,868] [builder.py:604]            [DEBUG]    | Validating Method: url_poster                                                                      |
[2022-06-10 21:32:11,869] [builder.py:605]            [DEBUG]    | Value: https://raw.githubusercontent.com/meisnate12/Plex-Meta-Manager-Images/master/chart/TMDb%20On%20The%20Air.jpg |
[2022-06-10 21:32:11,900] [plex.py:742]               [DEBUG]    |                                                                                                    |
[2022-06-10 21:32:11,901] [plex.py:745]               [DEBUG]    | Looking for: TMDb On The Air                                                                       |
[2022-06-10 21:32:11,902] [builder.py:764]            [INFO]     |                                                                                                    |
[2022-06-10 21:32:11,903] [builder.py:765]            [INFO]     | Validation Successful                                                                              |
[2022-06-10 21:32:11,903] [plex_meta_manager.py:539]  [INFO]     |                                                                                                    |
[2022-06-10 21:32:11,904] [plex_meta_manager.py:541]  [INFO]     |================================ Running TMDb On The Air Collection ================================|
[2022-06-10 21:32:11,904] [plex_meta_manager.py:553]  [INFO]     |                                                                                                    |
[2022-06-10 21:32:11,905] [plex_meta_manager.py:554]  [INFO]     | Sync Mode: sync                                                                                    |
[2022-06-10 21:32:11,906] [plex_meta_manager.py:557]  [DEBUG]    |                                                                                                    |
[2022-06-10 21:32:11,907] [plex_meta_manager.py:558]  [DEBUG]    | Builder: tmdb_on_the_air: 100                                                                      |
[2022-06-10 21:32:11,907] [plex_meta_manager.py:559]  [INFO]     |                                                                                                    |
[2022-06-10 21:32:12,183] [tmdb.py:344]               [INFO]     | Processing TMDb On The Air: 100 Shows                                                              |
[2022-06-10 21:32:12,184] [builder.py:1507]           [DEBUG]    |                                                                                                    |
[2022-06-10 21:32:12,185] [builder.py:1508]           [DEBUG]    | 100 IDs Found: [(76479, 'tmdb_show'), (92830, 'tmdb_show'), (49608, 'tmdb_show'), (62348, 'tmdb_show'), (154300, 'tmdb_show'), (158415, 'tmdb_show'), (157936, 'tmdb_show'), (2051, 'tmdb_show'), (89491, 'tmdb_show'), (154911, 'tmdb_show'), (120089, 'tmdb_show'), (136166, 'tmdb_show'), (93449, 'tmdb_show'), (79028, 'tmdb_show'), (122151, 'tmdb_show'), (1900, 'tmdb_show'), (2024, 'tmdb_show'), (103516, 'tmdb_show'), (157171, 'tmdb_show'), (60735, 'tmdb_show'), (154571, 'tmdb_show'), (154521, 'tmdb_show'), (2527, 'tmdb_show'), (135647, 'tmdb_show'), (1655, 'tmdb_show'), (30810, 'tmdb_show'), (966, 'tmdb_show'), (83215, 'tmdb_show'), (119903, 'tmdb_show'), (122152, 'tmdb_show'), (118663, 'tmdb_show'), (59941, 'tmdb_show'), (121726, 'tmdb_show'), (2224, 'tmdb_show'), (14750, 'tmdb_show'), (69050, 'tmdb_show'), (65334, 'tmdb_show'), (115915, 'tmdb_show'), (61818, 'tmdb_show'), (11890, 'tmdb_show'), (79460, 'tmdb_show'), (13945, 'tmdb_show'), (987, 'tmdb_show'), (92782, 'tmdb_show'), (197189, 'tmdb_show'), (6647, 'tmdb_show'), (119316, 'tmdb_show'), (60572, 'tmdb_show'), (196614, 'tmdb_show'), (117067, 'tmdb_show'), (14506, 'tmdb_show'), (92967, 'tmdb_show'), (195871, 'tmdb_show'), (81772, 'tmdb_show'), (25778, 'tmdb_show'), (123876, 'tmdb_show'), (202728, 'tmdb_show'), (76231, 'tmdb_show'), (291, 'tmdb_show'), (23915, 'tmdb_show'), (124363, 'tmdb_show'), (126437, 'tmdb_show'), (39677, 'tmdb_show'), (76949, 'tmdb_show'), (63770, 'tmdb_show'), (2912, 'tmdb_show'), (68726, 'tmdb_show'), (2221, 'tmdb_show'), (4419, 'tmdb_show'), (154828, 'tmdb_show'), (65701, 'tmdb_show'), (152296, 'tmdb_show'), (8590, 'tmdb_show'), (158691, 'tmdb_show'), (123528, 'tmdb_show'), (4504, 'tmdb_show'), (120155, 'tmdb_show'), (88191, 'tmdb_show'), (120218, 'tmdb_show'), (71738, 'tmdb_show'), (79611, 'tmdb_show'), (202358, 'tmdb_show'), (99121, 'tmdb_show'), (16395, 'tmdb_show'), (139512, 'tmdb_show'), (37854, 'tmdb_show'), (33238, 'tmdb_show'), (122587, 'tmdb_show'), (1871, 'tmdb_show'), (133093, 'tmdb_show'), (130237, 'tmdb_show'), (1054, 'tmdb_show'), (38657, 'tmdb_show'), (46004, 'tmdb_show'), (83121, 'tmdb_show'), (202876, 'tmdb_show'), (136763, 'tmdb_show'), (122287, 'tmdb_show'), (2354, 'tmdb_show'), (63452, 'tmdb_show')] |
[2022-06-10 21:32:12,186] [builder.py:1509]           [DEBUG]    |                                                                                                    |
[2022-06-10 21:32:12,431] [builder.py:1583]           [WARNING]  | Convert Error: No TVDb ID Found for TMDb ID: 154300                                                |
[2022-06-10 21:32:12,587] [builder.py:1583]           [WARNING]  | Convert Error: No TVDb ID Found for TMDb ID: 136166                                                |
[2022-06-10 21:32:12,767] [builder.py:1583]           [WARNING]  | Convert Error: No TVDb ID Found for TMDb ID: 122151                                                |
[2022-06-10 21:32:13,146] [builder.py:1583]           [WARNING]  | Convert Error: No TVDb ID Found for TMDb ID: 157171                                                |
[2022-06-10 21:32:13,694] [builder.py:1583]           [WARNING]  | Convert Error: No TVDb ID Found for TMDb ID: 119903                                                |
[2022-06-10 21:32:14,377] [builder.py:1583]           [WARNING]  | Convert Error: No TVDb ID Found for TMDb ID: 122152                                                |
[2022-06-10 21:32:15,818] [builder.py:1583]           [WARNING]  | Convert Error: No TVDb ID Found for TMDb ID: 196614                                                |
[2022-06-10 21:32:16,921] [builder.py:1583]           [WARNING]  | Convert Error: No TVDb ID Found for TMDb ID: 195871                                                |
[2022-06-10 21:32:17,874] [builder.py:1583]           [WARNING]  | Convert Error: No TVDb ID Found for TMDb ID: 202728                                                |
[2022-06-10 21:32:18,710] [builder.py:1583]           [WARNING]  | Convert Error: No TVDb ID Found for TMDb ID: 68726                                                 |
[2022-06-10 21:32:18,909] [builder.py:1583]           [WARNING]  | Convert Error: No TVDb ID Found for TMDb ID: 152296                                                |
[2022-06-10 21:32:19,365] [builder.py:1583]           [WARNING]  | Convert Error: No TVDb ID Found for TMDb ID: 120218                                                |
[2022-06-10 21:32:19,376] [builder.py:1583]           [WARNING]  | Convert Error: No TVDb ID Found for TMDb ID: 202358                                                |
[2022-06-10 21:32:19,414] [builder.py:2218]           [INFO]     |                                                                                                    |
[2022-06-10 21:32:19,414] [builder.py:2219]           [INFO]     |=========================== Missing Shows from Library: TMDb On The Air ============================|
[2022-06-10 21:32:19,415] [builder.py:2220]           [INFO]     |                                                                                                    |
[2022-06-10 21:32:19,698] [builder.py:2232]           [INFO]     | TMDb On The Air Collection | ? | The Boys (TVDb: 355567)                                           |
[2022-06-10 21:32:19,871] [builder.py:2232]           [INFO]     | TMDb On The Air Collection | ? | Obi-Wan Kenobi (TVDb: 393199)                                     |
[2022-06-10 21:32:19,938] [builder.py:2232]           [INFO]     | TMDb On The Air Collection | ? | A Mother's Love (TVDb: 416528)                                    |
[2022-06-10 21:32:20,028] [builder.py:2232]           [INFO]     | TMDb On The Air Collection | ? | A Konyhafőnök (TVDb: 285523)                                      |
[2022-06-10 21:32:20,238] [builder.py:2232]           [INFO]     | TMDb On The Air Collection | ? | Pantanal (TVDb: 413833)                                           |
[2022-06-10 21:32:20,393] [builder.py:2232]           [INFO]     | TMDb On The Air Collection | ? | For You (TVDb: 416687)                                            |
[2022-06-10 21:32:20,454] [builder.py:2232]           [INFO]     | TMDb On The Air Collection | ? | The Price Is Right (TVDb: 77072)                                  |
[2022-06-10 21:32:20,721] [builder.py:2232]           [INFO]     | TMDb On The Air Collection | ? | America Says (TVDb: 352768)                                       |
[2022-06-10 21:32:21,455] [builder.py:2232]           [INFO]     | TMDb On The Air Collection | ? | A Trick of Fate (TVDb: 413832)                                    |
[2022-06-10 21:32:21,771] [builder.py:2232]           [INFO]     | TMDb On The Air Collection | ? | SPY x FAMILY (TVDb: 405920)                                       |
[2022-06-10 21:32:22,033] [builder.py:2232]           [INFO]     | TMDb On The Air Collection | ? | Tamron Hall (TVDb: 369256)                                        |
[2022-06-10 21:32:22,098] [builder.py:2232]           [INFO]     | TMDb On The Air Collection | ? | Power Couple Brazil (TVDb: 310232)                                |
[2022-06-10 21:32:22,192] [builder.py:2232]           [INFO]     | TMDb On The Air Collection | ? | LIVE with Kelly and Ryan (TVDb: 72146)                            |
[2022-06-10 21:32:22,387] [builder.py:2232]           [INFO]     | TMDb On The Air Collection | ? | The People's Court (TVDb: 261665)                                 |
[2022-06-10 21:32:22,465] [builder.py:2232]           [INFO]     | TMDb On The Air Collection | ? | Star Trek: Strange New Worlds (TVDb: 382389)                      |
[2022-06-10 21:32:22,664] [builder.py:2232]           [INFO]     | TMDb On The Air Collection | ? | The Flash (2014) (TVDb: 279121)                                   |
[2022-06-10 21:32:22,743] [builder.py:2232]           [INFO]     | TMDb On The Air Collection | ? | I want to live (TVDb: 413793)                                     |
[2022-06-10 21:32:22,834] [builder.py:2232]           [INFO]     | TMDb On The Air Collection | ? | The Kardashians (TVDb: 414093)                                    |
[2022-06-10 21:32:22,921] [builder.py:2232]           [INFO]     | TMDb On The Air Collection | ? | Emmerdale (TVDb: 77715)                                           |
[2022-06-10 21:32:23,000] [builder.py:2232]           [INFO]     | TMDb On The Air Collection | ? | 2 Good 2 Be True (TVDb: 419154)                                   |
[2022-06-10 21:32:23,143] [builder.py:2232]           [INFO]     | TMDb On The Air Collection | ? | PBS NewsHour (TVDb: 81388)                                        |
[2022-06-10 21:32:23,332] [builder.py:2232]           [INFO]     | TMDb On The Air Collection | ? | Pointless (TVDb: 192351)                                          |
[2022-06-10 21:32:23,465] [builder.py:2232]           [INFO]     | TMDb On The Air Collection | ? | Hollyoaks (TVDb: 78006)                                           |
[2022-06-10 21:32:23,532] [builder.py:2232]           [INFO]     | TMDb On The Air Collection | ? | Married at First Sight (PT) (TVDb: 354327)                        |
[2022-06-10 21:32:23,600] [builder.py:2232]           [INFO]     | TMDb On The Air Collection | ? | The Man Who Fell to Earth (TVDb: 414721)                          |
[2022-06-10 21:32:23,677] [builder.py:2232]           [INFO]     | TMDb On The Air Collection | ? | The Tonight Show Starring Jimmy Fallon (TVDb: 270261)             |
[2022-06-10 21:32:23,821] [builder.py:2232]           [INFO]     | TMDb On The Air Collection | ? | Love Island España (TVDb: 398465)                                 |
[2022-06-10 21:32:23,943] [builder.py:2232]           [INFO]     | TMDb On The Air Collection | ? | The Daily Show (TVDb: 71256)                                      |
[2022-06-10 21:32:24,077] [builder.py:2232]           [INFO]     | TMDb On The Air Collection | ? | At Wspolna (TVDb: 341892)                                         |
[2022-06-10 21:32:24,267] [builder.py:2232]           [INFO]     | TMDb On The Air Collection | ? | Riverdale (TVDb: 311954)                                          |
[2022-06-10 21:32:24,602] [builder.py:2232]           [INFO]     | TMDb On The Air Collection | ? | Miraculous: Tales of Ladybug & Cat Noir (TVDb: 302218)            |
[2022-06-10 21:32:25,429] [builder.py:2232]           [INFO]     | TMDb On The Air Collection | ? | The Baby (TVDb: 393566)                                           |
[2022-06-10 21:32:25,637] [builder.py:2232]           [INFO]     | TMDb On The Air Collection | ? | Late Night with Seth Meyers (TVDb: 270262)                        |
[2022-06-10 21:32:25,843] [builder.py:2232]           [INFO]     | TMDb On The Air Collection | ? | Goede tijden, slechte tijden (TVDb: 104271)                       |
[2022-06-10 21:32:26,762] [builder.py:2232]           [INFO]     | TMDb On The Air Collection | ? | Legacies (TVDb: 349309)                                           |
[2022-06-10 21:32:27,376] [builder.py:2232]           [INFO]     | TMDb On The Air Collection | ? | Good times, bad times (TVDb: 82495)                               |
[2022-06-10 21:32:27,443] [builder.py:2232]           [INFO]     | TMDb On The Air Collection | ? | General Hospital (TVDb: 75332)                                    |
[2022-06-10 21:32:27,531] [builder.py:2232]           [INFO]     | TMDb On The Air Collection | ? | Ms. Marvel (TVDb: 368612)                                         |
[2022-06-10 21:32:27,598] [builder.py:2232]           [INFO]     | TMDb On The Air Collection | ? | Cara e Coragem (TVDb: 418791)                                     |
[2022-06-10 21:32:27,676] [builder.py:2232]           [INFO]     | TMDb On The Air Collection | ? | The Bold and the Beautiful (TVDb: 79838)                          |
[2022-06-10 21:32:27,743] [builder.py:2232]           [INFO]     | TMDb On The Air Collection | ? | Wagle Ki Duniya (TVDb: 396880)                                    |
[2022-06-10 21:32:27,810] [builder.py:2232]           [INFO]     | TMDb On The Air Collection | ? | Pokémon (TVDb: 76703)                                             |
[2022-06-10 21:32:27,888] [builder.py:2232]           [INFO]     | TMDb On The Air Collection | ? | KinnPorsche (TVDb: 391992)                                        |
[2022-06-10 21:32:27,892] [builder.py:2232]           [INFO]     | TMDb On The Air Collection | ? | Thuis (TVDb: 256154)                                              |
[2022-06-10 21:32:27,965] [builder.py:2232]           [INFO]     | TMDb On The Air Collection | ? | A Miracle (TVDb: 369055)                                          |
[2022-06-10 21:32:28,143] [builder.py:2232]           [INFO]     | TMDb On The Air Collection | ? | Oteckovia (TVDb: 340318)                                          |
[2022-06-10 21:32:28,210] [builder.py:2232]           [INFO]     | TMDb On The Air Collection | ? | Familie (TVDb: 268901)                                            |
[2022-06-10 21:32:28,366] [builder.py:2232]           [INFO]     | TMDb On The Air Collection | ? | Komi Can't Communicate (TVDb: 402412)                             |
[2022-06-10 21:32:28,842] [builder.py:2232]           [INFO]     | TMDb On The Air Collection | ? | Mayans M.C. (TVDb: 349659)                                        |
[2022-06-10 21:32:28,910] [builder.py:2232]           [INFO]     | TMDb On The Air Collection | ? | Coronation Street (TVDb: 71565)                                   |
[2022-06-10 21:32:29,076] [builder.py:2232]           [INFO]     | TMDb On The Air Collection | ? | Markus Lanz (TVDb: 301189)                                        |
[2022-06-10 21:32:29,137] [builder.py:2232]           [INFO]     | TMDb On The Air Collection | ? | The Dawn of the Witch (TVDb: 401920)                              |
[2022-06-10 21:32:29,287] [builder.py:2232]           [INFO]     | TMDb On The Air Collection | ? | Aoashi (TVDb: 407840)                                             |
[2022-06-10 21:32:29,354] [builder.py:2232]           [INFO]     | TMDb On The Air Collection | ? | Survivor (ES) (TVDb: 298271)                                      |
[2022-06-10 21:32:29,521] [builder.py:2232]           [INFO]     | TMDb On The Air Collection | ? | La Resistencia (TVDb: 341430)                                     |
[2022-06-10 21:32:29,643] [builder.py:2232]           [INFO]     | TMDb On The Air Collection | ? | The Late Show with Stephen Colbert (TVDb: 289574)                 |
[2022-06-10 21:32:29,721] [builder.py:2232]           [INFO]     | TMDb On The Air Collection | ? | Jeopardy! (TVDb: 77075)                                           |
[2022-06-10 21:32:29,832] [builder.py:2232]           [INFO]     | TMDb On The Air Collection | ? | The View (TVDb: 72104)                                            |
[2022-06-10 21:32:29,921] [builder.py:2232]           [INFO]     | TMDb On The Air Collection | ? | Real Time with Bill Maher (TVDb: 72231)                           |
[2022-06-10 21:32:29,998] [builder.py:2232]           [INFO]     | TMDb On The Air Collection | ? | VI Today (TVDb: 414564)                                           |
[2022-06-10 21:32:30,586] [builder.py:2232]           [INFO]     | TMDb On The Air Collection | ? | Good Mythical Morning (TVDb: 290686)                              |
[2022-06-10 21:32:31,108] [builder.py:2232]           [INFO]     | TMDb On The Air Collection | ? | Plus Belle La Vie (TVDb: 97371)                                   |
[2022-06-10 21:32:31,177] [builder.py:2232]           [INFO]     | TMDb On The Air Collection | ? | My Little Pony: Make Your Mark (TVDb: 416741)                     |
[2022-06-10 21:32:31,253] [builder.py:2232]           [INFO]     | TMDb On The Air Collection | ? | Skeleton Knight in Another World (TVDb: 401279)                   |
[2022-06-10 21:32:31,321] [builder.py:2232]           [INFO]     | TMDb On The Air Collection | ? | Shortland Street (TVDb: 73983)                                    |
[2022-06-10 21:32:31,411] [builder.py:2232]           [INFO]     | TMDb On The Air Collection | ? | The Greatest Demon Lord Is Reborn as a Typical Nobody (TVDb: 402652) |
[2022-06-10 21:32:31,788] [builder.py:2232]           [INFO]     | TMDb On The Air Collection | ? | Good evening, good evening! (TVDb: 361292)                        |
[2022-06-10 21:32:31,864] [builder.py:2232]           [INFO]     | TMDb On The Air Collection | ? | The Orville (TVDb: 328487)                                        |
[2022-06-10 21:32:31,933] [builder.py:2232]           [INFO]     | TMDb On The Air Collection | ? | Charmed (2018) (TVDb: 349317)                                     |
[2022-06-10 21:32:31,999] [builder.py:2232]           [INFO]     | TMDb On The Air Collection | ? | Walker (TVDb: 371768)                                             |
[2022-06-10 21:32:32,066] [builder.py:2232]           [INFO]     | TMDb On The Air Collection | ? | MasterChef Australia (TVDb: 92091)                                |
[2022-06-10 21:32:32,128] [builder.py:2232]           [INFO]     | TMDb On The Air Collection | ? | Trapped in a Dating Sim: The World of Otome Games Is Tough for Mobs (TVDb: 412826) |
[2022-06-10 21:32:32,192] [builder.py:2232]           [INFO]     | TMDb On The Air Collection | ? | One Piece (TVDb: 81797)                                           |
[2022-06-10 21:32:32,932] [builder.py:2232]           [INFO]     | TMDb On The Air Collection | ? | Running Man (TVDb: 248870)                                        |
[2022-06-10 21:32:33,011] [builder.py:2232]           [INFO]     | TMDb On The Air Collection | ? | A Couple of Cuckoos (TVDb: 400585)                                |
[2022-06-10 21:32:33,076] [builder.py:2232]           [INFO]     | TMDb On The Air Collection | ? | EastEnders (TVDb: 71753)                                          |
[2022-06-10 21:32:33,143] [builder.py:2232]           [INFO]     | TMDb On The Air Collection | ? | Legacy (TVDb: 420335)                                             |
[2022-06-10 21:32:33,203] [builder.py:2232]           [INFO]     | TMDb On The Air Collection | ? | Aharen-san wa Hakarenai (TVDb: 407833)                            |
[2022-06-10 21:32:33,376] [builder.py:2232]           [INFO]     | TMDb On The Air Collection | ? | The Young and the Restless (TVDb: 70328)                          |
[2022-06-10 21:32:34,131] [builder.py:2232]           [INFO]     | TMDb On The Air Collection | ? | Ridiculousness (TVDb: 250793)                                     |
[2022-06-10 21:32:34,591] [builder.py:2232]           [INFO]     | TMDb On The Air Collection | ? | Date A Live (TVDb: 264663)                                        |
[2022-06-10 21:32:34,770] [builder.py:2232]           [INFO]     | TMDb On The Air Collection | ? | Kaguya-sama: Love Is War (TVDb: 354198)                           |
[2022-06-10 21:32:35,385] [builder.py:2232]           [INFO]     | TMDb On The Air Collection | ? | A Dream of Splendor (TVDb: 420733)                                |
[2022-06-10 21:32:35,886] [builder.py:2232]           [INFO]     | TMDb On The Air Collection | ? | I'm Quitting Heroing (TVDb: 411625)                               |
[2022-06-10 21:32:36,116] [builder.py:2232]           [INFO]     | TMDb On The Air Collection | ? | Love After World Domination (TVDb: 401902)                        |
[2022-06-10 21:32:36,254] [builder.py:2232]           [INFO]     | TMDb On The Air Collection | ? | Home and Away (TVDb: 71890)                                       |
[2022-06-10 21:32:36,376] [builder.py:2232]           [INFO]     | TMDb On The Air Collection | ? | Wer weiß denn sowas? (TVDb: 298954)                               |
[2022-06-10 21:32:36,377] [builder.py:2237]           [INFO]     |                                                                                                    |
[2022-06-10 21:32:36,377] [builder.py:2238]           [INFO]     | 87 Shows Missing                                                                                   |
[2022-06-10 21:32:36,378] [plex_meta_manager.py:593]  [INFO]     |                                                                                                    |
[2022-06-10 21:32:36,378] [plex_meta_manager.py:594]  [INFO]     | Collection Minimum: 1 not met for TMDb On The Air Collection                                       |
[2022-06-10 21:32:36,379] [plex_meta_manager.py:674]  [INFO]     |                                                                                                    |
[2022-06-10 21:32:36,379] [plex_meta_manager.py:675]  [INFO]     |====================================================================================================|
[2022-06-10 21:32:36,380] [plex_meta_manager.py:675]  [INFO]     |                                Finished TMDb On The Air Collection                                 |
[2022-06-10 21:32:36,380] [plex_meta_manager.py:675]  [INFO]     |                                    Collection Run Time: 0:00:24                                    |
[2022-06-10 21:32:36,380] [plex_meta_manager.py:675]  [INFO]     |====================================================================================================|
