[2022-06-10 21:26:33,812] [builder.py:185]            [INFO]     |====================================================================================================|
[2022-06-10 21:26:33,813] [builder.py:185]            [INFO]     |                              United Kingdom Collection in ..Cartoons                               |
[2022-06-10 21:26:33,814] [builder.py:185]            [INFO]     |====================================================================================================|
[2022-06-10 21:26:33,814] [builder.py:186]            [INFO]     |                                                                                                    |
[2022-06-10 21:26:33,815] [builder.py:191]            [INFO]     |=============================== Validating United Kingdom Attributes ===============================|
[2022-06-10 21:26:33,816] [builder.py:212]            [DEBUG]    |                                                                                                    |
[2022-06-10 21:26:33,816] [builder.py:213]            [DEBUG]    | Validating Method: template                                                                        |
[2022-06-10 21:26:33,817] [meta.py:103]               [DEBUG]    | Value: [{'value': ['gb'], 'origin_country': ['gb'], 'key_name': 'United Kingdom', 'key': 'gb', 'name': 'country_tv_dynamic'}, {'value': ['gb'], 'origin_country': ['gb'], 'key_name': 'United Kingdom', 'key': 'gb', 'name': 'shared'}] |
[2022-06-10 21:26:33,821] [builder.py:582]            [DEBUG]    |                                                                                                    |
[2022-06-10 21:26:33,822] [builder.py:583]            [DEBUG]    | Validating Method: collection_order                                                                |
[2022-06-10 21:26:33,822] [builder.py:584]            [DEBUG]    | Value: release.desc                                                                                |
[2022-06-10 21:26:33,823] [builder.py:600]            [DEBUG]    |                                                                                                    |
[2022-06-10 21:26:33,824] [builder.py:604]            [DEBUG]    | Validating Method: label                                                                           |
[2022-06-10 21:26:33,824] [builder.py:605]            [DEBUG]    | Value: TMDb Country Color                                                                          |
[2022-06-10 21:26:33,825] [builder.py:600]            [DEBUG]    |                                                                                                    |
[2022-06-10 21:26:33,826] [builder.py:604]            [DEBUG]    | Validating Method: url_poster                                                                      |
[2022-06-10 21:26:33,826] [builder.py:605]            [DEBUG]    | Value: https://raw.githubusercontent.com/meisnate12/Plex-Meta-Manager-Images/master/country/white/United%20Kingdom.jpg |
[2022-06-10 21:26:34,585] [builder.py:600]            [DEBUG]    |                                                                                                    |
[2022-06-10 21:26:34,586] [builder.py:604]            [DEBUG]    | Validating Method: plex_all                                                                        |
[2022-06-10 21:26:34,587] [builder.py:605]            [DEBUG]    | Value: True                                                                                        |
[2022-06-10 21:26:34,587] [builder.py:600]            [DEBUG]    |                                                                                                    |
[2022-06-10 21:26:34,588] [builder.py:604]            [DEBUG]    | Validating Method: filters                                                                         |
[2022-06-10 21:26:34,588] [builder.py:605]            [DEBUG]    | Value: {'origin_country': ['gb']}                                                                  |
[2022-06-10 21:26:34,590] [builder.py:600]            [DEBUG]    |                                                                                                    |
[2022-06-10 21:26:34,590] [builder.py:604]            [DEBUG]    | Validating Method: sort_title                                                                      |
[2022-06-10 21:26:34,591] [builder.py:605]            [DEBUG]    | Value: !09_United Kingdom                                                                          |
[2022-06-10 21:26:34,603] [plex.py:742]               [DEBUG]    |                                                                                                    |
[2022-06-10 21:26:34,604] [plex.py:745]               [DEBUG]    | Looking for: United Kingdom                                                                        |
[2022-06-10 21:26:34,604] [builder.py:764]            [INFO]     |                                                                                                    |
[2022-06-10 21:26:34,605] [builder.py:765]            [INFO]     | Validation Successful                                                                              |
[2022-06-10 21:26:34,605] [plex_meta_manager.py:539]  [INFO]     |                                                                                                    |
[2022-06-10 21:26:34,606] [plex_meta_manager.py:541]  [INFO]     |================================ Running United Kingdom Collection =================================|
[2022-06-10 21:26:34,606] [plex_meta_manager.py:553]  [INFO]     |                                                                                                    |
[2022-06-10 21:26:34,607] [plex_meta_manager.py:554]  [INFO]     | Sync Mode: append                                                                                  |
[2022-06-10 21:26:34,607] [plex_meta_manager.py:557]  [DEBUG]    |                                                                                                    |
[2022-06-10 21:26:34,608] [plex_meta_manager.py:558]  [DEBUG]    | Builder: plex_all: show                                                                            |
[2022-06-10 21:26:34,608] [plex_meta_manager.py:559]  [INFO]     |                                                                                                    |
[2022-06-10 21:26:34,608] [plex.py:760]               [INFO]     | Processing Plex All Shows                                                                          |
[2022-06-10 21:26:34,609] [plex.py:813]               [DEBUG]    |                                                                                                    |
[2022-06-10 21:26:34,610] [plex.py:814]               [DEBUG]    | 22 Keys Found: [(300758, 'ratingKey'), (276599, 'ratingKey'), (281268, 'ratingKey'), (277855, 'ratingKey'), (281936, 'ratingKey'), (276184, 'ratingKey'), (277932, 'ratingKey'), (281337, 'ratingKey'), (277917, 'ratingKey'), (276935, 'ratingKey'), (282196, 'ratingKey'), (281671, 'ratingKey'), (277870, 'ratingKey'), (277173, 'ratingKey'), (281840, 'ratingKey'), (276871, 'ratingKey'), (276849, 'ratingKey'), (281470, 'ratingKey'), (304359, 'ratingKey'), (277405, 'ratingKey'), (281723, 'ratingKey'), (70934, 'ratingKey')] |
[2022-06-10 21:26:34,610] [builder.py:1507]           [DEBUG]    |                                                                                                    |
[2022-06-10 21:26:34,610] [builder.py:1508]           [DEBUG]    | 22 IDs Found: [(300758, 'ratingKey'), (276599, 'ratingKey'), (281268, 'ratingKey'), (277855, 'ratingKey'), (281936, 'ratingKey'), (276184, 'ratingKey'), (277932, 'ratingKey'), (281337, 'ratingKey'), (277917, 'ratingKey'), (276935, 'ratingKey'), (282196, 'ratingKey'), (281671, 'ratingKey'), (277870, 'ratingKey'), (277173, 'ratingKey'), (281840, 'ratingKey'), (276871, 'ratingKey'), (276849, 'ratingKey'), (281470, 'ratingKey'), (304359, 'ratingKey'), (277405, 'ratingKey'), (281723, 'ratingKey'), (70934, 'ratingKey')] |
[2022-06-10 21:26:34,611] [builder.py:1509]           [DEBUG]    |                                                                                                    |
[2022-06-10 21:26:41,997] [plex_meta_manager.py:563]  [INFO]     |                                                                                                    |
[2022-06-10 21:26:41,998] [plex_meta_manager.py:567]  [INFO]     | Collection Filter origin_country: ['GB']                                                           |
[2022-06-10 21:26:41,999] [builder.py:2009]           [INFO]     |                                                                                                    |
[2022-06-10 21:26:41,999] [builder.py:2010]           [INFO]     |=============================== Adding to United Kingdom Collection ================================|
[2022-06-10 21:26:42,000] [builder.py:2011]           [INFO]     |                                                                                                    |
[2022-06-10 21:26:42,000] [builder.py:2025]           [INFO]     | 1/1 | United Kingdom Collection | + | Count Duckula                                                |
[2022-06-10 21:26:43,535] [builder.py:2045]           [INFO]     |                                                                                                    |
[2022-06-10 21:26:43,536] [builder.py:2046]           [INFO]     | 1 Show Processed                                                                                   |
[2022-06-10 21:26:43,552] [builder.py:2383]           [INFO]     |                                                                                                    |
[2022-06-10 21:26:43,553] [builder.py:2384]           [INFO]     |========================== Updating Details of United Kingdom Collection ===========================|
[2022-06-10 21:26:43,553] [builder.py:2385]           [INFO]     |                                                                                                    |
[2022-06-10 21:26:43,896] [builder.py:2446]           [INFO]     | Collection Metadata Edits                                                                          |
                                                                 | Sort Title | !09_United Kingdom
                                                                 | Label | +TMDb Country Color
[2022-06-10 21:26:44,433] [builder.py:2450]           [INFO]     | Details: have been updated
[2022-06-10 21:26:44,434] [builder.py:2454]           [INFO]     | 
[2022-06-10 21:26:44,434] [util.py:150]               [DEBUG]    | 1 poster found:
[2022-06-10 21:26:44,435] [util.py:152]               [DEBUG]    | Method: url_poster Poster: https://raw.githubusercontent.com/meisnate12/Plex-Meta-Manager-Images/master/country/white/United%20Kingdom.jpg
[2022-06-10 21:26:44,533] [library.py:153]            [INFO]     | Detail: url_poster updated poster to [URL] https://raw.githubusercontent.com/meisnate12/Plex-Meta-Manager-Images/master/country/white/United%20Kingdom.jpg
[2022-06-10 21:26:45,412] [builder.py:2529]           [INFO]     | 
[2022-06-10 21:26:45,413] [builder.py:2530]           [INFO]     |================================ Sorting United Kingdom Collection =================================|
[2022-06-10 21:26:45,414] [builder.py:2531]           [INFO]     |                                                                                                    |
[2022-06-10 21:26:45,453] [plex_meta_manager.py:674]  [INFO]     |                                                                                                    |
[2022-06-10 21:26:45,454] [plex_meta_manager.py:675]  [INFO]     |====================================================================================================|
[2022-06-10 21:26:45,454] [plex_meta_manager.py:675]  [INFO]     |                                 Finished United Kingdom Collection                                 |
[2022-06-10 21:26:45,455] [plex_meta_manager.py:675]  [INFO]     |                                    Collection Run Time: 0:00:11                                    |
[2022-06-10 21:26:45,455] [plex_meta_manager.py:675]  [INFO]     |====================================================================================================|
