[2022-07-08 02:53:00,063] [builder.py:185]            [INFO]     |====================================================================================================|
[2022-07-08 02:53:00,064] [builder.py:185]            [INFO]     |                               Trakt Trending Collection in .....综艺节目                               |
[2022-07-08 02:53:00,064] [builder.py:185]            [INFO]     |====================================================================================================|
[2022-07-08 02:53:00,064] [builder.py:186]            [INFO]     |                                                                                                    |
[2022-07-08 02:53:00,065] [builder.py:191]            [INFO]     |=============================== Validating Trakt Trending Attributes ===============================|
[2022-07-08 02:53:00,065] [builder.py:212]            [DEBUG]    |                                                                                                    |
[2022-07-08 02:53:00,065] [builder.py:213]            [DEBUG]    | Validating Method: template                                                                        |
[2022-07-08 02:53:00,066] [meta.py:103]               [DEBUG]    | Value: [{'value': ['trending'], 'custom': ['trending'], 'key_name': 'Trending', 'key': 'trending', 'name': 'trakt'}, {'value': ['trending'], 'custom': ['trending'], 'key_name': 'Trending', 'key': 'trending', 'name': 'customsync'}, {'value': ['trending'], 'custom': ['trending'], 'key_name': 'Trending', 'key': 'trending', 'name': 'chart_shared'}] |
[2022-07-08 02:53:00,069] [builder.py:437]            [DEBUG]    |                                                                                                    |
[2022-07-08 02:53:00,069] [builder.py:438]            [DEBUG]    | Validating Method: sync_mode                                                                       |
[2022-07-08 02:53:00,069] [builder.py:442]            [DEBUG]    | Value: sync                                                                                        |
[2022-07-08 02:53:00,070] [builder.py:582]            [DEBUG]    |                                                                                                    |
[2022-07-08 02:53:00,070] [builder.py:583]            [DEBUG]    | Validating Method: collection_order                                                                |
[2022-07-08 02:53:00,070] [builder.py:584]            [DEBUG]    | Value: custom                                                                                      |
[2022-07-08 02:53:00,071] [builder.py:600]            [DEBUG]    |                                                                                                    |
[2022-07-08 02:53:00,071] [builder.py:604]            [DEBUG]    | Validating Method: label                                                                           |
[2022-07-08 02:53:00,071] [builder.py:605]            [DEBUG]    | Value: Trakt                                                                                       |
[2022-07-08 02:53:00,072] [builder.py:600]            [DEBUG]    |                                                                                                    |
[2022-07-08 02:53:00,072] [builder.py:604]            [DEBUG]    | Validating Method: trakt_chart                                                                     |
[2022-07-08 02:53:00,072] [builder.py:605]            [DEBUG]    | Value: {'chart': 'trending', 'limit': 100}                                                         |
[2022-07-08 02:53:00,073] [builder.py:600]            [DEBUG]    |                                                                                                    |
[2022-07-08 02:53:00,073] [builder.py:604]            [DEBUG]    | Validating Method: summary                                                                         |
[2022-07-08 02:53:00,073] [builder.py:605]            [DEBUG]    | Value: A collection of Trakt's Weekly show List                                                    |
[2022-07-08 02:53:00,073] [builder.py:600]            [DEBUG]    |                                                                                                    |
[2022-07-08 02:53:00,074] [builder.py:604]            [DEBUG]    | Validating Method: sort_title                                                                      |
[2022-07-08 02:53:00,074] [builder.py:605]            [DEBUG]    | Value: !01_Trakt Trending                                                                          |
[2022-07-08 02:53:00,074] [builder.py:600]            [DEBUG]    |                                                                                                    |
[2022-07-08 02:53:00,075] [builder.py:604]            [DEBUG]    | Validating Method: url_poster                                                                      |
[2022-07-08 02:53:00,075] [builder.py:605]            [DEBUG]    | Value: https://raw.githubusercontent.com/meisnate12/Plex-Meta-Manager-Images/master/chart/Trakt%20Trending.jpg |
[2022-07-08 02:53:01,262] [plex.py:742]               [DEBUG]    |                                                                                                    |
[2022-07-08 02:53:01,262] [plex.py:745]               [DEBUG]    | Looking for: Trakt Trending                                                                        |
[2022-07-08 02:53:01,262] [builder.py:764]            [INFO]     |                                                                                                    |
[2022-07-08 02:53:01,263] [builder.py:765]            [INFO]     | Validation Successful                                                                              |
[2022-07-08 02:53:01,263] [plex_meta_manager.py:539]  [INFO]     |                                                                                                    |
[2022-07-08 02:53:01,264] [plex_meta_manager.py:541]  [INFO]     |================================ Running Trakt Trending Collection =================================|
[2022-07-08 02:53:01,264] [plex_meta_manager.py:553]  [INFO]     |                                                                                                    |
[2022-07-08 02:53:01,264] [plex_meta_manager.py:554]  [INFO]     | Sync Mode: sync                                                                                    |
[2022-07-08 02:53:01,265] [plex_meta_manager.py:557]  [DEBUG]    |                                                                                                    |
[2022-07-08 02:53:01,265] [plex_meta_manager.py:558]  [DEBUG]    | Builder: trakt_chart: {'chart': 'trending', 'limit': 100, 'time_period': None}                     |
[2022-07-08 02:53:01,266] [plex_meta_manager.py:559]  [INFO]     |                                                                                                    |
[2022-07-08 02:53:01,266] [trakt.py:490]              [INFO]     | Processing Trakt Chart: 100 Trending Shows                                                         |
[2022-07-08 02:53:02,245] [builder.py:1507]           [DEBUG]    |                                                                                                    |
[2022-07-08 02:53:02,246] [builder.py:1508]           [DEBUG]    | 100 IDs Found: [(305288, 'tvdb'), (382389, 'tvdb'), (328487, 'tvdb'), (399917, 'tvdb'), (355567, 'tvdb'), (353764, 'tvdb'), (368612, 'tvdb'), (296762, 'tvdb'), (393199, 'tvdb'), (356202, 'tvdb'), (80379, 'tvdb'), (273181, 'tvdb'), (92091, 'tvdb'), (402621, 'tvdb'), (399959, 'tvdb'), (367392, 'tvdb'), (121361, 'tvdb'), (414721, 'tvdb'), (296669, 'tvdb'), (328634, 'tvdb'), (363955, 'tvdb'), (196741, 'tvdb'), (270915, 'tvdb'), (79168, 'tvdb'), (266189, 'tvdb'), (329089, 'tvdb'), (350665, 'tvdb'), (258541, 'tvdb'), (95011, 'tvdb'), (73762, 'tvdb'), (78901, 'tvdb'), (75692, 'tvdb'), (333072, 'tvdb'), (75760, 'tvdb'), (71663, 'tvdb'), (73244, 'tvdb'), (304262, 'tvdb'), (366524, 'tvdb'), (364047, 'tvdb'), (298905, 'tvdb'), (363841, 'tvdb'), (283196, 'tvdb'), (77398, 'tvdb'), (328711, 'tvdb'), (409671, 'tvdb'), (153021, 'tvdb'), (247808, 'tvdb'), (75978, 'tvdb'), (79126, 'tvdb'), (295685, 'tvdb'), (83462, 'tvdb'), (75710, 'tvdb'), (72108, 'tvdb'), (368611, 'tvdb'), (341164, 'tvdb'), (73255, 'tvdb'), (78804, 'tvdb'), (75299, 'tvdb'), (290853, 'tvdb'), (73141, 'tvdb'), (311714, 'tvdb'), (371980, 'tvdb'), (349272, 'tvdb'), (82066, 'tvdb'), (279121, 'tvdb'), (269641, 'tvdb'), (375655, 'tvdb'), (79490, 'tvdb'), (403294, 'tvdb'), (378178, 'tvdb'), (73739, 'tvdb'), (260449, 'tvdb'), (264586, 'tvdb'), (72227, 'tvdb'), (76290, 'tvdb'), (72449, 'tvdb'), (349271, 'tvdb'), (337907, 'tvdb'), (366625, 'tvdb'), (368166, 'tvdb'), (328687, 'tvdb'), (349659, 'tvdb'), (73871, 'tvdb'), (75897, 'tvdb'), (268592, 'tvdb'), (84912, 'tvdb'), (277165, 'tvdb'), (248736, 'tvdb'), (321239, 'tvdb'), (74608, 'tvdb'), (194031, 'tvdb'), (73838, 'tvdb'), (72073, 'tvdb'), (313999, 'tvdb'), (76385, 'tvdb'), (311945, 'tvdb'), (328569, 'tvdb'), (295936, 'tvdb'), (407498, 'tvdb'), (402909, 'tvdb')] |
[2022-07-08 02:53:02,246] [builder.py:1509]           [DEBUG]    |                                                                                                    |
[2022-07-08 02:53:02,248] [builder.py:2218]           [INFO]     |                                                                                                    |
[2022-07-08 02:53:02,249] [builder.py:2219]           [INFO]     |============================ Missing Shows from Library: Trakt Trending ============================|
[2022-07-08 02:53:02,249] [builder.py:2220]           [INFO]     |                                                                                                    |
[2022-07-08 02:53:02,820] [builder.py:2232]           [INFO]     | Trakt Trending Collection | ? | Stranger Things (TVDb: 305288)                                     |
[2022-07-08 02:53:03,108] [builder.py:2232]           [INFO]     | Trakt Trending Collection | ? | Star Trek: Strange New Worlds (TVDb: 382389)                       |
[2022-07-08 02:53:03,341] [builder.py:2232]           [INFO]     | Trakt Trending Collection | ? | The Orville (TVDb: 328487)                                         |
[2022-07-08 02:53:03,686] [builder.py:2232]           [INFO]     | Trakt Trending Collection | ? | The Terminal List (TVDb: 399917)                                   |
[2022-07-08 02:53:04,019] [builder.py:2232]           [INFO]     | Trakt Trending Collection | ? | The Boys (TVDb: 355567)                                            |
[2022-07-08 02:53:04,330] [builder.py:2232]           [INFO]     | Trakt Trending Collection | ? | The Umbrella Academy (TVDb: 353764)                                |
[2022-07-08 02:53:04,336] [builder.py:2232]           [INFO]     | Trakt Trending Collection | ? | Ms. Marvel (TVDb: 368612)                                          |
[2022-07-08 02:53:04,678] [builder.py:2232]           [INFO]     | Trakt Trending Collection | ? | Westworld (TVDb: 296762)                                           |
[2022-07-08 02:53:04,986] [builder.py:2232]           [INFO]     | Trakt Trending Collection | ? | Obi-Wan Kenobi (TVDb: 393199)                                      |
[2022-07-08 02:53:05,211] [builder.py:2232]           [INFO]     | Trakt Trending Collection | ? | For All Mankind (TVDb: 356202)                                     |
[2022-07-08 02:53:05,464] [builder.py:2232]           [INFO]     | Trakt Trending Collection | ? | The Big Bang Theory (TVDb: 80379)                                  |
[2022-07-08 02:53:05,711] [builder.py:2232]           [INFO]     | Trakt Trending Collection | ? | Better Call Saul (TVDb: 273181)                                    |
[2022-07-08 02:53:06,170] [builder.py:2232]           [INFO]     | Trakt Trending Collection | ? | MasterChef Australia (TVDb: 92091)                                 |
[2022-07-08 02:53:06,408] [builder.py:2232]           [INFO]     | Trakt Trending Collection | ? | Moonhaven (TVDb: 402621)                                           |
[2022-07-08 02:53:06,886] [builder.py:2232]           [INFO]     | Trakt Trending Collection | ? | Only Murders in the Building (TVDb: 399959)                        |
[2022-07-08 02:53:07,341] [builder.py:2232]           [INFO]     | Trakt Trending Collection | ? | The Old Man (TVDb: 367392)                                         |
[2022-07-08 02:53:07,719] [builder.py:2232]           [INFO]     | Trakt Trending Collection | ? | Game of Thrones (TVDb: 121361)                                     |
[2022-07-08 02:53:07,986] [builder.py:2232]           [INFO]     | Trakt Trending Collection | ? | The Man Who Fell to Earth (TVDb: 414721)                           |
[2022-07-08 02:53:08,253] [builder.py:2232]           [INFO]     | Trakt Trending Collection | ? | Love Island (TVDb: 296669)                                         |
[2022-07-08 02:53:08,519] [builder.py:2232]           [INFO]     | Trakt Trending Collection | ? | The Good Doctor (TVDb: 328634)                                     |
[2022-07-08 02:53:09,058] [builder.py:2232]           [INFO]     | Trakt Trending Collection | ? | Evil (TVDb: 363955)                                                |
[2022-07-08 02:53:09,341] [builder.py:2232]           [INFO]     | Trakt Trending Collection | ? | The Real Housewives of Beverly Hills (TVDb: 196741)                |
[2022-07-08 02:53:09,653] [builder.py:2232]           [INFO]     | Trakt Trending Collection | ? | Peaky Blinders (TVDb: 270915)                                      |
[2022-07-08 02:53:09,886] [builder.py:2232]           [INFO]     | Trakt Trending Collection | ? | Friends (TVDb: 79168)                                              |
[2022-07-08 02:53:10,244] [builder.py:2232]           [INFO]     | Trakt Trending Collection | ? | The Blacklist (TVDb: 266189)                                       |
[2022-07-08 02:53:10,619] [builder.py:2232]           [INFO]     | Trakt Trending Collection | ? | Ozark (TVDb: 329089)                                               |
[2022-07-08 02:53:12,821] [builder.py:2232]           [INFO]     | Trakt Trending Collection | ? | The Rookie (TVDb: 350665)                                          |
[2022-07-08 02:53:15,054] [builder.py:2232]           [INFO]     | Trakt Trending Collection | ? | Chicago Fire (TVDb: 258541)                                        |
[2022-07-08 02:53:15,302] [builder.py:2232]           [INFO]     | Trakt Trending Collection | ? | Modern Family (TVDb: 95011)                                        |
[2022-07-08 02:53:15,602] [builder.py:2232]           [INFO]     | Trakt Trending Collection | ? | Grey's Anatomy (TVDb: 73762)                                       |
[2022-07-08 02:53:15,953] [builder.py:2232]           [INFO]     | Trakt Trending Collection | ? | Supernatural (TVDb: 78901)                                         |
[2022-07-08 02:53:16,286] [builder.py:2232]           [INFO]     | Trakt Trending Collection | ? | Law & Order: Special Victims Unit (TVDb: 75692)                    |
[2022-07-08 02:53:16,597] [builder.py:2232]           [INFO]     | Trakt Trending Collection | ? | Barry (TVDb: 333072)                                               |
[2022-07-08 02:53:17,177] [builder.py:2232]           [INFO]     | Trakt Trending Collection | ? | How I Met Your Mother (TVDb: 75760)                                |
[2022-07-08 02:53:17,594] [builder.py:2232]           [INFO]     | Trakt Trending Collection | ? | The Simpsons (TVDb: 71663)                                         |
[2022-07-08 02:53:17,994] [builder.py:2232]           [INFO]     | Trakt Trending Collection | ? | The Office (US) (TVDb: 73244)                                      |
[2022-07-08 02:53:18,344] [builder.py:2232]           [INFO]     | Trakt Trending Collection | ? | Animal Kingdom (2016) (TVDb: 304262)                               |
[2022-07-08 02:53:18,577] [builder.py:2232]           [INFO]     | Trakt Trending Collection | ? | Halo (TVDb: 366524)                                                |
[2022-07-08 02:53:18,897] [builder.py:2232]           [INFO]     | Trakt Trending Collection | ? | Motherland: Fort Salem (TVDb: 364047)                              |
[2022-07-08 02:53:19,277] [builder.py:2232]           [INFO]     | Trakt Trending Collection | ? | Taskmaster (TVDb: 298905)                                          |
[2022-07-08 02:53:19,643] [builder.py:2232]           [INFO]     | Trakt Trending Collection | ? | All Rise (TVDb: 363841)                                            |
[2022-07-08 02:53:21,436] [builder.py:2232]           [INFO]     | Trakt Trending Collection | ? | Married at First Sight (TVDb: 283196)                              |
[2022-07-08 02:53:21,775] [builder.py:2232]           [INFO]     | Trakt Trending Collection | ? | The X-Files (TVDb: 77398)                                          |
[2022-07-08 02:53:22,186] [builder.py:2232]           [INFO]     | Trakt Trending Collection | ? | Star Trek: Discovery (TVDb: 328711)                                |
[2022-07-08 02:53:22,552] [builder.py:2232]           [INFO]     | Trakt Trending Collection | ? | The Real Housewives Ultimate Girls Trip (TVDb: 409671)             |
[2022-07-08 02:53:22,830] [builder.py:2232]           [INFO]     | Trakt Trending Collection | ? | The Walking Dead (TVDb: 153021)                                    |
[2022-07-08 02:53:23,152] [builder.py:2232]           [INFO]     | Trakt Trending Collection | ? | Suits (TVDb: 247808)                                               |
[2022-07-08 02:53:23,686] [builder.py:2232]           [INFO]     | Trakt Trending Collection | ? | Family Guy (TVDb: 75978)                                           |
[2022-07-08 02:53:24,075] [builder.py:2232]           [INFO]     | Trakt Trending Collection | ? | The Wire (TVDb: 79126)                                             |
[2022-07-08 02:53:24,430] [builder.py:2232]           [INFO]     | Trakt Trending Collection | ? | Lucifer (TVDb: 295685)                                             |
[2022-07-08 02:53:24,801] [builder.py:2232]           [INFO]     | Trakt Trending Collection | ? | Castle (2009) (TVDb: 83462)                                        |
[2022-07-08 02:53:25,197] [builder.py:2232]           [INFO]     | Trakt Trending Collection | ? | Criminal Minds (TVDb: 75710)                                       |
[2022-07-08 02:53:25,564] [builder.py:2232]           [INFO]     | Trakt Trending Collection | ? | NCIS (TVDb: 72108)                                                 |
[2022-07-08 02:53:25,860] [builder.py:2232]           [INFO]     | Trakt Trending Collection | ? | Moon Knight (TVDb: 368611)                                         |
[2022-07-08 02:53:26,152] [builder.py:2232]           [INFO]     | Trakt Trending Collection | ? | Yellowstone (2018) (TVDb: 341164)                                  |
[2022-07-08 02:53:26,409] [builder.py:2232]           [INFO]     | Trakt Trending Collection | ? | House (TVDb: 73255)                                                |
[2022-07-08 02:53:26,743] [builder.py:2232]           [INFO]     | Trakt Trending Collection | ? | Doctor Who (2005) (TVDb: 78804)                                    |
[2022-07-08 02:53:27,009] [builder.py:2232]           [INFO]     | Trakt Trending Collection | ? | The Sopranos (TVDb: 75299)                                         |
[2022-07-08 02:53:27,343] [builder.py:2232]           [INFO]     | Trakt Trending Collection | ? | Fear the Walking Dead (TVDb: 290853)                               |
[2022-07-08 02:53:27,630] [builder.py:2232]           [INFO]     | Trakt Trending Collection | ? | American Dad! (TVDb: 73141)                                        |
[2022-07-08 02:53:29,977] [builder.py:2232]           [INFO]     | Trakt Trending Collection | ? | This Is Us (TVDb: 311714)                                          |
[2022-07-08 02:53:30,309] [builder.py:2232]           [INFO]     | Trakt Trending Collection | ? | Severance (TVDb: 371980)                                           |
[2022-07-08 02:53:30,642] [builder.py:2232]           [INFO]     | Trakt Trending Collection | ? | New Amsterdam (2018) (TVDb: 349272)                                |
[2022-07-08 02:53:30,919] [builder.py:2232]           [INFO]     | Trakt Trending Collection | ? | Fringe (TVDb: 82066)                                               |
[2022-07-08 02:53:31,197] [builder.py:2232]           [INFO]     | Trakt Trending Collection | ? | The Flash (2014) (TVDb: 279121)                                    |
[2022-07-08 02:53:31,463] [builder.py:2232]           [INFO]     | Trakt Trending Collection | ? | Chicago P.D. (TVDb: 269641)                                        |
[2022-07-08 02:53:31,742] [builder.py:2232]           [INFO]     | Trakt Trending Collection | ? | Superman & Lois (TVDb: 375655)                                     |
[2022-07-08 02:53:32,052] [builder.py:2232]           [INFO]     | Trakt Trending Collection | ? | America's Got Talent (TVDb: 79490)                                 |
[2022-07-08 02:53:32,408] [builder.py:2232]           [INFO]     | Trakt Trending Collection | ? | The Bear (TVDb: 403294)                                            |
[2022-07-08 02:53:32,926] [builder.py:2232]           [INFO]     | Trakt Trending Collection | ? | The Secret of Skinwalker Ranch (TVDb: 378178)                      |
[2022-07-08 02:53:33,242] [builder.py:2232]           [INFO]     | Trakt Trending Collection | ? | Lost (TVDb: 73739)                                                 |
[2022-07-08 02:53:33,541] [builder.py:2232]           [INFO]     | Trakt Trending Collection | ? | Vikings (TVDb: 260449)                                             |
[2022-07-08 02:53:33,819] [builder.py:2232]           [INFO]     | Trakt Trending Collection | ? | Orange Is the New Black (TVDb: 264586)                             |
[2022-07-08 02:53:34,184] [builder.py:2232]           [INFO]     | Trakt Trending Collection | ? | Two and a Half Men (TVDb: 72227)                                   |
[2022-07-08 02:53:34,500] [builder.py:2232]           [INFO]     | Trakt Trending Collection | ? | 24 (TVDb: 76290)                                                   |
[2022-07-08 02:53:36,476] [builder.py:2232]           [INFO]     | Trakt Trending Collection | ? | Stargate SG-1 (TVDb: 72449)                                        |
[2022-07-08 02:53:37,831] [builder.py:2232]           [INFO]     | Trakt Trending Collection | ? | Manifest (TVDb: 349271)                                            |
[2022-07-08 02:53:39,835] [builder.py:2232]           [INFO]     | Trakt Trending Collection | ? | 9-1-1 (TVDb: 337907)                                               |
[2022-07-08 02:53:40,208] [builder.py:2232]           [INFO]     | Trakt Trending Collection | ? | The Flight Attendant (TVDb: 366625)                                |
[2022-07-08 02:53:40,475] [builder.py:2232]           [INFO]     | Trakt Trending Collection | ? | Resident Alien (TVDb: 368166)                                      |
[2022-07-08 02:53:40,742] [builder.py:2232]           [INFO]     | Trakt Trending Collection | ? | S.W.A.T. (2017) (TVDb: 328687)                                     |
[2022-07-08 02:53:41,000] [builder.py:2232]           [INFO]     | Trakt Trending Collection | ? | Mayans M.C. (TVDb: 349659)                                         |
[2022-07-08 02:53:41,275] [builder.py:2232]           [INFO]     | Trakt Trending Collection | ? | Futurama (TVDb: 73871)                                             |
[2022-07-08 02:53:41,641] [builder.py:2232]           [INFO]     | Trakt Trending Collection | ? | South Park (TVDb: 75897)                                           |
[2022-07-08 02:53:41,908] [builder.py:2232]           [INFO]     | Trakt Trending Collection | ? | The 100 (TVDb: 268592)                                             |
[2022-07-08 02:53:42,275] [builder.py:2232]           [INFO]     | Trakt Trending Collection | ? | Parks and Recreation (TVDb: 84912)                                 |
[2022-07-08 02:53:42,608] [builder.py:2232]           [INFO]     | Trakt Trending Collection | ? | Silicon Valley (TVDb: 277165)                                      |
[2022-07-08 02:53:42,841] [builder.py:2232]           [INFO]     | Trakt Trending Collection | ? | Grimm (TVDb: 248736)                                               |
[2022-07-08 02:53:44,787] [builder.py:2232]           [INFO]     | Trakt Trending Collection | ? | The Handmaid's Tale (TVDb: 321239)                                 |
[2022-07-08 02:53:45,075] [builder.py:2232]           [INFO]     | Trakt Trending Collection | ? | Top Gear (TVDb: 74608)                                             |
[2022-07-08 02:53:45,516] [builder.py:2232]           [INFO]     | Trakt Trending Collection | ? | Bob's Burgers (TVDb: 194031)                                       |
[2022-07-08 02:53:47,576] [builder.py:2232]           [INFO]     | Trakt Trending Collection | ? | Malcolm in the Middle (TVDb: 73838)                                |
[2022-07-08 02:53:47,991] [builder.py:2232]           [INFO]     | Trakt Trending Collection | ? | Star Trek: Deep Space Nine (TVDb: 72073)                           |
[2022-07-08 02:53:48,433] [builder.py:2232]           [INFO]     | Trakt Trending Collection | ? | Atlanta (TVDb: 313999)                                             |
[2022-07-08 02:53:50,334] [builder.py:2232]           [INFO]     | Trakt Trending Collection | ? | Married... with Children (TVDb: 76385)                             |
[2022-07-08 02:53:52,609] [builder.py:2232]           [INFO]     | Trakt Trending Collection | ? | Bull (2016) (TVDb: 311945)                                         |
[2022-07-08 02:53:54,399] [builder.py:2232]           [INFO]     | Trakt Trending Collection | ? | The Resident (TVDb: 328569)                                        |
[2022-07-08 02:53:54,686] [builder.py:2232]           [INFO]     | Trakt Trending Collection | ? | Alone (TVDb: 295936)                                               |
[2022-07-08 02:53:55,007] [builder.py:2232]           [INFO]     | Trakt Trending Collection | ? | Sherwood (2022) (TVDb: 407498)                                     |
[2022-07-08 02:53:55,308] [builder.py:2232]           [INFO]     | Trakt Trending Collection | ? | Maggie (TVDb: 402909)                                              |
[2022-07-08 02:53:55,308] [builder.py:2237]           [INFO]     |                                                                                                    |
[2022-07-08 02:53:55,309] [builder.py:2238]           [INFO]     | 100 Shows Missing                                                                                  |
[2022-07-08 02:53:55,309] [plex_meta_manager.py:593]  [INFO]     |                                                                                                    |
[2022-07-08 02:53:55,309] [plex_meta_manager.py:594]  [INFO]     | Collection Minimum: 3 not met for Trakt Trending Collection                                        |
[2022-07-08 02:53:55,310] [plex_meta_manager.py:674]  [INFO]     |                                                                                                    |
[2022-07-08 02:53:55,310] [plex_meta_manager.py:675]  [INFO]     |====================================================================================================|
[2022-07-08 02:53:55,310] [plex_meta_manager.py:675]  [INFO]     |                                 Finished Trakt Trending Collection                                 |
[2022-07-08 02:53:55,311] [plex_meta_manager.py:675]  [INFO]     |                                    Collection Run Time: 0:00:55                                    |
[2022-07-08 02:53:55,311] [plex_meta_manager.py:675]  [INFO]     |====================================================================================================|
