[2022-07-08 03:16:45,269] [builder.py:185]            [INFO]     |====================================================================================================|
[2022-07-08 03:16:45,270] [builder.py:185]            [INFO]     |                            Network Collections Collection in ..Cartoons                            |
[2022-07-08 03:16:45,270] [builder.py:185]            [INFO]     |====================================================================================================|
[2022-07-08 03:16:45,270] [builder.py:186]            [INFO]     |                                                                                                    |
[2022-07-08 03:16:45,271] [builder.py:191]            [INFO]     |============================ Validating Network Collections Attributes =============================|
[2022-07-08 03:16:45,271] [builder.py:212]            [DEBUG]    |                                                                                                    |
[2022-07-08 03:16:45,271] [builder.py:213]            [DEBUG]    | Validating Method: template                                                                        |
[2022-07-08 03:16:45,272] [meta.py:103]               [DEBUG]    | Value: [ordereddict([('name', 'separator'), ('separator', 'network')])]                            |
[2022-07-08 03:16:45,274] [builder.py:430]            [DEBUG]    |                                                                                                    |
[2022-07-08 03:16:45,274] [builder.py:431]            [DEBUG]    | Validating Method: blank_collection                                                                |
[2022-07-08 03:16:45,274] [builder.py:432]            [DEBUG]    | Value: True                                                                                        |
[2022-07-08 03:16:45,275] [builder.py:600]            [DEBUG]    |                                                                                                    |
[2022-07-08 03:16:45,275] [builder.py:604]            [DEBUG]    | Validating Method: sort_title                                                                      |
[2022-07-08 03:16:45,275] [builder.py:605]            [DEBUG]    | Value: !04_!Network Collections                                                                    |
[2022-07-08 03:16:45,276] [builder.py:600]            [DEBUG]    |                                                                                                    |
[2022-07-08 03:16:45,276] [builder.py:604]            [DEBUG]    | Validating Method: url_poster                                                                      |
[2022-07-08 03:16:45,276] [builder.py:605]            [DEBUG]    | Value: https://raw.githubusercontent.com/meisnate12/Plex-Meta-Manager-Images/master/separators/network.jpg |
[2022-07-08 03:16:45,632] [builder.py:764]            [INFO]     |                                                                                                    |
[2022-07-08 03:16:45,633] [builder.py:765]            [INFO]     | Validation Successful                                                                              |
[2022-07-08 03:16:45,634] [plex_meta_manager.py:539]  [INFO]     |                                                                                                    |
[2022-07-08 03:16:45,635] [plex_meta_manager.py:541]  [INFO]     |============================== Running Network Collections Collection ==============================|
[2022-07-08 03:16:45,657] [builder.py:2383]           [INFO]     |                                                                                                    |
[2022-07-08 03:16:45,658] [builder.py:2384]           [INFO]     |======================== Updating Details of Network Collections Collection ========================|
[2022-07-08 03:16:45,658] [builder.py:2385]           [INFO]     |                                                                                                    |
[2022-07-08 03:16:45,659] [builder.py:2446]           [INFO]     | Collection Metadata Edits                                                                          |
[2022-07-08 03:16:45,659] [util.py:150]               [DEBUG]    | 1 poster found:                                                                                    |
[2022-07-08 03:16:45,660] [util.py:152]               [DEBUG]    | Method: url_poster Poster: https://raw.githubusercontent.com/meisnate12/Plex-Meta-Manager-Images/master/separators/network.jpg |
[2022-07-08 03:16:45,662] [library.py:155]            [INFO]     | Detail: poster update not needed                                                                   |
[2022-07-08 03:16:45,677] [plex_meta_manager.py:674]  [INFO]     |                                                                                                    |
[2022-07-08 03:16:45,677] [plex_meta_manager.py:675]  [INFO]     |====================================================================================================|
[2022-07-08 03:16:45,678] [plex_meta_manager.py:675]  [INFO]     |                              Finished Network Collections Collection                               |
[2022-07-08 03:16:45,678] [plex_meta_manager.py:675]  [INFO]     |                                    Collection Run Time: 0:00:00                                    |
[2022-07-08 03:16:45,678] [plex_meta_manager.py:675]  [INFO]     |====================================================================================================|
