[2022-07-08 02:59:27,733] [builder.py:185]            [INFO]     |====================================================================================================|
[2022-07-08 02:59:27,734] [builder.py:185]            [INFO]     |                           Country Collections Collection in ....TV Shows                           |
[2022-07-08 02:59:27,735] [builder.py:185]            [INFO]     |====================================================================================================|
[2022-07-08 02:59:27,735] [builder.py:186]            [INFO]     |                                                                                                    |
[2022-07-08 02:59:27,735] [builder.py:191]            [INFO]     |============================ Validating Country Collections Attributes =============================|
[2022-07-08 02:59:27,736] [builder.py:212]            [DEBUG]    |                                                                                                    |
[2022-07-08 02:59:27,736] [builder.py:213]            [DEBUG]    | Validating Method: template                                                                        |
[2022-07-08 02:59:27,736] [meta.py:103]               [DEBUG]    | Value: [ordereddict([('name', 'separator'), ('separator', 'country')])]                            |
[2022-07-08 02:59:27,738] [builder.py:430]            [DEBUG]    |                                                                                                    |
[2022-07-08 02:59:27,739] [builder.py:431]            [DEBUG]    | Validating Method: blank_collection                                                                |
[2022-07-08 02:59:27,739] [builder.py:432]            [DEBUG]    | Value: True                                                                                        |
[2022-07-08 02:59:27,739] [builder.py:600]            [DEBUG]    |                                                                                                    |
[2022-07-08 02:59:27,740] [builder.py:604]            [DEBUG]    | Validating Method: sort_title                                                                      |
[2022-07-08 02:59:27,740] [builder.py:605]            [DEBUG]    | Value: !09_!Country Collections                                                                    |
[2022-07-08 02:59:27,740] [builder.py:600]            [DEBUG]    |                                                                                                    |
[2022-07-08 02:59:27,741] [builder.py:604]            [DEBUG]    | Validating Method: url_poster                                                                      |
[2022-07-08 02:59:27,741] [builder.py:605]            [DEBUG]    | Value: https://raw.githubusercontent.com/meisnate12/Plex-Meta-Manager-Images/master/separators/country.jpg |
[2022-07-08 02:59:28,805] [builder.py:764]            [INFO]     |                                                                                                    |
[2022-07-08 02:59:28,806] [builder.py:765]            [INFO]     | Validation Successful                                                                              |
[2022-07-08 02:59:28,806] [plex_meta_manager.py:539]  [INFO]     |                                                                                                    |
[2022-07-08 02:59:28,806] [plex_meta_manager.py:541]  [INFO]     |============================== Running Country Collections Collection ==============================|
[2022-07-08 02:59:28,824] [builder.py:2383]           [INFO]     |                                                                                                    |
[2022-07-08 02:59:28,825] [builder.py:2384]           [INFO]     |======================== Updating Details of Country Collections Collection ========================|
[2022-07-08 02:59:28,825] [builder.py:2385]           [INFO]     |                                                                                                    |
[2022-07-08 02:59:28,826] [builder.py:2446]           [INFO]     | Collection Metadata Edits                                                                          |
[2022-07-08 02:59:28,826] [util.py:150]               [DEBUG]    | 1 poster found:                                                                                    |
[2022-07-08 02:59:28,826] [util.py:152]               [DEBUG]    | Method: url_poster Poster: https://raw.githubusercontent.com/meisnate12/Plex-Meta-Manager-Images/master/separators/country.jpg |
[2022-07-08 02:59:28,904] [library.py:155]            [INFO]     | Detail: poster update not needed                                                                   |
[2022-07-08 02:59:28,917] [plex_meta_manager.py:674]  [INFO]     |                                                                                                    |
[2022-07-08 02:59:28,918] [plex_meta_manager.py:675]  [INFO]     |====================================================================================================|
[2022-07-08 02:59:28,918] [plex_meta_manager.py:675]  [INFO]     |                              Finished Country Collections Collection                               |
[2022-07-08 02:59:28,919] [plex_meta_manager.py:675]  [INFO]     |                                    Collection Run Time: 0:00:01                                    |
[2022-07-08 02:59:28,919] [plex_meta_manager.py:675]  [INFO]     |====================================================================================================|
