[2022-07-08 01:47:15,797] [builder.py:185]            [INFO]     |====================================================================================================|
[2022-07-08 01:47:15,799] [builder.py:185]            [INFO]     |                                  New Zealand Collection in Movies                                  |
[2022-07-08 01:47:15,799] [builder.py:185]            [INFO]     |====================================================================================================|
[2022-07-08 01:47:15,799] [builder.py:186]            [INFO]     |                                                                                                    |
[2022-07-08 01:47:15,800] [builder.py:191]            [INFO]     |================================ Validating New Zealand Attributes =================================|
[2022-07-08 01:47:15,800] [builder.py:212]            [DEBUG]    |                                                                                                    |
[2022-07-08 01:47:15,800] [builder.py:213]            [DEBUG]    | Validating Method: template                                                                        |
[2022-07-08 01:47:15,801] [meta.py:103]               [DEBUG]    | Value: [{'value': ['New Zealand'], 'country': ['New Zealand'], 'key_name': 'New Zealand', 'key': 'New Zealand', 'name': 'country_dynamic'}, {'value': ['New Zealand'], 'country': ['New Zealand'], 'key_name': 'New Zealand', 'key': 'New Zealand', 'name': 'shared'}] |
[2022-07-08 01:47:15,803] [builder.py:1675]           [INFO]     |                                                                                                    |
[2022-07-08 01:47:15,803] [builder.py:1676]           [INFO]     | Validating Method: smart_filter                                                                    |
[2022-07-08 01:47:15,803] [builder.py:1682]           [DEBUG]    | Value: {'sort_by': 'release.desc', 'any': {'country': ['New Zealand']}}                            |
[2022-07-08 01:47:15,846] [builder.py:600]            [DEBUG]    |                                                                                                    |
[2022-07-08 01:47:15,846] [builder.py:604]            [DEBUG]    | Validating Method: label                                                                           |
[2022-07-08 01:47:15,846] [builder.py:605]            [DEBUG]    | Value: Country Color                                                                               |
[2022-07-08 01:47:15,847] [builder.py:600]            [DEBUG]    |                                                                                                    |
[2022-07-08 01:47:15,847] [builder.py:604]            [DEBUG]    | Validating Method: url_poster                                                                      |
[2022-07-08 01:47:15,847] [builder.py:605]            [DEBUG]    | Value: https://raw.githubusercontent.com/meisnate12/Plex-Meta-Manager-Images/master/country/white/New%20Zealand.jpg |
[2022-07-08 01:47:16,172] [builder.py:600]            [DEBUG]    |                                                                                                    |
[2022-07-08 01:47:16,172] [builder.py:604]            [DEBUG]    | Validating Method: sort_title                                                                      |
[2022-07-08 01:47:16,172] [builder.py:605]            [DEBUG]    | Value: !09_New Zealand                                                                             |
[2022-07-08 01:47:16,306] [builder.py:764]            [INFO]     |                                                                                                    |
[2022-07-08 01:47:16,307] [builder.py:765]            [INFO]     | Validation Successful                                                                              |
[2022-07-08 01:47:16,307] [plex_meta_manager.py:539]  [INFO]     |                                                                                                    |
[2022-07-08 01:47:16,307] [plex_meta_manager.py:541]  [INFO]     |================================== Running New Zealand Collection ==================================|
[2022-07-08 01:47:16,308] [plex_meta_manager.py:547]  [INFO]     |                                                                                                    |
[2022-07-08 01:47:16,308] [plex_meta_manager.py:548]  [INFO]     | Smart Movie Filter                                                                                 |
                                                                 | Sort By: release.desc
                                                                 | Filter:
                                                                 |   Match any of the following:
                                                                 |     Country is New Zealand
[2022-07-08 01:47:16,444] [builder.py:2383]           [INFO]     | 
[2022-07-08 01:47:16,445] [builder.py:2384]           [INFO]     |============================ Updating Details of New Zealand Collection ============================|
[2022-07-08 01:47:16,445] [builder.py:2385]           [INFO]     |                                                                                                    |
[2022-07-08 01:47:16,468] [builder.py:2446]           [INFO]     | Collection Metadata Edits                                                                          |
[2022-07-08 01:47:16,469] [util.py:150]               [DEBUG]    | 1 poster found:                                                                                    |
[2022-07-08 01:47:16,469] [util.py:152]               [DEBUG]    | Method: url_poster Poster: https://raw.githubusercontent.com/meisnate12/Plex-Meta-Manager-Images/master/country/white/New%20Zealand.jpg |
[2022-07-08 01:47:16,472] [library.py:155]            [INFO]     | Detail: poster update not needed                                                                   |
[2022-07-08 01:47:16,590] [plex_meta_manager.py:674]  [INFO]     |                                                                                                    |
[2022-07-08 01:47:16,590] [plex_meta_manager.py:675]  [INFO]     |====================================================================================================|
[2022-07-08 01:47:16,590] [plex_meta_manager.py:675]  [INFO]     |                                  Finished New Zealand Collection                                   |
[2022-07-08 01:47:16,591] [plex_meta_manager.py:675]  [INFO]     |                                    Collection Run Time: 0:00:00                                    |
[2022-07-08 01:47:16,591] [plex_meta_manager.py:675]  [INFO]     |====================================================================================================|
