[2022-06-10 21:31:25,347] [builder.py:185]            [INFO]     |====================================================================================================|
[2022-06-10 21:31:25,348] [builder.py:185]            [INFO]     |                      Audio Language Collections Collection in .Documentaries                       |
[2022-06-10 21:31:25,348] [builder.py:185]            [INFO]     |====================================================================================================|
[2022-06-10 21:31:25,349] [builder.py:186]            [INFO]     |                                                                                                    |
[2022-06-10 21:31:25,350] [builder.py:191]            [INFO]     |========================= Validating Audio Language Collections Attributes =========================|
[2022-06-10 21:31:25,350] [builder.py:212]            [DEBUG]    |                                                                                                    |
[2022-06-10 21:31:25,351] [builder.py:213]            [DEBUG]    | Validating Method: template                                                                        |
[2022-06-10 21:31:25,352] [meta.py:103]               [DEBUG]    | Value: [ordereddict([('name', 'separator'), ('separator', 'audio_language')])]                     |
[2022-06-10 21:31:25,354] [builder.py:430]            [DEBUG]    |                                                                                                    |
[2022-06-10 21:31:25,355] [builder.py:431]            [DEBUG]    | Validating Method: blank_collection                                                                |
[2022-06-10 21:31:25,356] [builder.py:432]            [DEBUG]    | Value: True                                                                                        |
[2022-06-10 21:31:25,356] [builder.py:600]            [DEBUG]    |                                                                                                    |
[2022-06-10 21:31:25,357] [builder.py:604]            [DEBUG]    | Validating Method: sort_title                                                                      |
[2022-06-10 21:31:25,357] [builder.py:605]            [DEBUG]    | Value: !10_!Audio Language Collections                                                             |
[2022-06-10 21:31:25,358] [builder.py:600]            [DEBUG]    |                                                                                                    |
[2022-06-10 21:31:25,358] [builder.py:604]            [DEBUG]    | Validating Method: url_poster                                                                      |
[2022-06-10 21:31:25,359] [builder.py:605]            [DEBUG]    | Value: https://raw.githubusercontent.com/meisnate12/Plex-Meta-Manager-Images/master/separators/audio_language.jpg |
[2022-06-10 21:31:25,684] [plex.py:742]               [DEBUG]    |                                                                                                    |
[2022-06-10 21:31:25,685] [plex.py:745]               [DEBUG]    | Looking for: Audio Language Collections                                                            |
[2022-06-10 21:31:25,685] [builder.py:764]            [INFO]     |                                                                                                    |
[2022-06-10 21:31:25,686] [builder.py:765]            [INFO]     | Validation Successful                                                                              |
[2022-06-10 21:31:25,686] [plex_meta_manager.py:539]  [INFO]     |                                                                                                    |
[2022-06-10 21:31:25,687] [plex_meta_manager.py:541]  [INFO]     |========================== Running Audio Language Collections Collection ===========================|
[2022-06-10 21:31:26,079] [builder.py:2383]           [INFO]     |                                                                                                    |
[2022-06-10 21:31:26,080] [builder.py:2384]           [INFO]     |==================== Updating Details of Audio Language Collections Collection =====================|
[2022-06-10 21:31:26,081] [builder.py:2385]           [INFO]     |                                                                                                    |
[2022-06-10 21:31:26,081] [builder.py:2446]           [INFO]     | Collection Metadata Edits                                                                          |
                                                                 | Sort Title | !10_!Audio Language Collections
[2022-06-10 21:31:26,371] [builder.py:2450]           [INFO]     | Details: have been updated
[2022-06-10 21:31:26,371] [builder.py:2454]           [INFO]     | 
[2022-06-10 21:31:26,372] [util.py:150]               [DEBUG]    | 1 poster found:
[2022-06-10 21:31:26,372] [util.py:152]               [DEBUG]    | Method: url_poster Poster: https://raw.githubusercontent.com/meisnate12/Plex-Meta-Manager-Images/master/separators/audio_language.jpg
[2022-06-10 21:31:26,548] [library.py:153]            [INFO]     | Detail: url_poster updated poster to [URL] https://raw.githubusercontent.com/meisnate12/Plex-Meta-Manager-Images/master/separators/audio_language.jpg
[2022-06-10 21:31:27,667] [plex_meta_manager.py:674]  [INFO]     | 
[2022-06-10 21:31:27,668] [plex_meta_manager.py:675]  [INFO]     |====================================================================================================|
[2022-06-10 21:31:27,668] [plex_meta_manager.py:675]  [INFO]     |                           Finished Audio Language Collections Collection                           |
[2022-06-10 21:31:27,669] [plex_meta_manager.py:675]  [INFO]     |                                    Collection Run Time: 0:00:02                                    |
[2022-06-10 21:31:27,669] [plex_meta_manager.py:675]  [INFO]     |====================================================================================================|
