[2022-07-08 01:47:17,933] [builder.py:185]            [INFO]     |====================================================================================================|
[2022-07-08 01:47:17,934] [builder.py:185]            [INFO]     |                                     Spain Collection in Movies                                     |
[2022-07-08 01:47:17,935] [builder.py:185]            [INFO]     |====================================================================================================|
[2022-07-08 01:47:17,935] [builder.py:186]            [INFO]     |                                                                                                    |
[2022-07-08 01:47:17,936] [builder.py:191]            [INFO]     |=================================== Validating Spain Attributes ====================================|
[2022-07-08 01:47:17,936] [builder.py:212]            [DEBUG]    |                                                                                                    |
[2022-07-08 01:47:17,936] [builder.py:213]            [DEBUG]    | Validating Method: template                                                                        |
[2022-07-08 01:47:17,937] [meta.py:103]               [DEBUG]    | Value: [{'value': ['Spain'], 'country': ['Spain'], 'key_name': 'Spain', 'key': 'Spain', 'name': 'country_dynamic'}, {'value': ['Spain'], 'country': ['Spain'], 'key_name': 'Spain', 'key': 'Spain', 'name': 'shared'}] |
[2022-07-08 01:47:17,939] [builder.py:1675]           [INFO]     |                                                                                                    |
[2022-07-08 01:47:17,939] [builder.py:1676]           [INFO]     | Validating Method: smart_filter                                                                    |
[2022-07-08 01:47:17,940] [builder.py:1682]           [DEBUG]    | Value: {'sort_by': 'release.desc', 'any': {'country': ['Spain']}}                                  |
[2022-07-08 01:47:17,985] [builder.py:600]            [DEBUG]    |                                                                                                    |
[2022-07-08 01:47:17,986] [builder.py:604]            [DEBUG]    | Validating Method: label                                                                           |
[2022-07-08 01:47:17,986] [builder.py:605]            [DEBUG]    | Value: Country Color                                                                               |
[2022-07-08 01:47:17,987] [builder.py:600]            [DEBUG]    |                                                                                                    |
[2022-07-08 01:47:17,987] [builder.py:604]            [DEBUG]    | Validating Method: url_poster                                                                      |
[2022-07-08 01:47:17,988] [builder.py:605]            [DEBUG]    | Value: https://raw.githubusercontent.com/meisnate12/Plex-Meta-Manager-Images/master/country/white/Spain.jpg |
[2022-07-08 01:47:18,308] [builder.py:600]            [DEBUG]    |                                                                                                    |
[2022-07-08 01:47:18,308] [builder.py:604]            [DEBUG]    | Validating Method: sort_title                                                                      |
[2022-07-08 01:47:18,309] [builder.py:605]            [DEBUG]    | Value: !09_Spain                                                                                   |
[2022-07-08 01:47:18,464] [builder.py:764]            [INFO]     |                                                                                                    |
[2022-07-08 01:47:18,465] [builder.py:765]            [INFO]     | Validation Successful                                                                              |
[2022-07-08 01:47:18,465] [plex_meta_manager.py:539]  [INFO]     |                                                                                                    |
[2022-07-08 01:47:18,465] [plex_meta_manager.py:541]  [INFO]     |===================================== Running Spain Collection =====================================|
[2022-07-08 01:47:18,466] [plex_meta_manager.py:547]  [INFO]     |                                                                                                    |
[2022-07-08 01:47:18,466] [plex_meta_manager.py:548]  [INFO]     | Smart Movie Filter                                                                                 |
                                                                 | Sort By: release.desc
                                                                 | Filter:
                                                                 |   Match any of the following:
                                                                 |     Country is Spain
[2022-07-08 01:47:18,619] [builder.py:2383]           [INFO]     | 
[2022-07-08 01:47:18,619] [builder.py:2384]           [INFO]     |=============================== Updating Details of Spain Collection ===============================|
[2022-07-08 01:47:18,620] [builder.py:2385]           [INFO]     |                                                                                                    |
[2022-07-08 01:47:18,642] [builder.py:2446]           [INFO]     | Collection Metadata Edits                                                                          |
[2022-07-08 01:47:18,642] [util.py:150]               [DEBUG]    | 1 poster found:                                                                                    |
[2022-07-08 01:47:18,642] [util.py:152]               [DEBUG]    | Method: url_poster Poster: https://raw.githubusercontent.com/meisnate12/Plex-Meta-Manager-Images/master/country/white/Spain.jpg |
[2022-07-08 01:47:18,645] [library.py:155]            [INFO]     | Detail: poster update not needed                                                                   |
[2022-07-08 01:47:18,783] [plex_meta_manager.py:674]  [INFO]     |                                                                                                    |
[2022-07-08 01:47:18,783] [plex_meta_manager.py:675]  [INFO]     |====================================================================================================|
[2022-07-08 01:47:18,784] [plex_meta_manager.py:675]  [INFO]     |                                     Finished Spain Collection                                      |
[2022-07-08 01:47:18,784] [plex_meta_manager.py:675]  [INFO]     |                                    Collection Run Time: 0:00:00                                    |
[2022-07-08 01:47:18,784] [plex_meta_manager.py:675]  [INFO]     |====================================================================================================|
