[2022-07-08 03:04:25,102] [builder.py:185]            [INFO]     |====================================================================================================|
[2022-07-08 03:04:25,103] [builder.py:185]            [INFO]     |                           Decade Collections Collection in ....TV Shows                            |
[2022-07-08 03:04:25,104] [builder.py:185]            [INFO]     |====================================================================================================|
[2022-07-08 03:04:25,104] [builder.py:186]            [INFO]     |                                                                                                    |
[2022-07-08 03:04:25,104] [builder.py:191]            [INFO]     |============================= Validating Decade Collections Attributes =============================|
[2022-07-08 03:04:25,105] [builder.py:212]            [DEBUG]    |                                                                                                    |
[2022-07-08 03:04:25,105] [builder.py:213]            [DEBUG]    | Validating Method: template                                                                        |
[2022-07-08 03:04:25,105] [meta.py:103]               [DEBUG]    | Value: [ordereddict([('name', 'separator'), ('separator', 'decade')])]                             |
[2022-07-08 03:04:25,107] [builder.py:430]            [DEBUG]    |                                                                                                    |
[2022-07-08 03:04:25,107] [builder.py:431]            [DEBUG]    | Validating Method: blank_collection                                                                |
[2022-07-08 03:04:25,108] [builder.py:432]            [DEBUG]    | Value: True                                                                                        |
[2022-07-08 03:04:25,108] [builder.py:600]            [DEBUG]    |                                                                                                    |
[2022-07-08 03:04:25,108] [builder.py:604]            [DEBUG]    | Validating Method: sort_title                                                                      |
[2022-07-08 03:04:25,109] [builder.py:605]            [DEBUG]    | Value: !12_!Decade Collections                                                                     |
[2022-07-08 03:04:25,109] [builder.py:600]            [DEBUG]    |                                                                                                    |
[2022-07-08 03:04:25,109] [builder.py:604]            [DEBUG]    | Validating Method: url_poster                                                                      |
[2022-07-08 03:04:25,109] [builder.py:605]            [DEBUG]    | Value: https://raw.githubusercontent.com/meisnate12/Plex-Meta-Manager-Images/master/separators/decade.jpg |
[2022-07-08 03:04:26,145] [builder.py:764]            [INFO]     |                                                                                                    |
[2022-07-08 03:04:26,146] [builder.py:765]            [INFO]     | Validation Successful                                                                              |
[2022-07-08 03:04:26,146] [plex_meta_manager.py:539]  [INFO]     |                                                                                                    |
[2022-07-08 03:04:26,147] [plex_meta_manager.py:541]  [INFO]     |============================== Running Decade Collections Collection ===============================|
[2022-07-08 03:04:26,165] [builder.py:2383]           [INFO]     |                                                                                                    |
[2022-07-08 03:04:26,166] [builder.py:2384]           [INFO]     |======================== Updating Details of Decade Collections Collection =========================|
[2022-07-08 03:04:26,166] [builder.py:2385]           [INFO]     |                                                                                                    |
[2022-07-08 03:04:26,167] [builder.py:2446]           [INFO]     | Collection Metadata Edits                                                                          |
[2022-07-08 03:04:26,167] [util.py:150]               [DEBUG]    | 1 poster found:                                                                                    |
[2022-07-08 03:04:26,167] [util.py:152]               [DEBUG]    | Method: url_poster Poster: https://raw.githubusercontent.com/meisnate12/Plex-Meta-Manager-Images/master/separators/decade.jpg |
[2022-07-08 03:04:26,170] [library.py:155]            [INFO]     | Detail: poster update not needed                                                                   |
[2022-07-08 03:04:26,184] [plex_meta_manager.py:674]  [INFO]     |                                                                                                    |
[2022-07-08 03:04:26,184] [plex_meta_manager.py:675]  [INFO]     |====================================================================================================|
[2022-07-08 03:04:26,185] [plex_meta_manager.py:675]  [INFO]     |                               Finished Decade Collections Collection                               |
[2022-07-08 03:04:26,185] [plex_meta_manager.py:675]  [INFO]     |                                    Collection Run Time: 0:00:01                                    |
[2022-07-08 03:04:26,185] [plex_meta_manager.py:675]  [INFO]     |====================================================================================================|
