[2022-07-08 03:29:08,874] [builder.py:185]            [INFO]     |====================================================================================================|
[2022-07-08 03:29:08,875] [builder.py:185]            [INFO]     |                                     豆瓣 Top250 电影和连续剧 Playlist                                      |
[2022-07-08 03:29:08,875] [builder.py:185]            [INFO]     |====================================================================================================|
[2022-07-08 03:29:08,876] [builder.py:186]            [INFO]     |                                                                                                    |
[2022-07-08 03:29:08,876] [builder.py:191]            [INFO]     |============================== Validating 豆瓣 Top250 电影和连续剧 Attributes ==============================|
[2022-07-08 03:29:08,877] [builder.py:212]            [DEBUG]    |                                                                                                    |
[2022-07-08 03:29:08,877] [builder.py:213]            [DEBUG]    | Validating Method: template                                                                        |
[2022-07-08 03:29:08,878] [meta.py:103]               [DEBUG]    | Value: [ordereddict([('name', 'playlist')])]                                                       |
[2022-07-08 03:29:08,879] [builder.py:259]            [DEBUG]    |                                                                                                    |
[2022-07-08 03:29:08,879] [builder.py:260]            [DEBUG]    | Validating Method: libraries                                                                       |
[2022-07-08 03:29:08,880] [builder.py:263]            [DEBUG]    | Value: Movies, 亚洲电影                                                                                |
[2022-07-08 03:29:08,880] [builder.py:272]            [DEBUG]    |                                                                                                    |
[2022-07-08 03:29:08,880] [builder.py:273]            [DEBUG]    | Validating Method: sync_to_users                                                                   |
[2022-07-08 03:29:08,881] [builder.py:274]            [DEBUG]    | Value: all                                                                                         |
[2022-07-08 03:29:08,881] [builder.py:437]            [DEBUG]    |                                                                                                    |
[2022-07-08 03:29:08,882] [builder.py:438]            [DEBUG]    | Validating Method: sync_mode                                                                       |
[2022-07-08 03:29:08,882] [builder.py:442]            [DEBUG]    | Value: sync                                                                                        |
[2022-07-08 03:29:08,882] [builder.py:600]            [DEBUG]    |                                                                                                    |
[2022-07-08 03:29:08,883] [builder.py:604]            [DEBUG]    | Validating Method: trakt_list                                                                      |
[2022-07-08 03:29:08,883] [builder.py:605]            [DEBUG]    | Value: https://trakt.tv/users/bpsim/lists/douban-movies-top-250-c-drama                            |
[2022-07-08 03:29:09,184] [builder.py:600]            [DEBUG]    |                                                                                                    |
[2022-07-08 03:29:09,185] [builder.py:604]            [DEBUG]    | Validating Method: summary                                                                         |
[2022-07-08 03:29:09,185] [builder.py:605]            [DEBUG]    | Value: trakt创建.                                                                                    |
[2022-07-08 03:29:09,186] [builder.py:600]            [DEBUG]    |                                                                                                    |
[2022-07-08 03:29:09,186] [builder.py:604]            [DEBUG]    | Validating Method: cache_builders                                                                  |
[2022-07-08 03:29:09,187] [builder.py:605]            [DEBUG]    | Value: 1                                                                                           |
[2022-07-08 03:29:09,187] [builder.py:600]            [DEBUG]    |                                                                                                    |
[2022-07-08 03:29:09,187] [builder.py:604]            [DEBUG]    | Validating Method: url_poster                                                                      |
[2022-07-08 03:29:09,188] [builder.py:605]            [DEBUG]    | Value: https://raw.githubusercontent.com/meisnate12/Plex-Meta-Manager-Images/master/playlist/%E8%B1%86%E7%93%A3%20Top250%20%E7%94%B5%E5%BD%B1%E5%92%8C%E8%BF%9E%E7%BB%AD%E5%89%A7.jpg |
[2022-07-08 03:29:09,504] [builder.py:791]            [WARNING]  | Playlist Warning: No Poster Found at https://raw.githubusercontent.com/meisnate12/Plex-Meta-Manager-Images/master/playlist/%E8%B1%86%E7%93%A3%20Top250%20%E7%94%B5%E5%BD%B1%E5%92%8C%E8%BF%9E%E7%BB%AD%E5%89%A7.jpg |
[2022-07-08 03:29:11,537] [builder.py:764]            [INFO]     |                                                                                                    |
[2022-07-08 03:29:11,538] [builder.py:765]            [INFO]     | Validation Successful                                                                              |
[2022-07-08 03:29:11,538] [plex_meta_manager.py:713]  [INFO]     |                                                                                                    |
[2022-07-08 03:29:11,539] [plex_meta_manager.py:715]  [INFO]     |================================ Running 豆瓣 Top250 电影和连续剧 Playlist =================================|
[2022-07-08 03:29:11,539] [plex_meta_manager.py:723]  [INFO]     |                                                                                                    |
[2022-07-08 03:29:11,540] [plex_meta_manager.py:724]  [INFO]     | Sync Mode: sync                                                                                    |
[2022-07-08 03:29:11,540] [plex_meta_manager.py:727]  [DEBUG]    |                                                                                                    |
[2022-07-08 03:29:11,540] [plex_meta_manager.py:728]  [DEBUG]    | Builder: trakt_list: https://trakt.tv/users/bpsim/lists/douban-movies-top-250-c-drama              |
[2022-07-08 03:29:11,541] [plex_meta_manager.py:729]  [INFO]     |                                                                                                    |
[2022-07-08 03:29:11,543] [trakt.py:482]              [INFO]     | Processing Trakt List: https://trakt.tv/users/bpsim/lists/douban-movies-top-250-c-drama            |
[2022-07-08 03:29:12,695] [builder.py:1507]           [DEBUG]    |                                                                                                    |
[2022-07-08 03:29:12,696] [builder.py:1508]           [DEBUG]    | 301 IDs Found: [(278, 'tmdb'), (10997, 'tmdb'), (101, 'tmdb'), (13, 'tmdb'), (637, 'tmdb'), (129, 'tmdb'), (597, 'tmdb'), (424, 'tmdb'), (27205, 'tmdb'), (28178, 'tmdb'), (10681, 'tmdb'), (20453, 'tmdb'), (5528, 'tmdb'), (10376, 'tmdb'), (37165, 'tmdb'), (21835, 'tmdb'), (157336, 'tmdb'), (8392, 'tmdb'), (238, 'tmdb'), (81481, 'tmdb'), (10775, 'tmdb'), (269149, 'tmdb'), (1402, 'tmdb'), (43949, 'tmdb'), (77338, 'tmdb'), (155, 'tmdb'), (770, 'tmdb'), (31439, 'tmdb'), (37257, 'tmdb'), (87827, 'tmdb'), (122, 'tmdb'), (10515, 'tmdb'), (360814, 'tmdb'), (25838, 'tmdb'), (11216, 'tmdb'), (389, 'tmdb'), (14160, 'tmdb'), (13345, 'tmdb'), (4935, 'tmdb'), (550, 'tmdb'), (804, 'tmdb'), (746, 'tmdb'), (9475, 'tmdb'), (354912, 'tmdb'), (242452, 'tmdb'), (582, 'tmdb'), (255709, 'tmdb'), (207, 'tmdb'), (100, 'tmdb'), (510, 'tmdb'), (121, 'tmdb'), (240, 'tmdb'), (120, 'tmdb'), (752, 'tmdb'), (8587, 'tmdb'), (453, 'tmdb'), (10451, 'tmdb'), (23128, 'tmdb'), (47002, 'tmdb'), (423, 'tmdb'), (4922, 'tmdb'), (671, 'tmdb'), (603, 'tmdb'), (47759, 'tmdb'), (311, 'tmdb'), (21334, 'tmdb'), (10867, 'tmdb'), (857, 'tmdb'), (51533, 'tmdb'), (517814, 'tmdb'), (15121, 'tmdb'), (1124, 'tmdb'), (807, 'tmdb'), (31512, 'tmdb'), (640, 'tmdb'), (680, 'tmdb'), (274, 'tmdb'), (1954, 'tmdb'), (194, 'tmdb'), (18329, 'tmdb'), (197, 'tmdb'), (162, 'tmdb'), (489, 'tmdb'), (14574, 'tmdb'), (11324, 'tmdb'), (120467, 'tmdb'), (19995, 'tmdb'), (16804, 'tmdb'), (128, 'tmdb'), (22, 'tmdb'), (2832, 'tmdb'), (3082, 'tmdb'), (161285, 'tmdb'), (142, 'tmdb'), (745, 'tmdb'), (11104, 'tmdb'), (103663, 'tmdb'), (24238, 'tmdb'), (53168, 'tmdb'), (210577, 'tmdb'), (54186, 'tmdb'), (587, 'tmdb'), (25538, 'tmdb'), (294682, 'tmdb'), (77117, 'tmdb'), (76, 'tmdb'), (55157, 'tmdb'), (398818, 'tmdb'), (37185, 'tmdb'), (37797, 'tmdb'), (10191, 'tmdb'), (4977, 'tmdb'), (30421, 'tmdb'), (74308, 'tmdb'), (209764, 'tmdb'), (81, 'tmdb'), (80, 'tmdb'), (4291, 'tmdb'), (336026, 'tmdb'), (11423, 'tmdb'), (12445, 'tmdb'), (158445, 'tmdb'), (594, 'tmdb'), (598, 'tmdb'), (49026, 'tmdb'), (51739, 'tmdb'), (92321, 'tmdb'), (37703, 'tmdb'), (177572, 'tmdb'), (20352, 'tmdb'), (365045, 'tmdb'), (2517, 'tmdb'), (585, 'tmdb'), (39693, 'tmdb'), (176, 'tmdb'), (10193, 'tmdb'), (2503, 'tmdb'), (346, 'tmdb'), (49519, 'tmdb'), (324786, 'tmdb'), (9261, 'tmdb'), (11471, 'tmdb'), (508, 'tmdb'), (40751, 'tmdb'), (12477, 'tmdb'), (12405, 'tmdb'), (4348, 'tmdb'), (122906, 'tmdb'), (44214, 'tmdb'), (77, 'tmdb'), (292362, 'tmdb'), (47423, 'tmdb'), (242, 'tmdb'), (265195, 'tmdb'), (9559, 'tmdb'), (152532, 'tmdb'), (380, 'tmdb'), (843, 'tmdb'), (359940, 'tmdb'), (68718, 'tmdb'), (205, 'tmdb'), (334541, 'tmdb'), (372058, 'tmdb'), (89825, 'tmdb'), (11036, 'tmdb'), (150540, 'tmdb'), (10950, 'tmdb'), (8290, 'tmdb'), (82690, 'tmdb'), (473267, 'tmdb'), (425, 'tmdb'), (36970, 'tmdb'), (872, 'tmdb'), (244786, 'tmdb'), (10494, 'tmdb'), (205596, 'tmdb'), (4476, 'tmdb'), (348678, 'tmdb'), (532753, 'tmdb'), (644, 'tmdb'), (31743, 'tmdb'), (14069, 'tmdb'), (264644, 'tmdb'), (16859, 'tmdb'), (43824, 'tmdb'), (26466, 'tmdb'), (74037, 'tmdb'), (627, 'tmdb'), (315846, 'tmdb'), (381341, 'tmdb'), (548, 'tmdb'), (605, 'tmdb'), (134575, 'tmdb'), (18311, 'tmdb'), (1427, 'tmdb'), (8055, 'tmdb'), (16074, 'tmdb'), (7735, 'tmdb'), (2502, 'tmdb'), (2501, 'tmdb'), (15804, 'tmdb'), (1830, 'tmdb'), (7508, 'tmdb'), (45380, 'tmdb'), (539, 'tmdb'), (39915, 'tmdb'), (57627, 'tmdb'), (9470, 'tmdb'), (280, 'tmdb'), (45612, 'tmdb'), (25050, 'tmdb'), (333339, 'tmdb'), (132344, 'tmdb'), (40213, 'tmdb'), (348892, 'tmdb'), (60243, 'tmdb'), (11660, 'tmdb'), (198277, 'tmdb'), (16869, 'tmdb'), (406997, 'tmdb'), (1640, 'tmdb'), (18148, 'tmdb'), (1372, 'tmdb'), (220289, 'tmdb'), (641, 'tmdb'), (901, 'tmdb'), (62, 'tmdb'), (497, 'tmdb'), (76341, 'tmdb'), (396535, 'tmdb'), (314365, 'tmdb'), (165213, 'tmdb'), (601, 'tmdb'), (13363, 'tmdb'), (1541, 'tmdb'), (855, 'tmdb'), (185, 'tmdb'), (754, 'tmdb'), (9802, 'tmdb'), (7350, 'tmdb'), (45269, 'tmdb'), (429, 'tmdb'), (72575, 'tmdb'), (782, 'tmdb'), (629, 'tmdb'), (38142, 'tmdb'), (289, 'tmdb'), (421742, 'tmdb'), (411088, 'tmdb'), (537223, 'tmdb'), (395594, 'tvdb'), (393229, 'tvdb'), (391058, 'tvdb'), (389326, 'tvdb'), (388507, 'tvdb'), (386997, 'tvdb'), (387196, 'tvdb'), (385475, 'tvdb'), (384075, 'tvdb'), (383892, 'tvdb'), (382581, 'tvdb'), (376747, 'tvdb'), (380597, 'tvdb'), (379832, 'tvdb'), (378716, 'tvdb'), (368761, 'tvdb'), (372881, 'tvdb'), (371979, 'tvdb'), (369176, 'tvdb'), (367570, 'tvdb'), (366701, 'tvdb'), (355148, 'tvdb'), (360337, 'tvdb'), (355143, 'tvdb'), (359679, 'tvdb'), (356549, 'tvdb'), (330556, 'tvdb'), (352754, 'tvdb'), (346004, 'tvdb'), (339910, 'tvdb'), (335647, 'tvdb'), (334769, 'tvdb'), (333109, 'tvdb'), (330457, 'tvdb'), (327209, 'tvdb'), (323917, 'tvdb'), (313637, 'tvdb'), (301485, 'tvdb'), (301369, 'tvdb'), (302155, 'tvdb'), (298559, 'tvdb'), (331271, 'tvdb'), (284877, 'tvdb'), (302456, 'tvdb'), (283974, 'tvdb'), (257938, 'tvdb'), (254494, 'tvdb'), (252478, 'tvdb'), (312173, 'tvdb'), (123171, 'tvdb'), (327728, 'tvdb')] |
[2022-07-08 03:29:12,697] [builder.py:1509]           [DEBUG]    |                                                                                                    |
[2022-07-08 03:29:13,606] [builder.py:2009]           [INFO]     |                                                                                                    |
[2022-07-08 03:29:13,607] [builder.py:2010]           [INFO]     |=============================== Adding to 豆瓣 Top250 电影和连续剧 Playlist ================================|
[2022-07-08 03:29:13,607] [builder.py:2011]           [INFO]     |                                                                                                    |
[2022-07-08 03:29:13,608] [builder.py:2025]           [INFO]     |  1/92 | 豆瓣 Top250 电影和连续剧 Playlist | = | The Shawshank Redemption (1994)                            |
[2022-07-08 03:29:13,609] [builder.py:2025]           [INFO]     |  2/92 | 豆瓣 Top250 电影和连续剧 Playlist | = | Léon: The Professional (1994)                              |
[2022-07-08 03:29:13,609] [builder.py:2025]           [INFO]     |  3/92 | 豆瓣 Top250 电影和连续剧 Playlist | = | Forrest Gump (1994)                                        |
[2022-07-08 03:29:13,610] [builder.py:2025]           [INFO]     |  4/92 | 豆瓣 Top250 电影和连续剧 Playlist | = | La vita è bella (1997)                                     |
[2022-07-08 03:29:13,610] [builder.py:2025]           [INFO]     |  5/92 | 豆瓣 Top250 电影和连续剧 Playlist | = | 千と千尋の神隠し (2001)                                            |
[2022-07-08 03:29:13,611] [builder.py:2025]           [INFO]     |  6/92 | 豆瓣 Top250 电影和连续剧 Playlist | = | Titanic (1997)                                             |
[2022-07-08 03:29:13,611] [builder.py:2025]           [INFO]     |  7/92 | 豆瓣 Top250 电影和连续剧 Playlist | = | Schindler's List (1993)                                    |
[2022-07-08 03:29:13,612] [builder.py:2025]           [INFO]     |  8/92 | 豆瓣 Top250 电影和连续剧 Playlist | = | Hachi: A Dog's Tale (2009)                                 |
[2022-07-08 03:29:13,613] [builder.py:2025]           [INFO]     |  9/92 | 豆瓣 Top250 电影和连续剧 Playlist | = | WALL·E (2008)                                              |
[2022-07-08 03:29:13,613] [builder.py:2025]           [INFO]     | 10/92 | 豆瓣 Top250 电影和连续剧 Playlist | = | The Truman Show (1998)                                     |
[2022-07-08 03:29:13,614] [builder.py:2025]           [INFO]     | 11/92 | 豆瓣 Top250 电影和连续剧 Playlist | = | となりのトトロ (1988)                                             |
[2022-07-08 03:29:13,615] [builder.py:2025]           [INFO]     | 12/92 | 豆瓣 Top250 电影和连续剧 Playlist | = | The Godfather (1972)                                       |
[2022-07-08 03:29:13,616] [builder.py:2025]           [INFO]     | 13/92 | 豆瓣 Top250 电影和连续剧 Playlist | = | 無間道 (2002)                                                 |
[2022-07-08 03:29:13,616] [builder.py:2025]           [INFO]     | 14/92 | 豆瓣 Top250 电影和连续剧 Playlist | = | The Dark Knight (2008)                                     |
[2022-07-08 03:29:13,617] [builder.py:2025]           [INFO]     | 15/92 | 豆瓣 Top250 电影和连续剧 Playlist | = | Gone with the Wind (1939)                                  |
[2022-07-08 03:29:13,618] [builder.py:2025]           [INFO]     | 16/92 | 豆瓣 Top250 电影和连续剧 Playlist | = | Witness for the Prosecution (1957)                         |
[2022-07-08 03:29:13,619] [builder.py:2025]           [INFO]     | 17/92 | 豆瓣 Top250 电影和连续剧 Playlist | = | The Lord of the Rings: The Return of the King (2003)       |
[2022-07-08 03:29:13,620] [builder.py:2025]           [INFO]     | 18/92 | 豆瓣 Top250 电影和连续剧 Playlist | = | 天空之城 (1986)                                                |
[2022-07-08 03:29:13,621] [builder.py:2025]           [INFO]     | 19/92 | 豆瓣 Top250 电影和连续剧 Playlist | = | दंगल (2016)                                                |
[2022-07-08 03:29:13,622] [builder.py:2025]           [INFO]     | 20/92 | 豆瓣 Top250 电影和连续剧 Playlist | = | Nuovo Cinema Paradiso (1988)                               |
[2022-07-08 03:29:13,623] [builder.py:2025]           [INFO]     | 21/92 | 豆瓣 Top250 电影和连续剧 Playlist | = | 12 Angry Men (1957)                                        |
[2022-07-08 03:29:13,623] [builder.py:2025]           [INFO]     | 22/92 | 豆瓣 Top250 电影和连续剧 Playlist | = | Up (2009)                                                  |
[2022-07-08 03:29:13,624] [builder.py:2025]           [INFO]     | 23/92 | 豆瓣 Top250 电影和连续剧 Playlist | = | ハウルの動く城 (2004)                                             |
[2022-07-08 03:29:13,625] [builder.py:2025]           [INFO]     | 24/92 | 豆瓣 Top250 电影和连续剧 Playlist | = | Fight Club (1999)                                          |
[2022-07-08 03:29:13,626] [builder.py:2025]           [INFO]     | 25/92 | 豆瓣 Top250 电影和连续剧 Playlist | = | The Last Emperor (1987)                                    |
[2022-07-08 03:29:13,628] [builder.py:2025]           [INFO]     | 26/92 | 豆瓣 Top250 电影和连续剧 Playlist | = | Das Leben der Anderen (2006)                               |
[2022-07-08 03:29:13,629] [builder.py:2025]           [INFO]     | 27/92 | 豆瓣 Top250 电影和连续剧 Playlist | = | Lock, Stock and Two Smoking Barrels (1998)                 |
[2022-07-08 03:29:13,630] [builder.py:2025]           [INFO]     | 28/92 | 豆瓣 Top250 电影和连续剧 Playlist | = | One Flew Over the Cuckoo's Nest (1975)                     |
[2022-07-08 03:29:13,631] [builder.py:2025]           [INFO]     | 29/92 | 豆瓣 Top250 电影和连续剧 Playlist | = | The Lord of the Rings: The Two Towers (2002)               |
[2022-07-08 03:29:13,632] [builder.py:2025]           [INFO]     | 30/92 | 豆瓣 Top250 电影和连续剧 Playlist | = | The Godfather: Part II (1974)                              |
[2022-07-08 03:29:13,633] [builder.py:2025]           [INFO]     | 31/92 | 豆瓣 Top250 电影和连续剧 Playlist | = | The Lord of the Rings: The Fellowship of the Ring (2001)   |
[2022-07-08 03:29:13,635] [builder.py:2025]           [INFO]     | 32/92 | 豆瓣 Top250 电影和连续剧 Playlist | = | V for Vendetta (2006)                                      |
[2022-07-08 03:29:13,636] [builder.py:2025]           [INFO]     | 33/92 | 豆瓣 Top250 电影和连续剧 Playlist | = | A Beautiful Mind (2001)                                    |
[2022-07-08 03:29:13,638] [builder.py:2025]           [INFO]     | 34/92 | 豆瓣 Top250 电影和连续剧 Playlist | = | The Cove (2009)                                            |
[2022-07-08 03:29:13,639] [builder.py:2025]           [INFO]     | 35/92 | 豆瓣 Top250 电影和连续剧 Playlist | = | The Pianist (2002)                                         |
[2022-07-08 03:29:13,640] [builder.py:2025]           [INFO]     | 36/92 | 豆瓣 Top250 电影和连续剧 Playlist | = | The Curious Case of Benjamin Button (2008)                 |
[2022-07-08 03:29:13,641] [builder.py:2025]           [INFO]     | 37/92 | 豆瓣 Top250 电影和连续剧 Playlist | = | The Matrix (1999)                                          |
[2022-07-08 03:29:13,643] [builder.py:2025]           [INFO]     | 38/92 | 豆瓣 Top250 电影和连续剧 Playlist | = | Once Upon a Time in America (1984)                         |
[2022-07-08 03:29:13,644] [builder.py:2025]           [INFO]     | 39/92 | 豆瓣 Top250 电影和连续剧 Playlist | = | Saving Private Ryan (1998)                                 |
[2022-07-08 03:29:13,646] [builder.py:2025]           [INFO]     | 40/92 | 豆瓣 Top250 电影和连续剧 Playlist | = | The Sound of Music (1965)                                  |
[2022-07-08 03:29:13,647] [builder.py:2025]           [INFO]     | 41/92 | 豆瓣 Top250 电影和连续剧 Playlist | = | The Prestige (2006)                                        |
[2022-07-08 03:29:13,648] [builder.py:2025]           [INFO]     | 42/92 | 豆瓣 Top250 电影和连续剧 Playlist | = | Se7en (1995)                                               |
[2022-07-08 03:29:13,650] [builder.py:2025]           [INFO]     | 43/92 | 豆瓣 Top250 电影和连续剧 Playlist | = | 被嫌弃的松子的一生 (2006)                                           |
[2022-07-08 03:29:13,651] [builder.py:2025]           [INFO]     | 44/92 | 豆瓣 Top250 电影和连续剧 Playlist | = | Pulp Fiction (1994)                                        |
[2022-07-08 03:29:13,653] [builder.py:2025]           [INFO]     | 45/92 | 豆瓣 Top250 电影和连续剧 Playlist | = | The Silence of the Lambs (1991)                            |
[2022-07-08 03:29:13,654] [builder.py:2025]           [INFO]     | 46/92 | 豆瓣 Top250 电影和连续剧 Playlist | = | Le Fabuleux Destin d'Amélie Poulain (2001)                 |
[2022-07-08 03:29:13,656] [builder.py:2025]           [INFO]     | 47/92 | 豆瓣 Top250 电影和连续剧 Playlist | = | Braveheart (1995)                                          |
[2022-07-08 03:29:13,657] [builder.py:2025]           [INFO]     | 48/92 | 豆瓣 Top250 电影和连续剧 Playlist | = | Edward Scissorhands (1990)                                 |
[2022-07-08 03:29:13,659] [builder.py:2025]           [INFO]     | 49/92 | 豆瓣 Top250 电影和连续剧 Playlist | = | Good Will Hunting (1997)                                   |
[2022-07-08 03:29:13,661] [builder.py:2025]           [INFO]     | 50/92 | 豆瓣 Top250 电影和连续剧 Playlist | = | Avatar (2009)                                              |
[2022-07-08 03:29:13,662] [builder.py:2025]           [INFO]     | 51/92 | 豆瓣 Top250 电影和连续剧 Playlist | = | おくりびと (2008)                                               |
[2022-07-08 03:29:13,664] [builder.py:2025]           [INFO]     | 52/92 | 豆瓣 Top250 电影和连续剧 Playlist | = | もののけ姫 (1997)                                               |
[2022-07-08 03:29:13,666] [builder.py:2025]           [INFO]     | 53/92 | 豆瓣 Top250 电影和连续剧 Playlist | = | Pirates of the Caribbean: The Curse of the Black Pearl (2003) |
[2022-07-08 03:29:13,667] [builder.py:2025]           [INFO]     | 54/92 | 豆瓣 Top250 电影和连续剧 Playlist | = | Modern Times (1936)                                        |
[2022-07-08 03:29:13,669] [builder.py:2025]           [INFO]     | 55/92 | 豆瓣 Top250 电影和连续剧 Playlist | = | The Sixth Sense (1999)                                     |
[2022-07-08 03:29:13,672] [builder.py:2025]           [INFO]     | 56/92 | 豆瓣 Top250 电影和连续剧 Playlist | = | Mary and Max (2009)                                        |
[2022-07-08 03:29:13,674] [builder.py:2025]           [INFO]     | 57/92 | 豆瓣 Top250 电影和连续剧 Playlist | = | Big Fish (2003)                                            |
[2022-07-08 03:29:13,675] [builder.py:2025]           [INFO]     | 58/92 | 豆瓣 Top250 电影和连续剧 Playlist | = | 侧耳倾听 (1995)                                                |
[2022-07-08 03:29:13,677] [builder.py:2025]           [INFO]     | 59/92 | 豆瓣 Top250 电影和连续剧 Playlist | = | 风之谷 (1984)                                                 |
[2022-07-08 03:29:13,679] [builder.py:2025]           [INFO]     | 60/92 | 豆瓣 Top250 电影和连续剧 Playlist | = | Cidade de Deus (2002)                                      |
[2022-07-08 03:29:13,682] [builder.py:2025]           [INFO]     | 61/92 | 豆瓣 Top250 电影和连续剧 Playlist | = | 借东西的小人阿莉埃蒂 (2010)                                          |
[2022-07-08 03:29:13,684] [builder.py:2025]           [INFO]     | 62/92 | 豆瓣 Top250 电影和连续剧 Playlist | = | Monsters, Inc. (2001)                                      |
[2022-07-08 03:29:13,686] [builder.py:2025]           [INFO]     | 63/92 | 豆瓣 Top250 电影和连续剧 Playlist | = | The Bourne Ultimatum (2007)                                |
[2022-07-08 03:29:13,688] [builder.py:2025]           [INFO]     | 64/92 | 豆瓣 Top250 电影和连续剧 Playlist | = | 七人の侍 (1954)                                                |
[2022-07-08 03:29:13,690] [builder.py:2025]           [INFO]     | 65/92 | 豆瓣 Top250 电影和连续剧 Playlist | = | 火垂るの墓 (1988)                                               |
[2022-07-08 03:29:13,692] [builder.py:2025]           [INFO]     | 66/92 | 豆瓣 Top250 电影和连续剧 Playlist | = | Slumdog Millionaire (2008)                                 |
[2022-07-08 03:29:13,694] [builder.py:2025]           [INFO]     | 67/92 | 豆瓣 Top250 电影和连续剧 Playlist | = | Memento (2000)                                             |
[2022-07-08 03:29:13,696] [builder.py:2025]           [INFO]     | 68/92 | 豆瓣 Top250 电影和连续剧 Playlist | = | Dallas Buyers Club (2013)                                  |
[2022-07-08 03:29:13,698] [builder.py:2025]           [INFO]     | 69/92 | 豆瓣 Top250 电影和连续剧 Playlist | = | Rain Man (1988)                                            |
[2022-07-08 03:29:13,700] [builder.py:2025]           [INFO]     | 70/92 | 豆瓣 Top250 电影和连续剧 Playlist | = | Hotel Rwanda (2004)                                        |
[2022-07-08 03:29:13,703] [builder.py:2025]           [INFO]     | 71/92 | 豆瓣 Top250 电影和连续剧 Playlist | = | 你的名字 (2016)                                                |
[2022-07-08 03:29:13,705] [builder.py:2025]           [INFO]     | 72/92 | 豆瓣 Top250 电影和连续剧 Playlist | = | Singin' in the Rain (1952)                                 |
[2022-07-08 03:29:13,707] [builder.py:2025]           [INFO]     | 73/92 | 豆瓣 Top250 电影和连续剧 Playlist | = | Whiplash (2014)                                            |
[2022-07-08 03:29:13,709] [builder.py:2025]           [INFO]     | 74/92 | 豆瓣 Top250 电影和连续剧 Playlist | = | パーフェクトブルー (1997)                                           |
[2022-07-08 03:29:13,711] [builder.py:2025]           [INFO]     | 75/92 | 豆瓣 Top250 电影和连续剧 Playlist | = | Room (2015)                                                |
[2022-07-08 03:29:13,713] [builder.py:2025]           [INFO]     | 76/92 | 豆瓣 Top250 电影和连续剧 Playlist | = | 魔女宅急便 (1989)                                               |
[2022-07-08 03:29:13,715] [builder.py:2025]           [INFO]     | 77/92 | 豆瓣 Top250 电影和连续剧 Playlist | = | Trainspotting (1996)                                       |
[2022-07-08 03:29:13,718] [builder.py:2025]           [INFO]     | 78/92 | 豆瓣 Top250 电影和连续剧 Playlist | = | 羅生門 (1950)                                                 |
[2022-07-08 03:29:13,720] [builder.py:2025]           [INFO]     | 79/92 | 豆瓣 Top250 电影和连续剧 Playlist | = | Psycho (1960)                                              |
[2022-07-08 03:29:13,722] [builder.py:2025]           [INFO]     | 80/92 | 豆瓣 Top250 电影和连续剧 Playlist | = | Terminator 2: Judgment Day (1991)                          |
[2022-07-08 03:29:13,725] [builder.py:2025]           [INFO]     | 81/92 | 豆瓣 Top250 电影和连续剧 Playlist | = | Inglourious Basterds (2009)                                |
[2022-07-08 03:29:13,727] [builder.py:2025]           [INFO]     | 82/92 | 豆瓣 Top250 电影和连续剧 Playlist | = | Crash (2004)                                               |
[2022-07-08 03:29:13,730] [builder.py:2025]           [INFO]     | 83/92 | 豆瓣 Top250 电影和连续剧 Playlist | = | Requiem for a Dream (2000)                                 |
[2022-07-08 03:29:13,732] [builder.py:2025]           [INFO]     | 84/92 | 豆瓣 Top250 电影和连续剧 Playlist | = | City Lights (1931)                                         |
[2022-07-08 03:29:13,735] [builder.py:2025]           [INFO]     | 85/92 | 豆瓣 Top250 电影和连续剧 Playlist | = | 2001: A Space Odyssey (1968)                               |
[2022-07-08 03:29:13,737] [builder.py:2025]           [INFO]     | 86/92 | 豆瓣 Top250 电影和连续剧 Playlist | = | The Green Mile (1999)                                      |
[2022-07-08 03:29:13,740] [builder.py:2025]           [INFO]     | 87/92 | 豆瓣 Top250 电影和连续剧 Playlist | = | The Man from Earth (2007)                                  |
[2022-07-08 03:29:13,742] [builder.py:2025]           [INFO]     | 88/92 | 豆瓣 Top250 电影和连续剧 Playlist | = | A Clockwork Orange (1971)                                  |
[2022-07-08 03:29:13,745] [builder.py:2025]           [INFO]     | 89/92 | 豆瓣 Top250 电影和连续剧 Playlist | = | The King's Speech (2010)                                   |
[2022-07-08 03:29:13,747] [builder.py:2025]           [INFO]     | 90/92 | 豆瓣 Top250 电影和连续剧 Playlist | = | Il buono, il brutto, il cattivo (1966)                     |
[2022-07-08 03:29:13,750] [builder.py:2025]           [INFO]     | 91/92 | 豆瓣 Top250 电影和连续剧 Playlist | = | The Usual Suspects (1995)                                  |
[2022-07-08 03:29:13,753] [builder.py:2025]           [INFO]     | 92/92 | 豆瓣 Top250 电影和连续剧 Playlist | = | Casablanca (1942)                                          |
[2022-07-08 03:29:13,754] [builder.py:2045]           [INFO]     |                                                                                                    |
[2022-07-08 03:29:13,755] [builder.py:2046]           [INFO]     | 92 Items Processed                                                                                 |
[2022-07-08 03:29:13,755] [builder.py:2172]           [INFO]     |                                                                                                    |
[2022-07-08 03:29:13,756] [builder.py:2173]           [INFO]     |=============================== Missing Movies from Library: Movies ================================|
[2022-07-08 03:29:13,756] [builder.py:2174]           [INFO]     |                                                                                                    |
[2022-07-08 03:29:13,988] [builder.py:2187]           [INFO]     | 豆瓣 Top250 电影和连续剧 Playlist | ? | Farewell My Concubine (1993) (TMDb: 10997)                         |
[2022-07-08 03:29:14,211] [builder.py:2187]           [INFO]     | 豆瓣 Top250 电影和连续剧 Playlist | ? | Inception (2010) (TMDb: 27205)                                     |
[2022-07-08 03:29:14,403] [builder.py:2187]           [INFO]     | 豆瓣 Top250 电影和连续剧 Playlist | ? | 3 Idiots (2009) (TMDb: 20453)                                      |
[2022-07-08 03:29:14,610] [builder.py:2187]           [INFO]     | 豆瓣 Top250 电影和连续剧 Playlist | ? | The Chorus (2004) (TMDb: 5528)                                     |
[2022-07-08 03:29:14,821] [builder.py:2187]           [INFO]     | 豆瓣 Top250 电影和连续剧 Playlist | ? | The Legend of 1900 (1998) (TMDb: 10376)                            |
[2022-07-08 03:29:14,988] [builder.py:2187]           [INFO]     | 豆瓣 Top250 电影和连续剧 Playlist | ? | A Chinese Odyssey Part Two: Cinderella (1995) (TMDb: 21835)        |
[2022-07-08 03:29:15,255] [builder.py:2187]           [INFO]     | 豆瓣 Top250 电影和连续剧 Playlist | ? | Interstellar (2014) (TMDb: 157336)                                 |
[2022-07-08 03:29:15,421] [builder.py:2187]           [INFO]     | 豆瓣 Top250 电影和连续剧 Playlist | ? | Silenced (2011) (TMDb: 81481)                                      |
[2022-07-08 03:29:15,736] [builder.py:2187]           [INFO]     | 豆瓣 Top250 电影和连续剧 Playlist | ? | Zootopia (2016) (TMDb: 269149)                                     |
[2022-07-08 03:29:15,899] [builder.py:2187]           [INFO]     | 豆瓣 Top250 电影和连续剧 Playlist | ? | The Pursuit of Happyness (2006) (TMDb: 1402)                       |
[2022-07-08 03:29:16,077] [builder.py:2187]           [INFO]     | 豆瓣 Top250 电影和连续剧 Playlist | ? | Flipped (2010) (TMDb: 43949)                                       |
[2022-07-08 03:29:16,254] [builder.py:2187]           [INFO]     | 豆瓣 Top250 电影和连续剧 Playlist | ? | The Intouchables (2011) (TMDb: 77338)                              |
[2022-07-08 03:29:16,445] [builder.py:2187]           [INFO]     | 豆瓣 Top250 电影和连续剧 Playlist | ? | To Live (1994) (TMDb: 31439)                                       |
[2022-07-08 03:29:16,621] [builder.py:2187]           [INFO]     | 豆瓣 Top250 电影和连续剧 Playlist | ? | Life of Pi (2012) (TMDb: 87827)                                    |
[2022-07-08 03:29:17,188] [builder.py:2187]           [INFO]     | 豆瓣 Top250 电影和连续剧 Playlist | ? | Devils on the Doorstep (2000) (TMDb: 25838)                        |
[2022-07-08 03:29:17,421] [builder.py:2187]           [INFO]     | 豆瓣 Top250 电影和连续剧 Playlist | ? | A Chinese Odyssey Part One: Pandora's Box (1995) (TMDb: 13345)     |
[2022-07-08 03:29:17,588] [builder.py:2187]           [INFO]     | 豆瓣 Top250 电影和连续剧 Playlist | ? | Roman Holiday (1953) (TMDb: 804)                                   |
[2022-07-08 03:29:17,832] [builder.py:2187]           [INFO]     | 豆瓣 Top250 电影和连续剧 Playlist | ? | Scent of a Woman (1992) (TMDb: 9475)                               |
[2022-07-08 03:29:18,066] [builder.py:2187]           [INFO]     | 豆瓣 Top250 电影和连续剧 Playlist | ? | Coco (2017) (TMDb: 354912)                                         |
[2022-07-08 03:29:18,266] [builder.py:2187]           [INFO]     | 豆瓣 Top250 电影和连续剧 Playlist | ? | The Attorney (2013) (TMDb: 242452)                                 |
[2022-07-08 03:29:18,532] [builder.py:2187]           [INFO]     | 豆瓣 Top250 电影和连续剧 Playlist | ? | Hope (2013) (TMDb: 255709)                                         |
[2022-07-08 03:29:18,688] [builder.py:2187]           [INFO]     | 豆瓣 Top250 电影和连续剧 Playlist | ? | Dead Poets Society (1989) (TMDb: 207)                              |
[2022-07-08 03:29:18,869] [builder.py:2187]           [INFO]     | 豆瓣 Top250 电影和连续剧 Playlist | ? | The Lion King (1994) (TMDb: 8587)                                  |
[2022-07-08 03:29:19,103] [builder.py:2187]           [INFO]     | 豆瓣 Top250 电影和连续剧 Playlist | ? | Eat Drink Man Woman (1994) (TMDb: 10451)                           |
[2022-07-08 03:29:19,332] [builder.py:2187]           [INFO]     | 豆瓣 Top250 电影和连续剧 Playlist | ? | Love Letter (1995) (TMDb: 47002)                                   |
[2022-07-08 03:29:19,511] [builder.py:2187]           [INFO]     | 豆瓣 Top250 电影和连续剧 Playlist | ? | Harry Potter and the Philosopher's Stone (2001) (TMDb: 671)        |
[2022-07-08 03:29:19,688] [builder.py:2187]           [INFO]     | 豆瓣 Top250 电影和连续剧 Playlist | ? | The Monkey King: Havoc in Heaven (1961) (TMDb: 47759)              |
[2022-07-08 03:29:20,100] [builder.py:2187]           [INFO]     | 豆瓣 Top250 电影和连续剧 Playlist | ? | Children of Heaven (1997) (TMDb: 21334)                            |
[2022-07-08 03:29:20,354] [builder.py:2187]           [INFO]     | 豆瓣 Top250 电影和连续剧 Playlist | ? | Malena (2000) (TMDb: 10867)                                        |
[2022-07-08 03:29:20,528] [builder.py:2187]           [INFO]     | 豆瓣 Top250 电影和连续剧 Playlist | ? | Let the Bullets Fly (2010) (TMDb: 51533)                           |
[2022-07-08 03:29:20,766] [builder.py:2187]           [INFO]     | 豆瓣 Top250 电影和连续剧 Playlist | ? | Capernaum (2018) (TMDb: 517814)                                    |
[2022-07-08 03:29:20,921] [builder.py:2187]           [INFO]     | 豆瓣 Top250 电影和连续剧 Playlist | ? | Catch Me If You Can (2002) (TMDb: 640)                             |
[2022-07-08 03:29:21,177] [builder.py:2187]           [INFO]     | 豆瓣 Top250 电影和连续剧 Playlist | ? | The Butterfly Effect (2004) (TMDb: 1954)                           |
[2022-07-08 03:29:21,432] [builder.py:2187]           [INFO]     | 豆瓣 Top250 电影和连续剧 Playlist | ? | Happy Together (1997) (TMDb: 18329)                                |
[2022-07-08 03:29:21,588] [builder.py:2187]           [INFO]     | 豆瓣 Top250 电影和连续剧 Playlist | ? | The Boy in the Striped Pyjamas (2008) (TMDb: 14574)                |
[2022-07-08 03:29:21,766] [builder.py:2187]           [INFO]     | 豆瓣 Top250 电影和连续剧 Playlist | ? | Shutter Island (2010) (TMDb: 11324)                                |
[2022-07-08 03:29:21,977] [builder.py:2187]           [INFO]     | 豆瓣 Top250 电影和连续剧 Playlist | ? | The Grand Budapest Hotel (2014) (TMDb: 120467)                     |
[2022-07-08 03:29:22,210] [builder.py:2187]           [INFO]     | 豆瓣 Top250 电影和连续剧 Playlist | ? | Identity (2003) (TMDb: 2832)                                       |
[2022-07-08 03:29:22,432] [builder.py:2187]           [INFO]     | 豆瓣 Top250 电影和连续剧 Playlist | ? | In the Heat of the Sun (1994) (TMDb: 161285)                       |
[2022-07-08 03:29:22,710] [builder.py:2187]           [INFO]     | 豆瓣 Top250 电影和连续剧 Playlist | ? | Brokeback Mountain (2005) (TMDb: 142)                              |
[2022-07-08 03:29:22,899] [builder.py:2187]           [INFO]     | 豆瓣 Top250 电影和连续剧 Playlist | ? | Chungking Express (1994) (TMDb: 11104)                             |
[2022-07-08 03:29:23,088] [builder.py:2187]           [INFO]     | 豆瓣 Top250 电影和连续剧 Playlist | ? | The Hunt (2012) (TMDb: 103663)                                     |
[2022-07-08 03:29:23,365] [builder.py:2187]           [INFO]     | 豆瓣 Top250 电影和连续剧 Playlist | ? | King of Comedy (1999) (TMDb: 53168)                                |
[2022-07-08 03:29:23,543] [builder.py:2187]           [INFO]     | 豆瓣 Top250 电影和连续剧 Playlist | ? | Gone Girl (2014) (TMDb: 210577)                                    |
[2022-07-08 03:29:23,710] [builder.py:2187]           [INFO]     | 豆瓣 Top250 电影和连续剧 Playlist | ? | Confessions (2010) (TMDb: 54186)                                   |
[2022-07-08 03:29:23,919] [builder.py:2187]           [INFO]     | 豆瓣 Top250 电影和连续剧 Playlist | ? | Yi Yi (2000) (TMDb: 25538)                                         |
[2022-07-08 03:29:24,144] [builder.py:2187]           [INFO]     | 豆瓣 Top250 电影和连续剧 Playlist | ? | Little Forest: Summer/Autumn (2014) (TMDb: 294682)                 |
[2022-07-08 03:29:24,410] [builder.py:2187]           [INFO]     | 豆瓣 Top250 电影和连续剧 Playlist | ? | Sunny (2011) (TMDb: 77117)                                         |
[2022-07-08 03:29:24,611] [builder.py:2187]           [INFO]     | 豆瓣 Top250 电影和连续剧 Playlist | ? | Before Sunrise (1995) (TMDb: 76)                                   |
[2022-07-08 03:29:24,821] [builder.py:2187]           [INFO]     | 豆瓣 Top250 电影和连续剧 Playlist | ? | The Eagle Shooting Heroes (1993) (TMDb: 55157)                     |
[2022-07-08 03:29:25,011] [builder.py:2187]           [INFO]     | 豆瓣 Top250 电影和连续剧 Playlist | ? | Call Me by Your Name (2017) (TMDb: 398818)                         |
[2022-07-08 03:29:25,177] [builder.py:2187]           [INFO]     | 豆瓣 Top250 电影和连续剧 Playlist | ? | Comrades, Almost a Love Story (1996) (TMDb: 37185)                 |
[2022-07-08 03:29:25,377] [builder.py:2187]           [INFO]     | 豆瓣 Top250 电影和连续剧 Playlist | ? | How to Train Your Dragon (2010) (TMDb: 10191)                      |
[2022-07-08 03:29:25,594] [builder.py:2187]           [INFO]     | 豆瓣 Top250 电影和连续剧 Playlist | ? | Paprika (2006) (TMDb: 4977)                                        |
[2022-07-08 03:29:25,836] [builder.py:2187]           [INFO]     | 豆瓣 Top250 电影和连续剧 Playlist | ? | A Chinese Ghost Story (1987) (TMDb: 30421)                         |
[2022-07-08 03:29:26,132] [builder.py:2187]           [INFO]     | 豆瓣 Top250 电影和连续剧 Playlist | ? | Detachment (2011) (TMDb: 74308)                                    |
[2022-07-08 03:29:26,361] [builder.py:2187]           [INFO]     | 豆瓣 Top250 电影和连续剧 Playlist | ? | The Terror Live (2013) (TMDb: 209764)                              |
[2022-07-08 03:29:26,527] [builder.py:2187]           [INFO]     | 豆瓣 Top250 电影和连续剧 Playlist | ? | Before Sunset (2004) (TMDb: 80)                                    |
[2022-07-08 03:29:26,727] [builder.py:2187]           [INFO]     | 豆瓣 Top250 电影和连续剧 Playlist | ? | Kikujiro (1999) (TMDb: 4291)                                       |
[2022-07-08 03:29:26,935] [builder.py:2187]           [INFO]     | 豆瓣 Top250 电影和连续剧 Playlist | ? | Little Forest: Winter/Spring (2015) (TMDb: 336026)                 |
[2022-07-08 03:29:27,135] [builder.py:2187]           [INFO]     | 豆瓣 Top250 电影和连续剧 Playlist | ? | Memories of Murder (2003) (TMDb: 11423)                            |
[2022-07-08 03:29:27,332] [builder.py:2187]           [INFO]     | 豆瓣 Top250 电影和连续剧 Playlist | ? | Harry Potter and the Deathly Hallows: Part 2 (2011) (TMDb: 12445)  |
[2022-07-08 03:29:27,532] [builder.py:2187]           [INFO]     | 豆瓣 Top250 电影和连续剧 Playlist | ? | Miracle in Cell No. 7 (2013) (TMDb: 158445)                        |
[2022-07-08 03:29:27,710] [builder.py:2187]           [INFO]     | 豆瓣 Top250 电影和连续剧 Playlist | ? | The Terminal (2004) (TMDb: 594)                                    |
[2022-07-08 03:29:27,899] [builder.py:2187]           [INFO]     | 豆瓣 Top250 电影和连续剧 Playlist | ? | The Dark Knight Rises (2012) (TMDb: 49026)                         |
[2022-07-08 03:29:28,121] [builder.py:2187]           [INFO]     | 豆瓣 Top250 电影和连续剧 Playlist | ? | Hotarubi no Mori e (2011) (TMDb: 92321)                            |
[2022-07-08 03:29:28,432] [builder.py:2187]           [INFO]     | 豆瓣 Top250 电影和连续剧 Playlist | ? | Flirting Scholar (1993) (TMDb: 37703)                              |
[2022-07-08 03:29:28,635] [builder.py:2187]           [INFO]     | 豆瓣 Top250 电影和连续剧 Playlist | ? | Big Hero 6 (2014) (TMDb: 177572)                                   |
[2022-07-08 03:29:28,985] [builder.py:2187]           [INFO]     | 豆瓣 Top250 电影和连续剧 Playlist | ? | Despicable Me (2010) (TMDb: 20352)                                 |
[2022-07-08 03:29:29,155] [builder.py:2187]           [INFO]     | 豆瓣 Top250 电影和连续剧 Playlist | ? | Heidi (2015) (TMDb: 365045)                                        |
[2022-07-08 03:29:29,319] [builder.py:2187]           [INFO]     | 豆瓣 Top250 电影和连续剧 Playlist | ? | Nobody Knows (2004) (TMDb: 2517)                                   |
[2022-07-08 03:29:29,499] [builder.py:2187]           [INFO]     | 豆瓣 Top250 电影和连续剧 Playlist | ? | Echoes of the Rainbow (2010) (TMDb: 39693)                         |
[2022-07-08 03:29:29,654] [builder.py:2187]           [INFO]     | 豆瓣 Top250 电影和连续剧 Playlist | ? | Saw (2004) (TMDb: 176)                                             |
[2022-07-08 03:29:29,810] [builder.py:2187]           [INFO]     | 豆瓣 Top250 电影和连续剧 Playlist | ? | Toy Story 3 (2010) (TMDb: 10193)                                   |
[2022-07-08 03:29:29,999] [builder.py:2187]           [INFO]     | 豆瓣 Top250 电影和连续剧 Playlist | ? | The Croods (2013) (TMDb: 49519)                                    |
[2022-07-08 03:29:30,188] [builder.py:2187]           [INFO]     | 豆瓣 Top250 电影和连续剧 Playlist | ? | Hacksaw Ridge (2016) (TMDb: 324786)                                |
[2022-07-08 03:29:30,377] [builder.py:2187]           [INFO]     | 豆瓣 Top250 电影和连续剧 Playlist | ? | The Wedding Banquet (1993) (TMDb: 9261)                            |
[2022-07-08 03:29:30,566] [builder.py:2187]           [INFO]     | 豆瓣 Top250 电影和连续剧 Playlist | ? | A Better Tomorrow (1986) (TMDb: 11471)                             |
[2022-07-08 03:29:30,732] [builder.py:2187]           [INFO]     | 豆瓣 Top250 电影和连续剧 Playlist | ? | Love Actually (2003) (TMDb: 508)                                   |
[2022-07-08 03:29:30,954] [builder.py:2187]           [INFO]     | 豆瓣 Top250 电影和连续剧 Playlist | ? | Ashes of Time (1994) (TMDb: 40751)                                 |
[2022-07-08 03:29:31,210] [builder.py:2187]           [INFO]     | 豆瓣 Top250 电影和连续剧 Playlist | ? | Pride & Prejudice (2005) (TMDb: 4348)                              |
[2022-07-08 03:29:31,468] [builder.py:2187]           [INFO]     | 豆瓣 Top250 电影和连续剧 Playlist | ? | About Time (2013) (TMDb: 122906)                                   |
[2022-07-08 03:29:31,710] [builder.py:2187]           [INFO]     | 豆瓣 Top250 电影和连续剧 Playlist | ? | Black Swan (2010) (TMDb: 44214)                                    |
[2022-07-08 03:29:31,865] [builder.py:2187]           [INFO]     | 豆瓣 Top250 电影和连续剧 Playlist | ? | Deep in the Heart (2015) (TMDb: 292362)                            |
[2022-07-08 03:29:32,035] [builder.py:2187]           [INFO]     | 豆瓣 Top250 电影和连续剧 Playlist | ? | Once a Thief (1991) (TMDb: 47423)                                  |
[2022-07-08 03:29:32,227] [builder.py:2187]           [INFO]     | 豆瓣 Top250 电影和连续剧 Playlist | ? | The Godfather: Part III (1990) (TMDb: 242)                         |
[2022-07-08 03:29:32,393] [builder.py:2187]           [INFO]     | 豆瓣 Top250 电影和连续剧 Playlist | ? | Wild Tales (2014) (TMDb: 265195)                                   |
[2022-07-08 03:29:32,943] [builder.py:2187]           [INFO]     | 豆瓣 Top250 电影和连续剧 Playlist | ? | A Perfect World (1993) (TMDb: 9559)                                |
[2022-07-08 03:29:33,543] [builder.py:2187]           [INFO]     | 豆瓣 Top250 电影和连续剧 Playlist | ? | In the Mood for Love (2000) (TMDb: 843)                            |
[2022-07-08 03:29:33,885] [builder.py:2187]           [INFO]     | 豆瓣 Top250 电影和连续剧 Playlist | ? | Three Billboards Outside Ebbing, Missouri (2017) (TMDb: 359940)    |
[2022-07-08 03:29:34,168] [builder.py:2187]           [INFO]     | 豆瓣 Top250 电影和连续剧 Playlist | ? | Django Unchained (2012) (TMDb: 68718)                              |
[2022-07-08 03:29:34,432] [builder.py:2187]           [INFO]     | 豆瓣 Top250 电影和连续剧 Playlist | ? | Manchester by the Sea (2016) (TMDb: 334541)                        |
[2022-07-08 03:29:34,643] [builder.py:2187]           [INFO]     | 豆瓣 Top250 电影和连续剧 Playlist | ? | You are Umasou (2010) (TMDb: 89825)                                |
[2022-07-08 03:29:34,810] [builder.py:2187]           [INFO]     | 豆瓣 Top250 电影和连续剧 Playlist | ? | The Notebook (2004) (TMDb: 11036)                                  |
[2022-07-08 03:29:35,001] [builder.py:2187]           [INFO]     | 豆瓣 Top250 电影和连续剧 Playlist | ? | Inside Out (2015) (TMDb: 150540)                                   |
[2022-07-08 03:29:35,243] [builder.py:2187]           [INFO]     | 豆瓣 Top250 电影和连续剧 Playlist | ? | I Am Sam (2001) (TMDb: 10950)                                      |
[2022-07-08 03:29:35,451] [builder.py:2187]           [INFO]     | 豆瓣 Top250 电影和连续剧 Playlist | ? | La Grande Vadrouille (1966) (TMDb: 8290)                           |
[2022-07-08 03:29:35,621] [builder.py:2187]           [INFO]     | 豆瓣 Top250 电影和连续剧 Playlist | ? | Wreck-It Ralph (2012) (TMDb: 82690)                                |
[2022-07-08 03:29:35,865] [builder.py:2187]           [INFO]     | 豆瓣 Top250 电影和连续剧 Playlist | ? | Twenty Two (2017) (TMDb: 473267)                                   |
[2022-07-08 03:29:36,077] [builder.py:2187]           [INFO]     | 豆瓣 Top250 电影和连续剧 Playlist | ? | Ice Age (2002) (TMDb: 425)                                         |
[2022-07-08 03:29:36,377] [builder.py:2187]           [INFO]     | 豆瓣 Top250 电影和连续剧 Playlist | ? | Oceans (2010) (TMDb: 36970)                                        |
[2022-07-08 03:29:36,777] [builder.py:2187]           [INFO]     | 豆瓣 Top250 电影和连续剧 Playlist | ? | The Imitation Game (2014) (TMDb: 205596)                           |
[2022-07-08 03:29:37,035] [builder.py:2187]           [INFO]     | 豆瓣 Top250 电影和连续剧 Playlist | ? | Legends of the Fall (1994) (TMDb: 4476)                            |
[2022-07-08 03:29:37,243] [builder.py:2187]           [INFO]     | 豆瓣 Top250 电影和连续剧 Playlist | ? | A Man Called Ove (2015) (TMDb: 348678)                             |
[2022-07-08 03:29:37,832] [builder.py:2187]           [INFO]     | 豆瓣 Top250 电影和连续剧 Playlist | ? | Dying to Survive (2018) (TMDb: 532753)                             |
[2022-07-08 03:29:38,068] [builder.py:2187]           [INFO]     | 豆瓣 Top250 电影和连续剧 Playlist | ? | A.I. Artificial Intelligence (2001) (TMDb: 644)                    |
[2022-07-08 03:29:38,343] [builder.py:2187]           [INFO]     | 豆瓣 Top250 电影和连续剧 Playlist | ? | Hachi-ko (1987) (TMDb: 31743)                                      |
[2022-07-08 03:29:38,677] [builder.py:2187]           [INFO]     | 豆瓣 Top250 电影和连续剧 Playlist | ? | The Girl Who Leapt Through Time (2006) (TMDb: 14069)               |
[2022-07-08 03:29:38,934] [builder.py:2187]           [INFO]     | 豆瓣 Top250 电影和连续剧 Playlist | ? | Waterloo Bridge (1940) (TMDb: 43824)                               |
[2022-07-08 03:29:39,143] [builder.py:2187]           [INFO]     | 豆瓣 Top250 电影和连续剧 Playlist | ? | Triangle (2009) (TMDb: 26466)                                      |
[2022-07-08 03:29:39,410] [builder.py:2187]           [INFO]     | 豆瓣 Top250 电影和连续剧 Playlist | ? | Nezha Conquers the Dragon King (1979) (TMDb: 74037)                |
[2022-07-08 03:29:39,610] [builder.py:2187]           [INFO]     | 豆瓣 Top250 电影和连续剧 Playlist | ? | Our Little Sister (2015) (TMDb: 315846)                            |
[2022-07-08 03:29:39,810] [builder.py:2187]           [INFO]     | 豆瓣 Top250 电影和连续剧 Playlist | ? | Perfect Strangers (2016) (TMDb: 381341)                            |
[2022-07-08 03:29:39,999] [builder.py:2187]           [INFO]     | 豆瓣 Top250 电影和连续剧 Playlist | ? | The Matrix Revolutions (2003) (TMDb: 605)                          |
[2022-07-08 03:29:40,277] [builder.py:2187]           [INFO]     | 豆瓣 Top250 电影和连续剧 Playlist | ? | Secrets of the Heavenly Book (1983) (TMDb: 134575)                 |
[2022-07-08 03:29:40,521] [builder.py:2187]           [INFO]     | 豆瓣 Top250 电影和连续剧 Playlist | ? | Days of Being Wild (1990) (TMDb: 18311)                            |
[2022-07-08 03:29:40,701] [builder.py:2187]           [INFO]     | 豆瓣 Top250 电影和连续剧 Playlist | ? | Perfume: The Story of a Murderer (2006) (TMDb: 1427)               |
[2022-07-08 03:29:40,943] [builder.py:2187]           [INFO]     | 豆瓣 Top250 电影和连续剧 Playlist | ? | The Reader (2008) (TMDb: 8055)                                     |
[2022-07-08 03:29:41,188] [builder.py:2187]           [INFO]     | 豆瓣 Top250 电影和连续剧 Playlist | ? | Mountain Patrol (2004) (TMDb: 16074)                               |
[2022-07-08 03:29:41,393] [builder.py:2187]           [INFO]     | 豆瓣 Top250 电影和连续剧 Playlist | ? | The Wave (2008) (TMDb: 7735)                                       |
[2022-07-08 03:29:41,588] [builder.py:2187]           [INFO]     | 豆瓣 Top250 电影和连续剧 Playlist | ? | The Bourne Supremacy (2004) (TMDb: 2502)                           |
[2022-07-08 03:29:41,776] [builder.py:2187]           [INFO]     | 豆瓣 Top250 电影和连续剧 Playlist | ? | The Bourne Identity (2002) (TMDb: 2501)                            |
[2022-07-08 03:29:41,967] [builder.py:2187]           [INFO]     | 豆瓣 Top250 电影和连续剧 Playlist | ? | A Brighter Summer Day (1991) (TMDb: 15804)                         |
[2022-07-08 03:29:42,159] [builder.py:2187]           [INFO]     | 豆瓣 Top250 电影和连续剧 Playlist | ? | Lord of War (2005) (TMDb: 1830)                                    |
[2022-07-08 03:29:42,365] [builder.py:2187]           [INFO]     | 豆瓣 Top250 电影和连续剧 Playlist | ? | Like Stars on Earth (2007) (TMDb: 7508)                            |
[2022-07-08 03:29:42,543] [builder.py:2187]           [INFO]     | 豆瓣 Top250 电影和连续剧 Playlist | ? | Crazy Stone (2006) (TMDb: 45380)                                   |
[2022-07-08 03:29:42,777] [builder.py:2187]           [INFO]     | 豆瓣 Top250 电影和连续剧 Playlist | ? | Green Snake (1993) (TMDb: 39915)                                   |
[2022-07-08 03:29:43,101] [builder.py:2187]           [INFO]     | 豆瓣 Top250 电影和连续剧 Playlist | ? | A Little Thing Called Love (2010) (TMDb: 57627)                    |
[2022-07-08 03:29:43,376] [builder.py:2187]           [INFO]     | 豆瓣 Top250 电影和连续剧 Playlist | ? | Kung Fu Hustle (2004) (TMDb: 9470)                                 |
[2022-07-08 03:29:43,576] [builder.py:2187]           [INFO]     | 豆瓣 Top250 电影和连续剧 Playlist | ? | Source Code (2011) (TMDb: 45612)                                   |
[2022-07-08 03:29:43,901] [builder.py:2187]           [INFO]     | 豆瓣 Top250 电影和连续剧 Playlist | ? | Still Walking (2008) (TMDb: 25050)                                 |
[2022-07-08 03:29:44,121] [builder.py:2187]           [INFO]     | 豆瓣 Top250 电影和连续剧 Playlist | ? | Ready Player One (2018) (TMDb: 333339)                             |
[2022-07-08 03:29:44,321] [builder.py:2187]           [INFO]     | 豆瓣 Top250 电影和连续剧 Playlist | ? | Before Midnight (2013) (TMDb: 132344)                              |
[2022-07-08 03:29:44,559] [builder.py:2187]           [INFO]     | 豆瓣 Top250 电影和连续剧 Playlist | ? | New Dragon Gate Inn (1992) (TMDb: 40213)                           |
[2022-07-08 03:29:44,959] [builder.py:2187]           [INFO]     | 豆瓣 Top250 电影和连续剧 Playlist | ? | Bajrangi Bhaijaan (2015) (TMDb: 348892)                            |
[2022-07-08 03:29:45,188] [builder.py:2187]           [INFO]     | 豆瓣 Top250 电影和连续剧 Playlist | ? | A Separation (2011) (TMDb: 60243)                                  |
[2022-07-08 03:29:45,465] [builder.py:2187]           [INFO]     | 豆瓣 Top250 电影和连续剧 Playlist | ? | Following (1999) (TMDb: 11660)                                     |
[2022-07-08 03:29:45,659] [builder.py:2187]           [INFO]     | 豆瓣 Top250 电影和连续剧 Playlist | ? | Begin Again (2013) (TMDb: 198277)                                  |
[2022-07-08 03:29:45,876] [builder.py:2187]           [INFO]     | 豆瓣 Top250 电影和连续剧 Playlist | ? | Wonder (2017) (TMDb: 406997)                                       |
[2022-07-08 03:29:46,065] [builder.py:2187]           [INFO]     | 豆瓣 Top250 电影和连续剧 Playlist | ? | Tokyo Story (1953) (TMDb: 18148)                                   |
[2022-07-08 03:29:46,321] [builder.py:2187]           [INFO]     | 豆瓣 Top250 电影和连续剧 Playlist | ? | Blood Diamond (2006) (TMDb: 1372)                                  |
[2022-07-08 03:29:46,554] [builder.py:2187]           [INFO]     | 豆瓣 Top250 电影和连续剧 Playlist | ? | Coherence (2013) (TMDb: 220289)                                    |
[2022-07-08 03:29:46,743] [builder.py:2187]           [INFO]     | 豆瓣 Top250 电影和连续剧 Playlist | ? | Mad Max: Fury Road (2015) (TMDb: 76341)                            |
[2022-07-08 03:29:47,010] [builder.py:2187]           [INFO]     | 豆瓣 Top250 电影和连续剧 Playlist | ? | Train to Busan (2016) (TMDb: 396535)                               |
[2022-07-08 03:29:47,225] [builder.py:2187]           [INFO]     | 豆瓣 Top250 电影和连续剧 Playlist | ? | Spotlight (2015) (TMDb: 314365)                                    |
[2022-07-08 03:29:47,454] [builder.py:2187]           [INFO]     | 豆瓣 Top250 电影和连续剧 Playlist | ? | New World (2013) (TMDb: 165213)                                    |
[2022-07-08 03:29:47,832] [builder.py:2187]           [INFO]     | 豆瓣 Top250 电影和连续剧 Playlist | ? | E.T. the Extra-Terrestrial (1982) (TMDb: 601)                      |
[2022-07-08 03:29:48,043] [builder.py:2187]           [INFO]     | 豆瓣 Top250 电影和连续剧 Playlist | ? | Thelma & Louise (1991) (TMDb: 1541)                                |
[2022-07-08 03:29:48,342] [builder.py:2187]           [INFO]     | 豆瓣 Top250 电影和连续剧 Playlist | ? | Black Hawk Down (2001) (TMDb: 855)                                 |
[2022-07-08 03:29:48,684] [builder.py:2187]           [INFO]     | 豆瓣 Top250 电影和连续剧 Playlist | ? | Face/Off (1997) (TMDb: 754)                                        |
[2022-07-08 03:29:48,892] [builder.py:2187]           [INFO]     | 豆瓣 Top250 电影和连续剧 Playlist | ? | The Rock (1996) (TMDb: 9802)                                       |
[2022-07-08 03:29:49,067] [builder.py:2187]           [INFO]     | 豆瓣 Top250 电影和连续剧 Playlist | ? | The Bucket List (2007) (TMDb: 7350)                                |
[2022-07-08 03:29:49,292] [builder.py:2187]           [INFO]     | 豆瓣 Top250 电影和连续剧 Playlist | ? | Late Blossom (2011) (TMDb: 72575)                                  |
[2022-07-08 03:29:49,599] [builder.py:2187]           [INFO]     | 豆瓣 Top250 电影和连续剧 Playlist | ? | Gattaca (1997) (TMDb: 782)                                         |
[2022-07-08 03:29:49,799] [builder.py:2187]           [INFO]     | 豆瓣 Top250 电影和连续剧 Playlist | ? | 5 Centimeters per Second (2007) (TMDb: 38142)                      |
[2022-07-08 03:29:50,021] [builder.py:2187]           [INFO]     | 豆瓣 Top250 电影和连续剧 Playlist | ? | Mr. Donkey (2016) (TMDb: 421742)                                   |
[2022-07-08 03:29:50,299] [builder.py:2187]           [INFO]     | 豆瓣 Top250 电影和连续剧 Playlist | ? | The Invisible Guest (2017) (TMDb: 411088)                          |
[2022-07-08 03:29:50,710] [builder.py:2187]           [INFO]     | 豆瓣 Top250 电影和连续剧 Playlist | ? | Four Springs (2019) (TMDb: 537223)                                 |
[2022-07-08 03:29:50,711] [builder.py:2192]           [INFO]     |                                                                                                    |
[2022-07-08 03:29:50,711] [builder.py:2193]           [INFO]     | 158 Movies Missing                                                                                 |
[2022-07-08 03:29:50,804] [builder.py:2383]           [INFO]     |                                                                                                    |
[2022-07-08 03:29:50,805] [builder.py:2384]           [INFO]     |========================== Updating Details of 豆瓣 Top250 电影和连续剧 Playlist ===========================|
[2022-07-08 03:29:50,806] [builder.py:2385]           [INFO]     |                                                                                                    |
[2022-07-08 03:29:52,674] [builder.py:2529]           [INFO]     |                                                                                                    |
[2022-07-08 03:29:52,674] [builder.py:2530]           [INFO]     |================================ Sorting 豆瓣 Top250 电影和连续剧 Playlist =================================|
[2022-07-08 03:29:52,675] [builder.py:2531]           [INFO]     |                                                                                                    |
[2022-07-08 03:29:52,677] [builder.py:2595]           [INFO]     |                                                                                                    |
[2022-07-08 03:29:52,677] [builder.py:2596]           [INFO]     |==================================== Syncing Playlist to Users =====================================|
[2022-07-08 03:29:52,678] [builder.py:2597]           [INFO]     |                                                                                                    |
[2022-07-08 03:29:55,298] [builder.py:2604]           [INFO]     | Playlist: 豆瓣 Top250 电影和连续剧 synced to 1ntheshell                                                    |
[2022-07-08 03:29:56,950] [builder.py:2604]           [INFO]     | Playlist: 豆瓣 Top250 电影和连续剧 synced to BigHippo                                                      |
[2022-07-08 03:29:59,785] [builder.py:2604]           [INFO]     | Playlist: 豆瓣 Top250 电影和连续剧 synced to jenny934                                                      |
[2022-07-08 03:30:03,559] [builder.py:2604]           [INFO]     | Playlist: 豆瓣 Top250 电影和连续剧 synced to maggiek40                                                     |
[2022-07-08 03:30:06,702] [builder.py:2604]           [INFO]     | Playlist: 豆瓣 Top250 电影和连续剧 synced to njtab                                                         |
[2022-07-08 03:30:08,373] [builder.py:2604]           [INFO]     | Playlist: 豆瓣 Top250 电影和连续剧 synced to se7entao                                                      |
[2022-07-08 03:30:10,314] [builder.py:2604]           [INFO]     | Playlist: 豆瓣 Top250 电影和连续剧 synced to Shoyichi                                                      |
[2022-07-08 03:30:11,557] [builder.py:2604]           [INFO]     | Playlist: 豆瓣 Top250 电影和连续剧 synced to SzeMeng76                                                     |
[2022-07-08 03:30:11,558] [plex_meta_manager.py:839]  [INFO]     |                                                                                                    |
[2022-07-08 03:30:11,558] [plex_meta_manager.py:842]  [INFO]     |                                                                                                    |
[2022-07-08 03:30:11,559] [plex_meta_manager.py:843]  [INFO]     |====================================================================================================|
[2022-07-08 03:30:11,559] [plex_meta_manager.py:843]  [INFO]     |                                 Finished 豆瓣 Top250 电影和连续剧 Playlist                                 |
[2022-07-08 03:30:11,560] [plex_meta_manager.py:843]  [INFO]     |                                     Playlist Run Time: 0:01:02                                     |
[2022-07-08 03:30:11,560] [plex_meta_manager.py:843]  [INFO]     |====================================================================================================|
