[2022-07-08 02:29:05,490] [builder.py:185]            [INFO]     |====================================================================================================|
[2022-07-08 02:29:05,491] [builder.py:185]            [INFO]     |                                  Best of 2020s Collection in 亚洲电影                                  |
[2022-07-08 02:29:05,491] [builder.py:185]            [INFO]     |====================================================================================================|
[2022-07-08 02:29:05,492] [builder.py:186]            [INFO]     |                                                                                                    |
[2022-07-08 02:29:05,492] [builder.py:191]            [INFO]     |=============================== Validating Best of 2020s Attributes ================================|
[2022-07-08 02:29:05,492] [builder.py:212]            [DEBUG]    |                                                                                                    |
[2022-07-08 02:29:05,493] [builder.py:213]            [DEBUG]    | Validating Method: template                                                                        |
[2022-07-08 02:29:05,493] [meta.py:103]               [DEBUG]    | Value: [{'value': ['2020'], 'decade': ['2020'], 'key_name': '2020s', 'key': '2020', 'name': 'decade_dynamic'}, {'value': ['2020'], 'decade': ['2020'], 'key_name': '2020s', 'key': '2020', 'name': 'shared'}] |
[2022-07-08 02:29:05,495] [builder.py:1675]           [INFO]     |                                                                                                    |
[2022-07-08 02:29:05,495] [builder.py:1676]           [INFO]     | Validating Method: smart_filter                                                                    |
[2022-07-08 02:29:05,496] [builder.py:1682]           [DEBUG]    | Value: {'sort_by': 'critic_rating.desc', 'any': {'decade': ['2020']}, 'limit': 100}                |
[2022-07-08 02:29:05,496] [builder.py:600]            [DEBUG]    |                                                                                                    |
[2022-07-08 02:29:05,497] [builder.py:604]            [DEBUG]    | Validating Method: label                                                                           |
[2022-07-08 02:29:05,497] [builder.py:605]            [DEBUG]    | Value: Decade                                                                                      |
[2022-07-08 02:29:05,497] [builder.py:600]            [DEBUG]    |                                                                                                    |
[2022-07-08 02:29:05,498] [builder.py:604]            [DEBUG]    | Validating Method: url_poster                                                                      |
[2022-07-08 02:29:05,498] [builder.py:605]            [DEBUG]    | Value: https://raw.githubusercontent.com/meisnate12/Plex-Meta-Manager-Images/master/decade/best/2020.jpg |
[2022-07-08 02:29:05,814] [builder.py:600]            [DEBUG]    |                                                                                                    |
[2022-07-08 02:29:05,815] [builder.py:604]            [DEBUG]    | Validating Method: sort_title                                                                      |
[2022-07-08 02:29:05,815] [builder.py:605]            [DEBUG]    | Value: !12_Best of 2020s                                                                           |
[2022-07-08 02:29:05,943] [builder.py:764]            [INFO]     |                                                                                                    |
[2022-07-08 02:29:05,944] [builder.py:765]            [INFO]     | Validation Successful                                                                              |
[2022-07-08 02:29:05,944] [plex_meta_manager.py:539]  [INFO]     |                                                                                                    |
[2022-07-08 02:29:05,945] [plex_meta_manager.py:541]  [INFO]     |================================= Running Best of 2020s Collection =================================|
[2022-07-08 02:29:05,945] [plex_meta_manager.py:547]  [INFO]     |                                                                                                    |
[2022-07-08 02:29:05,945] [plex_meta_manager.py:548]  [INFO]     | Smart Movie Filter                                                                                 |
                                                                 | Sort By: critic_rating.desc
                                                                 | Limit: 100
                                                                 | Filter:
                                                                 |   Match any of the following:
                                                                 |     Decade is 2020
[2022-07-08 02:29:06,167] [builder.py:2383]           [INFO]     | 
[2022-07-08 02:29:06,167] [builder.py:2384]           [INFO]     |=========================== Updating Details of Best of 2020s Collection ===========================|
[2022-07-08 02:29:06,168] [builder.py:2385]           [INFO]     |                                                                                                    |
[2022-07-08 02:29:06,191] [builder.py:2446]           [INFO]     | Collection Metadata Edits                                                                          |
[2022-07-08 02:29:06,191] [util.py:150]               [DEBUG]    | 1 poster found:                                                                                    |
[2022-07-08 02:29:06,192] [util.py:152]               [DEBUG]    | Method: url_poster Poster: https://raw.githubusercontent.com/meisnate12/Plex-Meta-Manager-Images/master/decade/best/2020.jpg |
[2022-07-08 02:29:06,194] [library.py:155]            [INFO]     | Detail: poster update not needed                                                                   |
[2022-07-08 02:29:06,303] [plex_meta_manager.py:674]  [INFO]     |                                                                                                    |
[2022-07-08 02:29:06,304] [plex_meta_manager.py:675]  [INFO]     |====================================================================================================|
[2022-07-08 02:29:06,304] [plex_meta_manager.py:675]  [INFO]     |                                 Finished Best of 2020s Collection                                  |
[2022-07-08 02:29:06,304] [plex_meta_manager.py:675]  [INFO]     |                                    Collection Run Time: 0:00:00                                    |
[2022-07-08 02:29:06,305] [plex_meta_manager.py:675]  [INFO]     |====================================================================================================|
