[2022-07-08 03:04:28,260] [builder.py:185]            [INFO]     |====================================================================================================|
[2022-07-08 03:04:28,261] [builder.py:185]            [INFO]     |                              Best of 2010s Collection in ....TV Shows                              |
[2022-07-08 03:04:28,261] [builder.py:185]            [INFO]     |====================================================================================================|
[2022-07-08 03:04:28,262] [builder.py:186]            [INFO]     |                                                                                                    |
[2022-07-08 03:04:28,262] [builder.py:191]            [INFO]     |=============================== Validating Best of 2010s Attributes ================================|
[2022-07-08 03:04:28,262] [builder.py:212]            [DEBUG]    |                                                                                                    |
[2022-07-08 03:04:28,263] [builder.py:213]            [DEBUG]    | Validating Method: template                                                                        |
[2022-07-08 03:04:28,263] [meta.py:103]               [DEBUG]    | Value: [{'value': [2019, 2014, 2010, 2016, 2011], 'decade': [2019, 2014, 2010, 2016, 2011], 'key_name': '2010', 'key': '2010', 'name': 'decade_dynamic'}, {'value': [2019, 2014, 2010, 2016, 2011], 'decade': [2019, 2014, 2010, 2016, 2011], 'key_name': '2010', 'key': '2010', 'name': 'shared'}] |
[2022-07-08 03:04:28,265] [builder.py:1675]           [INFO]     |                                                                                                    |
[2022-07-08 03:04:28,266] [builder.py:1676]           [INFO]     | Validating Method: smart_filter                                                                    |
[2022-07-08 03:04:28,266] [builder.py:1682]           [DEBUG]    | Value: {'sort_by': 'critic_rating.desc', 'any': {'year': [2019, 2014, 2010, 2016, 2011]}, 'limit': 100} |
[2022-07-08 03:04:28,267] [builder.py:600]            [DEBUG]    |                                                                                                    |
[2022-07-08 03:04:28,267] [builder.py:604]            [DEBUG]    | Validating Method: label                                                                           |
[2022-07-08 03:04:28,267] [builder.py:605]            [DEBUG]    | Value: Decade                                                                                      |
[2022-07-08 03:04:28,268] [builder.py:600]            [DEBUG]    |                                                                                                    |
[2022-07-08 03:04:28,268] [builder.py:604]            [DEBUG]    | Validating Method: url_poster                                                                      |
[2022-07-08 03:04:28,268] [builder.py:605]            [DEBUG]    | Value: https://raw.githubusercontent.com/meisnate12/Plex-Meta-Manager-Images/master/decade/best/2010.jpg |
[2022-07-08 03:04:28,557] [builder.py:600]            [DEBUG]    |                                                                                                    |
[2022-07-08 03:04:28,558] [builder.py:604]            [DEBUG]    | Validating Method: sort_title                                                                      |
[2022-07-08 03:04:28,558] [builder.py:605]            [DEBUG]    | Value: !12_Best of 2010s                                                                           |
[2022-07-08 03:04:28,653] [builder.py:764]            [INFO]     |                                                                                                    |
[2022-07-08 03:04:28,654] [builder.py:765]            [INFO]     | Validation Successful                                                                              |
[2022-07-08 03:04:28,654] [plex_meta_manager.py:539]  [INFO]     |                                                                                                    |
[2022-07-08 03:04:28,654] [plex_meta_manager.py:541]  [INFO]     |================================= Running Best of 2010s Collection =================================|
[2022-07-08 03:04:28,655] [plex_meta_manager.py:547]  [INFO]     |                                                                                                    |
[2022-07-08 03:04:28,655] [plex_meta_manager.py:548]  [INFO]     | Smart Show Filter                                                                                  |
                                                                 | Sort By: critic_rating.desc
                                                                 | Limit: 100
                                                                 | Filter:
                                                                 |   Match any of the following:
                                                                 |     Year is 2019
                                                                 |     Year is 2014
                                                                 |     Year is 2010
                                                                 |     Year is 2016
                                                                 |     Year is 2011
[2022-07-08 03:04:28,751] [builder.py:2383]           [INFO]     | 
[2022-07-08 03:04:28,751] [builder.py:2384]           [INFO]     |=========================== Updating Details of Best of 2010s Collection ===========================|
[2022-07-08 03:04:28,752] [builder.py:2385]           [INFO]     |                                                                                                    |
[2022-07-08 03:04:28,777] [builder.py:2446]           [INFO]     | Collection Metadata Edits                                                                          |
[2022-07-08 03:04:28,777] [util.py:150]               [DEBUG]    | 1 poster found:                                                                                    |
[2022-07-08 03:04:28,778] [util.py:152]               [DEBUG]    | Method: url_poster Poster: https://raw.githubusercontent.com/meisnate12/Plex-Meta-Manager-Images/master/decade/best/2010.jpg |
[2022-07-08 03:04:28,781] [library.py:155]            [INFO]     | Detail: poster update not needed                                                                   |
[2022-07-08 03:04:28,854] [plex_meta_manager.py:674]  [INFO]     |                                                                                                    |
[2022-07-08 03:04:28,854] [plex_meta_manager.py:675]  [INFO]     |====================================================================================================|
[2022-07-08 03:04:28,855] [plex_meta_manager.py:675]  [INFO]     |                                 Finished Best of 2010s Collection                                  |
[2022-07-08 03:04:28,855] [plex_meta_manager.py:675]  [INFO]     |                                    Collection Run Time: 0:00:00                                    |
[2022-07-08 03:04:28,855] [plex_meta_manager.py:675]  [INFO]     |====================================================================================================|
