[2022-07-08 01:47:19,482] [builder.py:185]            [INFO]     |====================================================================================================|
[2022-07-08 01:47:19,483] [builder.py:185]            [INFO]     |                                United Kingdom Collection in Movies                                 |
[2022-07-08 01:47:19,484] [builder.py:185]            [INFO]     |====================================================================================================|
[2022-07-08 01:47:19,484] [builder.py:186]            [INFO]     |                                                                                                    |
[2022-07-08 01:47:19,485] [builder.py:191]            [INFO]     |=============================== Validating United Kingdom Attributes ===============================|
[2022-07-08 01:47:19,485] [builder.py:212]            [DEBUG]    |                                                                                                    |
[2022-07-08 01:47:19,485] [builder.py:213]            [DEBUG]    | Validating Method: template                                                                        |
[2022-07-08 01:47:19,485] [meta.py:103]               [DEBUG]    | Value: [{'value': ['United Kingdom'], 'country': ['United Kingdom'], 'key_name': 'United Kingdom', 'key': 'United Kingdom', 'name': 'country_dynamic'}, {'value': ['United Kingdom'], 'country': ['United Kingdom'], 'key_name': 'United Kingdom', 'key': 'United Kingdom', 'name': 'shared'}] |
[2022-07-08 01:47:19,488] [builder.py:1675]           [INFO]     |                                                                                                    |
[2022-07-08 01:47:19,488] [builder.py:1676]           [INFO]     | Validating Method: smart_filter                                                                    |
[2022-07-08 01:47:19,488] [builder.py:1682]           [DEBUG]    | Value: {'sort_by': 'release.desc', 'any': {'country': ['United Kingdom']}}                         |
[2022-07-08 01:47:19,530] [builder.py:600]            [DEBUG]    |                                                                                                    |
[2022-07-08 01:47:19,531] [builder.py:604]            [DEBUG]    | Validating Method: label                                                                           |
[2022-07-08 01:47:19,531] [builder.py:605]            [DEBUG]    | Value: Country Color                                                                               |
[2022-07-08 01:47:19,531] [builder.py:600]            [DEBUG]    |                                                                                                    |
[2022-07-08 01:47:19,532] [builder.py:604]            [DEBUG]    | Validating Method: url_poster                                                                      |
[2022-07-08 01:47:19,532] [builder.py:605]            [DEBUG]    | Value: https://raw.githubusercontent.com/meisnate12/Plex-Meta-Manager-Images/master/country/white/United%20Kingdom.jpg |
[2022-07-08 01:47:19,839] [builder.py:600]            [DEBUG]    |                                                                                                    |
[2022-07-08 01:47:19,840] [builder.py:604]            [DEBUG]    | Validating Method: sort_title                                                                      |
[2022-07-08 01:47:19,840] [builder.py:605]            [DEBUG]    | Value: !09_United Kingdom                                                                          |
[2022-07-08 01:47:21,254] [builder.py:764]            [INFO]     |                                                                                                    |
[2022-07-08 01:47:21,255] [builder.py:765]            [INFO]     | Validation Successful                                                                              |
[2022-07-08 01:47:21,255] [plex_meta_manager.py:539]  [INFO]     |                                                                                                    |
[2022-07-08 01:47:21,256] [plex_meta_manager.py:541]  [INFO]     |================================ Running United Kingdom Collection =================================|
[2022-07-08 01:47:21,256] [plex_meta_manager.py:547]  [INFO]     |                                                                                                    |
[2022-07-08 01:47:21,256] [plex_meta_manager.py:548]  [INFO]     | Smart Movie Filter                                                                                 |
                                                                 | Sort By: release.desc
                                                                 | Filter:
                                                                 |   Match any of the following:
                                                                 |     Country is United Kingdom
[2022-07-08 01:47:22,665] [builder.py:2383]           [INFO]     | 
[2022-07-08 01:47:22,666] [builder.py:2384]           [INFO]     |========================== Updating Details of United Kingdom Collection ===========================|
[2022-07-08 01:47:22,666] [builder.py:2385]           [INFO]     |                                                                                                    |
[2022-07-08 01:47:22,688] [builder.py:2446]           [INFO]     | Collection Metadata Edits                                                                          |
[2022-07-08 01:47:22,688] [util.py:150]               [DEBUG]    | 1 poster found:                                                                                    |
[2022-07-08 01:47:22,689] [util.py:152]               [DEBUG]    | Method: url_poster Poster: https://raw.githubusercontent.com/meisnate12/Plex-Meta-Manager-Images/master/country/white/United%20Kingdom.jpg |
[2022-07-08 01:47:22,691] [library.py:155]            [INFO]     | Detail: poster update not needed                                                                   |
[2022-07-08 01:47:24,074] [plex_meta_manager.py:674]  [INFO]     |                                                                                                    |
[2022-07-08 01:47:24,074] [plex_meta_manager.py:675]  [INFO]     |====================================================================================================|
[2022-07-08 01:47:24,075] [plex_meta_manager.py:675]  [INFO]     |                                 Finished United Kingdom Collection                                 |
[2022-07-08 01:47:24,075] [plex_meta_manager.py:675]  [INFO]     |                                    Collection Run Time: 0:00:04                                    |
[2022-07-08 01:47:24,075] [plex_meta_manager.py:675]  [INFO]     |====================================================================================================|
