[2022-07-08 03:16:47,801] [builder.py:185]            [INFO]     |====================================================================================================|
[2022-07-08 03:16:47,802] [builder.py:185]            [INFO]     |                                    CBS Collection in ..Cartoons                                    |
[2022-07-08 03:16:47,802] [builder.py:185]            [INFO]     |====================================================================================================|
[2022-07-08 03:16:47,802] [builder.py:186]            [INFO]     |                                                                                                    |
[2022-07-08 03:16:47,803] [builder.py:191]            [INFO]     |==================================== Validating CBS Attributes =====================================|
[2022-07-08 03:16:47,803] [builder.py:212]            [DEBUG]    |                                                                                                    |
[2022-07-08 03:16:47,803] [builder.py:213]            [DEBUG]    | Validating Method: template                                                                        |
[2022-07-08 03:16:47,804] [meta.py:103]               [DEBUG]    | Value: [{'value': ['CBS'], 'network': ['CBS'], 'key_name': 'CBS', 'key': 'CBS', 'name': 'networks_dynamic'}, {'value': ['CBS'], 'network': ['CBS'], 'key_name': 'CBS', 'key': 'CBS', 'name': 'shared'}] |
[2022-07-08 03:16:47,806] [builder.py:1675]           [INFO]     |                                                                                                    |
[2022-07-08 03:16:47,806] [builder.py:1676]           [INFO]     | Validating Method: smart_filter                                                                    |
[2022-07-08 03:16:47,807] [builder.py:1682]           [DEBUG]    | Value: {'sort_by': 'release.desc', 'any': {'network': ['CBS']}}                                    |
[2022-07-08 03:16:47,822] [builder.py:600]            [DEBUG]    |                                                                                                    |
[2022-07-08 03:16:47,823] [builder.py:604]            [DEBUG]    | Validating Method: label                                                                           |
[2022-07-08 03:16:47,823] [builder.py:605]            [DEBUG]    | Value: Network US                                                                                  |
[2022-07-08 03:16:47,823] [builder.py:600]            [DEBUG]    |                                                                                                    |
[2022-07-08 03:16:47,824] [builder.py:604]            [DEBUG]    | Validating Method: url_poster                                                                      |
[2022-07-08 03:16:47,824] [builder.py:605]            [DEBUG]    | Value: https://raw.githubusercontent.com/meisnate12/Plex-Meta-Manager-Images/master/network/CBS.jpg |
[2022-07-08 03:16:48,122] [builder.py:600]            [DEBUG]    |                                                                                                    |
[2022-07-08 03:16:48,122] [builder.py:604]            [DEBUG]    | Validating Method: sort_title                                                                      |
[2022-07-08 03:16:48,123] [builder.py:605]            [DEBUG]    | Value: !04_CBS                                                                                     |
[2022-07-08 03:16:48,137] [plex.py:742]               [DEBUG]    |                                                                                                    |
[2022-07-08 03:16:48,137] [plex.py:745]               [DEBUG]    | Looking for: CBS                                                                                   |
[2022-07-08 03:16:48,138] [builder.py:764]            [INFO]     |                                                                                                    |
[2022-07-08 03:16:48,138] [builder.py:765]            [INFO]     | Validation Successful                                                                              |
[2022-07-08 03:16:48,138] [plex_meta_manager.py:539]  [INFO]     |                                                                                                    |
[2022-07-08 03:16:48,139] [plex_meta_manager.py:541]  [INFO]     |====================================== Running CBS Collection ======================================|
[2022-07-08 03:16:48,139] [plex_meta_manager.py:547]  [INFO]     |                                                                                                    |
[2022-07-08 03:16:48,139] [plex_meta_manager.py:548]  [INFO]     | Smart Show Filter                                                                                  |
                                                                 | Sort By: release.desc
                                                                 | Filter:
                                                                 |   Match any of the following:
                                                                 |     Network is CBS
[2022-07-08 03:16:48,173] [plex_meta_manager.py:593]  [INFO]     | 
[2022-07-08 03:16:48,173] [plex_meta_manager.py:594]  [INFO]     | Collection Minimum: 3 not met for CBS Collection
[2022-07-08 03:16:48,174] [plex_meta_manager.py:674]  [INFO]     | 
[2022-07-08 03:16:48,174] [plex_meta_manager.py:675]  [INFO]     |====================================================================================================|
[2022-07-08 03:16:48,174] [plex_meta_manager.py:675]  [INFO]     |                                      Finished CBS Collection                                       |
[2022-07-08 03:16:48,175] [plex_meta_manager.py:675]  [INFO]     |                                    Collection Run Time: 0:00:00                                    |
[2022-07-08 03:16:48,175] [plex_meta_manager.py:675]  [INFO]     |====================================================================================================|
