[2022-07-08 02:28:43,727] [builder.py:185]            [INFO]     |====================================================================================================|
[2022-07-08 02:28:43,728] [builder.py:185]            [INFO]     |                                      China Collection in 亚洲电影                                      |
[2022-07-08 02:28:43,728] [builder.py:185]            [INFO]     |====================================================================================================|
[2022-07-08 02:28:43,728] [builder.py:186]            [INFO]     |                                                                                                    |
[2022-07-08 02:28:43,729] [builder.py:191]            [INFO]     |=================================== Validating China Attributes ====================================|
[2022-07-08 02:28:43,729] [builder.py:212]            [DEBUG]    |                                                                                                    |
[2022-07-08 02:28:43,729] [builder.py:213]            [DEBUG]    | Validating Method: template                                                                        |
[2022-07-08 02:28:43,730] [meta.py:103]               [DEBUG]    | Value: [{'value': ['China'], 'country': ['China'], 'key_name': 'China', 'key': 'China', 'name': 'country_dynamic'}, {'value': ['China'], 'country': ['China'], 'key_name': 'China', 'key': 'China', 'name': 'shared'}] |
[2022-07-08 02:28:43,732] [builder.py:1675]           [INFO]     |                                                                                                    |
[2022-07-08 02:28:43,732] [builder.py:1676]           [INFO]     | Validating Method: smart_filter                                                                    |
[2022-07-08 02:28:43,732] [builder.py:1682]           [DEBUG]    | Value: {'sort_by': 'release.desc', 'any': {'country': ['China']}}                                  |
[2022-07-08 02:28:48,987] [builder.py:600]            [DEBUG]    |                                                                                                    |
[2022-07-08 02:28:48,987] [builder.py:604]            [DEBUG]    | Validating Method: label                                                                           |
[2022-07-08 02:28:48,987] [builder.py:605]            [DEBUG]    | Value: Country Color                                                                               |
[2022-07-08 02:28:48,988] [builder.py:600]            [DEBUG]    |                                                                                                    |
[2022-07-08 02:28:48,988] [builder.py:604]            [DEBUG]    | Validating Method: url_poster                                                                      |
[2022-07-08 02:28:48,989] [builder.py:605]            [DEBUG]    | Value: https://raw.githubusercontent.com/meisnate12/Plex-Meta-Manager-Images/master/country/white/China.jpg |
[2022-07-08 02:28:49,314] [builder.py:600]            [DEBUG]    |                                                                                                    |
[2022-07-08 02:28:49,315] [builder.py:604]            [DEBUG]    | Validating Method: sort_title                                                                      |
[2022-07-08 02:28:49,315] [builder.py:605]            [DEBUG]    | Value: !09_China                                                                                   |
[2022-07-08 02:28:50,020] [builder.py:764]            [INFO]     |                                                                                                    |
[2022-07-08 02:28:50,021] [builder.py:765]            [INFO]     | Validation Successful                                                                              |
[2022-07-08 02:28:50,021] [plex_meta_manager.py:539]  [INFO]     |                                                                                                    |
[2022-07-08 02:28:50,022] [plex_meta_manager.py:541]  [INFO]     |===================================== Running China Collection =====================================|
[2022-07-08 02:28:50,022] [plex_meta_manager.py:547]  [INFO]     |                                                                                                    |
[2022-07-08 02:28:50,022] [plex_meta_manager.py:548]  [INFO]     | Smart Movie Filter                                                                                 |
                                                                 | Sort By: release.desc
                                                                 | Filter:
                                                                 |   Match any of the following:
                                                                 |     Country is China
[2022-07-08 02:28:50,495] [builder.py:2383]           [INFO]     | 
[2022-07-08 02:28:50,496] [builder.py:2384]           [INFO]     |=============================== Updating Details of China Collection ===============================|
[2022-07-08 02:28:50,497] [builder.py:2385]           [INFO]     |                                                                                                    |
[2022-07-08 02:28:50,633] [builder.py:2446]           [INFO]     | Collection Metadata Edits                                                                          |
[2022-07-08 02:28:50,633] [util.py:150]               [DEBUG]    | 1 poster found:                                                                                    |
[2022-07-08 02:28:50,633] [util.py:152]               [DEBUG]    | Method: url_poster Poster: https://raw.githubusercontent.com/meisnate12/Plex-Meta-Manager-Images/master/country/white/China.jpg |
[2022-07-08 02:28:50,636] [library.py:155]            [INFO]     | Detail: poster update not needed                                                                   |
[2022-07-08 02:28:51,089] [plex_meta_manager.py:674]  [INFO]     |                                                                                                    |
[2022-07-08 02:28:51,090] [plex_meta_manager.py:675]  [INFO]     |====================================================================================================|
[2022-07-08 02:28:51,090] [plex_meta_manager.py:675]  [INFO]     |                                     Finished China Collection                                      |
[2022-07-08 02:28:51,091] [plex_meta_manager.py:675]  [INFO]     |                                    Collection Run Time: 0:00:07                                    |
[2022-07-08 02:28:51,091] [plex_meta_manager.py:675]  [INFO]     |====================================================================================================|
