[2022-07-08 02:29:03,747] [builder.py:185]            [INFO]     |====================================================================================================|
[2022-07-08 02:29:03,748] [builder.py:185]            [INFO]     |                                      Korea Collection in 亚洲电影                                      |
[2022-07-08 02:29:03,748] [builder.py:185]            [INFO]     |====================================================================================================|
[2022-07-08 02:29:03,748] [builder.py:186]            [INFO]     |                                                                                                    |
[2022-07-08 02:29:03,749] [builder.py:191]            [INFO]     |=================================== Validating Korea Attributes ====================================|
[2022-07-08 02:29:03,749] [builder.py:212]            [DEBUG]    |                                                                                                    |
[2022-07-08 02:29:03,750] [builder.py:213]            [DEBUG]    | Validating Method: template                                                                        |
[2022-07-08 02:29:03,750] [meta.py:103]               [DEBUG]    | Value: [{'value': ['Republic of Korea'], 'country': ['Republic of Korea'], 'key_name': 'Korea', 'key': 'Korea', 'name': 'country_dynamic'}, {'value': ['Republic of Korea'], 'country': ['Republic of Korea'], 'key_name': 'Korea', 'key': 'Korea', 'name': 'shared'}] |
[2022-07-08 02:29:03,752] [builder.py:1675]           [INFO]     |                                                                                                    |
[2022-07-08 02:29:03,753] [builder.py:1676]           [INFO]     | Validating Method: smart_filter                                                                    |
[2022-07-08 02:29:03,753] [builder.py:1682]           [DEBUG]    | Value: {'sort_by': 'release.desc', 'any': {'country': ['Republic of Korea']}}                      |
[2022-07-08 02:29:03,790] [builder.py:600]            [DEBUG]    |                                                                                                    |
[2022-07-08 02:29:03,791] [builder.py:604]            [DEBUG]    | Validating Method: label                                                                           |
[2022-07-08 02:29:03,791] [builder.py:605]            [DEBUG]    | Value: Country Color                                                                               |
[2022-07-08 02:29:03,792] [builder.py:600]            [DEBUG]    |                                                                                                    |
[2022-07-08 02:29:03,792] [builder.py:604]            [DEBUG]    | Validating Method: url_poster                                                                      |
[2022-07-08 02:29:03,792] [builder.py:605]            [DEBUG]    | Value: https://raw.githubusercontent.com/meisnate12/Plex-Meta-Manager-Images/master/country/white/Korea.jpg |
[2022-07-08 02:29:04,109] [builder.py:600]            [DEBUG]    |                                                                                                    |
[2022-07-08 02:29:04,110] [builder.py:604]            [DEBUG]    | Validating Method: sort_title                                                                      |
[2022-07-08 02:29:04,110] [builder.py:605]            [DEBUG]    | Value: !09_Korea                                                                                   |
[2022-07-08 02:29:04,126] [plex.py:742]               [DEBUG]    |                                                                                                    |
[2022-07-08 02:29:04,126] [plex.py:745]               [DEBUG]    | Looking for: Korea                                                                                 |
[2022-07-08 02:29:04,127] [builder.py:764]            [INFO]     |                                                                                                    |
[2022-07-08 02:29:04,127] [builder.py:765]            [INFO]     | Validation Successful                                                                              |
[2022-07-08 02:29:04,128] [plex_meta_manager.py:539]  [INFO]     |                                                                                                    |
[2022-07-08 02:29:04,128] [plex_meta_manager.py:541]  [INFO]     |===================================== Running Korea Collection =====================================|
[2022-07-08 02:29:04,129] [plex_meta_manager.py:547]  [INFO]     |                                                                                                    |
[2022-07-08 02:29:04,129] [plex_meta_manager.py:548]  [INFO]     | Smart Movie Filter                                                                                 |
                                                                 | Sort By: release.desc
                                                                 | Filter:
                                                                 |   Match any of the following:
                                                                 |     Country is Republic of Korea
[2022-07-08 02:29:04,163] [plex_meta_manager.py:593]  [INFO]     | 
[2022-07-08 02:29:04,164] [plex_meta_manager.py:594]  [INFO]     | Collection Minimum: 3 not met for Korea Collection
[2022-07-08 02:29:04,164] [plex_meta_manager.py:674]  [INFO]     | 
[2022-07-08 02:29:04,164] [plex_meta_manager.py:675]  [INFO]     |====================================================================================================|
[2022-07-08 02:29:04,165] [plex_meta_manager.py:675]  [INFO]     |                                     Finished Korea Collection                                      |
[2022-07-08 02:29:04,165] [plex_meta_manager.py:675]  [INFO]     |                                    Collection Run Time: 0:00:00                                    |
[2022-07-08 02:29:04,165] [plex_meta_manager.py:675]  [INFO]     |====================================================================================================|
