[2022-07-08 03:26:40,417] [builder.py:185]            [INFO]     |====================================================================================================|
[2022-07-08 03:26:40,418] [builder.py:185]            [INFO]     |                                  TimeOut Shanghai之中国百佳电影 Playlist                                  |
[2022-07-08 03:26:40,418] [builder.py:185]            [INFO]     |====================================================================================================|
[2022-07-08 03:26:40,419] [builder.py:186]            [INFO]     |                                                                                                    |
[2022-07-08 03:26:40,419] [builder.py:191]            [INFO]     |========================== Validating TimeOut Shanghai之中国百佳电影 Attributes ===========================|
[2022-07-08 03:26:40,419] [builder.py:212]            [DEBUG]    |                                                                                                    |
[2022-07-08 03:26:40,420] [builder.py:213]            [DEBUG]    | Validating Method: template                                                                        |
[2022-07-08 03:26:40,420] [meta.py:103]               [DEBUG]    | Value: [ordereddict([('name', 'playlist')])]                                                       |
[2022-07-08 03:26:40,422] [builder.py:259]            [DEBUG]    |                                                                                                    |
[2022-07-08 03:26:40,422] [builder.py:260]            [DEBUG]    | Validating Method: libraries                                                                       |
[2022-07-08 03:26:40,423] [builder.py:263]            [DEBUG]    | Value: Movies, 亚洲电影                                                                                |
[2022-07-08 03:26:40,423] [builder.py:272]            [DEBUG]    |                                                                                                    |
[2022-07-08 03:26:40,423] [builder.py:273]            [DEBUG]    | Validating Method: sync_to_users                                                                   |
[2022-07-08 03:26:40,424] [builder.py:274]            [DEBUG]    | Value: all                                                                                         |
[2022-07-08 03:26:40,424] [builder.py:437]            [DEBUG]    |                                                                                                    |
[2022-07-08 03:26:40,425] [builder.py:438]            [DEBUG]    | Validating Method: sync_mode                                                                       |
[2022-07-08 03:26:40,425] [builder.py:442]            [DEBUG]    | Value: sync                                                                                        |
[2022-07-08 03:26:40,425] [builder.py:600]            [DEBUG]    |                                                                                                    |
[2022-07-08 03:26:40,426] [builder.py:604]            [DEBUG]    | Validating Method: trakt_list                                                                      |
[2022-07-08 03:26:40,426] [builder.py:605]            [DEBUG]    | Value: https://trakt.tv/users/bpsim/lists/time-out-shanghai-100-best-chinese-mainland-films        |
[2022-07-08 03:26:40,709] [builder.py:600]            [DEBUG]    |                                                                                                    |
[2022-07-08 03:26:40,710] [builder.py:604]            [DEBUG]    | Validating Method: summary                                                                         |
[2022-07-08 03:26:40,710] [builder.py:605]            [DEBUG]    | Value: Time Out presents the greatest Chinese Mainland films of all time. Working with our sister magazines in Beijing, we polled an auspicious 88 film experts from across the world to determine the 100 best films of all time from 1930s silent classics, blockbuster wuxia epics and independent documentaries. (March 2014) |
[2022-07-08 03:26:40,710] [builder.py:600]            [DEBUG]    |                                                                                                    |
[2022-07-08 03:26:40,711] [builder.py:604]            [DEBUG]    | Validating Method: url_poster                                                                      |
[2022-07-08 03:26:40,711] [builder.py:605]            [DEBUG]    | Value: http://beijingcream.com/wp-content/uploads/2014/04/TimeOuts-list-of-best-mainland-Chinese-films.jpg |
[2022-07-08 03:26:41,322] [builder.py:600]            [DEBUG]    |                                                                                                    |
[2022-07-08 03:26:41,322] [builder.py:604]            [DEBUG]    | Validating Method: cache_builders                                                                  |
[2022-07-08 03:26:41,323] [builder.py:605]            [DEBUG]    | Value: 1                                                                                           |
[2022-07-08 03:26:41,598] [builder.py:764]            [INFO]     |                                                                                                    |
[2022-07-08 03:26:41,598] [builder.py:765]            [INFO]     | Validation Successful                                                                              |
[2022-07-08 03:26:41,600] [plex_meta_manager.py:713]  [INFO]     |                                                                                                    |
[2022-07-08 03:26:41,601] [plex_meta_manager.py:715]  [INFO]     |============================= Running TimeOut Shanghai之中国百佳电影 Playlist =============================|
[2022-07-08 03:26:41,601] [plex_meta_manager.py:723]  [INFO]     |                                                                                                    |
[2022-07-08 03:26:41,601] [plex_meta_manager.py:724]  [INFO]     | Sync Mode: sync                                                                                    |
[2022-07-08 03:26:41,602] [plex_meta_manager.py:727]  [DEBUG]    |                                                                                                    |
[2022-07-08 03:26:41,602] [plex_meta_manager.py:728]  [DEBUG]    | Builder: trakt_list: https://trakt.tv/users/bpsim/lists/time-out-shanghai-100-best-chinese-mainland-films |
[2022-07-08 03:26:41,603] [plex_meta_manager.py:729]  [INFO]     |                                                                                                    |
[2022-07-08 03:26:41,605] [trakt.py:482]              [INFO]     | Processing Trakt List: https://trakt.tv/users/bpsim/lists/time-out-shanghai-100-best-chinese-mainland-films |
[2022-07-08 03:26:42,916] [builder.py:1507]           [DEBUG]    |                                                                                                    |
[2022-07-08 03:26:42,917] [builder.py:1508]           [DEBUG]    | 100 IDs Found: [(10997, 'tmdb'), (21058, 'tmdb'), (25838, 'tmdb'), (161285, 'tmdb'), (52103, 'tmdb'), (86282, 'tmdb'), (92990, 'tmdb'), (31439, 'tmdb'), (112698, 'tmdb'), (112699, 'tmdb'), (2346, 'tmdb'), (42006, 'tmdb'), (10404, 'tmdb'), (44162, 'tmdb'), (11492, 'tmdb'), (80427, 'tmdb'), (11599, 'tmdb'), (51885, 'tmdb'), (122973, 'tmdb'), (17422, 'tmdb'), (41821, 'tmdb'), (118613, 'tmdb'), (154633, 'tmdb'), (47759, 'tmdb'), (42018, 'tmdb'), (124991, 'tmdb'), (163888, 'tmdb'), (51533, 'tmdb'), (45380, 'tmdb'), (151243, 'tmdb'), (79, 'tmdb'), (80243, 'tmdb'), (287171, 'tmdb'), (94019, 'tmdb'), (202514, 'tmdb'), (148597, 'tmdb'), (11728, 'tmdb'), (16074, 'tmdb'), (117646, 'tmdb'), (176228, 'tmdb'), (100914, 'tmdb'), (295279, 'tmdb'), (140260, 'tmdb'), (38143, 'tmdb'), (74037, 'tmdb'), (124841, 'tmdb'), (21345, 'tmdb'), (1050, 'tmdb'), (176673, 'tmdb'), (79279, 'tmdb'), (187022, 'tmdb'), (12659, 'tmdb'), (29972, 'tmdb'), (150279, 'tmdb'), (176628, 'tmdb'), (49927, 'tmdb'), (191463, 'tmdb'), (150314, 'tmdb'), (195237, 'tmdb'), (255526, 'tmdb'), (255969, 'tmdb'), (208414, 'tmdb'), (119746, 'tmdb'), (37909, 'tmdb'), (270755, 'tmdb'), (34561, 'tmdb'), (124628, 'tmdb'), (177369, 'tmdb'), (83277, 'tmdb'), (166289, 'tmdb'), (41292, 'tmdb'), (29363, 'tmdb'), (176643, 'tmdb'), (95361, 'tmdb'), (9550, 'tmdb'), (18232, 'tmdb'), (102869, 'tmdb'), (98232, 'tmdb'), (295280, 'tmdb'), (102809, 'tmdb'), (44322, 'tmdb'), (134575, 'tmdb'), (14044, 'tmdb'), (176631, 'tmdb'), (176679, 'tmdb'), (182655, 'tmdb'), (76737, 'tmdb'), (152508, 'tmdb'), (44714, 'tmdb'), (124468, 'tmdb'), (295284, 'tmdb'), (183704, 'tmdb'), (295285, 'tmdb'), (295287, 'tmdb'), (110410, 'tmdb'), (45576, 'tmdb'), (58370, 'tmdb'), (97943, 'tmdb'), (502336, 'tmdb'), (32582, 'tmdb')] |
[2022-07-08 03:26:42,917] [builder.py:1509]           [DEBUG]    |                                                                                                    |
[2022-07-08 03:26:43,012] [builder.py:2009]           [INFO]     |                                                                                                    |
[2022-07-08 03:26:43,013] [builder.py:2010]           [INFO]     |============================ Adding to TimeOut Shanghai之中国百佳电影 Playlist ============================|
[2022-07-08 03:26:43,013] [builder.py:2011]           [INFO]     |                                                                                                    |
[2022-07-08 03:26:43,014] [builder.py:2025]           [INFO]     |  1/11 | TimeOut Shanghai之中国百佳电影 Playlist | = | 小城之春 (1948)                                         |
[2022-07-08 03:26:43,015] [builder.py:2025]           [INFO]     |  2/11 | TimeOut Shanghai之中国百佳电影 Playlist | = | 黄土地 (1984)                                          |
[2022-07-08 03:26:43,015] [builder.py:2025]           [INFO]     |  3/11 | TimeOut Shanghai之中国百佳电影 Playlist | = | 神女 (1934)                                           |
[2022-07-08 03:26:43,016] [builder.py:2025]           [INFO]     |  4/11 | TimeOut Shanghai之中国百佳电影 Playlist | = | 马路天使 (1937)                                         |
[2022-07-08 03:26:43,016] [builder.py:2025]           [INFO]     |  5/11 | TimeOut Shanghai之中国百佳电影 Playlist | = | 蓝风筝 (1993)                                          |
[2022-07-08 03:26:43,017] [builder.py:2025]           [INFO]     |  6/11 | TimeOut Shanghai之中国百佳电影 Playlist | = | 芙蓉镇 (1987)                                          |
[2022-07-08 03:26:43,017] [builder.py:2025]           [INFO]     |  7/11 | TimeOut Shanghai之中国百佳电影 Playlist | = | 大路 (1935)                                           |
[2022-07-08 03:26:43,018] [builder.py:2025]           [INFO]     |  8/11 | TimeOut Shanghai之中国百佳电影 Playlist | = | 一江春水向东流 (1947)                                      |
[2022-07-08 03:26:43,019] [builder.py:2025]           [INFO]     |  9/11 | TimeOut Shanghai之中国百佳电影 Playlist | = | 哀乐中年 (1949)                                         |
[2022-07-08 03:26:43,019] [builder.py:2025]           [INFO]     | 10/11 | TimeOut Shanghai之中国百佳电影 Playlist | = | 女篮五号 (1957)                                         |
[2022-07-08 03:26:43,020] [builder.py:2025]           [INFO]     | 11/11 | TimeOut Shanghai之中国百佳电影 Playlist | = | 太太万岁 (1947)                                         |
[2022-07-08 03:26:43,021] [builder.py:2045]           [INFO]     |                                                                                                    |
[2022-07-08 03:26:43,021] [builder.py:2046]           [INFO]     | 11 Items Processed                                                                                 |
[2022-07-08 03:26:43,021] [builder.py:2172]           [INFO]     |                                                                                                    |
[2022-07-08 03:26:43,022] [builder.py:2173]           [INFO]     |=============================== Missing Movies from Library: Movies ================================|
[2022-07-08 03:26:43,022] [builder.py:2174]           [INFO]     |                                                                                                    |
[2022-07-08 03:26:43,266] [builder.py:2187]           [INFO]     | TimeOut Shanghai之中国百佳电影 Playlist | ? | Farewell My Concubine (1993) (TMDb: 10997)                  |
[2022-07-08 03:26:43,524] [builder.py:2187]           [INFO]     | TimeOut Shanghai之中国百佳电影 Playlist | ? | Devils on the Doorstep (2000) (TMDb: 25838)                 |
[2022-07-08 03:26:43,744] [builder.py:2187]           [INFO]     | TimeOut Shanghai之中国百佳电影 Playlist | ? | In the Heat of the Sun (1994) (TMDb: 161285)                |
[2022-07-08 03:26:43,922] [builder.py:2187]           [INFO]     | TimeOut Shanghai之中国百佳电影 Playlist | ? | Pickpocket (1997) (TMDb: 52103)                             |
[2022-07-08 03:26:44,091] [builder.py:2187]           [INFO]     | TimeOut Shanghai之中国百佳电影 Playlist | ? | Tie Xi Qu: West of the Tracks (2004) (TMDb: 86282)          |
[2022-07-08 03:26:44,344] [builder.py:2187]           [INFO]     | TimeOut Shanghai之中国百佳电影 Playlist | ? | To Live (1994) (TMDb: 31439)                                |
[2022-07-08 03:26:44,507] [builder.py:2187]           [INFO]     | TimeOut Shanghai之中国百佳电影 Playlist | ? | Still Life (2006) (TMDb: 2346)                              |
[2022-07-08 03:26:44,682] [builder.py:2187]           [INFO]     | TimeOut Shanghai之中国百佳电影 Playlist | ? | Red Sorghum (1987) (TMDb: 42006)                            |
[2022-07-08 03:26:44,877] [builder.py:2187]           [INFO]     | TimeOut Shanghai之中国百佳电影 Playlist | ? | Raise the Red Lantern (1991) (TMDb: 10404)                  |
[2022-07-08 03:26:45,133] [builder.py:2187]           [INFO]     | TimeOut Shanghai之中国百佳电影 Playlist | ? | Blind Shaft (2003) (TMDb: 11492)                            |
[2022-07-08 03:26:45,300] [builder.py:2187]           [INFO]     | TimeOut Shanghai之中国百佳电影 Playlist | ? | Platform (2001) (TMDb: 80427)                               |
[2022-07-08 03:26:45,488] [builder.py:2187]           [INFO]     | TimeOut Shanghai之中国百佳电影 Playlist | ? | Suzhou River (2000) (TMDb: 11599)                           |
[2022-07-08 03:26:45,699] [builder.py:2187]           [INFO]     | TimeOut Shanghai之中国百佳电影 Playlist | ? | The Sun Also Rises (2007) (TMDb: 51885)                     |
[2022-07-08 03:26:45,944] [builder.py:2187]           [INFO]     | TimeOut Shanghai之中国百佳电影 Playlist | ? | Summer Palace (2006) (TMDb: 17422)                          |
[2022-07-08 03:26:46,144] [builder.py:2187]           [INFO]     | TimeOut Shanghai之中国百佳电影 Playlist | ? | Ju Dou (1990) (TMDb: 41821)                                 |
[2022-07-08 03:26:46,324] [builder.py:2187]           [INFO]     | TimeOut Shanghai之中国百佳电影 Playlist | ? | Black Snow (1990) (TMDb: 118613)                            |
[2022-07-08 03:26:46,677] [builder.py:2187]           [INFO]     | TimeOut Shanghai之中国百佳电影 Playlist | ? | Two Stage Sisters (1964) (TMDb: 154633)                     |
[2022-07-08 03:26:46,900] [builder.py:2187]           [INFO]     | TimeOut Shanghai之中国百佳电影 Playlist | ? | The Monkey King: Havoc in Heaven (1961) (TMDb: 47759)       |
[2022-07-08 03:26:47,182] [builder.py:2187]           [INFO]     | TimeOut Shanghai之中国百佳电影 Playlist | ? | The Horse Thief (1986) (TMDb: 42018)                        |
[2022-07-08 03:26:47,444] [builder.py:2187]           [INFO]     | TimeOut Shanghai之中国百佳电影 Playlist | ? | Petition (2009) (TMDb: 124991)                              |
[2022-07-08 03:26:47,622] [builder.py:2187]           [INFO]     | TimeOut Shanghai之中国百佳电影 Playlist | ? | Oxhide (2005) (TMDb: 163888)                                |
[2022-07-08 03:26:47,915] [builder.py:2187]           [INFO]     | TimeOut Shanghai之中国百佳电影 Playlist | ? | Let the Bullets Fly (2010) (TMDb: 51533)                    |
[2022-07-08 03:26:48,100] [builder.py:2187]           [INFO]     | TimeOut Shanghai之中国百佳电影 Playlist | ? | Crazy Stone (2006) (TMDb: 45380)                            |
[2022-07-08 03:26:48,288] [builder.py:2187]           [INFO]     | TimeOut Shanghai之中国百佳电影 Playlist | ? | Hero (2002) (TMDb: 79)                                      |
[2022-07-08 03:26:48,490] [builder.py:2187]           [INFO]     | TimeOut Shanghai之中国百佳电影 Playlist | ? | Unknown Pleasures (2002) (TMDb: 80243)                      |
[2022-07-08 03:26:48,655] [builder.py:2187]           [INFO]     | TimeOut Shanghai之中国百佳电影 Playlist | ? | Mr. Zhao (1998) (TMDb: 287171)                              |
[2022-07-08 03:26:48,844] [builder.py:2187]           [INFO]     | TimeOut Shanghai之中国百佳电影 Playlist | ? | Woman Demon Human (1987) (TMDb: 94019)                      |
[2022-07-08 03:26:49,055] [builder.py:2187]           [INFO]     | TimeOut Shanghai之中国百佳电影 Playlist | ? | Sacrificed Youth (1985) (TMDb: 202514)                      |
[2022-07-08 03:26:49,255] [builder.py:2187]           [INFO]     | TimeOut Shanghai之中国百佳电影 Playlist | ? | King of the Children (1987) (TMDb: 148597)                  |
[2022-07-08 03:26:49,588] [builder.py:2187]           [INFO]     | TimeOut Shanghai之中国百佳电影 Playlist | ? | Peacock (2005) (TMDb: 11728)                                |
[2022-07-08 03:26:49,865] [builder.py:2187]           [INFO]     | TimeOut Shanghai之中国百佳电影 Playlist | ? | Mountain Patrol (2004) (TMDb: 16074)                        |
[2022-07-08 03:26:50,088] [builder.py:2187]           [INFO]     | TimeOut Shanghai之中国百佳电影 Playlist | ? | Spring Fever (2009) (TMDb: 117646)                          |
[2022-07-08 03:26:50,277] [builder.py:2187]           [INFO]     | TimeOut Shanghai之中国百佳电影 Playlist | ? | Life of a Beijing Policeman (1950) (TMDb: 176228)           |
[2022-07-08 03:26:50,511] [builder.py:2187]           [INFO]     | TimeOut Shanghai之中国百佳电影 Playlist | ? | Crows and Sparrows (1949) (TMDb: 100914)                    |
[2022-07-08 03:26:50,724] [builder.py:2187]           [INFO]     | TimeOut Shanghai之中国百佳电影 Playlist | ? | Back to Back, Face to Face (1994) (TMDb: 295279)            |
[2022-07-08 03:26:50,924] [builder.py:2187]           [INFO]     | TimeOut Shanghai之中国百佳电影 Playlist | ? | The Story of Qiu Ju (1992) (TMDb: 38143)                    |
[2022-07-08 03:26:51,077] [builder.py:2187]           [INFO]     | TimeOut Shanghai之中国百佳电影 Playlist | ? | Nezha Conquers the Dragon King (1979) (TMDb: 74037)         |
[2022-07-08 03:26:51,348] [builder.py:2187]           [INFO]     | TimeOut Shanghai之中国百佳电影 Playlist | ? | Rainclouds Over Wushan (1996) (TMDb: 124841)                |
[2022-07-08 03:26:51,582] [builder.py:2187]           [INFO]     | TimeOut Shanghai之中国百佳电影 Playlist | ? | City of Life and Death (2009) (TMDb: 21345)                 |
[2022-07-08 03:26:51,755] [builder.py:2187]           [INFO]     | TimeOut Shanghai之中国百佳电影 Playlist | ? | Shower (1999) (TMDb: 1050)                                  |
[2022-07-08 03:26:51,955] [builder.py:2187]           [INFO]     | TimeOut Shanghai之中国百佳电影 Playlist | ? | Early Spring (1963) (TMDb: 176673)                          |
[2022-07-08 03:26:52,133] [builder.py:2187]           [INFO]     | TimeOut Shanghai之中国百佳电影 Playlist | ? | The Dream Factory (1997) (TMDb: 79279)                      |
[2022-07-08 03:26:52,311] [builder.py:2187]           [INFO]     | TimeOut Shanghai之中国百佳电影 Playlist | ? | A Touch of Sin (2013) (TMDb: 187022)                        |
[2022-07-08 03:26:52,500] [builder.py:2187]           [INFO]     | TimeOut Shanghai之中国百佳电影 Playlist | ? | Beijing Bicycle (2001) (TMDb: 12659)                        |
[2022-07-08 03:26:52,790] [builder.py:2187]           [INFO]     | TimeOut Shanghai之中国百佳电影 Playlist | ? | 24 City (2008) (TMDb: 29972)                                |
[2022-07-08 03:26:52,966] [builder.py:2187]           [INFO]     | TimeOut Shanghai之中国百佳电影 Playlist | ? | Emperor Visits the Hell (2012) (TMDb: 150279)               |
[2022-07-08 03:26:53,211] [builder.py:2187]           [INFO]     | TimeOut Shanghai之中国百佳电影 Playlist | ? | The Days (1994) (TMDb: 49927)                               |
[2022-07-08 03:26:53,499] [builder.py:2187]           [INFO]     | TimeOut Shanghai之中国百佳电影 Playlist | ? | The Troubleshooters (1988) (TMDb: 191463)                   |
[2022-07-08 03:26:53,711] [builder.py:2187]           [INFO]     | TimeOut Shanghai之中国百佳电影 Playlist | ? | New Women (1935) (TMDb: 150314)                             |
[2022-07-08 03:26:53,882] [builder.py:2187]           [INFO]     | TimeOut Shanghai之中国百佳电影 Playlist | ? | My Memories of Old Beijing (1983) (TMDb: 195237)            |
[2022-07-08 03:26:54,133] [builder.py:2187]           [INFO]     | TimeOut Shanghai之中国百佳电影 Playlist | ? | Father (2000) (TMDb: 255526)                                |
[2022-07-08 03:26:54,540] [builder.py:2187]           [INFO]     | TimeOut Shanghai之中国百佳电影 Playlist | ? | For Fun (1993) (TMDb: 255969)                               |
[2022-07-08 03:26:54,844] [builder.py:2187]           [INFO]     | TimeOut Shanghai之中国百佳电影 Playlist | ? | Taking Father Home (2005) (TMDb: 208414)                    |
[2022-07-08 03:26:55,033] [builder.py:2187]           [INFO]     | TimeOut Shanghai之中国百佳电影 Playlist | ? | Oxhide II (2009) (TMDb: 119746)                             |
[2022-07-08 03:26:55,222] [builder.py:2187]           [INFO]     | TimeOut Shanghai之中国百佳电影 Playlist | ? | Keep Cool (1997) (TMDb: 37909)                              |
[2022-07-08 03:26:55,466] [builder.py:2187]           [INFO]     | TimeOut Shanghai之中国百佳电影 Playlist | ? | Purple Butterfly (2003) (TMDb: 34561)                       |
[2022-07-08 03:26:55,471] [builder.py:2187]           [INFO]     | TimeOut Shanghai之中国百佳电影 Playlist | ? | On the Beat (1995) (TMDb: 124628)                           |
[2022-07-08 03:26:55,681] [builder.py:2187]           [INFO]     | TimeOut Shanghai之中国百佳电影 Playlist | ? | The Search (2009) (TMDb: 177369)                            |
[2022-07-08 03:26:55,890] [builder.py:2187]           [INFO]     | TimeOut Shanghai之中国百佳电影 Playlist | ? | The Missing Gun (2002) (TMDb: 83277)                        |
[2022-07-08 03:26:56,077] [builder.py:2187]           [INFO]     | TimeOut Shanghai之中国百佳电影 Playlist | ? | Third Sister Liu (1960) (TMDb: 166289)                      |
[2022-07-08 03:26:56,266] [builder.py:2187]           [INFO]     | TimeOut Shanghai之中国百佳电影 Playlist | ? | The World (2004) (TMDb: 41292)                              |
[2022-07-08 03:26:56,499] [builder.py:2187]           [INFO]     | TimeOut Shanghai之中国百佳电影 Playlist | ? | A World Without Thieves (2004) (TMDb: 29363)                |
[2022-07-08 03:26:56,666] [builder.py:2187]           [INFO]     | TimeOut Shanghai之中国百佳电影 Playlist | ? | The Black Cannon Incident (1985) (TMDb: 176643)             |
[2022-07-08 03:26:56,844] [builder.py:2187]           [INFO]     | TimeOut Shanghai之中国百佳电影 Playlist | ? | Winter Vacation (2010) (TMDb: 95361)                        |
[2022-07-08 03:26:57,081] [builder.py:2187]           [INFO]     | TimeOut Shanghai之中国百佳电影 Playlist | ? | House of Flying Daggers (2004) (TMDb: 9550)                 |
[2022-07-08 03:26:57,281] [builder.py:2187]           [INFO]     | TimeOut Shanghai之中国百佳电影 Playlist | ? | If You Are the One (2008) (TMDb: 18232)                     |
[2022-07-08 03:26:57,456] [builder.py:2187]           [INFO]     | TimeOut Shanghai之中国百佳电影 Playlist | ? | People Mountain People Sea (2011) (TMDb: 102869)            |
[2022-07-08 03:26:57,644] [builder.py:2187]           [INFO]     | TimeOut Shanghai之中国百佳电影 Playlist | ? | 11 Flowers (2012) (TMDb: 98232)                             |
[2022-07-08 03:26:57,833] [builder.py:2187]           [INFO]     | TimeOut Shanghai之中国百佳电影 Playlist | ? | Doctor Ma's Country Clinic (2008) (TMDb: 295280)            |
[2022-07-08 03:26:58,044] [builder.py:2187]           [INFO]     | TimeOut Shanghai之中国百佳电影 Playlist | ? | Disorder (2009) (TMDb: 102809)                              |
[2022-07-08 03:26:58,277] [builder.py:2187]           [INFO]     | TimeOut Shanghai之中国百佳电影 Playlist | ? | East Palace, West Palace (1996) (TMDb: 44322)               |
[2022-07-08 03:26:58,466] [builder.py:2187]           [INFO]     | TimeOut Shanghai之中国百佳电影 Playlist | ? | Secrets of the Heavenly Book (1983) (TMDb: 134575)          |
[2022-07-08 03:26:58,933] [builder.py:2187]           [INFO]     | TimeOut Shanghai之中国百佳电影 Playlist | ? | Assembly (2007) (TMDb: 14044)                               |
[2022-07-08 03:26:59,123] [builder.py:2187]           [INFO]     | TimeOut Shanghai之中国百佳电影 Playlist | ? | The Lin Family Shop (1959) (TMDb: 176679)                   |
[2022-07-08 03:26:59,322] [builder.py:2187]           [INFO]     | TimeOut Shanghai之中国百佳电影 Playlist | ? | Karamay (2010) (TMDb: 182655)                               |
[2022-07-08 03:26:59,515] [builder.py:2187]           [INFO]     | TimeOut Shanghai之中国百佳电影 Playlist | ? | Princess Iron Fan (1941) (TMDb: 76737)                      |
[2022-07-08 03:26:59,766] [builder.py:2187]           [INFO]     | TimeOut Shanghai之中国百佳电影 Playlist | ? | Fortune Teller (2010) (TMDb: 152508)                        |
[2022-07-08 03:26:59,989] [builder.py:2187]           [INFO]     | TimeOut Shanghai之中国百佳电影 Playlist | ? | Cow (2009) (TMDb: 44714)                                    |
[2022-07-08 03:27:00,177] [builder.py:2187]           [INFO]     | TimeOut Shanghai之中国百佳电影 Playlist | ? | Ermo (1994) (TMDb: 124468)                                  |
[2022-07-08 03:27:00,366] [builder.py:2187]           [INFO]     | TimeOut Shanghai之中国百佳电影 Playlist | ? | The Next Life (2012) (TMDb: 295284)                         |
[2022-07-08 03:27:00,555] [builder.py:2187]           [INFO]     | TimeOut Shanghai之中国百佳电影 Playlist | ? | Song of the Fishermen (1934) (TMDb: 183704)                 |
[2022-07-08 03:27:00,755] [builder.py:2187]           [INFO]     | TimeOut Shanghai之中国百佳电影 Playlist | ? | Waves Washing the Sand (1936) (TMDb: 295285)                |
[2022-07-08 03:27:01,111] [builder.py:2187]           [INFO]     | TimeOut Shanghai之中国百佳电影 Playlist | ? | Zero Thousand Li Under the Clouds and Moon (2013) (TMDb: 295287) |
[2022-07-08 03:27:01,473] [builder.py:2187]           [INFO]     | TimeOut Shanghai之中国百佳电影 Playlist | ? | Drug War (2012) (TMDb: 110410)                              |
[2022-07-08 03:27:01,689] [builder.py:2187]           [INFO]     | TimeOut Shanghai之中国百佳电影 Playlist | ? | Last Train Home (2009) (TMDb: 45576)                        |
[2022-07-08 03:27:01,914] [builder.py:2187]           [INFO]     | TimeOut Shanghai之中国百佳电影 Playlist | ? | The Swordsman in Double Flag Town (1991) (TMDb: 58370)      |
[2022-07-08 03:27:02,123] [builder.py:2187]           [INFO]     | TimeOut Shanghai之中国百佳电影 Playlist | ? | Beijing Bastards (1993) (TMDb: 97943)                       |
[2022-07-08 03:27:02,289] [builder.py:2187]           [INFO]     | TimeOut Shanghai之中国百佳电影 Playlist | ? | The September of Mine (1990) (TMDb: 502336)                 |
[2022-07-08 03:27:02,477] [builder.py:2187]           [INFO]     | TimeOut Shanghai之中国百佳电影 Playlist | ? | The Message (2009) (TMDb: 32582)                            |
[2022-07-08 03:27:02,478] [builder.py:2192]           [INFO]     |                                                                                                    |
[2022-07-08 03:27:02,478] [builder.py:2193]           [INFO]     | 89 Movies Missing                                                                                  |
[2022-07-08 03:27:02,536] [builder.py:2383]           [INFO]     |                                                                                                    |
[2022-07-08 03:27:02,537] [builder.py:2384]           [INFO]     |======================= Updating Details of TimeOut Shanghai之中国百佳电影 Playlist =======================|
[2022-07-08 03:27:02,538] [builder.py:2385]           [INFO]     |                                                                                                    |
[2022-07-08 03:27:02,538] [util.py:150]               [DEBUG]    | 1 poster found:                                                                                    |
[2022-07-08 03:27:02,539] [util.py:152]               [DEBUG]    | Method: url_poster Poster: http://beijingcream.com/wp-content/uploads/2014/04/TimeOuts-list-of-best-mainland-Chinese-films.jpg |
[2022-07-08 03:27:02,541] [library.py:155]            [INFO]     | Detail: poster update not needed                                                                   |
[2022-07-08 03:27:02,773] [builder.py:2529]           [INFO]     |                                                                                                    |
[2022-07-08 03:27:02,774] [builder.py:2530]           [INFO]     |============================= Sorting TimeOut Shanghai之中国百佳电影 Playlist =============================|
[2022-07-08 03:27:02,774] [builder.py:2531]           [INFO]     |                                                                                                    |
[2022-07-08 03:27:02,775] [builder.py:2595]           [INFO]     |                                                                                                    |
[2022-07-08 03:27:02,775] [builder.py:2596]           [INFO]     |==================================== Syncing Playlist to Users =====================================|
[2022-07-08 03:27:02,776] [builder.py:2597]           [INFO]     |                                                                                                    |
[2022-07-08 03:27:04,031] [builder.py:2604]           [INFO]     | Playlist: TimeOut Shanghai之中国百佳电影 synced to 1ntheshell                                             |
[2022-07-08 03:27:05,142] [builder.py:2604]           [INFO]     | Playlist: TimeOut Shanghai之中国百佳电影 synced to BigHippo                                               |
[2022-07-08 03:27:07,022] [builder.py:2604]           [INFO]     | Playlist: TimeOut Shanghai之中国百佳电影 synced to jenny934                                               |
[2022-07-08 03:27:08,337] [builder.py:2604]           [INFO]     | Playlist: TimeOut Shanghai之中国百佳电影 synced to maggiek40                                              |
[2022-07-08 03:27:09,528] [builder.py:2604]           [INFO]     | Playlist: TimeOut Shanghai之中国百佳电影 synced to njtab                                                  |
[2022-07-08 03:27:10,679] [builder.py:2604]           [INFO]     | Playlist: TimeOut Shanghai之中国百佳电影 synced to se7entao                                               |
[2022-07-08 03:27:11,816] [builder.py:2604]           [INFO]     | Playlist: TimeOut Shanghai之中国百佳电影 synced to Shoyichi                                               |
[2022-07-08 03:27:13,965] [builder.py:2604]           [INFO]     | Playlist: TimeOut Shanghai之中国百佳电影 synced to SzeMeng76                                              |
[2022-07-08 03:27:13,966] [plex_meta_manager.py:839]  [INFO]     |                                                                                                    |
[2022-07-08 03:27:13,966] [plex_meta_manager.py:842]  [INFO]     |                                                                                                    |
[2022-07-08 03:27:13,967] [plex_meta_manager.py:843]  [INFO]     |====================================================================================================|
[2022-07-08 03:27:13,967] [plex_meta_manager.py:843]  [INFO]     |                             Finished TimeOut Shanghai之中国百佳电影 Playlist                              |
[2022-07-08 03:27:13,968] [plex_meta_manager.py:843]  [INFO]     |                                     Playlist Run Time: 0:00:33                                     |
[2022-07-08 03:27:13,968] [plex_meta_manager.py:843]  [INFO]     |====================================================================================================|
