[2022-07-08 03:02:56,209] [builder.py:185]            [INFO]     |====================================================================================================|
[2022-07-08 03:02:56,209] [builder.py:185]            [INFO]     |                              TMDb Popular Collection in ....TV Shows                               |
[2022-07-08 03:02:56,210] [builder.py:185]            [INFO]     |====================================================================================================|
[2022-07-08 03:02:56,210] [builder.py:186]            [INFO]     |                                                                                                    |
[2022-07-08 03:02:56,210] [builder.py:191]            [INFO]     |================================ Validating TMDb Popular Attributes ================================|
[2022-07-08 03:02:56,211] [builder.py:212]            [DEBUG]    |                                                                                                    |
[2022-07-08 03:02:56,211] [builder.py:213]            [DEBUG]    | Validating Method: template                                                                        |
[2022-07-08 03:02:56,211] [meta.py:103]               [DEBUG]    | Value: [ordereddict([('name', 'popular')]), ordereddict([('name', 'customsync')]), ordereddict([('name', 'chart_shared'), ('key', 'popular')])] |
[2022-07-08 03:02:56,216] [builder.py:437]            [DEBUG]    |                                                                                                    |
[2022-07-08 03:02:56,217] [builder.py:438]            [DEBUG]    | Validating Method: sync_mode                                                                       |
[2022-07-08 03:02:56,217] [builder.py:442]            [DEBUG]    | Value: sync                                                                                        |
[2022-07-08 03:02:56,217] [builder.py:582]            [DEBUG]    |                                                                                                    |
[2022-07-08 03:02:56,218] [builder.py:583]            [DEBUG]    | Validating Method: collection_order                                                                |
[2022-07-08 03:02:56,218] [builder.py:584]            [DEBUG]    | Value: custom                                                                                      |
[2022-07-08 03:02:56,218] [builder.py:600]            [DEBUG]    |                                                                                                    |
[2022-07-08 03:02:56,219] [builder.py:604]            [DEBUG]    | Validating Method: tmdb_popular                                                                    |
[2022-07-08 03:02:56,219] [builder.py:605]            [DEBUG]    | Value: 100                                                                                         |
[2022-07-08 03:02:56,219] [builder.py:600]            [DEBUG]    |                                                                                                    |
[2022-07-08 03:02:56,220] [builder.py:604]            [DEBUG]    | Validating Method: summary                                                                         |
[2022-07-08 03:02:56,220] [builder.py:605]            [DEBUG]    | Value: A collection of the most watched shows according to TMDb.                                   |
[2022-07-08 03:02:56,220] [builder.py:600]            [DEBUG]    |                                                                                                    |
[2022-07-08 03:02:56,221] [builder.py:604]            [DEBUG]    | Validating Method: sort_title                                                                      |
[2022-07-08 03:02:56,221] [builder.py:605]            [DEBUG]    | Value: !01_TMDb Popular                                                                            |
[2022-07-08 03:02:56,221] [builder.py:600]            [DEBUG]    |                                                                                                    |
[2022-07-08 03:02:56,221] [builder.py:604]            [DEBUG]    | Validating Method: url_poster                                                                      |
[2022-07-08 03:02:56,222] [builder.py:605]            [DEBUG]    | Value: https://raw.githubusercontent.com/meisnate12/Plex-Meta-Manager-Images/master/chart/TMDb%20Popular.jpg |
[2022-07-08 03:02:56,550] [plex.py:742]               [DEBUG]    |                                                                                                    |
[2022-07-08 03:02:56,551] [plex.py:745]               [DEBUG]    | Looking for: TMDb Popular                                                                          |
[2022-07-08 03:02:56,551] [builder.py:764]            [INFO]     |                                                                                                    |
[2022-07-08 03:02:56,551] [builder.py:765]            [INFO]     | Validation Successful                                                                              |
[2022-07-08 03:02:56,552] [plex_meta_manager.py:539]  [INFO]     |                                                                                                    |
[2022-07-08 03:02:56,552] [plex_meta_manager.py:541]  [INFO]     |================================= Running TMDb Popular Collection ==================================|
[2022-07-08 03:02:56,553] [plex_meta_manager.py:553]  [INFO]     |                                                                                                    |
[2022-07-08 03:02:56,553] [plex_meta_manager.py:554]  [INFO]     | Sync Mode: sync                                                                                    |
[2022-07-08 03:02:56,553] [plex_meta_manager.py:557]  [DEBUG]    |                                                                                                    |
[2022-07-08 03:02:56,554] [plex_meta_manager.py:558]  [DEBUG]    | Builder: tmdb_popular: 100                                                                         |
[2022-07-08 03:02:56,554] [plex_meta_manager.py:559]  [INFO]     |                                                                                                    |
[2022-07-08 03:02:56,799] [tmdb.py:344]               [INFO]     | Processing TMDb Popular: 100 Shows                                                                 |
[2022-07-08 03:02:56,800] [builder.py:1507]           [DEBUG]    |                                                                                                    |
[2022-07-08 03:02:56,800] [builder.py:1508]           [DEBUG]    | 100 IDs Found: [(66732, 'tmdb_show'), (76479, 'tmdb_show'), (92782, 'tmdb_show'), (135647, 'tmdb_show'), (152296, 'tmdb_show'), (197189, 'tmdb_show'), (158415, 'tmdb_show'), (204147, 'tmdb_show'), (112836, 'tmdb_show'), (120089, 'tmdb_show'), (60574, 'tmdb_show'), (52814, 'tmdb_show'), (154911, 'tmdb_show'), (75006, 'tmdb_show'), (92830, 'tmdb_show'), (1416, 'tmdb_show'), (157936, 'tmdb_show'), (63174, 'tmdb_show'), (92749, 'tmdb_show'), (122151, 'tmdb_show'), (122152, 'tmdb_show'), (60735, 'tmdb_show'), (119903, 'tmdb_show'), (120911, 'tmdb_show'), (80020, 'tmdb_show'), (154571, 'tmdb_show'), (197588, 'tmdb_show'), (203211, 'tmdb_show'), (1402, 'tmdb_show'), (103516, 'tmdb_show'), (74851, 'tmdb_show'), (99966, 'tmdb_show'), (158691, 'tmdb_show'), (1399, 'tmdb_show'), (456, 'tmdb_show'), (114466, 'tmdb_show'), (2527, 'tmdb_show'), (966, 'tmdb_show'), (1655, 'tmdb_show'), (104877, 'tmdb_show'), (44953, 'tmdb_show'), (71712, 'tmdb_show'), (18165, 'tmdb_show'), (95057, 'tmdb_show'), (93405, 'tmdb_show'), (73586, 'tmdb_show'), (95171, 'tmdb_show'), (1408, 'tmdb_show'), (1622, 'tmdb_show'), (202740, 'tmdb_show'), (2734, 'tmdb_show'), (5920, 'tmdb_show'), (69050, 'tmdb_show'), (62715, 'tmdb_show'), (37680, 'tmdb_show'), (111616, 'tmdb_show'), (66636, 'tmdb_show'), (85552, 'tmdb_show'), (65334, 'tmdb_show'), (43348, 'tmdb_show'), (122066, 'tmdb_show'), (77169, 'tmdb_show'), (71446, 'tmdb_show'), (95479, 'tmdb_show'), (4057, 'tmdb_show'), (11250, 'tmdb_show'), (1396, 'tmdb_show'), (12971, 'tmdb_show'), (44217, 'tmdb_show'), (74428, 'tmdb_show'), (128010, 'tmdb_show'), (118663, 'tmdb_show'), (90462, 'tmdb_show'), (71790, 'tmdb_show'), (1911, 'tmdb_show'), (84958, 'tmdb_show'), (14750, 'tmdb_show'), (81356, 'tmdb_show'), (67915, 'tmdb_show'), (46952, 'tmdb_show'), (32692, 'tmdb_show'), (79460, 'tmdb_show'), (80240, 'tmdb_show'), (102903, 'tmdb_show'), (197352, 'tmdb_show'), (12926, 'tmdb_show'), (129600, 'tmdb_show'), (194766, 'tmdb_show'), (116135, 'tmdb_show'), (80623, 'tmdb_show'), (6647, 'tmdb_show'), (158916, 'tmdb_show'), (1419, 'tmdb_show'), (76669, 'tmdb_show'), (117067, 'tmdb_show'), (154521, 'tmdb_show'), (85271, 'tmdb_show'), (4504, 'tmdb_show'), (31132, 'tmdb_show'), (66203, 'tmdb_show')] |
[2022-07-08 03:02:56,801] [builder.py:1509]           [DEBUG]    |                                                                                                    |
[2022-07-08 03:02:57,186] [builder.py:1583]           [WARNING]  | Convert Error: No TVDb ID Found for TMDb ID: 152296                                                |
[2022-07-08 03:02:57,453] [builder.py:1583]           [WARNING]  | Convert Error: No TVDb ID Found for TMDb ID: 122151                                                |
[2022-07-08 03:02:57,672] [builder.py:1583]           [WARNING]  | Convert Error: No TVDb ID Found for TMDb ID: 122152                                                |
[2022-07-08 03:02:57,895] [builder.py:1583]           [WARNING]  | Convert Error: No TVDb ID Found for TMDb ID: 119903                                                |
[2022-07-08 03:02:58,139] [builder.py:1583]           [WARNING]  | Convert Error: No TVDb ID Found for TMDb ID: 197588                                                |
[2022-07-08 03:02:58,628] [builder.py:1583]           [WARNING]  | Convert Error: No TVDb ID Found for TMDb ID: 203211                                                |
[2022-07-08 03:02:59,106] [builder.py:1583]           [WARNING]  | Convert Error: No TVDb ID Found for TMDb ID: 74851                                                 |
[2022-07-08 03:02:59,240] [builder.py:2218]           [INFO]     |                                                                                                    |
[2022-07-08 03:02:59,241] [builder.py:2219]           [INFO]     |============================= Missing Shows from Library: TMDb Popular =============================|
[2022-07-08 03:02:59,241] [builder.py:2220]           [INFO]     |                                                                                                    |
[2022-07-08 03:02:59,628] [builder.py:2232]           [INFO]     | TMDb Popular Collection | ? | Stranger Things (TVDb: 305288)                                       |
[2022-07-08 03:02:59,872] [builder.py:2232]           [INFO]     | TMDb Popular Collection | ? | The Boys (TVDb: 355567)                                              |
[2022-07-08 03:03:00,150] [builder.py:2232]           [INFO]     | TMDb Popular Collection | ? | Ms. Marvel (TVDb: 368612)                                            |
[2022-07-08 03:03:00,361] [builder.py:2232]           [INFO]     | TMDb Popular Collection | ? | 2 Good 2 Be True (TVDb: 419154)                                      |
[2022-07-08 03:03:00,594] [builder.py:2232]           [INFO]     | TMDb Popular Collection | ? | Cara e Coragem (TVDb: 418791)                                        |
[2022-07-08 03:03:00,883] [builder.py:2232]           [INFO]     | TMDb Popular Collection | ? | Pantanal (TVDb: 413833)                                              |
[2022-07-08 03:03:01,139] [builder.py:2232]           [INFO]     | TMDb Popular Collection | ? | Hello, My Shining Love (TVDb: 421307)                                |
[2022-07-08 03:03:01,402] [builder.py:2232]           [INFO]     | TMDb Popular Collection | ? | Money Heist: Korea - Joint Economic Area (TVDb: 401314)              |
[2022-07-08 03:03:01,783] [builder.py:2232]           [INFO]     | TMDb Popular Collection | ? | SPY x FAMILY (TVDb: 405920)                                          |
[2022-07-08 03:03:01,983] [builder.py:2232]           [INFO]     | TMDb Popular Collection | ? | Peaky Blinders (TVDb: 270915)                                        |
[2022-07-08 03:03:02,239] [builder.py:2232]           [INFO]     | TMDb Popular Collection | ? | Halo (TVDb: 366524)                                                  |
[2022-07-08 03:03:02,606] [builder.py:2232]           [INFO]     | TMDb Popular Collection | ? | A Trick of Fate (TVDb: 413832)                                       |
[2022-07-08 03:03:02,944] [builder.py:2232]           [INFO]     | TMDb Popular Collection | ? | The Umbrella Academy (TVDb: 353764)                                  |
[2022-07-08 03:03:03,206] [builder.py:2232]           [INFO]     | TMDb Popular Collection | ? | Obi-Wan Kenobi (TVDb: 393199)                                        |
[2022-07-08 03:03:03,461] [builder.py:2232]           [INFO]     | TMDb Popular Collection | ? | Grey's Anatomy (TVDb: 73762)                                         |
[2022-07-08 03:03:03,694] [builder.py:2232]           [INFO]     | TMDb Popular Collection | ? | For You (TVDb: 416687)                                               |
[2022-07-08 03:03:03,928] [builder.py:2232]           [INFO]     | TMDb Popular Collection | ? | Lucifer (TVDb: 295685)                                               |
[2022-07-08 03:03:04,239] [builder.py:2232]           [INFO]     | TMDb Popular Collection | ? | Moon Knight (TVDb: 368611)                                           |
[2022-07-08 03:03:04,517] [builder.py:2232]           [INFO]     | TMDb Popular Collection | ? | The Flash (2014) (TVDb: 279121)                                      |
[2022-07-08 03:03:04,817] [builder.py:2232]           [INFO]     | TMDb Popular Collection | ? | The Terminal List (TVDb: 399917)                                     |
[2022-07-08 03:03:05,061] [builder.py:2232]           [INFO]     | TMDb Popular Collection | ? | Super Dragon Ball Heroes (TVDb: 347734)                              |
[2022-07-08 03:03:05,439] [builder.py:2232]           [INFO]     | TMDb Popular Collection | ? | I want to live (TVDb: 413793)                                        |
[2022-07-08 03:03:05,844] [builder.py:2232]           [INFO]     | TMDb Popular Collection | ? | The Walking Dead (TVDb: 153021)                                      |
[2022-07-08 03:03:06,095] [builder.py:2232]           [INFO]     | TMDb Popular Collection | ? | Star Trek: Strange New Worlds (TVDb: 382389)                         |
[2022-07-08 03:03:06,427] [builder.py:2232]           [INFO]     | TMDb Popular Collection | ? | All of Us Are Dead (TVDb: 382142)                                    |
[2022-07-08 03:03:07,106] [builder.py:2232]           [INFO]     | TMDb Popular Collection | ? | My Little Pony: Make Your Mark (TVDb: 416741)                        |
[2022-07-08 03:03:07,495] [builder.py:2232]           [INFO]     | TMDb Popular Collection | ? | Game of Thrones (TVDb: 121361)                                       |
[2022-07-08 03:03:07,783] [builder.py:2232]           [INFO]     | TMDb Popular Collection | ? | The Simpsons (TVDb: 71663)                                           |
[2022-07-08 03:03:08,119] [builder.py:2232]           [INFO]     | TMDb Popular Collection | ? | Baymax! (TVDb: 393207)                                               |
[2022-07-08 03:03:08,350] [builder.py:2232]           [INFO]     | TMDb Popular Collection | ? | Emmerdale (TVDb: 77715)                                              |
[2022-07-08 03:03:08,628] [builder.py:2232]           [INFO]     | TMDb Popular Collection | ? | Hollyoaks (TVDb: 78006)                                              |
[2022-07-08 03:03:08,883] [builder.py:2232]           [INFO]     | TMDb Popular Collection | ? | PBS NewsHour (TVDb: 81388)                                           |
[2022-07-08 03:03:09,117] [builder.py:2232]           [INFO]     | TMDb Popular Collection | ? | Love Is In The Air (2020) (TVDb: 383383)                             |
[2022-07-08 03:03:09,350] [builder.py:2232]           [INFO]     | TMDb Popular Collection | ? | The Lord of the Skies (TVDb: 279123)                                 |
[2022-07-08 03:03:09,739] [builder.py:2232]           [INFO]     | TMDb Popular Collection | ? | The Good Doctor (TVDb: 328634)                                       |
[2022-07-08 03:03:10,402] [builder.py:2232]           [INFO]     | TMDb Popular Collection | ? | The Vampire Diaries (TVDb: 95491)                                    |
[2022-07-08 03:03:10,650] [builder.py:2232]           [INFO]     | TMDb Popular Collection | ? | Superman & Lois (TVDb: 375655)                                       |
[2022-07-08 03:03:10,928] [builder.py:2232]           [INFO]     | TMDb Popular Collection | ? | Squid Game (TVDb: 383275)                                            |
[2022-07-08 03:03:11,194] [builder.py:2232]           [INFO]     | TMDb Popular Collection | ? | Yellowstone (2018) (TVDb: 341164)                                    |
[2022-07-08 03:03:11,452] [builder.py:2232]           [INFO]     | TMDb Popular Collection | ? | Prehistoric Planet (2022) (TVDb: 418505)                             |
[2022-07-08 03:03:11,752] [builder.py:2232]           [INFO]     | TMDb Popular Collection | ? | House (TVDb: 73255)                                                  |
[2022-07-08 03:03:12,095] [builder.py:2232]           [INFO]     | TMDb Popular Collection | ? | Supernatural (TVDb: 78901)                                           |
[2022-07-08 03:03:12,328] [builder.py:2232]           [INFO]     | TMDb Popular Collection | ? | Lua de Mel (TVDb: 420520)                                            |
[2022-07-08 03:03:12,627] [builder.py:2232]           [INFO]     | TMDb Popular Collection | ? | Law & Order: Special Victims Unit (TVDb: 75692)                      |
[2022-07-08 03:03:12,906] [builder.py:2232]           [INFO]     | TMDb Popular Collection | ? | The Mentalist (TVDb: 82459)                                          |
[2022-07-08 03:03:13,168] [builder.py:2232]           [INFO]     | TMDb Popular Collection | ? | Riverdale (TVDb: 311954)                                             |
[2022-07-08 03:03:13,428] [builder.py:2232]           [INFO]     | TMDb Popular Collection | ? | Dragon Ball Super (TVDb: 295068)                                     |
[2022-07-08 03:03:13,728] [builder.py:2232]           [INFO]     | TMDb Popular Collection | ? | Suits (TVDb: 247808)                                                 |
[2022-07-08 03:03:13,972] [builder.py:2232]           [INFO]     | TMDb Popular Collection | ? | First Kill (TVDb: 390191)                                            |
[2022-07-08 03:03:14,239] [builder.py:2232]           [INFO]     | TMDb Popular Collection | ? | Love Island (TVDb: 296669)                                           |
[2022-07-08 03:03:14,495] [builder.py:2232]           [INFO]     | TMDb Popular Collection | ? | Euphoria (US) (TVDb: 360261)                                         |
[2022-07-08 03:03:14,750] [builder.py:2232]           [INFO]     | TMDb Popular Collection | ? | Miraculous: Tales of Ladybug & Cat Noir (TVDb: 302218)               |
[2022-07-08 03:03:14,972] [builder.py:2232]           [INFO]     | TMDb Popular Collection | ? | Pablo Escobar, The Drug Lord (TVDb: 259730)                          |
[2022-07-08 03:03:15,194] [builder.py:2232]           [INFO]     | TMDb Popular Collection | ? | The Dropout (TVDb: 363024)                                           |
[2022-07-08 03:03:15,472] [builder.py:2232]           [INFO]     | TMDb Popular Collection | ? | Cobra Kai (TVDb: 332858)                                             |
[2022-07-08 03:03:15,783] [builder.py:2232]           [INFO]     | TMDb Popular Collection | ? | Money Heist (TVDb: 327417)                                           |
[2022-07-08 03:03:16,050] [builder.py:2232]           [INFO]     | TMDb Popular Collection | ? | Jujutsu Kaisen (TVDb: 377543)                                        |
[2022-07-08 03:03:16,376] [builder.py:2232]           [INFO]     | TMDb Popular Collection | ? | Criminal Minds (TVDb: 75710)                                         |
[2022-07-08 03:03:16,618] [builder.py:2232]           [INFO]     | TMDb Popular Collection | ? | Hidden Passion (TVDb: 169581)                                        |
[2022-07-08 03:03:16,623] [builder.py:2232]           [INFO]     | TMDb Popular Collection | ? | Breaking Bad (TVDb: 81189)                                           |
[2022-07-08 03:03:16,934] [builder.py:2232]           [INFO]     | TMDb Popular Collection | ? | Dragon Ball Z (TVDb: 81472)                                          |
[2022-07-08 03:03:17,150] [builder.py:2232]           [INFO]     | TMDb Popular Collection | ? | Vikings (TVDb: 260449)                                               |
[2022-07-08 03:03:17,384] [builder.py:2232]           [INFO]     | TMDb Popular Collection | ? | Rosario Tijeras (2016) (TVDb: 335726)                                |
[2022-07-08 03:03:17,650] [builder.py:2232]           [INFO]     | TMDb Popular Collection | ? | Welcome to Eden (TVDb: 393110)                                       |
[2022-07-08 03:03:18,017] [builder.py:2232]           [INFO]     | TMDb Popular Collection | ? | The Man Who Fell to Earth (TVDb: 414721)                             |
[2022-07-08 03:03:18,294] [builder.py:2232]           [INFO]     | TMDb Popular Collection | ? | Chucky (TVDb: 349415)                                                |
[2022-07-08 03:03:18,739] [builder.py:2232]           [INFO]     | TMDb Popular Collection | ? | S.W.A.T. (2017) (TVDb: 328687)                                       |
[2022-07-08 03:03:19,043] [builder.py:2232]           [INFO]     | TMDb Popular Collection | ? | Bones (TVDb: 75682)                                                  |
[2022-07-08 03:03:19,401] [builder.py:2232]           [INFO]     | TMDb Popular Collection | ? | Loki (TVDb: 362472)                                                  |
[2022-07-08 03:03:19,661] [builder.py:2232]           [INFO]     | TMDb Popular Collection | ? | At Wspolna (TVDb: 341892)                                            |
[2022-07-08 03:03:19,883] [builder.py:2232]           [INFO]     | TMDb Popular Collection | ? | Sex Education (TVDb: 356317)                                         |
[2022-07-08 03:03:20,084] [builder.py:2232]           [INFO]     | TMDb Popular Collection | ? | Goblin (TVDb: 317220)                                                |
[2022-07-08 03:03:20,089] [builder.py:2232]           [INFO]     | TMDb Popular Collection | ? | The Blacklist (TVDb: 266189)                                         |
[2022-07-08 03:03:20,294] [builder.py:2232]           [INFO]     | TMDb Popular Collection | ? | Blue Bloods (TVDb: 164981)                                           |
[2022-07-08 03:03:20,639] [builder.py:2232]           [INFO]     | TMDb Popular Collection | ? | Legacies (TVDb: 349309)                                              |
[2022-07-08 03:03:20,976] [builder.py:2232]           [INFO]     | TMDb Popular Collection | ? | The Queen of Flow (TVDb: 348726)                                     |
[2022-07-08 03:03:21,339] [builder.py:2232]           [INFO]     | TMDb Popular Collection | ? | Control Z (TVDb: 380850)                                             |
[2022-07-08 03:03:21,634] [builder.py:2232]           [INFO]     | TMDb Popular Collection | ? | Bravo, My Life (2022) (TVDb: 418343)                                 |
[2022-07-08 03:03:21,883] [builder.py:2232]           [INFO]     | TMDb Popular Collection | ? | Teresa (TVDb: 248269)                                                |
[2022-07-08 03:03:22,139] [builder.py:2232]           [INFO]     | TMDb Popular Collection | ? | Baki Hanma (TVDb: 406152)                                            |
[2022-07-08 03:03:22,417] [builder.py:2232]           [INFO]     | TMDb Popular Collection | ? | The Summer I Turned Pretty (TVDb: 396505)                            |
[2022-07-08 03:03:22,817] [builder.py:2232]           [INFO]     | TMDb Popular Collection | ? | Vikings: Valhalla (TVDb: 372700)                                     |
[2022-07-08 03:03:23,194] [builder.py:2232]           [INFO]     | TMDb Popular Collection | ? | Baki (2018) (TVDb: 348742)                                           |
[2022-07-08 03:03:23,451] [builder.py:2232]           [INFO]     | TMDb Popular Collection | ? | The Bold and the Beautiful (TVDb: 79838)                             |
[2022-07-08 03:03:23,784] [builder.py:2232]           [INFO]     | TMDb Popular Collection | ? | The Marked Heart (TVDb: 418089)                                      |
[2022-07-08 03:03:24,050] [builder.py:2232]           [INFO]     | TMDb Popular Collection | ? | Castle (2009) (TVDb: 83462)                                          |
[2022-07-08 03:03:24,284] [builder.py:2232]           [INFO]     | TMDb Popular Collection | ? | Elite (TVDb: 346328)                                                 |
[2022-07-08 03:03:24,494] [builder.py:2232]           [INFO]     | TMDb Popular Collection | ? | KinnPorsche (TVDb: 391992)                                           |
[2022-07-08 03:03:24,499] [builder.py:2232]           [INFO]     | TMDb Popular Collection | ? | The Kardashians (TVDb: 414093)                                       |
[2022-07-08 03:03:24,750] [builder.py:2232]           [INFO]     | TMDb Popular Collection | ? | WandaVision (TVDb: 362392)                                           |
[2022-07-08 03:03:24,994] [builder.py:2232]           [INFO]     | TMDb Popular Collection | ? | Shortland Street (TVDb: 73983)                                       |
[2022-07-08 03:03:25,217] [builder.py:2232]           [INFO]     | TMDb Popular Collection | ? | Regular Show (TVDb: 188401)                                          |
[2022-07-08 03:03:25,428] [builder.py:2232]           [INFO]     | TMDb Popular Collection | ? | Soy Luna (TVDb: 307881)                                              |
[2022-07-08 03:03:25,429] [builder.py:2237]           [INFO]     |                                                                                                    |
[2022-07-08 03:03:25,429] [builder.py:2238]           [INFO]     | 93 Shows Missing                                                                                   |
[2022-07-08 03:03:25,430] [plex_meta_manager.py:593]  [INFO]     |                                                                                                    |
[2022-07-08 03:03:25,430] [plex_meta_manager.py:594]  [INFO]     | Collection Minimum: 3 not met for TMDb Popular Collection                                          |
[2022-07-08 03:03:25,430] [plex_meta_manager.py:674]  [INFO]     |                                                                                                    |
[2022-07-08 03:03:25,431] [plex_meta_manager.py:675]  [INFO]     |====================================================================================================|
[2022-07-08 03:03:25,431] [plex_meta_manager.py:675]  [INFO]     |                                  Finished TMDb Popular Collection                                  |
[2022-07-08 03:03:25,432] [plex_meta_manager.py:675]  [INFO]     |                                    Collection Run Time: 0:00:29                                    |
[2022-07-08 03:03:25,432] [plex_meta_manager.py:675]  [INFO]     |====================================================================================================|
