[2022-07-08 02:54:44,496] [builder.py:185]            [INFO]     |====================================================================================================|
[2022-07-08 02:54:44,497] [builder.py:185]            [INFO]     |                               Best of 2000s Collection in .....综艺节目                                |
[2022-07-08 02:54:44,497] [builder.py:185]            [INFO]     |====================================================================================================|
[2022-07-08 02:54:44,497] [builder.py:186]            [INFO]     |                                                                                                    |
[2022-07-08 02:54:44,498] [builder.py:191]            [INFO]     |=============================== Validating Best of 2000s Attributes ================================|
[2022-07-08 02:54:44,498] [builder.py:212]            [DEBUG]    |                                                                                                    |
[2022-07-08 02:54:44,498] [builder.py:213]            [DEBUG]    | Validating Method: template                                                                        |
[2022-07-08 02:54:44,499] [meta.py:103]               [DEBUG]    | Value: [{'value': [2001, 2008, 2000, 2006, 2007, 2002, 2009, 2004], 'decade': [2001, 2008, 2000, 2006, 2007, 2002, 2009, 2004], 'key_name': '2000', 'key': '2000', 'name': 'decade_dynamic'}, {'value': [2001, 2008, 2000, 2006, 2007, 2002, 2009, 2004], 'decade': [2001, 2008, 2000, 2006, 2007, 2002, 2009, 2004], 'key_name': '2000', 'key': '2000', 'name': 'shared'}] |
[2022-07-08 02:54:44,501] [builder.py:1675]           [INFO]     |                                                                                                    |
[2022-07-08 02:54:44,502] [builder.py:1676]           [INFO]     | Validating Method: smart_filter                                                                    |
[2022-07-08 02:54:44,502] [builder.py:1682]           [DEBUG]    | Value: {'sort_by': 'critic_rating.desc', 'any': {'year': [2001, 2008, 2000, 2006, 2007, 2002, 2009, 2004]}, 'limit': 100} |
[2022-07-08 02:54:44,503] [builder.py:600]            [DEBUG]    |                                                                                                    |
[2022-07-08 02:54:44,503] [builder.py:604]            [DEBUG]    | Validating Method: label                                                                           |
[2022-07-08 02:54:44,503] [builder.py:605]            [DEBUG]    | Value: Decade                                                                                      |
[2022-07-08 02:54:44,503] [builder.py:600]            [DEBUG]    |                                                                                                    |
[2022-07-08 02:54:44,504] [builder.py:604]            [DEBUG]    | Validating Method: url_poster                                                                      |
[2022-07-08 02:54:44,504] [builder.py:605]            [DEBUG]    | Value: https://raw.githubusercontent.com/meisnate12/Plex-Meta-Manager-Images/master/decade/best/2000.jpg |
[2022-07-08 02:54:45,834] [builder.py:600]            [DEBUG]    |                                                                                                    |
[2022-07-08 02:54:45,834] [builder.py:604]            [DEBUG]    | Validating Method: sort_title                                                                      |
[2022-07-08 02:54:45,834] [builder.py:605]            [DEBUG]    | Value: !12_Best of 2000s                                                                           |
[2022-07-08 02:54:45,948] [builder.py:764]            [INFO]     |                                                                                                    |
[2022-07-08 02:54:45,948] [builder.py:765]            [INFO]     | Validation Successful                                                                              |
[2022-07-08 02:54:45,948] [plex_meta_manager.py:539]  [INFO]     |                                                                                                    |
[2022-07-08 02:54:45,949] [plex_meta_manager.py:541]  [INFO]     |================================= Running Best of 2000s Collection =================================|
[2022-07-08 02:54:45,949] [plex_meta_manager.py:547]  [INFO]     |                                                                                                    |
[2022-07-08 02:54:45,949] [plex_meta_manager.py:548]  [INFO]     | Smart Show Filter                                                                                  |
                                                                 | Sort By: critic_rating.desc
                                                                 | Limit: 100
                                                                 | Filter:
                                                                 |   Match any of the following:
                                                                 |     Year is 2001
                                                                 |     Year is 2008
                                                                 |     Year is 2000
                                                                 |     Year is 2006
                                                                 |     Year is 2007
                                                                 |     Year is 2002
                                                                 |     Year is 2009
                                                                 |     Year is 2004
[2022-07-08 02:54:46,068] [builder.py:2383]           [INFO]     | 
[2022-07-08 02:54:46,069] [builder.py:2384]           [INFO]     |=========================== Updating Details of Best of 2000s Collection ===========================|
[2022-07-08 02:54:46,069] [builder.py:2385]           [INFO]     |                                                                                                    |
[2022-07-08 02:54:46,092] [builder.py:2446]           [INFO]     | Collection Metadata Edits                                                                          |
[2022-07-08 02:54:46,093] [util.py:150]               [DEBUG]    | 1 poster found:                                                                                    |
[2022-07-08 02:54:46,093] [util.py:152]               [DEBUG]    | Method: url_poster Poster: https://raw.githubusercontent.com/meisnate12/Plex-Meta-Manager-Images/master/decade/best/2000.jpg |
[2022-07-08 02:54:46,095] [library.py:155]            [INFO]     | Detail: poster update not needed                                                                   |
[2022-07-08 02:54:46,191] [plex_meta_manager.py:674]  [INFO]     |                                                                                                    |
[2022-07-08 02:54:46,191] [plex_meta_manager.py:675]  [INFO]     |====================================================================================================|
[2022-07-08 02:54:46,191] [plex_meta_manager.py:675]  [INFO]     |                                 Finished Best of 2000s Collection                                  |
[2022-07-08 02:54:46,192] [plex_meta_manager.py:675]  [INFO]     |                                    Collection Run Time: 0:00:01                                    |
[2022-07-08 02:54:46,192] [plex_meta_manager.py:675]  [INFO]     |====================================================================================================|
