[2022-07-08 03:19:39,324] [builder.py:185]            [INFO]     |====================================================================================================|
[2022-07-08 03:19:39,325] [builder.py:185]            [INFO]     |                                  BBC Collection in .Documentaries                                  |
[2022-07-08 03:19:39,326] [builder.py:185]            [INFO]     |====================================================================================================|
[2022-07-08 03:19:39,326] [builder.py:186]            [INFO]     |                                                                                                    |
[2022-07-08 03:19:39,326] [builder.py:191]            [INFO]     |==================================== Validating BBC Attributes =====================================|
[2022-07-08 03:19:39,327] [builder.py:212]            [DEBUG]    |                                                                                                    |
[2022-07-08 03:19:39,327] [builder.py:213]            [DEBUG]    | Validating Method: template                                                                        |
[2022-07-08 03:19:39,327] [meta.py:103]               [DEBUG]    | Value: [{'value': ['BBC One'], 'network': ['BBC One'], 'key_name': 'BBC', 'key': 'BBC', 'name': 'networks_dynamic'}, {'value': ['BBC One'], 'network': ['BBC One'], 'key_name': 'BBC', 'key': 'BBC', 'name': 'shared'}] |
[2022-07-08 03:19:39,329] [builder.py:1675]           [INFO]     |                                                                                                    |
[2022-07-08 03:19:39,330] [builder.py:1676]           [INFO]     | Validating Method: smart_filter                                                                    |
[2022-07-08 03:19:39,330] [builder.py:1682]           [DEBUG]    | Value: {'sort_by': 'release.desc', 'any': {'network': ['BBC One']}}                                |
[2022-07-08 03:19:39,344] [builder.py:600]            [DEBUG]    |                                                                                                    |
[2022-07-08 03:19:39,345] [builder.py:604]            [DEBUG]    | Validating Method: label                                                                           |
[2022-07-08 03:19:39,345] [builder.py:605]            [DEBUG]    | Value: Network US                                                                                  |
[2022-07-08 03:19:39,345] [builder.py:600]            [DEBUG]    |                                                                                                    |
[2022-07-08 03:19:39,346] [builder.py:604]            [DEBUG]    | Validating Method: url_poster                                                                      |
[2022-07-08 03:19:39,346] [builder.py:605]            [DEBUG]    | Value: https://raw.githubusercontent.com/meisnate12/Plex-Meta-Manager-Images/master/network/BBC.jpg |
[2022-07-08 03:19:39,647] [builder.py:600]            [DEBUG]    |                                                                                                    |
[2022-07-08 03:19:39,648] [builder.py:604]            [DEBUG]    | Validating Method: sort_title                                                                      |
[2022-07-08 03:19:39,648] [builder.py:605]            [DEBUG]    | Value: !04_BBC                                                                                     |
[2022-07-08 03:19:39,663] [plex.py:742]               [DEBUG]    |                                                                                                    |
[2022-07-08 03:19:39,664] [plex.py:745]               [DEBUG]    | Looking for: BBC                                                                                   |
[2022-07-08 03:19:39,664] [builder.py:764]            [INFO]     |                                                                                                    |
[2022-07-08 03:19:39,665] [builder.py:765]            [INFO]     | Validation Successful                                                                              |
[2022-07-08 03:19:39,665] [plex_meta_manager.py:539]  [INFO]     |                                                                                                    |
[2022-07-08 03:19:39,665] [plex_meta_manager.py:541]  [INFO]     |====================================== Running BBC Collection ======================================|
[2022-07-08 03:19:39,666] [plex_meta_manager.py:547]  [INFO]     |                                                                                                    |
[2022-07-08 03:19:39,666] [plex_meta_manager.py:548]  [INFO]     | Smart Show Filter                                                                                  |
                                                                 | Sort By: release.desc
                                                                 | Filter:
                                                                 |   Match any of the following:
                                                                 |     Network is BBC One
[2022-07-08 03:19:39,694] [plex_meta_manager.py:593]  [INFO]     | 
[2022-07-08 03:19:39,694] [plex_meta_manager.py:594]  [INFO]     | Collection Minimum: 3 not met for BBC Collection
[2022-07-08 03:19:39,695] [plex_meta_manager.py:674]  [INFO]     | 
[2022-07-08 03:19:39,695] [plex_meta_manager.py:675]  [INFO]     |====================================================================================================|
[2022-07-08 03:19:39,695] [plex_meta_manager.py:675]  [INFO]     |                                      Finished BBC Collection                                       |
[2022-07-08 03:19:39,696] [plex_meta_manager.py:675]  [INFO]     |                                    Collection Run Time: 0:00:00                                    |
[2022-07-08 03:19:39,696] [plex_meta_manager.py:675]  [INFO]     |====================================================================================================|
