[2022-07-08 02:50:23,051] [builder.py:185]            [INFO]     |====================================================================================================|
[2022-07-08 02:50:23,052] [builder.py:185]            [INFO]     |                              Trakt Collected Collection in .....综艺节目                               |
[2022-07-08 02:50:23,052] [builder.py:185]            [INFO]     |====================================================================================================|
[2022-07-08 02:50:23,053] [builder.py:186]            [INFO]     |                                                                                                    |
[2022-07-08 02:50:23,053] [builder.py:191]            [INFO]     |============================== Validating Trakt Collected Attributes ===============================|
[2022-07-08 02:50:23,053] [builder.py:212]            [DEBUG]    |                                                                                                    |
[2022-07-08 02:50:23,054] [builder.py:213]            [DEBUG]    | Validating Method: template                                                                        |
[2022-07-08 02:50:23,054] [meta.py:103]               [DEBUG]    | Value: [{'value': ['collected'], 'custom': ['collected'], 'key_name': 'Collected', 'key': 'collected', 'name': 'trakt'}, {'value': ['collected'], 'custom': ['collected'], 'key_name': 'Collected', 'key': 'collected', 'name': 'customsync'}, {'value': ['collected'], 'custom': ['collected'], 'key_name': 'Collected', 'key': 'collected', 'name': 'chart_shared'}] |
[2022-07-08 02:50:23,057] [builder.py:437]            [DEBUG]    |                                                                                                    |
[2022-07-08 02:50:23,058] [builder.py:438]            [DEBUG]    | Validating Method: sync_mode                                                                       |
[2022-07-08 02:50:23,058] [builder.py:442]            [DEBUG]    | Value: sync                                                                                        |
[2022-07-08 02:50:23,058] [builder.py:582]            [DEBUG]    |                                                                                                    |
[2022-07-08 02:50:23,058] [builder.py:583]            [DEBUG]    | Validating Method: collection_order                                                                |
[2022-07-08 02:50:23,059] [builder.py:584]            [DEBUG]    | Value: custom                                                                                      |
[2022-07-08 02:50:23,059] [builder.py:600]            [DEBUG]    |                                                                                                    |
[2022-07-08 02:50:23,059] [builder.py:604]            [DEBUG]    | Validating Method: label                                                                           |
[2022-07-08 02:50:23,060] [builder.py:605]            [DEBUG]    | Value: Trakt                                                                                       |
[2022-07-08 02:50:23,060] [builder.py:600]            [DEBUG]    |                                                                                                    |
[2022-07-08 02:50:23,060] [builder.py:604]            [DEBUG]    | Validating Method: trakt_chart                                                                     |
[2022-07-08 02:50:23,060] [builder.py:605]            [DEBUG]    | Value: {'chart': 'collected', 'limit': 100}                                                        |
[2022-07-08 02:50:23,061] [builder.py:600]            [DEBUG]    |                                                                                                    |
[2022-07-08 02:50:23,061] [builder.py:604]            [DEBUG]    | Validating Method: summary                                                                         |
[2022-07-08 02:50:23,062] [builder.py:605]            [DEBUG]    | Value: A collection of Trakt's Weekly show List                                                    |
[2022-07-08 02:50:23,062] [builder.py:600]            [DEBUG]    |                                                                                                    |
[2022-07-08 02:50:23,062] [builder.py:604]            [DEBUG]    | Validating Method: sort_title                                                                      |
[2022-07-08 02:50:23,063] [builder.py:605]            [DEBUG]    | Value: !01_Trakt Collected                                                                         |
[2022-07-08 02:50:23,063] [builder.py:600]            [DEBUG]    |                                                                                                    |
[2022-07-08 02:50:23,063] [builder.py:604]            [DEBUG]    | Validating Method: url_poster                                                                      |
[2022-07-08 02:50:23,063] [builder.py:605]            [DEBUG]    | Value: https://raw.githubusercontent.com/meisnate12/Plex-Meta-Manager-Images/master/chart/Trakt%20Collected.jpg |
[2022-07-08 02:50:23,393] [plex.py:742]               [DEBUG]    |                                                                                                    |
[2022-07-08 02:50:23,394] [plex.py:745]               [DEBUG]    | Looking for: Trakt Collected                                                                       |
[2022-07-08 02:50:23,394] [builder.py:764]            [INFO]     |                                                                                                    |
[2022-07-08 02:50:23,394] [builder.py:765]            [INFO]     | Validation Successful                                                                              |
[2022-07-08 02:50:23,395] [plex_meta_manager.py:539]  [INFO]     |                                                                                                    |
[2022-07-08 02:50:23,395] [plex_meta_manager.py:541]  [INFO]     |================================ Running Trakt Collected Collection ================================|
[2022-07-08 02:50:23,395] [plex_meta_manager.py:553]  [INFO]     |                                                                                                    |
[2022-07-08 02:50:23,396] [plex_meta_manager.py:554]  [INFO]     | Sync Mode: sync                                                                                    |
[2022-07-08 02:50:23,396] [plex_meta_manager.py:557]  [DEBUG]    |                                                                                                    |
[2022-07-08 02:50:23,396] [plex_meta_manager.py:558]  [DEBUG]    | Builder: trakt_chart: {'chart': 'collected', 'limit': 100, 'time_period': None}                    |
[2022-07-08 02:50:23,396] [plex_meta_manager.py:559]  [INFO]     |                                                                                                    |
[2022-07-08 02:50:23,397] [trakt.py:490]              [INFO]     | Processing Trakt Chart: 100 Collected Shows                                                        |
[2022-07-08 02:50:24,484] [builder.py:1507]           [DEBUG]    |                                                                                                    |
[2022-07-08 02:50:24,484] [builder.py:1508]           [DEBUG]    | 100 IDs Found: [(305288, 'tvdb'), (355567, 'tvdb'), (296762, 'tvdb'), (382389, 'tvdb'), (328487, 'tvdb'), (368612, 'tvdb'), (399917, 'tvdb'), (356202, 'tvdb'), (279121, 'tvdb'), (367392, 'tvdb'), (399959, 'tvdb'), (363955, 'tvdb'), (414721, 'tvdb'), (364047, 'tvdb'), (304262, 'tvdb'), (406179, 'tvdb'), (74608, 'tvdb'), (295936, 'tvdb'), (393199, 'tvdb'), (417559, 'tvdb'), (375655, 'tvdb'), (396346, 'tvdb'), (373873, 'tvdb'), (401831, 'tvdb'), (79490, 'tvdb'), (393207, 'tvdb'), (254243, 'tvdb'), (363841, 'tvdb'), (336602, 'tvdb'), (361753, 'tvdb'), (393438, 'tvdb'), (356405, 'tvdb'), (328749, 'tvdb'), (353764, 'tvdb'), (196741, 'tvdb'), (368611, 'tvdb'), (393404, 'tvdb'), (167751, 'tvdb'), (266189, 'tvdb'), (409361, 'tvdb'), (78957, 'tvdb'), (403294, 'tvdb'), (263380, 'tvdb'), (393434, 'tvdb'), (92091, 'tvdb'), (371768, 'tvdb'), (321285, 'tvdb'), (371980, 'tvdb'), (294002, 'tvdb'), (378178, 'tvdb'), (76706, 'tvdb'), (74845, 'tvdb'), (400440, 'tvdb'), (296669, 'tvdb'), (398813, 'tvdb'), (121361, 'tvdb'), (78804, 'tvdb'), (273181, 'tvdb'), (328634, 'tvdb'), (329089, 'tvdb'), (360432, 'tvdb'), (362472, 'tvdb'), (410672, 'tvdb'), (407498, 'tvdb'), (338539, 'tvdb'), (367147, 'tvdb'), (402117, 'tvdb'), (393589, 'tvdb'), (368166, 'tvdb'), (81797, 'tvdb'), (262754, 'tvdb'), (379221, 'tvdb'), (277092, 'tvdb'), (332858, 'tvdb'), (328687, 'tvdb'), (366924, 'tvdb'), (351282, 'tvdb'), (383203, 'tvdb'), (270915, 'tvdb'), (336261, 'tvdb'), (391153, 'tvdb'), (341164, 'tvdb'), (364088, 'tvdb'), (328711, 'tvdb'), (374191, 'tvdb'), (409671, 'tvdb'), (311954, 'tvdb'), (383275, 'tvdb'), (279536, 'tvdb'), (380654, 'tvdb'), (378995, 'tvdb'), (297369, 'tvdb'), (407306, 'tvdb'), (280316, 'tvdb'), (328724, 'tvdb'), (382327, 'tvdb'), (270408, 'tvdb'), (289574, 'tvdb'), (361565, 'tvdb'), (381807, 'tvdb')] |
[2022-07-08 02:50:24,485] [builder.py:1509]           [DEBUG]    |                                                                                                    |
[2022-07-08 02:50:24,487] [builder.py:2218]           [INFO]     |                                                                                                    |
[2022-07-08 02:50:24,488] [builder.py:2219]           [INFO]     |=========================== Missing Shows from Library: Trakt Collected ============================|
[2022-07-08 02:50:24,488] [builder.py:2220]           [INFO]     |                                                                                                    |
[2022-07-08 02:50:25,231] [builder.py:2232]           [INFO]     | Trakt Collected Collection | ? | Stranger Things (TVDb: 305288)                                    |
[2022-07-08 02:50:25,542] [builder.py:2232]           [INFO]     | Trakt Collected Collection | ? | The Boys (TVDb: 355567)                                           |
[2022-07-08 02:50:26,058] [builder.py:2232]           [INFO]     | Trakt Collected Collection | ? | Westworld (TVDb: 296762)                                          |
[2022-07-08 02:50:26,375] [builder.py:2232]           [INFO]     | Trakt Collected Collection | ? | Star Trek: Strange New Worlds (TVDb: 382389)                      |
[2022-07-08 02:50:26,731] [builder.py:2232]           [INFO]     | Trakt Collected Collection | ? | The Orville (TVDb: 328487)                                        |
[2022-07-08 02:50:27,000] [builder.py:2232]           [INFO]     | Trakt Collected Collection | ? | Ms. Marvel (TVDb: 368612)                                         |
[2022-07-08 02:50:27,275] [builder.py:2232]           [INFO]     | Trakt Collected Collection | ? | The Terminal List (TVDb: 399917)                                  |
[2022-07-08 02:50:27,733] [builder.py:2232]           [INFO]     | Trakt Collected Collection | ? | For All Mankind (TVDb: 356202)                                    |
[2022-07-08 02:50:28,009] [builder.py:2232]           [INFO]     | Trakt Collected Collection | ? | The Flash (2014) (TVDb: 279121)                                   |
[2022-07-08 02:50:28,298] [builder.py:2232]           [INFO]     | Trakt Collected Collection | ? | The Old Man (TVDb: 367392)                                        |
[2022-07-08 02:50:28,586] [builder.py:2232]           [INFO]     | Trakt Collected Collection | ? | Only Murders in the Building (TVDb: 399959)                       |
[2022-07-08 02:50:28,891] [builder.py:2232]           [INFO]     | Trakt Collected Collection | ? | Evil (TVDb: 363955)                                               |
[2022-07-08 02:50:29,342] [builder.py:2232]           [INFO]     | Trakt Collected Collection | ? | The Man Who Fell to Earth (TVDb: 414721)                          |
[2022-07-08 02:50:29,620] [builder.py:2232]           [INFO]     | Trakt Collected Collection | ? | Motherland: Fort Salem (TVDb: 364047)                             |
[2022-07-08 02:50:29,958] [builder.py:2232]           [INFO]     | Trakt Collected Collection | ? | Animal Kingdom (2016) (TVDb: 304262)                              |
[2022-07-08 02:50:30,300] [builder.py:2232]           [INFO]     | Trakt Collected Collection | ? | Dark Winds (TVDb: 406179)                                         |
[2022-07-08 02:50:30,599] [builder.py:2232]           [INFO]     | Trakt Collected Collection | ? | Top Gear (TVDb: 74608)                                            |
[2022-07-08 02:50:30,858] [builder.py:2232]           [INFO]     | Trakt Collected Collection | ? | Alone (TVDb: 295936)                                              |
[2022-07-08 02:50:31,109] [builder.py:2232]           [INFO]     | Trakt Collected Collection | ? | Obi-Wan Kenobi (TVDb: 393199)                                     |
[2022-07-08 02:50:31,398] [builder.py:2232]           [INFO]     | Trakt Collected Collection | ? | Loot (TVDb: 417559)                                               |
[2022-07-08 02:50:31,753] [builder.py:2232]           [INFO]     | Trakt Collected Collection | ? | Superman & Lois (TVDb: 375655)                                    |
[2022-07-08 02:50:32,042] [builder.py:2232]           [INFO]     | Trakt Collected Collection | ? | Physical (TVDb: 396346)                                           |
[2022-07-08 02:50:32,299] [builder.py:2232]           [INFO]     | Trakt Collected Collection | ? | Becoming Elizabeth (TVDb: 373873)                                 |
[2022-07-08 02:50:32,642] [builder.py:2232]           [INFO]     | Trakt Collected Collection | ? | The Undeclared War (TVDb: 401831)                                 |
[2022-07-08 02:50:32,887] [builder.py:2232]           [INFO]     | Trakt Collected Collection | ? | America's Got Talent (TVDb: 79490)                                |
[2022-07-08 02:50:33,320] [builder.py:2232]           [INFO]     | Trakt Collected Collection | ? | Baymax! (TVDb: 393207)                                            |
[2022-07-08 02:50:33,675] [builder.py:2232]           [INFO]     | Trakt Collected Collection | ? | Impractical Jokers (TVDb: 254243)                                 |
[2022-07-08 02:50:33,964] [builder.py:2232]           [INFO]     | Trakt Collected Collection | ? | All Rise (TVDb: 363841)                                           |
[2022-07-08 02:50:34,232] [builder.py:2232]           [INFO]     | Trakt Collected Collection | ? | The Chi (TVDb: 336602)                                            |
[2022-07-08 02:50:34,575] [builder.py:2232]           [INFO]     | Trakt Collected Collection | ? | The Mandalorian (TVDb: 361753)                                    |
[2022-07-08 02:50:36,301] [builder.py:2232]           [INFO]     | Trakt Collected Collection | ? | Marvel Studios: Legends (TVDb: 393438)                            |
[2022-07-08 02:50:36,557] [builder.py:2232]           [INFO]     | Trakt Collected Collection | ? | P-Valley (TVDb: 356405)                                           |
[2022-07-08 02:50:36,942] [builder.py:2232]           [INFO]     | Trakt Collected Collection | ? | Dynasty (2017) (TVDb: 328749)                                     |
[2022-07-08 02:50:37,257] [builder.py:2232]           [INFO]     | Trakt Collected Collection | ? | The Umbrella Academy (TVDb: 353764)                               |
[2022-07-08 02:50:37,590] [builder.py:2232]           [INFO]     | Trakt Collected Collection | ? | The Real Housewives of Beverly Hills (TVDb: 196741)               |
[2022-07-08 02:50:37,853] [builder.py:2232]           [INFO]     | Trakt Collected Collection | ? | Moon Knight (TVDb: 368611)                                        |
[2022-07-08 02:50:38,098] [builder.py:2232]           [INFO]     | Trakt Collected Collection | ? | Irma Vep (TVDb: 393404)                                           |
[2022-07-08 02:50:39,589] [builder.py:2232]           [INFO]     | Trakt Collected Collection | ? | MasterChef (US) (TVDb: 167751)                                    |
[2022-07-08 02:50:39,594] [builder.py:2232]           [INFO]     | Trakt Collected Collection | ? | The Blacklist (TVDb: 266189)                                      |
[2022-07-08 02:50:39,975] [builder.py:2232]           [INFO]     | Trakt Collected Collection | ? | Tom Swift (TVDb: 409361)                                          |
[2022-07-08 02:50:40,309] [builder.py:2232]           [INFO]     | Trakt Collected Collection | ? | Deadliest Catch (TVDb: 78957)                                     |
[2022-07-08 02:50:40,653] [builder.py:2232]           [INFO]     | Trakt Collected Collection | ? | The Bear (TVDb: 403294)                                           |
[2022-07-08 02:50:40,920] [builder.py:2232]           [INFO]     | Trakt Collected Collection | ? | RuPaul's Drag Race All Stars (TVDb: 263380)                       |
[2022-07-08 02:50:41,182] [builder.py:2232]           [INFO]     | Trakt Collected Collection | ? | Man vs Bee (TVDb: 393434)                                         |
[2022-07-08 02:50:41,523] [builder.py:2232]           [INFO]     | Trakt Collected Collection | ? | MasterChef Australia (TVDb: 92091)                                |
[2022-07-08 02:50:41,832] [builder.py:2232]           [INFO]     | Trakt Collected Collection | ? | Walker (TVDb: 371768)                                             |
[2022-07-08 02:50:42,064] [builder.py:2232]           [INFO]     | Trakt Collected Collection | ? | Boruto: Naruto Next Generations (TVDb: 321285)                    |
[2022-07-08 02:50:42,442] [builder.py:2232]           [INFO]     | Trakt Collected Collection | ? | Severance (TVDb: 371980)                                          |
[2022-07-08 02:50:42,709] [builder.py:2232]           [INFO]     | Trakt Collected Collection | ? | Overlord (TVDb: 294002)                                           |
[2022-07-08 02:50:43,148] [builder.py:2232]           [INFO]     | Trakt Collected Collection | ? | The Secret of Skinwalker Ranch (TVDb: 378178)                     |
[2022-07-08 02:50:43,464] [builder.py:2232]           [INFO]     | Trakt Collected Collection | ? | Big Brother (US) (TVDb: 76706)                                    |
[2022-07-08 02:50:43,809] [builder.py:2232]           [INFO]     | Trakt Collected Collection | ? | Weeds (TVDb: 74845)                                               |
[2022-07-08 02:50:44,098] [builder.py:2232]           [INFO]     | Trakt Collected Collection | ? | The Lazarus Project (TVDb: 400440)                                |
[2022-07-08 02:50:44,386] [builder.py:2232]           [INFO]     | Trakt Collected Collection | ? | Love Island (TVDb: 296669)                                        |
[2022-07-08 02:50:45,826] [builder.py:2232]           [INFO]     | Trakt Collected Collection | ? | The Upshaws (TVDb: 398813)                                        |
[2022-07-08 02:50:46,086] [builder.py:2232]           [INFO]     | Trakt Collected Collection | ? | Game of Thrones (TVDb: 121361)                                    |
[2022-07-08 02:50:46,356] [builder.py:2232]           [INFO]     | Trakt Collected Collection | ? | Doctor Who (2005) (TVDb: 78804)                                   |
[2022-07-08 02:50:46,956] [builder.py:2232]           [INFO]     | Trakt Collected Collection | ? | Better Call Saul (TVDb: 273181)                                   |
[2022-07-08 02:50:47,453] [builder.py:2232]           [INFO]     | Trakt Collected Collection | ? | The Good Doctor (TVDb: 328634)                                    |
[2022-07-08 02:50:47,753] [builder.py:2232]           [INFO]     | Trakt Collected Collection | ? | Ozark (TVDb: 329089)                                              |
[2022-07-08 02:50:49,557] [builder.py:2232]           [INFO]     | Trakt Collected Collection | ? | Gold Rush: Dave Turin's Lost Mine (TVDb: 360432)                  |
[2022-07-08 02:50:49,975] [builder.py:2232]           [INFO]     | Trakt Collected Collection | ? | Loki (TVDb: 362472)                                               |
[2022-07-08 02:50:50,287] [builder.py:2232]           [INFO]     | Trakt Collected Collection | ? | Players (2022) (TVDb: 410672)                                     |
[2022-07-08 02:50:50,564] [builder.py:2232]           [INFO]     | Trakt Collected Collection | ? | Sherwood (2022) (TVDb: 407498)                                    |
[2022-07-08 02:50:51,890] [builder.py:2232]           [INFO]     | Trakt Collected Collection | ? | Jersey Shore Family Vacation (TVDb: 338539)                       |
[2022-07-08 02:50:53,390] [builder.py:2232]           [INFO]     | Trakt Collected Collection | ? | What If…? (TVDb: 367147)                                          |
[2022-07-08 02:50:53,622] [builder.py:2232]           [INFO]     | Trakt Collected Collection | ? | Shikimori's Not Just a Cutie (TVDb: 402117)                       |
[2022-07-08 02:50:54,031] [builder.py:2232]           [INFO]     | Trakt Collected Collection | ? | The Book of Boba Fett (TVDb: 393589)                              |
[2022-07-08 02:50:54,389] [builder.py:2232]           [INFO]     | Trakt Collected Collection | ? | Resident Alien (TVDb: 368166)                                     |
[2022-07-08 02:50:54,681] [builder.py:2232]           [INFO]     | Trakt Collected Collection | ? | One Piece (TVDb: 81797)                                           |
[2022-07-08 02:50:54,864] [builder.py:2232]           [INFO]     | Trakt Collected Collection | ? | Catfish: The TV Show (TVDb: 262754)                               |
[2022-07-08 02:50:56,490] [builder.py:2232]           [INFO]     | Trakt Collected Collection | ? | Gold Rush: Parker's Trail (TVDb: 379221)                          |
[2022-07-08 02:50:56,889] [builder.py:2232]           [INFO]     | Trakt Collected Collection | ? | 90 Day Fiancé (TVDb: 277092)                                      |
[2022-07-08 02:50:57,131] [builder.py:2232]           [INFO]     | Trakt Collected Collection | ? | Cobra Kai (TVDb: 332858)                                          |
[2022-07-08 02:50:57,455] [builder.py:2232]           [INFO]     | Trakt Collected Collection | ? | S.W.A.T. (2017) (TVDb: 328687)                                    |
[2022-07-08 02:50:57,742] [builder.py:2232]           [INFO]     | Trakt Collected Collection | ? | Reacher (TVDb: 366924)                                            |
[2022-07-08 02:50:58,086] [builder.py:2232]           [INFO]     | Trakt Collected Collection | ? | Roswell, New Mexico (TVDb: 351282)                                |
[2022-07-08 02:50:58,372] [builder.py:2232]           [INFO]     | Trakt Collected Collection | ? | Ted Lasso (TVDb: 383203)                                          |
[2022-07-08 02:50:58,631] [builder.py:2232]           [INFO]     | Trakt Collected Collection | ? | Peaky Blinders (TVDb: 270915)                                     |
[2022-07-08 02:50:58,880] [builder.py:2232]           [INFO]     | Trakt Collected Collection | ? | Tom Clancy's Jack Ryan (TVDb: 336261)                             |
[2022-07-08 02:50:59,120] [builder.py:2232]           [INFO]     | Trakt Collected Collection | ? | Peacemaker (TVDb: 391153)                                         |
[2022-07-08 02:50:59,464] [builder.py:2232]           [INFO]     | Trakt Collected Collection | ? | Yellowstone (2018) (TVDb: 341164)                                 |
[2022-07-08 02:50:59,789] [builder.py:2232]           [INFO]     | Trakt Collected Collection | ? | FBI: Most Wanted (TVDb: 364088)                                   |
[2022-07-08 02:51:00,122] [builder.py:2232]           [INFO]     | Trakt Collected Collection | ? | Star Trek: Discovery (TVDb: 328711)                               |
[2022-07-08 02:51:02,133] [builder.py:2232]           [INFO]     | Trakt Collected Collection | ? | Dragon Quest: The Adventure of Dai (TVDb: 374191)                 |
[2022-07-08 02:51:02,488] [builder.py:2232]           [INFO]     | Trakt Collected Collection | ? | The Real Housewives Ultimate Girls Trip (TVDb: 409671)            |
[2022-07-08 02:51:02,747] [builder.py:2232]           [INFO]     | Trakt Collected Collection | ? | Riverdale (TVDb: 311954)                                          |
[2022-07-08 02:51:03,109] [builder.py:2232]           [INFO]     | Trakt Collected Collection | ? | Squid Game (TVDb: 383275)                                         |
[2022-07-08 02:51:03,442] [builder.py:2232]           [INFO]     | Trakt Collected Collection | ? | Billions (TVDb: 279536)                                           |
[2022-07-08 02:51:03,675] [builder.py:2232]           [INFO]     | Trakt Collected Collection | ? | Rent-a-Girlfriend (TVDb: 380654)                                  |
[2022-07-08 02:51:03,997] [builder.py:2232]           [INFO]     | Trakt Collected Collection | ? | The Outlaws (TVDb: 378995)                                        |
[2022-07-08 02:51:04,298] [builder.py:2232]           [INFO]     | Trakt Collected Collection | ? | Naked and Afraid XL (TVDb: 297369)                                |
[2022-07-08 02:51:04,564] [builder.py:2232]           [INFO]     | Trakt Collected Collection | ? | Summer Time Rendering (TVDb: 407306)                              |
[2022-07-08 02:51:05,906] [builder.py:2232]           [INFO]     | Trakt Collected Collection | ? | Expedition Unknown (TVDb: 280316)                                 |
[2022-07-08 02:51:06,213] [builder.py:2232]           [INFO]     | Trakt Collected Collection | ? | Young Sheldon (TVDb: 328724)                                      |
[2022-07-08 02:51:07,832] [builder.py:2232]           [INFO]     | Trakt Collected Collection | ? | The Equalizer (2021) (TVDb: 382327)                               |
[2022-07-08 02:51:08,098] [builder.py:2232]           [INFO]     | Trakt Collected Collection | ? | Outlander (TVDb: 270408)                                          |
[2022-07-08 02:51:08,480] [builder.py:2232]           [INFO]     | Trakt Collected Collection | ? | The Late Show with Stephen Colbert (TVDb: 289574)                 |
[2022-07-08 02:51:08,731] [builder.py:2232]           [INFO]     | Trakt Collected Collection | ? | See (TVDb: 361565)                                                |
[2022-07-08 02:51:10,039] [builder.py:2232]           [INFO]     | Trakt Collected Collection | ? | We Hunt Together (TVDb: 381807)                                   |
[2022-07-08 02:51:10,041] [builder.py:2237]           [INFO]     |                                                                                                    |
[2022-07-08 02:51:10,041] [builder.py:2238]           [INFO]     | 100 Shows Missing                                                                                  |
[2022-07-08 02:51:10,041] [plex_meta_manager.py:593]  [INFO]     |                                                                                                    |
[2022-07-08 02:51:10,042] [plex_meta_manager.py:594]  [INFO]     | Collection Minimum: 3 not met for Trakt Collected Collection                                       |
[2022-07-08 02:51:10,042] [plex_meta_manager.py:674]  [INFO]     |                                                                                                    |
[2022-07-08 02:51:10,042] [plex_meta_manager.py:675]  [INFO]     |====================================================================================================|
[2022-07-08 02:51:10,043] [plex_meta_manager.py:675]  [INFO]     |                                Finished Trakt Collected Collection                                 |
[2022-07-08 02:51:10,043] [plex_meta_manager.py:675]  [INFO]     |                                    Collection Run Time: 0:00:46                                    |
[2022-07-08 02:51:10,043] [plex_meta_manager.py:675]  [INFO]     |====================================================================================================|
