[2022-07-08 01:47:56,917] [builder.py:185]            [INFO]     |====================================================================================================|
[2022-07-08 01:47:56,917] [builder.py:185]            [INFO]     |                                 Best of 1990s Collection in Movies                                 |
[2022-07-08 01:47:56,919] [builder.py:185]            [INFO]     |====================================================================================================|
[2022-07-08 01:47:56,919] [builder.py:186]            [INFO]     |                                                                                                    |
[2022-07-08 01:47:56,919] [builder.py:191]            [INFO]     |=============================== Validating Best of 1990s Attributes ================================|
[2022-07-08 01:47:56,920] [builder.py:212]            [DEBUG]    |                                                                                                    |
[2022-07-08 01:47:56,920] [builder.py:213]            [DEBUG]    | Validating Method: template                                                                        |
[2022-07-08 01:47:56,920] [meta.py:103]               [DEBUG]    | Value: [{'value': ['1990'], 'decade': ['1990'], 'key_name': '1990s', 'key': '1990', 'name': 'decade_dynamic'}, {'value': ['1990'], 'decade': ['1990'], 'key_name': '1990s', 'key': '1990', 'name': 'shared'}] |
[2022-07-08 01:47:56,923] [builder.py:1675]           [INFO]     |                                                                                                    |
[2022-07-08 01:47:56,923] [builder.py:1676]           [INFO]     | Validating Method: smart_filter                                                                    |
[2022-07-08 01:47:56,923] [builder.py:1682]           [DEBUG]    | Value: {'sort_by': 'critic_rating.desc', 'any': {'decade': ['1990']}, 'limit': 100}                |
[2022-07-08 01:47:56,924] [builder.py:600]            [DEBUG]    |                                                                                                    |
[2022-07-08 01:47:56,924] [builder.py:604]            [DEBUG]    | Validating Method: label                                                                           |
[2022-07-08 01:47:56,925] [builder.py:605]            [DEBUG]    | Value: Decade                                                                                      |
[2022-07-08 01:47:56,925] [builder.py:600]            [DEBUG]    |                                                                                                    |
[2022-07-08 01:47:56,925] [builder.py:604]            [DEBUG]    | Validating Method: url_poster                                                                      |
[2022-07-08 01:47:56,925] [builder.py:605]            [DEBUG]    | Value: https://raw.githubusercontent.com/meisnate12/Plex-Meta-Manager-Images/master/decade/best/1990.jpg |
[2022-07-08 01:47:57,249] [builder.py:600]            [DEBUG]    |                                                                                                    |
[2022-07-08 01:47:57,249] [builder.py:604]            [DEBUG]    | Validating Method: sort_title                                                                      |
[2022-07-08 01:47:57,250] [builder.py:605]            [DEBUG]    | Value: !12_Best of 1990s                                                                           |
[2022-07-08 01:47:58,245] [builder.py:764]            [INFO]     |                                                                                                    |
[2022-07-08 01:47:58,245] [builder.py:765]            [INFO]     | Validation Successful                                                                              |
[2022-07-08 01:47:58,246] [plex_meta_manager.py:539]  [INFO]     |                                                                                                    |
[2022-07-08 01:47:58,246] [plex_meta_manager.py:541]  [INFO]     |================================= Running Best of 1990s Collection =================================|
[2022-07-08 01:47:58,247] [plex_meta_manager.py:547]  [INFO]     |                                                                                                    |
[2022-07-08 01:47:58,247] [plex_meta_manager.py:548]  [INFO]     | Smart Movie Filter                                                                                 |
                                                                 | Sort By: critic_rating.desc
                                                                 | Limit: 100
                                                                 | Filter:
                                                                 |   Match any of the following:
                                                                 |     Decade is 1990
[2022-07-08 01:47:59,241] [builder.py:2383]           [INFO]     | 
[2022-07-08 01:47:59,241] [builder.py:2384]           [INFO]     |=========================== Updating Details of Best of 1990s Collection ===========================|
[2022-07-08 01:47:59,242] [builder.py:2385]           [INFO]     |                                                                                                    |
[2022-07-08 01:47:59,264] [builder.py:2446]           [INFO]     | Collection Metadata Edits                                                                          |
[2022-07-08 01:47:59,265] [util.py:150]               [DEBUG]    | 1 poster found:                                                                                    |
[2022-07-08 01:47:59,265] [util.py:152]               [DEBUG]    | Method: url_poster Poster: https://raw.githubusercontent.com/meisnate12/Plex-Meta-Manager-Images/master/decade/best/1990.jpg |
[2022-07-08 01:47:59,267] [library.py:155]            [INFO]     | Detail: poster update not needed                                                                   |
[2022-07-08 01:48:00,234] [plex_meta_manager.py:674]  [INFO]     |                                                                                                    |
[2022-07-08 01:48:00,235] [plex_meta_manager.py:675]  [INFO]     |====================================================================================================|
[2022-07-08 01:48:00,235] [plex_meta_manager.py:675]  [INFO]     |                                 Finished Best of 1990s Collection                                  |
[2022-07-08 01:48:00,235] [plex_meta_manager.py:675]  [INFO]     |                                    Collection Run Time: 0:00:03                                    |
[2022-07-08 01:48:00,235] [plex_meta_manager.py:675]  [INFO]     |====================================================================================================|
