[2022-07-08 02:13:12,918] [builder.py:185]            [INFO]     |====================================================================================================|
[2022-07-08 02:13:12,920] [builder.py:185]            [INFO]     |                                    Oscar最佳电影 Collection in 亚洲电影                                    |
[2022-07-08 02:13:12,920] [builder.py:185]            [INFO]     |====================================================================================================|
[2022-07-08 02:13:12,921] [builder.py:186]            [INFO]     |                                                                                                    |
[2022-07-08 02:13:12,921] [builder.py:191]            [INFO]     |================================= Validating Oscar最佳电影 Attributes ==================================|
[2022-07-08 02:13:12,922] [builder.py:437]            [DEBUG]    |                                                                                                    |
[2022-07-08 02:13:12,922] [builder.py:438]            [DEBUG]    | Validating Method: sync_mode                                                                       |
[2022-07-08 02:13:12,923] [builder.py:442]            [DEBUG]    | Value: sync                                                                                        |
[2022-07-08 02:13:12,923] [builder.py:582]            [DEBUG]    |                                                                                                    |
[2022-07-08 02:13:12,923] [builder.py:583]            [DEBUG]    | Validating Method: collection_order                                                                |
[2022-07-08 02:13:12,924] [builder.py:584]            [DEBUG]    | Value: custom                                                                                      |
[2022-07-08 02:13:12,924] [builder.py:600]            [DEBUG]    |                                                                                                    |
[2022-07-08 02:13:12,925] [builder.py:604]            [DEBUG]    | Validating Method: trakt_list                                                                      |
[2022-07-08 02:13:12,925] [builder.py:605]            [DEBUG]    | Value: https://trakt.tv/users/bpsim/lists/oscars-best-picture                                      |
[2022-07-08 02:13:13,210] [builder.py:600]            [DEBUG]    |                                                                                                    |
[2022-07-08 02:13:13,211] [builder.py:604]            [DEBUG]    | Validating Method: url_poster                                                                      |
[2022-07-08 02:13:13,211] [builder.py:605]            [DEBUG]    | Value: https://m.media-amazon.com/images/I/81nuEa5PnnL._AC_SL1500_.jpg                             |
[2022-07-08 02:13:13,561] [plex.py:742]               [DEBUG]    |                                                                                                    |
[2022-07-08 02:13:13,562] [plex.py:745]               [DEBUG]    | Looking for: Oscar最佳电影                                                                             |
[2022-07-08 02:13:13,562] [builder.py:764]            [INFO]     |                                                                                                    |
[2022-07-08 02:13:13,563] [builder.py:765]            [INFO]     | Validation Successful                                                                              |
[2022-07-08 02:13:13,563] [plex_meta_manager.py:539]  [INFO]     |                                                                                                    |
[2022-07-08 02:13:13,564] [plex_meta_manager.py:541]  [INFO]     |=================================== Running Oscar最佳电影 Collection ===================================|
[2022-07-08 02:13:13,564] [plex_meta_manager.py:553]  [INFO]     |                                                                                                    |
[2022-07-08 02:13:13,564] [plex_meta_manager.py:554]  [INFO]     | Sync Mode: sync                                                                                    |
[2022-07-08 02:13:13,564] [plex_meta_manager.py:557]  [DEBUG]    |                                                                                                    |
[2022-07-08 02:13:13,565] [plex_meta_manager.py:558]  [DEBUG]    | Builder: trakt_list: https://trakt.tv/users/bpsim/lists/oscars-best-picture                        |
[2022-07-08 02:13:13,565] [plex_meta_manager.py:559]  [INFO]     |                                                                                                    |
[2022-07-08 02:13:13,565] [trakt.py:482]              [INFO]     | Processing Trakt List: https://trakt.tv/users/bpsim/lists/oscars-best-picture                      |
[2022-07-08 02:13:14,082] [builder.py:1507]           [DEBUG]    |                                                                                                    |
[2022-07-08 02:13:14,083] [builder.py:1508]           [DEBUG]    | 94 IDs Found: [(776503, 'tmdb'), (581734, 'tmdb'), (496243, 'tmdb'), (490132, 'tmdb'), (399055, 'tmdb'), (376867, 'tmdb'), (314365, 'tmdb'), (194662, 'tmdb'), (76203, 'tmdb'), (68734, 'tmdb'), (74643, 'tmdb'), (45269, 'tmdb'), (12162, 'tmdb'), (12405, 'tmdb'), (6977, 'tmdb'), (1422, 'tmdb'), (1640, 'tmdb'), (70, 'tmdb'), (122, 'tmdb'), (1574, 'tmdb'), (453, 'tmdb'), (98, 'tmdb'), (14, 'tmdb'), (1934, 'tmdb'), (597, 'tmdb'), (409, 'tmdb'), (197, 'tmdb'), (13, 'tmdb'), (424, 'tmdb'), (33, 'tmdb'), (274, 'tmdb'), (581, 'tmdb'), (403, 'tmdb'), (380, 'tmdb'), (746, 'tmdb'), (792, 'tmdb'), (606, 'tmdb'), (279, 'tmdb'), (11050, 'tmdb'), (783, 'tmdb'), (9443, 'tmdb'), (16619, 'tmdb'), (12102, 'tmdb'), (11778, 'tmdb'), (703, 'tmdb'), (1366, 'tmdb'), (510, 'tmdb'), (240, 'tmdb'), (9277, 'tmdb'), (238, 'tmdb'), (1051, 'tmdb'), (11202, 'tmdb'), (3116, 'tmdb'), (17917, 'tmdb'), (10633, 'tmdb'), (874, 'tmdb'), (15121, 'tmdb'), (11113, 'tmdb'), (5769, 'tmdb'), (947, 'tmdb'), (1725, 'tmdb'), (284, 'tmdb'), (665, 'tmdb'), (17281, 'tmdb'), (826, 'tmdb'), (2897, 'tmdb'), (15919, 'tmdb'), (654, 'tmdb'), (11426, 'tmdb'), (27191, 'tmdb'), (2769, 'tmdb'), (705, 'tmdb'), (25430, 'tmdb'), (23383, 'tmdb'), (33667, 'tmdb'), (887, 'tmdb'), (28580, 'tmdb'), (17661, 'tmdb'), (289, 'tmdb'), (27367, 'tmdb'), (43266, 'tmdb'), (223, 'tmdb'), (770, 'tmdb'), (34106, 'tmdb'), (43278, 'tmdb'), (43277, 'tmdb'), (11085, 'tmdb'), (3078, 'tmdb'), (56164, 'tmdb'), (33680, 'tmdb'), (42861, 'tmdb'), (143, 'tmdb'), (65203, 'tmdb'), (28966, 'tmdb')] |
[2022-07-08 02:13:14,083] [builder.py:1509]           [DEBUG]    |                                                                                                    |
[2022-07-08 02:13:14,085] [builder.py:2172]           [INFO]     |                                                                                                    |
[2022-07-08 02:13:14,086] [builder.py:2173]           [INFO]     |================================ Missing Movies from Library: 亚洲电影 =================================|
[2022-07-08 02:13:14,086] [builder.py:2174]           [INFO]     |                                                                                                    |
[2022-07-08 02:13:14,431] [builder.py:2187]           [INFO]     | Oscar最佳电影 Collection | ? | CODA (2021) (TMDb: 776503)                                              |
[2022-07-08 02:13:14,764] [builder.py:2187]           [INFO]     | Oscar最佳电影 Collection | ? | Nomadland (2020) (TMDb: 581734)                                         |
[2022-07-08 02:13:15,031] [builder.py:2187]           [INFO]     | Oscar最佳电影 Collection | ? | Parasite (2019) (TMDb: 496243)                                          |
[2022-07-08 02:13:15,240] [builder.py:2187]           [INFO]     | Oscar最佳电影 Collection | ? | Green Book (2018) (TMDb: 490132)                                        |
[2022-07-08 02:13:15,489] [builder.py:2187]           [INFO]     | Oscar最佳电影 Collection | ? | The Shape of Water (2017) (TMDb: 399055)                                |
[2022-07-08 02:13:15,707] [builder.py:2187]           [INFO]     | Oscar最佳电影 Collection | ? | Moonlight (2016) (TMDb: 376867)                                         |
[2022-07-08 02:13:15,947] [builder.py:2187]           [INFO]     | Oscar最佳电影 Collection | ? | Spotlight (2015) (TMDb: 314365)                                         |
[2022-07-08 02:13:16,231] [builder.py:2187]           [INFO]     | Oscar最佳电影 Collection | ? | Birdman or (The Unexpected Virtue of Ignorance) (2014) (TMDb: 194662)   |
[2022-07-08 02:13:16,531] [builder.py:2187]           [INFO]     | Oscar最佳电影 Collection | ? | 12 Years a Slave (2013) (TMDb: 76203)                                   |
[2022-07-08 02:13:16,718] [builder.py:2187]           [INFO]     | Oscar最佳电影 Collection | ? | Argo (2012) (TMDb: 68734)                                               |
[2022-07-08 02:13:16,963] [builder.py:2187]           [INFO]     | Oscar最佳电影 Collection | ? | The Artist (2011) (TMDb: 74643)                                         |
[2022-07-08 02:13:18,420] [builder.py:2187]           [INFO]     | Oscar最佳电影 Collection | ? | The King's Speech (2010) (TMDb: 45269)                                  |
[2022-07-08 02:13:18,656] [builder.py:2187]           [INFO]     | Oscar最佳电影 Collection | ? | The Hurt Locker (2008) (TMDb: 12162)                                    |
[2022-07-08 02:13:20,124] [builder.py:2187]           [INFO]     | Oscar最佳电影 Collection | ? | Slumdog Millionaire (2008) (TMDb: 12405)                                |
[2022-07-08 02:13:20,389] [builder.py:2187]           [INFO]     | Oscar最佳电影 Collection | ? | No Country for Old Men (2007) (TMDb: 6977)                              |
[2022-07-08 02:13:20,697] [builder.py:2187]           [INFO]     | Oscar最佳电影 Collection | ? | The Departed (2006) (TMDb: 1422)                                        |
[2022-07-08 02:13:20,907] [builder.py:2187]           [INFO]     | Oscar最佳电影 Collection | ? | Crash (2005) (TMDb: 1640)                                               |
[2022-07-08 02:13:21,222] [builder.py:2187]           [INFO]     | Oscar最佳电影 Collection | ? | Million Dollar Baby (2004) (TMDb: 70)                                   |
[2022-07-08 02:13:21,440] [builder.py:2187]           [INFO]     | Oscar最佳电影 Collection | ? | The Lord of the Rings: The Return of the King (2003) (TMDb: 122)        |
[2022-07-08 02:13:22,923] [builder.py:2187]           [INFO]     | Oscar最佳电影 Collection | ? | Chicago (2002) (TMDb: 1574)                                             |
[2022-07-08 02:13:24,332] [builder.py:2187]           [INFO]     | Oscar最佳电影 Collection | ? | A Beautiful Mind (2001) (TMDb: 453)                                     |
[2022-07-08 02:13:24,607] [builder.py:2187]           [INFO]     | Oscar最佳电影 Collection | ? | Gladiator (2000) (TMDb: 98)                                             |
[2022-07-08 02:13:24,897] [builder.py:2187]           [INFO]     | Oscar最佳电影 Collection | ? | American Beauty (1999) (TMDb: 14)                                       |
[2022-07-08 02:13:25,140] [builder.py:2187]           [INFO]     | Oscar最佳电影 Collection | ? | Shakespeare in Love (1998) (TMDb: 1934)                                 |
[2022-07-08 02:13:26,816] [builder.py:2187]           [INFO]     | Oscar最佳电影 Collection | ? | Titanic (1997) (TMDb: 597)                                              |
[2022-07-08 02:13:27,141] [builder.py:2187]           [INFO]     | Oscar最佳电影 Collection | ? | The English Patient (1996) (TMDb: 409)                                  |
[2022-07-08 02:13:27,396] [builder.py:2187]           [INFO]     | Oscar最佳电影 Collection | ? | Braveheart (1995) (TMDb: 197)                                           |
[2022-07-08 02:13:27,629] [builder.py:2187]           [INFO]     | Oscar最佳电影 Collection | ? | Forrest Gump (1994) (TMDb: 13)                                          |
[2022-07-08 02:13:27,863] [builder.py:2187]           [INFO]     | Oscar最佳电影 Collection | ? | Schindler's List (1993) (TMDb: 424)                                     |
[2022-07-08 02:13:29,286] [builder.py:2187]           [INFO]     | Oscar最佳电影 Collection | ? | Unforgiven (1992) (TMDb: 33)                                            |
[2022-07-08 02:13:29,496] [builder.py:2187]           [INFO]     | Oscar最佳电影 Collection | ? | The Silence of the Lambs (1991) (TMDb: 274)                             |
[2022-07-08 02:13:29,718] [builder.py:2187]           [INFO]     | Oscar最佳电影 Collection | ? | Dances with Wolves (1990) (TMDb: 581)                                   |
[2022-07-08 02:13:29,930] [builder.py:2187]           [INFO]     | Oscar最佳电影 Collection | ? | Driving Miss Daisy (1989) (TMDb: 403)                                   |
[2022-07-08 02:13:30,296] [builder.py:2187]           [INFO]     | Oscar最佳电影 Collection | ? | Rain Man (1988) (TMDb: 380)                                             |
[2022-07-08 02:13:30,679] [builder.py:2187]           [INFO]     | Oscar最佳电影 Collection | ? | The Last Emperor (1987) (TMDb: 746)                                     |
[2022-07-08 02:13:30,896] [builder.py:2187]           [INFO]     | Oscar最佳电影 Collection | ? | Platoon (1986) (TMDb: 792)                                              |
[2022-07-08 02:13:31,154] [builder.py:2187]           [INFO]     | Oscar最佳电影 Collection | ? | Out of Africa (1985) (TMDb: 606)                                        |
[2022-07-08 02:13:32,608] [builder.py:2187]           [INFO]     | Oscar最佳电影 Collection | ? | Amadeus (1984) (TMDb: 279)                                              |
[2022-07-08 02:13:32,863] [builder.py:2187]           [INFO]     | Oscar最佳电影 Collection | ? | Terms of Endearment (1983) (TMDb: 11050)                                |
[2022-07-08 02:13:33,213] [builder.py:2187]           [INFO]     | Oscar最佳电影 Collection | ? | Gandhi (1982) (TMDb: 783)                                               |
[2022-07-08 02:13:33,496] [builder.py:2187]           [INFO]     | Oscar最佳电影 Collection | ? | Chariots of Fire (1981) (TMDb: 9443)                                    |
[2022-07-08 02:13:33,829] [builder.py:2187]           [INFO]     | Oscar最佳电影 Collection | ? | Ordinary People (1980) (TMDb: 16619)                                    |
[2022-07-08 02:13:34,113] [builder.py:2187]           [INFO]     | Oscar最佳电影 Collection | ? | Kramer vs. Kramer (1979) (TMDb: 12102)                                  |
[2022-07-08 02:13:34,333] [builder.py:2187]           [INFO]     | Oscar最佳电影 Collection | ? | The Deer Hunter (1978) (TMDb: 11778)                                    |
[2022-07-08 02:13:34,585] [builder.py:2187]           [INFO]     | Oscar最佳电影 Collection | ? | Annie Hall (1977) (TMDb: 703)                                           |
[2022-07-08 02:13:34,812] [builder.py:2187]           [INFO]     | Oscar最佳电影 Collection | ? | Rocky (1976) (TMDb: 1366)                                               |
[2022-07-08 02:13:36,553] [builder.py:2187]           [INFO]     | Oscar最佳电影 Collection | ? | One Flew Over the Cuckoo's Nest (1975) (TMDb: 510)                      |
[2022-07-08 02:13:36,818] [builder.py:2187]           [INFO]     | Oscar最佳电影 Collection | ? | The Godfather: Part II (1974) (TMDb: 240)                               |
[2022-07-08 02:13:37,007] [builder.py:2187]           [INFO]     | Oscar最佳电影 Collection | ? | The Sting (1973) (TMDb: 9277)                                           |
[2022-07-08 02:13:37,240] [builder.py:2187]           [INFO]     | Oscar最佳电影 Collection | ? | The Godfather (1972) (TMDb: 238)                                        |
[2022-07-08 02:13:37,754] [builder.py:2187]           [INFO]     | Oscar最佳电影 Collection | ? | The French Connection (1971) (TMDb: 1051)                               |
[2022-07-08 02:13:37,996] [builder.py:2187]           [INFO]     | Oscar最佳电影 Collection | ? | Patton (1970) (TMDb: 11202)                                             |
[2022-07-08 02:13:38,329] [builder.py:2187]           [INFO]     | Oscar最佳电影 Collection | ? | Midnight Cowboy (1969) (TMDb: 3116)                                     |
[2022-07-08 02:13:38,540] [builder.py:2187]           [INFO]     | Oscar最佳电影 Collection | ? | Oliver! (1968) (TMDb: 17917)                                            |
[2022-07-08 02:13:39,052] [builder.py:2187]           [INFO]     | Oscar最佳电影 Collection | ? | In the Heat of the Night (1967) (TMDb: 10633)                           |
[2022-07-08 02:13:39,403] [builder.py:2187]           [INFO]     | Oscar最佳电影 Collection | ? | A Man for All Seasons (1966) (TMDb: 874)                                |
[2022-07-08 02:13:40,719] [builder.py:2187]           [INFO]     | Oscar最佳电影 Collection | ? | The Sound of Music (1965) (TMDb: 15121)                                 |
[2022-07-08 02:13:40,724] [builder.py:2187]           [INFO]     | Oscar最佳电影 Collection | ? | My Fair Lady (1964) (TMDb: 11113)                                       |
[2022-07-08 02:13:40,918] [builder.py:2187]           [INFO]     | Oscar最佳电影 Collection | ? | Tom Jones (1963) (TMDb: 5769)                                           |
[2022-07-08 02:13:42,131] [builder.py:2187]           [INFO]     | Oscar最佳电影 Collection | ? | Lawrence of Arabia (1962) (TMDb: 947)                                   |
[2022-07-08 02:13:42,329] [builder.py:2187]           [INFO]     | Oscar最佳电影 Collection | ? | West Side Story (1961) (TMDb: 1725)                                     |
[2022-07-08 02:13:43,530] [builder.py:2187]           [INFO]     | Oscar最佳电影 Collection | ? | The Apartment (1960) (TMDb: 284)                                        |
[2022-07-08 02:13:43,785] [builder.py:2187]           [INFO]     | Oscar最佳电影 Collection | ? | Ben-Hur (1959) (TMDb: 665)                                              |
[2022-07-08 02:13:44,007] [builder.py:2187]           [INFO]     | Oscar最佳电影 Collection | ? | Gigi (1958) (TMDb: 17281)                                               |
[2022-07-08 02:13:44,354] [builder.py:2187]           [INFO]     | Oscar最佳电影 Collection | ? | The Bridge on the River Kwai (1957) (TMDb: 826)                         |
[2022-07-08 02:13:44,740] [builder.py:2187]           [INFO]     | Oscar最佳电影 Collection | ? | Around the World in Eighty Days (1956) (TMDb: 2897)                     |
[2022-07-08 02:13:45,173] [builder.py:2187]           [INFO]     | Oscar最佳电影 Collection | ? | Marty (1955) (TMDb: 15919)                                              |
[2022-07-08 02:13:45,396] [builder.py:2187]           [INFO]     | Oscar最佳电影 Collection | ? | On the Waterfront (1954) (TMDb: 654)                                    |
[2022-07-08 02:13:45,629] [builder.py:2187]           [INFO]     | Oscar最佳电影 Collection | ? | From Here to Eternity (1953) (TMDb: 11426)                              |
[2022-07-08 02:13:45,929] [builder.py:2187]           [INFO]     | Oscar最佳电影 Collection | ? | The Greatest Show on Earth (1952) (TMDb: 27191)                         |
[2022-07-08 02:13:46,240] [builder.py:2187]           [INFO]     | Oscar最佳电影 Collection | ? | An American in Paris (1951) (TMDb: 2769)                                |
[2022-07-08 02:13:46,540] [builder.py:2187]           [INFO]     | Oscar最佳电影 Collection | ? | All About Eve (1950) (TMDb: 705)                                        |
[2022-07-08 02:13:46,795] [builder.py:2187]           [INFO]     | Oscar最佳电影 Collection | ? | All the King's Men (1949) (TMDb: 25430)                                 |
[2022-07-08 02:13:47,020] [builder.py:2187]           [INFO]     | Oscar最佳电影 Collection | ? | Hamlet (1948) (TMDb: 23383)                                             |
[2022-07-08 02:13:47,253] [builder.py:2187]           [INFO]     | Oscar最佳电影 Collection | ? | Gentleman's Agreement (1947) (TMDb: 33667)                              |
[2022-07-08 02:13:47,585] [builder.py:2187]           [INFO]     | Oscar最佳电影 Collection | ? | The Best Years of Our Lives (1946) (TMDb: 887)                          |
[2022-07-08 02:13:47,786] [builder.py:2187]           [INFO]     | Oscar最佳电影 Collection | ? | The Lost Weekend (1945) (TMDb: 28580)                                   |
[2022-07-08 02:13:48,118] [builder.py:2187]           [INFO]     | Oscar最佳电影 Collection | ? | Going My Way (1944) (TMDb: 17661)                                       |
[2022-07-08 02:13:48,340] [builder.py:2187]           [INFO]     | Oscar最佳电影 Collection | ? | Casablanca (1942) (TMDb: 289)                                           |
[2022-07-08 02:13:48,553] [builder.py:2187]           [INFO]     | Oscar最佳电影 Collection | ? | Mrs. Miniver (1942) (TMDb: 27367)                                       |
[2022-07-08 02:13:48,795] [builder.py:2187]           [INFO]     | Oscar最佳电影 Collection | ? | How Green Was My Valley (1941) (TMDb: 43266)                            |
[2022-07-08 02:13:50,046] [builder.py:2187]           [INFO]     | Oscar最佳电影 Collection | ? | Rebecca (1940) (TMDb: 223)                                              |
[2022-07-08 02:13:50,296] [builder.py:2187]           [INFO]     | Oscar最佳电影 Collection | ? | Gone with the Wind (1939) (TMDb: 770)                                   |
[2022-07-08 02:13:52,631] [builder.py:2187]           [INFO]     | Oscar最佳电影 Collection | ? | You Can't Take It with You (1938) (TMDb: 34106)                         |
[2022-07-08 02:13:52,886] [builder.py:2187]           [INFO]     | Oscar最佳电影 Collection | ? | The Life of Emile Zola (1937) (TMDb: 43278)                             |
[2022-07-08 02:13:53,196] [builder.py:2187]           [INFO]     | Oscar最佳电影 Collection | ? | The Great Ziegfeld (1936) (TMDb: 43277)                                 |
[2022-07-08 02:13:53,411] [builder.py:2187]           [INFO]     | Oscar最佳电影 Collection | ? | Mutiny on the Bounty (1962) (TMDb: 11085)                               |
[2022-07-08 02:13:54,530] [builder.py:2187]           [INFO]     | Oscar最佳电影 Collection | ? | It Happened One Night (1934) (TMDb: 3078)                               |
[2022-07-08 02:13:54,707] [builder.py:2187]           [INFO]     | Oscar最佳电影 Collection | ? | Cavalcade (1933) (TMDb: 56164)                                          |
[2022-07-08 02:13:54,896] [builder.py:2187]           [INFO]     | Oscar最佳电影 Collection | ? | Grand Hotel (1932) (TMDb: 33680)                                        |
[2022-07-08 02:13:55,111] [builder.py:2187]           [INFO]     | Oscar最佳电影 Collection | ? | Cimarron (1931) (TMDb: 42861)                                           |
[2022-07-08 02:13:55,486] [builder.py:2187]           [INFO]     | Oscar最佳电影 Collection | ? | All Quiet on the Western Front (1930) (TMDb: 143)                       |
[2022-07-08 02:13:55,685] [builder.py:2187]           [INFO]     | Oscar最佳电影 Collection | ? | The Broadway Melody (1929) (TMDb: 65203)                                |
[2022-07-08 02:13:55,952] [builder.py:2187]           [INFO]     | Oscar最佳电影 Collection | ? | Wings (1927) (TMDb: 28966)                                              |
[2022-07-08 02:13:55,953] [builder.py:2192]           [INFO]     |                                                                                                    |
[2022-07-08 02:13:55,953] [builder.py:2193]           [INFO]     | 94 Movies Missing                                                                                  |
[2022-07-08 02:13:55,954] [plex_meta_manager.py:593]  [INFO]     |                                                                                                    |
[2022-07-08 02:13:55,954] [plex_meta_manager.py:594]  [INFO]     | Collection Minimum: 3 not met for Oscar最佳电影 Collection                                             |
[2022-07-08 02:13:55,954] [plex_meta_manager.py:674]  [INFO]     |                                                                                                    |
[2022-07-08 02:13:55,955] [plex_meta_manager.py:675]  [INFO]     |====================================================================================================|
[2022-07-08 02:13:55,955] [plex_meta_manager.py:675]  [INFO]     |                                   Finished Oscar最佳电影 Collection                                    |
[2022-07-08 02:13:55,956] [plex_meta_manager.py:675]  [INFO]     |                                    Collection Run Time: 0:00:43                                    |
[2022-07-08 02:13:55,956] [plex_meta_manager.py:675]  [INFO]     |====================================================================================================|
