[2022-07-08 01:48:00,238] [builder.py:185]            [INFO]     |====================================================================================================|
[2022-07-08 01:48:00,238] [builder.py:185]            [INFO]     |                                 Best of 1980s Collection in Movies                                 |
[2022-07-08 01:48:00,239] [builder.py:185]            [INFO]     |====================================================================================================|
[2022-07-08 01:48:00,239] [builder.py:186]            [INFO]     |                                                                                                    |
[2022-07-08 01:48:00,239] [builder.py:191]            [INFO]     |=============================== Validating Best of 1980s Attributes ================================|
[2022-07-08 01:48:00,240] [builder.py:212]            [DEBUG]    |                                                                                                    |
[2022-07-08 01:48:00,240] [builder.py:213]            [DEBUG]    | Validating Method: template                                                                        |
[2022-07-08 01:48:00,240] [meta.py:103]               [DEBUG]    | Value: [{'value': ['1980'], 'decade': ['1980'], 'key_name': '1980s', 'key': '1980', 'name': 'decade_dynamic'}, {'value': ['1980'], 'decade': ['1980'], 'key_name': '1980s', 'key': '1980', 'name': 'shared'}] |
[2022-07-08 01:48:00,243] [builder.py:1675]           [INFO]     |                                                                                                    |
[2022-07-08 01:48:00,243] [builder.py:1676]           [INFO]     | Validating Method: smart_filter                                                                    |
[2022-07-08 01:48:00,244] [builder.py:1682]           [DEBUG]    | Value: {'sort_by': 'critic_rating.desc', 'any': {'decade': ['1980']}, 'limit': 100}                |
[2022-07-08 01:48:00,244] [builder.py:600]            [DEBUG]    |                                                                                                    |
[2022-07-08 01:48:00,244] [builder.py:604]            [DEBUG]    | Validating Method: label                                                                           |
[2022-07-08 01:48:00,245] [builder.py:605]            [DEBUG]    | Value: Decade                                                                                      |
[2022-07-08 01:48:00,245] [builder.py:600]            [DEBUG]    |                                                                                                    |
[2022-07-08 01:48:00,245] [builder.py:604]            [DEBUG]    | Validating Method: url_poster                                                                      |
[2022-07-08 01:48:00,246] [builder.py:605]            [DEBUG]    | Value: https://raw.githubusercontent.com/meisnate12/Plex-Meta-Manager-Images/master/decade/best/1980.jpg |
[2022-07-08 01:48:00,979] [builder.py:600]            [DEBUG]    |                                                                                                    |
[2022-07-08 01:48:00,979] [builder.py:604]            [DEBUG]    | Validating Method: sort_title                                                                      |
[2022-07-08 01:48:00,980] [builder.py:605]            [DEBUG]    | Value: !12_Best of 1980s                                                                           |
[2022-07-08 01:48:01,772] [builder.py:764]            [INFO]     |                                                                                                    |
[2022-07-08 01:48:01,772] [builder.py:765]            [INFO]     | Validation Successful                                                                              |
[2022-07-08 01:48:01,773] [plex_meta_manager.py:539]  [INFO]     |                                                                                                    |
[2022-07-08 01:48:01,773] [plex_meta_manager.py:541]  [INFO]     |================================= Running Best of 1980s Collection =================================|
[2022-07-08 01:48:01,774] [plex_meta_manager.py:547]  [INFO]     |                                                                                                    |
[2022-07-08 01:48:01,774] [plex_meta_manager.py:548]  [INFO]     | Smart Movie Filter                                                                                 |
                                                                 | Sort By: critic_rating.desc
                                                                 | Limit: 100
                                                                 | Filter:
                                                                 |   Match any of the following:
                                                                 |     Decade is 1980
[2022-07-08 01:48:02,578] [builder.py:2383]           [INFO]     | 
[2022-07-08 01:48:02,579] [builder.py:2384]           [INFO]     |=========================== Updating Details of Best of 1980s Collection ===========================|
[2022-07-08 01:48:02,579] [builder.py:2385]           [INFO]     |                                                                                                    |
[2022-07-08 01:48:02,602] [builder.py:2446]           [INFO]     | Collection Metadata Edits                                                                          |
[2022-07-08 01:48:02,603] [util.py:150]               [DEBUG]    | 1 poster found:                                                                                    |
[2022-07-08 01:48:02,603] [util.py:152]               [DEBUG]    | Method: url_poster Poster: https://raw.githubusercontent.com/meisnate12/Plex-Meta-Manager-Images/master/decade/best/1980.jpg |
[2022-07-08 01:48:02,606] [library.py:155]            [INFO]     | Detail: poster update not needed                                                                   |
[2022-07-08 01:48:03,400] [plex_meta_manager.py:674]  [INFO]     |                                                                                                    |
[2022-07-08 01:48:03,400] [plex_meta_manager.py:675]  [INFO]     |====================================================================================================|
[2022-07-08 01:48:03,401] [plex_meta_manager.py:675]  [INFO]     |                                 Finished Best of 1980s Collection                                  |
[2022-07-08 01:48:03,401] [plex_meta_manager.py:675]  [INFO]     |                                    Collection Run Time: 0:00:03                                    |
[2022-07-08 01:48:03,401] [plex_meta_manager.py:675]  [INFO]     |====================================================================================================|
