[2022-07-08 03:00:30,396] [builder.py:185]            [INFO]     |====================================================================================================|
[2022-07-08 03:00:30,397] [builder.py:185]            [INFO]     |                            Trakt Recommended Collection in ....TV Shows                            |
[2022-07-08 03:00:30,398] [builder.py:185]            [INFO]     |====================================================================================================|
[2022-07-08 03:00:30,398] [builder.py:186]            [INFO]     |                                                                                                    |
[2022-07-08 03:00:30,398] [builder.py:191]            [INFO]     |============================= Validating Trakt Recommended Attributes ==============================|
[2022-07-08 03:00:30,399] [builder.py:212]            [DEBUG]    |                                                                                                    |
[2022-07-08 03:00:30,399] [builder.py:213]            [DEBUG]    | Validating Method: template                                                                        |
[2022-07-08 03:00:30,399] [meta.py:103]               [DEBUG]    | Value: [{'value': ['recommended'], 'custom': ['recommended'], 'key_name': 'Recommended', 'key': 'recommended', 'name': 'trakt'}, {'value': ['recommended'], 'custom': ['recommended'], 'key_name': 'Recommended', 'key': 'recommended', 'name': 'customsync'}, {'value': ['recommended'], 'custom': ['recommended'], 'key_name': 'Recommended', 'key': 'recommended', 'name': 'chart_shared'}] |
[2022-07-08 03:00:30,402] [builder.py:437]            [DEBUG]    |                                                                                                    |
[2022-07-08 03:00:30,403] [builder.py:438]            [DEBUG]    | Validating Method: sync_mode                                                                       |
[2022-07-08 03:00:30,403] [builder.py:442]            [DEBUG]    | Value: sync                                                                                        |
[2022-07-08 03:00:30,403] [builder.py:582]            [DEBUG]    |                                                                                                    |
[2022-07-08 03:00:30,404] [builder.py:583]            [DEBUG]    | Validating Method: collection_order                                                                |
[2022-07-08 03:00:30,404] [builder.py:584]            [DEBUG]    | Value: custom                                                                                      |
[2022-07-08 03:00:30,404] [builder.py:600]            [DEBUG]    |                                                                                                    |
[2022-07-08 03:00:30,405] [builder.py:604]            [DEBUG]    | Validating Method: label                                                                           |
[2022-07-08 03:00:30,405] [builder.py:605]            [DEBUG]    | Value: Trakt                                                                                       |
[2022-07-08 03:00:30,405] [builder.py:600]            [DEBUG]    |                                                                                                    |
[2022-07-08 03:00:30,406] [builder.py:604]            [DEBUG]    | Validating Method: trakt_chart                                                                     |
[2022-07-08 03:00:30,406] [builder.py:605]            [DEBUG]    | Value: {'chart': 'recommended', 'limit': 100}                                                      |
[2022-07-08 03:00:30,406] [builder.py:600]            [DEBUG]    |                                                                                                    |
[2022-07-08 03:00:30,407] [builder.py:604]            [DEBUG]    | Validating Method: summary                                                                         |
[2022-07-08 03:00:30,407] [builder.py:605]            [DEBUG]    | Value: A collection of Trakt's Weekly show List                                                    |
[2022-07-08 03:00:30,407] [builder.py:600]            [DEBUG]    |                                                                                                    |
[2022-07-08 03:00:30,408] [builder.py:604]            [DEBUG]    | Validating Method: sort_title                                                                      |
[2022-07-08 03:00:30,408] [builder.py:605]            [DEBUG]    | Value: !01_Trakt Recommended                                                                       |
[2022-07-08 03:00:30,408] [builder.py:600]            [DEBUG]    |                                                                                                    |
[2022-07-08 03:00:30,408] [builder.py:604]            [DEBUG]    | Validating Method: url_poster                                                                      |
[2022-07-08 03:00:30,409] [builder.py:605]            [DEBUG]    | Value: https://raw.githubusercontent.com/meisnate12/Plex-Meta-Manager-Images/master/chart/Trakt%20Recommended.jpg |
[2022-07-08 03:00:30,775] [builder.py:764]            [INFO]     |                                                                                                    |
[2022-07-08 03:00:30,775] [builder.py:765]            [INFO]     | Validation Successful                                                                              |
[2022-07-08 03:00:30,776] [plex_meta_manager.py:539]  [INFO]     |                                                                                                    |
[2022-07-08 03:00:30,776] [plex_meta_manager.py:541]  [INFO]     |=============================== Running Trakt Recommended Collection ===============================|
[2022-07-08 03:00:30,776] [plex_meta_manager.py:553]  [INFO]     |                                                                                                    |
[2022-07-08 03:00:30,777] [plex_meta_manager.py:554]  [INFO]     | Sync Mode: sync                                                                                    |
[2022-07-08 03:00:30,777] [plex_meta_manager.py:557]  [DEBUG]    |                                                                                                    |
[2022-07-08 03:00:30,777] [plex_meta_manager.py:558]  [DEBUG]    | Builder: trakt_chart: {'chart': 'recommended', 'limit': 100, 'time_period': None}                  |
[2022-07-08 03:00:30,778] [plex_meta_manager.py:559]  [INFO]     |                                                                                                    |
[2022-07-08 03:00:30,778] [trakt.py:490]              [INFO]     | Processing Trakt Chart: 100 Recommended Shows                                                      |
[2022-07-08 03:00:30,802] [builder.py:1507]           [DEBUG]    |                                                                                                    |
[2022-07-08 03:00:30,803] [builder.py:1508]           [DEBUG]    | 100 IDs Found: [(305288, 'tvdb'), (355567, 'tvdb'), (399917, 'tvdb'), (81189, 'tvdb'), (121361, 'tvdb'), (296762, 'tvdb'), (353764, 'tvdb'), (368612, 'tvdb'), (393199, 'tvdb'), (382389, 'tvdb'), (399959, 'tvdb'), (273181, 'tvdb'), (361753, 'tvdb'), (367392, 'tvdb'), (360893, 'tvdb'), (73244, 'tvdb'), (371980, 'tvdb'), (403294, 'tvdb'), (81797, 'tvdb'), (334824, 'tvdb'), (176941, 'tvdb'), (328487, 'tvdb'), (387115, 'tvdb'), (333072, 'tvdb'), (281662, 'tvdb'), (82066, 'tvdb'), (368611, 'tvdb'), (253463, 'tvdb'), (79349, 'tvdb'), (73739, 'tvdb'), (80379, 'tvdb'), (329089, 'tvdb'), (275274, 'tvdb'), (259063, 'tvdb'), (279121, 'tvdb'), (375655, 'tvdb'), (270915, 'tvdb'), (366924, 'tvdb'), (73255, 'tvdb'), (356202, 'tvdb'), (414721, 'tvdb'), (361565, 'tvdb'), (358211, 'tvdb'), (371572, 'tvdb'), (71663, 'tvdb'), (75760, 'tvdb'), (328634, 'tvdb'), (363955, 'tvdb'), (153021, 'tvdb'), (341164, 'tvdb'), (368207, 'tvdb'), (78901, 'tvdb'), (84912, 'tvdb'), (79168, 'tvdb'), (152831, 'tvdb'), (73762, 'tvdb'), (95011, 'tvdb'), (289590, 'tvdb'), (280619, 'tvdb'), (360261, 'tvdb'), (383203, 'tvdb'), (406179, 'tvdb'), (356317, 'tvdb'), (74852, 'tvdb'), (345246, 'tvdb'), (314614, 'tvdb'), (256227, 'tvdb'), (401831, 'tvdb'), (390093, 'tvdb'), (362392, 'tvdb'), (79126, 'tvdb'), (366524, 'tvdb'), (266189, 'tvdb'), (73871, 'tvdb'), (399909, 'tvdb'), (311711, 'tvdb'), (383275, 'tvdb'), (362472, 'tvdb'), (391153, 'tvdb'), (259765, 'tvdb'), (366624, 'tvdb'), (364007, 'tvdb'), (368385, 'tvdb'), (368187, 'tvdb'), (80351, 'tvdb'), (323385, 'tvdb'), (250487, 'tvdb'), (252322, 'tvdb'), (332331, 'tvdb'), (328708, 'tvdb'), (393434, 'tvdb'), (295685, 'tvdb'), (77398, 'tvdb'), (364047, 'tvdb'), (282254, 'tvdb'), (382936, 'tvdb'), (75299, 'tvdb'), (263365, 'tvdb'), (338186, 'tvdb'), (269586, 'tvdb')] |
[2022-07-08 03:00:30,803] [builder.py:1509]           [DEBUG]    |                                                                                                    |
[2022-07-08 03:00:30,806] [builder.py:2009]           [INFO]     |                                                                                                    |
[2022-07-08 03:00:30,807] [builder.py:2010]           [INFO]     |============================== Adding to Trakt Recommended Collection ==============================|
[2022-07-08 03:00:30,808] [builder.py:2011]           [INFO]     |                                                                                                    |
[2022-07-08 03:00:30,809] [builder.py:2025]           [INFO]     | 1/1 | Trakt Recommended Collection | = | Sherlock                                                  |
[2022-07-08 03:00:30,809] [builder.py:2045]           [INFO]     |                                                                                                    |
[2022-07-08 03:00:30,809] [builder.py:2046]           [INFO]     | 1 Show Processed                                                                                   |
[2022-07-08 03:00:30,810] [builder.py:2054]           [INFO]     |                                                                                                    |
[2022-07-08 03:00:30,810] [builder.py:2055]           [INFO]     |============================ Removed from Trakt Recommended Collection =============================|
[2022-07-08 03:00:30,811] [builder.py:2056]           [INFO]     |                                                                                                    |
[2022-07-08 03:00:30,811] [builder.py:2061]           [INFO]     | 1/1 | Trakt Recommended Collection | - | It's Always Sunny in Philadelphia                         |
[2022-07-08 03:00:34,818] [builder.py:2073]           [INFO]     |                                                                                                    |
[2022-07-08 03:00:34,819] [builder.py:2074]           [INFO]     | 1 Shows Removed                                                                                    |
[2022-07-08 03:00:34,819] [builder.py:2218]           [INFO]     |                                                                                                    |
[2022-07-08 03:00:34,819] [builder.py:2219]           [INFO]     |========================== Missing Shows from Library: Trakt Recommended ===========================|
[2022-07-08 03:00:34,820] [builder.py:2220]           [INFO]     |                                                                                                    |
[2022-07-08 03:00:35,184] [builder.py:2232]           [INFO]     | Trakt Recommended Collection | ? | Stranger Things (TVDb: 305288)                                  |
[2022-07-08 03:00:35,440] [builder.py:2232]           [INFO]     | Trakt Recommended Collection | ? | The Boys (TVDb: 355567)                                         |
[2022-07-08 03:00:35,673] [builder.py:2232]           [INFO]     | Trakt Recommended Collection | ? | The Terminal List (TVDb: 399917)                                |
[2022-07-08 03:00:35,940] [builder.py:2232]           [INFO]     | Trakt Recommended Collection | ? | Breaking Bad (TVDb: 81189)                                      |
[2022-07-08 03:00:36,184] [builder.py:2232]           [INFO]     | Trakt Recommended Collection | ? | Game of Thrones (TVDb: 121361)                                  |
[2022-07-08 03:00:36,451] [builder.py:2232]           [INFO]     | Trakt Recommended Collection | ? | Westworld (TVDb: 296762)                                        |
[2022-07-08 03:00:36,751] [builder.py:2232]           [INFO]     | Trakt Recommended Collection | ? | The Umbrella Academy (TVDb: 353764)                             |
[2022-07-08 03:00:36,973] [builder.py:2232]           [INFO]     | Trakt Recommended Collection | ? | Ms. Marvel (TVDb: 368612)                                       |
[2022-07-08 03:00:37,340] [builder.py:2232]           [INFO]     | Trakt Recommended Collection | ? | Obi-Wan Kenobi (TVDb: 393199)                                   |
[2022-07-08 03:00:37,584] [builder.py:2232]           [INFO]     | Trakt Recommended Collection | ? | Star Trek: Strange New Worlds (TVDb: 382389)                    |
[2022-07-08 03:00:37,790] [builder.py:2232]           [INFO]     | Trakt Recommended Collection | ? | Only Murders in the Building (TVDb: 399959)                     |
[2022-07-08 03:00:38,128] [builder.py:2232]           [INFO]     | Trakt Recommended Collection | ? | Better Call Saul (TVDb: 273181)                                 |
[2022-07-08 03:00:38,384] [builder.py:2232]           [INFO]     | Trakt Recommended Collection | ? | The Mandalorian (TVDb: 361753)                                  |
[2022-07-08 03:00:38,731] [builder.py:2232]           [INFO]     | Trakt Recommended Collection | ? | The Old Man (TVDb: 367392)                                      |
[2022-07-08 03:00:39,051] [builder.py:2232]           [INFO]     | Trakt Recommended Collection | ? | Chernobyl (TVDb: 360893)                                        |
[2022-07-08 03:00:39,540] [builder.py:2232]           [INFO]     | Trakt Recommended Collection | ? | The Office (US) (TVDb: 73244)                                   |
[2022-07-08 03:00:39,773] [builder.py:2232]           [INFO]     | Trakt Recommended Collection | ? | Severance (TVDb: 371980)                                        |
[2022-07-08 03:00:39,951] [builder.py:2232]           [INFO]     | Trakt Recommended Collection | ? | The Bear (TVDb: 403294)                                         |
[2022-07-08 03:00:40,206] [builder.py:2232]           [INFO]     | Trakt Recommended Collection | ? | One Piece (TVDb: 81797)                                         |
[2022-07-08 03:00:40,406] [builder.py:2232]           [INFO]     | Trakt Recommended Collection | ? | Dark (TVDb: 334824)                                             |
[2022-07-08 03:00:40,684] [builder.py:2232]           [INFO]     | Trakt Recommended Collection | ? | The Orville (TVDb: 328487)                                      |
[2022-07-08 03:00:40,984] [builder.py:2232]           [INFO]     | Trakt Recommended Collection | ? | The Queen's Gambit (TVDb: 387115)                               |
[2022-07-08 03:00:41,195] [builder.py:2232]           [INFO]     | Trakt Recommended Collection | ? | Barry (TVDb: 333072)                                            |
[2022-07-08 03:00:41,462] [builder.py:2232]           [INFO]     | Trakt Recommended Collection | ? | Marvel's Daredevil (TVDb: 281662)                               |
[2022-07-08 03:00:41,467] [builder.py:2232]           [INFO]     | Trakt Recommended Collection | ? | Fringe (TVDb: 82066)                                            |
[2022-07-08 03:00:41,651] [builder.py:2232]           [INFO]     | Trakt Recommended Collection | ? | Moon Knight (TVDb: 368611)                                      |
[2022-07-08 03:00:41,851] [builder.py:2232]           [INFO]     | Trakt Recommended Collection | ? | Black Mirror (TVDb: 253463)                                     |
[2022-07-08 03:00:42,098] [builder.py:2232]           [INFO]     | Trakt Recommended Collection | ? | Dexter (TVDb: 79349)                                            |
[2022-07-08 03:00:42,103] [builder.py:2232]           [INFO]     | Trakt Recommended Collection | ? | Lost (TVDb: 73739)                                              |
[2022-07-08 03:00:42,362] [builder.py:2232]           [INFO]     | Trakt Recommended Collection | ? | The Big Bang Theory (TVDb: 80379)                               |
[2022-07-08 03:00:42,628] [builder.py:2232]           [INFO]     | Trakt Recommended Collection | ? | Ozark (TVDb: 329089)                                            |
[2022-07-08 03:00:42,864] [builder.py:2232]           [INFO]     | Trakt Recommended Collection | ? | Rick and Morty (TVDb: 275274)                                   |
[2022-07-08 03:00:43,106] [builder.py:2232]           [INFO]     | Trakt Recommended Collection | ? | Hannibal (TVDb: 259063)                                         |
[2022-07-08 03:00:43,351] [builder.py:2232]           [INFO]     | Trakt Recommended Collection | ? | The Flash (2014) (TVDb: 279121)                                 |
[2022-07-08 03:00:43,618] [builder.py:2232]           [INFO]     | Trakt Recommended Collection | ? | Superman & Lois (TVDb: 375655)                                  |
[2022-07-08 03:00:43,884] [builder.py:2232]           [INFO]     | Trakt Recommended Collection | ? | Peaky Blinders (TVDb: 270915)                                   |
[2022-07-08 03:00:44,117] [builder.py:2232]           [INFO]     | Trakt Recommended Collection | ? | Reacher (TVDb: 366924)                                          |
[2022-07-08 03:00:44,356] [builder.py:2232]           [INFO]     | Trakt Recommended Collection | ? | House (TVDb: 73255)                                             |
[2022-07-08 03:00:44,589] [builder.py:2232]           [INFO]     | Trakt Recommended Collection | ? | For All Mankind (TVDb: 356202)                                  |
[2022-07-08 03:00:44,806] [builder.py:2232]           [INFO]     | Trakt Recommended Collection | ? | The Man Who Fell to Earth (TVDb: 414721)                        |
[2022-07-08 03:00:45,084] [builder.py:2232]           [INFO]     | Trakt Recommended Collection | ? | See (TVDb: 361565)                                              |
[2022-07-08 03:00:45,384] [builder.py:2232]           [INFO]     | Trakt Recommended Collection | ? | What We Do in the Shadows (TVDb: 358211)                        |
[2022-07-08 03:00:45,664] [builder.py:2232]           [INFO]     | Trakt Recommended Collection | ? | House of the Dragon (TVDb: 371572)                              |
[2022-07-08 03:00:45,931] [builder.py:2232]           [INFO]     | Trakt Recommended Collection | ? | The Simpsons (TVDb: 71663)                                      |
[2022-07-08 03:00:46,184] [builder.py:2232]           [INFO]     | Trakt Recommended Collection | ? | How I Met Your Mother (TVDb: 75760)                             |
[2022-07-08 03:00:46,397] [builder.py:2232]           [INFO]     | Trakt Recommended Collection | ? | The Good Doctor (TVDb: 328634)                                  |
[2022-07-08 03:00:46,640] [builder.py:2232]           [INFO]     | Trakt Recommended Collection | ? | Evil (TVDb: 363955)                                             |
[2022-07-08 03:00:46,962] [builder.py:2232]           [INFO]     | Trakt Recommended Collection | ? | The Walking Dead (TVDb: 153021)                                 |
[2022-07-08 03:00:47,285] [builder.py:2232]           [INFO]     | Trakt Recommended Collection | ? | Yellowstone (2018) (TVDb: 341164)                               |
[2022-07-08 03:00:47,495] [builder.py:2232]           [INFO]     | Trakt Recommended Collection | ? | Invincible (2021) (TVDb: 368207)                                |
[2022-07-08 03:00:47,806] [builder.py:2232]           [INFO]     | Trakt Recommended Collection | ? | Supernatural (TVDb: 78901)                                      |
[2022-07-08 03:00:48,073] [builder.py:2232]           [INFO]     | Trakt Recommended Collection | ? | Parks and Recreation (TVDb: 84912)                              |
[2022-07-08 03:00:48,273] [builder.py:2232]           [INFO]     | Trakt Recommended Collection | ? | Friends (TVDb: 79168)                                           |
[2022-07-08 03:00:48,640] [builder.py:2232]           [INFO]     | Trakt Recommended Collection | ? | Adventure Time (TVDb: 152831)                                   |
[2022-07-08 03:00:48,864] [builder.py:2232]           [INFO]     | Trakt Recommended Collection | ? | Grey's Anatomy (TVDb: 73762)                                    |
[2022-07-08 03:00:49,080] [builder.py:2232]           [INFO]     | Trakt Recommended Collection | ? | Modern Family (TVDb: 95011)                                     |
[2022-07-08 03:00:49,317] [builder.py:2232]           [INFO]     | Trakt Recommended Collection | ? | Mr. Robot (TVDb: 289590)                                        |
[2022-07-08 03:00:49,584] [builder.py:2232]           [INFO]     | Trakt Recommended Collection | ? | The Expanse (TVDb: 280619)                                      |
[2022-07-08 03:00:49,864] [builder.py:2232]           [INFO]     | Trakt Recommended Collection | ? | Euphoria (US) (TVDb: 360261)                                    |
[2022-07-08 03:00:50,164] [builder.py:2232]           [INFO]     | Trakt Recommended Collection | ? | Ted Lasso (TVDb: 383203)                                        |
[2022-07-08 03:00:50,417] [builder.py:2232]           [INFO]     | Trakt Recommended Collection | ? | Dark Winds (TVDb: 406179)                                       |
[2022-07-08 03:00:50,640] [builder.py:2232]           [INFO]     | Trakt Recommended Collection | ? | Sex Education (TVDb: 356317)                                    |
[2022-07-08 03:00:50,851] [builder.py:2232]           [INFO]     | Trakt Recommended Collection | ? | Avatar: The Last Airbender (TVDb: 74852)                        |
[2022-07-08 03:00:51,084] [builder.py:2232]           [INFO]     | Trakt Recommended Collection | ? | The Haunting (TVDb: 345246)                                     |
[2022-07-08 03:00:51,373] [builder.py:2232]           [INFO]     | Trakt Recommended Collection | ? | Fleabag (TVDb: 314614)                                          |
[2022-07-08 03:00:51,588] [builder.py:2232]           [INFO]     | Trakt Recommended Collection | ? | The Newsroom (2012) (TVDb: 256227)                              |
[2022-07-08 03:00:51,822] [builder.py:2232]           [INFO]     | Trakt Recommended Collection | ? | The Undeclared War (TVDb: 401831)                               |
[2022-07-08 03:00:52,062] [builder.py:2232]           [INFO]     | Trakt Recommended Collection | ? | Our Flag Means Death (TVDb: 390093)                             |
[2022-07-08 03:00:52,264] [builder.py:2232]           [INFO]     | Trakt Recommended Collection | ? | WandaVision (TVDb: 362392)                                      |
[2022-07-08 03:00:52,574] [builder.py:2232]           [INFO]     | Trakt Recommended Collection | ? | The Wire (TVDb: 79126)                                          |
[2022-07-08 03:00:52,828] [builder.py:2232]           [INFO]     | Trakt Recommended Collection | ? | Halo (TVDb: 366524)                                             |
[2022-07-08 03:00:53,051] [builder.py:2232]           [INFO]     | Trakt Recommended Collection | ? | The Blacklist (TVDb: 266189)                                    |
[2022-07-08 03:00:53,362] [builder.py:2232]           [INFO]     | Trakt Recommended Collection | ? | Futurama (TVDb: 73871)                                          |
[2022-07-08 03:00:53,618] [builder.py:2232]           [INFO]     | Trakt Recommended Collection | ? | The Lincoln Lawyer (TVDb: 399909)                               |
[2022-07-08 03:00:53,939] [builder.py:2232]           [INFO]     | Trakt Recommended Collection | ? | The Good Place (TVDb: 311711)                                   |
[2022-07-08 03:00:54,151] [builder.py:2232]           [INFO]     | Trakt Recommended Collection | ? | Squid Game (TVDb: 383275)                                       |
[2022-07-08 03:00:54,339] [builder.py:2232]           [INFO]     | Trakt Recommended Collection | ? | Loki (TVDb: 362472)                                             |
[2022-07-08 03:00:54,539] [builder.py:2232]           [INFO]     | Trakt Recommended Collection | ? | Peacemaker (TVDb: 391153)                                       |
[2022-07-08 03:00:54,544] [builder.py:2232]           [INFO]     | Trakt Recommended Collection | ? | Banshee (TVDb: 259765)                                          |
[2022-07-08 03:00:54,739] [builder.py:2232]           [INFO]     | Trakt Recommended Collection | ? | Tokyo Vice (TVDb: 366624)                                       |
[2022-07-08 03:00:54,963] [builder.py:2232]           [INFO]     | Trakt Recommended Collection | ? | Primal (TVDb: 364007)                                           |
[2022-07-08 03:00:55,188] [builder.py:2232]           [INFO]     | Trakt Recommended Collection | ? | Crash Landing on You (TVDb: 368385)                             |
[2022-07-08 03:00:55,497] [builder.py:2232]           [INFO]     | Trakt Recommended Collection | ? | Paper Girls (TVDb: 368187)                                      |
[2022-07-08 03:00:55,929] [builder.py:2232]           [INFO]     | Trakt Recommended Collection | ? | Pushing Daisies (TVDb: 80351)                                   |
[2022-07-08 03:00:56,173] [builder.py:2232]           [INFO]     | Trakt Recommended Collection | ? | The Bold Type (TVDb: 323385)                                    |
[2022-07-08 03:00:56,406] [builder.py:2232]           [INFO]     | Trakt Recommended Collection | ? | American Horror Story (TVDb: 250487)                            |
[2022-07-08 03:00:56,640] [builder.py:2232]           [INFO]     | Trakt Recommended Collection | ? | Hunter x Hunter (2011) (TVDb: 252322)                           |
[2022-07-08 03:00:56,906] [builder.py:2232]           [INFO]     | Trakt Recommended Collection | ? | Altered Carbon (TVDb: 332331)                                   |
[2022-07-08 03:00:57,106] [builder.py:2232]           [INFO]     | Trakt Recommended Collection | ? | MINDHUNTER (TVDb: 328708)                                       |
[2022-07-08 03:00:57,351] [builder.py:2232]           [INFO]     | Trakt Recommended Collection | ? | Man vs Bee (TVDb: 393434)                                       |
[2022-07-08 03:00:57,573] [builder.py:2232]           [INFO]     | Trakt Recommended Collection | ? | Lucifer (TVDb: 295685)                                          |
[2022-07-08 03:00:57,871] [builder.py:2232]           [INFO]     | Trakt Recommended Collection | ? | The X-Files (TVDb: 77398)                                       |
[2022-07-08 03:00:58,151] [builder.py:2232]           [INFO]     | Trakt Recommended Collection | ? | Motherland: Fort Salem (TVDb: 364047)                           |
[2022-07-08 03:00:58,773] [builder.py:2232]           [INFO]     | Trakt Recommended Collection | ? | BoJack Horseman (TVDb: 282254)                                  |
[2022-07-08 03:00:59,162] [builder.py:2232]           [INFO]     | Trakt Recommended Collection | ? | Maid (TVDb: 382936)                                             |
[2022-07-08 03:00:59,373] [builder.py:2232]           [INFO]     | Trakt Recommended Collection | ? | The Sopranos (TVDb: 75299)                                      |
[2022-07-08 03:00:59,662] [builder.py:2232]           [INFO]     | Trakt Recommended Collection | ? | Marvel's Agents of S.H.I.E.L.D. (TVDb: 263365)                  |
[2022-07-08 03:00:59,839] [builder.py:2232]           [INFO]     | Trakt Recommended Collection | ? | Succession (TVDb: 338186)                                       |
[2022-07-08 03:01:00,095] [builder.py:2232]           [INFO]     | Trakt Recommended Collection | ? | Brooklyn Nine-Nine (TVDb: 269586)                               |
[2022-07-08 03:01:00,096] [builder.py:2237]           [INFO]     |                                                                                                    |
[2022-07-08 03:01:00,096] [builder.py:2238]           [INFO]     | 99 Shows Missing                                                                                   |
[2022-07-08 03:01:00,114] [builder.py:2383]           [INFO]     |                                                                                                    |
[2022-07-08 03:01:00,115] [builder.py:2384]           [INFO]     |========================= Updating Details of Trakt Recommended Collection =========================|
[2022-07-08 03:01:00,115] [builder.py:2385]           [INFO]     |                                                                                                    |
[2022-07-08 03:01:00,140] [builder.py:2446]           [INFO]     | Collection Metadata Edits                                                                          |
[2022-07-08 03:01:00,141] [util.py:150]               [DEBUG]    | 1 poster found:                                                                                    |
[2022-07-08 03:01:00,141] [util.py:152]               [DEBUG]    | Method: url_poster Poster: https://raw.githubusercontent.com/meisnate12/Plex-Meta-Manager-Images/master/chart/Trakt%20Recommended.jpg |
[2022-07-08 03:01:00,387] [library.py:153]            [INFO]     | Detail: url_poster updated poster to [URL] https://raw.githubusercontent.com/meisnate12/Plex-Meta-Manager-Images/master/chart/Trakt%20Recommended.jpg |
[2022-07-08 03:01:01,194] [builder.py:2529]           [INFO]     |                                                                                                    |
[2022-07-08 03:01:01,195] [builder.py:2530]           [INFO]     |=============================== Sorting Trakt Recommended Collection ===============================|
[2022-07-08 03:01:01,195] [builder.py:2531]           [INFO]     |                                                                                                    |
[2022-07-08 03:01:01,196] [plex_meta_manager.py:674]  [INFO]     |                                                                                                    |
[2022-07-08 03:01:01,196] [plex_meta_manager.py:675]  [INFO]     |====================================================================================================|
[2022-07-08 03:01:01,196] [plex_meta_manager.py:675]  [INFO]     |                               Finished Trakt Recommended Collection                                |
[2022-07-08 03:01:01,197] [plex_meta_manager.py:675]  [INFO]     |                                    Collection Run Time: 0:00:30                                    |
[2022-07-08 03:01:01,197] [plex_meta_manager.py:675]  [INFO]     |====================================================================================================|
