[2022-07-08 01:47:44,202] [builder.py:185]            [INFO]     |====================================================================================================|
[2022-07-08 01:47:44,203] [builder.py:185]            [INFO]     |                                Other Countries Collection in Movies                                |
[2022-07-08 01:47:44,203] [builder.py:185]            [INFO]     |====================================================================================================|
[2022-07-08 01:47:44,204] [builder.py:186]            [INFO]     |                                                                                                    |
[2022-07-08 01:47:44,204] [builder.py:191]            [INFO]     |============================== Validating Other Countries Attributes ===============================|
[2022-07-08 01:47:44,204] [builder.py:212]            [DEBUG]    |                                                                                                    |
[2022-07-08 01:47:44,205] [builder.py:213]            [DEBUG]    | Validating Method: template                                                                        |
[2022-07-08 01:47:44,205] [meta.py:103]               [DEBUG]    | Value: [{'value': ['Algeria', 'Argentina', 'Armenia', 'Australia', 'Austria', 'Bahamas', 'Brazil', 'Czech Republic', 'Denmark', 'Ireland', 'Kuwait', 'Lebanon', 'Libya', 'Morocco', 'Poland', 'Russian Federation', 'Saudi Arabia', 'Taiwan, Province of China', 'Turkey'], 'included_keys': ['Canada', 'China', 'France', 'Germany', 'Hong Kong', 'India', 'Italy', 'Japan', 'Korea', 'Malaysia', 'Mexico', 'New Zealand', 'Singapore', 'South Africa', 'Spain', 'Sweden', 'Taiwan', 'Thailand', 'United Kingdom', 'United States of America', 'Korea'], 'used_keys': ['Canada', 'China', 'France', 'Germany', 'Hong Kong', 'India', 'Italy', 'Japan', 'Mexico', 'New Zealand', 'Singapore', 'South Africa', 'Spain', 'Sweden', 'United Kingdom', 'United States of America', 'Republic of Korea'], 'country': ['Algeria', 'Argentina', 'Armenia', 'Australia', 'Austria', 'Bahamas', 'Brazil', 'Czech Republic', 'Denmark', 'Ireland', 'Kuwait', 'Lebanon', 'Libya', 'Morocco', 'Poland', 'Russian Federation', 'Saudi Arabia', 'Taiwan, Province of China', 'Turkey'], 'key_name': 'Other Countries', 'key': 'other', 'name': 'other_collection'}, {'value': ['Algeria', 'Argentina', 'Armenia', 'Australia', 'Austria', 'Bahamas', 'Brazil', 'Czech Republic', 'Denmark', 'Ireland', 'Kuwait', 'Lebanon', 'Libya', 'Morocco', 'Poland', 'Russian Federation', 'Saudi Arabia', 'Taiwan, Province of China', 'Turkey'], 'included_keys': ['Canada', 'China', 'France', 'Germany', 'Hong Kong', 'India', 'Italy', 'Japan', 'Korea', 'Malaysia', 'Mexico', 'New Zealand', 'Singapore', 'South Africa', 'Spain', 'Sweden', 'Taiwan', 'Thailand', 'United Kingdom', 'United States of America', 'Korea'], 'used_keys': ['Canada', 'China', 'France', 'Germany', 'Hong Kong', 'India', 'Italy', 'Japan', 'Mexico', 'New Zealand', 'Singapore', 'South Africa', 'Spain', 'Sweden', 'United Kingdom', 'United States of America', 'Republic of Korea'], 'country': ['Algeria', 'Argentina', 'Armenia', 'Australia', 'Austria', 'Bahamas', 'Brazil', 'Czech Republic', 'Denmark', 'Ireland', 'Kuwait', 'Lebanon', 'Libya', 'Morocco', 'Poland', 'Russian Federation', 'Saudi Arabia', 'Taiwan, Province of China', 'Turkey'], 'key_name': 'Other Countries', 'key': 'other', 'name': 'country_dynamic'}, {'value': ['Algeria', 'Argentina', 'Armenia', 'Australia', 'Austria', 'Bahamas', 'Brazil', 'Czech Republic', 'Denmark', 'Ireland', 'Kuwait', 'Lebanon', 'Libya', 'Morocco', 'Poland', 'Russian Federation', 'Saudi Arabia', 'Taiwan, Province of China', 'Turkey'], 'included_keys': ['Canada', 'China', 'France', 'Germany', 'Hong Kong', 'India', 'Italy', 'Japan', 'Korea', 'Malaysia', 'Mexico', 'New Zealand', 'Singapore', 'South Africa', 'Spain', 'Sweden', 'Taiwan', 'Thailand', 'United Kingdom', 'United States of America', 'Korea'], 'used_keys': ['Canada', 'China', 'France', 'Germany', 'Hong Kong', 'India', 'Italy', 'Japan', 'Mexico', 'New Zealand', 'Singapore', 'South Africa', 'Spain', 'Sweden', 'United Kingdom', 'United States of America', 'Republic of Korea'], 'country': ['Algeria', 'Argentina', 'Armenia', 'Australia', 'Austria', 'Bahamas', 'Brazil', 'Czech Republic', 'Denmark', 'Ireland', 'Kuwait', 'Lebanon', 'Libya', 'Morocco', 'Poland', 'Russian Federation', 'Saudi Arabia', 'Taiwan, Province of China', 'Turkey'], 'key_name': 'Other Countries', 'key': 'other', 'name': 'shared'}] |
[2022-07-08 01:47:44,209] [meta.py:241]               [WARNING]  | Template Warning: template attribute: sort_title from shared skipped                               |
[2022-07-08 01:47:44,210] [builder.py:1675]           [INFO]     |                                                                                                    |
[2022-07-08 01:47:44,210] [builder.py:1676]           [INFO]     | Validating Method: smart_filter                                                                    |
[2022-07-08 01:47:44,211] [builder.py:1682]           [DEBUG]    | Value: {'sort_by': 'release.desc', 'any': {'country': ['Algeria', 'Argentina', 'Armenia', 'Australia', 'Austria', 'Bahamas', 'Brazil', 'Czech Republic', 'Denmark', 'Ireland', 'Kuwait', 'Lebanon', 'Libya', 'Morocco', 'Poland', 'Russian Federation', 'Saudi Arabia', 'Taiwan, Province of China', 'Turkey']}} |
[2022-07-08 01:47:44,258] [builder.py:600]            [DEBUG]    |                                                                                                    |
[2022-07-08 01:47:44,258] [builder.py:604]            [DEBUG]    | Validating Method: label                                                                           |
[2022-07-08 01:47:44,259] [builder.py:605]            [DEBUG]    | Value: Country Color                                                                               |
[2022-07-08 01:47:44,259] [builder.py:600]            [DEBUG]    |                                                                                                    |
[2022-07-08 01:47:44,260] [builder.py:604]            [DEBUG]    | Validating Method: sort_title                                                                      |
[2022-07-08 01:47:44,260] [builder.py:605]            [DEBUG]    | Value: !09_~Other Countries                                                                        |
[2022-07-08 01:47:44,260] [builder.py:600]            [DEBUG]    |                                                                                                    |
[2022-07-08 01:47:44,261] [builder.py:604]            [DEBUG]    | Validating Method: url_poster                                                                      |
[2022-07-08 01:47:44,261] [builder.py:605]            [DEBUG]    | Value: https://raw.githubusercontent.com/meisnate12/Plex-Meta-Manager-Images/master/country/white/Other%20Countries.jpg |
[2022-07-08 01:47:45,567] [builder.py:764]            [INFO]     |                                                                                                    |
[2022-07-08 01:47:45,568] [builder.py:765]            [INFO]     | Validation Successful                                                                              |
[2022-07-08 01:47:45,568] [plex_meta_manager.py:539]  [INFO]     |                                                                                                    |
[2022-07-08 01:47:45,568] [plex_meta_manager.py:541]  [INFO]     |================================ Running Other Countries Collection ================================|
[2022-07-08 01:47:45,569] [plex_meta_manager.py:547]  [INFO]     |                                                                                                    |
[2022-07-08 01:47:45,569] [plex_meta_manager.py:548]  [INFO]     | Smart Movie Filter                                                                                 |
                                                                 | Sort By: release.desc
                                                                 | Filter:
                                                                 |   Match any of the following:
                                                                 |     Country is Algeria
                                                                 |     Country is Argentina
                                                                 |     Country is Armenia
                                                                 |     Country is Australia
                                                                 |     Country is Austria
                                                                 |     Country is Bahamas
                                                                 |     Country is Brazil
                                                                 |     Country is Czech Republic
                                                                 |     Country is Denmark
                                                                 |     Country is Ireland
                                                                 |     Country is Kuwait
                                                                 |     Country is Lebanon
                                                                 |     Country is Libya
                                                                 |     Country is Morocco
                                                                 |     Country is Poland
                                                                 |     Country is Russian Federation
                                                                 |     Country is Saudi Arabia
                                                                 |     Country is Taiwan, Province of China
                                                                 |     Country is Turkey
[2022-07-08 01:47:46,072] [builder.py:2383]           [INFO]     | 
[2022-07-08 01:47:46,073] [builder.py:2384]           [INFO]     |========================== Updating Details of Other Countries Collection ==========================|
[2022-07-08 01:47:46,073] [builder.py:2385]           [INFO]     |                                                                                                    |
[2022-07-08 01:47:46,097] [builder.py:2446]           [INFO]     | Collection Metadata Edits                                                                          |
[2022-07-08 01:47:46,097] [util.py:150]               [DEBUG]    | 1 poster found:                                                                                    |
[2022-07-08 01:47:46,098] [util.py:152]               [DEBUG]    | Method: url_poster Poster: https://raw.githubusercontent.com/meisnate12/Plex-Meta-Manager-Images/master/country/white/Other%20Countries.jpg |
[2022-07-08 01:47:46,100] [library.py:155]            [INFO]     | Detail: poster update not needed                                                                   |
[2022-07-08 01:47:46,580] [plex_meta_manager.py:674]  [INFO]     |                                                                                                    |
[2022-07-08 01:47:46,581] [plex_meta_manager.py:675]  [INFO]     |====================================================================================================|
[2022-07-08 01:47:46,581] [plex_meta_manager.py:675]  [INFO]     |                                Finished Other Countries Collection                                 |
[2022-07-08 01:47:46,581] [plex_meta_manager.py:675]  [INFO]     |                                    Collection Run Time: 0:00:02                                    |
[2022-07-08 01:47:46,582] [plex_meta_manager.py:675]  [INFO]     |====================================================================================================|
