[2022-07-08 02:26:27,996] [builder.py:185]            [INFO]     |====================================================================================================|
[2022-07-08 02:26:27,997] [builder.py:185]            [INFO]     |                               IMDB Top250 (2010年) Collection in 亚洲电影                               |
[2022-07-08 02:26:27,997] [builder.py:185]            [INFO]     |====================================================================================================|
[2022-07-08 02:26:27,997] [builder.py:186]            [INFO]     |                                                                                                    |
[2022-07-08 02:26:27,998] [builder.py:191]            [INFO]     |============================ Validating IMDB Top250 (2010年) Attributes =============================|
[2022-07-08 02:26:27,998] [builder.py:437]            [DEBUG]    |                                                                                                    |
[2022-07-08 02:26:27,998] [builder.py:438]            [DEBUG]    | Validating Method: sync_mode                                                                       |
[2022-07-08 02:26:27,999] [builder.py:442]            [DEBUG]    | Value: sync                                                                                        |
[2022-07-08 02:26:27,999] [builder.py:582]            [DEBUG]    |                                                                                                    |
[2022-07-08 02:26:27,999] [builder.py:583]            [DEBUG]    | Validating Method: collection_order                                                                |
[2022-07-08 02:26:28,000] [builder.py:584]            [DEBUG]    | Value: custom                                                                                      |
[2022-07-08 02:26:28,000] [builder.py:600]            [DEBUG]    |                                                                                                    |
[2022-07-08 02:26:28,000] [builder.py:604]            [DEBUG]    | Validating Method: trakt_list                                                                      |
[2022-07-08 02:26:28,000] [builder.py:605]            [DEBUG]    | Value: https://trakt.tv/users/bpsim/lists/imdb-top-250-year-of-2010                                |
[2022-07-08 02:26:28,532] [builder.py:600]            [DEBUG]    |                                                                                                    |
[2022-07-08 02:26:28,533] [builder.py:604]            [DEBUG]    | Validating Method: url_poster                                                                      |
[2022-07-08 02:26:28,533] [builder.py:605]            [DEBUG]    | Value: http://1.bp.blogspot.com/-xXABqhqTx3Q/UO-yBML_2MI/AAAAAAAAA74/A930nVncOPI/s1600/imdb-feature.jpg |
[2022-07-08 02:26:28,731] [builder.py:764]            [INFO]     |                                                                                                    |
[2022-07-08 02:26:28,732] [builder.py:765]            [INFO]     | Validation Successful                                                                              |
[2022-07-08 02:26:28,733] [plex_meta_manager.py:539]  [INFO]     |                                                                                                    |
[2022-07-08 02:26:28,734] [plex_meta_manager.py:541]  [INFO]     |============================== Running IMDB Top250 (2010年) Collection ==============================|
[2022-07-08 02:26:28,735] [plex_meta_manager.py:553]  [INFO]     |                                                                                                    |
[2022-07-08 02:26:28,735] [plex_meta_manager.py:554]  [INFO]     | Sync Mode: sync                                                                                    |
[2022-07-08 02:26:28,736] [plex_meta_manager.py:557]  [DEBUG]    |                                                                                                    |
[2022-07-08 02:26:28,736] [plex_meta_manager.py:558]  [DEBUG]    | Builder: trakt_list: https://trakt.tv/users/bpsim/lists/imdb-top-250-year-of-2010                  |
[2022-07-08 02:26:28,737] [plex_meta_manager.py:559]  [INFO]     |                                                                                                    |
[2022-07-08 02:26:28,737] [trakt.py:482]              [INFO]     | Processing Trakt List: https://trakt.tv/users/bpsim/lists/imdb-top-250-year-of-2010                |
[2022-07-08 02:26:29,028] [builder.py:1507]           [DEBUG]    |                                                                                                    |
[2022-07-08 02:26:29,029] [builder.py:1508]           [DEBUG]    | 250 IDs Found: [(278, 'tmdb'), (238, 'tmdb'), (240, 'tmdb'), (429, 'tmdb'), (680, 'tmdb'), (27205, 'tmdb'), (424, 'tmdb'), (389, 'tmdb'), (510, 'tmdb'), (155, 'tmdb'), (1891, 'tmdb'), (122, 'tmdb'), (346, 'tmdb'), (11, 'tmdb'), (550, 'tmdb'), (769, 'tmdb'), (289, 'tmdb'), (598, 'tmdb'), (120, 'tmdb'), (335, 'tmdb'), (567, 'tmdb'), (85, 'tmdb'), (539, 'tmdb'), (629, 'tmdb'), (603, 'tmdb'), (10193, 'tmdb'), (274, 'tmdb'), (807, 'tmdb'), (1585, 'tmdb'), (77, 'tmdb'), (121, 'tmdb'), (599, 'tmdb'), (13, 'tmdb'), (935, 'tmdb'), (101, 'tmdb'), (28, 'tmdb'), (15, 'tmdb'), (213, 'tmdb'), (14, 'tmdb'), (73, 'tmdb'), (103, 'tmdb'), (280, 'tmdb'), (857, 'tmdb'), (426, 'tmdb'), (194, 'tmdb'), (348, 'tmdb'), (10681, 'tmdb'), (694, 'tmdb'), (947, 'tmdb'), (129, 'tmdb'), (44214, 'tmdb'), (975, 'tmdb'), (996, 'tmdb'), (423, 'tmdb'), (185, 'tmdb'), (595, 'tmdb'), (582, 'tmdb'), (832, 'tmdb'), (1422, 'tmdb'), (901, 'tmdb'), (679, 'tmdb'), (38, 'tmdb'), (641, 'tmdb'), (387, 'tmdb'), (1092, 'tmdb'), (500, 'tmdb'), (2118, 'tmdb'), (829, 'tmdb'), (3082, 'tmdb'), (3090, 'tmdb'), (637, 'tmdb'), (105, 'tmdb'), (762, 'tmdb'), (1124, 'tmdb'), (1417, 'tmdb'), (1578, 'tmdb'), (11216, 'tmdb'), (872, 'tmdb'), (239, 'tmdb'), (826, 'tmdb'), (548, 'tmdb'), (705, 'tmdb'), (279, 'tmdb'), (311, 'tmdb'), (497, 'tmdb'), (600, 'tmdb'), (62, 'tmdb'), (5156, 'tmdb'), (16869, 'tmdb'), (197, 'tmdb'), (914, 'tmdb'), (284, 'tmdb'), (613, 'tmdb'), (14160, 'tmdb'), (13223, 'tmdb'), (98, 'tmdb'), (19, 'tmdb'), (9277, 'tmdb'), (963, 'tmdb'), (33, 'tmdb'), (1955, 'tmdb'), (3083, 'tmdb'), (187, 'tmdb'), (670, 'tmdb'), (654, 'tmdb'), (89, 'tmdb'), (223, 'tmdb'), (1892, 'tmdb'), (562, 'tmdb'), (5925, 'tmdb'), (272, 'tmdb'), (128, 'tmdb'), (490, 'tmdb'), (578, 'tmdb'), (205, 'tmdb'), (12405, 'tmdb'), (78, 'tmdb'), (275, 'tmdb'), (6977, 'tmdb'), (961, 'tmdb'), (949, 'tmdb'), (630, 'tmdb'), (1480, 'tmdb'), (938, 'tmdb'), (11878, 'tmdb'), (11645, 'tmdb'), (37257, 'tmdb'), (614, 'tmdb'), (107, 'tmdb'), (745, 'tmdb'), (12477, 'tmdb'), (17654, 'tmdb'), (703, 'tmdb'), (141, 'tmdb'), (11778, 'tmdb'), (903, 'tmdb'), (845, 'tmdb'), (288, 'tmdb'), (115, 'tmdb'), (3078, 'tmdb'), (19995, 'tmdb'), (24, 'tmdb'), (8587, 'tmdb'), (792, 'tmdb'), (5915, 'tmdb'), (7345, 'tmdb'), (303, 'tmdb'), (70, 'tmdb'), (862, 'tmdb'), (37799, 'tmdb'), (642, 'tmdb'), (770, 'tmdb'), (631, 'tmdb'), (627, 'tmdb'), (962, 'tmdb'), (982, 'tmdb'), (12163, 'tmdb'), (596, 'tmdb'), (111, 'tmdb'), (665, 'tmdb'), (910, 'tmdb'), (137, 'tmdb'), (37247, 'tmdb'), (583, 'tmdb'), (55, 'tmdb'), (12, 'tmdb'), (2503, 'tmdb'), (218, 'tmdb'), (887, 'tmdb'), (10098, 'tmdb'), (235, 'tmdb'), (100, 'tmdb'), (10191, 'tmdb'), (1091, 'tmdb'), (3782, 'tmdb'), (524, 'tmdb'), (752, 'tmdb'), (63, 'tmdb'), (204, 'tmdb'), (968, 'tmdb'), (25376, 'tmdb'), (2062, 'tmdb'), (827, 'tmdb'), (783, 'tmdb'), (13475, 'tmdb'), (422, 'tmdb'), (2493, 'tmdb'), (821, 'tmdb'), (3112, 'tmdb'), (8392, 'tmdb'), (9806, 'tmdb'), (990, 'tmdb'), (247, 'tmdb'), (405, 'tmdb'), (489, 'tmdb'), (10774, 'tmdb'), (147, 'tmdb'), (8321, 'tmdb'), (44264, 'tmdb'), (576, 'tmdb'), (702, 'tmdb'), (17295, 'tmdb'), (2013, 'tmdb'), (632, 'tmdb'), (9552, 'tmdb'), (797, 'tmdb'), (396, 'tmdb'), (780, 'tmdb'), (9693, 'tmdb'), (11898, 'tmdb'), (521, 'tmdb'), (522, 'tmdb'), (5961, 'tmdb'), (143, 'tmdb'), (13310, 'tmdb'), (1366, 'tmdb'), (587, 'tmdb'), (334, 'tmdb'), (696, 'tmdb'), (24238, 'tmdb'), (322, 'tmdb'), (3175, 'tmdb'), (309, 'tmdb'), (393, 'tmdb'), (805, 'tmdb'), (19426, 'tmdb'), (11202, 'tmdb'), (3063, 'tmdb'), (804, 'tmdb'), (3085, 'tmdb'), (37165, 'tmdb'), (10775, 'tmdb'), (1251, 'tmdb'), (22, 'tmdb'), (981, 'tmdb'), (4935, 'tmdb'), (843, 'tmdb'), (212, 'tmdb'), (23483, 'tmdb'), (11787, 'tmdb'), (993, 'tmdb'), (850, 'tmdb'), (1640, 'tmdb'), (992, 'tmdb'), (110, 'tmdb'), (11697, 'tmdb'), (81, 'tmdb'), (113, 'tmdb'), (1580, 'tmdb'), (900, 'tmdb')] |
[2022-07-08 02:26:29,029] [builder.py:1509]           [DEBUG]    |                                                                                                    |
[2022-07-08 02:26:29,037] [builder.py:2009]           [INFO]     |                                                                                                    |
[2022-07-08 02:26:29,037] [builder.py:2010]           [INFO]     |============================= Adding to IMDB Top250 (2010年) Collection =============================|
[2022-07-08 02:26:29,038] [builder.py:2011]           [INFO]     |                                                                                                    |
[2022-07-08 02:26:29,038] [builder.py:2025]           [INFO]     | 1/6 | IMDB Top250 (2010年) Collection | = | 千与千寻 (2001)                                             |
[2022-07-08 02:26:29,039] [builder.py:2025]           [INFO]     | 2/6 | IMDB Top250 (2010年) Collection | = | 幽灵公主 (1997)                                             |
[2022-07-08 02:26:29,040] [builder.py:2025]           [INFO]     | 3/6 | IMDB Top250 (2010年) Collection | = | 萤火虫之墓 (1988)                                            |
[2022-07-08 02:26:29,041] [builder.py:2025]           [INFO]     | 4/6 | IMDB Top250 (2010年) Collection | = | 龙猫 (1988)                                               |
[2022-07-08 02:26:29,042] [builder.py:2025]           [INFO]     | 5/6 | IMDB Top250 (2010年) Collection | = | 哈尔的移动城堡 (2004)                                          |
[2022-07-08 02:26:29,042] [builder.py:2025]           [INFO]     | 6/6 | IMDB Top250 (2010年) Collection | = | 风之谷 (1984)                                              |
[2022-07-08 02:26:29,043] [builder.py:2045]           [INFO]     |                                                                                                    |
[2022-07-08 02:26:29,043] [builder.py:2046]           [INFO]     | 6 Movies Processed                                                                                 |
[2022-07-08 02:26:29,044] [builder.py:2172]           [INFO]     |                                                                                                    |
[2022-07-08 02:26:29,044] [builder.py:2173]           [INFO]     |================================ Missing Movies from Library: 亚洲电影 =================================|
[2022-07-08 02:26:29,045] [builder.py:2174]           [INFO]     |                                                                                                    |
[2022-07-08 02:26:29,382] [builder.py:2187]           [INFO]     | IMDB Top250 (2010年) Collection | ? | The Shawshank Redemption (1994) (TMDb: 278)                   |
[2022-07-08 02:26:29,693] [builder.py:2187]           [INFO]     | IMDB Top250 (2010年) Collection | ? | The Godfather (1972) (TMDb: 238)                              |
[2022-07-08 02:26:30,093] [builder.py:2187]           [INFO]     | IMDB Top250 (2010年) Collection | ? | The Godfather: Part II (1974) (TMDb: 240)                     |
[2022-07-08 02:26:30,459] [builder.py:2187]           [INFO]     | IMDB Top250 (2010年) Collection | ? | The Good, the Bad and the Ugly (1966) (TMDb: 429)             |
[2022-07-08 02:26:30,872] [builder.py:2187]           [INFO]     | IMDB Top250 (2010年) Collection | ? | Pulp Fiction (1994) (TMDb: 680)                               |
[2022-07-08 02:26:31,126] [builder.py:2187]           [INFO]     | IMDB Top250 (2010年) Collection | ? | Inception (2010) (TMDb: 27205)                                |
[2022-07-08 02:26:31,405] [builder.py:2187]           [INFO]     | IMDB Top250 (2010年) Collection | ? | Schindler's List (1993) (TMDb: 424)                           |
[2022-07-08 02:26:31,763] [builder.py:2187]           [INFO]     | IMDB Top250 (2010年) Collection | ? | 12 Angry Men (1957) (TMDb: 389)                               |
[2022-07-08 02:26:32,038] [builder.py:2187]           [INFO]     | IMDB Top250 (2010年) Collection | ? | One Flew Over the Cuckoo's Nest (1975) (TMDb: 510)            |
[2022-07-08 02:26:32,372] [builder.py:2187]           [INFO]     | IMDB Top250 (2010年) Collection | ? | The Dark Knight (2008) (TMDb: 155)                            |
[2022-07-08 02:26:32,682] [builder.py:2187]           [INFO]     | IMDB Top250 (2010年) Collection | ? | The Empire Strikes Back (1980) (TMDb: 1891)                   |
[2022-07-08 02:26:33,238] [builder.py:2187]           [INFO]     | IMDB Top250 (2010年) Collection | ? | The Lord of the Rings: The Return of the King (2003) (TMDb: 122) |
[2022-07-08 02:26:33,782] [builder.py:2187]           [INFO]     | IMDB Top250 (2010年) Collection | ? | Seven Samurai (1954) (TMDb: 346)                              |
[2022-07-08 02:26:34,105] [builder.py:2187]           [INFO]     | IMDB Top250 (2010年) Collection | ? | Star Wars (1977) (TMDb: 11)                                   |
[2022-07-08 02:26:34,438] [builder.py:2187]           [INFO]     | IMDB Top250 (2010年) Collection | ? | Fight Club (1999) (TMDb: 550)                                 |
[2022-07-08 02:26:34,696] [builder.py:2187]           [INFO]     | IMDB Top250 (2010年) Collection | ? | GoodFellas (1990) (TMDb: 769)                                 |
[2022-07-08 02:26:34,971] [builder.py:2187]           [INFO]     | IMDB Top250 (2010年) Collection | ? | Casablanca (1942) (TMDb: 289)                                 |
[2022-07-08 02:26:35,248] [builder.py:2187]           [INFO]     | IMDB Top250 (2010年) Collection | ? | City of God (2002) (TMDb: 598)                                |
[2022-07-08 02:26:35,571] [builder.py:2187]           [INFO]     | IMDB Top250 (2010年) Collection | ? | The Lord of the Rings: The Fellowship of the Ring (2001) (TMDb: 120) |
[2022-07-08 02:26:35,993] [builder.py:2187]           [INFO]     | IMDB Top250 (2010年) Collection | ? | Once Upon a Time in the West (1968) (TMDb: 335)               |
[2022-07-08 02:26:36,281] [builder.py:2187]           [INFO]     | IMDB Top250 (2010年) Collection | ? | Rear Window (1954) (TMDb: 567)                                |
[2022-07-08 02:26:36,630] [builder.py:2187]           [INFO]     | IMDB Top250 (2010年) Collection | ? | Raiders of the Lost Ark (1981) (TMDb: 85)                     |
[2022-07-08 02:26:37,082] [builder.py:2187]           [INFO]     | IMDB Top250 (2010年) Collection | ? | Psycho (1960) (TMDb: 539)                                     |
[2022-07-08 02:26:37,396] [builder.py:2187]           [INFO]     | IMDB Top250 (2010年) Collection | ? | The Usual Suspects (1995) (TMDb: 629)                         |
[2022-07-08 02:26:37,626] [builder.py:2187]           [INFO]     | IMDB Top250 (2010年) Collection | ? | The Matrix (1999) (TMDb: 603)                                 |
[2022-07-08 02:26:37,915] [builder.py:2187]           [INFO]     | IMDB Top250 (2010年) Collection | ? | Toy Story 3 (2010) (TMDb: 10193)                              |
[2022-07-08 02:26:38,296] [builder.py:2187]           [INFO]     | IMDB Top250 (2010年) Collection | ? | The Silence of the Lambs (1991) (TMDb: 274)                   |
[2022-07-08 02:26:38,604] [builder.py:2187]           [INFO]     | IMDB Top250 (2010年) Collection | ? | Se7en (1995) (TMDb: 807)                                      |
[2022-07-08 02:26:38,871] [builder.py:2187]           [INFO]     | IMDB Top250 (2010年) Collection | ? | It's a Wonderful Life (1946) (TMDb: 1585)                     |
[2022-07-08 02:26:39,093] [builder.py:2187]           [INFO]     | IMDB Top250 (2010年) Collection | ? | Memento (2000) (TMDb: 77)                                     |
[2022-07-08 02:26:39,348] [builder.py:2187]           [INFO]     | IMDB Top250 (2010年) Collection | ? | The Lord of the Rings: The Two Towers (2002) (TMDb: 121)      |
[2022-07-08 02:26:39,626] [builder.py:2187]           [INFO]     | IMDB Top250 (2010年) Collection | ? | Sunset Boulevard (1950) (TMDb: 599)                           |
[2022-07-08 02:26:39,904] [builder.py:2187]           [INFO]     | IMDB Top250 (2010年) Collection | ? | Forrest Gump (1994) (TMDb: 13)                                |
[2022-07-08 02:26:40,259] [builder.py:2187]           [INFO]     | IMDB Top250 (2010年) Collection | ? | Dr. Strangelove or: How I Learned to Stop Worrying and Love the Bomb (1964) (TMDb: 935) |
[2022-07-08 02:26:40,559] [builder.py:2187]           [INFO]     | IMDB Top250 (2010年) Collection | ? | Léon: The Professional (1994) (TMDb: 101)                     |
[2022-07-08 02:26:40,982] [builder.py:2187]           [INFO]     | IMDB Top250 (2010年) Collection | ? | Apocalypse Now (1979) (TMDb: 28)                              |
[2022-07-08 02:26:41,504] [builder.py:2187]           [INFO]     | IMDB Top250 (2010年) Collection | ? | Citizen Kane (1941) (TMDb: 15)                                |
[2022-07-08 02:26:41,837] [builder.py:2187]           [INFO]     | IMDB Top250 (2010年) Collection | ? | North by Northwest (1959) (TMDb: 213)                         |
[2022-07-08 02:26:42,171] [builder.py:2187]           [INFO]     | IMDB Top250 (2010年) Collection | ? | American Beauty (1999) (TMDb: 14)                             |
[2022-07-08 02:26:42,504] [builder.py:2187]           [INFO]     | IMDB Top250 (2010年) Collection | ? | American History X (1998) (TMDb: 73)                          |
[2022-07-08 02:26:42,896] [builder.py:2187]           [INFO]     | IMDB Top250 (2010年) Collection | ? | Taxi Driver (1976) (TMDb: 103)                                |
[2022-07-08 02:26:43,226] [builder.py:2187]           [INFO]     | IMDB Top250 (2010年) Collection | ? | Terminator 2: Judgment Day (1991) (TMDb: 280)                 |
[2022-07-08 02:26:43,570] [builder.py:2187]           [INFO]     | IMDB Top250 (2010年) Collection | ? | Saving Private Ryan (1998) (TMDb: 857)                        |
[2022-07-08 02:26:43,804] [builder.py:2187]           [INFO]     | IMDB Top250 (2010年) Collection | ? | Vertigo (1958) (TMDb: 426)                                    |
[2022-07-08 02:26:44,126] [builder.py:2187]           [INFO]     | IMDB Top250 (2010年) Collection | ? | Amélie (2001) (TMDb: 194)                                     |
[2022-07-08 02:26:44,696] [builder.py:2187]           [INFO]     | IMDB Top250 (2010年) Collection | ? | Alien (1979) (TMDb: 348)                                      |
[2022-07-08 02:26:45,070] [builder.py:2187]           [INFO]     | IMDB Top250 (2010年) Collection | ? | WALL·E (2008) (TMDb: 10681)                                   |
[2022-07-08 02:26:45,387] [builder.py:2187]           [INFO]     | IMDB Top250 (2010年) Collection | ? | The Shining (1980) (TMDb: 694)                                |
[2022-07-08 02:26:45,754] [builder.py:2187]           [INFO]     | IMDB Top250 (2010年) Collection | ? | Lawrence of Arabia (1962) (TMDb: 947)                         |
[2022-07-08 02:26:46,059] [builder.py:2187]           [INFO]     | IMDB Top250 (2010年) Collection | ? | Black Swan (2010) (TMDb: 44214)                               |
[2022-07-08 02:26:46,387] [builder.py:2187]           [INFO]     | IMDB Top250 (2010年) Collection | ? | Paths of Glory (1957) (TMDb: 975)                             |
[2022-07-08 02:26:46,687] [builder.py:2187]           [INFO]     | IMDB Top250 (2010年) Collection | ? | Double Indemnity (1944) (TMDb: 996)                           |
[2022-07-08 02:26:46,692] [builder.py:2187]           [INFO]     | IMDB Top250 (2010年) Collection | ? | The Pianist (2002) (TMDb: 423)                                |
[2022-07-08 02:26:47,026] [builder.py:2187]           [INFO]     | IMDB Top250 (2010年) Collection | ? | A Clockwork Orange (1971) (TMDb: 185)                         |
[2022-07-08 02:26:47,337] [builder.py:2187]           [INFO]     | IMDB Top250 (2010年) Collection | ? | To Kill a Mockingbird (1962) (TMDb: 595)                      |
[2022-07-08 02:26:47,670] [builder.py:2187]           [INFO]     | IMDB Top250 (2010年) Collection | ? | The Lives of Others (2006) (TMDb: 582)                        |
[2022-07-08 02:26:48,226] [builder.py:2187]           [INFO]     | IMDB Top250 (2010年) Collection | ? | M (1931) (TMDb: 832)                                          |
[2022-07-08 02:26:48,537] [builder.py:2187]           [INFO]     | IMDB Top250 (2010年) Collection | ? | The Departed (2006) (TMDb: 1422)                              |
[2022-07-08 02:26:48,826] [builder.py:2187]           [INFO]     | IMDB Top250 (2010年) Collection | ? | City Lights (1931) (TMDb: 901)                                |
[2022-07-08 02:26:49,179] [builder.py:2187]           [INFO]     | IMDB Top250 (2010年) Collection | ? | Aliens (1986) (TMDb: 679)                                     |
[2022-07-08 02:26:49,481] [builder.py:2187]           [INFO]     | IMDB Top250 (2010年) Collection | ? | Eternal Sunshine of the Spotless Mind (2004) (TMDb: 38)       |
[2022-07-08 02:26:49,837] [builder.py:2187]           [INFO]     | IMDB Top250 (2010年) Collection | ? | Requiem for a Dream (2000) (TMDb: 641)                        |
[2022-07-08 02:26:50,126] [builder.py:2187]           [INFO]     | IMDB Top250 (2010年) Collection | ? | Das Boot (1981) (TMDb: 387)                                   |
[2022-07-08 02:26:50,426] [builder.py:2187]           [INFO]     | IMDB Top250 (2010年) Collection | ? | The Third Man (1949) (TMDb: 1092)                             |
[2022-07-08 02:26:50,662] [builder.py:2187]           [INFO]     | IMDB Top250 (2010年) Collection | ? | Reservoir Dogs (1992) (TMDb: 500)                             |
[2022-07-08 02:26:50,953] [builder.py:2187]           [INFO]     | IMDB Top250 (2010年) Collection | ? | L.A. Confidential (1997) (TMDb: 2118)                         |
[2022-07-08 02:26:51,520] [builder.py:2187]           [INFO]     | IMDB Top250 (2010年) Collection | ? | Chinatown (1974) (TMDb: 829)                                  |
[2022-07-08 02:26:52,095] [builder.py:2187]           [INFO]     | IMDB Top250 (2010年) Collection | ? | Modern Times (1936) (TMDb: 3082)                              |
[2022-07-08 02:26:52,448] [builder.py:2187]           [INFO]     | IMDB Top250 (2010年) Collection | ? | The Treasure of the Sierra Madre (1948) (TMDb: 3090)          |
[2022-07-08 02:26:52,761] [builder.py:2187]           [INFO]     | IMDB Top250 (2010年) Collection | ? | Life Is Beautiful (1997) (TMDb: 637)                          |
[2022-07-08 02:26:53,045] [builder.py:2187]           [INFO]     | IMDB Top250 (2010年) Collection | ? | Back to the Future (1985) (TMDb: 105)                         |
[2022-07-08 02:26:53,393] [builder.py:2187]           [INFO]     | IMDB Top250 (2010年) Collection | ? | Monty Python and the Holy Grail (1975) (TMDb: 762)            |
[2022-07-08 02:26:53,695] [builder.py:2187]           [INFO]     | IMDB Top250 (2010年) Collection | ? | The Prestige (2006) (TMDb: 1124)                              |
[2022-07-08 02:26:54,078] [builder.py:2187]           [INFO]     | IMDB Top250 (2010年) Collection | ? | Pan's Labyrinth (2006) (TMDb: 1417)                           |
[2022-07-08 02:26:54,353] [builder.py:2187]           [INFO]     | IMDB Top250 (2010年) Collection | ? | Raging Bull (1980) (TMDb: 1578)                               |
[2022-07-08 02:26:54,670] [builder.py:2187]           [INFO]     | IMDB Top250 (2010年) Collection | ? | Cinema Paradiso (1988) (TMDb: 11216)                          |
[2022-07-08 02:26:54,995] [builder.py:2187]           [INFO]     | IMDB Top250 (2010年) Collection | ? | Singin' in the Rain (1952) (TMDb: 872)                        |
[2022-07-08 02:26:55,536] [builder.py:2187]           [INFO]     | IMDB Top250 (2010年) Collection | ? | Some Like It Hot (1959) (TMDb: 239)                           |
[2022-07-08 02:26:55,904] [builder.py:2187]           [INFO]     | IMDB Top250 (2010年) Collection | ? | The Bridge on the River Kwai (1957) (TMDb: 826)               |
[2022-07-08 02:26:56,193] [builder.py:2187]           [INFO]     | IMDB Top250 (2010年) Collection | ? | Rashomon (1950) (TMDb: 548)                                   |
[2022-07-08 02:26:56,595] [builder.py:2187]           [INFO]     | IMDB Top250 (2010年) Collection | ? | All About Eve (1950) (TMDb: 705)                              |
[2022-07-08 02:26:56,926] [builder.py:2187]           [INFO]     | IMDB Top250 (2010年) Collection | ? | Amadeus (1984) (TMDb: 279)                                    |
[2022-07-08 02:26:57,215] [builder.py:2187]           [INFO]     | IMDB Top250 (2010年) Collection | ? | Once Upon a Time in America (1984) (TMDb: 311)                |
[2022-07-08 02:26:57,528] [builder.py:2187]           [INFO]     | IMDB Top250 (2010年) Collection | ? | The Green Mile (1999) (TMDb: 497)                             |
[2022-07-08 02:26:57,881] [builder.py:2187]           [INFO]     | IMDB Top250 (2010年) Collection | ? | Full Metal Jacket (1987) (TMDb: 600)                          |
[2022-07-08 02:26:58,193] [builder.py:2187]           [INFO]     | IMDB Top250 (2010年) Collection | ? | 2001: A Space Odyssey (1968) (TMDb: 62)                       |
[2022-07-08 02:26:58,504] [builder.py:2187]           [INFO]     | IMDB Top250 (2010年) Collection | ? | Bicycle Thieves (1948) (TMDb: 5156)                           |
[2022-07-08 02:26:58,815] [builder.py:2187]           [INFO]     | IMDB Top250 (2010年) Collection | ? | Inglourious Basterds (2009) (TMDb: 16869)                     |
[2022-07-08 02:26:59,081] [builder.py:2187]           [INFO]     | IMDB Top250 (2010年) Collection | ? | Braveheart (1995) (TMDb: 197)                                 |
[2022-07-08 02:26:59,394] [builder.py:2187]           [INFO]     | IMDB Top250 (2010年) Collection | ? | The Great Dictator (1940) (TMDb: 914)                         |
[2022-07-08 02:26:59,693] [builder.py:2187]           [INFO]     | IMDB Top250 (2010年) Collection | ? | The Apartment (1960) (TMDb: 284)                              |
[2022-07-08 02:27:00,004] [builder.py:2187]           [INFO]     | IMDB Top250 (2010年) Collection | ? | Downfall (2004) (TMDb: 613)                                   |
[2022-07-08 02:27:00,304] [builder.py:2187]           [INFO]     | IMDB Top250 (2010年) Collection | ? | Up (2009) (TMDb: 14160)                                       |
[2022-07-08 02:27:00,615] [builder.py:2187]           [INFO]     | IMDB Top250 (2010年) Collection | ? | Gran Torino (2008) (TMDb: 13223)                              |
[2022-07-08 02:27:00,961] [builder.py:2187]           [INFO]     | IMDB Top250 (2010年) Collection | ? | Gladiator (2000) (TMDb: 98)                                   |
[2022-07-08 02:27:01,352] [builder.py:2187]           [INFO]     | IMDB Top250 (2010年) Collection | ? | Metropolis (1927) (TMDb: 19)                                  |
[2022-07-08 02:27:01,611] [builder.py:2187]           [INFO]     | IMDB Top250 (2010年) Collection | ? | The Sting (1973) (TMDb: 9277)                                 |
[2022-07-08 02:27:01,886] [builder.py:2187]           [INFO]     | IMDB Top250 (2010年) Collection | ? | The Maltese Falcon (1941) (TMDb: 963)                         |
[2022-07-08 02:27:02,194] [builder.py:2187]           [INFO]     | IMDB Top250 (2010年) Collection | ? | Unforgiven (1992) (TMDb: 33)                                  |
[2022-07-08 02:27:02,526] [builder.py:2187]           [INFO]     | IMDB Top250 (2010年) Collection | ? | The Elephant Man (1980) (TMDb: 1955)                          |
[2022-07-08 02:27:02,852] [builder.py:2187]           [INFO]     | IMDB Top250 (2010年) Collection | ? | Mr. Smith Goes to Washington (1939) (TMDb: 3083)              |
[2022-07-08 02:27:03,104] [builder.py:2187]           [INFO]     | IMDB Top250 (2010年) Collection | ? | Sin City (2005) (TMDb: 187)                                   |
[2022-07-08 02:27:03,437] [builder.py:2187]           [INFO]     | IMDB Top250 (2010年) Collection | ? | Oldboy (2003) (TMDb: 670)                                     |
[2022-07-08 02:27:03,870] [builder.py:2187]           [INFO]     | IMDB Top250 (2010年) Collection | ? | On the Waterfront (1954) (TMDb: 654)                          |
[2022-07-08 02:27:04,494] [builder.py:2187]           [INFO]     | IMDB Top250 (2010年) Collection | ? | Indiana Jones and the Last Crusade (1989) (TMDb: 89)          |
[2022-07-08 02:27:04,837] [builder.py:2187]           [INFO]     | IMDB Top250 (2010年) Collection | ? | Rebecca (1940) (TMDb: 223)                                    |
[2022-07-08 02:27:05,248] [builder.py:2187]           [INFO]     | IMDB Top250 (2010年) Collection | ? | Return of the Jedi (1983) (TMDb: 1892)                        |
[2022-07-08 02:27:05,694] [builder.py:2187]           [INFO]     | IMDB Top250 (2010年) Collection | ? | Die Hard (1988) (TMDb: 562)                                   |
[2022-07-08 02:27:06,070] [builder.py:2187]           [INFO]     | IMDB Top250 (2010年) Collection | ? | The Great Escape (1963) (TMDb: 5925)                          |
[2022-07-08 02:27:06,726] [builder.py:2187]           [INFO]     | IMDB Top250 (2010年) Collection | ? | Batman Begins (2005) (TMDb: 272)                              |
[2022-07-08 02:27:07,037] [builder.py:2187]           [INFO]     | IMDB Top250 (2010年) Collection | ? | The Seventh Seal (1957) (TMDb: 490)                           |
[2022-07-08 02:27:07,348] [builder.py:2187]           [INFO]     | IMDB Top250 (2010年) Collection | ? | Jaws (1975) (TMDb: 578)                                       |
[2022-07-08 02:27:07,694] [builder.py:2187]           [INFO]     | IMDB Top250 (2010年) Collection | ? | Hotel Rwanda (2004) (TMDb: 205)                               |
[2022-07-08 02:27:08,026] [builder.py:2187]           [INFO]     | IMDB Top250 (2010年) Collection | ? | Slumdog Millionaire (2008) (TMDb: 12405)                      |
[2022-07-08 02:27:08,437] [builder.py:2187]           [INFO]     | IMDB Top250 (2010年) Collection | ? | Blade Runner (1982) (TMDb: 78)                                |
[2022-07-08 02:27:08,760] [builder.py:2187]           [INFO]     | IMDB Top250 (2010年) Collection | ? | Fargo (1996) (TMDb: 275)                                      |
[2022-07-08 02:27:09,252] [builder.py:2187]           [INFO]     | IMDB Top250 (2010年) Collection | ? | No Country for Old Men (2007) (TMDb: 6977)                    |
[2022-07-08 02:27:09,548] [builder.py:2187]           [INFO]     | IMDB Top250 (2010年) Collection | ? | The General (1926) (TMDb: 961)                                |
[2022-07-08 02:27:09,870] [builder.py:2187]           [INFO]     | IMDB Top250 (2010年) Collection | ? | Heat (1995) (TMDb: 949)                                       |
[2022-07-08 02:27:10,193] [builder.py:2187]           [INFO]     | IMDB Top250 (2010年) Collection | ? | The Wizard of Oz (1939) (TMDb: 630)                           |
[2022-07-08 02:27:10,748] [builder.py:2187]           [INFO]     | IMDB Top250 (2010年) Collection | ? | Touch of Evil (1958) (TMDb: 1480)                             |
[2022-07-08 02:27:11,148] [builder.py:2187]           [INFO]     | IMDB Top250 (2010年) Collection | ? | For a Few Dollars More (1965) (TMDb: 938)                     |
[2022-07-08 02:27:11,537] [builder.py:2187]           [INFO]     | IMDB Top250 (2010年) Collection | ? | Yojimbo (1961) (TMDb: 11878)                                  |
[2022-07-08 02:27:11,860] [builder.py:2187]           [INFO]     | IMDB Top250 (2010年) Collection | ? | Ran (1985) (TMDb: 11645)                                      |
[2022-07-08 02:27:12,277] [builder.py:2187]           [INFO]     | IMDB Top250 (2010年) Collection | ? | Witness for the Prosecution (1957) (TMDb: 37257)              |
[2022-07-08 02:27:12,651] [builder.py:2187]           [INFO]     | IMDB Top250 (2010年) Collection | ? | Wild Strawberries (1957) (TMDb: 614)                          |
[2022-07-08 02:27:13,004] [builder.py:2187]           [INFO]     | IMDB Top250 (2010年) Collection | ? | Snatch (2000) (TMDb: 107)                                     |
[2022-07-08 02:27:13,393] [builder.py:2187]           [INFO]     | IMDB Top250 (2010年) Collection | ? | The Sixth Sense (1999) (TMDb: 745)                            |
[2022-07-08 02:27:13,693] [builder.py:2187]           [INFO]     | IMDB Top250 (2010年) Collection | ? | District 9 (2009) (TMDb: 17654)                               |
[2022-07-08 02:27:14,004] [builder.py:2187]           [INFO]     | IMDB Top250 (2010年) Collection | ? | Annie Hall (1977) (TMDb: 703)                                 |
[2022-07-08 02:27:14,493] [builder.py:2187]           [INFO]     | IMDB Top250 (2010年) Collection | ? | Donnie Darko (2001) (TMDb: 141)                               |
[2022-07-08 02:27:14,785] [builder.py:2187]           [INFO]     | IMDB Top250 (2010年) Collection | ? | The Deer Hunter (1978) (TMDb: 11778)                          |
[2022-07-08 02:27:15,126] [builder.py:2187]           [INFO]     | IMDB Top250 (2010年) Collection | ? | Cool Hand Luke (1967) (TMDb: 903)                             |
[2022-07-08 02:27:15,460] [builder.py:2187]           [INFO]     | IMDB Top250 (2010年) Collection | ? | Strangers on a Train (1951) (TMDb: 845)                       |
[2022-07-08 02:27:15,826] [builder.py:2187]           [INFO]     | IMDB Top250 (2010年) Collection | ? | High Noon (1952) (TMDb: 288)                                  |
[2022-07-08 02:27:16,370] [builder.py:2187]           [INFO]     | IMDB Top250 (2010年) Collection | ? | The Big Lebowski (1998) (TMDb: 115)                           |
[2022-07-08 02:27:16,759] [builder.py:2187]           [INFO]     | IMDB Top250 (2010年) Collection | ? | It Happened One Night (1934) (TMDb: 3078)                     |
[2022-07-08 02:27:17,148] [builder.py:2187]           [INFO]     | IMDB Top250 (2010年) Collection | ? | Avatar (2009) (TMDb: 19995)                                   |
[2022-07-08 02:27:17,551] [builder.py:2187]           [INFO]     | IMDB Top250 (2010年) Collection | ? | Kill Bill: Vol. 1 (2003) (TMDb: 24)                           |
[2022-07-08 02:27:17,884] [builder.py:2187]           [INFO]     | IMDB Top250 (2010年) Collection | ? | The Lion King (1994) (TMDb: 8587)                             |
[2022-07-08 02:27:18,326] [builder.py:2187]           [INFO]     | IMDB Top250 (2010年) Collection | ? | Platoon (1986) (TMDb: 792)                                    |
[2022-07-08 02:27:18,793] [builder.py:2187]           [INFO]     | IMDB Top250 (2010年) Collection | ? | Into the Wild (2007) (TMDb: 5915)                             |
[2022-07-08 02:27:19,118] [builder.py:2187]           [INFO]     | IMDB Top250 (2010年) Collection | ? | There Will Be Blood (2007) (TMDb: 7345)                       |
[2022-07-08 02:27:19,504] [builder.py:2187]           [INFO]     | IMDB Top250 (2010年) Collection | ? | Notorious (1946) (TMDb: 303)                                  |
[2022-07-08 02:27:20,037] [builder.py:2187]           [INFO]     | IMDB Top250 (2010年) Collection | ? | Million Dollar Baby (2004) (TMDb: 70)                         |
[2022-07-08 02:27:20,426] [builder.py:2187]           [INFO]     | IMDB Top250 (2010年) Collection | ? | Toy Story (1995) (TMDb: 862)                                  |
[2022-07-08 02:27:21,184] [builder.py:2187]           [INFO]     | IMDB Top250 (2010年) Collection | ? | The Social Network (2010) (TMDb: 37799)                       |
[2022-07-08 02:27:21,548] [builder.py:2187]           [INFO]     | IMDB Top250 (2010年) Collection | ? | Butch Cassidy and the Sundance Kid (1969) (TMDb: 642)         |
[2022-07-08 02:27:21,917] [builder.py:2187]           [INFO]     | IMDB Top250 (2010年) Collection | ? | Gone with the Wind (1939) (TMDb: 770)                         |
[2022-07-08 02:27:22,409] [builder.py:2187]           [INFO]     | IMDB Top250 (2010年) Collection | ? | Sunrise: A Song of Two Humans (1927) (TMDb: 631)              |
[2022-07-08 02:27:22,984] [builder.py:2187]           [INFO]     | IMDB Top250 (2010年) Collection | ? | Trainspotting (1996) (TMDb: 627)                              |
[2022-07-08 02:27:23,284] [builder.py:2187]           [INFO]     | IMDB Top250 (2010年) Collection | ? | The Gold Rush (1925) (TMDb: 962)                              |
[2022-07-08 02:27:23,593] [builder.py:2187]           [INFO]     | IMDB Top250 (2010年) Collection | ? | The Manchurian Candidate (1962) (TMDb: 982)                   |
[2022-07-08 02:27:24,004] [builder.py:2187]           [INFO]     | IMDB Top250 (2010年) Collection | ? | The Wrestler (2008) (TMDb: 12163)                             |
[2022-07-08 02:27:24,348] [builder.py:2187]           [INFO]     | IMDB Top250 (2010年) Collection | ? | The Grapes of Wrath (1940) (TMDb: 596)                        |
[2022-07-08 02:27:24,617] [builder.py:2187]           [INFO]     | IMDB Top250 (2010年) Collection | ? | Scarface (1983) (TMDb: 111)                                   |
[2022-07-08 02:27:24,937] [builder.py:2187]           [INFO]     | IMDB Top250 (2010年) Collection | ? | Ben-Hur (1959) (TMDb: 665)                                    |
[2022-07-08 02:27:25,292] [builder.py:2187]           [INFO]     | IMDB Top250 (2010年) Collection | ? | The Big Sleep (1946) (TMDb: 910)                              |
[2022-07-08 02:27:25,575] [builder.py:2187]           [INFO]     | IMDB Top250 (2010年) Collection | ? | Groundhog Day (1993) (TMDb: 137)                              |
[2022-07-08 02:27:26,059] [builder.py:2187]           [INFO]     | IMDB Top250 (2010年) Collection | ? | The Graduate (1967) (TMDb: 37247)                             |
[2022-07-08 02:27:26,604] [builder.py:2187]           [INFO]     | IMDB Top250 (2010年) Collection | ? | Life of Brian (1979) (TMDb: 583)                              |
[2022-07-08 02:27:27,059] [builder.py:2187]           [INFO]     | IMDB Top250 (2010年) Collection | ? | Amores Perros (2000) (TMDb: 55)                               |
[2022-07-08 02:27:27,504] [builder.py:2187]           [INFO]     | IMDB Top250 (2010年) Collection | ? | Finding Nemo (2003) (TMDb: 12)                                |
[2022-07-08 02:27:27,859] [builder.py:2187]           [INFO]     | IMDB Top250 (2010年) Collection | ? | The Bourne Ultimatum (2007) (TMDb: 2503)                      |
[2022-07-08 02:27:28,242] [builder.py:2187]           [INFO]     | IMDB Top250 (2010年) Collection | ? | The Terminator (1984) (TMDb: 218)                             |
[2022-07-08 02:27:28,559] [builder.py:2187]           [INFO]     | IMDB Top250 (2010年) Collection | ? | The Best Years of Our Lives (1946) (TMDb: 887)                |
[2022-07-08 02:27:28,975] [builder.py:2187]           [INFO]     | IMDB Top250 (2010年) Collection | ? | The Kid (1921) (TMDb: 10098)                                  |
[2022-07-08 02:27:29,381] [builder.py:2187]           [INFO]     | IMDB Top250 (2010年) Collection | ? | Stand by Me (1986) (TMDb: 235)                                |
[2022-07-08 02:27:29,759] [builder.py:2187]           [INFO]     | IMDB Top250 (2010年) Collection | ? | Lock, Stock and Two Smoking Barrels (1998) (TMDb: 100)        |
[2022-07-08 02:27:30,083] [builder.py:2187]           [INFO]     | IMDB Top250 (2010年) Collection | ? | How to Train Your Dragon (2010) (TMDb: 10191)                 |
[2022-07-08 02:27:30,448] [builder.py:2187]           [INFO]     | IMDB Top250 (2010年) Collection | ? | The Thing (1982) (TMDb: 1091)                                 |
[2022-07-08 02:27:30,908] [builder.py:2187]           [INFO]     | IMDB Top250 (2010年) Collection | ? | Ikiru (1952) (TMDb: 3782)                                     |
[2022-07-08 02:27:31,170] [builder.py:2187]           [INFO]     | IMDB Top250 (2010年) Collection | ? | Casino (1995) (TMDb: 524)                                     |
[2022-07-08 02:27:31,504] [builder.py:2187]           [INFO]     | IMDB Top250 (2010年) Collection | ? | V for Vendetta (2006) (TMDb: 752)                             |
[2022-07-08 02:27:31,781] [builder.py:2187]           [INFO]     | IMDB Top250 (2010年) Collection | ? | Twelve Monkeys (1995) (TMDb: 63)                              |
[2022-07-08 02:27:32,092] [builder.py:2187]           [INFO]     | IMDB Top250 (2010年) Collection | ? | The Wages of Fear (1953) (TMDb: 204)                          |
[2022-07-08 02:27:32,470] [builder.py:2187]           [INFO]     | IMDB Top250 (2010年) Collection | ? | Dog Day Afternoon (1975) (TMDb: 968)                          |
[2022-07-08 02:27:32,866] [builder.py:2187]           [INFO]     | IMDB Top250 (2010年) Collection | ? | The Secret in Their Eyes (2009) (TMDb: 25376)                 |
[2022-07-08 02:27:33,204] [builder.py:2187]           [INFO]     | IMDB Top250 (2010年) Collection | ? | Ratatouille (2007) (TMDb: 2062)                               |
[2022-07-08 02:27:33,483] [builder.py:2187]           [INFO]     | IMDB Top250 (2010年) Collection | ? | Diabolique (1955) (TMDb: 827)                                 |
[2022-07-08 02:27:33,488] [builder.py:2187]           [INFO]     | IMDB Top250 (2010年) Collection | ? | Gandhi (1982) (TMDb: 783)                                     |
[2022-07-08 02:27:33,959] [builder.py:2187]           [INFO]     | IMDB Top250 (2010年) Collection | ? | Star Trek (2009) (TMDb: 13475)                                |
[2022-07-08 02:27:34,370] [builder.py:2187]           [INFO]     | IMDB Top250 (2010年) Collection | ? | 8½ (1963) (TMDb: 422)                                         |
[2022-07-08 02:27:34,926] [builder.py:2187]           [INFO]     | IMDB Top250 (2010年) Collection | ? | The Princess Bride (1987) (TMDb: 2493)                        |
[2022-07-08 02:27:35,308] [builder.py:2187]           [INFO]     | IMDB Top250 (2010年) Collection | ? | Judgment at Nuremberg (1961) (TMDb: 821)                      |
[2022-07-08 02:27:35,675] [builder.py:2187]           [INFO]     | IMDB Top250 (2010年) Collection | ? | The Night of the Hunter (1955) (TMDb: 3112)                   |
[2022-07-08 02:27:36,304] [builder.py:2187]           [INFO]     | IMDB Top250 (2010年) Collection | ? | The Incredibles (2004) (TMDb: 9806)                           |
[2022-07-08 02:27:36,583] [builder.py:2187]           [INFO]     | IMDB Top250 (2010年) Collection | ? | The Hustler (1961) (TMDb: 990)                                |
[2022-07-08 02:27:36,941] [builder.py:2187]           [INFO]     | IMDB Top250 (2010年) Collection | ? | The Killing (1956) (TMDb: 247)                                |
[2022-07-08 02:27:37,266] [builder.py:2187]           [INFO]     | IMDB Top250 (2010年) Collection | ? | La Strada (1954) (TMDb: 405)                                  |
[2022-07-08 02:27:37,574] [builder.py:2187]           [INFO]     | IMDB Top250 (2010年) Collection | ? | Good Will Hunting (1997) (TMDb: 489)                          |
[2022-07-08 02:27:37,841] [builder.py:2187]           [INFO]     | IMDB Top250 (2010年) Collection | ? | Network (1976) (TMDb: 10774)                                  |
[2022-07-08 02:27:38,126] [builder.py:2187]           [INFO]     | IMDB Top250 (2010年) Collection | ? | The 400 Blows (1959) (TMDb: 147)                              |
[2022-07-08 02:27:38,500] [builder.py:2187]           [INFO]     | IMDB Top250 (2010年) Collection | ? | In Bruges (2008) (TMDb: 8321)                                 |
[2022-07-08 02:27:38,881] [builder.py:2187]           [INFO]     | IMDB Top250 (2010年) Collection | ? | True Grit (2010) (TMDb: 44264)                                |
[2022-07-08 02:27:39,299] [builder.py:2187]           [INFO]     | IMDB Top250 (2010年) Collection | ? | The Wild Bunch (1969) (TMDb: 576)                             |
[2022-07-08 02:27:39,692] [builder.py:2187]           [INFO]     | IMDB Top250 (2010年) Collection | ? | A Streetcar Named Desire (1951) (TMDb: 702)                   |
[2022-07-08 02:27:40,092] [builder.py:2187]           [INFO]     | IMDB Top250 (2010年) Collection | ? | The Battle of Algiers (1966) (TMDb: 17295)                    |
[2022-07-08 02:27:40,470] [builder.py:2187]           [INFO]     | IMDB Top250 (2010年) Collection | ? | The Diving Bell and the Butterfly (2007) (TMDb: 2013)         |
[2022-07-08 02:27:42,225] [builder.py:2187]           [INFO]     | IMDB Top250 (2010年) Collection | ? | Stalag 17 (1953) (TMDb: 632)                                  |
[2022-07-08 02:27:42,574] [builder.py:2187]           [INFO]     | IMDB Top250 (2010年) Collection | ? | The Exorcist (1973) (TMDb: 9552)                              |
[2022-07-08 02:27:42,882] [builder.py:2187]           [INFO]     | IMDB Top250 (2010年) Collection | ? | Persona (1966) (TMDb: 797)                                    |
[2022-07-08 02:27:43,192] [builder.py:2187]           [INFO]     | IMDB Top250 (2010年) Collection | ? | Who's Afraid of Virginia Woolf? (1966) (TMDb: 396)            |
[2022-07-08 02:27:43,516] [builder.py:2187]           [INFO]     | IMDB Top250 (2010年) Collection | ? | The Passion of Joan of Arc (1928) (TMDb: 780)                 |
[2022-07-08 02:27:43,937] [builder.py:2187]           [INFO]     | IMDB Top250 (2010年) Collection | ? | Children of Men (2006) (TMDb: 9693)                           |
[2022-07-08 02:27:44,292] [builder.py:2187]           [INFO]     | IMDB Top250 (2010年) Collection | ? | Kind Hearts and Coronets (1949) (TMDb: 11898)                 |
[2022-07-08 02:27:45,633] [builder.py:2187]           [INFO]     | IMDB Top250 (2010年) Collection | ? | Dial M for Murder (1954) (TMDb: 521)                          |
[2022-07-08 02:27:47,271] [builder.py:2187]           [INFO]     | IMDB Top250 (2010年) Collection | ? | Ed Wood (1994) (TMDb: 522)                                    |
[2022-07-08 02:27:47,581] [builder.py:2187]           [INFO]     | IMDB Top250 (2010年) Collection | ? | Fanny and Alexander (1982) (TMDb: 5961)                       |
[2022-07-08 02:27:47,973] [builder.py:2187]           [INFO]     | IMDB Top250 (2010年) Collection | ? | All Quiet on the Western Front (1930) (TMDb: 143)             |
[2022-07-08 02:27:48,574] [builder.py:2187]           [INFO]     | IMDB Top250 (2010年) Collection | ? | Let the Right One In (2008) (TMDb: 13310)                     |
[2022-07-08 02:27:48,940] [builder.py:2187]           [INFO]     | IMDB Top250 (2010年) Collection | ? | Rocky (1976) (TMDb: 1366)                                     |
[2022-07-08 02:27:49,315] [builder.py:2187]           [INFO]     | IMDB Top250 (2010年) Collection | ? | Big Fish (2003) (TMDb: 587)                                   |
[2022-07-08 02:27:49,748] [builder.py:2187]           [INFO]     | IMDB Top250 (2010年) Collection | ? | Magnolia (1999) (TMDb: 334)                                   |
[2022-07-08 02:27:50,107] [builder.py:2187]           [INFO]     | IMDB Top250 (2010年) Collection | ? | Manhattan (1979) (TMDb: 696)                                  |
[2022-07-08 02:27:50,426] [builder.py:2187]           [INFO]     | IMDB Top250 (2010年) Collection | ? | Mary and Max (2009) (TMDb: 24238)                             |
[2022-07-08 02:27:50,692] [builder.py:2187]           [INFO]     | IMDB Top250 (2010年) Collection | ? | Mystic River (2003) (TMDb: 322)                               |
[2022-07-08 02:27:51,007] [builder.py:2187]           [INFO]     | IMDB Top250 (2010年) Collection | ? | Barry Lyndon (1975) (TMDb: 3175)                              |
[2022-07-08 02:27:51,507] [builder.py:2187]           [INFO]     | IMDB Top250 (2010年) Collection | ? | The Celebration (1998) (TMDb: 309)                            |
[2022-07-08 02:27:52,048] [builder.py:2187]           [INFO]     | IMDB Top250 (2010年) Collection | ? | Kill Bill: Vol. 2 (2004) (TMDb: 393)                          |
[2022-07-08 02:27:52,459] [builder.py:2187]           [INFO]     | IMDB Top250 (2010年) Collection | ? | Rosemary's Baby (1968) (TMDb: 805)                            |
[2022-07-08 02:27:52,981] [builder.py:2187]           [INFO]     | IMDB Top250 (2010年) Collection | ? | Nights of Cabiria (1957) (TMDb: 19426)                        |
[2022-07-08 02:27:53,459] [builder.py:2187]           [INFO]     | IMDB Top250 (2010年) Collection | ? | Patton (1970) (TMDb: 11202)                                   |
[2022-07-08 02:27:53,998] [builder.py:2187]           [INFO]     | IMDB Top250 (2010年) Collection | ? | Duck Soup (1933) (TMDb: 3063)                                 |
[2022-07-08 02:27:54,359] [builder.py:2187]           [INFO]     | IMDB Top250 (2010年) Collection | ? | Roman Holiday (1953) (TMDb: 804)                              |
[2022-07-08 02:27:54,659] [builder.py:2187]           [INFO]     | IMDB Top250 (2010年) Collection | ? | His Girl Friday (1940) (TMDb: 3085)                           |
[2022-07-08 02:27:55,098] [builder.py:2187]           [INFO]     | IMDB Top250 (2010年) Collection | ? | The Truman Show (1998) (TMDb: 37165)                          |
[2022-07-08 02:27:55,514] [builder.py:2187]           [INFO]     | IMDB Top250 (2010年) Collection | ? | Infernal Affairs (2002) (TMDb: 10775)                         |
[2022-07-08 02:27:55,804] [builder.py:2187]           [INFO]     | IMDB Top250 (2010年) Collection | ? | Letters from Iwo Jima (2006) (TMDb: 1251)                     |
[2022-07-08 02:27:56,073] [builder.py:2187]           [INFO]     | IMDB Top250 (2010年) Collection | ? | Pirates of the Caribbean: The Curse of the Black Pearl (2003) (TMDb: 22) |
[2022-07-08 02:27:56,392] [builder.py:2187]           [INFO]     | IMDB Top250 (2010年) Collection | ? | The Philadelphia Story (1940) (TMDb: 981)                     |
[2022-07-08 02:27:56,792] [builder.py:2187]           [INFO]     | IMDB Top250 (2010年) Collection | ? | In the Mood for Love (2000) (TMDb: 843)                       |
[2022-07-08 02:27:57,092] [builder.py:2187]           [INFO]     | IMDB Top250 (2010年) Collection | ? | Arsenic and Old Lace (1944) (TMDb: 212)                       |
[2022-07-08 02:27:57,464] [builder.py:2187]           [INFO]     | IMDB Top250 (2010年) Collection | ? | Kick-Ass (2010) (TMDb: 23483)                                 |
[2022-07-08 02:27:58,006] [builder.py:2187]           [INFO]     | IMDB Top250 (2010年) Collection | ? | Harvey (1950) (TMDb: 11787)                                   |
[2022-07-08 02:27:58,348] [builder.py:2187]           [INFO]     | IMDB Top250 (2010年) Collection | ? | Sleuth (1972) (TMDb: 993)                                     |
[2022-07-08 02:27:58,659] [builder.py:2187]           [INFO]     | IMDB Top250 (2010年) Collection | ? | A Christmas Story (1983) (TMDb: 850)                          |
[2022-07-08 02:27:58,948] [builder.py:2187]           [INFO]     | IMDB Top250 (2010年) Collection | ? | Crash (2005) (TMDb: 1640)                                     |
[2022-07-08 02:27:59,348] [builder.py:2187]           [INFO]     | IMDB Top250 (2010年) Collection | ? | Sherlock Jr. (1924) (TMDb: 992)                               |
[2022-07-08 02:27:59,670] [builder.py:2187]           [INFO]     | IMDB Top250 (2010年) Collection | ? | Three Colors: Red (1994) (TMDb: 110)                          |
[2022-07-08 02:27:59,964] [builder.py:2187]           [INFO]     | IMDB Top250 (2010年) Collection | ? | The Man Who Shot Liberty Valance (1962) (TMDb: 11697)         |
[2022-07-08 02:28:00,281] [builder.py:2187]           [INFO]     | IMDB Top250 (2010年) Collection | ? | Spring, Summer, Fall, Winter... and Spring (2003) (TMDb: 113) |
[2022-07-08 02:28:00,648] [builder.py:2187]           [INFO]     | IMDB Top250 (2010年) Collection | ? | Rope (1948) (TMDb: 1580)                                      |
[2022-07-08 02:28:00,964] [builder.py:2187]           [INFO]     | IMDB Top250 (2010年) Collection | ? | Bringing Up Baby (1938) (TMDb: 900)                           |
[2022-07-08 02:28:00,965] [builder.py:2192]           [INFO]     |                                                                                                    |
[2022-07-08 02:28:00,965] [builder.py:2193]           [INFO]     | 244 Movies Missing                                                                                 |
[2022-07-08 02:28:00,984] [builder.py:2383]           [INFO]     |                                                                                                    |
[2022-07-08 02:28:00,985] [builder.py:2384]           [INFO]     |======================== Updating Details of IMDB Top250 (2010年) Collection ========================|
[2022-07-08 02:28:00,986] [builder.py:2385]           [INFO]     |                                                                                                    |
[2022-07-08 02:28:00,986] [builder.py:2446]           [INFO]     | Collection Metadata Edits                                                                          |
[2022-07-08 02:28:00,987] [util.py:150]               [DEBUG]    | 1 poster found:                                                                                    |
[2022-07-08 02:28:00,987] [util.py:152]               [DEBUG]    | Method: url_poster Poster: http://1.bp.blogspot.com/-xXABqhqTx3Q/UO-yBML_2MI/AAAAAAAAA74/A930nVncOPI/s1600/imdb-feature.jpg |
[2022-07-08 02:28:00,990] [library.py:155]            [INFO]     | Detail: poster update not needed                                                                   |
[2022-07-08 02:28:01,136] [builder.py:2529]           [INFO]     |                                                                                                    |
[2022-07-08 02:28:01,137] [builder.py:2530]           [INFO]     |============================== Sorting IMDB Top250 (2010年) Collection ==============================|
[2022-07-08 02:28:01,137] [builder.py:2531]           [INFO]     |                                                                                                    |
[2022-07-08 02:28:01,138] [builder.py:2547]           [INFO]     | Moving 萤火虫之墓 (1988) after 幽灵公主 (1997)                                                              |
[2022-07-08 02:28:01,423] [builder.py:2547]           [INFO]     | Moving 龙猫 (1988) after 萤火虫之墓 (1988)                                                                |
[2022-07-08 02:28:01,470] [builder.py:2547]           [INFO]     | Moving 哈尔的移动城堡 (2004) after 龙猫 (1988)                                                              |
[2022-07-08 02:28:01,514] [plex_meta_manager.py:674]  [INFO]     |                                                                                                    |
[2022-07-08 02:28:01,515] [plex_meta_manager.py:675]  [INFO]     |====================================================================================================|
[2022-07-08 02:28:01,516] [plex_meta_manager.py:675]  [INFO]     |                              Finished IMDB Top250 (2010年) Collection                               |
[2022-07-08 02:28:01,516] [plex_meta_manager.py:675]  [INFO]     |                                    Collection Run Time: 0:01:33                                    |
[2022-07-08 02:28:01,516] [plex_meta_manager.py:675]  [INFO]     |====================================================================================================|
