[2022-07-08 01:55:41,847] [builder.py:185]            [INFO]     |====================================================================================================|
[2022-07-08 01:55:41,848] [builder.py:185]            [INFO]     |                               IMDb Lowest Rated Collection in Movies                               |
[2022-07-08 01:55:41,848] [builder.py:185]            [INFO]     |====================================================================================================|
[2022-07-08 01:55:41,848] [builder.py:186]            [INFO]     |                                                                                                    |
[2022-07-08 01:55:41,849] [builder.py:191]            [INFO]     |============================= Validating IMDb Lowest Rated Attributes ==============================|
[2022-07-08 01:55:41,849] [builder.py:212]            [DEBUG]    |                                                                                                    |
[2022-07-08 01:55:41,850] [builder.py:213]            [DEBUG]    | Validating Method: template                                                                        |
[2022-07-08 01:55:41,850] [meta.py:103]               [DEBUG]    | Value: [ordereddict([('name', 'chart_shared'), ('key', 'lowest'), ('check_library', 'movie')])]    |
[2022-07-08 01:55:41,854] [builder.py:221]            [DEBUG]    |                                                                                                    |
[2022-07-08 01:55:41,855] [builder.py:222]            [DEBUG]    | Validating Method: allowed_library_types                                                           |
[2022-07-08 01:55:41,855] [builder.py:225]            [DEBUG]    | Value: ['movie']                                                                                   |
[2022-07-08 01:55:41,855] [builder.py:437]            [DEBUG]    |                                                                                                    |
[2022-07-08 01:55:41,856] [builder.py:438]            [DEBUG]    | Validating Method: sync_mode                                                                       |
[2022-07-08 01:55:41,856] [builder.py:442]            [DEBUG]    | Value: sync                                                                                        |
[2022-07-08 01:55:41,856] [builder.py:582]            [DEBUG]    |                                                                                                    |
[2022-07-08 01:55:41,857] [builder.py:583]            [DEBUG]    | Validating Method: collection_order                                                                |
[2022-07-08 01:55:41,857] [builder.py:584]            [DEBUG]    | Value: custom                                                                                      |
[2022-07-08 01:55:41,857] [builder.py:600]            [DEBUG]    |                                                                                                    |
[2022-07-08 01:55:41,857] [builder.py:604]            [DEBUG]    | Validating Method: imdb_chart                                                                      |
[2022-07-08 01:55:41,858] [builder.py:605]            [DEBUG]    | Value: lowest_rated                                                                                |
[2022-07-08 01:55:41,858] [builder.py:600]            [DEBUG]    |                                                                                                    |
[2022-07-08 01:55:41,858] [builder.py:604]            [DEBUG]    | Validating Method: sort_title                                                                      |
[2022-07-08 01:55:41,859] [builder.py:605]            [DEBUG]    | Value: !01_IMDb Lowest Rated                                                                       |
[2022-07-08 01:55:41,859] [builder.py:600]            [DEBUG]    |                                                                                                    |
[2022-07-08 01:55:41,860] [builder.py:604]            [DEBUG]    | Validating Method: url_poster                                                                      |
[2022-07-08 01:55:41,860] [builder.py:605]            [DEBUG]    | Value: https://raw.githubusercontent.com/meisnate12/Plex-Meta-Manager-Images/master/chart/IMDb%20Lowest%20Rated.jpg |
[2022-07-08 01:55:42,373] [plex.py:742]               [DEBUG]    |                                                                                                    |
[2022-07-08 01:55:42,373] [plex.py:745]               [DEBUG]    | Looking for: IMDb Lowest Rated                                                                     |
[2022-07-08 01:55:42,374] [builder.py:764]            [INFO]     |                                                                                                    |
[2022-07-08 01:55:42,374] [builder.py:765]            [INFO]     | Validation Successful                                                                              |
[2022-07-08 01:55:42,375] [plex_meta_manager.py:539]  [INFO]     |                                                                                                    |
[2022-07-08 01:55:42,375] [plex_meta_manager.py:541]  [INFO]     |=============================== Running IMDb Lowest Rated Collection ===============================|
[2022-07-08 01:55:42,376] [plex_meta_manager.py:553]  [INFO]     |                                                                                                    |
[2022-07-08 01:55:42,376] [plex_meta_manager.py:554]  [INFO]     | Sync Mode: sync                                                                                    |
[2022-07-08 01:55:42,376] [plex_meta_manager.py:557]  [DEBUG]    |                                                                                                    |
[2022-07-08 01:55:42,377] [plex_meta_manager.py:558]  [DEBUG]    | Builder: imdb_chart: lowest_rated                                                                  |
[2022-07-08 01:55:42,377] [plex_meta_manager.py:559]  [INFO]     |                                                                                                    |
[2022-07-08 01:55:42,377] [imdb.py:178]               [INFO]     | Processing IMDb Chart: Lowest Rated Movies                                                         |
[2022-07-08 01:55:43,674] [builder.py:1507]           [DEBUG]    |                                                                                                    |
[2022-07-08 01:55:43,675] [builder.py:1508]           [DEBUG]    | 100 IDs Found: [('tt1213644', 'imdb'), ('tt0060666', 'imdb'), ('tt0270846', 'imdb'), ('tt1316037', 'imdb'), ('tt0804492', 'imdb'), ('tt0317676', 'imdb'), ('tt0362165', 'imdb'), ('tt4009460', 'imdb'), ('tt0799949', 'imdb'), ('tt0185183', 'imdb'), ('tt0417056', 'imdb'), ('tt0369226', 'imdb'), ('tt10888594', 'imdb'), ('tt1098327', 'imdb'), ('tt0339034', 'imdb'), ('tt0096870', 'imdb'), ('tt1073498', 'imdb'), ('tt0808240', 'imdb'), ('tt0299930', 'imdb'), ('tt7431594', 'imdb'), ('tt0249516', 'imdb'), ('tt0466342', 'imdb'), ('tt5697572', 'imdb'), ('tt0118665', 'imdb'), ('tt0118589', 'imdb'), ('tt0421051', 'imdb'), ('tt0093300', 'imdb'), ('tt0105643', 'imdb'), ('tt0383222', 'imdb'), ('tt0089280', 'imdb'), ('tt1883367', 'imdb'), ('tt11762434', 'imdb'), ('tt2467046', 'imdb'), ('tt10886166', 'imdb'), ('tt0785077', 'imdb'), ('tt0810913', 'imdb'), ('tt0246894', 'imdb'), ('tt0327554', 'imdb'), ('tt0116756', 'imdb'), ('tt0058548', 'imdb'), ('tt5690360', 'imdb'), ('tt12996154', 'imdb'), ('tt7668842', 'imdb'), ('tt4877122', 'imdb'), ('tt1666186', 'imdb'), ('tt14723224', 'imdb'), ('tt0120207', 'imdb'), ('tt2403029', 'imdb'), ('tt7608028', 'imdb'), ('tt0795461', 'imdb'), ('tt1572311', 'imdb'), ('tt0329028', 'imdb'), ('tt0110978', 'imdb'), ('tt0368226', 'imdb'), ('tt2574698', 'imdb'), ('tt0804452', 'imdb'), ('tt0295427', 'imdb'), ('tt7255568', 'imdb'), ('tt0110857', 'imdb'), ('tt0462244', 'imdb'), ('tt10350922', 'imdb'), ('tt0065832', 'imdb'), ('tt0115624', 'imdb'), ('tt9820556', 'imdb'), ('tt0400426', 'imdb'), ('tt0119707', 'imdb'), ('tt0118539', 'imdb'), ('tt0295254', 'imdb'), ('tt0118688', 'imdb'), ('tt0275022', 'imdb'), ('tt0120185', 'imdb'), ('tt4667094', 'imdb'), ('tt0110647', 'imdb'), ('tt1517489', 'imdb'), ('tt0085750', 'imdb'), ('tt0094074', 'imdb'), ('tt0103923', 'imdb'), ('tt10481868', 'imdb'), ('tt0450345', 'imdb'), ('tt0432291', 'imdb'), ('tt0424774', 'imdb'), ('tt0095560', 'imdb'), ('tt0190374', 'imdb'), ('tt0372873', 'imdb'), ('tt1411664', 'imdb'), ('tt6038600', 'imdb'), ('tt0897361', 'imdb'), ('tt1714203', 'imdb'), ('tt8366590', 'imdb'), ('tt0811138', 'imdb'), ('tt0460780', 'imdb'), ('tt0158622', 'imdb'), ('tt0118661', 'imdb'), ('tt3138104', 'imdb'), ('tt0891592', 'imdb'), ('tt1185266', 'imdb'), ('tt0120179', 'imdb'), ('tt1530509', 'imdb'), ('tt0308208', 'imdb'), ('tt0094118', 'imdb')] |
[2022-07-08 01:55:43,676] [builder.py:1509]           [DEBUG]    |                                                                                                    |
[2022-07-08 01:55:52,805] [builder.py:2172]           [INFO]     |                                                                                                    |
[2022-07-08 01:55:52,811] [builder.py:2173]           [INFO]     |=============================== Missing Movies from Library: Movies ================================|
[2022-07-08 01:55:52,812] [builder.py:2174]           [INFO]     |                                                                                                    |
[2022-07-08 01:55:53,044] [builder.py:2187]           [INFO]     | IMDb Lowest Rated Collection | ? | Disaster Movie (2008) (TMDb: 13805)                             |
[2022-07-08 01:55:53,244] [builder.py:2187]           [INFO]     | IMDb Lowest Rated Collection | ? | Manos: The Hands of Fate (1966) (TMDb: 22293)                   |
[2022-07-08 01:55:53,444] [builder.py:2187]           [INFO]     | IMDb Lowest Rated Collection | ? | Superbabies: Baby Geniuses 2 (2004) (TMDb: 31117)               |
[2022-07-08 01:55:53,778] [builder.py:2187]           [INFO]     | IMDb Lowest Rated Collection | ? | Birdemic: Shock and Terror (2010) (TMDb: 40016)                 |
[2022-07-08 01:55:53,978] [builder.py:2187]           [INFO]     | IMDb Lowest Rated Collection | ? | The Hottie & The Nottie (2008) (TMDb: 63315)                    |
[2022-07-08 01:55:54,494] [builder.py:2187]           [INFO]     | IMDb Lowest Rated Collection | ? | House of the Dead (2003) (TMDb: 11059)                          |
[2022-07-08 01:55:54,689] [builder.py:2187]           [INFO]     | IMDb Lowest Rated Collection | ? | Son of the Mask (2005) (TMDb: 10214)                            |
[2022-07-08 01:55:54,900] [builder.py:2187]           [INFO]     | IMDb Lowest Rated Collection | ? | Saving Christmas (2014) (TMDb: 295884)                          |
[2022-07-08 01:55:55,100] [builder.py:2187]           [INFO]     | IMDb Lowest Rated Collection | ? | Epic Movie (2007) (TMDb: 9760)                                  |
[2022-07-08 01:55:55,300] [builder.py:2187]           [INFO]     | IMDb Lowest Rated Collection | ? | Battlefield Earth (2000) (TMDb: 5491)                           |
[2022-07-08 01:55:55,522] [builder.py:2187]           [INFO]     | IMDb Lowest Rated Collection | ? | Pledge This! (2006) (TMDb: 19213)                               |
[2022-07-08 01:55:55,989] [builder.py:2187]           [INFO]     | IMDb Lowest Rated Collection | ? | Alone in the Dark (2005) (TMDb: 12142)                          |
[2022-07-08 01:55:55,994] [builder.py:2187]           [INFO]     | IMDb Lowest Rated Collection | ? | Radhe (2021) (TMDb: 679844)                                     |
[2022-07-08 01:55:56,167] [builder.py:2187]           [INFO]     | IMDb Lowest Rated Collection | ? | Dragonball Evolution (2009) (TMDb: 14164)                       |
[2022-07-08 01:55:56,356] [builder.py:2187]           [INFO]     | IMDb Lowest Rated Collection | ? | From Justin to Kelly (2003) (TMDb: 31246)                       |
[2022-07-08 01:55:56,511] [builder.py:2187]           [INFO]     | IMDb Lowest Rated Collection | ? | Going Overboard (1989) (TMDb: 19157)                            |
[2022-07-08 01:55:56,785] [builder.py:2187]           [INFO]     | IMDb Lowest Rated Collection | ? | Meet the Spartans (2008) (TMDb: 7278)                           |
[2022-07-08 01:55:57,027] [builder.py:2187]           [INFO]     | IMDb Lowest Rated Collection | ? | Turks in Space (2006) (TMDb: 31279)                             |
[2022-07-08 01:55:57,222] [builder.py:2187]           [INFO]     | IMDb Lowest Rated Collection | ? | Gigli (2003) (TMDb: 8046)                                       |
[2022-07-08 01:55:57,400] [builder.py:2187]           [INFO]     | IMDb Lowest Rated Collection | ? | Race 3 (2018) (TMDb: 496320)                                    |
[2022-07-08 01:55:57,600] [builder.py:2187]           [INFO]     | IMDb Lowest Rated Collection | ? | Foodfight! (2012) (TMDb: 116977)                                |
[2022-07-08 01:55:57,800] [builder.py:2187]           [INFO]     | IMDb Lowest Rated Collection | ? | Date Movie (2006) (TMDb: 10073)                                 |
[2022-07-08 01:55:57,989] [builder.py:2187]           [INFO]     | IMDb Lowest Rated Collection | ? | Cats (2019) (TMDb: 536869)                                      |
[2022-07-08 01:55:58,189] [builder.py:2187]           [INFO]     | IMDb Lowest Rated Collection | ? | Baby Geniuses (1999) (TMDb: 22345)                              |
[2022-07-08 01:55:58,444] [builder.py:2187]           [INFO]     | IMDb Lowest Rated Collection | ? | Glitter (2001) (TMDb: 10696)                                    |
[2022-07-08 01:55:58,622] [builder.py:2187]           [INFO]     | IMDb Lowest Rated Collection | ? | Daniel, the Wizard (2004) (TMDb: 9596)                          |
[2022-07-08 01:55:58,844] [builder.py:2187]           [INFO]     | IMDb Lowest Rated Collection | ? | Jaws: The Revenge (1987) (TMDb: 580)                            |
[2022-07-08 01:55:58,849] [builder.py:2187]           [INFO]     | IMDb Lowest Rated Collection | ? | Troll 2 (1990) (TMDb: 26914)                                    |
[2022-07-08 01:55:59,027] [builder.py:2187]           [INFO]     | IMDb Lowest Rated Collection | ? | BloodRayne (2005) (TMDb: 168705)                                |
[2022-07-08 01:55:59,494] [builder.py:2187]           [INFO]     | IMDb Lowest Rated Collection | ? | Hobgoblins (1988) (TMDb: 31245)                                 |
[2022-07-08 01:55:59,778] [builder.py:2187]           [INFO]     | IMDb Lowest Rated Collection | ? | The Human Centipede 3 (Final Sequence) (2015) (TMDb: 94365)     |
[2022-07-08 01:56:00,156] [builder.py:2187]           [INFO]     | IMDb Lowest Rated Collection | ? | Cosmic Sin (2021) (TMDb: 681887)                                |
[2022-07-08 01:56:00,352] [builder.py:2187]           [INFO]     | IMDb Lowest Rated Collection | ? | Left Behind (2014) (TMDb: 218043)                               |
[2022-07-08 01:56:00,544] [builder.py:2187]           [INFO]     | IMDb Lowest Rated Collection | ? | 365 Days (2020) (TMDb: 664413)                                  |
[2022-07-08 01:56:00,702] [builder.py:2187]           [INFO]     | IMDb Lowest Rated Collection | ? | Who's Your Caddy? (2007) (TMDb: 15581)                          |
[2022-07-08 01:56:00,878] [builder.py:2187]           [INFO]     | IMDb Lowest Rated Collection | ? | Jack and Jill (2011) (TMDb: 71880)                              |
[2022-07-08 01:56:01,060] [builder.py:2187]           [INFO]     | IMDb Lowest Rated Collection | ? | Rollerball (2002) (TMDb: 11535)                                 |
[2022-07-08 01:56:01,244] [builder.py:2187]           [INFO]     | IMDb Lowest Rated Collection | ? | Catwoman (2004) (TMDb: 314)                                     |
[2022-07-08 01:56:01,433] [builder.py:2187]           [INFO]     | IMDb Lowest Rated Collection | ? | Kazaam (1996) (TMDb: 11511)                                     |
[2022-07-08 01:56:01,611] [builder.py:2187]           [INFO]     | IMDb Lowest Rated Collection | ? | Santa Claus Conquers the Martians (1964) (TMDb: 32307)          |
[2022-07-08 01:56:01,616] [builder.py:2187]           [INFO]     | IMDb Lowest Rated Collection | ? | Slender Man (2018) (TMDb: 439015)                               |
[2022-07-08 01:56:01,789] [builder.py:2187]           [INFO]     | IMDb Lowest Rated Collection | ? | 365 Days: This Day (2022) (TMDb: 829557)                        |
[2022-07-08 01:56:02,878] [builder.py:2187]           [INFO]     | IMDb Lowest Rated Collection | ? | Enes Batur (2018) (TMDb: 495339)                                |
[2022-07-08 01:56:03,144] [builder.py:2187]           [INFO]     | IMDb Lowest Rated Collection | ? | The Emoji Movie (2017) (TMDb: 378236)                           |
[2022-07-08 01:56:03,622] [builder.py:2187]           [INFO]     | IMDb Lowest Rated Collection | ? | Vampires Suck (2010) (TMDb: 40264)                              |
[2022-07-08 01:56:03,800] [builder.py:2187]           [INFO]     | IMDb Lowest Rated Collection | ? | The Cost of Deception (2021) (TMDb: 876671)                     |
[2022-07-08 01:56:04,026] [builder.py:2187]           [INFO]     | IMDb Lowest Rated Collection | ? | Steel (1997) (TMDb: 8854)                                       |
[2022-07-08 01:56:04,193] [builder.py:2187]           [INFO]     | IMDb Lowest Rated Collection | ? | The Starving Games (2013) (TMDb: 225703)                        |
[2022-07-08 01:56:04,401] [builder.py:2187]           [INFO]     | IMDb Lowest Rated Collection | ? | The Open House (2018) (TMDb: 485774)                            |
[2022-07-08 01:56:04,585] [builder.py:2187]           [INFO]     | IMDb Lowest Rated Collection | ? | Scary Movie 5 (2013) (TMDb: 4258)                               |
[2022-07-08 01:56:04,778] [builder.py:2187]           [INFO]     | IMDb Lowest Rated Collection | ? | Tees Maar Khan (2010) (TMDb: 46040)                             |
[2022-07-08 01:56:05,001] [builder.py:2187]           [INFO]     | IMDb Lowest Rated Collection | ? | Dumb and Dumberer: When Harry Met Lloyd (2003) (TMDb: 10152)    |
[2022-07-08 01:56:05,468] [builder.py:2187]           [INFO]     | IMDb Lowest Rated Collection | ? | The Return of the Texas Chainsaw Massacre (1995) (TMDb: 16780)  |
[2022-07-08 01:56:06,469] [builder.py:2187]           [INFO]     | IMDb Lowest Rated Collection | ? | The Room (2003) (TMDb: 17473)                                   |
[2022-07-08 01:56:06,645] [builder.py:2187]           [INFO]     | IMDb Lowest Rated Collection | ? | Gunday (2014) (TMDb: 250551)                                    |
[2022-07-08 01:56:06,844] [builder.py:2187]           [INFO]     | IMDb Lowest Rated Collection | ? | Bratz (2007) (TMDb: 14123)                                      |
[2022-07-08 01:56:07,022] [builder.py:2187]           [INFO]     | IMDb Lowest Rated Collection | ? | The Master of Disguise (2002) (TMDb: 13908)                     |
[2022-07-08 01:56:07,200] [builder.py:2187]           [INFO]     | IMDb Lowest Rated Collection | ? | Student of the Year 2 (2019) (TMDb: 503129)                     |
[2022-07-08 01:56:07,622] [builder.py:2187]           [INFO]     | IMDb Lowest Rated Collection | ? | Police Academy: Mission to Moscow (1994) (TMDb: 11546)          |
[2022-07-08 01:56:07,801] [builder.py:2187]           [INFO]     | IMDb Lowest Rated Collection | ? | Daddy Day Camp (2007) (TMDb: 14144)                             |
[2022-07-08 01:56:07,978] [builder.py:2187]           [INFO]     | IMDb Lowest Rated Collection | ? | Laxmii (2020) (TMDb: 603673)                                    |
[2022-07-08 01:56:08,226] [builder.py:2187]           [INFO]     | IMDb Lowest Rated Collection | ? | Hercules in New York (1970) (TMDb: 5227)                        |
[2022-07-08 01:56:08,231] [builder.py:2187]           [INFO]     | IMDb Lowest Rated Collection | ? | Barb Wire (1996) (TMDb: 11867)                                  |
[2022-07-08 01:56:09,446] [builder.py:2187]           [INFO]     | IMDb Lowest Rated Collection | ? | Breach (2020) (TMDb: 651571)                                    |
[2022-07-08 01:56:10,568] [builder.py:2187]           [INFO]     | IMDb Lowest Rated Collection | ? | Far Cry (2008) (TMDb: 7916)                                     |
[2022-07-08 01:56:10,744] [builder.py:2187]           [INFO]     | IMDb Lowest Rated Collection | ? | Mortal Kombat: Annihilation (1997) (TMDb: 9823)                 |
[2022-07-08 01:56:11,168] [builder.py:2187]           [INFO]     | IMDb Lowest Rated Collection | ? | 3 Ninjas: High Noon at Mega Mountain (1998) (TMDb: 32302)       |
[2022-07-08 01:56:11,173] [builder.py:2187]           [INFO]     | IMDb Lowest Rated Collection | ? | FearDotCom (2002) (TMDb: 9544)                                  |
[2022-07-08 01:56:11,651] [builder.py:2187]           [INFO]     | IMDb Lowest Rated Collection | ? | Batman & Robin (1997) (TMDb: 415)                               |
[2022-07-08 01:56:11,901] [builder.py:2187]           [INFO]     | IMDb Lowest Rated Collection | ? | Crossroads (2002) (TMDb: 17130)                                 |
[2022-07-08 01:56:12,059] [builder.py:2187]           [INFO]     | IMDb Lowest Rated Collection | ? | Spice World (1997) (TMDb: 6116)                                 |
[2022-07-08 01:56:13,185] [builder.py:2187]           [INFO]     | IMDb Lowest Rated Collection | ? | Fifty Shades of Black (2016) (TMDb: 351819)                     |
[2022-07-08 01:56:13,378] [builder.py:2187]           [INFO]     | IMDb Lowest Rated Collection | ? | The NeverEnding Story III (1994) (TMDb: 27793)                  |
[2022-07-08 01:56:13,555] [builder.py:2187]           [INFO]     | IMDb Lowest Rated Collection | ? | Spy Kids: All the Time in the World (2011) (TMDb: 56288)        |
[2022-07-08 01:56:14,000] [builder.py:2187]           [INFO]     | IMDb Lowest Rated Collection | ? | Jaws 3-D (1983) (TMDb: 17692)                                   |
[2022-07-08 01:56:14,234] [builder.py:2187]           [INFO]     | IMDb Lowest Rated Collection | ? | Superman IV: The Quest for Peace (1987) (TMDb: 11411)           |
[2022-07-08 01:56:14,411] [builder.py:2187]           [INFO]     | IMDb Lowest Rated Collection | ? | Captain America (1990) (TMDb: 13995)                            |
[2022-07-08 01:56:15,635] [builder.py:2187]           [INFO]     | IMDb Lowest Rated Collection | ? | Black Christmas (2019) (TMDb: 551808)                           |
[2022-07-08 01:56:15,855] [builder.py:2187]           [INFO]     | IMDb Lowest Rated Collection | ? | The Wicker Man (2006) (TMDb: 9708)                              |
[2022-07-08 01:56:16,025] [builder.py:2187]           [INFO]     | IMDb Lowest Rated Collection | ? | The Fog (2005) (TMDb: 791)                                      |
[2022-07-08 01:56:16,192] [builder.py:2187]           [INFO]     | IMDb Lowest Rated Collection | ? | The Adventures of Sharkboy and Lavagirl (2005) (TMDb: 14199)    |
[2022-07-08 01:56:16,384] [builder.py:2187]           [INFO]     | IMDb Lowest Rated Collection | ? | Mac and Me (1988) (TMDb: 20196)                                 |
[2022-07-08 01:56:16,534] [builder.py:2187]           [INFO]     | IMDb Lowest Rated Collection | ? | Dungeons & Dragons (2000) (TMDb: 11849)                         |
[2022-07-08 01:56:16,744] [builder.py:2187]           [INFO]     | IMDb Lowest Rated Collection | ? | Dragon Wars (2007) (TMDb: 10253)                                |
[2022-07-08 01:56:16,900] [builder.py:2187]           [INFO]     | IMDb Lowest Rated Collection | ? | Bucky Larson: Born to Be a Star (2011) (TMDb: 67911)            |
[2022-07-08 01:56:17,823] [builder.py:2187]           [INFO]     | IMDb Lowest Rated Collection | ? | Smolensk (2016) (TMDb: 415861)                                  |
[2022-07-08 01:56:18,000] [builder.py:2187]           [INFO]     | IMDb Lowest Rated Collection | ? | I Know Who Killed Me (2007) (TMDb: 5857)                        |
[2022-07-08 01:56:18,167] [builder.py:2187]           [INFO]     | IMDb Lowest Rated Collection | ? | Piranha 3DD (2012) (TMDb: 71668)                                |
[2022-07-08 01:56:18,378] [builder.py:2187]           [INFO]     | IMDb Lowest Rated Collection | ? | Baaghi 3 (2020) (TMDb: 594669)                                  |
[2022-07-08 01:56:18,967] [builder.py:2187]           [INFO]     | IMDb Lowest Rated Collection | ? | The Love Guru (2008) (TMDb: 12177)                              |
[2022-07-08 01:56:19,211] [builder.py:2187]           [INFO]     | IMDb Lowest Rated Collection | ? | In the Name of the King: A Dungeon Siege Tale (2007) (TMDb: 2312) |
[2022-07-08 01:56:19,767] [builder.py:2187]           [INFO]     | IMDb Lowest Rated Collection | ? | The Flintstones in Viva Rock Vegas (2000) (TMDb: 889)           |
[2022-07-08 01:56:20,078] [builder.py:2187]           [INFO]     | IMDb Lowest Rated Collection | ? | The Avengers (1998) (TMDb: 9320)                                |
[2022-07-08 01:56:20,317] [builder.py:2187]           [INFO]     | IMDb Lowest Rated Collection | ? | The Hungover Games (2014) (TMDb: 244688)                        |
[2022-07-08 01:56:20,525] [builder.py:2187]           [INFO]     | IMDb Lowest Rated Collection | ? | Street Fighter: The Legend of Chun-Li (2009) (TMDb: 15268)      |
[2022-07-08 01:56:20,760] [builder.py:2187]           [INFO]     | IMDb Lowest Rated Collection | ? | Stan Helsing (2009) (TMDb: 23988)                               |
[2022-07-08 01:56:21,067] [builder.py:2187]           [INFO]     | IMDb Lowest Rated Collection | ? | Speed 2: Cruise Control (1997) (TMDb: 1639)                     |
[2022-07-08 01:56:21,278] [builder.py:2187]           [INFO]     | IMDb Lowest Rated Collection | ? | The Human Centipede 2 (Full Sequence) (2011) (TMDb: 74997)      |
[2022-07-08 01:56:21,511] [builder.py:2187]           [INFO]     | IMDb Lowest Rated Collection | ? | Ballistic: Ecks vs. Sever (2002) (TMDb: 10550)                  |
[2022-07-08 01:56:21,517] [builder.py:2187]           [INFO]     | IMDb Lowest Rated Collection | ? | Teen Wolf Too (1987) (TMDb: 15582)                              |
[2022-07-08 01:56:21,518] [builder.py:2192]           [INFO]     |                                                                                                    |
[2022-07-08 01:56:21,518] [builder.py:2193]           [INFO]     | 100 Movies Missing                                                                                 |
[2022-07-08 01:56:21,519] [plex_meta_manager.py:593]  [INFO]     |                                                                                                    |
[2022-07-08 01:56:21,519] [plex_meta_manager.py:594]  [INFO]     | Collection Minimum: 3 not met for IMDb Lowest Rated Collection                                     |
[2022-07-08 01:56:21,520] [plex_meta_manager.py:674]  [INFO]     |                                                                                                    |
[2022-07-08 01:56:21,521] [plex_meta_manager.py:675]  [INFO]     |====================================================================================================|
[2022-07-08 01:56:21,521] [plex_meta_manager.py:675]  [INFO]     |                               Finished IMDb Lowest Rated Collection                                |
[2022-07-08 01:56:21,522] [plex_meta_manager.py:675]  [INFO]     |                                    Collection Run Time: 0:00:39                                    |
[2022-07-08 01:56:21,522] [plex_meta_manager.py:675]  [INFO]     |====================================================================================================|
