[2022-07-08 03:27:14,001] [builder.py:185]            [INFO]     |====================================================================================================|
[2022-07-08 03:27:14,002] [builder.py:185]            [INFO]     |                                        Oscar历年最佳电影 Playlist                                        |
[2022-07-08 03:27:14,003] [builder.py:185]            [INFO]     |====================================================================================================|
[2022-07-08 03:27:14,003] [builder.py:186]            [INFO]     |                                                                                                    |
[2022-07-08 03:27:14,004] [builder.py:191]            [INFO]     |================================ Validating Oscar历年最佳电影 Attributes =================================|
[2022-07-08 03:27:14,004] [builder.py:212]            [DEBUG]    |                                                                                                    |
[2022-07-08 03:27:14,005] [builder.py:213]            [DEBUG]    | Validating Method: template                                                                        |
[2022-07-08 03:27:14,005] [meta.py:103]               [DEBUG]    | Value: [ordereddict([('name', 'playlist')])]                                                       |
[2022-07-08 03:27:14,006] [builder.py:259]            [DEBUG]    |                                                                                                    |
[2022-07-08 03:27:14,007] [builder.py:260]            [DEBUG]    | Validating Method: libraries                                                                       |
[2022-07-08 03:27:14,007] [builder.py:263]            [DEBUG]    | Value: Movies, 亚洲电影                                                                                |
[2022-07-08 03:27:14,008] [builder.py:272]            [DEBUG]    |                                                                                                    |
[2022-07-08 03:27:14,008] [builder.py:273]            [DEBUG]    | Validating Method: sync_to_users                                                                   |
[2022-07-08 03:27:14,008] [builder.py:274]            [DEBUG]    | Value: all                                                                                         |
[2022-07-08 03:27:14,009] [builder.py:437]            [DEBUG]    |                                                                                                    |
[2022-07-08 03:27:14,009] [builder.py:438]            [DEBUG]    | Validating Method: sync_mode                                                                       |
[2022-07-08 03:27:14,010] [builder.py:442]            [DEBUG]    | Value: sync                                                                                        |
[2022-07-08 03:27:14,010] [builder.py:600]            [DEBUG]    |                                                                                                    |
[2022-07-08 03:27:14,011] [builder.py:604]            [DEBUG]    | Validating Method: trakt_list                                                                      |
[2022-07-08 03:27:14,011] [builder.py:605]            [DEBUG]    | Value: https://trakt.tv/users/bpsim/lists/oscars-best-picture                                      |
[2022-07-08 03:27:14,299] [builder.py:600]            [DEBUG]    |                                                                                                    |
[2022-07-08 03:27:14,300] [builder.py:604]            [DEBUG]    | Validating Method: summary                                                                         |
[2022-07-08 03:27:14,301] [builder.py:605]            [DEBUG]    | Value: Oscar's best picture of the year.                                                           |
[2022-07-08 03:27:14,301] [builder.py:600]            [DEBUG]    |                                                                                                    |
[2022-07-08 03:27:14,301] [builder.py:604]            [DEBUG]    | Validating Method: url_poster                                                                      |
[2022-07-08 03:27:14,302] [builder.py:605]            [DEBUG]    | Value: https://m.media-amazon.com/images/I/81nuEa5PnnL._AC_SL1500_.jpg                             |
[2022-07-08 03:27:14,595] [builder.py:600]            [DEBUG]    |                                                                                                    |
[2022-07-08 03:27:14,596] [builder.py:604]            [DEBUG]    | Validating Method: cache_builders                                                                  |
[2022-07-08 03:27:14,596] [builder.py:605]            [DEBUG]    | Value: 1                                                                                           |
[2022-07-08 03:27:16,225] [builder.py:764]            [INFO]     |                                                                                                    |
[2022-07-08 03:27:16,226] [builder.py:765]            [INFO]     | Validation Successful                                                                              |
[2022-07-08 03:27:16,227] [plex_meta_manager.py:713]  [INFO]     |                                                                                                    |
[2022-07-08 03:27:16,227] [plex_meta_manager.py:715]  [INFO]     |=================================== Running Oscar历年最佳电影 Playlist ===================================|
[2022-07-08 03:27:16,228] [plex_meta_manager.py:723]  [INFO]     |                                                                                                    |
[2022-07-08 03:27:16,228] [plex_meta_manager.py:724]  [INFO]     | Sync Mode: sync                                                                                    |
[2022-07-08 03:27:16,228] [plex_meta_manager.py:727]  [DEBUG]    |                                                                                                    |
[2022-07-08 03:27:16,229] [plex_meta_manager.py:728]  [DEBUG]    | Builder: trakt_list: https://trakt.tv/users/bpsim/lists/oscars-best-picture                        |
[2022-07-08 03:27:16,229] [plex_meta_manager.py:729]  [INFO]     |                                                                                                    |
[2022-07-08 03:27:16,232] [trakt.py:482]              [INFO]     | Processing Trakt List: https://trakt.tv/users/bpsim/lists/oscars-best-picture                      |
[2022-07-08 03:27:17,188] [builder.py:1507]           [DEBUG]    |                                                                                                    |
[2022-07-08 03:27:17,189] [builder.py:1508]           [DEBUG]    | 94 IDs Found: [(776503, 'tmdb'), (581734, 'tmdb'), (496243, 'tmdb'), (490132, 'tmdb'), (399055, 'tmdb'), (376867, 'tmdb'), (314365, 'tmdb'), (194662, 'tmdb'), (76203, 'tmdb'), (68734, 'tmdb'), (74643, 'tmdb'), (45269, 'tmdb'), (12162, 'tmdb'), (12405, 'tmdb'), (6977, 'tmdb'), (1422, 'tmdb'), (1640, 'tmdb'), (70, 'tmdb'), (122, 'tmdb'), (1574, 'tmdb'), (453, 'tmdb'), (98, 'tmdb'), (14, 'tmdb'), (1934, 'tmdb'), (597, 'tmdb'), (409, 'tmdb'), (197, 'tmdb'), (13, 'tmdb'), (424, 'tmdb'), (33, 'tmdb'), (274, 'tmdb'), (581, 'tmdb'), (403, 'tmdb'), (380, 'tmdb'), (746, 'tmdb'), (792, 'tmdb'), (606, 'tmdb'), (279, 'tmdb'), (11050, 'tmdb'), (783, 'tmdb'), (9443, 'tmdb'), (16619, 'tmdb'), (12102, 'tmdb'), (11778, 'tmdb'), (703, 'tmdb'), (1366, 'tmdb'), (510, 'tmdb'), (240, 'tmdb'), (9277, 'tmdb'), (238, 'tmdb'), (1051, 'tmdb'), (11202, 'tmdb'), (3116, 'tmdb'), (17917, 'tmdb'), (10633, 'tmdb'), (874, 'tmdb'), (15121, 'tmdb'), (11113, 'tmdb'), (5769, 'tmdb'), (947, 'tmdb'), (1725, 'tmdb'), (284, 'tmdb'), (665, 'tmdb'), (17281, 'tmdb'), (826, 'tmdb'), (2897, 'tmdb'), (15919, 'tmdb'), (654, 'tmdb'), (11426, 'tmdb'), (27191, 'tmdb'), (2769, 'tmdb'), (705, 'tmdb'), (25430, 'tmdb'), (23383, 'tmdb'), (33667, 'tmdb'), (887, 'tmdb'), (28580, 'tmdb'), (17661, 'tmdb'), (289, 'tmdb'), (27367, 'tmdb'), (43266, 'tmdb'), (223, 'tmdb'), (770, 'tmdb'), (34106, 'tmdb'), (43278, 'tmdb'), (43277, 'tmdb'), (11085, 'tmdb'), (3078, 'tmdb'), (56164, 'tmdb'), (33680, 'tmdb'), (42861, 'tmdb'), (143, 'tmdb'), (65203, 'tmdb'), (28966, 'tmdb')] |
[2022-07-08 03:27:17,190] [builder.py:1509]           [DEBUG]    |                                                                                                    |
[2022-07-08 03:27:17,234] [builder.py:2009]           [INFO]     |                                                                                                    |
[2022-07-08 03:27:17,235] [builder.py:2010]           [INFO]     |================================== Adding to Oscar历年最佳电影 Playlist ==================================|
[2022-07-08 03:27:17,235] [builder.py:2011]           [INFO]     |                                                                                                    |
[2022-07-08 03:27:17,236] [builder.py:2025]           [INFO]     |  1/79 | Oscar历年最佳电影 Playlist | = | Nomadland (2020)                                                |
[2022-07-08 03:27:17,237] [builder.py:2025]           [INFO]     |  2/79 | Oscar历年最佳电影 Playlist | = | Argo (2012)                                                     |
[2022-07-08 03:27:17,237] [builder.py:2025]           [INFO]     |  3/79 | Oscar历年最佳电影 Playlist | = | The King's Speech (2010)                                        |
[2022-07-08 03:27:17,238] [builder.py:2025]           [INFO]     |  4/79 | Oscar历年最佳电影 Playlist | = | The Hurt Locker (2008)                                          |
[2022-07-08 03:27:17,238] [builder.py:2025]           [INFO]     |  5/79 | Oscar历年最佳电影 Playlist | = | Slumdog Millionaire (2008)                                      |
[2022-07-08 03:27:17,239] [builder.py:2025]           [INFO]     |  6/79 | Oscar历年最佳电影 Playlist | = | No Country for Old Men (2007)                                   |
[2022-07-08 03:27:17,240] [builder.py:2025]           [INFO]     |  7/79 | Oscar历年最佳电影 Playlist | = | The Departed (2006)                                             |
[2022-07-08 03:27:17,241] [builder.py:2025]           [INFO]     |  8/79 | Oscar历年最佳电影 Playlist | = | Crash (2004)                                                    |
[2022-07-08 03:27:17,241] [builder.py:2025]           [INFO]     |  9/79 | Oscar历年最佳电影 Playlist | = | Million Dollar Baby (2004)                                      |
[2022-07-08 03:27:17,242] [builder.py:2025]           [INFO]     | 10/79 | Oscar历年最佳电影 Playlist | = | The Lord of the Rings: The Return of the King (2003)            |
[2022-07-08 03:27:17,243] [builder.py:2025]           [INFO]     | 11/79 | Oscar历年最佳电影 Playlist | = | Chicago (2002)                                                  |
[2022-07-08 03:27:17,243] [builder.py:2025]           [INFO]     | 12/79 | Oscar历年最佳电影 Playlist | = | A Beautiful Mind (2001)                                         |
[2022-07-08 03:27:17,244] [builder.py:2025]           [INFO]     | 13/79 | Oscar历年最佳电影 Playlist | = | Gladiator (2000)                                                |
[2022-07-08 03:27:17,245] [builder.py:2025]           [INFO]     | 14/79 | Oscar历年最佳电影 Playlist | = | American Beauty (1999)                                          |
[2022-07-08 03:27:17,246] [builder.py:2025]           [INFO]     | 15/79 | Oscar历年最佳电影 Playlist | = | Shakespeare in Love (1998)                                      |
[2022-07-08 03:27:17,247] [builder.py:2025]           [INFO]     | 16/79 | Oscar历年最佳电影 Playlist | = | Titanic (1997)                                                  |
[2022-07-08 03:27:17,247] [builder.py:2025]           [INFO]     | 17/79 | Oscar历年最佳电影 Playlist | = | The English Patient (1996)                                      |
[2022-07-08 03:27:17,248] [builder.py:2025]           [INFO]     | 18/79 | Oscar历年最佳电影 Playlist | = | Braveheart (1995)                                               |
[2022-07-08 03:27:17,249] [builder.py:2025]           [INFO]     | 19/79 | Oscar历年最佳电影 Playlist | = | Forrest Gump (1994)                                             |
[2022-07-08 03:27:17,250] [builder.py:2025]           [INFO]     | 20/79 | Oscar历年最佳电影 Playlist | = | Schindler's List (1993)                                         |
[2022-07-08 03:27:17,251] [builder.py:2025]           [INFO]     | 21/79 | Oscar历年最佳电影 Playlist | = | Unforgiven (1992)                                               |
[2022-07-08 03:27:17,252] [builder.py:2025]           [INFO]     | 22/79 | Oscar历年最佳电影 Playlist | = | The Silence of the Lambs (1991)                                 |
[2022-07-08 03:27:17,253] [builder.py:2025]           [INFO]     | 23/79 | Oscar历年最佳电影 Playlist | = | Dances with Wolves (1990)                                       |
[2022-07-08 03:27:17,254] [builder.py:2025]           [INFO]     | 24/79 | Oscar历年最佳电影 Playlist | = | Driving Miss Daisy (1989)                                       |
[2022-07-08 03:27:17,255] [builder.py:2025]           [INFO]     | 25/79 | Oscar历年最佳电影 Playlist | = | Rain Man (1988)                                                 |
[2022-07-08 03:27:17,256] [builder.py:2025]           [INFO]     | 26/79 | Oscar历年最佳电影 Playlist | = | The Last Emperor (1987)                                         |
[2022-07-08 03:27:17,258] [builder.py:2025]           [INFO]     | 27/79 | Oscar历年最佳电影 Playlist | = | Platoon (1986)                                                  |
[2022-07-08 03:27:17,259] [builder.py:2025]           [INFO]     | 28/79 | Oscar历年最佳电影 Playlist | = | Out of Africa (1985)                                            |
[2022-07-08 03:27:17,260] [builder.py:2025]           [INFO]     | 29/79 | Oscar历年最佳电影 Playlist | = | Amadeus (1984)                                                  |
[2022-07-08 03:27:17,261] [builder.py:2025]           [INFO]     | 30/79 | Oscar历年最佳电影 Playlist | = | Terms of Endearment (1983)                                      |
[2022-07-08 03:27:17,262] [builder.py:2025]           [INFO]     | 31/79 | Oscar历年最佳电影 Playlist | = | Gandhi (1982)                                                   |
[2022-07-08 03:27:17,263] [builder.py:2025]           [INFO]     | 32/79 | Oscar历年最佳电影 Playlist | = | Chariots of Fire (1981)                                         |
[2022-07-08 03:27:17,265] [builder.py:2025]           [INFO]     | 33/79 | Oscar历年最佳电影 Playlist | = | Ordinary People (1980)                                          |
[2022-07-08 03:27:17,266] [builder.py:2025]           [INFO]     | 34/79 | Oscar历年最佳电影 Playlist | = | Kramer vs. Kramer (1979)                                        |
[2022-07-08 03:27:17,268] [builder.py:2025]           [INFO]     | 35/79 | Oscar历年最佳电影 Playlist | = | The Deer Hunter (1978)                                          |
[2022-07-08 03:27:17,269] [builder.py:2025]           [INFO]     | 36/79 | Oscar历年最佳电影 Playlist | = | Annie Hall (1977)                                               |
[2022-07-08 03:27:17,270] [builder.py:2025]           [INFO]     | 37/79 | Oscar历年最佳电影 Playlist | = | Rocky (1976)                                                    |
[2022-07-08 03:27:17,272] [builder.py:2025]           [INFO]     | 38/79 | Oscar历年最佳电影 Playlist | = | One Flew Over the Cuckoo's Nest (1975)                          |
[2022-07-08 03:27:17,273] [builder.py:2025]           [INFO]     | 39/79 | Oscar历年最佳电影 Playlist | = | The Godfather: Part II (1974)                                   |
[2022-07-08 03:27:17,275] [builder.py:2025]           [INFO]     | 40/79 | Oscar历年最佳电影 Playlist | = | The Sting (1973)                                                |
[2022-07-08 03:27:17,276] [builder.py:2025]           [INFO]     | 41/79 | Oscar历年最佳电影 Playlist | = | The Godfather (1972)                                            |
[2022-07-08 03:27:17,278] [builder.py:2025]           [INFO]     | 42/79 | Oscar历年最佳电影 Playlist | = | The French Connection (1971)                                    |
[2022-07-08 03:27:17,279] [builder.py:2025]           [INFO]     | 43/79 | Oscar历年最佳电影 Playlist | = | Patton (1970)                                                   |
[2022-07-08 03:27:17,281] [builder.py:2025]           [INFO]     | 44/79 | Oscar历年最佳电影 Playlist | = | Midnight Cowboy (1969)                                          |
[2022-07-08 03:27:17,282] [builder.py:2025]           [INFO]     | 45/79 | Oscar历年最佳电影 Playlist | = | Oliver! (1968)                                                  |
[2022-07-08 03:27:17,284] [builder.py:2025]           [INFO]     | 46/79 | Oscar历年最佳电影 Playlist | = | In the Heat of the Night (1967)                                 |
[2022-07-08 03:27:17,285] [builder.py:2025]           [INFO]     | 47/79 | Oscar历年最佳电影 Playlist | = | A Man for All Seasons (1966)                                    |
[2022-07-08 03:27:17,287] [builder.py:2025]           [INFO]     | 48/79 | Oscar历年最佳电影 Playlist | = | The Sound of Music (1965)                                       |
[2022-07-08 03:27:17,289] [builder.py:2025]           [INFO]     | 49/79 | Oscar历年最佳电影 Playlist | = | My Fair Lady (1964)                                             |
[2022-07-08 03:27:17,290] [builder.py:2025]           [INFO]     | 50/79 | Oscar历年最佳电影 Playlist | = | Tom Jones (1963)                                                |
[2022-07-08 03:27:17,292] [builder.py:2025]           [INFO]     | 51/79 | Oscar历年最佳电影 Playlist | = | Lawrence of Arabia (1962)                                       |
[2022-07-08 03:27:17,293] [builder.py:2025]           [INFO]     | 52/79 | Oscar历年最佳电影 Playlist | = | West Side Story (1961)                                          |
[2022-07-08 03:27:17,295] [builder.py:2025]           [INFO]     | 53/79 | Oscar历年最佳电影 Playlist | = | The Apartment (1960)                                            |
[2022-07-08 03:27:17,297] [builder.py:2025]           [INFO]     | 54/79 | Oscar历年最佳电影 Playlist | = | Ben-Hur (1959)                                                  |
[2022-07-08 03:27:17,299] [builder.py:2025]           [INFO]     | 55/79 | Oscar历年最佳电影 Playlist | = | Gigi (1958)                                                     |
[2022-07-08 03:27:17,300] [builder.py:2025]           [INFO]     | 56/79 | Oscar历年最佳电影 Playlist | = | The Bridge on the River Kwai (1957)                             |
[2022-07-08 03:27:17,302] [builder.py:2025]           [INFO]     | 57/79 | Oscar历年最佳电影 Playlist | = | Marty (1955)                                                    |
[2022-07-08 03:27:17,304] [builder.py:2025]           [INFO]     | 58/79 | Oscar历年最佳电影 Playlist | = | On the Waterfront (1954)                                        |
[2022-07-08 03:27:17,306] [builder.py:2025]           [INFO]     | 59/79 | Oscar历年最佳电影 Playlist | = | From Here to Eternity (1953)                                    |
[2022-07-08 03:27:17,308] [builder.py:2025]           [INFO]     | 60/79 | Oscar历年最佳电影 Playlist | = | The Greatest Show on Earth (1952)                               |
[2022-07-08 03:27:17,310] [builder.py:2025]           [INFO]     | 61/79 | Oscar历年最佳电影 Playlist | = | All About Eve (1950)                                            |
[2022-07-08 03:27:17,311] [builder.py:2025]           [INFO]     | 62/79 | Oscar历年最佳电影 Playlist | = | Gentleman's Agreement (1947)                                    |
[2022-07-08 03:27:17,314] [builder.py:2025]           [INFO]     | 63/79 | Oscar历年最佳电影 Playlist | = | The Best Years of Our Lives (1946)                              |
[2022-07-08 03:27:17,316] [builder.py:2025]           [INFO]     | 64/79 | Oscar历年最佳电影 Playlist | = | The Lost Weekend (1945)                                         |
[2022-07-08 03:27:17,318] [builder.py:2025]           [INFO]     | 65/79 | Oscar历年最佳电影 Playlist | = | Going My Way (1944)                                             |
[2022-07-08 03:27:17,320] [builder.py:2025]           [INFO]     | 66/79 | Oscar历年最佳电影 Playlist | = | Casablanca (1942)                                               |
[2022-07-08 03:27:17,322] [builder.py:2025]           [INFO]     | 67/79 | Oscar历年最佳电影 Playlist | = | Mrs. Miniver (1942)                                             |
[2022-07-08 03:27:17,324] [builder.py:2025]           [INFO]     | 68/79 | Oscar历年最佳电影 Playlist | = | How Green Was My Valley (1941)                                  |
[2022-07-08 03:27:17,326] [builder.py:2025]           [INFO]     | 69/79 | Oscar历年最佳电影 Playlist | = | Rebecca (1940)                                                  |
[2022-07-08 03:27:17,328] [builder.py:2025]           [INFO]     | 70/79 | Oscar历年最佳电影 Playlist | = | Gone with the Wind (1939)                                       |
[2022-07-08 03:27:17,330] [builder.py:2025]           [INFO]     | 71/79 | Oscar历年最佳电影 Playlist | = | You Can't Take It with You (1938)                               |
[2022-07-08 03:27:17,333] [builder.py:2025]           [INFO]     | 72/79 | Oscar历年最佳电影 Playlist | = | The Life of Emile Zola (1937)                                   |
[2022-07-08 03:27:17,335] [builder.py:2025]           [INFO]     | 73/79 | Oscar历年最佳电影 Playlist | = | The Great Ziegfeld (1936)                                       |
[2022-07-08 03:27:17,337] [builder.py:2025]           [INFO]     | 74/79 | Oscar历年最佳电影 Playlist | = | It Happened One Night (1934)                                    |
[2022-07-08 03:27:17,339] [builder.py:2025]           [INFO]     | 75/79 | Oscar历年最佳电影 Playlist | = | Cavalcade (1933)                                                |
[2022-07-08 03:27:17,341] [builder.py:2025]           [INFO]     | 76/79 | Oscar历年最佳电影 Playlist | = | Grand Hotel (1932)                                              |
[2022-07-08 03:27:17,343] [builder.py:2025]           [INFO]     | 77/79 | Oscar历年最佳电影 Playlist | = | Cimarron (1931)                                                 |
[2022-07-08 03:27:17,346] [builder.py:2025]           [INFO]     | 78/79 | Oscar历年最佳电影 Playlist | = | All Quiet on the Western Front (1930)                           |
[2022-07-08 03:27:17,348] [builder.py:2025]           [INFO]     | 79/79 | Oscar历年最佳电影 Playlist | = | The Broadway Melody (1929)                                      |
[2022-07-08 03:27:17,349] [builder.py:2045]           [INFO]     |                                                                                                    |
[2022-07-08 03:27:17,350] [builder.py:2046]           [INFO]     | 79 Items Processed                                                                                 |
[2022-07-08 03:27:17,350] [builder.py:2172]           [INFO]     |                                                                                                    |
[2022-07-08 03:27:17,351] [builder.py:2173]           [INFO]     |=============================== Missing Movies from Library: Movies ================================|
[2022-07-08 03:27:17,351] [builder.py:2174]           [INFO]     |                                                                                                    |
[2022-07-08 03:27:17,633] [builder.py:2187]           [INFO]     | Oscar历年最佳电影 Playlist | ? | CODA (2021) (TMDb: 776503)                                              |
[2022-07-08 03:27:17,855] [builder.py:2187]           [INFO]     | Oscar历年最佳电影 Playlist | ? | Parasite (2019) (TMDb: 496243)                                          |
[2022-07-08 03:27:18,055] [builder.py:2187]           [INFO]     | Oscar历年最佳电影 Playlist | ? | Green Book (2018) (TMDb: 490132)                                        |
[2022-07-08 03:27:18,060] [builder.py:2187]           [INFO]     | Oscar历年最佳电影 Playlist | ? | The Shape of Water (2017) (TMDb: 399055)                                |
[2022-07-08 03:27:18,266] [builder.py:2187]           [INFO]     | Oscar历年最佳电影 Playlist | ? | Moonlight (2016) (TMDb: 376867)                                         |
[2022-07-08 03:27:18,505] [builder.py:2187]           [INFO]     | Oscar历年最佳电影 Playlist | ? | Spotlight (2015) (TMDb: 314365)                                         |
[2022-07-08 03:27:18,699] [builder.py:2187]           [INFO]     | Oscar历年最佳电影 Playlist | ? | Birdman or (The Unexpected Virtue of Ignorance) (2014) (TMDb: 194662)   |
[2022-07-08 03:27:18,888] [builder.py:2187]           [INFO]     | Oscar历年最佳电影 Playlist | ? | 12 Years a Slave (2013) (TMDb: 76203)                                   |
[2022-07-08 03:27:19,166] [builder.py:2187]           [INFO]     | Oscar历年最佳电影 Playlist | ? | The Artist (2011) (TMDb: 74643)                                         |
[2022-07-08 03:27:19,377] [builder.py:2187]           [INFO]     | Oscar历年最佳电影 Playlist | ? | Around the World in Eighty Days (1956) (TMDb: 2897)                     |
[2022-07-08 03:27:19,766] [builder.py:2187]           [INFO]     | Oscar历年最佳电影 Playlist | ? | An American in Paris (1951) (TMDb: 2769)                                |
[2022-07-08 03:27:19,771] [builder.py:2187]           [INFO]     | Oscar历年最佳电影 Playlist | ? | All the King's Men (1949) (TMDb: 25430)                                 |
[2022-07-08 03:27:19,999] [builder.py:2187]           [INFO]     | Oscar历年最佳电影 Playlist | ? | Hamlet (1948) (TMDb: 23383)                                             |
[2022-07-08 03:27:20,199] [builder.py:2187]           [INFO]     | Oscar历年最佳电影 Playlist | ? | Mutiny on the Bounty (1962) (TMDb: 11085)                               |
[2022-07-08 03:27:20,422] [builder.py:2187]           [INFO]     | Oscar历年最佳电影 Playlist | ? | Wings (1927) (TMDb: 28966)                                              |
[2022-07-08 03:27:20,422] [builder.py:2192]           [INFO]     |                                                                                                    |
[2022-07-08 03:27:20,423] [builder.py:2193]           [INFO]     | 15 Movies Missing                                                                                  |
[2022-07-08 03:27:20,479] [builder.py:2383]           [INFO]     |                                                                                                    |
[2022-07-08 03:27:20,480] [builder.py:2384]           [INFO]     |============================= Updating Details of Oscar历年最佳电影 Playlist =============================|
[2022-07-08 03:27:20,481] [builder.py:2385]           [INFO]     |                                                                                                    |
[2022-07-08 03:27:20,481] [util.py:150]               [DEBUG]    | 1 poster found:                                                                                    |
[2022-07-08 03:27:20,481] [util.py:152]               [DEBUG]    | Method: url_poster Poster: https://m.media-amazon.com/images/I/81nuEa5PnnL._AC_SL1500_.jpg         |
[2022-07-08 03:27:20,484] [library.py:155]            [INFO]     | Detail: poster update not needed                                                                   |
[2022-07-08 03:27:22,050] [builder.py:2529]           [INFO]     |                                                                                                    |
[2022-07-08 03:27:22,050] [builder.py:2530]           [INFO]     |=================================== Sorting Oscar历年最佳电影 Playlist ===================================|
[2022-07-08 03:27:22,051] [builder.py:2531]           [INFO]     |                                                                                                    |
[2022-07-08 03:27:22,053] [builder.py:2595]           [INFO]     |                                                                                                    |
[2022-07-08 03:27:22,053] [builder.py:2596]           [INFO]     |==================================== Syncing Playlist to Users =====================================|
[2022-07-08 03:27:22,054] [builder.py:2597]           [INFO]     |                                                                                                    |
[2022-07-08 03:27:23,292] [builder.py:2604]           [INFO]     | Playlist: Oscar历年最佳电影 synced to 1ntheshell                                                         |
[2022-07-08 03:27:24,492] [builder.py:2604]           [INFO]     | Playlist: Oscar历年最佳电影 synced to BigHippo                                                           |
[2022-07-08 03:27:26,449] [builder.py:2604]           [INFO]     | Playlist: Oscar历年最佳电影 synced to jenny934                                                           |
[2022-07-08 03:27:27,619] [builder.py:2604]           [INFO]     | Playlist: Oscar历年最佳电影 synced to maggiek40                                                          |
[2022-07-08 03:27:29,578] [builder.py:2604]           [INFO]     | Playlist: Oscar历年最佳电影 synced to njtab                                                              |
[2022-07-08 03:27:30,742] [builder.py:2604]           [INFO]     | Playlist: Oscar历年最佳电影 synced to se7entao                                                           |
[2022-07-08 03:27:32,758] [builder.py:2604]           [INFO]     | Playlist: Oscar历年最佳电影 synced to Shoyichi                                                           |
[2022-07-08 03:27:33,948] [builder.py:2604]           [INFO]     | Playlist: Oscar历年最佳电影 synced to SzeMeng76                                                          |
[2022-07-08 03:27:33,948] [plex_meta_manager.py:839]  [INFO]     |                                                                                                    |
[2022-07-08 03:27:33,949] [plex_meta_manager.py:842]  [INFO]     |                                                                                                    |
[2022-07-08 03:27:33,949] [plex_meta_manager.py:843]  [INFO]     |====================================================================================================|
[2022-07-08 03:27:33,950] [plex_meta_manager.py:843]  [INFO]     |                                   Finished Oscar历年最佳电影 Playlist                                    |
[2022-07-08 03:27:33,950] [plex_meta_manager.py:843]  [INFO]     |                                     Playlist Run Time: 0:00:19                                     |
[2022-07-08 03:27:33,950] [plex_meta_manager.py:843]  [INFO]     |====================================================================================================|
