[2022-06-10 07:02:43,577] [builder.py:185]            [INFO]     |====================================================================================================|
[2022-06-10 07:02:43,578] [builder.py:185]            [INFO]     |                               AniList Trending Collection in ...日本动漫                               |
[2022-06-10 07:02:43,578] [builder.py:185]            [INFO]     |====================================================================================================|
[2022-06-10 07:02:43,579] [builder.py:186]            [INFO]     |                                                                                                    |
[2022-06-10 07:02:43,580] [builder.py:191]            [INFO]     |============================== Validating AniList Trending Attributes ==============================|
[2022-06-10 07:02:43,580] [builder.py:212]            [DEBUG]    |                                                                                                    |
[2022-06-10 07:02:43,581] [builder.py:213]            [DEBUG]    | Validating Method: template                                                                        |
[2022-06-10 07:02:43,581] [meta.py:103]               [DEBUG]    | Value: [ordereddict([('name', 'trending')]), ordereddict([('name', 'customsync')]), ordereddict([('name', 'chart_shared'), ('key', 'trending')])] |
[2022-06-10 07:02:43,587] [builder.py:437]            [DEBUG]    |                                                                                                    |
[2022-06-10 07:02:43,588] [builder.py:438]            [DEBUG]    | Validating Method: sync_mode                                                                       |
[2022-06-10 07:02:43,588] [builder.py:442]            [DEBUG]    | Value: sync                                                                                        |
[2022-06-10 07:02:43,589] [builder.py:582]            [DEBUG]    |                                                                                                    |
[2022-06-10 07:02:43,590] [builder.py:583]            [DEBUG]    | Validating Method: collection_order                                                                |
[2022-06-10 07:02:43,590] [builder.py:584]            [DEBUG]    | Value: custom                                                                                      |
[2022-06-10 07:02:43,591] [builder.py:600]            [DEBUG]    |                                                                                                    |
[2022-06-10 07:02:43,591] [builder.py:604]            [DEBUG]    | Validating Method: anilist_trending                                                                |
[2022-06-10 07:02:43,592] [builder.py:605]            [DEBUG]    | Value: 100                                                                                         |
[2022-06-10 07:02:43,592] [builder.py:600]            [DEBUG]    |                                                                                                    |
[2022-06-10 07:02:43,593] [builder.py:604]            [DEBUG]    | Validating Method: summary                                                                         |
[2022-06-10 07:02:43,593] [builder.py:605]            [DEBUG]    | Value: A collection of trending Anime according to AniList.                                        |
[2022-06-10 07:02:43,594] [builder.py:600]            [DEBUG]    |                                                                                                    |
[2022-06-10 07:02:43,594] [builder.py:604]            [DEBUG]    | Validating Method: sort_title                                                                      |
[2022-06-10 07:02:43,595] [builder.py:605]            [DEBUG]    | Value: !01_AniList Trending                                                                        |
[2022-06-10 07:02:43,595] [builder.py:600]            [DEBUG]    |                                                                                                    |
[2022-06-10 07:02:43,596] [builder.py:604]            [DEBUG]    | Validating Method: url_poster                                                                      |
[2022-06-10 07:02:43,596] [builder.py:605]            [DEBUG]    | Value: https://raw.githubusercontent.com/meisnate12/Plex-Meta-Manager-Images/master/chart/AniList%20Trending.jpg |
[2022-06-10 07:02:43,973] [builder.py:764]            [INFO]     |                                                                                                    |
[2022-06-10 07:02:43,974] [builder.py:765]            [INFO]     | Validation Successful                                                                              |
[2022-06-10 07:02:43,974] [plex_meta_manager.py:539]  [INFO]     |                                                                                                    |
[2022-06-10 07:02:43,975] [plex_meta_manager.py:541]  [INFO]     |=============================== Running AniList Trending Collection ================================|
[2022-06-10 07:02:43,976] [plex_meta_manager.py:553]  [INFO]     |                                                                                                    |
[2022-06-10 07:02:43,976] [plex_meta_manager.py:554]  [INFO]     | Sync Mode: sync                                                                                    |
[2022-06-10 07:02:43,976] [plex_meta_manager.py:557]  [DEBUG]    |                                                                                                    |
[2022-06-10 07:02:43,977] [plex_meta_manager.py:558]  [DEBUG]    | Builder: anilist_trending: 100                                                                     |
[2022-06-10 07:02:43,977] [plex_meta_manager.py:559]  [INFO]     |                                                                                                    |
[2022-06-10 07:02:43,977] [anilist.py:321]            [INFO]     | Processing AniList Trending:                                                                       |
                                                                 | 	Sort By Trending
                                                                 | 	Limit to 100 Anime
[2022-06-10 07:02:43,978] [anilist.py:162]            [DEBUG]    | query ($page: Int) {Page(page: $page){pageInfo {hasNextPage}media(sort: TRENDING_DESC, type: ANIME){id}}}
[2022-06-10 07:02:45,898] [anilist.py:323]            [DEBUG]    | 
[2022-06-10 07:02:45,899] [anilist.py:324]            [DEBUG]    | 100 AniList IDs Found: [150672, 132474, 21, 141774, 142984, 140960, 111321, 133175, 141014, 130586, 123330, 125367, 129201, 138459, 269, 140457, 11061, 127911, 132532, 137281, 1735, 131573, 135384, 113415, 132052, 97940, 120377, 142074, 20, 19, 1535, 142329, 5114, 132405, 101922, 141391, 134732, 131681, 127720, 110277, 14719, 132010, 101348, 918, 138912, 120120, 108465, 101280, 99263, 97938, 6702, 140830, 130319, 129193, 113717, 98659, 21827, 21234, 20954, 20605, 16498, 9253, 127271, 116589, 101338, 101291, 21507, 30, 140439, 139630, 121176, 98314, 131586, 125124, 124080, 112151, 105333, 105310, 99147, 97888, 21087, 20464, 2001, 1575, 235, 150654, 145813, 145545, 135806, 129874, 116605, 110349, 108632, 104578, 104276, 103572, 21856, 21804, 20958, 20923]
[2022-06-10 07:02:45,899] [convert.py:76]             [WARNING]  | Convert Error: AniDB ID not found for AniList ID: 150672
[2022-06-10 07:02:45,900] [convert.py:76]             [WARNING]  | Convert Error: AniDB ID not found for AniList ID: 150654
[2022-06-10 07:02:45,900] [convert.py:65]             [WARNING]  | Convert Error: No TVDb ID or IMDb ID found for AniDB ID: 16169
[2022-06-10 07:02:45,901] [convert.py:65]             [WARNING]  | Convert Error: No TVDb ID or IMDb ID found for AniDB ID: 15610
[2022-06-10 07:02:45,901] [convert.py:65]             [WARNING]  | Convert Error: No TVDb ID or IMDb ID found for AniDB ID: 16971
[2022-06-10 07:02:45,901] [convert.py:65]             [WARNING]  | Convert Error: No TVDb ID or IMDb ID found for AniDB ID: 16183
[2022-06-10 07:02:45,903] [convert.py:65]             [WARNING]  | Convert Error: No TVDb ID or IMDb ID found for AniDB ID: 16615
[2022-06-10 07:02:45,904] [convert.py:65]             [WARNING]  | Convert Error: No TVDb ID or IMDb ID found for AniDB ID: 16031
[2022-06-10 07:02:45,909] [convert.py:65]             [WARNING]  | Convert Error: No TVDb ID or IMDb ID found for AniDB ID: 15924
[2022-06-10 07:02:45,910] [convert.py:65]             [WARNING]  | Convert Error: No TVDb ID or IMDb ID found for AniDB ID: 16915
[2022-06-10 07:02:45,912] [convert.py:65]             [WARNING]  | Convert Error: No TVDb ID or IMDb ID found for AniDB ID: 16793
[2022-06-10 07:02:45,913] [convert.py:65]             [WARNING]  | Convert Error: No TVDb ID or IMDb ID found for AniDB ID: 15634
[2022-06-10 07:02:45,918] [convert.py:65]             [WARNING]  | Convert Error: No TVDb ID or IMDb ID found for AniDB ID: 17226
[2022-06-10 07:02:45,919] [convert.py:65]             [WARNING]  | Convert Error: No TVDb ID or IMDb ID found for AniDB ID: 17208
[2022-06-10 07:02:45,920] [convert.py:65]             [WARNING]  | Convert Error: No TVDb ID or IMDb ID found for AniDB ID: 16389
[2022-06-10 07:02:45,920] [builder.py:1507]           [DEBUG]    | 
[2022-06-10 07:02:45,921] [builder.py:1508]           [DEBUG]    | 85 IDs Found: [(401279, 'tvdb'), (81797, 'tvdb'), (412580, 'tvdb'), (402412, 'tvdb'), (405920, 'tvdb'), (353712, 'tvdb'), (401920, 'tvdb'), (412031, 'tvdb'), (402652, 'tvdb'), (363143, 'tvdb'), (354198, 'tvdb'), (407306, 'tvdb'), (409264, 'tvdb'), (74796, 'tvdb'), (411625, 'tvdb'), (252322, 'tvdb'), (402117, 'tvdb'), (409329, 'tvdb'), (407833, 'tvdb'), (79824, 'tvdb'), (412391, 'tvdb'), (377543, 'tvdb'), (400585, 'tvdb'), (331753, 'tvdb'), (412826, 'tvdb'), (78857, 'tvdb'), (74599, 'tvdb'), (79481, 'tvdb'), (348545, 'tvdb'), (85249, 'tvdb'), (401233, 'tvdb'), (348545, 'tvdb'), (407840, 'tvdb'), (267440, 'tvdb'), (371310, 'tvdb'), (267440, 'tvdb'), (262954, 'tvdb'), (359274, 'tvdb'), (79895, 'tvdb'), (393478, 'tvdb'), (371310, 'tvdb'), (352408, 'tvdb'), (353712, 'tvdb'), (321285, 'tvdb'), (114801, 'tvdb'), (411914, 'tvdb'), (407519, 'tvdb'), (391625, 'tvdb'), (329822, 'tvdb'), (330139, 'tvdb'), (303071, 'tvdb'), (378064, 'tmdb'), (281249, 'tvdb'), (267440, 'tvdb'), (244061, 'tvdb'), (378609, 'tvdb'), (307375, 'tvdb'), (345596, 'tvdb'), (307375, 'tvdb'), (70350, 'tvdb'), (327572, 'tvdb'), (378609, 'tvdb'), (368358, 'tvdb'), (388593, 'tvdb'), (348545, 'tvdb'), (355774, 'tvdb'), (355480, 'tvdb'), (267440, 'tvdb'), (348742, 'tvdb'), (293088, 'tvdb'), (278157, 'tvdb'), (80096, 'tvdb'), (79525, 'tvdb'), (72454, 'tvdb'), (348545, 'tvdb'), (264663, 'tvdb'), (376144, 'tvdb'), (305089, 'tvdb'), (267440, 'tvdb'), (305074, 'tvdb'), (355966, 'tvdb'), (305074, 'tvdb'), (313435, 'tvdb'), (267440, 'tvdb'), (289909, 'tvdb')]
[2022-06-10 07:02:45,922] [builder.py:1509]           [DEBUG]    | 
[2022-06-10 07:02:45,930] [builder.py:2009]           [INFO]     | 
[2022-06-10 07:02:45,931] [builder.py:2010]           [INFO]     |============================== Adding to AniList Trending Collection ===============================|
[2022-06-10 07:02:45,932] [builder.py:2011]           [INFO]     |                                                                                                    |
[2022-06-10 07:02:45,933] [builder.py:2025]           [INFO]     | 1/2 | AniList Trending Collection | = | 银魂                                                         |
[2022-06-10 07:02:45,934] [builder.py:2025]           [INFO]     | 2/2 | AniList Trending Collection | + | 天元突破：红莲螺岩                                                  |
[2022-06-10 07:02:46,534] [builder.py:2045]           [INFO]     |                                                                                                    |
[2022-06-10 07:02:46,535] [builder.py:2046]           [INFO]     | 2 Shows Processed                                                                                  |
[2022-06-10 07:02:46,536] [builder.py:2172]           [INFO]     |                                                                                                    |
[2022-06-10 07:02:46,536] [builder.py:2173]           [INFO]     |=============================== Missing Movies from Library: ...日本动漫 ===============================|
[2022-06-10 07:02:46,537] [builder.py:2174]           [INFO]     |                                                                                                    |
[2022-06-10 07:02:46,670] [builder.py:2187]           [INFO]     | AniList Trending Collection | ? | A Silent Voice: The Movie (2016) (TMDb: 378064)                  |
[2022-06-10 07:02:46,670] [builder.py:2192]           [INFO]     |                                                                                                    |
[2022-06-10 07:02:46,671] [builder.py:2193]           [INFO]     | 1 Movie Missing                                                                                    |
[2022-06-10 07:02:46,671] [builder.py:2218]           [INFO]     |                                                                                                    |
[2022-06-10 07:02:46,672] [builder.py:2219]           [INFO]     |=========================== Missing Shows from Library: AniList Trending ===========================|
[2022-06-10 07:02:46,672] [builder.py:2220]           [INFO]     |                                                                                                    |
[2022-06-10 07:02:46,981] [builder.py:2232]           [INFO]     | AniList Trending Collection | ? | Skeleton Knight in Another World (TVDb: 401279)                  |
[2022-06-10 07:02:47,842] [builder.py:2232]           [INFO]     | AniList Trending Collection | ? | One Piece (TVDb: 81797)                                          |
[2022-06-10 07:02:48,166] [builder.py:2232]           [INFO]     | AniList Trending Collection | ? | Ya Boy Kongming! (TVDb: 412580)                                  |
[2022-06-10 07:02:48,456] [builder.py:2232]           [INFO]     | AniList Trending Collection | ? | Komi Can't Communicate (TVDb: 402412)                            |
[2022-06-10 07:02:48,523] [builder.py:2232]           [INFO]     | AniList Trending Collection | ? | SPY x FAMILY (TVDb: 405920)                                      |
[2022-06-10 07:02:48,589] [builder.py:2232]           [INFO]     | AniList Trending Collection | ? | The Rising of the Shield Hero (TVDb: 353712)                     |
[2022-06-10 07:02:48,807] [builder.py:2232]           [INFO]     | AniList Trending Collection | ? | The Dawn of the Witch (TVDb: 401920)                             |
[2022-06-10 07:02:48,906] [builder.py:2232]           [INFO]     | AniList Trending Collection | ? | Tomodachi Game (TVDb: 412031)                                    |
[2022-06-10 07:02:49,343] [builder.py:2232]           [INFO]     | AniList Trending Collection | ? | The Greatest Demon Lord Is Reborn as a Typical Nobody (TVDb: 402652) |
[2022-06-10 07:02:49,490] [builder.py:2232]           [INFO]     | AniList Trending Collection | ? | The Demon Girl Next Door (TVDb: 363143)                          |
[2022-06-10 07:02:49,554] [builder.py:2232]           [INFO]     | AniList Trending Collection | ? | Kaguya-sama: Love Is War (TVDb: 354198)                          |
[2022-06-10 07:02:49,622] [builder.py:2232]           [INFO]     | AniList Trending Collection | ? | Summer Time Rendering (TVDb: 407306)                             |
[2022-06-10 07:02:49,706] [builder.py:2232]           [INFO]     | AniList Trending Collection | ? | Heroines Run the Show (TVDb: 409264)                             |
[2022-06-10 07:02:49,797] [builder.py:2232]           [INFO]     | AniList Trending Collection | ? | Bleach (TVDb: 74796)                                             |
[2022-06-10 07:02:49,903] [builder.py:2232]           [INFO]     | AniList Trending Collection | ? | I'm Quitting Heroing (TVDb: 411625)                              |
[2022-06-10 07:02:50,071] [builder.py:2232]           [INFO]     | AniList Trending Collection | ? | Hunter x Hunter (2011) (TVDb: 252322)                            |
[2022-06-10 07:02:50,256] [builder.py:2232]           [INFO]     | AniList Trending Collection | ? | Shikimori's Not Just a Cutie (TVDb: 402117)                      |
[2022-06-10 07:02:50,339] [builder.py:2232]           [INFO]     | AniList Trending Collection | ? | Deaimon: Recipe for Happiness (TVDb: 409329)                     |
[2022-06-10 07:02:50,481] [builder.py:2232]           [INFO]     | AniList Trending Collection | ? | Aharen-san wa Hakarenai (TVDb: 407833)                           |
[2022-06-10 07:02:50,546] [builder.py:2232]           [INFO]     | AniList Trending Collection | ? | Naruto Shippuden (TVDb: 79824)                                   |
[2022-06-10 07:02:50,614] [builder.py:2232]           [INFO]     | AniList Trending Collection | ? | Miss Shachiku and the Little Baby Ghost (TVDb: 412391)           |
[2022-06-10 07:02:50,678] [builder.py:2232]           [INFO]     | AniList Trending Collection | ? | Jujutsu Kaisen (TVDb: 377543)                                    |
[2022-06-10 07:02:50,815] [builder.py:2232]           [INFO]     | AniList Trending Collection | ? | A Couple of Cuckoos (TVDb: 400585)                               |
[2022-06-10 07:02:50,920] [builder.py:2232]           [INFO]     | AniList Trending Collection | ? | Black Clover (TVDb: 331753)                                      |
[2022-06-10 07:02:50,981] [builder.py:2232]           [INFO]     | AniList Trending Collection | ? | Trapped in a Dating Sim: The World of Otome Games Is Tough for Mobs (TVDb: 412826) |
[2022-06-10 07:02:51,048] [builder.py:2232]           [INFO]     | AniList Trending Collection | ? | Naruto (TVDb: 78857)                                             |
[2022-06-10 07:02:51,129] [builder.py:2232]           [INFO]     | AniList Trending Collection | ? | Monster (TVDb: 74599)                                            |
[2022-06-10 07:02:51,187] [builder.py:2232]           [INFO]     | AniList Trending Collection | ? | Death Note (TVDb: 79481)                                         |
[2022-06-10 07:02:51,246] [builder.py:2232]           [INFO]     | AniList Trending Collection | ? | Demon Slayer: Kimetsu no Yaiba (TVDb: 348545)                    |
[2022-06-10 07:02:51,387] [builder.py:2232]           [INFO]     | AniList Trending Collection | ? | Fullmetal Alchemist: Brotherhood (TVDb: 85249)                   |
[2022-06-10 07:02:51,455] [builder.py:2232]           [INFO]     | AniList Trending Collection | ? | My Dress-Up Darling (TVDb: 401233)                               |
[2022-06-10 07:02:51,532] [builder.py:2232]           [INFO]     | AniList Trending Collection | ? | Aoashi (TVDb: 407840)                                            |
[2022-06-10 07:02:51,605] [builder.py:2232]           [INFO]     | AniList Trending Collection | ? | Attack on Titan (TVDb: 267440)                                   |
[2022-06-10 07:02:51,681] [builder.py:2232]           [INFO]     | AniList Trending Collection | ? | Mushoku Tensei: Jobless Reincarnation (TVDb: 371310)             |
[2022-06-10 07:02:51,754] [builder.py:2232]           [INFO]     | AniList Trending Collection | ? | JoJo's Bizarre Adventure (2012) (TVDb: 262954)                   |
[2022-06-10 07:02:51,996] [builder.py:2232]           [INFO]     | AniList Trending Collection | ? | Vinland Saga (TVDb: 359274)                                      |
[2022-06-10 07:02:52,314] [builder.py:2232]           [INFO]     | AniList Trending Collection | ? | Tokyo Revengers (TVDb: 393478)                                   |
[2022-06-10 07:02:52,473] [builder.py:2232]           [INFO]     | AniList Trending Collection | ? | That Time I Got Reincarnated as a Slime (TVDb: 352408)           |
[2022-06-10 07:02:52,547] [builder.py:2232]           [INFO]     | AniList Trending Collection | ? | Boruto: Naruto Next Generations (TVDb: 321285)                   |
[2022-06-10 07:02:52,747] [builder.py:2232]           [INFO]     | AniList Trending Collection | ? | Fairy Tail (TVDb: 114801)                                        |
[2022-06-10 07:02:52,815] [builder.py:2232]           [INFO]     | AniList Trending Collection | ? | Birdie Wing -Golf Girls' Story- (TVDb: 411914)                   |
[2022-06-10 07:02:53,339] [builder.py:2232]           [INFO]     | AniList Trending Collection | ? | RPG Real Estate (TVDb: 407519)                                   |
[2022-06-10 07:02:53,814] [builder.py:2232]           [INFO]     | AniList Trending Collection | ? | Ranking of Kings (TVDb: 391625)                                  |
[2022-06-10 07:02:53,955] [builder.py:2232]           [INFO]     | AniList Trending Collection | ? | Classroom of the Elite (TVDb: 329822)                            |
[2022-06-10 07:02:54,020] [builder.py:2232]           [INFO]     | AniList Trending Collection | ? | Violet Evergarden (TVDb: 330139)                                 |
[2022-06-10 07:02:54,096] [builder.py:2232]           [INFO]     | AniList Trending Collection | ? | Erased (TVDb: 303071)                                            |
[2022-06-10 07:02:54,684] [builder.py:2232]           [INFO]     | AniList Trending Collection | ? | Tokyo Ghoul (TVDb: 281249)                                       |
[2022-06-10 07:02:55,214] [builder.py:2232]           [INFO]     | AniList Trending Collection | ? | Steins;Gate (TVDb: 244061)                                       |
[2022-06-10 07:02:55,597] [builder.py:2232]           [INFO]     | AniList Trending Collection | ? | 86: Eighty Six (TVDb: 378609)                                    |
[2022-06-10 07:02:55,787] [builder.py:2232]           [INFO]     | AniList Trending Collection | ? | Mob Psycho 100 (TVDb: 307375)                                    |
[2022-06-10 07:02:55,932] [builder.py:2232]           [INFO]     | AniList Trending Collection | ? | Rascal Does Not Dream of Bunny Girl Senpai (TVDb: 345596)        |
[2022-06-10 07:02:56,012] [builder.py:2232]           [INFO]     | AniList Trending Collection | ? | Neon Genesis Evangelion (TVDb: 70350)                            |
[2022-06-10 07:02:56,353] [builder.py:2232]           [INFO]     | AniList Trending Collection | ? | Kakegurui (TVDb: 327572)                                         |
[2022-06-10 07:02:58,179] [builder.py:2232]           [INFO]     | AniList Trending Collection | ? | Science Fell in Love, So I Tried to Prove It (TVDb: 368358)      |
[2022-06-10 07:02:58,184] [builder.py:2232]           [INFO]     | AniList Trending Collection | ? | Horimiya (TVDb: 388593)                                          |
[2022-06-10 07:02:58,667] [builder.py:2232]           [INFO]     | AniList Trending Collection | ? | Dr. Stone (TVDb: 355774)                                         |
[2022-06-10 07:02:58,821] [builder.py:2232]           [INFO]     | AniList Trending Collection | ? | Fire Force (TVDb: 355480)                                        |
[2022-06-10 07:02:58,888] [builder.py:2232]           [INFO]     | AniList Trending Collection | ? | Baki (2018) (TVDb: 348742)                                       |
[2022-06-10 07:02:58,893] [builder.py:2232]           [INFO]     | AniList Trending Collection | ? | One-Punch Man (TVDb: 293088)                                     |
[2022-06-10 07:02:58,953] [builder.py:2232]           [INFO]     | AniList Trending Collection | ? | Haikyu!! (TVDb: 278157)                                          |
[2022-06-10 07:02:59,053] [builder.py:2232]           [INFO]     | AniList Trending Collection | ? | Code Geass: Lelouch of the Rebellion (TVDb: 79525)               |
[2022-06-10 07:02:59,114] [builder.py:2232]           [INFO]     | AniList Trending Collection | ? | Detective Conan (TVDb: 72454)                                    |
[2022-06-10 07:02:59,180] [builder.py:2232]           [INFO]     | AniList Trending Collection | ? | Date A Live (TVDb: 264663)                                       |
[2022-06-10 07:03:00,483] [builder.py:2232]           [INFO]     | AniList Trending Collection | ? | Great Pretender (TVDb: 376144)                                   |
[2022-06-10 07:03:00,554] [builder.py:2232]           [INFO]     | AniList Trending Collection | ? | Re: ZERO, Starting Life in Another World (TVDb: 305089)          |
[2022-06-10 07:03:00,795] [builder.py:2232]           [INFO]     | AniList Trending Collection | ? | My Hero Academia (TVDb: 305074)                                  |
[2022-06-10 07:03:00,899] [builder.py:2232]           [INFO]     | AniList Trending Collection | ? | The Quintessential Quintuplets (TVDb: 355966)                    |
[2022-06-10 07:03:00,971] [builder.py:2232]           [INFO]     | AniList Trending Collection | ? | The Disastrous Life of Saiki K. (TVDb: 313435)                   |
[2022-06-10 07:03:01,044] [builder.py:2232]           [INFO]     | AniList Trending Collection | ? | Food Wars! Shokugeki no Soma (TVDb: 289909)                      |
[2022-06-10 07:03:01,045] [builder.py:2237]           [INFO]     |                                                                                                    |
[2022-06-10 07:03:01,045] [builder.py:2238]           [INFO]     | 69 Shows Missing                                                                                   |
[2022-06-10 07:03:01,066] [builder.py:2383]           [INFO]     |                                                                                                    |
[2022-06-10 07:03:01,067] [builder.py:2384]           [INFO]     |========================= Updating Details of AniList Trending Collection ==========================|
[2022-06-10 07:03:01,067] [builder.py:2385]           [INFO]     |                                                                                                    |
[2022-06-10 07:03:01,068] [builder.py:2446]           [INFO]     | Collection Metadata Edits                                                                          |
[2022-06-10 07:03:01,068] [util.py:150]               [DEBUG]    | 1 poster found:                                                                                    |
[2022-06-10 07:03:01,069] [util.py:152]               [DEBUG]    | Method: url_poster Poster: https://raw.githubusercontent.com/meisnate12/Plex-Meta-Manager-Images/master/chart/AniList%20Trending.jpg |
[2022-06-10 07:03:01,337] [library.py:153]            [INFO]     | Detail: url_poster updated poster to [URL] https://raw.githubusercontent.com/meisnate12/Plex-Meta-Manager-Images/master/chart/AniList%20Trending.jpg |
[2022-06-10 07:03:01,620] [builder.py:2529]           [INFO]     |                                                                                                    |
[2022-06-10 07:03:01,620] [builder.py:2530]           [INFO]     |=============================== Sorting AniList Trending Collection ================================|
[2022-06-10 07:03:01,621] [builder.py:2531]           [INFO]     |                                                                                                    |
[2022-06-10 07:03:01,621] [plex_meta_manager.py:674]  [INFO]     |                                                                                                    |
[2022-06-10 07:03:01,622] [plex_meta_manager.py:675]  [INFO]     |====================================================================================================|
[2022-06-10 07:03:01,623] [plex_meta_manager.py:675]  [INFO]     |                                Finished AniList Trending Collection                                |
[2022-06-10 07:03:01,623] [plex_meta_manager.py:675]  [INFO]     |                                    Collection Run Time: 0:00:18                                    |
[2022-06-10 07:03:01,623] [plex_meta_manager.py:675]  [INFO]     |====================================================================================================|
