[2022-07-08 01:47:50,952] [builder.py:185]            [INFO]     |====================================================================================================|
[2022-07-08 01:47:50,953] [builder.py:185]            [INFO]     |                                 Best of 2000s Collection in Movies                                 |
[2022-07-08 01:47:50,954] [builder.py:185]            [INFO]     |====================================================================================================|
[2022-07-08 01:47:50,954] [builder.py:186]            [INFO]     |                                                                                                    |
[2022-07-08 01:47:50,955] [builder.py:191]            [INFO]     |=============================== Validating Best of 2000s Attributes ================================|
[2022-07-08 01:47:50,955] [builder.py:212]            [DEBUG]    |                                                                                                    |
[2022-07-08 01:47:50,955] [builder.py:213]            [DEBUG]    | Validating Method: template                                                                        |
[2022-07-08 01:47:50,956] [meta.py:103]               [DEBUG]    | Value: [{'value': ['2000'], 'decade': ['2000'], 'key_name': '2000s', 'key': '2000', 'name': 'decade_dynamic'}, {'value': ['2000'], 'decade': ['2000'], 'key_name': '2000s', 'key': '2000', 'name': 'shared'}] |
[2022-07-08 01:47:50,958] [builder.py:1675]           [INFO]     |                                                                                                    |
[2022-07-08 01:47:50,959] [builder.py:1676]           [INFO]     | Validating Method: smart_filter                                                                    |
[2022-07-08 01:47:50,959] [builder.py:1682]           [DEBUG]    | Value: {'sort_by': 'critic_rating.desc', 'any': {'decade': ['2000']}, 'limit': 100}                |
[2022-07-08 01:47:50,960] [builder.py:600]            [DEBUG]    |                                                                                                    |
[2022-07-08 01:47:50,960] [builder.py:604]            [DEBUG]    | Validating Method: label                                                                           |
[2022-07-08 01:47:50,960] [builder.py:605]            [DEBUG]    | Value: Decade                                                                                      |
[2022-07-08 01:47:50,961] [builder.py:600]            [DEBUG]    |                                                                                                    |
[2022-07-08 01:47:50,961] [builder.py:604]            [DEBUG]    | Validating Method: url_poster                                                                      |
[2022-07-08 01:47:50,961] [builder.py:605]            [DEBUG]    | Value: https://raw.githubusercontent.com/meisnate12/Plex-Meta-Manager-Images/master/decade/best/2000.jpg |
[2022-07-08 01:47:51,285] [builder.py:600]            [DEBUG]    |                                                                                                    |
[2022-07-08 01:47:51,286] [builder.py:604]            [DEBUG]    | Validating Method: sort_title                                                                      |
[2022-07-08 01:47:51,286] [builder.py:605]            [DEBUG]    | Value: !12_Best of 2000s                                                                           |
[2022-07-08 01:47:53,160] [builder.py:764]            [INFO]     |                                                                                                    |
[2022-07-08 01:47:53,161] [builder.py:765]            [INFO]     | Validation Successful                                                                              |
[2022-07-08 01:47:53,161] [plex_meta_manager.py:539]  [INFO]     |                                                                                                    |
[2022-07-08 01:47:53,162] [plex_meta_manager.py:541]  [INFO]     |================================= Running Best of 2000s Collection =================================|
[2022-07-08 01:47:53,162] [plex_meta_manager.py:547]  [INFO]     |                                                                                                    |
[2022-07-08 01:47:53,162] [plex_meta_manager.py:548]  [INFO]     | Smart Movie Filter                                                                                 |
                                                                 | Sort By: critic_rating.desc
                                                                 | Limit: 100
                                                                 | Filter:
                                                                 |   Match any of the following:
                                                                 |     Decade is 2000
[2022-07-08 01:47:55,013] [builder.py:2383]           [INFO]     | 
[2022-07-08 01:47:55,014] [builder.py:2384]           [INFO]     |=========================== Updating Details of Best of 2000s Collection ===========================|
[2022-07-08 01:47:55,014] [builder.py:2385]           [INFO]     |                                                                                                    |
[2022-07-08 01:47:55,042] [builder.py:2446]           [INFO]     | Collection Metadata Edits                                                                          |
[2022-07-08 01:47:55,043] [util.py:150]               [DEBUG]    | 1 poster found:                                                                                    |
[2022-07-08 01:47:55,043] [util.py:152]               [DEBUG]    | Method: url_poster Poster: https://raw.githubusercontent.com/meisnate12/Plex-Meta-Manager-Images/master/decade/best/2000.jpg |
[2022-07-08 01:47:55,046] [library.py:155]            [INFO]     | Detail: poster update not needed                                                                   |
[2022-07-08 01:47:56,913] [plex_meta_manager.py:674]  [INFO]     |                                                                                                    |
[2022-07-08 01:47:56,914] [plex_meta_manager.py:675]  [INFO]     |====================================================================================================|
[2022-07-08 01:47:56,914] [plex_meta_manager.py:675]  [INFO]     |                                 Finished Best of 2000s Collection                                  |
[2022-07-08 01:47:56,914] [plex_meta_manager.py:675]  [INFO]     |                                    Collection Run Time: 0:00:05                                    |
[2022-07-08 01:47:56,914] [plex_meta_manager.py:675]  [INFO]     |====================================================================================================|
