[2022-07-08 02:34:20,276] [builder.py:185]            [INFO]     |====================================================================================================|
[2022-07-08 02:34:20,277] [builder.py:185]            [INFO]     |                                  TMDb Popular Collection in 亚洲电影                                   |
[2022-07-08 02:34:20,278] [builder.py:185]            [INFO]     |====================================================================================================|
[2022-07-08 02:34:20,278] [builder.py:186]            [INFO]     |                                                                                                    |
[2022-07-08 02:34:20,278] [builder.py:191]            [INFO]     |================================ Validating TMDb Popular Attributes ================================|
[2022-07-08 02:34:20,279] [builder.py:212]            [DEBUG]    |                                                                                                    |
[2022-07-08 02:34:20,279] [builder.py:213]            [DEBUG]    | Validating Method: template                                                                        |
[2022-07-08 02:34:20,279] [meta.py:103]               [DEBUG]    | Value: [ordereddict([('name', 'popular')]), ordereddict([('name', 'customsync')]), ordereddict([('name', 'chart_shared'), ('key', 'popular')])] |
[2022-07-08 02:34:20,285] [builder.py:437]            [DEBUG]    |                                                                                                    |
[2022-07-08 02:34:20,285] [builder.py:438]            [DEBUG]    | Validating Method: sync_mode                                                                       |
[2022-07-08 02:34:20,285] [builder.py:442]            [DEBUG]    | Value: sync                                                                                        |
[2022-07-08 02:34:20,286] [builder.py:582]            [DEBUG]    |                                                                                                    |
[2022-07-08 02:34:20,286] [builder.py:583]            [DEBUG]    | Validating Method: collection_order                                                                |
[2022-07-08 02:34:20,286] [builder.py:584]            [DEBUG]    | Value: custom                                                                                      |
[2022-07-08 02:34:20,287] [builder.py:600]            [DEBUG]    |                                                                                                    |
[2022-07-08 02:34:20,287] [builder.py:604]            [DEBUG]    | Validating Method: tmdb_popular                                                                    |
[2022-07-08 02:34:20,287] [builder.py:605]            [DEBUG]    | Value: 100                                                                                         |
[2022-07-08 02:34:20,288] [builder.py:600]            [DEBUG]    |                                                                                                    |
[2022-07-08 02:34:20,288] [builder.py:604]            [DEBUG]    | Validating Method: summary                                                                         |
[2022-07-08 02:34:20,288] [builder.py:605]            [DEBUG]    | Value: A collection of the most watched movies according to TMDb.                                  |
[2022-07-08 02:34:20,288] [builder.py:600]            [DEBUG]    |                                                                                                    |
[2022-07-08 02:34:20,289] [builder.py:604]            [DEBUG]    | Validating Method: sort_title                                                                      |
[2022-07-08 02:34:20,289] [builder.py:605]            [DEBUG]    | Value: !01_TMDb Popular                                                                            |
[2022-07-08 02:34:20,289] [builder.py:600]            [DEBUG]    |                                                                                                    |
[2022-07-08 02:34:20,290] [builder.py:604]            [DEBUG]    | Validating Method: url_poster                                                                      |
[2022-07-08 02:34:20,290] [builder.py:605]            [DEBUG]    | Value: https://raw.githubusercontent.com/meisnate12/Plex-Meta-Manager-Images/master/chart/TMDb%20Popular.jpg |
[2022-07-08 02:34:20,632] [plex.py:742]               [DEBUG]    |                                                                                                    |
[2022-07-08 02:34:20,633] [plex.py:745]               [DEBUG]    | Looking for: TMDb Popular                                                                          |
[2022-07-08 02:34:20,633] [builder.py:764]            [INFO]     |                                                                                                    |
[2022-07-08 02:34:20,633] [builder.py:765]            [INFO]     | Validation Successful                                                                              |
[2022-07-08 02:34:20,634] [plex_meta_manager.py:539]  [INFO]     |                                                                                                    |
[2022-07-08 02:34:20,634] [plex_meta_manager.py:541]  [INFO]     |================================= Running TMDb Popular Collection ==================================|
[2022-07-08 02:34:20,634] [plex_meta_manager.py:553]  [INFO]     |                                                                                                    |
[2022-07-08 02:34:20,635] [plex_meta_manager.py:554]  [INFO]     | Sync Mode: sync                                                                                    |
[2022-07-08 02:34:20,635] [plex_meta_manager.py:557]  [DEBUG]    |                                                                                                    |
[2022-07-08 02:34:20,635] [plex_meta_manager.py:558]  [DEBUG]    | Builder: tmdb_popular: 100                                                                         |
[2022-07-08 02:34:20,635] [plex_meta_manager.py:559]  [INFO]     |                                                                                                    |
[2022-07-08 02:34:20,982] [tmdb.py:344]               [INFO]     | Processing TMDb Popular: 100 Movies                                                                |
[2022-07-08 02:34:20,982] [builder.py:1507]           [DEBUG]    |                                                                                                    |
[2022-07-08 02:34:20,983] [builder.py:1508]           [DEBUG]    | 100 IDs Found: [(453395, 'tmdb'), (438148, 'tmdb'), (924482, 'tmdb'), (338953, 'tmdb'), (507086, 'tmdb'), (675353, 'tmdb'), (777831, 'tmdb'), (667739, 'tmdb'), (626735, 'tmdb'), (616037, 'tmdb'), (634649, 'tmdb'), (752623, 'tmdb'), (526896, 'tmdb'), (975714, 'tmdb'), (818397, 'tmdb'), (852592, 'tmdb'), (615469, 'tmdb'), (508947, 'tmdb'), (960258, 'tmdb'), (639933, 'tmdb'), (764835, 'tmdb'), (893297, 'tmdb'), (628878, 'tmdb'), (610150, 'tmdb'), (756999, 'tmdb'), (335787, 'tmdb'), (648579, 'tmdb'), (979163, 'tmdb'), (414906, 'tmdb'), (746333, 'tmdb'), (689700, 'tmdb'), (629542, 'tmdb'), (705861, 'tmdb'), (831946, 'tmdb'), (864116, 'tmdb'), (836225, 'tmdb'), (568124, 'tmdb'), (361743, 'tmdb'), (718789, 'tmdb'), (880313, 'tmdb'), (973608, 'tmdb'), (825808, 'tmdb'), (635302, 'tmdb'), (916821, 'tmdb'), (585083, 'tmdb'), (628900, 'tmdb'), (406759, 'tmdb'), (587272, 'tmdb'), (778855, 'tmdb'), (756681, 'tmdb'), (420821, 'tmdb'), (668742, 'tmdb'), (768744, 'tmdb'), (661791, 'tmdb'), (801071, 'tmdb'), (945657, 'tmdb'), (580489, 'tmdb'), (438695, 'tmdb'), (892527, 'tmdb'), (799876, 'tmdb'), (809717, 'tmdb'), (778810, 'tmdb'), (211672, 'tmdb'), (843241, 'tmdb'), (774825, 'tmdb'), (785985, 'tmdb'), (566525, 'tmdb'), (829557, 'tmdb'), (897424, 'tmdb'), (810171, 'tmdb'), (708471, 'tmdb'), (893370, 'tmdb'), (933886, 'tmdb'), (952217, 'tmdb'), (912598, 'tmdb'), (823625, 'tmdb'), (459151, 'tmdb'), (763285, 'tmdb'), (831728, 'tmdb'), (460458, 'tmdb'), (524434, 'tmdb'), (10195, 'tmdb'), (928270, 'tmdb'), (920143, 'tmdb'), (913205, 'tmdb'), (545611, 'tmdb'), (299536, 'tmdb'), (303857, 'tmdb'), (982981, 'tmdb'), (770509, 'tmdb'), (833425, 'tmdb'), (425909, 'tmdb'), (843847, 'tmdb'), (916964, 'tmdb'), (698128, 'tmdb'), (892070, 'tmdb'), (476669, 'tmdb'), (460465, 'tmdb'), (860623, 'tmdb'), (803114, 'tmdb')] |
[2022-07-08 02:34:20,983] [builder.py:1509]           [DEBUG]    |                                                                                                    |
[2022-07-08 02:34:20,985] [builder.py:2172]           [INFO]     |                                                                                                    |
[2022-07-08 02:34:20,986] [builder.py:2173]           [INFO]     |================================ Missing Movies from Library: 亚洲电影 =================================|
[2022-07-08 02:34:20,986] [builder.py:2174]           [INFO]     |                                                                                                    |
[2022-07-08 02:34:21,335] [builder.py:2187]           [INFO]     | TMDb Popular Collection | ? | Doctor Strange in the Multiverse of Madness (2022) (TMDb: 453395)    |
[2022-07-08 02:34:21,582] [builder.py:2187]           [INFO]     | TMDb Popular Collection | ? | Minions: The Rise of Gru (2022) (TMDb: 438148)                       |
[2022-07-08 02:34:21,802] [builder.py:2187]           [INFO]     | TMDb Popular Collection | ? | The Ledge (2022) (TMDb: 924482)                                      |
[2022-07-08 02:34:22,024] [builder.py:2187]           [INFO]     | TMDb Popular Collection | ? | Fantastic Beasts: The Secrets of Dumbledore (2022) (TMDb: 338953)    |
[2022-07-08 02:34:22,373] [builder.py:2187]           [INFO]     | TMDb Popular Collection | ? | Jurassic World Dominion (2022) (TMDb: 507086)                        |
[2022-07-08 02:34:22,673] [builder.py:2187]           [INFO]     | TMDb Popular Collection | ? | Sonic the Hedgehog 2 (2022) (TMDb: 675353)                           |
[2022-07-08 02:34:22,924] [builder.py:2187]           [INFO]     | TMDb Popular Collection | ? | 9 Bullets (2022) (TMDb: 777831)                                      |
[2022-07-08 02:34:23,207] [builder.py:2187]           [INFO]     | TMDb Popular Collection | ? | The Man From Toronto (2022) (TMDb: 667739)                           |
[2022-07-08 02:34:23,413] [builder.py:2187]           [INFO]     | TMDb Popular Collection | ? | Dog (2022) (TMDb: 626735)                                            |
[2022-07-08 02:34:23,748] [builder.py:2187]           [INFO]     | TMDb Popular Collection | ? | Thor: Love and Thunder (2022) (TMDb: 616037)                         |
[2022-07-08 02:34:24,035] [builder.py:2187]           [INFO]     | TMDb Popular Collection | ? | Spider-Man: No Way Home (2021) (TMDb: 634649)                        |
[2022-07-08 02:34:24,315] [builder.py:2187]           [INFO]     | TMDb Popular Collection | ? | The Lost City (2022) (TMDb: 752623)                                  |
[2022-07-08 02:34:24,598] [builder.py:2187]           [INFO]     | TMDb Popular Collection | ? | Morbius (2022) (TMDb: 526896)                                        |
[2022-07-08 02:34:24,857] [builder.py:2187]           [INFO]     | TMDb Popular Collection | ? | Collision (2022) (TMDb: 975714)                                      |
[2022-07-08 02:34:25,113] [builder.py:2187]           [INFO]     | TMDb Popular Collection | ? | Memory (2022) (TMDb: 818397)                                         |
[2022-07-08 02:34:25,424] [builder.py:2187]           [INFO]     | TMDb Popular Collection | ? | Centauro (2022) (TMDb: 852592)                                       |
[2022-07-08 02:34:25,691] [builder.py:2187]           [INFO]     | TMDb Popular Collection | ? | Spiderhead (2022) (TMDb: 615469)                                     |
[2022-07-08 02:34:26,013] [builder.py:2187]           [INFO]     | TMDb Popular Collection | ? | Turning Red (2022) (TMDb: 508947)                                    |
[2022-07-08 02:34:26,302] [builder.py:2187]           [INFO]     | TMDb Popular Collection | ? | Shark Bait (2022) (TMDb: 960258)                                     |
[2022-07-08 02:34:26,606] [builder.py:2187]           [INFO]     | TMDb Popular Collection | ? | The Northman (2022) (TMDb: 639933)                                   |
[2022-07-08 02:34:26,857] [builder.py:2187]           [INFO]     | TMDb Popular Collection | ? | The Desperate Hour (2021) (TMDb: 764835)                             |
[2022-07-08 02:34:26,862] [builder.py:2187]           [INFO]     | TMDb Popular Collection | ? | American Sicario (2021) (TMDb: 893297)                               |
[2022-07-08 02:34:27,079] [builder.py:2187]           [INFO]     | TMDb Popular Collection | ? | Panama (2022) (TMDb: 628878)                                         |
[2022-07-08 02:34:27,368] [builder.py:2187]           [INFO]     | TMDb Popular Collection | ? | Dragon Ball Super: Super Hero (2022) (TMDb: 610150)                  |
[2022-07-08 02:34:27,657] [builder.py:2187]           [INFO]     | TMDb Popular Collection | ? | The Black Phone (2022) (TMDb: 756999)                                |
[2022-07-08 02:34:27,879] [builder.py:2187]           [INFO]     | TMDb Popular Collection | ? | Uncharted (2022) (TMDb: 335787)                                      |
[2022-07-08 02:34:28,124] [builder.py:2187]           [INFO]     | TMDb Popular Collection | ? | The Unbearable Weight of Massive Talent (2022) (TMDb: 648579)        |
[2022-07-08 02:34:28,413] [builder.py:2187]           [INFO]     | TMDb Popular Collection | ? | Beyond Infinity: Buzz and the Journey to Lightyear (2022) (TMDb: 979163) |
[2022-07-08 02:34:28,824] [builder.py:2187]           [INFO]     | TMDb Popular Collection | ? | The Batman (2022) (TMDb: 414906)                                     |
[2022-07-08 02:34:29,079] [builder.py:2187]           [INFO]     | TMDb Popular Collection | ? | Superwho? (2022) (TMDb: 746333)                                      |
[2022-07-08 02:34:29,346] [builder.py:2187]           [INFO]     | TMDb Popular Collection | ? | Clean (2022) (TMDb: 689700)                                          |
[2022-07-08 02:34:29,591] [builder.py:2187]           [INFO]     | TMDb Popular Collection | ? | The Bad Guys (2022) (TMDb: 629542)                                   |
[2022-07-08 02:34:29,891] [builder.py:2187]           [INFO]     | TMDb Popular Collection | ? | Hustle (2022) (TMDb: 705861)                                         |
[2022-07-08 02:34:30,173] [builder.py:2187]           [INFO]     | TMDb Popular Collection | ? | Interceptor (2022) (TMDb: 831946)                                    |
[2022-07-08 02:34:30,402] [builder.py:2187]           [INFO]     | TMDb Popular Collection | ? | A Day to Die (2022) (TMDb: 864116)                                   |
[2022-07-08 02:34:30,657] [builder.py:2187]           [INFO]     | TMDb Popular Collection | ? | The Exorcism of God (2022) (TMDb: 836225)                            |
[2022-07-08 02:34:30,948] [builder.py:2187]           [INFO]     | TMDb Popular Collection | ? | Encanto (2021) (TMDb: 568124)                                        |
[2022-07-08 02:34:31,323] [builder.py:2187]           [INFO]     | TMDb Popular Collection | ? | Top Gun: Maverick (2022) (TMDb: 361743)                              |
[2022-07-08 02:34:31,613] [builder.py:2187]           [INFO]     | TMDb Popular Collection | ? | Lightyear (2022) (TMDb: 718789)                                      |
[2022-07-08 02:34:31,906] [builder.py:2187]           [INFO]     | TMDb Popular Collection | ? | The Wrath of God (2022) (TMDb: 880313)                               |
[2022-07-08 02:34:32,214] [builder.py:2187]           [INFO]     | TMDb Popular Collection | ? | Larva Pendant (2022) (TMDb: 973608)                                  |
[2022-07-08 02:34:32,539] [builder.py:2187]           [INFO]     | TMDb Popular Collection | ? | See for Me (2021) (TMDb: 825808)                                     |
[2022-07-08 02:34:32,881] [builder.py:2187]           [INFO]     | TMDb Popular Collection | ? | Demon Slayer -Kimetsu no Yaiba- The Movie: Mugen Train (2020) (TMDb: 635302) |
[2022-07-08 02:34:32,885] [builder.py:2187]           [INFO]     | TMDb Popular Collection | ? | Gasoline Alley (2022) (TMDb: 916821)                                 |
[2022-07-08 02:34:33,091] [builder.py:2187]           [INFO]     | TMDb Popular Collection | ? | Hotel Transylvania: Transformania (2022) (TMDb: 585083)              |
[2022-07-08 02:34:33,379] [builder.py:2187]           [INFO]     | TMDb Popular Collection | ? | The Contractor (2022) (TMDb: 628900)                                 |
[2022-07-08 02:34:33,646] [builder.py:2187]           [INFO]     | TMDb Popular Collection | ? | Moonfall (2022) (TMDb: 406759)                                       |
[2022-07-08 02:34:33,946] [builder.py:2187]           [INFO]     | TMDb Popular Collection | ? | Father There Is Only One (2019) (TMDb: 587272)                       |
[2022-07-08 02:34:34,291] [builder.py:2187]           [INFO]     | TMDb Popular Collection | ? | Chickenhare and the Hamster of Darkness (2022) (TMDb: 778855)        |
[2022-07-08 02:34:34,557] [builder.py:2187]           [INFO]     | TMDb Popular Collection | ? | Veneciafrenia (2022) (TMDb: 756681)                                  |
[2022-07-08 02:34:34,924] [builder.py:2187]           [INFO]     | TMDb Popular Collection | ? | Chip 'n Dale: Rescue Rangers (2022) (TMDb: 420821)                   |
[2022-07-08 02:34:35,181] [builder.py:2187]           [INFO]     | TMDb Popular Collection | ? | Father There Is Only One 2 (2020) (TMDb: 668742)                     |
[2022-07-08 02:34:35,424] [builder.py:2187]           [INFO]     | TMDb Popular Collection | ? | My Hero Academia: World Heroes' Mission (2021) (TMDb: 768744)        |
[2022-07-08 02:34:35,691] [builder.py:2187]           [INFO]     | TMDb Popular Collection | ? | The Grandmother (2022) (TMDb: 661791)                                |
[2022-07-08 02:34:35,981] [builder.py:2187]           [INFO]     | TMDb Popular Collection | ? | The Jack in the Box: Awakening (2022) (TMDb: 801071)                 |
[2022-07-08 02:34:36,213] [builder.py:2187]           [INFO]     | TMDb Popular Collection | ? | Titanic 666 (2022) (TMDb: 945657)                                    |
[2022-07-08 02:34:36,497] [builder.py:2187]           [INFO]     | TMDb Popular Collection | ? | Venom: Let There Be Carnage (2021) (TMDb: 580489)                    |
[2022-07-08 02:34:37,047] [builder.py:2187]           [INFO]     | TMDb Popular Collection | ? | Sing 2 (2021) (TMDb: 438695)                                         |
[2022-07-08 02:34:37,380] [builder.py:2187]           [INFO]     | TMDb Popular Collection | ? | King (2022) (TMDb: 892527)                                           |
[2022-07-08 02:34:37,624] [builder.py:2187]           [INFO]     | TMDb Popular Collection | ? | The Outfit (2022) (TMDb: 799876)                                     |
[2022-07-08 02:34:37,946] [builder.py:2187]           [INFO]     | TMDb Popular Collection | ? | Moonbound (2021) (TMDb: 809717)                                      |
[2022-07-08 02:34:38,547] [builder.py:2187]           [INFO]     | TMDb Popular Collection | ? | Fireheart (2022) (TMDb: 778810)                                      |
[2022-07-08 02:34:39,002] [builder.py:2187]           [INFO]     | TMDb Popular Collection | ? | Minions (2015) (TMDb: 211672)                                        |
[2022-07-08 02:34:39,257] [builder.py:2187]           [INFO]     | TMDb Popular Collection | ? | The Seven Deadly Sins: Cursed by Light (2021) (TMDb: 843241)         |
[2022-07-08 02:34:39,535] [builder.py:2187]           [INFO]     | TMDb Popular Collection | ? | The Ice Age Adventures of Buck Wild (2022) (TMDb: 774825)            |
[2022-07-08 02:34:39,791] [builder.py:2187]           [INFO]     | TMDb Popular Collection | ? | The Takedown (2022) (TMDb: 785985)                                   |
[2022-07-08 02:34:40,180] [builder.py:2187]           [INFO]     | TMDb Popular Collection | ? | Shang-Chi and the Legend of the Ten Rings (2021) (TMDb: 566525)      |
[2022-07-08 02:34:40,424] [builder.py:2187]           [INFO]     | TMDb Popular Collection | ? | 365 Days: This Day (2022) (TMDb: 829557)                             |
[2022-07-08 02:34:40,746] [builder.py:2187]           [INFO]     | TMDb Popular Collection | ? | Dark Cloud (2022) (TMDb: 897424)                                     |
[2022-07-08 02:34:41,055] [builder.py:2187]           [INFO]     | TMDb Popular Collection | ? | The Valet (2022) (TMDb: 810171)                                      |
[2022-07-08 02:34:41,347] [builder.py:2187]           [INFO]     | TMDb Popular Collection | ? | El último zombi (2021) (TMDb: 708471)                                |
[2022-07-08 02:34:41,579] [builder.py:2187]           [INFO]     | TMDb Popular Collection | ? | Virus:32 (2022) (TMDb: 893370)                                       |
[2022-07-08 02:34:41,968] [builder.py:2187]           [INFO]     | TMDb Popular Collection | ? | Dos más dos (2022) (TMDb: 933886)                                    |
[2022-07-08 02:34:42,281] [builder.py:2187]           [INFO]     | TMDb Popular Collection | ? | King Tweety (2022) (TMDb: 952217)                                    |
[2022-07-08 02:34:42,538] [builder.py:2187]           [INFO]     | TMDb Popular Collection | ? | Bubble (2022) (TMDb: 912598)                                         |
[2022-07-08 02:34:42,872] [builder.py:2187]           [INFO]     | TMDb Popular Collection | ? | Blacklight (2022) (TMDb: 823625)                                     |
[2022-07-08 02:34:43,179] [builder.py:2187]           [INFO]     | TMDb Popular Collection | ? | The Boss Baby: Family Business (2021) (TMDb: 459151)                 |
[2022-07-08 02:34:43,447] [builder.py:2187]           [INFO]     | TMDb Popular Collection | ? | Ambulance (2022) (TMDb: 763285)                                      |
[2022-07-08 02:34:43,691] [builder.py:2187]           [INFO]     | TMDb Popular Collection | ? | Snotty Boy (2022) (TMDb: 831728)                                     |
[2022-07-08 02:34:44,391] [builder.py:2187]           [INFO]     | TMDb Popular Collection | ? | Resident Evil: Welcome to Raccoon City (2021) (TMDb: 460458)         |
[2022-07-08 02:34:44,691] [builder.py:2187]           [INFO]     | TMDb Popular Collection | ? | Eternals (2021) (TMDb: 524434)                                       |
[2022-07-08 02:34:45,079] [builder.py:2187]           [INFO]     | TMDb Popular Collection | ? | Thor (2011) (TMDb: 10195)                                            |
[2022-07-08 02:34:45,324] [builder.py:2187]           [INFO]     | TMDb Popular Collection | ? | Heatwave (2022) (TMDb: 928270)                                       |
[2022-07-08 02:34:45,557] [builder.py:2187]           [INFO]     | TMDb Popular Collection | ? | The Trip 6 (2021) (TMDb: 920143)                                     |
[2022-07-08 02:34:45,824] [builder.py:2187]           [INFO]     | TMDb Popular Collection | ? | Teen Titans Go! & DC Super Hero Girls: Mayhem in the Multiverse (2022) (TMDb: 913205) |
[2022-07-08 02:34:46,157] [builder.py:2187]           [INFO]     | TMDb Popular Collection | ? | Everything Everywhere All at Once (2022) (TMDb: 545611)              |
[2022-07-08 02:34:46,524] [builder.py:2187]           [INFO]     | TMDb Popular Collection | ? | Avengers: Infinity War (2018) (TMDb: 299536)                         |
[2022-07-08 02:34:46,813] [builder.py:2187]           [INFO]     | TMDb Popular Collection | ? | Dragon Ball Z: Resurrection 'F' (2015) (TMDb: 303857)                |
[2022-07-08 02:34:47,157] [builder.py:2187]           [INFO]     | TMDb Popular Collection | ? | Glamour Girls (2022) (TMDb: 982981)                                  |
[2022-07-08 02:34:47,490] [builder.py:2187]           [INFO]     | TMDb Popular Collection | ? | The Nights Belong to Monsters (2021) (TMDb: 770509)                  |
[2022-07-08 02:34:47,771] [builder.py:2187]           [INFO]     | TMDb Popular Collection | ? | No Exit (2022) (TMDb: 833425)                                        |
[2022-07-08 02:34:48,124] [builder.py:2187]           [INFO]     | TMDb Popular Collection | ? | Ghostbusters: Afterlife (2021) (TMDb: 425909)                        |
[2022-07-08 02:34:48,338] [builder.py:2187]           [INFO]     | TMDb Popular Collection | ? | Jerry & Marge Go Large (2022) (TMDb: 843847)                         |
[2022-07-08 02:34:48,663] [builder.py:2187]           [INFO]     | TMDb Popular Collection | ? | En la mira (2022) (TMDb: 916964)                                     |
[2022-07-08 02:34:48,946] [builder.py:2187]           [INFO]     | TMDb Popular Collection | ? | Dual (2022) (TMDb: 698128)                                           |
[2022-07-08 02:34:49,246] [builder.py:2187]           [INFO]     | TMDb Popular Collection | ? | Padre no hay más que uno 3 (2022) (TMDb: 892070)                     |
[2022-07-08 02:34:49,646] [builder.py:2187]           [INFO]     | TMDb Popular Collection | ? | The King's Man (2021) (TMDb: 476669)                                 |
[2022-07-08 02:34:49,868] [builder.py:2187]           [INFO]     | TMDb Popular Collection | ? | Mortal Kombat (2021) (TMDb: 460465)                                  |
[2022-07-08 02:34:49,873] [builder.py:2187]           [INFO]     | TMDb Popular Collection | ? | Last Man Down (2021) (TMDb: 860623)                                  |
[2022-07-08 02:34:50,104] [builder.py:2187]           [INFO]     | TMDb Popular Collection | ? | The Requin (2022) (TMDb: 803114)                                     |
[2022-07-08 02:34:50,105] [builder.py:2192]           [INFO]     |                                                                                                    |
[2022-07-08 02:34:50,105] [builder.py:2193]           [INFO]     | 100 Movies Missing                                                                                 |
[2022-07-08 02:34:50,106] [plex_meta_manager.py:593]  [INFO]     |                                                                                                    |
[2022-07-08 02:34:50,106] [plex_meta_manager.py:594]  [INFO]     | Collection Minimum: 3 not met for TMDb Popular Collection                                          |
[2022-07-08 02:34:50,106] [plex_meta_manager.py:674]  [INFO]     |                                                                                                    |
[2022-07-08 02:34:50,107] [plex_meta_manager.py:675]  [INFO]     |====================================================================================================|
[2022-07-08 02:34:50,107] [plex_meta_manager.py:675]  [INFO]     |                                  Finished TMDb Popular Collection                                  |
[2022-07-08 02:34:50,107] [plex_meta_manager.py:675]  [INFO]     |                                    Collection Run Time: 0:00:29                                    |
[2022-07-08 02:34:50,107] [plex_meta_manager.py:675]  [INFO]     |====================================================================================================|
