[2022-07-08 01:46:59,354] [builder.py:185]            [INFO]     |====================================================================================================|
[2022-07-08 01:46:59,355] [builder.py:185]            [INFO]     |                              Country Collections Collection in Movies                              |
[2022-07-08 01:46:59,356] [builder.py:185]            [INFO]     |====================================================================================================|
[2022-07-08 01:46:59,356] [builder.py:186]            [INFO]     |                                                                                                    |
[2022-07-08 01:46:59,357] [builder.py:191]            [INFO]     |============================ Validating Country Collections Attributes =============================|
[2022-07-08 01:46:59,358] [builder.py:212]            [DEBUG]    |                                                                                                    |
[2022-07-08 01:46:59,359] [builder.py:213]            [DEBUG]    | Validating Method: template                                                                        |
[2022-07-08 01:46:59,361] [meta.py:103]               [DEBUG]    | Value: [ordereddict([('name', 'separator'), ('separator', 'country')])]                            |
[2022-07-08 01:46:59,363] [builder.py:430]            [DEBUG]    |                                                                                                    |
[2022-07-08 01:46:59,363] [builder.py:431]            [DEBUG]    | Validating Method: blank_collection                                                                |
[2022-07-08 01:46:59,364] [builder.py:432]            [DEBUG]    | Value: True                                                                                        |
[2022-07-08 01:46:59,364] [builder.py:600]            [DEBUG]    |                                                                                                    |
[2022-07-08 01:46:59,364] [builder.py:604]            [DEBUG]    | Validating Method: sort_title                                                                      |
[2022-07-08 01:46:59,366] [builder.py:605]            [DEBUG]    | Value: !09_!Country Collections                                                                    |
[2022-07-08 01:46:59,367] [builder.py:600]            [DEBUG]    |                                                                                                    |
[2022-07-08 01:46:59,367] [builder.py:604]            [DEBUG]    | Validating Method: url_poster                                                                      |
[2022-07-08 01:46:59,368] [builder.py:605]            [DEBUG]    | Value: https://raw.githubusercontent.com/meisnate12/Plex-Meta-Manager-Images/master/separators/country.jpg |
[2022-07-08 01:47:00,507] [builder.py:764]            [INFO]     |                                                                                                    |
[2022-07-08 01:47:00,508] [builder.py:765]            [INFO]     | Validation Successful                                                                              |
[2022-07-08 01:47:00,508] [plex_meta_manager.py:539]  [INFO]     |                                                                                                    |
[2022-07-08 01:47:00,509] [plex_meta_manager.py:541]  [INFO]     |============================== Running Country Collections Collection ==============================|
[2022-07-08 01:47:00,526] [builder.py:2383]           [INFO]     |                                                                                                    |
[2022-07-08 01:47:00,527] [builder.py:2384]           [INFO]     |======================== Updating Details of Country Collections Collection ========================|
[2022-07-08 01:47:00,527] [builder.py:2385]           [INFO]     |                                                                                                    |
[2022-07-08 01:47:00,527] [builder.py:2446]           [INFO]     | Collection Metadata Edits                                                                          |
[2022-07-08 01:47:00,528] [util.py:150]               [DEBUG]    | 1 poster found:                                                                                    |
[2022-07-08 01:47:00,528] [util.py:152]               [DEBUG]    | Method: url_poster Poster: https://raw.githubusercontent.com/meisnate12/Plex-Meta-Manager-Images/master/separators/country.jpg |
[2022-07-08 01:47:00,531] [library.py:155]            [INFO]     | Detail: poster update not needed                                                                   |
[2022-07-08 01:47:00,547] [plex_meta_manager.py:674]  [INFO]     |                                                                                                    |
[2022-07-08 01:47:00,548] [plex_meta_manager.py:675]  [INFO]     |====================================================================================================|
[2022-07-08 01:47:00,551] [plex_meta_manager.py:675]  [INFO]     |                              Finished Country Collections Collection                               |
[2022-07-08 01:47:00,552] [plex_meta_manager.py:675]  [INFO]     |                                    Collection Run Time: 0:00:01                                    |
[2022-07-08 01:47:00,552] [plex_meta_manager.py:675]  [INFO]     |====================================================================================================|
