[2022-07-08 02:28:51,093] [builder.py:185]            [INFO]     |====================================================================================================|
[2022-07-08 02:28:51,094] [builder.py:185]            [INFO]     |                                     France Collection in 亚洲电影                                      |
[2022-07-08 02:28:51,095] [builder.py:185]            [INFO]     |====================================================================================================|
[2022-07-08 02:28:51,095] [builder.py:186]            [INFO]     |                                                                                                    |
[2022-07-08 02:28:51,095] [builder.py:191]            [INFO]     |=================================== Validating France Attributes ===================================|
[2022-07-08 02:28:51,096] [builder.py:212]            [DEBUG]    |                                                                                                    |
[2022-07-08 02:28:51,096] [builder.py:213]            [DEBUG]    | Validating Method: template                                                                        |
[2022-07-08 02:28:51,096] [meta.py:103]               [DEBUG]    | Value: [{'value': ['France'], 'country': ['France'], 'key_name': 'France', 'key': 'France', 'name': 'country_dynamic'}, {'value': ['France'], 'country': ['France'], 'key_name': 'France', 'key': 'France', 'name': 'shared'}] |
[2022-07-08 02:28:51,098] [builder.py:1675]           [INFO]     |                                                                                                    |
[2022-07-08 02:28:51,099] [builder.py:1676]           [INFO]     | Validating Method: smart_filter                                                                    |
[2022-07-08 02:28:51,099] [builder.py:1682]           [DEBUG]    | Value: {'sort_by': 'release.desc', 'any': {'country': ['France']}}                                 |
[2022-07-08 02:28:51,137] [builder.py:600]            [DEBUG]    |                                                                                                    |
[2022-07-08 02:28:51,137] [builder.py:604]            [DEBUG]    | Validating Method: label                                                                           |
[2022-07-08 02:28:51,138] [builder.py:605]            [DEBUG]    | Value: Country Color                                                                               |
[2022-07-08 02:28:51,138] [builder.py:600]            [DEBUG]    |                                                                                                    |
[2022-07-08 02:28:51,138] [builder.py:604]            [DEBUG]    | Validating Method: url_poster                                                                      |
[2022-07-08 02:28:51,139] [builder.py:605]            [DEBUG]    | Value: https://raw.githubusercontent.com/meisnate12/Plex-Meta-Manager-Images/master/country/white/France.jpg |
[2022-07-08 02:28:52,107] [builder.py:600]            [DEBUG]    |                                                                                                    |
[2022-07-08 02:28:52,108] [builder.py:604]            [DEBUG]    | Validating Method: sort_title                                                                      |
[2022-07-08 02:28:52,108] [builder.py:605]            [DEBUG]    | Value: !09_France                                                                                  |
[2022-07-08 02:28:52,193] [builder.py:764]            [INFO]     |                                                                                                    |
[2022-07-08 02:28:52,193] [builder.py:765]            [INFO]     | Validation Successful                                                                              |
[2022-07-08 02:28:52,194] [plex_meta_manager.py:539]  [INFO]     |                                                                                                    |
[2022-07-08 02:28:52,194] [plex_meta_manager.py:541]  [INFO]     |==================================== Running France Collection =====================================|
[2022-07-08 02:28:52,195] [plex_meta_manager.py:547]  [INFO]     |                                                                                                    |
[2022-07-08 02:28:52,195] [plex_meta_manager.py:548]  [INFO]     | Smart Movie Filter                                                                                 |
                                                                 | Sort By: release.desc
                                                                 | Filter:
                                                                 |   Match any of the following:
                                                                 |     Country is France
[2022-07-08 02:28:52,282] [builder.py:2383]           [INFO]     | 
[2022-07-08 02:28:52,283] [builder.py:2384]           [INFO]     |============================== Updating Details of France Collection ===============================|
[2022-07-08 02:28:52,284] [builder.py:2385]           [INFO]     |                                                                                                    |
[2022-07-08 02:28:52,308] [builder.py:2446]           [INFO]     | Collection Metadata Edits                                                                          |
[2022-07-08 02:28:52,308] [util.py:150]               [DEBUG]    | 1 poster found:                                                                                    |
[2022-07-08 02:28:52,308] [util.py:152]               [DEBUG]    | Method: url_poster Poster: https://raw.githubusercontent.com/meisnate12/Plex-Meta-Manager-Images/master/country/white/France.jpg |
[2022-07-08 02:28:52,311] [library.py:155]            [INFO]     | Detail: poster update not needed                                                                   |
[2022-07-08 02:28:52,382] [plex_meta_manager.py:674]  [INFO]     |                                                                                                    |
[2022-07-08 02:28:52,383] [plex_meta_manager.py:675]  [INFO]     |====================================================================================================|
[2022-07-08 02:28:52,383] [plex_meta_manager.py:675]  [INFO]     |                                     Finished France Collection                                     |
[2022-07-08 02:28:52,384] [plex_meta_manager.py:675]  [INFO]     |                                    Collection Run Time: 0:00:01                                    |
[2022-07-08 02:28:52,384] [plex_meta_manager.py:675]  [INFO]     |====================================================================================================|
