[2022-07-08 03:28:44,841] [builder.py:185]            [INFO]     |====================================================================================================|
[2022-07-08 03:28:44,842] [builder.py:185]            [INFO]     |                       The Simpsons - Treehouse of Horror Collection Playlist                       |
[2022-07-08 03:28:44,842] [builder.py:185]            [INFO]     |====================================================================================================|
[2022-07-08 03:28:44,843] [builder.py:186]            [INFO]     |                                                                                                    |
[2022-07-08 03:28:44,843] [builder.py:191]            [INFO]     |=============== Validating The Simpsons - Treehouse of Horror Collection Attributes ================|
[2022-07-08 03:28:44,843] [builder.py:212]            [DEBUG]    |                                                                                                    |
[2022-07-08 03:28:44,844] [builder.py:213]            [DEBUG]    | Validating Method: template                                                                        |
[2022-07-08 03:28:44,844] [meta.py:103]               [DEBUG]    | Value: [ordereddict([('name', 'playlist')])]                                                       |
[2022-07-08 03:28:44,846] [builder.py:259]            [DEBUG]    |                                                                                                    |
[2022-07-08 03:28:44,846] [builder.py:260]            [DEBUG]    | Validating Method: libraries                                                                       |
[2022-07-08 03:28:44,846] [builder.py:263]            [DEBUG]    | Value: ..Cartoons                                                                                  |
[2022-07-08 03:28:44,847] [builder.py:272]            [DEBUG]    |                                                                                                    |
[2022-07-08 03:28:44,847] [builder.py:273]            [DEBUG]    | Validating Method: sync_to_users                                                                   |
[2022-07-08 03:28:44,847] [builder.py:274]            [DEBUG]    | Value: all                                                                                         |
[2022-07-08 03:28:45,782] [builder.py:437]            [DEBUG]    |                                                                                                    |
[2022-07-08 03:28:45,782] [builder.py:438]            [DEBUG]    | Validating Method: sync_mode                                                                       |
[2022-07-08 03:28:45,783] [builder.py:442]            [DEBUG]    | Value: sync                                                                                        |
[2022-07-08 03:28:45,783] [builder.py:600]            [DEBUG]    |                                                                                                    |
[2022-07-08 03:28:45,784] [builder.py:604]            [DEBUG]    | Validating Method: trakt_list                                                                      |
[2022-07-08 03:28:45,784] [builder.py:605]            [DEBUG]    | Value: https://trakt.tv/users/bpsim/lists/the-simpsons-treehouse-of-horror                         |
[2022-07-08 03:28:46,106] [builder.py:600]            [DEBUG]    |                                                                                                    |
[2022-07-08 03:28:46,107] [builder.py:604]            [DEBUG]    | Validating Method: summary                                                                         |
[2022-07-08 03:28:46,107] [builder.py:605]            [DEBUG]    | Value: The objective of this Collection are Movies with "Complex plot, Big plot twist, Ending twist". |
[2022-07-08 03:28:46,108] [builder.py:600]            [DEBUG]    |                                                                                                    |
[2022-07-08 03:28:46,108] [builder.py:604]            [DEBUG]    | Validating Method: cache_builders                                                                  |
[2022-07-08 03:28:46,109] [builder.py:605]            [DEBUG]    | Value: 1                                                                                           |
[2022-07-08 03:28:46,109] [builder.py:600]            [DEBUG]    |                                                                                                    |
[2022-07-08 03:28:46,109] [builder.py:604]            [DEBUG]    | Validating Method: url_poster                                                                      |
[2022-07-08 03:28:46,110] [builder.py:605]            [DEBUG]    | Value: https://raw.githubusercontent.com/meisnate12/Plex-Meta-Manager-Images/master/playlist/The%20Simpsons%20-%20Treehouse%20of%20Horror%20Collection.jpg |
[2022-07-08 03:28:46,409] [builder.py:791]            [WARNING]  | Playlist Warning: No Poster Found at https://raw.githubusercontent.com/meisnate12/Plex-Meta-Manager-Images/master/playlist/The%20Simpsons%20-%20Treehouse%20of%20Horror%20Collection.jpg |
[2022-07-08 03:28:46,707] [builder.py:764]            [INFO]     |                                                                                                    |
[2022-07-08 03:28:46,708] [builder.py:765]            [INFO]     | Validation Successful                                                                              |
[2022-07-08 03:28:46,709] [plex_meta_manager.py:713]  [INFO]     |                                                                                                    |
[2022-07-08 03:28:46,710] [plex_meta_manager.py:715]  [INFO]     |================== Running The Simpsons - Treehouse of Horror Collection Playlist ==================|
[2022-07-08 03:28:46,711] [plex_meta_manager.py:723]  [INFO]     |                                                                                                    |
[2022-07-08 03:28:46,711] [plex_meta_manager.py:724]  [INFO]     | Sync Mode: sync                                                                                    |
[2022-07-08 03:28:46,712] [plex_meta_manager.py:727]  [DEBUG]    |                                                                                                    |
[2022-07-08 03:28:46,712] [plex_meta_manager.py:728]  [DEBUG]    | Builder: trakt_list: https://trakt.tv/users/bpsim/lists/the-simpsons-treehouse-of-horror           |
[2022-07-08 03:28:46,712] [plex_meta_manager.py:729]  [INFO]     |                                                                                                    |
[2022-07-08 03:28:46,715] [trakt.py:482]              [INFO]     | Processing Trakt List: https://trakt.tv/users/bpsim/lists/the-simpsons-treehouse-of-horror         |
[2022-07-08 03:28:47,788] [builder.py:1507]           [DEBUG]    |                                                                                                    |
[2022-07-08 03:28:47,788] [builder.py:1508]           [DEBUG]    | 33 IDs Found: [('71663_33_3', 'tvdb_episode'), ('71663_32_4', 'tvdb_episode'), ('71663_31_4', 'tvdb_episode'), ('71663_30_4', 'tvdb_episode'), ('71663_29_4', 'tvdb_episode'), ('71663_28_4', 'tvdb_episode'), ('71663_27_5', 'tvdb_episode'), ('71663_27_4', 'tvdb_episode'), ('71663_26_4', 'tvdb_episode'), ('71663_25_2', 'tvdb_episode'), ('71663_24_2', 'tvdb_episode'), ('71663_23_3', 'tvdb_episode'), ('71663_22_4', 'tvdb_episode'), ('71663_21_4', 'tvdb_episode'), ('71663_20_4', 'tvdb_episode'), ('71663_19_5', 'tvdb_episode'), ('71663_18_4', 'tvdb_episode'), ('71663_17_4', 'tvdb_episode'), ('71663_16_1', 'tvdb_episode'), ('71663_15_1', 'tvdb_episode'), ('71663_14_1', 'tvdb_episode'), ('71663_13_1', 'tvdb_episode'), ('71663_12_1', 'tvdb_episode'), ('71663_11_4', 'tvdb_episode'), ('71663_10_4', 'tvdb_episode'), ('71663_9_4', 'tvdb_episode'), ('71663_8_1', 'tvdb_episode'), ('71663_7_6', 'tvdb_episode'), ('71663_6_6', 'tvdb_episode'), ('71663_5_5', 'tvdb_episode'), ('71663_4_5', 'tvdb_episode'), ('71663_3_7', 'tvdb_episode'), ('71663_2_3', 'tvdb_episode')] |
[2022-07-08 03:28:47,789] [builder.py:1509]           [DEBUG]    |                                                                                                    |
[2022-07-08 03:28:58,129] [builder.py:2009]           [INFO]     |                                                                                                    |
[2022-07-08 03:28:58,130] [builder.py:2010]           [INFO]     |================= Adding to The Simpsons - Treehouse of Horror Collection Playlist =================|
[2022-07-08 03:28:58,131] [builder.py:2011]           [INFO]     |                                                                                                    |
[2022-07-08 03:28:58,131] [builder.py:2025]           [INFO]     | 1/3 | The Simpsons - Treehouse of Horror Collection Playlist | = | The Simpsons S33E03: Treehouse of Horror XXXII |
[2022-07-08 03:28:58,132] [builder.py:2025]           [INFO]     | 2/3 | The Simpsons - Treehouse of Horror Collection Playlist | = | The Simpsons S32E04: Treehouse of Horror XXXI |
[2022-07-08 03:28:58,132] [builder.py:2025]           [INFO]     | 3/3 | The Simpsons - Treehouse of Horror Collection Playlist | = | The Simpsons S31E04: Treehouse of Horror XXX |
[2022-07-08 03:28:58,133] [builder.py:2045]           [INFO]     |                                                                                                    |
[2022-07-08 03:28:58,133] [builder.py:2046]           [INFO]     | 3 Items Processed                                                                                  |
[2022-07-08 03:28:58,188] [builder.py:2383]           [INFO]     |                                                                                                    |
[2022-07-08 03:28:58,189] [builder.py:2384]           [INFO]     |============ Updating Details of The Simpsons - Treehouse of Horror Collection Playlist ============|
[2022-07-08 03:28:58,189] [builder.py:2385]           [INFO]     |                                                                                                    |
[2022-07-08 03:28:58,237] [builder.py:2529]           [INFO]     |                                                                                                    |
[2022-07-08 03:28:58,238] [builder.py:2530]           [INFO]     |================== Sorting The Simpsons - Treehouse of Horror Collection Playlist ==================|
[2022-07-08 03:28:58,238] [builder.py:2531]           [INFO]     |                                                                                                    |
[2022-07-08 03:28:58,239] [builder.py:2595]           [INFO]     |                                                                                                    |
[2022-07-08 03:28:58,239] [builder.py:2596]           [INFO]     |==================================== Syncing Playlist to Users =====================================|
[2022-07-08 03:28:58,240] [builder.py:2597]           [INFO]     |                                                                                                    |
[2022-07-08 03:28:59,445] [builder.py:2604]           [INFO]     | Playlist: The Simpsons - Treehouse of Horror Collection synced to 1ntheshell                       |
[2022-07-08 03:29:00,616] [builder.py:2604]           [INFO]     | Playlist: The Simpsons - Treehouse of Horror Collection synced to BigHippo                         |
[2022-07-08 03:29:01,784] [builder.py:2604]           [INFO]     | Playlist: The Simpsons - Treehouse of Horror Collection synced to jenny934                         |
[2022-07-08 03:29:04,226] [builder.py:2604]           [INFO]     | Playlist: The Simpsons - Treehouse of Horror Collection synced to maggiek40                        |
[2022-07-08 03:29:05,380] [builder.py:2604]           [INFO]     | Playlist: The Simpsons - Treehouse of Horror Collection synced to njtab                            |
[2022-07-08 03:29:06,570] [builder.py:2604]           [INFO]     | Playlist: The Simpsons - Treehouse of Horror Collection synced to se7entao                         |
[2022-07-08 03:29:07,709] [builder.py:2604]           [INFO]     | Playlist: The Simpsons - Treehouse of Horror Collection synced to Shoyichi                         |
[2022-07-08 03:29:08,869] [builder.py:2604]           [INFO]     | Playlist: The Simpsons - Treehouse of Horror Collection synced to SzeMeng76                        |
[2022-07-08 03:29:08,870] [plex_meta_manager.py:839]  [INFO]     |                                                                                                    |
[2022-07-08 03:29:08,870] [plex_meta_manager.py:842]  [INFO]     |                                                                                                    |
[2022-07-08 03:29:08,870] [plex_meta_manager.py:843]  [INFO]     |====================================================================================================|
[2022-07-08 03:29:08,871] [plex_meta_manager.py:843]  [INFO]     |                  Finished The Simpsons - Treehouse of Horror Collection Playlist                   |
[2022-07-08 03:29:08,871] [plex_meta_manager.py:843]  [INFO]     |                                     Playlist Run Time: 0:00:24                                     |
[2022-07-08 03:29:08,872] [plex_meta_manager.py:843]  [INFO]     |====================================================================================================|
