[2022-06-10 07:02:15,137] [builder.py:185]            [INFO]     |====================================================================================================|
[2022-06-10 07:02:15,138] [builder.py:185]            [INFO]     |                                 New Episodes Collection in ...日本动漫                                 |
[2022-06-10 07:02:15,139] [builder.py:185]            [INFO]     |====================================================================================================|
[2022-06-10 07:02:15,139] [builder.py:186]            [INFO]     |                                                                                                    |
[2022-06-10 07:02:15,140] [builder.py:191]            [INFO]     |================================ Validating New Episodes Attributes ================================|
[2022-06-10 07:02:15,141] [builder.py:212]            [DEBUG]    |                                                                                                    |
[2022-06-10 07:02:15,142] [builder.py:213]            [DEBUG]    | Validating Method: template                                                                        |
[2022-06-10 07:02:15,142] [meta.py:103]               [DEBUG]    | Value: [ordereddict([('name', 'episodes')]), ordereddict([('name', 'chart_shared'), ('key', 'episodes'), ('check_library', 'show')])] |
[2022-06-10 07:02:15,149] [builder.py:221]            [DEBUG]    |                                                                                                    |
[2022-06-10 07:02:15,149] [builder.py:222]            [DEBUG]    | Validating Method: allowed_library_types                                                           |
[2022-06-10 07:02:15,150] [builder.py:225]            [DEBUG]    | Value: ['show']                                                                                    |
[2022-06-10 07:02:15,151] [builder.py:1675]           [INFO]     |                                                                                                    |
[2022-06-10 07:02:15,151] [builder.py:1676]           [INFO]     | Validating Method: smart_filter                                                                    |
[2022-06-10 07:02:15,152] [builder.py:1682]           [DEBUG]    | Value: {'type': 'episodes', 'all': {'episode_air_date': 7}, 'sort_by': 'release.desc'}             |
[2022-06-10 07:02:15,153] [builder.py:600]            [DEBUG]    |                                                                                                    |
[2022-06-10 07:02:15,154] [builder.py:604]            [DEBUG]    | Validating Method: summary                                                                         |
[2022-06-10 07:02:15,154] [builder.py:605]            [DEBUG]    | Value: A collection of newly-released episodes                                                     |
[2022-06-10 07:02:15,155] [builder.py:600]            [DEBUG]    |                                                                                                    |
[2022-06-10 07:02:15,155] [builder.py:604]            [DEBUG]    | Validating Method: sort_title                                                                      |
[2022-06-10 07:02:15,156] [builder.py:605]            [DEBUG]    | Value: !01_New Episodes                                                                            |
[2022-06-10 07:02:15,156] [builder.py:600]            [DEBUG]    |                                                                                                    |
[2022-06-10 07:02:15,159] [builder.py:604]            [DEBUG]    | Validating Method: url_poster                                                                      |
[2022-06-10 07:02:15,159] [builder.py:605]            [DEBUG]    | Value: https://raw.githubusercontent.com/meisnate12/Plex-Meta-Manager-Images/master/chart/New%20Episodes.jpg |
[2022-06-10 07:02:15,191] [plex.py:742]               [DEBUG]    |                                                                                                    |
[2022-06-10 07:02:15,192] [plex.py:745]               [DEBUG]    | Looking for: New Episodes                                                                          |
[2022-06-10 07:02:15,193] [builder.py:764]            [INFO]     |                                                                                                    |
[2022-06-10 07:02:15,193] [builder.py:765]            [INFO]     | Validation Successful                                                                              |
[2022-06-10 07:02:15,194] [plex_meta_manager.py:539]  [INFO]     |                                                                                                    |
[2022-06-10 07:02:15,195] [plex_meta_manager.py:541]  [INFO]     |================================= Running New Episodes Collection ==================================|
[2022-06-10 07:02:15,195] [plex_meta_manager.py:547]  [INFO]     |                                                                                                    |
[2022-06-10 07:02:15,196] [plex_meta_manager.py:548]  [INFO]     | Smart Episode Filter                                                                               |
                                                                 | Sort By: release.desc
                                                                 | Filter:
                                                                 |   Match all of the following:
                                                                 |     Episode Air Date is in the last 7 Days
[2022-06-10 07:02:15,259] [plex_meta_manager.py:593]  [INFO]     | 
[2022-06-10 07:02:15,259] [plex_meta_manager.py:594]  [INFO]     | Collection Minimum: 1 not met for New Episodes Collection
[2022-06-10 07:02:15,260] [plex_meta_manager.py:674]  [INFO]     | 
[2022-06-10 07:02:15,261] [plex_meta_manager.py:675]  [INFO]     |====================================================================================================|
[2022-06-10 07:02:15,262] [plex_meta_manager.py:675]  [INFO]     |                                  Finished New Episodes Collection                                  |
[2022-06-10 07:02:15,262] [plex_meta_manager.py:675]  [INFO]     |                                    Collection Run Time: 0:00:00                                    |
[2022-06-10 07:02:15,263] [plex_meta_manager.py:675]  [INFO]     |====================================================================================================|
