[2022-07-08 03:16:48,177] [builder.py:185]            [INFO]     |====================================================================================================|
[2022-07-08 03:16:48,178] [builder.py:185]            [INFO]     |                              Comedy Central Collection in ..Cartoons                               |
[2022-07-08 03:16:48,179] [builder.py:185]            [INFO]     |====================================================================================================|
[2022-07-08 03:16:48,179] [builder.py:186]            [INFO]     |                                                                                                    |
[2022-07-08 03:16:48,179] [builder.py:191]            [INFO]     |=============================== Validating Comedy Central Attributes ===============================|
[2022-07-08 03:16:48,180] [builder.py:212]            [DEBUG]    |                                                                                                    |
[2022-07-08 03:16:48,180] [builder.py:213]            [DEBUG]    | Validating Method: template                                                                        |
[2022-07-08 03:16:48,180] [meta.py:103]               [DEBUG]    | Value: [{'value': ['Comedy Central'], 'network': ['Comedy Central'], 'key_name': 'Comedy Central', 'key': 'Comedy Central', 'name': 'networks_dynamic'}, {'value': ['Comedy Central'], 'network': ['Comedy Central'], 'key_name': 'Comedy Central', 'key': 'Comedy Central', 'name': 'shared'}] |
[2022-07-08 03:16:48,182] [builder.py:1675]           [INFO]     |                                                                                                    |
[2022-07-08 03:16:48,183] [builder.py:1676]           [INFO]     | Validating Method: smart_filter                                                                    |
[2022-07-08 03:16:48,183] [builder.py:1682]           [DEBUG]    | Value: {'sort_by': 'release.desc', 'any': {'network': ['Comedy Central']}}                         |
[2022-07-08 03:16:48,198] [builder.py:600]            [DEBUG]    |                                                                                                    |
[2022-07-08 03:16:48,199] [builder.py:604]            [DEBUG]    | Validating Method: label                                                                           |
[2022-07-08 03:16:48,199] [builder.py:605]            [DEBUG]    | Value: Network US                                                                                  |
[2022-07-08 03:16:48,199] [builder.py:600]            [DEBUG]    |                                                                                                    |
[2022-07-08 03:16:48,200] [builder.py:604]            [DEBUG]    | Validating Method: url_poster                                                                      |
[2022-07-08 03:16:48,200] [builder.py:605]            [DEBUG]    | Value: https://raw.githubusercontent.com/meisnate12/Plex-Meta-Manager-Images/master/network/Comedy%20Central.jpg |
[2022-07-08 03:16:49,481] [builder.py:600]            [DEBUG]    |                                                                                                    |
[2022-07-08 03:16:49,481] [builder.py:604]            [DEBUG]    | Validating Method: sort_title                                                                      |
[2022-07-08 03:16:49,482] [builder.py:605]            [DEBUG]    | Value: !04_Comedy Central                                                                          |
[2022-07-08 03:16:49,534] [builder.py:764]            [INFO]     |                                                                                                    |
[2022-07-08 03:16:49,535] [builder.py:765]            [INFO]     | Validation Successful                                                                              |
[2022-07-08 03:16:49,535] [plex_meta_manager.py:539]  [INFO]     |                                                                                                    |
[2022-07-08 03:16:49,535] [plex_meta_manager.py:541]  [INFO]     |================================ Running Comedy Central Collection =================================|
[2022-07-08 03:16:49,536] [plex_meta_manager.py:547]  [INFO]     |                                                                                                    |
[2022-07-08 03:16:49,536] [plex_meta_manager.py:548]  [INFO]     | Smart Show Filter                                                                                  |
                                                                 | Sort By: release.desc
                                                                 | Filter:
                                                                 |   Match any of the following:
                                                                 |     Network is Comedy Central
[2022-07-08 03:16:49,588] [builder.py:2383]           [INFO]     | 
[2022-07-08 03:16:49,588] [builder.py:2384]           [INFO]     |========================== Updating Details of Comedy Central Collection ===========================|
[2022-07-08 03:16:49,589] [builder.py:2385]           [INFO]     |                                                                                                    |
[2022-07-08 03:16:49,612] [builder.py:2446]           [INFO]     | Collection Metadata Edits                                                                          |
[2022-07-08 03:16:49,613] [util.py:150]               [DEBUG]    | 1 poster found:                                                                                    |
[2022-07-08 03:16:49,613] [util.py:152]               [DEBUG]    | Method: url_poster Poster: https://raw.githubusercontent.com/meisnate12/Plex-Meta-Manager-Images/master/network/Comedy%20Central.jpg |
[2022-07-08 03:16:49,616] [library.py:155]            [INFO]     | Detail: poster update not needed                                                                   |
[2022-07-08 03:16:49,653] [plex_meta_manager.py:674]  [INFO]     |                                                                                                    |
[2022-07-08 03:16:49,654] [plex_meta_manager.py:675]  [INFO]     |====================================================================================================|
[2022-07-08 03:16:49,654] [plex_meta_manager.py:675]  [INFO]     |                                 Finished Comedy Central Collection                                 |
[2022-07-08 03:16:49,654] [plex_meta_manager.py:675]  [INFO]     |                                    Collection Run Time: 0:00:01                                    |
[2022-07-08 03:16:49,654] [plex_meta_manager.py:675]  [INFO]     |====================================================================================================|
