[2022-07-08 01:47:17,007] [builder.py:185]            [INFO]     |====================================================================================================|
[2022-07-08 01:47:17,008] [builder.py:185]            [INFO]     |                                 South Africa Collection in Movies                                  |
[2022-07-08 01:47:17,008] [builder.py:185]            [INFO]     |====================================================================================================|
[2022-07-08 01:47:17,009] [builder.py:186]            [INFO]     |                                                                                                    |
[2022-07-08 01:47:17,009] [builder.py:191]            [INFO]     |================================ Validating South Africa Attributes ================================|
[2022-07-08 01:47:17,009] [builder.py:212]            [DEBUG]    |                                                                                                    |
[2022-07-08 01:47:17,010] [builder.py:213]            [DEBUG]    | Validating Method: template                                                                        |
[2022-07-08 01:47:17,010] [meta.py:103]               [DEBUG]    | Value: [{'value': ['South Africa'], 'country': ['South Africa'], 'key_name': 'South Africa', 'key': 'South Africa', 'name': 'country_dynamic'}, {'value': ['South Africa'], 'country': ['South Africa'], 'key_name': 'South Africa', 'key': 'South Africa', 'name': 'shared'}] |
[2022-07-08 01:47:17,012] [builder.py:1675]           [INFO]     |                                                                                                    |
[2022-07-08 01:47:17,013] [builder.py:1676]           [INFO]     | Validating Method: smart_filter                                                                    |
[2022-07-08 01:47:17,013] [builder.py:1682]           [DEBUG]    | Value: {'sort_by': 'release.desc', 'any': {'country': ['South Africa']}}                           |
[2022-07-08 01:47:17,055] [builder.py:600]            [DEBUG]    |                                                                                                    |
[2022-07-08 01:47:17,056] [builder.py:604]            [DEBUG]    | Validating Method: label                                                                           |
[2022-07-08 01:47:17,056] [builder.py:605]            [DEBUG]    | Value: Country Color                                                                               |
[2022-07-08 01:47:17,056] [builder.py:600]            [DEBUG]    |                                                                                                    |
[2022-07-08 01:47:17,057] [builder.py:604]            [DEBUG]    | Validating Method: url_poster                                                                      |
[2022-07-08 01:47:17,057] [builder.py:605]            [DEBUG]    | Value: https://raw.githubusercontent.com/meisnate12/Plex-Meta-Manager-Images/master/country/white/South%20Africa.jpg |
[2022-07-08 01:47:17,630] [builder.py:600]            [DEBUG]    |                                                                                                    |
[2022-07-08 01:47:17,630] [builder.py:604]            [DEBUG]    | Validating Method: sort_title                                                                      |
[2022-07-08 01:47:17,631] [builder.py:605]            [DEBUG]    | Value: !09_South Africa                                                                            |
[2022-07-08 01:47:17,729] [builder.py:764]            [INFO]     |                                                                                                    |
[2022-07-08 01:47:17,730] [builder.py:765]            [INFO]     | Validation Successful                                                                              |
[2022-07-08 01:47:17,730] [plex_meta_manager.py:539]  [INFO]     |                                                                                                    |
[2022-07-08 01:47:17,730] [plex_meta_manager.py:541]  [INFO]     |================================= Running South Africa Collection ==================================|
[2022-07-08 01:47:17,731] [plex_meta_manager.py:547]  [INFO]     |                                                                                                    |
[2022-07-08 01:47:17,731] [plex_meta_manager.py:548]  [INFO]     | Smart Movie Filter                                                                                 |
                                                                 | Sort By: release.desc
                                                                 | Filter:
                                                                 |   Match any of the following:
                                                                 |     Country is South Africa
[2022-07-08 01:47:17,823] [builder.py:2383]           [INFO]     | 
[2022-07-08 01:47:17,824] [builder.py:2384]           [INFO]     |=========================== Updating Details of South Africa Collection ============================|
[2022-07-08 01:47:17,824] [builder.py:2385]           [INFO]     |                                                                                                    |
[2022-07-08 01:47:17,847] [builder.py:2446]           [INFO]     | Collection Metadata Edits                                                                          |
[2022-07-08 01:47:17,847] [util.py:150]               [DEBUG]    | 1 poster found:                                                                                    |
[2022-07-08 01:47:17,848] [util.py:152]               [DEBUG]    | Method: url_poster Poster: https://raw.githubusercontent.com/meisnate12/Plex-Meta-Manager-Images/master/country/white/South%20Africa.jpg |
[2022-07-08 01:47:17,850] [library.py:155]            [INFO]     | Detail: poster update not needed                                                                   |
[2022-07-08 01:47:17,930] [plex_meta_manager.py:674]  [INFO]     |                                                                                                    |
[2022-07-08 01:47:17,930] [plex_meta_manager.py:675]  [INFO]     |====================================================================================================|
[2022-07-08 01:47:17,931] [plex_meta_manager.py:675]  [INFO]     |                                  Finished South Africa Collection                                  |
[2022-07-08 01:47:17,931] [plex_meta_manager.py:675]  [INFO]     |                                    Collection Run Time: 0:00:00                                    |
[2022-07-08 01:47:17,931] [plex_meta_manager.py:675]  [INFO]     |====================================================================================================|
