[2022-07-08 02:42:37,951] [builder.py:185]            [INFO]     |====================================================================================================|
[2022-07-08 02:42:37,964] [builder.py:185]            [INFO]     |                            Network Collections Collection in .....综艺节目                             |
[2022-07-08 02:42:37,964] [builder.py:185]            [INFO]     |====================================================================================================|
[2022-07-08 02:42:37,965] [builder.py:186]            [INFO]     |                                                                                                    |
[2022-07-08 02:42:37,965] [builder.py:191]            [INFO]     |============================ Validating Network Collections Attributes =============================|
[2022-07-08 02:42:37,965] [builder.py:212]            [DEBUG]    |                                                                                                    |
[2022-07-08 02:42:37,966] [builder.py:213]            [DEBUG]    | Validating Method: template                                                                        |
[2022-07-08 02:42:37,966] [meta.py:103]               [DEBUG]    | Value: [ordereddict([('name', 'separator'), ('separator', 'network')])]                            |
[2022-07-08 02:42:37,968] [builder.py:430]            [DEBUG]    |                                                                                                    |
[2022-07-08 02:42:37,968] [builder.py:431]            [DEBUG]    | Validating Method: blank_collection                                                                |
[2022-07-08 02:42:37,968] [builder.py:432]            [DEBUG]    | Value: True                                                                                        |
[2022-07-08 02:42:37,969] [builder.py:600]            [DEBUG]    |                                                                                                    |
[2022-07-08 02:42:37,969] [builder.py:604]            [DEBUG]    | Validating Method: sort_title                                                                      |
[2022-07-08 02:42:37,969] [builder.py:605]            [DEBUG]    | Value: !04_!Network Collections                                                                    |
[2022-07-08 02:42:37,970] [builder.py:600]            [DEBUG]    |                                                                                                    |
[2022-07-08 02:42:37,970] [builder.py:604]            [DEBUG]    | Validating Method: url_poster                                                                      |
[2022-07-08 02:42:37,970] [builder.py:605]            [DEBUG]    | Value: https://raw.githubusercontent.com/meisnate12/Plex-Meta-Manager-Images/master/separators/network.jpg |
[2022-07-08 02:42:38,304] [builder.py:764]            [INFO]     |                                                                                                    |
[2022-07-08 02:42:38,305] [builder.py:765]            [INFO]     | Validation Successful                                                                              |
[2022-07-08 02:42:38,306] [plex_meta_manager.py:539]  [INFO]     |                                                                                                    |
[2022-07-08 02:42:38,306] [plex_meta_manager.py:541]  [INFO]     |============================== Running Network Collections Collection ==============================|
[2022-07-08 02:42:38,326] [builder.py:2383]           [INFO]     |                                                                                                    |
[2022-07-08 02:42:38,327] [builder.py:2384]           [INFO]     |======================== Updating Details of Network Collections Collection ========================|
[2022-07-08 02:42:38,327] [builder.py:2385]           [INFO]     |                                                                                                    |
[2022-07-08 02:42:38,328] [builder.py:2446]           [INFO]     | Collection Metadata Edits                                                                          |
[2022-07-08 02:42:38,328] [util.py:150]               [DEBUG]    | 1 poster found:                                                                                    |
[2022-07-08 02:42:38,328] [util.py:152]               [DEBUG]    | Method: url_poster Poster: https://raw.githubusercontent.com/meisnate12/Plex-Meta-Manager-Images/master/separators/network.jpg |
[2022-07-08 02:42:38,331] [library.py:155]            [INFO]     | Detail: poster update not needed                                                                   |
[2022-07-08 02:42:38,344] [plex_meta_manager.py:674]  [INFO]     |                                                                                                    |
[2022-07-08 02:42:38,345] [plex_meta_manager.py:675]  [INFO]     |====================================================================================================|
[2022-07-08 02:42:38,345] [plex_meta_manager.py:675]  [INFO]     |                              Finished Network Collections Collection                               |
[2022-07-08 02:42:38,346] [plex_meta_manager.py:675]  [INFO]     |                                    Collection Run Time: 0:00:00                                    |
[2022-07-08 02:42:38,346] [plex_meta_manager.py:675]  [INFO]     |====================================================================================================|
