[2022-06-10 21:24:09,355] [builder.py:185]            [INFO]     |====================================================================================================|
[2022-06-10 21:24:09,356] [builder.py:185]            [INFO]     |                            Country Collections Collection in ..Cartoons                            |
[2022-06-10 21:24:09,356] [builder.py:185]            [INFO]     |====================================================================================================|
[2022-06-10 21:24:09,357] [builder.py:186]            [INFO]     |                                                                                                    |
[2022-06-10 21:24:09,357] [builder.py:191]            [INFO]     |============================ Validating Country Collections Attributes =============================|
[2022-06-10 21:24:09,358] [builder.py:212]            [DEBUG]    |                                                                                                    |
[2022-06-10 21:24:09,358] [builder.py:213]            [DEBUG]    | Validating Method: template                                                                        |
[2022-06-10 21:24:09,359] [meta.py:103]               [DEBUG]    | Value: [ordereddict([('name', 'separator'), ('separator', 'country')])]                            |
[2022-06-10 21:24:09,362] [builder.py:430]            [DEBUG]    |                                                                                                    |
[2022-06-10 21:24:09,362] [builder.py:431]            [DEBUG]    | Validating Method: blank_collection                                                                |
[2022-06-10 21:24:09,363] [builder.py:432]            [DEBUG]    | Value: True                                                                                        |
[2022-06-10 21:24:09,364] [builder.py:600]            [DEBUG]    |                                                                                                    |
[2022-06-10 21:24:09,364] [builder.py:604]            [DEBUG]    | Validating Method: sort_title                                                                      |
[2022-06-10 21:24:09,365] [builder.py:605]            [DEBUG]    | Value: !09_!Country Collections                                                                    |
[2022-06-10 21:24:09,365] [builder.py:600]            [DEBUG]    |                                                                                                    |
[2022-06-10 21:24:09,366] [builder.py:604]            [DEBUG]    | Validating Method: url_poster                                                                      |
[2022-06-10 21:24:09,366] [builder.py:605]            [DEBUG]    | Value: https://raw.githubusercontent.com/meisnate12/Plex-Meta-Manager-Images/master/separators/country.jpg |
[2022-06-10 21:24:11,023] [plex.py:742]               [DEBUG]    |                                                                                                    |
[2022-06-10 21:24:11,024] [plex.py:745]               [DEBUG]    | Looking for: Country Collections                                                                   |
[2022-06-10 21:24:11,024] [builder.py:764]            [INFO]     |                                                                                                    |
[2022-06-10 21:24:11,025] [builder.py:765]            [INFO]     | Validation Successful                                                                              |
[2022-06-10 21:24:11,025] [plex_meta_manager.py:539]  [INFO]     |                                                                                                    |
[2022-06-10 21:24:11,026] [plex_meta_manager.py:541]  [INFO]     |============================== Running Country Collections Collection ==============================|
[2022-06-10 21:24:12,936] [builder.py:2383]           [INFO]     |                                                                                                    |
[2022-06-10 21:24:12,937] [builder.py:2384]           [INFO]     |======================== Updating Details of Country Collections Collection ========================|
[2022-06-10 21:24:12,937] [builder.py:2385]           [INFO]     |                                                                                                    |
[2022-06-10 21:24:12,938] [builder.py:2446]           [INFO]     | Collection Metadata Edits                                                                          |
                                                                 | Sort Title | !09_!Country Collections
[2022-06-10 21:24:28,027] [builder.py:2450]           [INFO]     | Details: have been updated
[2022-06-10 21:24:28,028] [builder.py:2454]           [INFO]     | 
[2022-06-10 21:24:28,028] [util.py:150]               [DEBUG]    | 1 poster found:
[2022-06-10 21:24:28,029] [util.py:152]               [DEBUG]    | Method: url_poster Poster: https://raw.githubusercontent.com/meisnate12/Plex-Meta-Manager-Images/master/separators/country.jpg
[2022-06-10 21:24:29,130] [library.py:153]            [INFO]     | Detail: url_poster updated poster to [URL] https://raw.githubusercontent.com/meisnate12/Plex-Meta-Manager-Images/master/separators/country.jpg
[2022-06-10 21:24:29,347] [plex_meta_manager.py:674]  [INFO]     | 
[2022-06-10 21:24:29,348] [plex_meta_manager.py:675]  [INFO]     |====================================================================================================|
[2022-06-10 21:24:29,349] [plex_meta_manager.py:675]  [INFO]     |                              Finished Country Collections Collection                               |
[2022-06-10 21:24:29,349] [plex_meta_manager.py:675]  [INFO]     |                                    Collection Run Time: 0:00:20                                    |
[2022-06-10 21:24:29,350] [plex_meta_manager.py:675]  [INFO]     |====================================================================================================|
