[2022-07-08 01:48:06,731] [builder.py:185]            [INFO]     |====================================================================================================|
[2022-07-08 01:48:06,732] [builder.py:185]            [INFO]     |                                 Best of 1960s Collection in Movies                                 |
[2022-07-08 01:48:06,732] [builder.py:185]            [INFO]     |====================================================================================================|
[2022-07-08 01:48:06,733] [builder.py:186]            [INFO]     |                                                                                                    |
[2022-07-08 01:48:06,733] [builder.py:191]            [INFO]     |=============================== Validating Best of 1960s Attributes ================================|
[2022-07-08 01:48:06,733] [builder.py:212]            [DEBUG]    |                                                                                                    |
[2022-07-08 01:48:06,734] [builder.py:213]            [DEBUG]    | Validating Method: template                                                                        |
[2022-07-08 01:48:06,734] [meta.py:103]               [DEBUG]    | Value: [{'value': ['1960'], 'decade': ['1960'], 'key_name': '1960s', 'key': '1960', 'name': 'decade_dynamic'}, {'value': ['1960'], 'decade': ['1960'], 'key_name': '1960s', 'key': '1960', 'name': 'shared'}] |
[2022-07-08 01:48:06,736] [builder.py:1675]           [INFO]     |                                                                                                    |
[2022-07-08 01:48:06,736] [builder.py:1676]           [INFO]     | Validating Method: smart_filter                                                                    |
[2022-07-08 01:48:06,737] [builder.py:1682]           [DEBUG]    | Value: {'sort_by': 'critic_rating.desc', 'any': {'decade': ['1960']}, 'limit': 100}                |
[2022-07-08 01:48:06,737] [builder.py:600]            [DEBUG]    |                                                                                                    |
[2022-07-08 01:48:06,738] [builder.py:604]            [DEBUG]    | Validating Method: label                                                                           |
[2022-07-08 01:48:06,738] [builder.py:605]            [DEBUG]    | Value: Decade                                                                                      |
[2022-07-08 01:48:06,738] [builder.py:600]            [DEBUG]    |                                                                                                    |
[2022-07-08 01:48:06,738] [builder.py:604]            [DEBUG]    | Validating Method: url_poster                                                                      |
[2022-07-08 01:48:06,739] [builder.py:605]            [DEBUG]    | Value: https://raw.githubusercontent.com/meisnate12/Plex-Meta-Manager-Images/master/decade/best/1960.jpg |
[2022-07-08 01:48:07,485] [builder.py:600]            [DEBUG]    |                                                                                                    |
[2022-07-08 01:48:07,486] [builder.py:604]            [DEBUG]    | Validating Method: sort_title                                                                      |
[2022-07-08 01:48:07,486] [builder.py:605]            [DEBUG]    | Value: !12_Best of 1960s                                                                           |
[2022-07-08 01:48:08,273] [builder.py:764]            [INFO]     |                                                                                                    |
[2022-07-08 01:48:08,274] [builder.py:765]            [INFO]     | Validation Successful                                                                              |
[2022-07-08 01:48:08,274] [plex_meta_manager.py:539]  [INFO]     |                                                                                                    |
[2022-07-08 01:48:08,274] [plex_meta_manager.py:541]  [INFO]     |================================= Running Best of 1960s Collection =================================|
[2022-07-08 01:48:08,275] [plex_meta_manager.py:547]  [INFO]     |                                                                                                    |
[2022-07-08 01:48:08,275] [plex_meta_manager.py:548]  [INFO]     | Smart Movie Filter                                                                                 |
                                                                 | Sort By: critic_rating.desc
                                                                 | Limit: 100
                                                                 | Filter:
                                                                 |   Match any of the following:
                                                                 |     Decade is 1960
[2022-07-08 01:48:09,105] [builder.py:2383]           [INFO]     | 
[2022-07-08 01:48:09,106] [builder.py:2384]           [INFO]     |=========================== Updating Details of Best of 1960s Collection ===========================|
[2022-07-08 01:48:09,106] [builder.py:2385]           [INFO]     |                                                                                                    |
[2022-07-08 01:48:09,130] [builder.py:2446]           [INFO]     | Collection Metadata Edits                                                                          |
[2022-07-08 01:48:09,130] [util.py:150]               [DEBUG]    | 1 poster found:                                                                                    |
[2022-07-08 01:48:09,131] [util.py:152]               [DEBUG]    | Method: url_poster Poster: https://raw.githubusercontent.com/meisnate12/Plex-Meta-Manager-Images/master/decade/best/1960.jpg |
[2022-07-08 01:48:09,133] [library.py:155]            [INFO]     | Detail: poster update not needed                                                                   |
[2022-07-08 01:48:09,879] [plex_meta_manager.py:674]  [INFO]     |                                                                                                    |
[2022-07-08 01:48:09,879] [plex_meta_manager.py:675]  [INFO]     |====================================================================================================|
[2022-07-08 01:48:09,880] [plex_meta_manager.py:675]  [INFO]     |                                 Finished Best of 1960s Collection                                  |
[2022-07-08 01:48:09,880] [plex_meta_manager.py:675]  [INFO]     |                                    Collection Run Time: 0:00:03                                    |
[2022-07-08 01:48:09,880] [plex_meta_manager.py:675]  [INFO]     |====================================================================================================|
