[2022-06-10 06:57:28,941] [builder.py:185]            [INFO]     |====================================================================================================|
[2022-06-10 06:57:28,942] [builder.py:185]            [INFO]     |                              New Episodes Collection in ....TV Shows                               |
[2022-06-10 06:57:28,942] [builder.py:185]            [INFO]     |====================================================================================================|
[2022-06-10 06:57:28,943] [builder.py:186]            [INFO]     |                                                                                                    |
[2022-06-10 06:57:28,943] [builder.py:191]            [INFO]     |================================ Validating New Episodes Attributes ================================|
[2022-06-10 06:57:28,944] [builder.py:212]            [DEBUG]    |                                                                                                    |
[2022-06-10 06:57:28,944] [builder.py:213]            [DEBUG]    | Validating Method: template                                                                        |
[2022-06-10 06:57:28,944] [meta.py:103]               [DEBUG]    | Value: [ordereddict([('name', 'episodes')]), ordereddict([('name', 'chart_shared'), ('key', 'episodes'), ('check_library', 'show')])] |
[2022-06-10 06:57:28,950] [builder.py:221]            [DEBUG]    |                                                                                                    |
[2022-06-10 06:57:28,951] [builder.py:222]            [DEBUG]    | Validating Method: allowed_library_types                                                           |
[2022-06-10 06:57:28,951] [builder.py:225]            [DEBUG]    | Value: ['show']                                                                                    |
[2022-06-10 06:57:28,952] [builder.py:1675]           [INFO]     |                                                                                                    |
[2022-06-10 06:57:28,952] [builder.py:1676]           [INFO]     | Validating Method: smart_filter                                                                    |
[2022-06-10 06:57:28,953] [builder.py:1682]           [DEBUG]    | Value: {'type': 'episodes', 'all': {'episode_air_date': 7}, 'sort_by': 'release.desc'}             |
[2022-06-10 06:57:28,953] [builder.py:600]            [DEBUG]    |                                                                                                    |
[2022-06-10 06:57:28,954] [builder.py:604]            [DEBUG]    | Validating Method: summary                                                                         |
[2022-06-10 06:57:28,954] [builder.py:605]            [DEBUG]    | Value: A collection of newly-released episodes                                                     |
[2022-06-10 06:57:28,954] [builder.py:600]            [DEBUG]    |                                                                                                    |
[2022-06-10 06:57:28,955] [builder.py:604]            [DEBUG]    | Validating Method: sort_title                                                                      |
[2022-06-10 06:57:28,955] [builder.py:605]            [DEBUG]    | Value: !01_New Episodes                                                                            |
[2022-06-10 06:57:28,956] [builder.py:600]            [DEBUG]    |                                                                                                    |
[2022-06-10 06:57:28,956] [builder.py:604]            [DEBUG]    | Validating Method: url_poster                                                                      |
[2022-06-10 06:57:28,957] [builder.py:605]            [DEBUG]    | Value: https://raw.githubusercontent.com/meisnate12/Plex-Meta-Manager-Images/master/chart/New%20Episodes.jpg |
[2022-06-10 06:57:30,281] [builder.py:764]            [INFO]     |                                                                                                    |
[2022-06-10 06:57:30,281] [builder.py:765]            [INFO]     | Validation Successful                                                                              |
[2022-06-10 06:57:30,282] [plex_meta_manager.py:539]  [INFO]     |                                                                                                    |
[2022-06-10 06:57:30,282] [plex_meta_manager.py:541]  [INFO]     |================================= Running New Episodes Collection ==================================|
[2022-06-10 06:57:30,283] [plex_meta_manager.py:547]  [INFO]     |                                                                                                    |
[2022-06-10 06:57:30,284] [plex_meta_manager.py:548]  [INFO]     | Smart Episode Filter                                                                               |
                                                                 | Sort By: release.desc
                                                                 | Filter:
                                                                 |   Match all of the following:
                                                                 |     Episode Air Date is in the last 7 Days
[2022-06-10 06:57:30,442] [builder.py:2383]           [INFO]     | 
[2022-06-10 06:57:30,442] [builder.py:2384]           [INFO]     |=========================== Updating Details of New Episodes Collection ============================|
[2022-06-10 06:57:30,443] [builder.py:2385]           [INFO]     |                                                                                                    |
[2022-06-10 06:57:30,444] [builder.py:2446]           [INFO]     | Collection Metadata Edits                                                                          |
[2022-06-10 06:57:30,444] [util.py:150]               [DEBUG]    | 1 poster found:                                                                                    |
[2022-06-10 06:57:30,445] [util.py:152]               [DEBUG]    | Method: url_poster Poster: https://raw.githubusercontent.com/meisnate12/Plex-Meta-Manager-Images/master/chart/New%20Episodes.jpg |
[2022-06-10 06:57:30,447] [library.py:155]            [INFO]     | Detail: poster update not needed                                                                   |
[2022-06-10 06:57:30,472] [plex_meta_manager.py:674]  [INFO]     |                                                                                                    |
[2022-06-10 06:57:30,473] [plex_meta_manager.py:675]  [INFO]     |====================================================================================================|
[2022-06-10 06:57:30,475] [plex_meta_manager.py:675]  [INFO]     |                                  Finished New Episodes Collection                                  |
[2022-06-10 06:57:30,476] [plex_meta_manager.py:675]  [INFO]     |                                    Collection Run Time: 0:00:01                                    |
[2022-06-10 06:57:30,476] [plex_meta_manager.py:675]  [INFO]     |====================================================================================================|
