[2022-06-10 21:34:30,309] [builder.py:185]            [INFO]     |====================================================================================================|
[2022-06-10 21:34:30,310] [builder.py:185]            [INFO]     |                             TMDb Trending Collection in .Documentaries                             |
[2022-06-10 21:34:30,310] [builder.py:185]            [INFO]     |====================================================================================================|
[2022-06-10 21:34:30,311] [builder.py:186]            [INFO]     |                                                                                                    |
[2022-06-10 21:34:30,351] [builder.py:191]            [INFO]     |=============================== Validating TMDb Trending Attributes ================================|
[2022-06-10 21:34:30,352] [builder.py:212]            [DEBUG]    |                                                                                                    |
[2022-06-10 21:34:30,353] [builder.py:213]            [DEBUG]    | Validating Method: template                                                                        |
[2022-06-10 21:34:30,354] [meta.py:103]               [DEBUG]    | Value: [ordereddict([('name', 'trending')]), ordereddict([('name', 'customsync')]), ordereddict([('name', 'chart_shared'), ('key', 'trending')])] |
[2022-06-10 21:34:30,359] [builder.py:437]            [DEBUG]    |                                                                                                    |
[2022-06-10 21:34:30,360] [builder.py:438]            [DEBUG]    | Validating Method: sync_mode                                                                       |
[2022-06-10 21:34:30,360] [builder.py:442]            [DEBUG]    | Value: sync                                                                                        |
[2022-06-10 21:34:30,361] [builder.py:582]            [DEBUG]    |                                                                                                    |
[2022-06-10 21:34:30,361] [builder.py:583]            [DEBUG]    | Validating Method: collection_order                                                                |
[2022-06-10 21:34:30,362] [builder.py:584]            [DEBUG]    | Value: custom                                                                                      |
[2022-06-10 21:34:30,362] [builder.py:600]            [DEBUG]    |                                                                                                    |
[2022-06-10 21:34:30,363] [builder.py:604]            [DEBUG]    | Validating Method: tmdb_trending_weekly                                                            |
[2022-06-10 21:34:30,364] [builder.py:605]            [DEBUG]    | Value: 100                                                                                         |
[2022-06-10 21:34:30,364] [builder.py:600]            [DEBUG]    |                                                                                                    |
[2022-06-10 21:34:30,365] [builder.py:604]            [DEBUG]    | Validating Method: summary                                                                         |
[2022-06-10 21:34:30,365] [builder.py:605]            [DEBUG]    | Value: A collection of shows trending on TMDb                                                      |
[2022-06-10 21:34:30,366] [builder.py:600]            [DEBUG]    |                                                                                                    |
[2022-06-10 21:34:30,366] [builder.py:604]            [DEBUG]    | Validating Method: sort_title                                                                      |
[2022-06-10 21:34:30,366] [builder.py:605]            [DEBUG]    | Value: !01_TMDb Trending                                                                           |
[2022-06-10 21:34:30,367] [builder.py:600]            [DEBUG]    |                                                                                                    |
[2022-06-10 21:34:30,367] [builder.py:604]            [DEBUG]    | Validating Method: url_poster                                                                      |
[2022-06-10 21:34:30,368] [builder.py:605]            [DEBUG]    | Value: https://raw.githubusercontent.com/meisnate12/Plex-Meta-Manager-Images/master/chart/TMDb%20Trending.jpg |
[2022-06-10 21:34:30,396] [plex.py:742]               [DEBUG]    |                                                                                                    |
[2022-06-10 21:34:30,396] [plex.py:745]               [DEBUG]    | Looking for: TMDb Trending                                                                         |
[2022-06-10 21:34:30,397] [builder.py:764]            [INFO]     |                                                                                                    |
[2022-06-10 21:34:30,397] [builder.py:765]            [INFO]     | Validation Successful                                                                              |
[2022-06-10 21:34:30,398] [plex_meta_manager.py:539]  [INFO]     |                                                                                                    |
[2022-06-10 21:34:30,398] [plex_meta_manager.py:541]  [INFO]     |================================= Running TMDb Trending Collection =================================|
[2022-06-10 21:34:30,399] [plex_meta_manager.py:553]  [INFO]     |                                                                                                    |
[2022-06-10 21:34:30,399] [plex_meta_manager.py:554]  [INFO]     | Sync Mode: sync                                                                                    |
[2022-06-10 21:34:30,400] [plex_meta_manager.py:557]  [DEBUG]    |                                                                                                    |
[2022-06-10 21:34:30,400] [plex_meta_manager.py:558]  [DEBUG]    | Builder: tmdb_trending_weekly: 100                                                                 |
[2022-06-10 21:34:30,400] [plex_meta_manager.py:559]  [INFO]     |                                                                                                    |
[2022-06-10 21:34:30,646] [tmdb.py:344]               [INFO]     | Processing TMDb Trending Weekly: 100 Shows                                                         |
[2022-06-10 21:34:30,646] [builder.py:1507]           [DEBUG]    |                                                                                                    |
[2022-06-10 21:34:30,647] [builder.py:1508]           [DEBUG]    | 100 IDs Found: [(66732, 'tmdb_show'), (92830, 'tmdb_show'), (92782, 'tmdb_show'), (76479, 'tmdb_show'), (86831, 'tmdb_show'), (92749, 'tmdb_show'), (95171, 'tmdb_show'), (52814, 'tmdb_show'), (103516, 'tmdb_show'), (71738, 'tmdb_show'), (37854, 'tmdb_show'), (1399, 'tmdb_show'), (60059, 'tmdb_show'), (115626, 'tmdb_show'), (120089, 'tmdb_show'), (106388, 'tmdb_show'), (81322, 'tmdb_show'), (122196, 'tmdb_show'), (111894, 'tmdb_show'), (1429, 'tmdb_show'), (71446, 'tmdb_show'), (108171, 'tmdb_show'), (202010, 'tmdb_show'), (60574, 'tmdb_show'), (2190, 'tmdb_show'), (202311, 'tmdb_show'), (60735, 'tmdb_show'), (95057, 'tmdb_show'), (1396, 'tmdb_show'), (1402, 'tmdb_show'), (125949, 'tmdb_show'), (129141, 'tmdb_show'), (62286, 'tmdb_show'), (85937, 'tmdb_show'), (82856, 'tmdb_show'), (87917, 'tmdb_show'), (133979, 'tmdb_show'), (1416, 'tmdb_show'), (153657, 'tmdb_show'), (63247, 'tmdb_show'), (128095, 'tmdb_show'), (103913, 'tmdb_show'), (73107, 'tmdb_show'), (111616, 'tmdb_show'), (118663, 'tmdb_show'), (46952, 'tmdb_show'), (60572, 'tmdb_show'), (202876, 'tmdb_show'), (85271, 'tmdb_show'), (114068, 'tmdb_show'), (156640, 'tmdb_show'), (116799, 'tmdb_show'), (82001, 'tmdb_show'), (203281, 'tmdb_show'), (84958, 'tmdb_show'), (123854, 'tmdb_show'), (131431, 'tmdb_show'), (456, 'tmdb_show'), (90293, 'tmdb_show'), (115036, 'tmdb_show'), (119181, 'tmdb_show'), (93287, 'tmdb_show'), (79460, 'tmdb_show'), (132159, 'tmdb_show'), (93405, 'tmdb_show'), (115915, 'tmdb_show'), (124101, 'tmdb_show'), (69050, 'tmdb_show'), (76231, 'tmdb_show'), (88329, 'tmdb_show'), (63174, 'tmdb_show'), (202880, 'tmdb_show'), (155231, 'tmdb_show'), (92783, 'tmdb_show'), (132380, 'tmdb_show'), (12971, 'tmdb_show'), (46260, 'tmdb_show'), (69740, 'tmdb_show'), (202772, 'tmdb_show'), (95396, 'tmdb_show'), (138251, 'tmdb_show'), (136644, 'tmdb_show'), (1668, 'tmdb_show'), (120168, 'tmdb_show'), (83095, 'tmdb_show'), (71712, 'tmdb_show'), (196906, 'tmdb_show'), (85552, 'tmdb_show'), (57243, 'tmdb_show'), (138971, 'tmdb_show'), (88396, 'tmdb_show'), (90296, 'tmdb_show'), (67136, 'tmdb_show'), (154887, 'tmdb_show'), (31910, 'tmdb_show'), (1418, 'tmdb_show'), (61889, 'tmdb_show'), (91363, 'tmdb_show'), (99966, 'tmdb_show'), (1434, 'tmdb_show')] |
[2022-06-10 21:34:30,648] [builder.py:1509]           [DEBUG]    |                                                                                                    |
[2022-06-10 21:34:30,871] [builder.py:1583]           [WARNING]  | Convert Error: No TVDb ID Found for TMDb ID: 203281                                                |
[2022-06-10 21:34:31,018] [builder.py:1583]           [WARNING]  | Convert Error: No TVDb ID Found for TMDb ID: 131431                                                |
[2022-06-10 21:34:31,731] [builder.py:1583]           [WARNING]  | Convert Error: No TVDb ID Found for TMDb ID: 202772                                                |
[2022-06-10 21:34:31,792] [builder.py:2218]           [INFO]     |                                                                                                    |
[2022-06-10 21:34:31,793] [builder.py:2219]           [INFO]     |============================ Missing Shows from Library: TMDb Trending =============================|
[2022-06-10 21:34:31,794] [builder.py:2220]           [INFO]     |                                                                                                    |
[2022-06-10 21:34:31,943] [builder.py:2232]           [INFO]     | TMDb Trending Collection | ? | Stranger Things (TVDb: 305288)                                      |
[2022-06-10 21:34:32,042] [builder.py:2232]           [INFO]     | TMDb Trending Collection | ? | Obi-Wan Kenobi (TVDb: 393199)                                       |
[2022-06-10 21:34:32,108] [builder.py:2232]           [INFO]     | TMDb Trending Collection | ? | Ms. Marvel (TVDb: 368612)                                           |
[2022-06-10 21:34:32,186] [builder.py:2232]           [INFO]     | TMDb Trending Collection | ? | The Boys (TVDb: 355567)                                             |
[2022-06-10 21:34:32,330] [builder.py:2232]           [INFO]     | TMDb Trending Collection | ? | Love, Death & Robots (TVDb: 357888)                                 |
[2022-06-10 21:34:32,831] [builder.py:2232]           [INFO]     | TMDb Trending Collection | ? | Moon Knight (TVDb: 368611)                                          |
[2022-06-10 21:34:33,366] [builder.py:2232]           [INFO]     | TMDb Trending Collection | ? | Prehistoric Planet (2022) (TVDb: 418505)                            |
[2022-06-10 21:34:34,309] [builder.py:2232]           [INFO]     | TMDb Trending Collection | ? | Halo (TVDb: 366524)                                                 |
[2022-06-10 21:34:34,576] [builder.py:2232]           [INFO]     | TMDb Trending Collection | ? | Star Trek: Strange New Worlds (TVDb: 382389)                        |
[2022-06-10 21:34:35,220] [builder.py:2232]           [INFO]     | TMDb Trending Collection | ? | The Orville (TVDb: 328487)                                          |
[2022-06-10 21:34:36,023] [builder.py:2232]           [INFO]     | TMDb Trending Collection | ? | One Piece (TVDb: 81797)                                             |
[2022-06-10 21:34:36,342] [builder.py:2232]           [INFO]     | TMDb Trending Collection | ? | Game of Thrones (TVDb: 121361)                                      |
[2022-06-10 21:34:36,542] [builder.py:2232]           [INFO]     | TMDb Trending Collection | ? | Better Call Saul (TVDb: 273181)                                     |
[2022-06-10 21:34:36,917] [builder.py:2232]           [INFO]     | TMDb Trending Collection | ? | Irma Vep (TVDb: 393404)                                             |
[2022-06-10 21:34:37,408] [builder.py:2232]           [INFO]     | TMDb Trending Collection | ? | SPY x FAMILY (TVDb: 405920)                                         |
[2022-06-10 21:34:37,520] [builder.py:2232]           [INFO]     | TMDb Trending Collection | ? | Shining Girls (TVDb: 385810)                                        |
[2022-06-10 21:34:37,586] [builder.py:2232]           [INFO]     | TMDb Trending Collection | ? | The Time Traveler's Wife (TVDb: 397536)                             |
[2022-06-10 21:34:37,675] [builder.py:2232]           [INFO]     | TMDb Trending Collection | ? | The Staircase (2022) (TVDb: 400269)                                 |
[2022-06-10 21:34:37,986] [builder.py:2232]           [INFO]     | TMDb Trending Collection | ? | Night Sky (TVDb: 390848)                                            |
[2022-06-10 21:34:38,242] [builder.py:2232]           [INFO]     | TMDb Trending Collection | ? | Attack on Titan (TVDb: 267440)                                      |
[2022-06-10 21:34:38,319] [builder.py:2232]           [INFO]     | TMDb Trending Collection | ? | Money Heist (TVDb: 327417)                                          |
[2022-06-10 21:34:38,831] [builder.py:2232]           [INFO]     | TMDb Trending Collection | ? | The Essex Serpent (TVDb: 387455)                                    |
[2022-06-10 21:34:39,693] [builder.py:2232]           [INFO]     | TMDb Trending Collection | ? | As the Crow Flies (TVDb: 395463)                                    |
[2022-06-10 21:34:39,848] [builder.py:2232]           [INFO]     | TMDb Trending Collection | ? | Peaky Blinders (TVDb: 270915)                                       |
[2022-06-10 21:34:40,378] [builder.py:2232]           [INFO]     | TMDb Trending Collection | ? | South Park (TVDb: 75897)                                            |
[2022-06-10 21:34:41,390] [builder.py:2232]           [INFO]     | TMDb Trending Collection | ? | Baby Fever (TVDb: 418107)                                           |
[2022-06-10 21:34:41,575] [builder.py:2232]           [INFO]     | TMDb Trending Collection | ? | The Flash (2014) (TVDb: 279121)                                     |
[2022-06-10 21:34:41,643] [builder.py:2232]           [INFO]     | TMDb Trending Collection | ? | Superman & Lois (TVDb: 375655)                                      |
[2022-06-10 21:34:41,842] [builder.py:2232]           [INFO]     | TMDb Trending Collection | ? | Breaking Bad (TVDb: 81189)                                          |
[2022-06-10 21:34:41,908] [builder.py:2232]           [INFO]     | TMDb Trending Collection | ? | The Walking Dead (TVDb: 153021)                                     |
[2022-06-10 21:34:42,097] [builder.py:2232]           [INFO]     | TMDb Trending Collection | ? | We Own This City (TVDb: 398140)                                     |
[2022-06-10 21:34:42,167] [builder.py:2232]           [INFO]     | TMDb Trending Collection | ? | Surviving Summer (TVDb: 420350)                                     |
[2022-06-10 21:34:43,152] [builder.py:2232]           [INFO]     | TMDb Trending Collection | ? | Fear the Walking Dead (TVDb: 290853)                                |
[2022-06-10 21:34:43,933] [builder.py:2232]           [INFO]     | TMDb Trending Collection | ? | Demon Slayer: Kimetsu no Yaiba (TVDb: 348545)                       |
[2022-06-10 21:34:44,164] [builder.py:2232]           [INFO]     | TMDb Trending Collection | ? | The Mandalorian (TVDb: 361753)                                      |
[2022-06-10 21:34:44,233] [builder.py:2232]           [INFO]     | TMDb Trending Collection | ? | For All Mankind (TVDb: 356202)                                      |
[2022-06-10 21:34:44,867] [builder.py:2232]           [INFO]     | TMDb Trending Collection | ? | Two Summers (TVDb: 413816)                                          |
[2022-06-10 21:34:44,986] [builder.py:2232]           [INFO]     | TMDb Trending Collection | ? | Grey's Anatomy (TVDb: 73762)                                        |
[2022-06-10 21:34:46,098] [builder.py:2232]           [INFO]     | TMDb Trending Collection | ? | Bosch: Legacy (TVDb: 414553)                                        |
[2022-06-10 21:34:46,631] [builder.py:2232]           [INFO]     | TMDb Trending Collection | ? | Westworld (TVDb: 296762)                                            |
[2022-06-10 21:34:46,871] [builder.py:2232]           [INFO]     | TMDb Trending Collection | ? | Under the Banner of Heaven (TVDb: 405549)                           |
[2022-06-10 21:34:47,016] [builder.py:2232]           [INFO]     | TMDb Trending Collection | ? | Tehran (TVDb: 380010)                                               |
[2022-06-10 21:34:47,797] [builder.py:2232]           [INFO]     | TMDb Trending Collection | ? | Barry (TVDb: 333072)                                                |
[2022-06-10 21:34:47,954] [builder.py:2232]           [INFO]     | TMDb Trending Collection | ? | First Kill (TVDb: 390191)                                           |
[2022-06-10 21:34:48,645] [builder.py:2232]           [INFO]     | TMDb Trending Collection | ? | The Man Who Fell to Earth (TVDb: 414721)                            |
[2022-06-10 21:34:49,445] [builder.py:2232]           [INFO]     | TMDb Trending Collection | ? | The Blacklist (TVDb: 266189)                                        |
[2022-06-10 21:34:49,665] [builder.py:2232]           [INFO]     | TMDb Trending Collection | ? | Pokémon (TVDb: 76703)                                               |
[2022-06-10 21:34:49,754] [builder.py:2232]           [INFO]     | TMDb Trending Collection | ? | A Dream of Splendor (TVDb: 420733)                                  |
[2022-06-10 21:34:50,292] [builder.py:2232]           [INFO]     | TMDb Trending Collection | ? | WandaVision (TVDb: 362392)                                          |
[2022-06-10 21:34:50,453] [builder.py:2232]           [INFO]     | TMDb Trending Collection | ? | The Offer (TVDb: 392770)                                            |
[2022-06-10 21:34:50,531] [builder.py:2232]           [INFO]     | TMDb Trending Collection | ? | The Midwich Cuckoos (TVDb: 402728)                                  |
[2022-06-10 21:34:50,597] [builder.py:2232]           [INFO]     | TMDb Trending Collection | ? | The Lincoln Lawyer (TVDb: 399909)                                   |
[2022-06-10 21:34:51,525] [builder.py:2232]           [INFO]     | TMDb Trending Collection | ? | Roswell, New Mexico (TVDb: 351282)                                  |
[2022-06-10 21:34:52,004] [builder.py:2232]           [INFO]     | TMDb Trending Collection | ? | Loki (TVDb: 362472)                                                 |
[2022-06-10 21:34:52,629] [builder.py:2232]           [INFO]     | TMDb Trending Collection | ? | Now and Then (TVDb: 401411)                                         |
[2022-06-10 21:34:53,705] [builder.py:2232]           [INFO]     | TMDb Trending Collection | ? | The Simpsons (TVDb: 71663)                                          |
[2022-06-10 21:34:54,208] [builder.py:2227]           [ERROR]    | TVDb Error: Name not found from TVDb ID: 371285                                                    |
[2022-06-10 21:34:54,353] [builder.py:2232]           [INFO]     | TMDb Trending Collection | ? | The Book of Boba Fett (TVDb: 393589)                                |
[2022-06-10 21:34:54,457] [builder.py:2232]           [INFO]     | TMDb Trending Collection | ? | Physical (TVDb: 396346)                                             |
[2022-06-10 21:34:54,575] [builder.py:2232]           [INFO]     | TMDb Trending Collection | ? | The Flight Attendant (TVDb: 366625)                                 |
[2022-06-10 21:34:54,646] [builder.py:2232]           [INFO]     | TMDb Trending Collection | ? | Legacies (TVDb: 349309)                                             |
[2022-06-10 21:34:54,719] [builder.py:2232]           [INFO]     | TMDb Trending Collection | ? | Pistol (TVDb: 394966)                                               |
[2022-06-10 21:34:55,434] [builder.py:2232]           [INFO]     | TMDb Trending Collection | ? | Squid Game (TVDb: 383275)                                           |
[2022-06-10 21:34:56,012] [builder.py:2232]           [INFO]     | TMDb Trending Collection | ? | The Baby (TVDb: 393566)                                             |
[2022-06-10 21:34:56,120] [builder.py:2232]           [INFO]     | TMDb Trending Collection | ? | Hacks (2021) (TVDb: 401582)                                         |
[2022-06-10 21:34:56,346] [builder.py:2232]           [INFO]     | TMDb Trending Collection | ? | Riverdale (TVDb: 311954)                                            |
[2022-06-10 21:34:57,131] [builder.py:2232]           [INFO]     | TMDb Trending Collection | ? | Mayans M.C. (TVDb: 349659)                                          |
[2022-06-10 21:34:57,477] [builder.py:2232]           [INFO]     | TMDb Trending Collection | ? | Hawkeye (2021) (TVDb: 367146)                                       |
[2022-06-10 21:34:57,699] [builder.py:2232]           [INFO]     | TMDb Trending Collection | ? | Lucifer (TVDb: 295685)                                              |
[2022-06-10 21:34:57,799] [builder.py:2232]           [INFO]     | TMDb Trending Collection | ? | Keep Sweet: Pray and Obey (TVDb: 420590)                            |
[2022-06-10 21:34:57,874] [builder.py:2232]           [INFO]     | TMDb Trending Collection | ? | Link: Eat, Love, Kill (TVDb: 396069)                                |
[2022-06-10 21:34:57,953] [builder.py:2232]           [INFO]     | TMDb Trending Collection | ? | She-Hulk: Attorney at Law (TVDb: 368613)                            |
[2022-06-10 21:34:58,124] [builder.py:2232]           [INFO]     | TMDb Trending Collection | ? | Tom Swift (TVDb: 409361)                                            |
[2022-06-10 21:34:58,338] [builder.py:2232]           [INFO]     | TMDb Trending Collection | ? | Dragon Ball Z (TVDb: 81472)                                         |
[2022-06-10 21:34:59,747] [builder.py:2232]           [INFO]     | TMDb Trending Collection | ? | Naruto (TVDb: 78857)                                                |
[2022-06-10 21:35:00,097] [builder.py:2232]           [INFO]     | TMDb Trending Collection | ? | Ozark (TVDb: 329089)                                                |
[2022-06-10 21:35:01,184] [builder.py:2232]           [INFO]     | TMDb Trending Collection | ? | Severance (TVDb: 371980)                                            |
[2022-06-10 21:35:02,441] [builder.py:2232]           [INFO]     | TMDb Trending Collection | ? | EVE (2022) (TVDb: 416548)                                           |
[2022-06-10 21:35:03,015] [builder.py:2232]           [INFO]     | TMDb Trending Collection | ? | Why Her? (TVDb: 406183)                                             |
[2022-06-10 21:35:04,231] [builder.py:2232]           [INFO]     | TMDb Trending Collection | ? | Friends (TVDb: 79168)                                               |
[2022-06-10 21:35:04,414] [builder.py:2232]           [INFO]     | TMDb Trending Collection | ? | Who Killed Sara? (TVDb: 397412)                                     |
[2022-06-10 21:35:04,549] [builder.py:2232]           [INFO]     | TMDb Trending Collection | ? | The Rising of the Shield Hero (TVDb: 353712)                        |
[2022-06-10 21:35:04,631] [builder.py:2232]           [INFO]     | TMDb Trending Collection | ? | The Good Doctor (TVDb: 328634)                                      |
[2022-06-10 21:35:04,715] [builder.py:2232]           [INFO]     | TMDb Trending Collection | ? | Doctor Lawyer (TVDb: 406205)                                        |
[2022-06-10 21:35:04,856] [builder.py:2232]           [INFO]     | TMDb Trending Collection | ? | Euphoria (US) (TVDb: 360261)                                        |
[2022-06-10 21:35:05,107] [builder.py:2232]           [INFO]     | TMDb Trending Collection | ? | Doctor Who (2005) (TVDb: 78804)                                     |
[2022-06-10 21:35:05,457] [builder.py:2232]           [INFO]     | TMDb Trending Collection | ? | Billy the Kid (TVDb: 402256)                                        |
[2022-06-10 21:35:05,916] [builder.py:2232]           [INFO]     | TMDb Trending Collection | ? | The Falcon and the Winter Soldier (TVDb: 362496)                    |
[2022-06-10 21:35:06,426] [builder.py:2232]           [INFO]     | TMDb Trending Collection | ? | Tokyo Vice (TVDb: 366624)                                           |
[2022-06-10 21:35:06,653] [builder.py:2232]           [INFO]     | TMDb Trending Collection | ? | This Is Us (TVDb: 311714)                                           |
[2022-06-10 21:35:06,715] [builder.py:2232]           [INFO]     | TMDb Trending Collection | ? | My Liberation Notes (TVDb: 401548)                                  |
[2022-06-10 21:35:07,165] [builder.py:2232]           [INFO]     | TMDb Trending Collection | ? | Naruto Shippuden (TVDb: 79824)                                      |
[2022-06-10 21:35:07,615] [builder.py:2232]           [INFO]     | TMDb Trending Collection | ? | The Big Bang Theory (TVDb: 80379)                                   |
[2022-06-10 21:35:07,621] [builder.py:2232]           [INFO]     | TMDb Trending Collection | ? | Marvel's Daredevil (TVDb: 281662)                                   |
[2022-06-10 21:35:08,520] [builder.py:2232]           [INFO]     | TMDb Trending Collection | ? | What If…? (TVDb: 367147)                                            |
[2022-06-10 21:35:08,799] [builder.py:2232]           [INFO]     | TMDb Trending Collection | ? | All of Us Are Dead (TVDb: 382142)                                   |
[2022-06-10 21:35:08,908] [builder.py:2232]           [INFO]     | TMDb Trending Collection | ? | Family Guy (TVDb: 75978)                                            |
[2022-06-10 21:35:08,909] [builder.py:2237]           [INFO]     |                                                                                                    |
[2022-06-10 21:35:08,910] [builder.py:2238]           [INFO]     | 96 Shows Missing                                                                                   |
[2022-06-10 21:35:08,911] [plex_meta_manager.py:593]  [INFO]     |                                                                                                    |
[2022-06-10 21:35:08,911] [plex_meta_manager.py:594]  [INFO]     | Collection Minimum: 1 not met for TMDb Trending Collection                                         |
[2022-06-10 21:35:08,912] [plex_meta_manager.py:674]  [INFO]     |                                                                                                    |
[2022-06-10 21:35:08,912] [plex_meta_manager.py:675]  [INFO]     |====================================================================================================|
[2022-06-10 21:35:08,913] [plex_meta_manager.py:675]  [INFO]     |                                 Finished TMDb Trending Collection                                  |
[2022-06-10 21:35:08,913] [plex_meta_manager.py:675]  [INFO]     |                                    Collection Run Time: 0:00:38                                    |
[2022-06-10 21:35:08,913] [plex_meta_manager.py:675]  [INFO]     |====================================================================================================|
