[2022-07-08 01:48:14,636] [builder.py:185]            [INFO]     |====================================================================================================|
[2022-07-08 01:48:14,637] [builder.py:185]            [INFO]     |                                 Best of 1930s Collection in Movies                                 |
[2022-07-08 01:48:14,637] [builder.py:185]            [INFO]     |====================================================================================================|
[2022-07-08 01:48:14,637] [builder.py:186]            [INFO]     |                                                                                                    |
[2022-07-08 01:48:14,638] [builder.py:191]            [INFO]     |=============================== Validating Best of 1930s Attributes ================================|
[2022-07-08 01:48:14,638] [builder.py:212]            [DEBUG]    |                                                                                                    |
[2022-07-08 01:48:14,638] [builder.py:213]            [DEBUG]    | Validating Method: template                                                                        |
[2022-07-08 01:48:14,638] [meta.py:103]               [DEBUG]    | Value: [{'value': ['1930'], 'decade': ['1930'], 'key_name': '1930s', 'key': '1930', 'name': 'decade_dynamic'}, {'value': ['1930'], 'decade': ['1930'], 'key_name': '1930s', 'key': '1930', 'name': 'shared'}] |
[2022-07-08 01:48:14,641] [builder.py:1675]           [INFO]     |                                                                                                    |
[2022-07-08 01:48:14,641] [builder.py:1676]           [INFO]     | Validating Method: smart_filter                                                                    |
[2022-07-08 01:48:14,641] [builder.py:1682]           [DEBUG]    | Value: {'sort_by': 'critic_rating.desc', 'any': {'decade': ['1930']}, 'limit': 100}                |
[2022-07-08 01:48:14,642] [builder.py:600]            [DEBUG]    |                                                                                                    |
[2022-07-08 01:48:14,642] [builder.py:604]            [DEBUG]    | Validating Method: label                                                                           |
[2022-07-08 01:48:14,642] [builder.py:605]            [DEBUG]    | Value: Decade                                                                                      |
[2022-07-08 01:48:14,643] [builder.py:600]            [DEBUG]    |                                                                                                    |
[2022-07-08 01:48:14,643] [builder.py:604]            [DEBUG]    | Validating Method: url_poster                                                                      |
[2022-07-08 01:48:14,643] [builder.py:605]            [DEBUG]    | Value: https://raw.githubusercontent.com/meisnate12/Plex-Meta-Manager-Images/master/decade/best/1930.jpg |
[2022-07-08 01:48:14,935] [builder.py:600]            [DEBUG]    |                                                                                                    |
[2022-07-08 01:48:14,936] [builder.py:604]            [DEBUG]    | Validating Method: sort_title                                                                      |
[2022-07-08 01:48:14,936] [builder.py:605]            [DEBUG]    | Value: !12_Best of 1930s                                                                           |
[2022-07-08 01:48:15,305] [builder.py:764]            [INFO]     |                                                                                                    |
[2022-07-08 01:48:15,306] [builder.py:765]            [INFO]     | Validation Successful                                                                              |
[2022-07-08 01:48:15,306] [plex_meta_manager.py:539]  [INFO]     |                                                                                                    |
[2022-07-08 01:48:15,307] [plex_meta_manager.py:541]  [INFO]     |================================= Running Best of 1930s Collection =================================|
[2022-07-08 01:48:15,307] [plex_meta_manager.py:547]  [INFO]     |                                                                                                    |
[2022-07-08 01:48:15,307] [plex_meta_manager.py:548]  [INFO]     | Smart Movie Filter                                                                                 |
                                                                 | Sort By: critic_rating.desc
                                                                 | Limit: 100
                                                                 | Filter:
                                                                 |   Match any of the following:
                                                                 |     Decade is 1930
[2022-07-08 01:48:15,681] [builder.py:2383]           [INFO]     | 
[2022-07-08 01:48:15,681] [builder.py:2384]           [INFO]     |=========================== Updating Details of Best of 1930s Collection ===========================|
[2022-07-08 01:48:15,682] [builder.py:2385]           [INFO]     |                                                                                                    |
[2022-07-08 01:48:15,704] [builder.py:2446]           [INFO]     | Collection Metadata Edits                                                                          |
[2022-07-08 01:48:15,704] [util.py:150]               [DEBUG]    | 1 poster found:                                                                                    |
[2022-07-08 01:48:15,705] [util.py:152]               [DEBUG]    | Method: url_poster Poster: https://raw.githubusercontent.com/meisnate12/Plex-Meta-Manager-Images/master/decade/best/1930.jpg |
[2022-07-08 01:48:15,707] [library.py:155]            [INFO]     | Detail: poster update not needed                                                                   |
[2022-07-08 01:48:16,063] [plex_meta_manager.py:674]  [INFO]     |                                                                                                    |
[2022-07-08 01:48:16,063] [plex_meta_manager.py:675]  [INFO]     |====================================================================================================|
[2022-07-08 01:48:16,064] [plex_meta_manager.py:675]  [INFO]     |                                 Finished Best of 1930s Collection                                  |
[2022-07-08 01:48:16,064] [plex_meta_manager.py:675]  [INFO]     |                                    Collection Run Time: 0:00:01                                    |
[2022-07-08 01:48:16,064] [plex_meta_manager.py:675]  [INFO]     |====================================================================================================|
