[2022-07-08 01:57:29,081] [builder.py:185]            [INFO]     |====================================================================================================|
[2022-07-08 01:57:29,082] [builder.py:185]            [INFO]     |                                 TMDb Trending Collection in Movies                                 |
[2022-07-08 01:57:29,083] [builder.py:185]            [INFO]     |====================================================================================================|
[2022-07-08 01:57:29,083] [builder.py:186]            [INFO]     |                                                                                                    |
[2022-07-08 01:57:29,083] [builder.py:191]            [INFO]     |=============================== Validating TMDb Trending Attributes ================================|
[2022-07-08 01:57:29,084] [builder.py:212]            [DEBUG]    |                                                                                                    |
[2022-07-08 01:57:29,084] [builder.py:213]            [DEBUG]    | Validating Method: template                                                                        |
[2022-07-08 01:57:29,084] [meta.py:103]               [DEBUG]    | Value: [ordereddict([('name', 'trending')]), ordereddict([('name', 'customsync')]), ordereddict([('name', 'chart_shared'), ('key', 'trending')])] |
[2022-07-08 01:57:29,090] [builder.py:437]            [DEBUG]    |                                                                                                    |
[2022-07-08 01:57:29,090] [builder.py:438]            [DEBUG]    | Validating Method: sync_mode                                                                       |
[2022-07-08 01:57:29,090] [builder.py:442]            [DEBUG]    | Value: sync                                                                                        |
[2022-07-08 01:57:29,090] [builder.py:582]            [DEBUG]    |                                                                                                    |
[2022-07-08 01:57:29,091] [builder.py:583]            [DEBUG]    | Validating Method: collection_order                                                                |
[2022-07-08 01:57:29,091] [builder.py:584]            [DEBUG]    | Value: custom                                                                                      |
[2022-07-08 01:57:29,091] [builder.py:600]            [DEBUG]    |                                                                                                    |
[2022-07-08 01:57:29,092] [builder.py:604]            [DEBUG]    | Validating Method: tmdb_trending_weekly                                                            |
[2022-07-08 01:57:29,092] [builder.py:605]            [DEBUG]    | Value: 100                                                                                         |
[2022-07-08 01:57:29,092] [builder.py:600]            [DEBUG]    |                                                                                                    |
[2022-07-08 01:57:29,093] [builder.py:604]            [DEBUG]    | Validating Method: summary                                                                         |
[2022-07-08 01:57:29,093] [builder.py:605]            [DEBUG]    | Value: A collection of movies trending on TMDb                                                     |
[2022-07-08 01:57:29,093] [builder.py:600]            [DEBUG]    |                                                                                                    |
[2022-07-08 01:57:29,093] [builder.py:604]            [DEBUG]    | Validating Method: sort_title                                                                      |
[2022-07-08 01:57:29,094] [builder.py:605]            [DEBUG]    | Value: !01_TMDb Trending                                                                           |
[2022-07-08 01:57:29,094] [builder.py:600]            [DEBUG]    |                                                                                                    |
[2022-07-08 01:57:29,094] [builder.py:604]            [DEBUG]    | Validating Method: url_poster                                                                      |
[2022-07-08 01:57:29,095] [builder.py:605]            [DEBUG]    | Value: https://raw.githubusercontent.com/meisnate12/Plex-Meta-Manager-Images/master/chart/TMDb%20Trending.jpg |
[2022-07-08 01:57:29,809] [builder.py:764]            [INFO]     |                                                                                                    |
[2022-07-08 01:57:29,810] [builder.py:765]            [INFO]     | Validation Successful                                                                              |
[2022-07-08 01:57:29,812] [plex_meta_manager.py:539]  [INFO]     |                                                                                                    |
[2022-07-08 01:57:29,813] [plex_meta_manager.py:541]  [INFO]     |================================= Running TMDb Trending Collection =================================|
[2022-07-08 01:57:29,813] [plex_meta_manager.py:553]  [INFO]     |                                                                                                    |
[2022-07-08 01:57:29,813] [plex_meta_manager.py:554]  [INFO]     | Sync Mode: sync                                                                                    |
[2022-07-08 01:57:29,814] [plex_meta_manager.py:557]  [DEBUG]    |                                                                                                    |
[2022-07-08 01:57:29,814] [plex_meta_manager.py:558]  [DEBUG]    | Builder: tmdb_trending_weekly: 100                                                                 |
[2022-07-08 01:57:29,814] [plex_meta_manager.py:559]  [INFO]     |                                                                                                    |
[2022-07-08 01:57:30,763] [tmdb.py:344]               [INFO]     | Processing TMDb Trending Weekly: 100 Movies                                                        |
[2022-07-08 01:57:30,764] [builder.py:1507]           [DEBUG]    |                                                                                                    |
[2022-07-08 01:57:30,764] [builder.py:1508]           [DEBUG]    | 100 IDs Found: [(453395, 'tmdb'), (507086, 'tmdb'), (616037, 'tmdb'), (759175, 'tmdb'), (438148, 'tmdb'), (361743, 'tmdb'), (667739, 'tmdb'), (338953, 'tmdb'), (545611, 'tmdb'), (634649, 'tmdb'), (615469, 'tmdb'), (718789, 'tmdb'), (526896, 'tmdb'), (414906, 'tmdb'), (648579, 'tmdb'), (675353, 'tmdb'), (614934, 'tmdb'), (759054, 'tmdb'), (819876, 'tmdb'), (639933, 'tmdb'), (756999, 'tmdb'), (916719, 'tmdb'), (780609, 'tmdb'), (629542, 'tmdb'), (888195, 'tmdb'), (705861, 'tmdb'), (335787, 'tmdb'), (884315, 'tmdb'), (793961, 'tmdb'), (752623, 'tmdb'), (820446, 'tmdb'), (744, 'tmdb'), (807356, 'tmdb'), (745376, 'tmdb'), (818397, 'tmdb'), (763285, 'tmdb'), (667642, 'tmdb'), (284052, 'tmdb'), (746419, 'tmdb'), (671, 'tmdb'), (299536, 'tmdb'), (299534, 'tmdb'), (968438, 'tmdb'), (828947, 'tmdb'), (814340, 'tmdb'), (406759, 'tmdb'), (831946, 'tmdb'), (843847, 'tmdb'), (438631, 'tmdb'), (758330, 'tmdb'), (524434, 'tmdb'), (624860, 'tmdb'), (778855, 'tmdb'), (11, 'tmdb'), (610150, 'tmdb'), (508947, 'tmdb'), (809140, 'tmdb'), (370172, 'tmdb'), (661231, 'tmdb'), (420821, 'tmdb'), (329, 'tmdb'), (284053, 'tmdb'), (829557, 'tmdb'), (990982, 'tmdb'), (135397, 'tmdb'), (497698, 'tmdb'), (24428, 'tmdb'), (852592, 'tmdb'), (893338, 'tmdb'), (880313, 'tmdb'), (1726, 'tmdb'), (19995, 'tmdb'), (566525, 'tmdb'), (10195, 'tmdb'), (698128, 'tmdb'), (746333, 'tmdb'), (137113, 'tmdb'), (532710, 'tmdb'), (875104, 'tmdb'), (568124, 'tmdb'), (438695, 'tmdb'), (120, 'tmdb'), (975714, 'tmdb'), (351286, 'tmdb'), (580489, 'tmdb'), (736732, 'tmdb'), (579974, 'tmdb'), (238, 'tmdb'), (315635, 'tmdb'), (961484, 'tmdb'), (284054, 'tmdb'), (626735, 'tmdb'), (705996, 'tmdb'), (974961, 'tmdb'), (777831, 'tmdb'), (429617, 'tmdb'), (299537, 'tmdb'), (557, 'tmdb'), (597, 'tmdb'), (385128, 'tmdb')] |
[2022-07-08 01:57:30,764] [builder.py:1509]           [DEBUG]    |                                                                                                    |
[2022-07-08 01:57:30,768] [builder.py:2009]           [INFO]     |                                                                                                    |
[2022-07-08 01:57:30,768] [builder.py:2010]           [INFO]     |================================ Adding to TMDb Trending Collection ================================|
[2022-07-08 01:57:30,769] [builder.py:2011]           [INFO]     |                                                                                                    |
[2022-07-08 01:57:30,769] [builder.py:2025]           [INFO]     | 1/7 | TMDb Trending Collection | = | Star Wars (1977)                                              |
[2022-07-08 01:57:30,770] [builder.py:2025]           [INFO]     | 2/7 | TMDb Trending Collection | = | Avatar (2009)                                                 |
[2022-07-08 01:57:30,770] [builder.py:2025]           [INFO]     | 3/7 | TMDb Trending Collection | = | Shang-Chi and the Legend of the Ten Rings (2021)              |
[2022-07-08 01:57:30,770] [builder.py:2025]           [INFO]     | 4/7 | TMDb Trending Collection | + | Sing 2 (2021)                                                 |
[2022-07-08 01:57:30,834] [builder.py:2025]           [INFO]     | 5/7 | TMDb Trending Collection | + | The Lord of the Rings: The Fellowship of the Ring (2001)      |
[2022-07-08 01:57:30,905] [builder.py:2025]           [INFO]     | 6/7 | TMDb Trending Collection | = | The Godfather (1972)                                          |
[2022-07-08 01:57:30,905] [builder.py:2025]           [INFO]     | 7/7 | TMDb Trending Collection | = | Titanic (1997)                                                |
[2022-07-08 01:57:30,906] [builder.py:2045]           [INFO]     |                                                                                                    |
[2022-07-08 01:57:30,906] [builder.py:2046]           [INFO]     | 7 Movies Processed                                                                                 |
[2022-07-08 01:57:30,906] [builder.py:2172]           [INFO]     |                                                                                                    |
[2022-07-08 01:57:30,907] [builder.py:2173]           [INFO]     |=============================== Missing Movies from Library: Movies ================================|
[2022-07-08 01:57:30,907] [builder.py:2174]           [INFO]     |                                                                                                    |
[2022-07-08 01:57:31,155] [builder.py:2187]           [INFO]     | TMDb Trending Collection | ? | Doctor Strange in the Multiverse of Madness (2022) (TMDb: 453395)   |
[2022-07-08 01:57:31,555] [builder.py:2187]           [INFO]     | TMDb Trending Collection | ? | Jurassic World Dominion (2022) (TMDb: 507086)                       |
[2022-07-08 01:57:31,811] [builder.py:2187]           [INFO]     | TMDb Trending Collection | ? | Thor: Love and Thunder (2022) (TMDb: 616037)                        |
[2022-07-08 01:57:32,044] [builder.py:2187]           [INFO]     | TMDb Trending Collection | ? | The Princess (2022) (TMDb: 759175)                                  |
[2022-07-08 01:57:32,235] [builder.py:2187]           [INFO]     | TMDb Trending Collection | ? | Minions: The Rise of Gru (2022) (TMDb: 438148)                      |
[2022-07-08 01:57:32,436] [builder.py:2187]           [INFO]     | TMDb Trending Collection | ? | Top Gun: Maverick (2022) (TMDb: 361743)                             |
[2022-07-08 01:57:32,677] [builder.py:2187]           [INFO]     | TMDb Trending Collection | ? | The Man From Toronto (2022) (TMDb: 667739)                          |
[2022-07-08 01:57:32,894] [builder.py:2187]           [INFO]     | TMDb Trending Collection | ? | Fantastic Beasts: The Secrets of Dumbledore (2022) (TMDb: 338953)   |
[2022-07-08 01:57:33,060] [builder.py:2187]           [INFO]     | TMDb Trending Collection | ? | Everything Everywhere All at Once (2022) (TMDb: 545611)             |
[2022-07-08 01:57:33,222] [builder.py:2187]           [INFO]     | TMDb Trending Collection | ? | Spider-Man: No Way Home (2021) (TMDb: 634649)                       |
[2022-07-08 01:57:33,677] [builder.py:2187]           [INFO]     | TMDb Trending Collection | ? | Spiderhead (2022) (TMDb: 615469)                                    |
[2022-07-08 01:57:34,100] [builder.py:2187]           [INFO]     | TMDb Trending Collection | ? | Lightyear (2022) (TMDb: 718789)                                     |
[2022-07-08 01:57:34,260] [builder.py:2187]           [INFO]     | TMDb Trending Collection | ? | Morbius (2022) (TMDb: 526896)                                       |
[2022-07-08 01:57:34,500] [builder.py:2187]           [INFO]     | TMDb Trending Collection | ? | The Batman (2022) (TMDb: 414906)                                    |
[2022-07-08 01:57:34,660] [builder.py:2187]           [INFO]     | TMDb Trending Collection | ? | The Unbearable Weight of Massive Talent (2022) (TMDb: 648579)       |
[2022-07-08 01:57:34,822] [builder.py:2187]           [INFO]     | TMDb Trending Collection | ? | Sonic the Hedgehog 2 (2022) (TMDb: 675353)                          |
[2022-07-08 01:57:35,033] [builder.py:2187]           [INFO]     | TMDb Trending Collection | ? | Elvis (2022) (TMDb: 614934)                                         |
[2022-07-08 01:57:35,222] [builder.py:2187]           [INFO]     | TMDb Trending Collection | ? | Rise (2022) (TMDb: 759054)                                          |
[2022-07-08 01:57:35,469] [builder.py:2187]           [INFO]     | TMDb Trending Collection | ? | Crimes of the Future (2022) (TMDb: 819876)                          |
[2022-07-08 01:57:35,711] [builder.py:2187]           [INFO]     | TMDb Trending Collection | ? | The Northman (2022) (TMDb: 639933)                                  |
[2022-07-08 01:57:35,933] [builder.py:2187]           [INFO]     | TMDb Trending Collection | ? | The Black Phone (2022) (TMDb: 756999)                               |
[2022-07-08 01:57:36,122] [builder.py:2187]           [INFO]     | TMDb Trending Collection | ? | Code Name Banshee (2022) (TMDb: 916719)                             |
[2022-07-08 01:57:36,300] [builder.py:2187]           [INFO]     | TMDb Trending Collection | ? | Men (2022) (TMDb: 780609)                                           |
[2022-07-08 01:57:36,535] [builder.py:2187]           [INFO]     | TMDb Trending Collection | ? | The Bad Guys (2022) (TMDb: 629542)                                  |
[2022-07-08 01:57:36,800] [builder.py:2187]           [INFO]     | TMDb Trending Collection | ? | Hot Seat (2022) (TMDb: 888195)                                      |
[2022-07-08 01:57:37,022] [builder.py:2187]           [INFO]     | TMDb Trending Collection | ? | Hustle (2022) (TMDb: 705861)                                        |
[2022-07-08 01:57:37,277] [builder.py:2187]           [INFO]     | TMDb Trending Collection | ? | Uncharted (2022) (TMDb: 335787)                                     |
[2022-07-08 01:57:37,488] [builder.py:2187]           [INFO]     | TMDb Trending Collection | ? | Terror on the Prairie (2022) (TMDb: 884315)                         |
[2022-07-08 01:57:37,778] [builder.py:2187]           [INFO]     | TMDb Trending Collection | ? | Rubikon (2022) (TMDb: 793961)                                       |
[2022-07-08 01:57:38,035] [builder.py:2187]           [INFO]     | TMDb Trending Collection | ? | The Lost City (2022) (TMDb: 752623)                                 |
[2022-07-08 01:57:38,355] [builder.py:2187]           [INFO]     | TMDb Trending Collection | ? | Downton Abbey: A New Era (2022) (TMDb: 820446)                      |
[2022-07-08 01:57:38,678] [builder.py:2187]           [INFO]     | TMDb Trending Collection | ? | Top Gun (1986) (TMDb: 744)                                          |
[2022-07-08 01:57:38,922] [builder.py:2187]           [INFO]     | TMDb Trending Collection | ? | Watcher (2022) (TMDb: 807356)                                       |
[2022-07-08 01:57:39,160] [builder.py:2187]           [INFO]     | TMDb Trending Collection | ? | Hello, Goodbye and Everything In Between (2022) (TMDb: 745376)      |
[2022-07-08 01:57:39,422] [builder.py:2187]           [INFO]     | TMDb Trending Collection | ? | Memory (2022) (TMDb: 818397)                                        |
[2022-07-08 01:57:39,666] [builder.py:2187]           [INFO]     | TMDb Trending Collection | ? | Ambulance (2022) (TMDb: 763285)                                     |
[2022-07-08 01:57:40,022] [builder.py:2187]           [INFO]     | TMDb Trending Collection | ? | Beauty (2022) (TMDb: 667642)                                        |
[2022-07-08 01:57:40,289] [builder.py:2187]           [INFO]     | TMDb Trending Collection | ? | Doctor Strange (2016) (TMDb: 284052)                                |
[2022-07-08 01:57:40,768] [builder.py:2187]           [INFO]     | TMDb Trending Collection | ? | Father of the Bride (2022) (TMDb: 746419)                           |
[2022-07-08 01:57:41,044] [builder.py:2187]           [INFO]     | TMDb Trending Collection | ? | Harry Potter and the Philosopher's Stone (2001) (TMDb: 671)         |
[2022-07-08 01:57:41,289] [builder.py:2187]           [INFO]     | TMDb Trending Collection | ? | Avengers: Infinity War (2018) (TMDb: 299536)                        |
[2022-07-08 01:57:41,502] [builder.py:2187]           [INFO]     | TMDb Trending Collection | ? | Avengers: Endgame (2019) (TMDb: 299534)                             |
[2022-07-08 01:57:41,711] [builder.py:2187]           [INFO]     | TMDb Trending Collection | ? | Love & Gelato (2022) (TMDb: 968438)                                 |
[2022-07-08 01:57:41,922] [builder.py:2187]           [INFO]     | TMDb Trending Collection | ? | Beavis and Butt-Head Do the Universe (2022) (TMDb: 828947)          |
[2022-07-08 01:57:42,244] [builder.py:2187]           [INFO]     | TMDb Trending Collection | ? | Cha Cha Real Smooth (2022) (TMDb: 814340)                           |
[2022-07-08 01:57:42,477] [builder.py:2187]           [INFO]     | TMDb Trending Collection | ? | Moonfall (2022) (TMDb: 406759)                                      |
[2022-07-08 01:57:42,689] [builder.py:2187]           [INFO]     | TMDb Trending Collection | ? | Interceptor (2022) (TMDb: 831946)                                   |
[2022-07-08 01:57:42,844] [builder.py:2187]           [INFO]     | TMDb Trending Collection | ? | Jerry & Marge Go Large (2022) (TMDb: 843847)                        |
[2022-07-08 01:57:43,135] [builder.py:2187]           [INFO]     | TMDb Trending Collection | ? | Dune (2021) (TMDb: 438631)                                          |
[2022-07-08 01:57:43,355] [builder.py:2187]           [INFO]     | TMDb Trending Collection | ? | Good Luck to You, Leo Grande (2022) (TMDb: 758330)                  |
[2022-07-08 01:57:43,633] [builder.py:2187]           [INFO]     | TMDb Trending Collection | ? | Eternals (2021) (TMDb: 524434)                                      |
[2022-07-08 01:57:43,811] [builder.py:2187]           [INFO]     | TMDb Trending Collection | ? | The Matrix Resurrections (2021) (TMDb: 624860)                      |
[2022-07-08 01:57:43,977] [builder.py:2187]           [INFO]     | TMDb Trending Collection | ? | Chickenhare and the Hamster of Darkness (2022) (TMDb: 778855)       |
[2022-07-08 01:57:44,166] [builder.py:2187]           [INFO]     | TMDb Trending Collection | ? | Dragon Ball Super: Super Hero (2022) (TMDb: 610150)                 |
[2022-07-08 01:57:44,344] [builder.py:2187]           [INFO]     | TMDb Trending Collection | ? | Turning Red (2022) (TMDb: 508947)                                   |
[2022-07-08 01:57:44,568] [builder.py:2187]           [INFO]     | TMDb Trending Collection | ? | Father Stu (2022) (TMDb: 809140)                                    |
[2022-07-08 01:57:44,801] [builder.py:2187]           [INFO]     | TMDb Trending Collection | ? | No Time to Die (2021) (TMDb: 370172)                                |
[2022-07-08 01:57:45,022] [builder.py:2187]           [INFO]     | TMDb Trending Collection | ? | Operation Mincemeat (2022) (TMDb: 661231)                           |
[2022-07-08 01:57:45,184] [builder.py:2187]           [INFO]     | TMDb Trending Collection | ? | Chip 'n Dale: Rescue Rangers (2022) (TMDb: 420821)                  |
[2022-07-08 01:57:45,444] [builder.py:2187]           [INFO]     | TMDb Trending Collection | ? | Jurassic Park (1993) (TMDb: 329)                                    |
[2022-07-08 01:57:45,618] [builder.py:2187]           [INFO]     | TMDb Trending Collection | ? | Thor: Ragnarok (2017) (TMDb: 284053)                                |
[2022-07-08 01:57:45,859] [builder.py:2187]           [INFO]     | TMDb Trending Collection | ? | 365 Days: This Day (2022) (TMDb: 829557)                            |
[2022-07-08 01:57:46,034] [builder.py:2187]           [INFO]     | TMDb Trending Collection | ? | Last the Night (2022) (TMDb: 990982)                                |
[2022-07-08 01:57:46,244] [builder.py:2187]           [INFO]     | TMDb Trending Collection | ? | Jurassic World (2015) (TMDb: 135397)                                |
[2022-07-08 01:57:46,444] [builder.py:2187]           [INFO]     | TMDb Trending Collection | ? | Black Widow (2021) (TMDb: 497698)                                   |
[2022-07-08 01:57:46,644] [builder.py:2187]           [INFO]     | TMDb Trending Collection | ? | The Avengers (2012) (TMDb: 24428)                                   |
[2022-07-08 01:57:46,822] [builder.py:2187]           [INFO]     | TMDb Trending Collection | ? | Centauro (2022) (TMDb: 852592)                                      |
[2022-07-08 01:57:46,993] [builder.py:2187]           [INFO]     | TMDb Trending Collection | ? | Gatlopp: Hell of a Game (2022) (TMDb: 893338)                       |
[2022-07-08 01:57:47,234] [builder.py:2187]           [INFO]     | TMDb Trending Collection | ? | The Wrath of God (2022) (TMDb: 880313)                              |
[2022-07-08 01:57:47,426] [builder.py:2187]           [INFO]     | TMDb Trending Collection | ? | Iron Man (2008) (TMDb: 1726)                                        |
[2022-07-08 01:57:47,618] [builder.py:2187]           [INFO]     | TMDb Trending Collection | ? | Thor (2011) (TMDb: 10195)                                           |
[2022-07-08 01:57:47,922] [builder.py:2187]           [INFO]     | TMDb Trending Collection | ? | Dual (2022) (TMDb: 698128)                                          |
[2022-07-08 01:57:48,101] [builder.py:2187]           [INFO]     | TMDb Trending Collection | ? | Superwho? (2022) (TMDb: 746333)                                     |
[2022-07-08 01:57:48,293] [builder.py:2187]           [INFO]     | TMDb Trending Collection | ? | Edge of Tomorrow (2014) (TMDb: 137113)                              |
[2022-07-08 01:57:48,493] [builder.py:2187]           [INFO]     | TMDb Trending Collection | ? | Firestarter (2022) (TMDb: 532710)                                   |
[2022-07-08 01:57:49,389] [builder.py:2187]           [INFO]     | TMDb Trending Collection | ? | Ip Man: The Awakening (2022) (TMDb: 875104)                         |
[2022-07-08 01:57:49,577] [builder.py:2187]           [INFO]     | TMDb Trending Collection | ? | Encanto (2021) (TMDb: 568124)                                       |
[2022-07-08 01:57:49,755] [builder.py:2187]           [INFO]     | TMDb Trending Collection | ? | Collision (2022) (TMDb: 975714)                                     |
[2022-07-08 01:57:49,922] [builder.py:2187]           [INFO]     | TMDb Trending Collection | ? | Jurassic World: Fallen Kingdom (2018) (TMDb: 351286)                |
[2022-07-08 01:57:50,167] [builder.py:2187]           [INFO]     | TMDb Trending Collection | ? | Venom: Let There Be Carnage (2021) (TMDb: 580489)                   |
[2022-07-08 01:57:50,355] [builder.py:2187]           [INFO]     | TMDb Trending Collection | ? | Broker (2022) (TMDb: 736732)                                        |
[2022-07-08 01:57:50,522] [builder.py:2187]           [INFO]     | TMDb Trending Collection | ? | RRR (2022) (TMDb: 579974)                                           |
[2022-07-08 01:57:50,688] [builder.py:2187]           [INFO]     | TMDb Trending Collection | ? | Spider-Man: Homecoming (2017) (TMDb: 315635)                        |
[2022-07-08 01:57:50,867] [builder.py:2187]           [INFO]     | TMDb Trending Collection | ? | Last Seen Alive (2022) (TMDb: 961484)                               |
[2022-07-08 01:57:51,077] [builder.py:2187]           [INFO]     | TMDb Trending Collection | ? | Black Panther (2018) (TMDb: 284054)                                 |
[2022-07-08 01:57:51,266] [builder.py:2187]           [INFO]     | TMDb Trending Collection | ? | Dog (2022) (TMDb: 626735)                                           |
[2022-07-08 01:57:52,211] [builder.py:2187]           [INFO]     | TMDb Trending Collection | ? | Decision to Leave (2022) (TMDb: 705996)                             |
[2022-07-08 01:57:52,411] [builder.py:2187]           [INFO]     | TMDb Trending Collection | ? | Murder at Yellowstone City (2022) (TMDb: 974961)                    |
[2022-07-08 01:57:52,709] [builder.py:2187]           [INFO]     | TMDb Trending Collection | ? | 9 Bullets (2022) (TMDb: 777831)                                     |
[2022-07-08 01:57:53,022] [builder.py:2187]           [INFO]     | TMDb Trending Collection | ? | Spider-Man: Far From Home (2019) (TMDb: 429617)                     |
[2022-07-08 01:57:53,255] [builder.py:2187]           [INFO]     | TMDb Trending Collection | ? | Captain Marvel (2019) (TMDb: 299537)                                |
[2022-07-08 01:57:53,444] [builder.py:2187]           [INFO]     | TMDb Trending Collection | ? | Spider-Man (2002) (TMDb: 557)                                       |
[2022-07-08 01:57:53,922] [builder.py:2187]           [INFO]     | TMDb Trending Collection | ? | F9 (2021) (TMDb: 385128)                                            |
[2022-07-08 01:57:53,922] [builder.py:2192]           [INFO]     |                                                                                                    |
[2022-07-08 01:57:53,923] [builder.py:2193]           [INFO]     | 93 Movies Missing                                                                                  |
[2022-07-08 01:57:53,941] [builder.py:2383]           [INFO]     |                                                                                                    |
[2022-07-08 01:57:53,941] [builder.py:2384]           [INFO]     |=========================== Updating Details of TMDb Trending Collection ===========================|
[2022-07-08 01:57:53,942] [builder.py:2385]           [INFO]     |                                                                                                    |
[2022-07-08 01:57:53,942] [builder.py:2446]           [INFO]     | Collection Metadata Edits                                                                          |
[2022-07-08 01:57:53,942] [util.py:150]               [DEBUG]    | 1 poster found:                                                                                    |
[2022-07-08 01:57:53,942] [util.py:152]               [DEBUG]    | Method: url_poster Poster: https://raw.githubusercontent.com/meisnate12/Plex-Meta-Manager-Images/master/chart/TMDb%20Trending.jpg |
[2022-07-08 01:57:54,166] [library.py:153]            [INFO]     | Detail: url_poster updated poster to [URL] https://raw.githubusercontent.com/meisnate12/Plex-Meta-Manager-Images/master/chart/TMDb%20Trending.jpg |
[2022-07-08 01:57:54,691] [builder.py:2529]           [INFO]     |                                                                                                    |
[2022-07-08 01:57:54,691] [builder.py:2530]           [INFO]     |================================= Sorting TMDb Trending Collection =================================|
[2022-07-08 01:57:54,692] [builder.py:2531]           [INFO]     |                                                                                                    |
[2022-07-08 01:57:54,692] [builder.py:2547]           [INFO]     | Moving Star Wars (1977) to the beginning                                                           |
[2022-07-08 01:57:54,771] [builder.py:2547]           [INFO]     | Moving Avatar (2009) after Star Wars (1977)                                                        |
[2022-07-08 01:57:54,862] [builder.py:2547]           [INFO]     | Moving Shang-Chi and the Legend of the Ten Rings (2021) after Avatar (2009)                        |
[2022-07-08 01:57:55,130] [builder.py:2547]           [INFO]     | Moving Sing 2 (2021) after Shang-Chi and the Legend of the Ten Rings (2021)                        |
[2022-07-08 01:57:56,119] [builder.py:2547]           [INFO]     | Moving The Lord of the Rings: The Fellowship of the Ring (2001) after Sing 2 (2021)                |
[2022-07-08 01:57:56,259] [builder.py:2547]           [INFO]     | Moving The Godfather (1972) after The Lord of the Rings: The Fellowship of the Ring (2001)         |
[2022-07-08 01:57:56,334] [plex_meta_manager.py:674]  [INFO]     |                                                                                                    |
[2022-07-08 01:57:56,335] [plex_meta_manager.py:675]  [INFO]     |====================================================================================================|
[2022-07-08 01:57:56,335] [plex_meta_manager.py:675]  [INFO]     |                                 Finished TMDb Trending Collection                                  |
[2022-07-08 01:57:56,335] [plex_meta_manager.py:675]  [INFO]     |                                    Collection Run Time: 0:00:27                                    |
[2022-07-08 01:57:56,336] [plex_meta_manager.py:675]  [INFO]     |====================================================================================================|
