[2022-07-08 01:48:09,883] [builder.py:185]            [INFO]     |====================================================================================================|
[2022-07-08 01:48:09,884] [builder.py:185]            [INFO]     |                                 Best of 1950s Collection in Movies                                 |
[2022-07-08 01:48:09,884] [builder.py:185]            [INFO]     |====================================================================================================|
[2022-07-08 01:48:09,884] [builder.py:186]            [INFO]     |                                                                                                    |
[2022-07-08 01:48:09,885] [builder.py:191]            [INFO]     |=============================== Validating Best of 1950s Attributes ================================|
[2022-07-08 01:48:09,885] [builder.py:212]            [DEBUG]    |                                                                                                    |
[2022-07-08 01:48:09,885] [builder.py:213]            [DEBUG]    | Validating Method: template                                                                        |
[2022-07-08 01:48:09,885] [meta.py:103]               [DEBUG]    | Value: [{'value': ['1950'], 'decade': ['1950'], 'key_name': '1950s', 'key': '1950', 'name': 'decade_dynamic'}, {'value': ['1950'], 'decade': ['1950'], 'key_name': '1950s', 'key': '1950', 'name': 'shared'}] |
[2022-07-08 01:48:09,888] [builder.py:1675]           [INFO]     |                                                                                                    |
[2022-07-08 01:48:09,888] [builder.py:1676]           [INFO]     | Validating Method: smart_filter                                                                    |
[2022-07-08 01:48:09,888] [builder.py:1682]           [DEBUG]    | Value: {'sort_by': 'critic_rating.desc', 'any': {'decade': ['1950']}, 'limit': 100}                |
[2022-07-08 01:48:09,889] [builder.py:600]            [DEBUG]    |                                                                                                    |
[2022-07-08 01:48:09,889] [builder.py:604]            [DEBUG]    | Validating Method: label                                                                           |
[2022-07-08 01:48:09,890] [builder.py:605]            [DEBUG]    | Value: Decade                                                                                      |
[2022-07-08 01:48:09,890] [builder.py:600]            [DEBUG]    |                                                                                                    |
[2022-07-08 01:48:09,890] [builder.py:604]            [DEBUG]    | Validating Method: url_poster                                                                      |
[2022-07-08 01:48:09,891] [builder.py:605]            [DEBUG]    | Value: https://raw.githubusercontent.com/meisnate12/Plex-Meta-Manager-Images/master/decade/best/1950.jpg |
[2022-07-08 01:48:10,224] [builder.py:600]            [DEBUG]    |                                                                                                    |
[2022-07-08 01:48:10,225] [builder.py:604]            [DEBUG]    | Validating Method: sort_title                                                                      |
[2022-07-08 01:48:10,225] [builder.py:605]            [DEBUG]    | Value: !12_Best of 1950s                                                                           |
[2022-07-08 01:48:11,005] [builder.py:764]            [INFO]     |                                                                                                    |
[2022-07-08 01:48:11,006] [builder.py:765]            [INFO]     | Validation Successful                                                                              |
[2022-07-08 01:48:11,006] [plex_meta_manager.py:539]  [INFO]     |                                                                                                    |
[2022-07-08 01:48:11,006] [plex_meta_manager.py:541]  [INFO]     |================================= Running Best of 1950s Collection =================================|
[2022-07-08 01:48:11,007] [plex_meta_manager.py:547]  [INFO]     |                                                                                                    |
[2022-07-08 01:48:11,007] [plex_meta_manager.py:548]  [INFO]     | Smart Movie Filter                                                                                 |
                                                                 | Sort By: critic_rating.desc
                                                                 | Limit: 100
                                                                 | Filter:
                                                                 |   Match any of the following:
                                                                 |     Decade is 1950
[2022-07-08 01:48:11,800] [builder.py:2383]           [INFO]     | 
[2022-07-08 01:48:11,800] [builder.py:2384]           [INFO]     |=========================== Updating Details of Best of 1950s Collection ===========================|
[2022-07-08 01:48:11,800] [builder.py:2385]           [INFO]     |                                                                                                    |
[2022-07-08 01:48:11,825] [builder.py:2446]           [INFO]     | Collection Metadata Edits                                                                          |
[2022-07-08 01:48:11,826] [util.py:150]               [DEBUG]    | 1 poster found:                                                                                    |
[2022-07-08 01:48:11,826] [util.py:152]               [DEBUG]    | Method: url_poster Poster: https://raw.githubusercontent.com/meisnate12/Plex-Meta-Manager-Images/master/decade/best/1950.jpg |
[2022-07-08 01:48:11,828] [library.py:155]            [INFO]     | Detail: poster update not needed                                                                   |
[2022-07-08 01:48:12,612] [plex_meta_manager.py:674]  [INFO]     |                                                                                                    |
[2022-07-08 01:48:12,613] [plex_meta_manager.py:675]  [INFO]     |====================================================================================================|
[2022-07-08 01:48:12,613] [plex_meta_manager.py:675]  [INFO]     |                                 Finished Best of 1950s Collection                                  |
[2022-07-08 01:48:12,613] [plex_meta_manager.py:675]  [INFO]     |                                    Collection Run Time: 0:00:02                                    |
[2022-07-08 01:48:12,614] [plex_meta_manager.py:675]  [INFO]     |====================================================================================================|
