[2022-07-08 03:27:33,953] [builder.py:185]            [INFO]     |====================================================================================================|
[2022-07-08 03:27:33,954] [builder.py:185]            [INFO]     |                                    IMDB Top250 (2010年) Playlist                                    |
[2022-07-08 03:27:33,954] [builder.py:185]            [INFO]     |====================================================================================================|
[2022-07-08 03:27:33,955] [builder.py:186]            [INFO]     |                                                                                                    |
[2022-07-08 03:27:33,956] [builder.py:191]            [INFO]     |============================ Validating IMDB Top250 (2010年) Attributes =============================|
[2022-07-08 03:27:33,956] [builder.py:212]            [DEBUG]    |                                                                                                    |
[2022-07-08 03:27:33,956] [builder.py:213]            [DEBUG]    | Validating Method: template                                                                        |
[2022-07-08 03:27:33,957] [meta.py:103]               [DEBUG]    | Value: [ordereddict([('name', 'playlist')])]                                                       |
[2022-07-08 03:27:33,958] [builder.py:259]            [DEBUG]    |                                                                                                    |
[2022-07-08 03:27:33,958] [builder.py:260]            [DEBUG]    | Validating Method: libraries                                                                       |
[2022-07-08 03:27:33,959] [builder.py:263]            [DEBUG]    | Value: Movies, 亚洲电影                                                                                |
[2022-07-08 03:27:33,959] [builder.py:272]            [DEBUG]    |                                                                                                    |
[2022-07-08 03:27:33,960] [builder.py:273]            [DEBUG]    | Validating Method: sync_to_users                                                                   |
[2022-07-08 03:27:33,960] [builder.py:274]            [DEBUG]    | Value: all                                                                                         |
[2022-07-08 03:27:33,960] [builder.py:437]            [DEBUG]    |                                                                                                    |
[2022-07-08 03:27:33,961] [builder.py:438]            [DEBUG]    | Validating Method: sync_mode                                                                       |
[2022-07-08 03:27:33,961] [builder.py:442]            [DEBUG]    | Value: sync                                                                                        |
[2022-07-08 03:27:33,962] [builder.py:600]            [DEBUG]    |                                                                                                    |
[2022-07-08 03:27:33,962] [builder.py:604]            [DEBUG]    | Validating Method: trakt_list                                                                      |
[2022-07-08 03:27:33,962] [builder.py:605]            [DEBUG]    | Value: https://trakt.tv/users/bpsim/lists/imdb-top-250-year-of-2010                                |
[2022-07-08 03:27:34,258] [builder.py:600]            [DEBUG]    |                                                                                                    |
[2022-07-08 03:27:34,259] [builder.py:604]            [DEBUG]    | Validating Method: summary                                                                         |
[2022-07-08 03:27:34,259] [builder.py:605]            [DEBUG]    | Value: Oscar's best picture of the year.                                                           |
[2022-07-08 03:27:34,260] [builder.py:600]            [DEBUG]    |                                                                                                    |
[2022-07-08 03:27:34,260] [builder.py:604]            [DEBUG]    | Validating Method: url_poster                                                                      |
[2022-07-08 03:27:34,261] [builder.py:605]            [DEBUG]    | Value: http://1.bp.blogspot.com/-xXABqhqTx3Q/UO-yBML_2MI/AAAAAAAAA74/A930nVncOPI/s1600/imdb-feature.jpg |
[2022-07-08 03:27:34,300] [builder.py:600]            [DEBUG]    |                                                                                                    |
[2022-07-08 03:27:34,300] [builder.py:604]            [DEBUG]    | Validating Method: cache_builders                                                                  |
[2022-07-08 03:27:34,301] [builder.py:605]            [DEBUG]    | Value: 1                                                                                           |
[2022-07-08 03:27:38,959] [builder.py:764]            [INFO]     |                                                                                                    |
[2022-07-08 03:27:38,960] [builder.py:765]            [INFO]     | Validation Successful                                                                              |
[2022-07-08 03:27:38,963] [plex_meta_manager.py:713]  [INFO]     |                                                                                                    |
[2022-07-08 03:27:38,964] [plex_meta_manager.py:715]  [INFO]     |=============================== Running IMDB Top250 (2010年) Playlist ===============================|
[2022-07-08 03:27:38,964] [plex_meta_manager.py:723]  [INFO]     |                                                                                                    |
[2022-07-08 03:27:38,964] [plex_meta_manager.py:724]  [INFO]     | Sync Mode: sync                                                                                    |
[2022-07-08 03:27:38,965] [plex_meta_manager.py:727]  [DEBUG]    |                                                                                                    |
[2022-07-08 03:27:38,965] [plex_meta_manager.py:728]  [DEBUG]    | Builder: trakt_list: https://trakt.tv/users/bpsim/lists/imdb-top-250-year-of-2010                  |
[2022-07-08 03:27:38,966] [plex_meta_manager.py:729]  [INFO]     |                                                                                                    |
[2022-07-08 03:27:38,968] [trakt.py:482]              [INFO]     | Processing Trakt List: https://trakt.tv/users/bpsim/lists/imdb-top-250-year-of-2010                |
[2022-07-08 03:27:40,069] [builder.py:1507]           [DEBUG]    |                                                                                                    |
[2022-07-08 03:27:40,071] [builder.py:1508]           [DEBUG]    | 250 IDs Found: [(278, 'tmdb'), (238, 'tmdb'), (240, 'tmdb'), (429, 'tmdb'), (680, 'tmdb'), (27205, 'tmdb'), (424, 'tmdb'), (389, 'tmdb'), (510, 'tmdb'), (155, 'tmdb'), (1891, 'tmdb'), (122, 'tmdb'), (346, 'tmdb'), (11, 'tmdb'), (550, 'tmdb'), (769, 'tmdb'), (289, 'tmdb'), (598, 'tmdb'), (120, 'tmdb'), (335, 'tmdb'), (567, 'tmdb'), (85, 'tmdb'), (539, 'tmdb'), (629, 'tmdb'), (603, 'tmdb'), (10193, 'tmdb'), (274, 'tmdb'), (807, 'tmdb'), (1585, 'tmdb'), (77, 'tmdb'), (121, 'tmdb'), (599, 'tmdb'), (13, 'tmdb'), (935, 'tmdb'), (101, 'tmdb'), (28, 'tmdb'), (15, 'tmdb'), (213, 'tmdb'), (14, 'tmdb'), (73, 'tmdb'), (103, 'tmdb'), (280, 'tmdb'), (857, 'tmdb'), (426, 'tmdb'), (194, 'tmdb'), (348, 'tmdb'), (10681, 'tmdb'), (694, 'tmdb'), (947, 'tmdb'), (129, 'tmdb'), (44214, 'tmdb'), (975, 'tmdb'), (996, 'tmdb'), (423, 'tmdb'), (185, 'tmdb'), (595, 'tmdb'), (582, 'tmdb'), (832, 'tmdb'), (1422, 'tmdb'), (901, 'tmdb'), (679, 'tmdb'), (38, 'tmdb'), (641, 'tmdb'), (387, 'tmdb'), (1092, 'tmdb'), (500, 'tmdb'), (2118, 'tmdb'), (829, 'tmdb'), (3082, 'tmdb'), (3090, 'tmdb'), (637, 'tmdb'), (105, 'tmdb'), (762, 'tmdb'), (1124, 'tmdb'), (1417, 'tmdb'), (1578, 'tmdb'), (11216, 'tmdb'), (872, 'tmdb'), (239, 'tmdb'), (826, 'tmdb'), (548, 'tmdb'), (705, 'tmdb'), (279, 'tmdb'), (311, 'tmdb'), (497, 'tmdb'), (600, 'tmdb'), (62, 'tmdb'), (5156, 'tmdb'), (16869, 'tmdb'), (197, 'tmdb'), (914, 'tmdb'), (284, 'tmdb'), (613, 'tmdb'), (14160, 'tmdb'), (13223, 'tmdb'), (98, 'tmdb'), (19, 'tmdb'), (9277, 'tmdb'), (963, 'tmdb'), (33, 'tmdb'), (1955, 'tmdb'), (3083, 'tmdb'), (187, 'tmdb'), (670, 'tmdb'), (654, 'tmdb'), (89, 'tmdb'), (223, 'tmdb'), (1892, 'tmdb'), (562, 'tmdb'), (5925, 'tmdb'), (272, 'tmdb'), (128, 'tmdb'), (490, 'tmdb'), (578, 'tmdb'), (205, 'tmdb'), (12405, 'tmdb'), (78, 'tmdb'), (275, 'tmdb'), (6977, 'tmdb'), (961, 'tmdb'), (949, 'tmdb'), (630, 'tmdb'), (1480, 'tmdb'), (938, 'tmdb'), (11878, 'tmdb'), (11645, 'tmdb'), (37257, 'tmdb'), (614, 'tmdb'), (107, 'tmdb'), (745, 'tmdb'), (12477, 'tmdb'), (17654, 'tmdb'), (703, 'tmdb'), (141, 'tmdb'), (11778, 'tmdb'), (903, 'tmdb'), (845, 'tmdb'), (288, 'tmdb'), (115, 'tmdb'), (3078, 'tmdb'), (19995, 'tmdb'), (24, 'tmdb'), (8587, 'tmdb'), (792, 'tmdb'), (5915, 'tmdb'), (7345, 'tmdb'), (303, 'tmdb'), (70, 'tmdb'), (862, 'tmdb'), (37799, 'tmdb'), (642, 'tmdb'), (770, 'tmdb'), (631, 'tmdb'), (627, 'tmdb'), (962, 'tmdb'), (982, 'tmdb'), (12163, 'tmdb'), (596, 'tmdb'), (111, 'tmdb'), (665, 'tmdb'), (910, 'tmdb'), (137, 'tmdb'), (37247, 'tmdb'), (583, 'tmdb'), (55, 'tmdb'), (12, 'tmdb'), (2503, 'tmdb'), (218, 'tmdb'), (887, 'tmdb'), (10098, 'tmdb'), (235, 'tmdb'), (100, 'tmdb'), (10191, 'tmdb'), (1091, 'tmdb'), (3782, 'tmdb'), (524, 'tmdb'), (752, 'tmdb'), (63, 'tmdb'), (204, 'tmdb'), (968, 'tmdb'), (25376, 'tmdb'), (2062, 'tmdb'), (827, 'tmdb'), (783, 'tmdb'), (13475, 'tmdb'), (422, 'tmdb'), (2493, 'tmdb'), (821, 'tmdb'), (3112, 'tmdb'), (8392, 'tmdb'), (9806, 'tmdb'), (990, 'tmdb'), (247, 'tmdb'), (405, 'tmdb'), (489, 'tmdb'), (10774, 'tmdb'), (147, 'tmdb'), (8321, 'tmdb'), (44264, 'tmdb'), (576, 'tmdb'), (702, 'tmdb'), (17295, 'tmdb'), (2013, 'tmdb'), (632, 'tmdb'), (9552, 'tmdb'), (797, 'tmdb'), (396, 'tmdb'), (780, 'tmdb'), (9693, 'tmdb'), (11898, 'tmdb'), (521, 'tmdb'), (522, 'tmdb'), (5961, 'tmdb'), (143, 'tmdb'), (13310, 'tmdb'), (1366, 'tmdb'), (587, 'tmdb'), (334, 'tmdb'), (696, 'tmdb'), (24238, 'tmdb'), (322, 'tmdb'), (3175, 'tmdb'), (309, 'tmdb'), (393, 'tmdb'), (805, 'tmdb'), (19426, 'tmdb'), (11202, 'tmdb'), (3063, 'tmdb'), (804, 'tmdb'), (3085, 'tmdb'), (37165, 'tmdb'), (10775, 'tmdb'), (1251, 'tmdb'), (22, 'tmdb'), (981, 'tmdb'), (4935, 'tmdb'), (843, 'tmdb'), (212, 'tmdb'), (23483, 'tmdb'), (11787, 'tmdb'), (993, 'tmdb'), (850, 'tmdb'), (1640, 'tmdb'), (992, 'tmdb'), (110, 'tmdb'), (11697, 'tmdb'), (81, 'tmdb'), (113, 'tmdb'), (1580, 'tmdb'), (900, 'tmdb')] |
[2022-07-08 03:27:40,071] [builder.py:1509]           [DEBUG]    |                                                                                                    |
[2022-07-08 03:27:40,717] [builder.py:2009]           [INFO]     |                                                                                                    |
[2022-07-08 03:27:40,718] [builder.py:2010]           [INFO]     |============================== Adding to IMDB Top250 (2010年) Playlist ==============================|
[2022-07-08 03:27:40,718] [builder.py:2011]           [INFO]     |                                                                                                    |
[2022-07-08 03:27:40,719] [builder.py:2025]           [INFO]     |   1/232 | IMDB Top250 (2010年) Playlist | = | The Shawshank Redemption (1994)                       |
[2022-07-08 03:27:40,720] [builder.py:2025]           [INFO]     |   2/232 | IMDB Top250 (2010年) Playlist | = | The Godfather (1972)                                  |
[2022-07-08 03:27:40,720] [builder.py:2025]           [INFO]     |   3/232 | IMDB Top250 (2010年) Playlist | = | The Godfather: Part II (1974)                         |
[2022-07-08 03:27:40,721] [builder.py:2025]           [INFO]     |   4/232 | IMDB Top250 (2010年) Playlist | = | Il buono, il brutto, il cattivo (1966)                |
[2022-07-08 03:27:40,721] [builder.py:2025]           [INFO]     |   5/232 | IMDB Top250 (2010年) Playlist | = | Pulp Fiction (1994)                                   |
[2022-07-08 03:27:40,722] [builder.py:2025]           [INFO]     |   6/232 | IMDB Top250 (2010年) Playlist | = | Schindler's List (1993)                               |
[2022-07-08 03:27:40,722] [builder.py:2025]           [INFO]     |   7/232 | IMDB Top250 (2010年) Playlist | = | 12 Angry Men (1957)                                   |
[2022-07-08 03:27:40,723] [builder.py:2025]           [INFO]     |   8/232 | IMDB Top250 (2010年) Playlist | = | One Flew Over the Cuckoo's Nest (1975)                |
[2022-07-08 03:27:40,724] [builder.py:2025]           [INFO]     |   9/232 | IMDB Top250 (2010年) Playlist | = | The Dark Knight (2008)                                |
[2022-07-08 03:27:40,725] [builder.py:2025]           [INFO]     |  10/232 | IMDB Top250 (2010年) Playlist | = | Star Wars: Episode V - The Empire Strikes Back (1980) |
[2022-07-08 03:27:40,726] [builder.py:2025]           [INFO]     |  11/232 | IMDB Top250 (2010年) Playlist | = | The Lord of the Rings: The Return of the King (2003)  |
[2022-07-08 03:27:40,726] [builder.py:2025]           [INFO]     |  12/232 | IMDB Top250 (2010年) Playlist | = | 七人の侍 (1954)                                           |
[2022-07-08 03:27:40,727] [builder.py:2025]           [INFO]     |  13/232 | IMDB Top250 (2010年) Playlist | = | Star Wars (1977)                                      |
[2022-07-08 03:27:40,728] [builder.py:2025]           [INFO]     |  14/232 | IMDB Top250 (2010年) Playlist | = | Fight Club (1999)                                     |
[2022-07-08 03:27:40,729] [builder.py:2025]           [INFO]     |  15/232 | IMDB Top250 (2010年) Playlist | = | Goodfellas (1990)                                     |
[2022-07-08 03:27:40,730] [builder.py:2025]           [INFO]     |  16/232 | IMDB Top250 (2010年) Playlist | = | Casablanca (1942)                                     |
[2022-07-08 03:27:40,731] [builder.py:2025]           [INFO]     |  17/232 | IMDB Top250 (2010年) Playlist | = | Cidade de Deus (2002)                                 |
[2022-07-08 03:27:40,732] [builder.py:2025]           [INFO]     |  18/232 | IMDB Top250 (2010年) Playlist | = | The Lord of the Rings: The Fellowship of the Ring (2001) |
[2022-07-08 03:27:40,733] [builder.py:2025]           [INFO]     |  19/232 | IMDB Top250 (2010年) Playlist | = | C'era una volta il West (1968)                        |
[2022-07-08 03:27:40,734] [builder.py:2025]           [INFO]     |  20/232 | IMDB Top250 (2010年) Playlist | = | Rear Window (1954)                                    |
[2022-07-08 03:27:40,735] [builder.py:2025]           [INFO]     |  21/232 | IMDB Top250 (2010年) Playlist | = | Indiana Jones and the Raiders of the Lost Ark (1981)  |
[2022-07-08 03:27:40,736] [builder.py:2025]           [INFO]     |  22/232 | IMDB Top250 (2010年) Playlist | = | Psycho (1960)                                         |
[2022-07-08 03:27:40,737] [builder.py:2025]           [INFO]     |  23/232 | IMDB Top250 (2010年) Playlist | = | The Usual Suspects (1995)                             |
[2022-07-08 03:27:40,738] [builder.py:2025]           [INFO]     |  24/232 | IMDB Top250 (2010年) Playlist | = | The Matrix (1999)                                     |
[2022-07-08 03:27:40,739] [builder.py:2025]           [INFO]     |  25/232 | IMDB Top250 (2010年) Playlist | = | The Silence of the Lambs (1991)                       |
[2022-07-08 03:27:40,740] [builder.py:2025]           [INFO]     |  26/232 | IMDB Top250 (2010年) Playlist | = | Se7en (1995)                                          |
[2022-07-08 03:27:40,741] [builder.py:2025]           [INFO]     |  27/232 | IMDB Top250 (2010年) Playlist | = | It's a Wonderful Life (1946)                          |
[2022-07-08 03:27:40,742] [builder.py:2025]           [INFO]     |  28/232 | IMDB Top250 (2010年) Playlist | = | Memento (2000)                                        |
[2022-07-08 03:27:40,743] [builder.py:2025]           [INFO]     |  29/232 | IMDB Top250 (2010年) Playlist | = | The Lord of the Rings: The Two Towers (2002)          |
[2022-07-08 03:27:40,744] [builder.py:2025]           [INFO]     |  30/232 | IMDB Top250 (2010年) Playlist | = | Sunset Blvd. (1950)                                   |
[2022-07-08 03:27:40,746] [builder.py:2025]           [INFO]     |  31/232 | IMDB Top250 (2010年) Playlist | = | Forrest Gump (1994)                                   |
[2022-07-08 03:27:40,747] [builder.py:2025]           [INFO]     |  32/232 | IMDB Top250 (2010年) Playlist | = | Dr. Strangelove or: How I Learned to Stop Worrying and Love the Bomb (1964) |
[2022-07-08 03:27:40,748] [builder.py:2025]           [INFO]     |  33/232 | IMDB Top250 (2010年) Playlist | = | Léon: The Professional (1994)                         |
[2022-07-08 03:27:40,749] [builder.py:2025]           [INFO]     |  34/232 | IMDB Top250 (2010年) Playlist | = | Apocalypse Now (1979)                                 |
[2022-07-08 03:27:40,751] [builder.py:2025]           [INFO]     |  35/232 | IMDB Top250 (2010年) Playlist | = | Citizen Kane (1941)                                   |
[2022-07-08 03:27:40,752] [builder.py:2025]           [INFO]     |  36/232 | IMDB Top250 (2010年) Playlist | = | North by Northwest (1959)                             |
[2022-07-08 03:27:40,753] [builder.py:2025]           [INFO]     |  37/232 | IMDB Top250 (2010年) Playlist | = | American Beauty (1999)                                |
[2022-07-08 03:27:40,755] [builder.py:2025]           [INFO]     |  38/232 | IMDB Top250 (2010年) Playlist | = | American History X (1998)                             |
[2022-07-08 03:27:40,756] [builder.py:2025]           [INFO]     |  39/232 | IMDB Top250 (2010年) Playlist | = | Taxi Driver (1976)                                    |
[2022-07-08 03:27:40,758] [builder.py:2025]           [INFO]     |  40/232 | IMDB Top250 (2010年) Playlist | = | Terminator 2: Judgment Day (1991)                     |
[2022-07-08 03:27:40,759] [builder.py:2025]           [INFO]     |  41/232 | IMDB Top250 (2010年) Playlist | = | Saving Private Ryan (1998)                            |
[2022-07-08 03:27:40,760] [builder.py:2025]           [INFO]     |  42/232 | IMDB Top250 (2010年) Playlist | = | Vertigo (1958)                                        |
[2022-07-08 03:27:40,762] [builder.py:2025]           [INFO]     |  43/232 | IMDB Top250 (2010年) Playlist | = | Le Fabuleux Destin d'Amélie Poulain (2001)            |
[2022-07-08 03:27:40,763] [builder.py:2025]           [INFO]     |  44/232 | IMDB Top250 (2010年) Playlist | = | Alien (1979)                                          |
[2022-07-08 03:27:40,765] [builder.py:2025]           [INFO]     |  45/232 | IMDB Top250 (2010年) Playlist | = | WALL·E (2008)                                         |
[2022-07-08 03:27:40,767] [builder.py:2025]           [INFO]     |  46/232 | IMDB Top250 (2010年) Playlist | = | The Shining (1980)                                    |
[2022-07-08 03:27:40,768] [builder.py:2025]           [INFO]     |  47/232 | IMDB Top250 (2010年) Playlist | = | Lawrence of Arabia (1962)                             |
[2022-07-08 03:27:40,770] [builder.py:2025]           [INFO]     |  48/232 | IMDB Top250 (2010年) Playlist | = | 千と千尋の神隠し (2001)                                       |
[2022-07-08 03:27:40,771] [builder.py:2025]           [INFO]     |  49/232 | IMDB Top250 (2010年) Playlist | = | Paths of Glory (1957)                                 |
[2022-07-08 03:27:40,773] [builder.py:2025]           [INFO]     |  50/232 | IMDB Top250 (2010年) Playlist | = | Double Indemnity (1944)                               |
[2022-07-08 03:27:40,775] [builder.py:2025]           [INFO]     |  51/232 | IMDB Top250 (2010年) Playlist | = | The Pianist (2002)                                    |
[2022-07-08 03:27:40,776] [builder.py:2025]           [INFO]     |  52/232 | IMDB Top250 (2010年) Playlist | = | A Clockwork Orange (1971)                             |
[2022-07-08 03:27:40,778] [builder.py:2025]           [INFO]     |  53/232 | IMDB Top250 (2010年) Playlist | = | To Kill a Mockingbird (1962)                          |
[2022-07-08 03:27:40,780] [builder.py:2025]           [INFO]     |  54/232 | IMDB Top250 (2010年) Playlist | = | Das Leben der Anderen (2006)                          |
[2022-07-08 03:27:40,782] [builder.py:2025]           [INFO]     |  55/232 | IMDB Top250 (2010年) Playlist | = | M - Eine Stadt sucht einen Mörder (1931)              |
[2022-07-08 03:27:40,783] [builder.py:2025]           [INFO]     |  56/232 | IMDB Top250 (2010年) Playlist | = | The Departed (2006)                                   |
[2022-07-08 03:27:40,785] [builder.py:2025]           [INFO]     |  57/232 | IMDB Top250 (2010年) Playlist | = | City Lights (1931)                                    |
[2022-07-08 03:27:40,787] [builder.py:2025]           [INFO]     |  58/232 | IMDB Top250 (2010年) Playlist | = | Aliens (1986)                                         |
[2022-07-08 03:27:40,789] [builder.py:2025]           [INFO]     |  59/232 | IMDB Top250 (2010年) Playlist | = | Eternal Sunshine of the Spotless Mind (2004)          |
[2022-07-08 03:27:40,791] [builder.py:2025]           [INFO]     |  60/232 | IMDB Top250 (2010年) Playlist | = | Requiem for a Dream (2000)                            |
[2022-07-08 03:27:40,793] [builder.py:2025]           [INFO]     |  61/232 | IMDB Top250 (2010年) Playlist | = | Das Boot (1981)                                       |
[2022-07-08 03:27:40,795] [builder.py:2025]           [INFO]     |  62/232 | IMDB Top250 (2010年) Playlist | = | The Third Man (1949)                                  |
[2022-07-08 03:27:40,797] [builder.py:2025]           [INFO]     |  63/232 | IMDB Top250 (2010年) Playlist | = | Reservoir Dogs (1992)                                 |
[2022-07-08 03:27:40,799] [builder.py:2025]           [INFO]     |  64/232 | IMDB Top250 (2010年) Playlist | = | L.A. Confidential (1997)                              |
[2022-07-08 03:27:40,801] [builder.py:2025]           [INFO]     |  65/232 | IMDB Top250 (2010年) Playlist | = | Chinatown (1974)                                      |
[2022-07-08 03:27:40,803] [builder.py:2025]           [INFO]     |  66/232 | IMDB Top250 (2010年) Playlist | = | Modern Times (1936)                                   |
[2022-07-08 03:27:40,805] [builder.py:2025]           [INFO]     |  67/232 | IMDB Top250 (2010年) Playlist | = | The Treasure of the Sierra Madre (1948)               |
[2022-07-08 03:27:40,807] [builder.py:2025]           [INFO]     |  68/232 | IMDB Top250 (2010年) Playlist | = | La vita è bella (1997)                                |
[2022-07-08 03:27:40,809] [builder.py:2025]           [INFO]     |  69/232 | IMDB Top250 (2010年) Playlist | = | Back to the Future (1985)                             |
[2022-07-08 03:27:40,811] [builder.py:2025]           [INFO]     |  70/232 | IMDB Top250 (2010年) Playlist | = | Monty Python and the Holy Grail (1975)                |
[2022-07-08 03:27:40,814] [builder.py:2025]           [INFO]     |  71/232 | IMDB Top250 (2010年) Playlist | = | The Prestige (2006)                                   |
[2022-07-08 03:27:40,816] [builder.py:2025]           [INFO]     |  72/232 | IMDB Top250 (2010年) Playlist | = | El laberinto del fauno (2006)                         |
[2022-07-08 03:27:40,819] [builder.py:2025]           [INFO]     |  73/232 | IMDB Top250 (2010年) Playlist | = | Raging Bull (1980)                                    |
[2022-07-08 03:27:40,821] [builder.py:2025]           [INFO]     |  74/232 | IMDB Top250 (2010年) Playlist | = | Nuovo Cinema Paradiso (1988)                          |
[2022-07-08 03:27:40,823] [builder.py:2025]           [INFO]     |  75/232 | IMDB Top250 (2010年) Playlist | = | Singin' in the Rain (1952)                            |
[2022-07-08 03:27:40,825] [builder.py:2025]           [INFO]     |  76/232 | IMDB Top250 (2010年) Playlist | = | Some Like It Hot (1959)                               |
[2022-07-08 03:27:40,828] [builder.py:2025]           [INFO]     |  77/232 | IMDB Top250 (2010年) Playlist | = | The Bridge on the River Kwai (1957)                   |
[2022-07-08 03:27:40,830] [builder.py:2025]           [INFO]     |  78/232 | IMDB Top250 (2010年) Playlist | = | 羅生門 (1950)                                            |
[2022-07-08 03:27:40,833] [builder.py:2025]           [INFO]     |  79/232 | IMDB Top250 (2010年) Playlist | = | All About Eve (1950)                                  |
[2022-07-08 03:27:40,836] [builder.py:2025]           [INFO]     |  80/232 | IMDB Top250 (2010年) Playlist | = | Amadeus (1984)                                        |
[2022-07-08 03:27:40,838] [builder.py:2025]           [INFO]     |  81/232 | IMDB Top250 (2010年) Playlist | = | Once Upon a Time in America (1984)                    |
[2022-07-08 03:27:40,841] [builder.py:2025]           [INFO]     |  82/232 | IMDB Top250 (2010年) Playlist | = | The Green Mile (1999)                                 |
[2022-07-08 03:27:40,844] [builder.py:2025]           [INFO]     |  83/232 | IMDB Top250 (2010年) Playlist | = | Full Metal Jacket (1987)                              |
[2022-07-08 03:27:40,847] [builder.py:2025]           [INFO]     |  84/232 | IMDB Top250 (2010年) Playlist | = | 2001: A Space Odyssey (1968)                          |
[2022-07-08 03:27:40,849] [builder.py:2025]           [INFO]     |  85/232 | IMDB Top250 (2010年) Playlist | = | Ladri di biciclette (1948)                            |
[2022-07-08 03:27:40,852] [builder.py:2025]           [INFO]     |  86/232 | IMDB Top250 (2010年) Playlist | = | Inglourious Basterds (2009)                           |
[2022-07-08 03:27:40,855] [builder.py:2025]           [INFO]     |  87/232 | IMDB Top250 (2010年) Playlist | = | Braveheart (1995)                                     |
[2022-07-08 03:27:40,858] [builder.py:2025]           [INFO]     |  88/232 | IMDB Top250 (2010年) Playlist | = | The Great Dictator (1940)                             |
[2022-07-08 03:27:40,861] [builder.py:2025]           [INFO]     |  89/232 | IMDB Top250 (2010年) Playlist | = | The Apartment (1960)                                  |
[2022-07-08 03:27:40,864] [builder.py:2025]           [INFO]     |  90/232 | IMDB Top250 (2010年) Playlist | = | Der Untergang (2004)                                  |
[2022-07-08 03:27:40,866] [builder.py:2025]           [INFO]     |  91/232 | IMDB Top250 (2010年) Playlist | = | Up (2009)                                             |
[2022-07-08 03:27:40,869] [builder.py:2025]           [INFO]     |  92/232 | IMDB Top250 (2010年) Playlist | = | Gran Torino (2008)                                    |
[2022-07-08 03:27:40,871] [builder.py:2025]           [INFO]     |  93/232 | IMDB Top250 (2010年) Playlist | = | Gladiator (2000)                                      |
[2022-07-08 03:27:40,874] [builder.py:2025]           [INFO]     |  94/232 | IMDB Top250 (2010年) Playlist | = | Metropolis (1927)                                     |
[2022-07-08 03:27:40,876] [builder.py:2025]           [INFO]     |  95/232 | IMDB Top250 (2010年) Playlist | = | The Sting (1973)                                      |
[2022-07-08 03:27:40,879] [builder.py:2025]           [INFO]     |  96/232 | IMDB Top250 (2010年) Playlist | = | The Maltese Falcon (1941)                             |
[2022-07-08 03:27:40,882] [builder.py:2025]           [INFO]     |  97/232 | IMDB Top250 (2010年) Playlist | = | Unforgiven (1992)                                     |
[2022-07-08 03:27:40,885] [builder.py:2025]           [INFO]     |  98/232 | IMDB Top250 (2010年) Playlist | = | The Elephant Man (1980)                               |
[2022-07-08 03:27:40,887] [builder.py:2025]           [INFO]     |  99/232 | IMDB Top250 (2010年) Playlist | = | Mr. Smith Goes to Washington (1939)                   |
[2022-07-08 03:27:40,890] [builder.py:2025]           [INFO]     | 100/232 | IMDB Top250 (2010年) Playlist | = | Sin City (2005)                                       |
[2022-07-08 03:27:40,893] [builder.py:2025]           [INFO]     | 101/232 | IMDB Top250 (2010年) Playlist | = | 올드보이 (2003)                                           |
[2022-07-08 03:27:40,896] [builder.py:2025]           [INFO]     | 102/232 | IMDB Top250 (2010年) Playlist | = | On the Waterfront (1954)                              |
[2022-07-08 03:27:40,899] [builder.py:2025]           [INFO]     | 103/232 | IMDB Top250 (2010年) Playlist | = | Indiana Jones and the Last Crusade (1989)             |
[2022-07-08 03:27:40,901] [builder.py:2025]           [INFO]     | 104/232 | IMDB Top250 (2010年) Playlist | = | Rebecca (1940)                                        |
[2022-07-08 03:27:40,904] [builder.py:2025]           [INFO]     | 105/232 | IMDB Top250 (2010年) Playlist | = | Star Wars: Episode VI - Return of the Jedi (1983)     |
[2022-07-08 03:27:40,907] [builder.py:2025]           [INFO]     | 106/232 | IMDB Top250 (2010年) Playlist | = | Die Hard (1988)                                       |
[2022-07-08 03:27:40,910] [builder.py:2025]           [INFO]     | 107/232 | IMDB Top250 (2010年) Playlist | = | The Great Escape (1963)                               |
[2022-07-08 03:27:40,914] [builder.py:2025]           [INFO]     | 108/232 | IMDB Top250 (2010年) Playlist | = | Batman Begins (2005)                                  |
[2022-07-08 03:27:40,917] [builder.py:2025]           [INFO]     | 109/232 | IMDB Top250 (2010年) Playlist | = | もののけ姫 (1997)                                          |
[2022-07-08 03:27:40,920] [builder.py:2025]           [INFO]     | 110/232 | IMDB Top250 (2010年) Playlist | = | Det sjunde inseglet (1957)                            |
[2022-07-08 03:27:40,923] [builder.py:2025]           [INFO]     | 111/232 | IMDB Top250 (2010年) Playlist | = | Jaws (1975)                                           |
[2022-07-08 03:27:40,926] [builder.py:2025]           [INFO]     | 112/232 | IMDB Top250 (2010年) Playlist | = | Hotel Rwanda (2004)                                   |
[2022-07-08 03:27:40,929] [builder.py:2025]           [INFO]     | 113/232 | IMDB Top250 (2010年) Playlist | = | Slumdog Millionaire (2008)                            |
[2022-07-08 03:27:40,932] [builder.py:2025]           [INFO]     | 114/232 | IMDB Top250 (2010年) Playlist | = | Blade Runner (1982)                                   |
[2022-07-08 03:27:40,935] [builder.py:2025]           [INFO]     | 115/232 | IMDB Top250 (2010年) Playlist | = | Fargo (1996)                                          |
[2022-07-08 03:27:40,938] [builder.py:2025]           [INFO]     | 116/232 | IMDB Top250 (2010年) Playlist | = | No Country for Old Men (2007)                         |
[2022-07-08 03:27:40,942] [builder.py:2025]           [INFO]     | 117/232 | IMDB Top250 (2010年) Playlist | = | The General (1926)                                    |
[2022-07-08 03:27:40,945] [builder.py:2025]           [INFO]     | 118/232 | IMDB Top250 (2010年) Playlist | = | Heat (1995)                                           |
[2022-07-08 03:27:40,949] [builder.py:2025]           [INFO]     | 119/232 | IMDB Top250 (2010年) Playlist | = | The Wizard of Oz (1939)                               |
[2022-07-08 03:27:40,952] [builder.py:2025]           [INFO]     | 120/232 | IMDB Top250 (2010年) Playlist | = | Touch of Evil (1958)                                  |
[2022-07-08 03:27:40,956] [builder.py:2025]           [INFO]     | 121/232 | IMDB Top250 (2010年) Playlist | = | Per qualche dollaro in più (1965)                     |
[2022-07-08 03:27:40,959] [builder.py:2025]           [INFO]     | 122/232 | IMDB Top250 (2010年) Playlist | = | 用心棒 (1961)                                            |
[2022-07-08 03:27:40,962] [builder.py:2025]           [INFO]     | 123/232 | IMDB Top250 (2010年) Playlist | = | 乱 (1985)                                              |
[2022-07-08 03:27:40,966] [builder.py:2025]           [INFO]     | 124/232 | IMDB Top250 (2010年) Playlist | = | Witness for the Prosecution (1957)                    |
[2022-07-08 03:27:40,969] [builder.py:2025]           [INFO]     | 125/232 | IMDB Top250 (2010年) Playlist | = | Smultronstället (1957)                                |
[2022-07-08 03:27:40,973] [builder.py:2025]           [INFO]     | 126/232 | IMDB Top250 (2010年) Playlist | = | Snatch (2000)                                         |
[2022-07-08 03:27:40,976] [builder.py:2025]           [INFO]     | 127/232 | IMDB Top250 (2010年) Playlist | = | The Sixth Sense (1999)                                |
[2022-07-08 03:27:40,980] [builder.py:2025]           [INFO]     | 128/232 | IMDB Top250 (2010年) Playlist | = | 火垂るの墓 (1988)                                          |
[2022-07-08 03:27:40,983] [builder.py:2025]           [INFO]     | 129/232 | IMDB Top250 (2010年) Playlist | = | District 9 (2009)                                     |
[2022-07-08 03:27:40,987] [builder.py:2025]           [INFO]     | 130/232 | IMDB Top250 (2010年) Playlist | = | Annie Hall (1977)                                     |
[2022-07-08 03:27:40,990] [builder.py:2025]           [INFO]     | 131/232 | IMDB Top250 (2010年) Playlist | = | Donnie Darko (2001)                                   |
[2022-07-08 03:27:40,994] [builder.py:2025]           [INFO]     | 132/232 | IMDB Top250 (2010年) Playlist | = | The Deer Hunter (1978)                                |
[2022-07-08 03:27:40,997] [builder.py:2025]           [INFO]     | 133/232 | IMDB Top250 (2010年) Playlist | = | Cool Hand Luke (1967)                                 |
[2022-07-08 03:27:41,001] [builder.py:2025]           [INFO]     | 134/232 | IMDB Top250 (2010年) Playlist | = | Strangers on a Train (1951)                           |
[2022-07-08 03:27:41,005] [builder.py:2025]           [INFO]     | 135/232 | IMDB Top250 (2010年) Playlist | = | High Noon (1952)                                      |
[2022-07-08 03:27:41,008] [builder.py:2025]           [INFO]     | 136/232 | IMDB Top250 (2010年) Playlist | = | The Big Lebowski (1998)                               |
[2022-07-08 03:27:41,012] [builder.py:2025]           [INFO]     | 137/232 | IMDB Top250 (2010年) Playlist | = | It Happened One Night (1934)                          |
[2022-07-08 03:27:41,016] [builder.py:2025]           [INFO]     | 138/232 | IMDB Top250 (2010年) Playlist | = | Avatar (2009)                                         |
[2022-07-08 03:27:41,020] [builder.py:2025]           [INFO]     | 139/232 | IMDB Top250 (2010年) Playlist | = | Kill Bill: Vol. 1 (2003)                              |
[2022-07-08 03:27:41,024] [builder.py:2025]           [INFO]     | 140/232 | IMDB Top250 (2010年) Playlist | = | Platoon (1986)                                        |
[2022-07-08 03:27:41,027] [builder.py:2025]           [INFO]     | 141/232 | IMDB Top250 (2010年) Playlist | = | Into the Wild (2007)                                  |
[2022-07-08 03:27:41,031] [builder.py:2025]           [INFO]     | 142/232 | IMDB Top250 (2010年) Playlist | = | There Will Be Blood (2007)                            |
[2022-07-08 03:27:41,035] [builder.py:2025]           [INFO]     | 143/232 | IMDB Top250 (2010年) Playlist | = | Notorious (1946)                                      |
[2022-07-08 03:27:41,039] [builder.py:2025]           [INFO]     | 144/232 | IMDB Top250 (2010年) Playlist | = | Million Dollar Baby (2004)                            |
[2022-07-08 03:27:41,043] [builder.py:2025]           [INFO]     | 145/232 | IMDB Top250 (2010年) Playlist | = | Toy Story (1995)                                      |
[2022-07-08 03:27:41,046] [builder.py:2025]           [INFO]     | 146/232 | IMDB Top250 (2010年) Playlist | = | Butch Cassidy and the Sundance Kid (1969)             |
[2022-07-08 03:27:41,050] [builder.py:2025]           [INFO]     | 147/232 | IMDB Top250 (2010年) Playlist | = | Gone with the Wind (1939)                             |
[2022-07-08 03:27:41,054] [builder.py:2025]           [INFO]     | 148/232 | IMDB Top250 (2010年) Playlist | = | Sunrise (1927)                                        |
[2022-07-08 03:27:41,058] [builder.py:2025]           [INFO]     | 149/232 | IMDB Top250 (2010年) Playlist | = | Trainspotting (1996)                                  |
[2022-07-08 03:27:41,062] [builder.py:2025]           [INFO]     | 150/232 | IMDB Top250 (2010年) Playlist | = | The Gold Rush (1925)                                  |
[2022-07-08 03:27:41,066] [builder.py:2025]           [INFO]     | 151/232 | IMDB Top250 (2010年) Playlist | = | The Manchurian Candidate (1962)                       |
[2022-07-08 03:27:41,070] [builder.py:2025]           [INFO]     | 152/232 | IMDB Top250 (2010年) Playlist | = | The Wrestler (2008)                                   |
[2022-07-08 03:27:41,074] [builder.py:2025]           [INFO]     | 153/232 | IMDB Top250 (2010年) Playlist | = | The Grapes of Wrath (1940)                            |
[2022-07-08 03:27:41,078] [builder.py:2025]           [INFO]     | 154/232 | IMDB Top250 (2010年) Playlist | = | Scarface (1983)                                       |
[2022-07-08 03:27:41,083] [builder.py:2025]           [INFO]     | 155/232 | IMDB Top250 (2010年) Playlist | = | Ben-Hur (1959)                                        |
[2022-07-08 03:27:41,087] [builder.py:2025]           [INFO]     | 156/232 | IMDB Top250 (2010年) Playlist | = | The Big Sleep (1946)                                  |
[2022-07-08 03:27:41,091] [builder.py:2025]           [INFO]     | 157/232 | IMDB Top250 (2010年) Playlist | = | Groundhog Day (1993)                                  |
[2022-07-08 03:27:41,095] [builder.py:2025]           [INFO]     | 158/232 | IMDB Top250 (2010年) Playlist | = | The Graduate (1967)                                   |
[2022-07-08 03:27:41,099] [builder.py:2025]           [INFO]     | 159/232 | IMDB Top250 (2010年) Playlist | = | Life of Brian (1979)                                  |
[2022-07-08 03:27:41,104] [builder.py:2025]           [INFO]     | 160/232 | IMDB Top250 (2010年) Playlist | = | Amores perros (2000)                                  |
[2022-07-08 03:27:41,108] [builder.py:2025]           [INFO]     | 161/232 | IMDB Top250 (2010年) Playlist | = | Finding Nemo (2003)                                   |
[2022-07-08 03:27:41,112] [builder.py:2025]           [INFO]     | 162/232 | IMDB Top250 (2010年) Playlist | = | The Bourne Ultimatum (2007)                           |
[2022-07-08 03:27:41,117] [builder.py:2025]           [INFO]     | 163/232 | IMDB Top250 (2010年) Playlist | = | The Terminator (1984)                                 |
[2022-07-08 03:27:41,121] [builder.py:2025]           [INFO]     | 164/232 | IMDB Top250 (2010年) Playlist | = | The Best Years of Our Lives (1946)                    |
[2022-07-08 03:27:41,125] [builder.py:2025]           [INFO]     | 165/232 | IMDB Top250 (2010年) Playlist | = | The Kid (1921)                                        |
[2022-07-08 03:27:41,130] [builder.py:2025]           [INFO]     | 166/232 | IMDB Top250 (2010年) Playlist | = | Stand by Me (1986)                                    |
[2022-07-08 03:27:41,134] [builder.py:2025]           [INFO]     | 167/232 | IMDB Top250 (2010年) Playlist | = | Lock, Stock and Two Smoking Barrels (1998)            |
[2022-07-08 03:27:41,138] [builder.py:2025]           [INFO]     | 168/232 | IMDB Top250 (2010年) Playlist | = | The Thing (1982)                                      |
[2022-07-08 03:27:41,143] [builder.py:2025]           [INFO]     | 169/232 | IMDB Top250 (2010年) Playlist | = | 生きる (1952)                                            |
[2022-07-08 03:27:41,147] [builder.py:2025]           [INFO]     | 170/232 | IMDB Top250 (2010年) Playlist | = | Casino (1995)                                         |
[2022-07-08 03:27:41,152] [builder.py:2025]           [INFO]     | 171/232 | IMDB Top250 (2010年) Playlist | = | V for Vendetta (2006)                                 |
[2022-07-08 03:27:41,156] [builder.py:2025]           [INFO]     | 172/232 | IMDB Top250 (2010年) Playlist | = | 12 Monkeys (1995)                                     |
[2022-07-08 03:27:41,161] [builder.py:2025]           [INFO]     | 173/232 | IMDB Top250 (2010年) Playlist | = | Le Salaire de la peur (1953)                          |
[2022-07-08 03:27:41,165] [builder.py:2025]           [INFO]     | 174/232 | IMDB Top250 (2010年) Playlist | = | Dog Day Afternoon (1975)                              |
[2022-07-08 03:27:41,170] [builder.py:2025]           [INFO]     | 175/232 | IMDB Top250 (2010年) Playlist | = | El secreto de sus ojos (2009)                         |
[2022-07-08 03:27:41,174] [builder.py:2025]           [INFO]     | 176/232 | IMDB Top250 (2010年) Playlist | = | Ratatouille (2007)                                    |
[2022-07-08 03:27:41,180] [builder.py:2025]           [INFO]     | 177/232 | IMDB Top250 (2010年) Playlist | = | Les Diaboliques (1955)                                |
[2022-07-08 03:27:41,185] [builder.py:2025]           [INFO]     | 178/232 | IMDB Top250 (2010年) Playlist | = | Gandhi (1982)                                         |
[2022-07-08 03:27:41,189] [builder.py:2025]           [INFO]     | 179/232 | IMDB Top250 (2010年) Playlist | = | Star Trek (2009)                                      |
[2022-07-08 03:27:41,194] [builder.py:2025]           [INFO]     | 180/232 | IMDB Top250 (2010年) Playlist | = | 8½ (1963)                                             |
[2022-07-08 03:27:41,198] [builder.py:2025]           [INFO]     | 181/232 | IMDB Top250 (2010年) Playlist | = | The Princess Bride (1987)                             |
[2022-07-08 03:27:41,203] [builder.py:2025]           [INFO]     | 182/232 | IMDB Top250 (2010年) Playlist | = | Judgment at Nuremberg (1961)                          |
[2022-07-08 03:27:41,208] [builder.py:2025]           [INFO]     | 183/232 | IMDB Top250 (2010年) Playlist | = | The Night of the Hunter (1955)                        |
[2022-07-08 03:27:41,212] [builder.py:2025]           [INFO]     | 184/232 | IMDB Top250 (2010年) Playlist | = | となりのトトロ (1988)                                        |
[2022-07-08 03:27:41,217] [builder.py:2025]           [INFO]     | 185/232 | IMDB Top250 (2010年) Playlist | = | The Incredibles (2004)                                |
[2022-07-08 03:27:41,221] [builder.py:2025]           [INFO]     | 186/232 | IMDB Top250 (2010年) Playlist | = | The Hustler (1961)                                    |
[2022-07-08 03:27:41,226] [builder.py:2025]           [INFO]     | 187/232 | IMDB Top250 (2010年) Playlist | = | The Killing (1956)                                    |
[2022-07-08 03:27:41,231] [builder.py:2025]           [INFO]     | 188/232 | IMDB Top250 (2010年) Playlist | = | La strada (1954)                                      |
[2022-07-08 03:27:41,236] [builder.py:2025]           [INFO]     | 189/232 | IMDB Top250 (2010年) Playlist | = | Good Will Hunting (1997)                              |
[2022-07-08 03:27:41,240] [builder.py:2025]           [INFO]     | 190/232 | IMDB Top250 (2010年) Playlist | = | Network (1976)                                        |
[2022-07-08 03:27:41,245] [builder.py:2025]           [INFO]     | 191/232 | IMDB Top250 (2010年) Playlist | = | Les Quatre Cents Coups (1959)                         |
[2022-07-08 03:27:41,250] [builder.py:2025]           [INFO]     | 192/232 | IMDB Top250 (2010年) Playlist | = | In Bruges (2008)                                      |
[2022-07-08 03:27:41,255] [builder.py:2025]           [INFO]     | 193/232 | IMDB Top250 (2010年) Playlist | = | The Wild Bunch (1969)                                 |
[2022-07-08 03:27:41,260] [builder.py:2025]           [INFO]     | 194/232 | IMDB Top250 (2010年) Playlist | = | A Streetcar Named Desire (1951)                       |
[2022-07-08 03:27:41,265] [builder.py:2025]           [INFO]     | 195/232 | IMDB Top250 (2010年) Playlist | = | La battaglia di Algeri (1966)                         |
[2022-07-08 03:27:41,270] [builder.py:2025]           [INFO]     | 196/232 | IMDB Top250 (2010年) Playlist | = | Le scaphandre et le papillon (2007)                   |
[2022-07-08 03:27:41,275] [builder.py:2025]           [INFO]     | 197/232 | IMDB Top250 (2010年) Playlist | = | Stalag 17 (1953)                                      |
[2022-07-08 03:27:41,279] [builder.py:2025]           [INFO]     | 198/232 | IMDB Top250 (2010年) Playlist | = | The Exorcist (1973)                                   |
[2022-07-08 03:27:41,284] [builder.py:2025]           [INFO]     | 199/232 | IMDB Top250 (2010年) Playlist | = | Who's Afraid of Virginia Woolf? (1966)                |
[2022-07-08 03:27:41,289] [builder.py:2025]           [INFO]     | 200/232 | IMDB Top250 (2010年) Playlist | = | Children of Men (2006)                                |
[2022-07-08 03:27:41,294] [builder.py:2025]           [INFO]     | 201/232 | IMDB Top250 (2010年) Playlist | = | Kind Hearts and Coronets (1949)                       |
[2022-07-08 03:27:41,299] [builder.py:2025]           [INFO]     | 202/232 | IMDB Top250 (2010年) Playlist | = | Dial M for Murder (1954)                              |
[2022-07-08 03:27:41,304] [builder.py:2025]           [INFO]     | 203/232 | IMDB Top250 (2010年) Playlist | = | Ed Wood (1994)                                        |
[2022-07-08 03:27:41,310] [builder.py:2025]           [INFO]     | 204/232 | IMDB Top250 (2010年) Playlist | = | All Quiet on the Western Front (1930)                 |
[2022-07-08 03:27:41,315] [builder.py:2025]           [INFO]     | 205/232 | IMDB Top250 (2010年) Playlist | = | Låt den rätte komma in (2008)                         |
[2022-07-08 03:27:41,320] [builder.py:2025]           [INFO]     | 206/232 | IMDB Top250 (2010年) Playlist | = | Rocky (1976)                                          |
[2022-07-08 03:27:41,325] [builder.py:2025]           [INFO]     | 207/232 | IMDB Top250 (2010年) Playlist | = | Big Fish (2003)                                       |
[2022-07-08 03:27:41,330] [builder.py:2025]           [INFO]     | 208/232 | IMDB Top250 (2010年) Playlist | = | Magnolia (1999)                                       |
[2022-07-08 03:27:41,335] [builder.py:2025]           [INFO]     | 209/232 | IMDB Top250 (2010年) Playlist | = | Manhattan (1979)                                      |
[2022-07-08 03:27:41,341] [builder.py:2025]           [INFO]     | 210/232 | IMDB Top250 (2010年) Playlist | = | Mary and Max (2009)                                   |
[2022-07-08 03:27:41,346] [builder.py:2025]           [INFO]     | 211/232 | IMDB Top250 (2010年) Playlist | = | Mystic River (2003)                                   |
[2022-07-08 03:27:41,351] [builder.py:2025]           [INFO]     | 212/232 | IMDB Top250 (2010年) Playlist | = | Barry Lyndon (1975)                                   |
[2022-07-08 03:27:41,356] [builder.py:2025]           [INFO]     | 213/232 | IMDB Top250 (2010年) Playlist | = | Kill Bill: Vol. 2 (2004)                              |
[2022-07-08 03:27:41,362] [builder.py:2025]           [INFO]     | 214/232 | IMDB Top250 (2010年) Playlist | = | Rosemary's Baby (1968)                                |
[2022-07-08 03:27:41,367] [builder.py:2025]           [INFO]     | 215/232 | IMDB Top250 (2010年) Playlist | = | Le notti di Cabiria (1957)                            |
[2022-07-08 03:27:41,372] [builder.py:2025]           [INFO]     | 216/232 | IMDB Top250 (2010年) Playlist | = | Patton (1970)                                         |
[2022-07-08 03:27:41,378] [builder.py:2025]           [INFO]     | 217/232 | IMDB Top250 (2010年) Playlist | = | Duck Soup (1933)                                      |
[2022-07-08 03:27:41,383] [builder.py:2025]           [INFO]     | 218/232 | IMDB Top250 (2010年) Playlist | = | His Girl Friday (1940)                                |
[2022-07-08 03:27:41,388] [builder.py:2025]           [INFO]     | 219/232 | IMDB Top250 (2010年) Playlist | = | The Truman Show (1998)                                |
[2022-07-08 03:27:41,394] [builder.py:2025]           [INFO]     | 220/232 | IMDB Top250 (2010年) Playlist | = | 無間道 (2002)                                            |
[2022-07-08 03:27:41,399] [builder.py:2025]           [INFO]     | 221/232 | IMDB Top250 (2010年) Playlist | = | Letters from Iwo Jima (2006)                          |
[2022-07-08 03:27:41,405] [builder.py:2025]           [INFO]     | 222/232 | IMDB Top250 (2010年) Playlist | = | Pirates of the Caribbean: The Curse of the Black Pearl (2003) |
[2022-07-08 03:27:41,410] [builder.py:2025]           [INFO]     | 223/232 | IMDB Top250 (2010年) Playlist | = | The Philadelphia Story (1940)                         |
[2022-07-08 03:27:41,416] [builder.py:2025]           [INFO]     | 224/232 | IMDB Top250 (2010年) Playlist | = | ハウルの動く城 (2004)                                        |
[2022-07-08 03:27:41,421] [builder.py:2025]           [INFO]     | 225/232 | IMDB Top250 (2010年) Playlist | = | Arsenic and Old Lace (1943)                           |
[2022-07-08 03:27:41,427] [builder.py:2025]           [INFO]     | 226/232 | IMDB Top250 (2010年) Playlist | = | Kick-Ass (2010)                                       |
[2022-07-08 03:27:41,432] [builder.py:2025]           [INFO]     | 227/232 | IMDB Top250 (2010年) Playlist | = | Harvey (1950)                                         |
[2022-07-08 03:27:41,438] [builder.py:2025]           [INFO]     | 228/232 | IMDB Top250 (2010年) Playlist | = | Sleuth (1972)                                         |
[2022-07-08 03:27:41,443] [builder.py:2025]           [INFO]     | 229/232 | IMDB Top250 (2010年) Playlist | = | Crash (2004)                                          |
[2022-07-08 03:27:41,449] [builder.py:2025]           [INFO]     | 230/232 | IMDB Top250 (2010年) Playlist | = | The Man Who Shot Liberty Valance (1962)               |
[2022-07-08 03:27:41,454] [builder.py:2025]           [INFO]     | 231/232 | IMDB Top250 (2010年) Playlist | = | 风之谷 (1984)                                            |
[2022-07-08 03:27:41,460] [builder.py:2025]           [INFO]     | 232/232 | IMDB Top250 (2010年) Playlist | = | Rope (1948)                                           |
[2022-07-08 03:27:41,463] [builder.py:2045]           [INFO]     |                                                                                                    |
[2022-07-08 03:27:41,464] [builder.py:2046]           [INFO]     | 232 Items Processed                                                                                |
[2022-07-08 03:27:41,464] [builder.py:2172]           [INFO]     |                                                                                                    |
[2022-07-08 03:27:41,465] [builder.py:2173]           [INFO]     |=============================== Missing Movies from Library: Movies ================================|
[2022-07-08 03:27:41,465] [builder.py:2174]           [INFO]     |                                                                                                    |
[2022-07-08 03:27:41,703] [builder.py:2187]           [INFO]     | IMDB Top250 (2010年) Playlist | ? | Inception (2010) (TMDb: 27205)                                  |
[2022-07-08 03:27:41,936] [builder.py:2187]           [INFO]     | IMDB Top250 (2010年) Playlist | ? | Toy Story 3 (2010) (TMDb: 10193)                                |
[2022-07-08 03:27:42,121] [builder.py:2187]           [INFO]     | IMDB Top250 (2010年) Playlist | ? | Black Swan (2010) (TMDb: 44214)                                 |
[2022-07-08 03:27:42,377] [builder.py:2187]           [INFO]     | IMDB Top250 (2010年) Playlist | ? | The Lion King (1994) (TMDb: 8587)                               |
[2022-07-08 03:27:42,666] [builder.py:2187]           [INFO]     | IMDB Top250 (2010年) Playlist | ? | The Social Network (2010) (TMDb: 37799)                         |
[2022-07-08 03:27:42,877] [builder.py:2187]           [INFO]     | IMDB Top250 (2010年) Playlist | ? | How to Train Your Dragon (2010) (TMDb: 10191)                   |
[2022-07-08 03:27:43,155] [builder.py:2187]           [INFO]     | IMDB Top250 (2010年) Playlist | ? | True Grit (2010) (TMDb: 44264)                                  |
[2022-07-08 03:27:43,399] [builder.py:2187]           [INFO]     | IMDB Top250 (2010年) Playlist | ? | Persona (1966) (TMDb: 797)                                      |
[2022-07-08 03:27:43,633] [builder.py:2187]           [INFO]     | IMDB Top250 (2010年) Playlist | ? | The Passion of Joan of Arc (1928) (TMDb: 780)                   |
[2022-07-08 03:27:43,836] [builder.py:2187]           [INFO]     | IMDB Top250 (2010年) Playlist | ? | Fanny and Alexander (1982) (TMDb: 5961)                         |
[2022-07-08 03:27:44,121] [builder.py:2187]           [INFO]     | IMDB Top250 (2010年) Playlist | ? | The Celebration (1998) (TMDb: 309)                              |
[2022-07-08 03:27:44,361] [builder.py:2187]           [INFO]     | IMDB Top250 (2010年) Playlist | ? | Roman Holiday (1953) (TMDb: 804)                                |
[2022-07-08 03:27:44,619] [builder.py:2187]           [INFO]     | IMDB Top250 (2010年) Playlist | ? | In the Mood for Love (2000) (TMDb: 843)                         |
[2022-07-08 03:27:44,810] [builder.py:2187]           [INFO]     | IMDB Top250 (2010年) Playlist | ? | A Christmas Story (1983) (TMDb: 850)                            |
[2022-07-08 03:27:45,044] [builder.py:2187]           [INFO]     | IMDB Top250 (2010年) Playlist | ? | Sherlock Jr. (1924) (TMDb: 992)                                 |
[2022-07-08 03:27:45,244] [builder.py:2187]           [INFO]     | IMDB Top250 (2010年) Playlist | ? | Three Colors: Red (1994) (TMDb: 110)                            |
[2022-07-08 03:27:45,499] [builder.py:2187]           [INFO]     | IMDB Top250 (2010年) Playlist | ? | Spring, Summer, Fall, Winter... and Spring (2003) (TMDb: 113)   |
[2022-07-08 03:27:45,699] [builder.py:2187]           [INFO]     | IMDB Top250 (2010年) Playlist | ? | Bringing Up Baby (1938) (TMDb: 900)                             |
[2022-07-08 03:27:45,700] [builder.py:2192]           [INFO]     |                                                                                                    |
[2022-07-08 03:27:45,700] [builder.py:2193]           [INFO]     | 18 Movies Missing                                                                                  |
[2022-07-08 03:27:45,759] [builder.py:2383]           [INFO]     |                                                                                                    |
[2022-07-08 03:27:45,760] [builder.py:2384]           [INFO]     |========================= Updating Details of IMDB Top250 (2010年) Playlist =========================|
[2022-07-08 03:27:45,761] [builder.py:2385]           [INFO]     |                                                                                                    |
[2022-07-08 03:27:45,761] [util.py:150]               [DEBUG]    | 1 poster found:                                                                                    |
[2022-07-08 03:27:45,762] [util.py:152]               [DEBUG]    | Method: url_poster Poster: http://1.bp.blogspot.com/-xXABqhqTx3Q/UO-yBML_2MI/AAAAAAAAA74/A930nVncOPI/s1600/imdb-feature.jpg |
[2022-07-08 03:27:45,764] [library.py:155]            [INFO]     | Detail: poster update not needed                                                                   |
[2022-07-08 03:27:50,334] [builder.py:2529]           [INFO]     |                                                                                                    |
[2022-07-08 03:27:50,335] [builder.py:2530]           [INFO]     |=============================== Sorting IMDB Top250 (2010年) Playlist ===============================|
[2022-07-08 03:27:50,335] [builder.py:2531]           [INFO]     |                                                                                                    |
[2022-07-08 03:27:50,340] [builder.py:2595]           [INFO]     |                                                                                                    |
[2022-07-08 03:27:50,340] [builder.py:2596]           [INFO]     |==================================== Syncing Playlist to Users =====================================|
[2022-07-08 03:27:50,341] [builder.py:2597]           [INFO]     |                                                                                                    |
[2022-07-08 03:27:52,515] [builder.py:2604]           [INFO]     | Playlist: IMDB Top250 (2010年) synced to 1ntheshell                                                 |
[2022-07-08 03:27:53,820] [builder.py:2604]           [INFO]     | Playlist: IMDB Top250 (2010年) synced to BigHippo                                                   |
[2022-07-08 03:27:55,860] [builder.py:2604]           [INFO]     | Playlist: IMDB Top250 (2010年) synced to jenny934                                                   |
[2022-07-08 03:28:02,571] [builder.py:2604]           [INFO]     | Playlist: IMDB Top250 (2010年) synced to maggiek40                                                  |
[2022-07-08 03:28:03,867] [builder.py:2604]           [INFO]     | Playlist: IMDB Top250 (2010年) synced to njtab                                                      |
[2022-07-08 03:28:06,013] [builder.py:2604]           [INFO]     | Playlist: IMDB Top250 (2010年) synced to se7entao                                                   |
[2022-07-08 03:28:08,115] [builder.py:2604]           [INFO]     | Playlist: IMDB Top250 (2010年) synced to Shoyichi                                                   |
[2022-07-08 03:28:09,417] [builder.py:2604]           [INFO]     | Playlist: IMDB Top250 (2010年) synced to SzeMeng76                                                  |
[2022-07-08 03:28:09,417] [plex_meta_manager.py:839]  [INFO]     |                                                                                                    |
[2022-07-08 03:28:09,418] [plex_meta_manager.py:842]  [INFO]     |                                                                                                    |
[2022-07-08 03:28:09,418] [plex_meta_manager.py:843]  [INFO]     |====================================================================================================|
[2022-07-08 03:28:09,419] [plex_meta_manager.py:843]  [INFO]     |                               Finished IMDB Top250 (2010年) Playlist                                |
[2022-07-08 03:28:09,419] [plex_meta_manager.py:843]  [INFO]     |                                     Playlist Run Time: 0:00:35                                     |
[2022-07-08 03:28:09,420] [plex_meta_manager.py:843]  [INFO]     |====================================================================================================|
