[2022-07-08 02:54:42,795] [builder.py:185]            [INFO]     |====================================================================================================|
[2022-07-08 02:54:42,796] [builder.py:185]            [INFO]     |                             Decade Collections Collection in .....综艺节目                             |
[2022-07-08 02:54:42,796] [builder.py:185]            [INFO]     |====================================================================================================|
[2022-07-08 02:54:42,797] [builder.py:186]            [INFO]     |                                                                                                    |
[2022-07-08 02:54:42,797] [builder.py:191]            [INFO]     |============================= Validating Decade Collections Attributes =============================|
[2022-07-08 02:54:42,797] [builder.py:212]            [DEBUG]    |                                                                                                    |
[2022-07-08 02:54:42,798] [builder.py:213]            [DEBUG]    | Validating Method: template                                                                        |
[2022-07-08 02:54:42,798] [meta.py:103]               [DEBUG]    | Value: [ordereddict([('name', 'separator'), ('separator', 'decade')])]                             |
[2022-07-08 02:54:42,800] [builder.py:430]            [DEBUG]    |                                                                                                    |
[2022-07-08 02:54:42,800] [builder.py:431]            [DEBUG]    | Validating Method: blank_collection                                                                |
[2022-07-08 02:54:42,800] [builder.py:432]            [DEBUG]    | Value: True                                                                                        |
[2022-07-08 02:54:42,801] [builder.py:600]            [DEBUG]    |                                                                                                    |
[2022-07-08 02:54:42,801] [builder.py:604]            [DEBUG]    | Validating Method: sort_title                                                                      |
[2022-07-08 02:54:42,801] [builder.py:605]            [DEBUG]    | Value: !12_!Decade Collections                                                                     |
[2022-07-08 02:54:42,802] [builder.py:600]            [DEBUG]    |                                                                                                    |
[2022-07-08 02:54:42,802] [builder.py:604]            [DEBUG]    | Validating Method: url_poster                                                                      |
[2022-07-08 02:54:42,802] [builder.py:605]            [DEBUG]    | Value: https://raw.githubusercontent.com/meisnate12/Plex-Meta-Manager-Images/master/separators/decade.jpg |
[2022-07-08 02:54:43,166] [builder.py:764]            [INFO]     |                                                                                                    |
[2022-07-08 02:54:43,166] [builder.py:765]            [INFO]     | Validation Successful                                                                              |
[2022-07-08 02:54:43,166] [plex_meta_manager.py:539]  [INFO]     |                                                                                                    |
[2022-07-08 02:54:43,167] [plex_meta_manager.py:541]  [INFO]     |============================== Running Decade Collections Collection ===============================|
[2022-07-08 02:54:43,183] [builder.py:2383]           [INFO]     |                                                                                                    |
[2022-07-08 02:54:43,184] [builder.py:2384]           [INFO]     |======================== Updating Details of Decade Collections Collection =========================|
[2022-07-08 02:54:43,184] [builder.py:2385]           [INFO]     |                                                                                                    |
[2022-07-08 02:54:43,185] [builder.py:2446]           [INFO]     | Collection Metadata Edits                                                                          |
[2022-07-08 02:54:43,185] [util.py:150]               [DEBUG]    | 1 poster found:                                                                                    |
[2022-07-08 02:54:43,186] [util.py:152]               [DEBUG]    | Method: url_poster Poster: https://raw.githubusercontent.com/meisnate12/Plex-Meta-Manager-Images/master/separators/decade.jpg |
[2022-07-08 02:54:43,188] [library.py:155]            [INFO]     | Detail: poster update not needed                                                                   |
[2022-07-08 02:54:43,202] [plex_meta_manager.py:674]  [INFO]     |                                                                                                    |
[2022-07-08 02:54:43,203] [plex_meta_manager.py:675]  [INFO]     |====================================================================================================|
[2022-07-08 02:54:43,203] [plex_meta_manager.py:675]  [INFO]     |                               Finished Decade Collections Collection                               |
[2022-07-08 02:54:43,204] [plex_meta_manager.py:675]  [INFO]     |                                    Collection Run Time: 0:00:00                                    |
[2022-07-08 02:54:43,204] [plex_meta_manager.py:675]  [INFO]     |====================================================================================================|
