[2022-07-08 01:48:16,067] [builder.py:185]            [INFO]     |====================================================================================================|
[2022-07-08 01:48:16,068] [builder.py:185]            [INFO]     |                                 Best of 1920s Collection in Movies                                 |
[2022-07-08 01:48:16,068] [builder.py:185]            [INFO]     |====================================================================================================|
[2022-07-08 01:48:16,069] [builder.py:186]            [INFO]     |                                                                                                    |
[2022-07-08 01:48:16,069] [builder.py:191]            [INFO]     |=============================== Validating Best of 1920s Attributes ================================|
[2022-07-08 01:48:16,070] [builder.py:212]            [DEBUG]    |                                                                                                    |
[2022-07-08 01:48:16,070] [builder.py:213]            [DEBUG]    | Validating Method: template                                                                        |
[2022-07-08 01:48:16,070] [meta.py:103]               [DEBUG]    | Value: [{'value': ['1920'], 'decade': ['1920'], 'key_name': '1920s', 'key': '1920', 'name': 'decade_dynamic'}, {'value': ['1920'], 'decade': ['1920'], 'key_name': '1920s', 'key': '1920', 'name': 'shared'}] |
[2022-07-08 01:48:16,073] [builder.py:1675]           [INFO]     |                                                                                                    |
[2022-07-08 01:48:16,073] [builder.py:1676]           [INFO]     | Validating Method: smart_filter                                                                    |
[2022-07-08 01:48:16,074] [builder.py:1682]           [DEBUG]    | Value: {'sort_by': 'critic_rating.desc', 'any': {'decade': ['1920']}, 'limit': 100}                |
[2022-07-08 01:48:16,074] [builder.py:600]            [DEBUG]    |                                                                                                    |
[2022-07-08 01:48:16,075] [builder.py:604]            [DEBUG]    | Validating Method: label                                                                           |
[2022-07-08 01:48:16,075] [builder.py:605]            [DEBUG]    | Value: Decade                                                                                      |
[2022-07-08 01:48:16,076] [builder.py:600]            [DEBUG]    |                                                                                                    |
[2022-07-08 01:48:16,076] [builder.py:604]            [DEBUG]    | Validating Method: url_poster                                                                      |
[2022-07-08 01:48:16,076] [builder.py:605]            [DEBUG]    | Value: https://raw.githubusercontent.com/meisnate12/Plex-Meta-Manager-Images/master/decade/best/1920.jpg |
[2022-07-08 01:48:16,618] [builder.py:600]            [DEBUG]    |                                                                                                    |
[2022-07-08 01:48:16,619] [builder.py:604]            [DEBUG]    | Validating Method: sort_title                                                                      |
[2022-07-08 01:48:16,619] [builder.py:605]            [DEBUG]    | Value: !12_Best of 1920s                                                                           |
[2022-07-08 01:48:16,763] [builder.py:764]            [INFO]     |                                                                                                    |
[2022-07-08 01:48:16,763] [builder.py:765]            [INFO]     | Validation Successful                                                                              |
[2022-07-08 01:48:16,764] [plex_meta_manager.py:539]  [INFO]     |                                                                                                    |
[2022-07-08 01:48:16,764] [plex_meta_manager.py:541]  [INFO]     |================================= Running Best of 1920s Collection =================================|
[2022-07-08 01:48:16,764] [plex_meta_manager.py:547]  [INFO]     |                                                                                                    |
[2022-07-08 01:48:16,765] [plex_meta_manager.py:548]  [INFO]     | Smart Movie Filter                                                                                 |
                                                                 | Sort By: critic_rating.desc
                                                                 | Limit: 100
                                                                 | Filter:
                                                                 |   Match any of the following:
                                                                 |     Decade is 1920
[2022-07-08 01:48:16,918] [builder.py:2383]           [INFO]     | 
[2022-07-08 01:48:16,919] [builder.py:2384]           [INFO]     |=========================== Updating Details of Best of 1920s Collection ===========================|
[2022-07-08 01:48:16,919] [builder.py:2385]           [INFO]     |                                                                                                    |
[2022-07-08 01:48:16,944] [builder.py:2446]           [INFO]     | Collection Metadata Edits                                                                          |
[2022-07-08 01:48:16,945] [util.py:150]               [DEBUG]    | 1 poster found:                                                                                    |
[2022-07-08 01:48:16,945] [util.py:152]               [DEBUG]    | Method: url_poster Poster: https://raw.githubusercontent.com/meisnate12/Plex-Meta-Manager-Images/master/decade/best/1920.jpg |
[2022-07-08 01:48:16,947] [library.py:155]            [INFO]     | Detail: poster update not needed                                                                   |
[2022-07-08 01:48:17,072] [plex_meta_manager.py:674]  [INFO]     |                                                                                                    |
[2022-07-08 01:48:17,073] [plex_meta_manager.py:675]  [INFO]     |====================================================================================================|
[2022-07-08 01:48:17,073] [plex_meta_manager.py:675]  [INFO]     |                                 Finished Best of 1920s Collection                                  |
[2022-07-08 01:48:17,073] [plex_meta_manager.py:675]  [INFO]     |                                    Collection Run Time: 0:00:01                                    |
[2022-07-08 01:48:17,074] [plex_meta_manager.py:675]  [INFO]     |====================================================================================================|
