[2022-07-08 02:34:50,110] [builder.py:185]            [INFO]     |====================================================================================================|
[2022-07-08 02:34:50,110] [builder.py:185]            [INFO]     |                                 TMDb Top Rated Collection in 亚洲电影                                  |
[2022-07-08 02:34:50,111] [builder.py:185]            [INFO]     |====================================================================================================|
[2022-07-08 02:34:50,111] [builder.py:186]            [INFO]     |                                                                                                    |
[2022-07-08 02:34:50,112] [builder.py:191]            [INFO]     |=============================== Validating TMDb Top Rated Attributes ===============================|
[2022-07-08 02:34:50,112] [builder.py:212]            [DEBUG]    |                                                                                                    |
[2022-07-08 02:34:50,112] [builder.py:213]            [DEBUG]    | Validating Method: template                                                                        |
[2022-07-08 02:34:50,113] [meta.py:103]               [DEBUG]    | Value: [ordereddict([('name', 'top')]), ordereddict([('name', 'customsync')]), ordereddict([('name', 'chart_shared'), ('key', 'top')])] |
[2022-07-08 02:34:50,118] [builder.py:437]            [DEBUG]    |                                                                                                    |
[2022-07-08 02:34:50,118] [builder.py:438]            [DEBUG]    | Validating Method: sync_mode                                                                       |
[2022-07-08 02:34:50,118] [builder.py:442]            [DEBUG]    | Value: sync                                                                                        |
[2022-07-08 02:34:50,119] [builder.py:582]            [DEBUG]    |                                                                                                    |
[2022-07-08 02:34:50,119] [builder.py:583]            [DEBUG]    | Validating Method: collection_order                                                                |
[2022-07-08 02:34:50,119] [builder.py:584]            [DEBUG]    | Value: custom                                                                                      |
[2022-07-08 02:34:50,119] [builder.py:600]            [DEBUG]    |                                                                                                    |
[2022-07-08 02:34:50,120] [builder.py:604]            [DEBUG]    | Validating Method: tmdb_top_rated                                                                  |
[2022-07-08 02:34:50,120] [builder.py:605]            [DEBUG]    | Value: 100                                                                                         |
[2022-07-08 02:34:50,120] [builder.py:600]            [DEBUG]    |                                                                                                    |
[2022-07-08 02:34:50,121] [builder.py:604]            [DEBUG]    | Validating Method: summary                                                                         |
[2022-07-08 02:34:50,121] [builder.py:605]            [DEBUG]    | Value: A collection of the top rated movies according to TMDb.                                     |
[2022-07-08 02:34:50,121] [builder.py:600]            [DEBUG]    |                                                                                                    |
[2022-07-08 02:34:50,122] [builder.py:604]            [DEBUG]    | Validating Method: sort_title                                                                      |
[2022-07-08 02:34:50,122] [builder.py:605]            [DEBUG]    | Value: !01_TMDb Top Rated                                                                          |
[2022-07-08 02:34:50,122] [builder.py:600]            [DEBUG]    |                                                                                                    |
[2022-07-08 02:34:50,123] [builder.py:604]            [DEBUG]    | Validating Method: url_poster                                                                      |
[2022-07-08 02:34:50,123] [builder.py:605]            [DEBUG]    | Value: https://raw.githubusercontent.com/meisnate12/Plex-Meta-Manager-Images/master/chart/TMDb%20Top%20Rated.jpg |
[2022-07-08 02:34:50,593] [builder.py:764]            [INFO]     |                                                                                                    |
[2022-07-08 02:34:50,593] [builder.py:765]            [INFO]     | Validation Successful                                                                              |
[2022-07-08 02:34:50,594] [plex_meta_manager.py:539]  [INFO]     |                                                                                                    |
[2022-07-08 02:34:50,594] [plex_meta_manager.py:541]  [INFO]     |================================ Running TMDb Top Rated Collection =================================|
[2022-07-08 02:34:50,594] [plex_meta_manager.py:553]  [INFO]     |                                                                                                    |
[2022-07-08 02:34:50,595] [plex_meta_manager.py:554]  [INFO]     | Sync Mode: sync                                                                                    |
[2022-07-08 02:34:50,595] [plex_meta_manager.py:557]  [DEBUG]    |                                                                                                    |
[2022-07-08 02:34:50,595] [plex_meta_manager.py:558]  [DEBUG]    | Builder: tmdb_top_rated: 100                                                                       |
[2022-07-08 02:34:50,595] [plex_meta_manager.py:559]  [INFO]     |                                                                                                    |
[2022-07-08 02:34:50,936] [tmdb.py:344]               [INFO]     | Processing TMDb Top Rated: 100 Movies                                                              |
[2022-07-08 02:34:50,936] [builder.py:1507]           [DEBUG]    |                                                                                                    |
[2022-07-08 02:34:50,937] [builder.py:1508]           [DEBUG]    | 100 IDs Found: [(278, 'tmdb'), (19404, 'tmdb'), (238, 'tmdb'), (424, 'tmdb'), (240, 'tmdb'), (667257, 'tmdb'), (129, 'tmdb'), (372754, 'tmdb'), (372058, 'tmdb'), (696374, 'tmdb'), (496243, 'tmdb'), (389, 'tmdb'), (724089, 'tmdb'), (730154, 'tmdb'), (497, 'tmdb'), (533514, 'tmdb'), (155, 'tmdb'), (761053, 'tmdb'), (680, 'tmdb'), (429, 'tmdb'), (122, 'tmdb'), (13, 'tmdb'), (11216, 'tmdb'), (346, 'tmdb'), (769, 'tmdb'), (637, 'tmdb'), (652837, 'tmdb'), (311, 'tmdb'), (14537, 'tmdb'), (539, 'tmdb'), (12477, 'tmdb'), (40096, 'tmdb'), (510, 'tmdb'), (550, 'tmdb'), (324857, 'tmdb'), (598, 'tmdb'), (378064, 'tmdb'), (283566, 'tmdb'), (255709, 'tmdb'), (4935, 'tmdb'), (92321, 'tmdb'), (18491, 'tmdb'), (1891, 'tmdb'), (599, 'tmdb'), (120, 'tmdb'), (441130, 'tmdb'), (423, 'tmdb'), (361743, 'tmdb'), (157336, 'tmdb'), (244786, 'tmdb'), (121, 'tmdb'), (73, 'tmdb'), (635302, 'tmdb'), (704264, 'tmdb'), (3782, 'tmdb'), (567, 'tmdb'), (27205, 'tmdb'), (12493, 'tmdb'), (901, 'tmdb'), (807, 'tmdb'), (914, 'tmdb'), (128, 'tmdb'), (644479, 'tmdb'), (632632, 'tmdb'), (274, 'tmdb'), (25237, 'tmdb'), (545611, 'tmdb'), (630566, 'tmdb'), (207, 'tmdb'), (3082, 'tmdb'), (527641, 'tmdb'), (101, 'tmdb'), (592350, 'tmdb'), (556574, 'tmdb'), (335, 'tmdb'), (618344, 'tmdb'), (16672, 'tmdb'), (105, 'tmdb'), (975, 'tmdb'), (447362, 'tmdb'), (42269, 'tmdb'), (18148, 'tmdb'), (575813, 'tmdb'), (28, 'tmdb'), (299534, 'tmdb'), (10494, 'tmdb'), (10376, 'tmdb'), (572154, 'tmdb'), (637920, 'tmdb'), (265177, 'tmdb'), (791373, 'tmdb'), (537061, 'tmdb'), (522924, 'tmdb'), (670, 'tmdb'), (508965, 'tmdb'), (299536, 'tmdb'), (290098, 'tmdb'), (77338, 'tmdb'), (532067, 'tmdb'), (476292, 'tmdb')] |
[2022-07-08 02:34:50,937] [builder.py:1509]           [DEBUG]    |                                                                                                    |
[2022-07-08 02:34:50,941] [builder.py:2009]           [INFO]     |                                                                                                    |
[2022-07-08 02:34:50,941] [builder.py:2010]           [INFO]     |=============================== Adding to TMDb Top Rated Collection ================================|
[2022-07-08 02:34:50,941] [builder.py:2011]           [INFO]     |                                                                                                    |
[2022-07-08 02:34:50,942] [builder.py:2025]           [INFO]     | 1/6 | TMDb Top Rated Collection | = | 千与千寻 (2001)                                                  |
[2022-07-08 02:34:50,943] [builder.py:2025]           [INFO]     | 2/6 | TMDb Top Rated Collection | = | 你的名字 (2016)                                                  |
[2022-07-08 02:34:50,943] [builder.py:2025]           [INFO]     | 3/6 | TMDb Top Rated Collection | = | 萤火虫之墓 (1988)                                                 |
[2022-07-08 02:34:50,943] [builder.py:2025]           [INFO]     | 4/6 | TMDb Top Rated Collection | = | 声之形 (2016)                                                   |
[2022-07-08 02:34:50,944] [builder.py:2025]           [INFO]     | 5/6 | TMDb Top Rated Collection | = | 哈尔的移动城堡 (2004)                                               |
[2022-07-08 02:34:50,944] [builder.py:2025]           [INFO]     | 6/6 | TMDb Top Rated Collection | = | 幽灵公主 (1997)                                                  |
[2022-07-08 02:34:50,945] [builder.py:2045]           [INFO]     |                                                                                                    |
[2022-07-08 02:34:50,945] [builder.py:2046]           [INFO]     | 6 Movies Processed                                                                                 |
[2022-07-08 02:34:50,945] [builder.py:2172]           [INFO]     |                                                                                                    |
[2022-07-08 02:34:50,946] [builder.py:2173]           [INFO]     |================================ Missing Movies from Library: 亚洲电影 =================================|
[2022-07-08 02:34:50,946] [builder.py:2174]           [INFO]     |                                                                                                    |
[2022-07-08 02:34:51,271] [builder.py:2187]           [INFO]     | TMDb Top Rated Collection | ? | The Shawshank Redemption (1994) (TMDb: 278)                        |
[2022-07-08 02:34:51,590] [builder.py:2187]           [INFO]     | TMDb Top Rated Collection | ? | Dilwale Dulhania Le Jayenge (1995) (TMDb: 19404)                   |
[2022-07-08 02:34:51,904] [builder.py:2187]           [INFO]     | TMDb Top Rated Collection | ? | The Godfather (1972) (TMDb: 238)                                   |
[2022-07-08 02:34:52,213] [builder.py:2187]           [INFO]     | TMDb Top Rated Collection | ? | Schindler's List (1993) (TMDb: 424)                                |
[2022-07-08 02:34:52,446] [builder.py:2187]           [INFO]     | TMDb Top Rated Collection | ? | The Godfather: Part II (1974) (TMDb: 240)                          |
[2022-07-08 02:34:52,724] [builder.py:2187]           [INFO]     | TMDb Top Rated Collection | ? | Impossible Things (2021) (TMDb: 667257)                            |
[2022-07-08 02:34:52,962] [builder.py:2187]           [INFO]     | TMDb Top Rated Collection | ? | Dou kyu sei – Classmates (2016) (TMDb: 372754)                     |
[2022-07-08 02:34:53,235] [builder.py:2187]           [INFO]     | TMDb Top Rated Collection | ? | Gabriel's Inferno (2020) (TMDb: 696374)                            |
[2022-07-08 02:34:53,579] [builder.py:2187]           [INFO]     | TMDb Top Rated Collection | ? | Parasite (2019) (TMDb: 496243)                                     |
[2022-07-08 02:34:53,857] [builder.py:2187]           [INFO]     | TMDb Top Rated Collection | ? | 12 Angry Men (1957) (TMDb: 389)                                    |
[2022-07-08 02:34:54,257] [builder.py:2187]           [INFO]     | TMDb Top Rated Collection | ? | Gabriel's Inferno: Part II (2020) (TMDb: 724089)                   |
[2022-07-08 02:34:54,513] [builder.py:2187]           [INFO]     | TMDb Top Rated Collection | ? | Your Eyes Tell (2020) (TMDb: 730154)                               |
[2022-07-08 02:34:54,757] [builder.py:2187]           [INFO]     | TMDb Top Rated Collection | ? | The Green Mile (1999) (TMDb: 497)                                  |
[2022-07-08 02:34:55,024] [builder.py:2187]           [INFO]     | TMDb Top Rated Collection | ? | Violet Evergarden: The Movie (2020) (TMDb: 533514)                 |
[2022-07-08 02:34:55,279] [builder.py:2187]           [INFO]     | TMDb Top Rated Collection | ? | The Dark Knight (2008) (TMDb: 155)                                 |
[2022-07-08 02:34:55,535] [builder.py:2187]           [INFO]     | TMDb Top Rated Collection | ? | Gabriel's Inferno: Part III (2020) (TMDb: 761053)                  |
[2022-07-08 02:34:55,804] [builder.py:2187]           [INFO]     | TMDb Top Rated Collection | ? | Pulp Fiction (1994) (TMDb: 680)                                    |
[2022-07-08 02:34:56,046] [builder.py:2187]           [INFO]     | TMDb Top Rated Collection | ? | The Good, the Bad and the Ugly (1966) (TMDb: 429)                  |
[2022-07-08 02:34:56,429] [builder.py:2187]           [INFO]     | TMDb Top Rated Collection | ? | The Lord of the Rings: The Return of the King (2003) (TMDb: 122)   |
[2022-07-08 02:34:56,846] [builder.py:2187]           [INFO]     | TMDb Top Rated Collection | ? | Forrest Gump (1994) (TMDb: 13)                                     |
[2022-07-08 02:34:57,157] [builder.py:2187]           [INFO]     | TMDb Top Rated Collection | ? | Cinema Paradiso (1988) (TMDb: 11216)                               |
[2022-07-08 02:34:57,390] [builder.py:2187]           [INFO]     | TMDb Top Rated Collection | ? | Seven Samurai (1954) (TMDb: 346)                                   |
[2022-07-08 02:34:57,713] [builder.py:2187]           [INFO]     | TMDb Top Rated Collection | ? | GoodFellas (1990) (TMDb: 769)                                      |
[2022-07-08 02:34:57,990] [builder.py:2187]           [INFO]     | TMDb Top Rated Collection | ? | Life Is Beautiful (1997) (TMDb: 637)                               |
[2022-07-08 02:34:58,268] [builder.py:2187]           [INFO]     | TMDb Top Rated Collection | ? | Josee, the Tiger and the Fish (2020) (TMDb: 652837)                |
[2022-07-08 02:34:58,524] [builder.py:2187]           [INFO]     | TMDb Top Rated Collection | ? | Once Upon a Time in America (1984) (TMDb: 311)                     |
[2022-07-08 02:34:58,768] [builder.py:2187]           [INFO]     | TMDb Top Rated Collection | ? | Harakiri (1962) (TMDb: 14537)                                      |
[2022-07-08 02:34:58,970] [builder.py:2187]           [INFO]     | TMDb Top Rated Collection | ? | Psycho (1960) (TMDb: 539)                                          |
[2022-07-08 02:34:59,246] [builder.py:2187]           [INFO]     | TMDb Top Rated Collection | ? | A Dog's Will (2000) (TMDb: 40096)                                  |
[2022-07-08 02:34:59,490] [builder.py:2187]           [INFO]     | TMDb Top Rated Collection | ? | One Flew Over the Cuckoo's Nest (1975) (TMDb: 510)                 |
[2022-07-08 02:34:59,768] [builder.py:2187]           [INFO]     | TMDb Top Rated Collection | ? | Fight Club (1999) (TMDb: 550)                                      |
[2022-07-08 02:34:59,773] [builder.py:2187]           [INFO]     | TMDb Top Rated Collection | ? | Spider-Man: Into the Spider-Verse (2018) (TMDb: 324857)            |
[2022-07-08 02:35:00,079] [builder.py:2187]           [INFO]     | TMDb Top Rated Collection | ? | City of God (2002) (TMDb: 598)                                     |
[2022-07-08 02:35:00,313] [builder.py:2187]           [INFO]     | TMDb Top Rated Collection | ? | Evangelion: 3.0+1.0 Thrice Upon a Time (2021) (TMDb: 283566)       |
[2022-07-08 02:35:00,657] [builder.py:2187]           [INFO]     | TMDb Top Rated Collection | ? | Hope (2013) (TMDb: 255709)                                         |
[2022-07-08 02:35:00,924] [builder.py:2187]           [INFO]     | TMDb Top Rated Collection | ? | Hotarubi no Mori e (2011) (TMDb: 92321)                            |
[2022-07-08 02:35:01,157] [builder.py:2187]           [INFO]     | TMDb Top Rated Collection | ? | Neon Genesis Evangelion: The End of Evangelion (1997) (TMDb: 18491) |
[2022-07-08 02:35:01,413] [builder.py:2187]           [INFO]     | TMDb Top Rated Collection | ? | The Empire Strikes Back (1980) (TMDb: 1891)                        |
[2022-07-08 02:35:01,657] [builder.py:2187]           [INFO]     | TMDb Top Rated Collection | ? | Sunset Boulevard (1950) (TMDb: 599)                                |
[2022-07-08 02:35:01,937] [builder.py:2187]           [INFO]     | TMDb Top Rated Collection | ? | The Lord of the Rings: The Fellowship of the Ring (2001) (TMDb: 120) |
[2022-07-08 02:35:02,368] [builder.py:2187]           [INFO]     | TMDb Top Rated Collection | ? | Wolfwalkers (2020) (TMDb: 441130)                                  |
[2022-07-08 02:35:02,724] [builder.py:2187]           [INFO]     | TMDb Top Rated Collection | ? | The Pianist (2002) (TMDb: 423)                                     |
[2022-07-08 02:35:02,979] [builder.py:2187]           [INFO]     | TMDb Top Rated Collection | ? | Top Gun: Maverick (2022) (TMDb: 361743)                            |
[2022-07-08 02:35:03,257] [builder.py:2187]           [INFO]     | TMDb Top Rated Collection | ? | Interstellar (2014) (TMDb: 157336)                                 |
[2022-07-08 02:35:03,502] [builder.py:2187]           [INFO]     | TMDb Top Rated Collection | ? | Whiplash (2014) (TMDb: 244786)                                     |
[2022-07-08 02:35:04,057] [builder.py:2187]           [INFO]     | TMDb Top Rated Collection | ? | The Lord of the Rings: The Two Towers (2002) (TMDb: 121)           |
[2022-07-08 02:35:04,391] [builder.py:2187]           [INFO]     | TMDb Top Rated Collection | ? | American History X (1998) (TMDb: 73)                               |
[2022-07-08 02:35:04,646] [builder.py:2187]           [INFO]     | TMDb Top Rated Collection | ? | Demon Slayer -Kimetsu no Yaiba- The Movie: Mugen Train (2020) (TMDb: 635302) |
[2022-07-08 02:35:04,935] [builder.py:2187]           [INFO]     | TMDb Top Rated Collection | ? | Primal: Tales of Savagery (2019) (TMDb: 704264)                    |
[2022-07-08 02:35:05,228] [builder.py:2187]           [INFO]     | TMDb Top Rated Collection | ? | Ikiru (1952) (TMDb: 3782)                                          |
[2022-07-08 02:35:05,479] [builder.py:2187]           [INFO]     | TMDb Top Rated Collection | ? | Rear Window (1954) (TMDb: 567)                                     |
[2022-07-08 02:35:05,757] [builder.py:2187]           [INFO]     | TMDb Top Rated Collection | ? | Inception (2010) (TMDb: 27205)                                     |
[2022-07-08 02:35:06,013] [builder.py:2187]           [INFO]     | TMDb Top Rated Collection | ? | High and Low (1963) (TMDb: 12493)                                  |
[2022-07-08 02:35:06,257] [builder.py:2187]           [INFO]     | TMDb Top Rated Collection | ? | City Lights (1931) (TMDb: 901)                                     |
[2022-07-08 02:35:06,513] [builder.py:2187]           [INFO]     | TMDb Top Rated Collection | ? | Se7en (1995) (TMDb: 807)                                           |
[2022-07-08 02:35:06,879] [builder.py:2187]           [INFO]     | TMDb Top Rated Collection | ? | The Great Dictator (1940) (TMDb: 914)                              |
[2022-07-08 02:35:07,203] [builder.py:2187]           [INFO]     | TMDb Top Rated Collection | ? | Dedicated to my ex (2019) (TMDb: 644479)                           |
[2022-07-08 02:35:07,479] [builder.py:2187]           [INFO]     | TMDb Top Rated Collection | ? | Given (2020) (TMDb: 632632)                                        |
[2022-07-08 02:35:07,713] [builder.py:2187]           [INFO]     | TMDb Top Rated Collection | ? | The Silence of the Lambs (1991) (TMDb: 274)                        |
[2022-07-08 02:35:07,994] [builder.py:2187]           [INFO]     | TMDb Top Rated Collection | ? | Come and See (1985) (TMDb: 25237)                                  |
[2022-07-08 02:35:08,280] [builder.py:2187]           [INFO]     | TMDb Top Rated Collection | ? | Everything Everywhere All at Once (2022) (TMDb: 545611)            |
[2022-07-08 02:35:08,790] [builder.py:2187]           [INFO]     | TMDb Top Rated Collection | ? | Clouds (2020) (TMDb: 630566)                                       |
[2022-07-08 02:35:09,113] [builder.py:2187]           [INFO]     | TMDb Top Rated Collection | ? | Dead Poets Society (1989) (TMDb: 207)                              |
[2022-07-08 02:35:09,436] [builder.py:2187]           [INFO]     | TMDb Top Rated Collection | ? | Modern Times (1936) (TMDb: 3082)                                   |
[2022-07-08 02:35:09,857] [builder.py:2187]           [INFO]     | TMDb Top Rated Collection | ? | Five Feet Apart (2019) (TMDb: 527641)                              |
[2022-07-08 02:35:10,268] [builder.py:2187]           [INFO]     | TMDb Top Rated Collection | ? | Léon: The Professional (1994) (TMDb: 101)                          |
[2022-07-08 02:35:10,594] [builder.py:2187]           [INFO]     | TMDb Top Rated Collection | ? | My Hero Academia: Heroes Rising (2019) (TMDb: 592350)              |
[2022-07-08 02:35:10,835] [builder.py:2187]           [INFO]     | TMDb Top Rated Collection | ? | Hamilton (2020) (TMDb: 556574)                                     |
[2022-07-08 02:35:11,102] [builder.py:2187]           [INFO]     | TMDb Top Rated Collection | ? | Once Upon a Time in the West (1968) (TMDb: 335)                    |
[2022-07-08 02:35:11,424] [builder.py:2187]           [INFO]     | TMDb Top Rated Collection | ? | Justice League Dark: Apokolips War (2020) (TMDb: 618344)           |
[2022-07-08 02:35:11,961] [builder.py:2187]           [INFO]     | TMDb Top Rated Collection | ? | Woman in the Dunes (1964) (TMDb: 16672)                            |
[2022-07-08 02:35:12,246] [builder.py:2187]           [INFO]     | TMDb Top Rated Collection | ? | Back to the Future (1985) (TMDb: 105)                              |
[2022-07-08 02:35:12,524] [builder.py:2187]           [INFO]     | TMDb Top Rated Collection | ? | Paths of Glory (1957) (TMDb: 975)                                  |
[2022-07-08 02:35:12,813] [builder.py:2187]           [INFO]     | TMDb Top Rated Collection | ? | Life in a Year (2020) (TMDb: 447362)                               |
[2022-07-08 02:35:13,101] [builder.py:2187]           [INFO]     | TMDb Top Rated Collection | ? | We All Loved Each Other So Much (1974) (TMDb: 42269)               |
[2022-07-08 02:35:13,357] [builder.py:2187]           [INFO]     | TMDb Top Rated Collection | ? | Tokyo Story (1953) (TMDb: 18148)                                   |
[2022-07-08 02:35:13,668] [builder.py:2187]           [INFO]     | TMDb Top Rated Collection | ? | Better Days (2019) (TMDb: 575813)                                  |
[2022-07-08 02:35:13,935] [builder.py:2187]           [INFO]     | TMDb Top Rated Collection | ? | Apocalypse Now (1979) (TMDb: 28)                                   |
[2022-07-08 02:35:14,290] [builder.py:2187]           [INFO]     | TMDb Top Rated Collection | ? | Avengers: Endgame (2019) (TMDb: 299534)                            |
[2022-07-08 02:35:14,524] [builder.py:2187]           [INFO]     | TMDb Top Rated Collection | ? | Perfect Blue (1997) (TMDb: 10494)                                  |
[2022-07-08 02:35:14,901] [builder.py:2187]           [INFO]     | TMDb Top Rated Collection | ? | The Legend of 1900 (1998) (TMDb: 10376)                            |
[2022-07-08 02:35:15,179] [builder.py:2187]           [INFO]     | TMDb Top Rated Collection | ? | Rascal Does Not Dream of a Dreaming Girl (2019) (TMDb: 572154)     |
[2022-07-08 02:35:15,502] [builder.py:2187]           [INFO]     | TMDb Top Rated Collection | ? | Miracle in Cell No. 7 (2019) (TMDb: 637920)                        |
[2022-07-08 02:35:15,746] [builder.py:2187]           [INFO]     | TMDb Top Rated Collection | ? | Mommy (2014) (TMDb: 265177)                                        |
[2022-07-08 02:35:15,957] [builder.py:2187]           [INFO]     | TMDb Top Rated Collection | ? | Zack Snyder's Justice League (2021) (TMDb: 791373)                 |
[2022-07-08 02:35:16,246] [builder.py:2187]           [INFO]     | TMDb Top Rated Collection | ? | Steven Universe: The Movie (2019) (TMDb: 537061)                   |
[2022-07-08 02:35:16,657] [builder.py:2187]           [INFO]     | TMDb Top Rated Collection | ? | The Art of Racing in the Rain (2019) (TMDb: 522924)                |
[2022-07-08 02:35:17,068] [builder.py:2187]           [INFO]     | TMDb Top Rated Collection | ? | Oldboy (2003) (TMDb: 670)                                          |
[2022-07-08 02:35:17,402] [builder.py:2187]           [INFO]     | TMDb Top Rated Collection | ? | Klaus (2019) (TMDb: 508965)                                        |
[2022-07-08 02:35:17,857] [builder.py:2187]           [INFO]     | TMDb Top Rated Collection | ? | Avengers: Infinity War (2018) (TMDb: 299536)                       |
[2022-07-08 02:35:18,113] [builder.py:2187]           [INFO]     | TMDb Top Rated Collection | ? | The Handmaiden (2016) (TMDb: 290098)                               |
[2022-07-08 02:35:18,413] [builder.py:2187]           [INFO]     | TMDb Top Rated Collection | ? | The Intouchables (2011) (TMDb: 77338)                              |
[2022-07-08 02:35:18,660] [builder.py:2187]           [INFO]     | TMDb Top Rated Collection | ? | KonoSuba: God's Blessing on this Wonderful World! Legend of Crimson (2019) (TMDb: 532067) |
[2022-07-08 02:35:18,913] [builder.py:2187]           [INFO]     | TMDb Top Rated Collection | ? | Maquia: When the Promised Flower Blooms (2018) (TMDb: 476292)      |
[2022-07-08 02:35:18,913] [builder.py:2192]           [INFO]     |                                                                                                    |
[2022-07-08 02:35:18,913] [builder.py:2193]           [INFO]     | 94 Movies Missing                                                                                  |
[2022-07-08 02:35:18,931] [builder.py:2383]           [INFO]     |                                                                                                    |
[2022-07-08 02:35:18,931] [builder.py:2384]           [INFO]     |========================== Updating Details of TMDb Top Rated Collection ===========================|
[2022-07-08 02:35:18,932] [builder.py:2385]           [INFO]     |                                                                                                    |
[2022-07-08 02:35:18,932] [builder.py:2446]           [INFO]     | Collection Metadata Edits                                                                          |
[2022-07-08 02:35:18,932] [util.py:150]               [DEBUG]    | 1 poster found:                                                                                    |
[2022-07-08 02:35:18,933] [util.py:152]               [DEBUG]    | Method: url_poster Poster: https://raw.githubusercontent.com/meisnate12/Plex-Meta-Manager-Images/master/chart/TMDb%20Top%20Rated.jpg |
[2022-07-08 02:35:18,935] [library.py:155]            [INFO]     | Detail: poster update not needed                                                                   |
[2022-07-08 02:35:19,077] [builder.py:2529]           [INFO]     |                                                                                                    |
[2022-07-08 02:35:19,078] [builder.py:2530]           [INFO]     |================================ Sorting TMDb Top Rated Collection =================================|
[2022-07-08 02:35:19,078] [builder.py:2531]           [INFO]     |                                                                                                    |
[2022-07-08 02:35:19,078] [builder.py:2547]           [INFO]     | Moving 千与千寻 (2001) to the beginning                                                                |
[2022-07-08 02:35:19,712] [builder.py:2547]           [INFO]     | Moving 你的名字 (2016) after 千与千寻 (2001)                                                               |
[2022-07-08 02:35:19,755] [builder.py:2547]           [INFO]     | Moving 声之形 (2016) after 萤火虫之墓 (1988)                                                               |
[2022-07-08 02:35:19,830] [builder.py:2547]           [INFO]     | Moving 哈尔的移动城堡 (2004) after 声之形 (2016)                                                             |
[2022-07-08 02:35:19,894] [builder.py:2547]           [INFO]     | Moving 幽灵公主 (1997) after 哈尔的移动城堡 (2004)                                                            |
[2022-07-08 02:35:19,934] [plex_meta_manager.py:674]  [INFO]     |                                                                                                    |
[2022-07-08 02:35:19,935] [plex_meta_manager.py:675]  [INFO]     |====================================================================================================|
[2022-07-08 02:35:19,935] [plex_meta_manager.py:675]  [INFO]     |                                 Finished TMDb Top Rated Collection                                 |
[2022-07-08 02:35:19,935] [plex_meta_manager.py:675]  [INFO]     |                                    Collection Run Time: 0:00:29                                    |
[2022-07-08 02:35:19,936] [plex_meta_manager.py:675]  [INFO]     |====================================================================================================|
