[2022-07-08 02:29:04,168] [builder.py:185]            [INFO]     |====================================================================================================|
[2022-07-08 02:29:04,169] [builder.py:185]            [INFO]     |                                 Other Countries Collection in 亚洲电影                                 |
[2022-07-08 02:29:04,169] [builder.py:185]            [INFO]     |====================================================================================================|
[2022-07-08 02:29:04,170] [builder.py:186]            [INFO]     |                                                                                                    |
[2022-07-08 02:29:04,170] [builder.py:191]            [INFO]     |============================== Validating Other Countries Attributes ===============================|
[2022-07-08 02:29:04,170] [builder.py:212]            [DEBUG]    |                                                                                                    |
[2022-07-08 02:29:04,171] [builder.py:213]            [DEBUG]    | Validating Method: template                                                                        |
[2022-07-08 02:29:04,171] [meta.py:103]               [DEBUG]    | Value: [{'value': ['Taiwan, Province of China'], 'included_keys': ['Canada', 'China', 'France', 'Germany', 'Hong Kong', 'India', 'Italy', 'Japan', 'Korea', 'Malaysia', 'Mexico', 'New Zealand', 'Singapore', 'South Africa', 'Spain', 'Sweden', 'Taiwan', 'Thailand', 'United Kingdom', 'United States of America', 'Korea'], 'used_keys': ['China', 'France', 'Hong Kong', 'Japan', 'Malaysia', 'Singapore', 'Thailand', 'United States of America', 'Republic of Korea'], 'country': ['Taiwan, Province of China'], 'key_name': 'Other Countries', 'key': 'other', 'name': 'other_collection'}, {'value': ['Taiwan, Province of China'], 'included_keys': ['Canada', 'China', 'France', 'Germany', 'Hong Kong', 'India', 'Italy', 'Japan', 'Korea', 'Malaysia', 'Mexico', 'New Zealand', 'Singapore', 'South Africa', 'Spain', 'Sweden', 'Taiwan', 'Thailand', 'United Kingdom', 'United States of America', 'Korea'], 'used_keys': ['China', 'France', 'Hong Kong', 'Japan', 'Malaysia', 'Singapore', 'Thailand', 'United States of America', 'Republic of Korea'], 'country': ['Taiwan, Province of China'], 'key_name': 'Other Countries', 'key': 'other', 'name': 'country_dynamic'}, {'value': ['Taiwan, Province of China'], 'included_keys': ['Canada', 'China', 'France', 'Germany', 'Hong Kong', 'India', 'Italy', 'Japan', 'Korea', 'Malaysia', 'Mexico', 'New Zealand', 'Singapore', 'South Africa', 'Spain', 'Sweden', 'Taiwan', 'Thailand', 'United Kingdom', 'United States of America', 'Korea'], 'used_keys': ['China', 'France', 'Hong Kong', 'Japan', 'Malaysia', 'Singapore', 'Thailand', 'United States of America', 'Republic of Korea'], 'country': ['Taiwan, Province of China'], 'key_name': 'Other Countries', 'key': 'other', 'name': 'shared'}] |
[2022-07-08 02:29:04,174] [meta.py:241]               [WARNING]  | Template Warning: template attribute: sort_title from shared skipped                               |
[2022-07-08 02:29:04,175] [builder.py:1675]           [INFO]     |                                                                                                    |
[2022-07-08 02:29:04,175] [builder.py:1676]           [INFO]     | Validating Method: smart_filter                                                                    |
[2022-07-08 02:29:04,175] [builder.py:1682]           [DEBUG]    | Value: {'sort_by': 'release.desc', 'any': {'country': ['Taiwan, Province of China']}}              |
[2022-07-08 02:29:04,214] [builder.py:600]            [DEBUG]    |                                                                                                    |
[2022-07-08 02:29:04,214] [builder.py:604]            [DEBUG]    | Validating Method: label                                                                           |
[2022-07-08 02:29:04,214] [builder.py:605]            [DEBUG]    | Value: Country Color                                                                               |
[2022-07-08 02:29:04,215] [builder.py:600]            [DEBUG]    |                                                                                                    |
[2022-07-08 02:29:04,215] [builder.py:604]            [DEBUG]    | Validating Method: sort_title                                                                      |
[2022-07-08 02:29:04,215] [builder.py:605]            [DEBUG]    | Value: !09_~Other Countries                                                                        |
[2022-07-08 02:29:04,216] [builder.py:600]            [DEBUG]    |                                                                                                    |
[2022-07-08 02:29:04,216] [builder.py:604]            [DEBUG]    | Validating Method: url_poster                                                                      |
[2022-07-08 02:29:04,216] [builder.py:605]            [DEBUG]    | Value: https://raw.githubusercontent.com/meisnate12/Plex-Meta-Manager-Images/master/country/white/Other%20Countries.jpg |
[2022-07-08 02:29:04,717] [builder.py:764]            [INFO]     |                                                                                                    |
[2022-07-08 02:29:04,718] [builder.py:765]            [INFO]     | Validation Successful                                                                              |
[2022-07-08 02:29:04,718] [plex_meta_manager.py:539]  [INFO]     |                                                                                                    |
[2022-07-08 02:29:04,719] [plex_meta_manager.py:541]  [INFO]     |================================ Running Other Countries Collection ================================|
[2022-07-08 02:29:04,719] [plex_meta_manager.py:547]  [INFO]     |                                                                                                    |
[2022-07-08 02:29:04,720] [plex_meta_manager.py:548]  [INFO]     | Smart Movie Filter                                                                                 |
                                                                 | Sort By: release.desc
                                                                 | Filter:
                                                                 |   Match any of the following:
                                                                 |     Country is Taiwan, Province of China
[2022-07-08 02:29:04,896] [builder.py:2383]           [INFO]     | 
[2022-07-08 02:29:04,897] [builder.py:2384]           [INFO]     |========================== Updating Details of Other Countries Collection ==========================|
[2022-07-08 02:29:04,897] [builder.py:2385]           [INFO]     |                                                                                                    |
[2022-07-08 02:29:04,921] [builder.py:2446]           [INFO]     | Collection Metadata Edits                                                                          |
[2022-07-08 02:29:04,922] [util.py:150]               [DEBUG]    | 1 poster found:                                                                                    |
[2022-07-08 02:29:04,922] [util.py:152]               [DEBUG]    | Method: url_poster Poster: https://raw.githubusercontent.com/meisnate12/Plex-Meta-Manager-Images/master/country/white/Other%20Countries.jpg |
[2022-07-08 02:29:04,925] [library.py:155]            [INFO]     | Detail: poster update not needed                                                                   |
[2022-07-08 02:29:05,083] [plex_meta_manager.py:674]  [INFO]     |                                                                                                    |
[2022-07-08 02:29:05,083] [plex_meta_manager.py:675]  [INFO]     |====================================================================================================|
[2022-07-08 02:29:05,084] [plex_meta_manager.py:675]  [INFO]     |                                Finished Other Countries Collection                                 |
[2022-07-08 02:29:05,084] [plex_meta_manager.py:675]  [INFO]     |                                    Collection Run Time: 0:00:00                                    |
[2022-07-08 02:29:05,084] [plex_meta_manager.py:675]  [INFO]     |====================================================================================================|
