[2022-07-08 02:59:28,941] [builder.py:185]            [INFO]     |====================================================================================================|
[2022-07-08 02:59:28,942] [builder.py:185]            [INFO]     |                             Other Countries Collection in ....TV Shows                             |
[2022-07-08 02:59:28,942] [builder.py:185]            [INFO]     |====================================================================================================|
[2022-07-08 02:59:28,943] [builder.py:186]            [INFO]     |                                                                                                    |
[2022-07-08 02:59:28,943] [builder.py:191]            [INFO]     |============================== Validating Other Countries Attributes ===============================|
[2022-07-08 02:59:28,943] [builder.py:212]            [DEBUG]    |                                                                                                    |
[2022-07-08 02:59:28,944] [builder.py:213]            [DEBUG]    | Validating Method: template                                                                        |
[2022-07-08 02:59:28,944] [meta.py:103]               [DEBUG]    | Value: [{'value': ['us', 'gb', 'jp', 'hk'], 'included_keys': ['Canada', 'China', 'France', 'Germany', 'Hong Kong', 'India', 'Italy', 'Japan', 'Korea', 'Malaysia', 'Mexico', 'New Zealand', 'Singapore', 'South Africa', 'Spain', 'Sweden', 'Taiwan', 'Thailand', 'United Kingdom', 'United States of America'], 'used_keys': [], 'origin_country': ['us', 'gb', 'jp', 'hk'], 'key_name': 'Other Countries', 'key': 'other', 'name': 'other_collection'}, {'value': ['us', 'gb', 'jp', 'hk'], 'included_keys': ['Canada', 'China', 'France', 'Germany', 'Hong Kong', 'India', 'Italy', 'Japan', 'Korea', 'Malaysia', 'Mexico', 'New Zealand', 'Singapore', 'South Africa', 'Spain', 'Sweden', 'Taiwan', 'Thailand', 'United Kingdom', 'United States of America'], 'used_keys': [], 'origin_country': ['us', 'gb', 'jp', 'hk'], 'key_name': 'Other Countries', 'key': 'other', 'name': 'country_tv_dynamic'}, {'value': ['us', 'gb', 'jp', 'hk'], 'included_keys': ['Canada', 'China', 'France', 'Germany', 'Hong Kong', 'India', 'Italy', 'Japan', 'Korea', 'Malaysia', 'Mexico', 'New Zealand', 'Singapore', 'South Africa', 'Spain', 'Sweden', 'Taiwan', 'Thailand', 'United Kingdom', 'United States of America'], 'used_keys': [], 'origin_country': ['us', 'gb', 'jp', 'hk'], 'key_name': 'Other Countries', 'key': 'other', 'name': 'shared'}] |
[2022-07-08 02:59:28,947] [meta.py:241]               [WARNING]  | Template Warning: template attribute: sort_title from shared skipped                               |
[2022-07-08 02:59:28,948] [builder.py:582]            [DEBUG]    |                                                                                                    |
[2022-07-08 02:59:28,948] [builder.py:583]            [DEBUG]    | Validating Method: collection_order                                                                |
[2022-07-08 02:59:28,948] [builder.py:584]            [DEBUG]    | Value: release.desc                                                                                |
[2022-07-08 02:59:28,949] [builder.py:600]            [DEBUG]    |                                                                                                    |
[2022-07-08 02:59:28,949] [builder.py:604]            [DEBUG]    | Validating Method: label                                                                           |
[2022-07-08 02:59:28,949] [builder.py:605]            [DEBUG]    | Value: TMDb Country Color                                                                          |
[2022-07-08 02:59:28,950] [builder.py:600]            [DEBUG]    |                                                                                                    |
[2022-07-08 02:59:28,950] [builder.py:604]            [DEBUG]    | Validating Method: sort_title                                                                      |
[2022-07-08 02:59:28,950] [builder.py:605]            [DEBUG]    | Value: !09_~Other Countries                                                                        |
[2022-07-08 02:59:28,951] [builder.py:600]            [DEBUG]    |                                                                                                    |
[2022-07-08 02:59:28,951] [builder.py:604]            [DEBUG]    | Validating Method: url_poster                                                                      |
[2022-07-08 02:59:28,951] [builder.py:605]            [DEBUG]    | Value: https://raw.githubusercontent.com/meisnate12/Plex-Meta-Manager-Images/master/country/white/Other%20Countries.jpg |
[2022-07-08 02:59:29,252] [builder.py:600]            [DEBUG]    |                                                                                                    |
[2022-07-08 02:59:29,253] [builder.py:604]            [DEBUG]    | Validating Method: plex_all                                                                        |
[2022-07-08 02:59:29,253] [builder.py:605]            [DEBUG]    | Value: True                                                                                        |
[2022-07-08 02:59:29,254] [builder.py:600]            [DEBUG]    |                                                                                                    |
[2022-07-08 02:59:29,254] [builder.py:604]            [DEBUG]    | Validating Method: filters                                                                         |
[2022-07-08 02:59:29,254] [builder.py:605]            [DEBUG]    | Value: {'origin_country': ['us', 'gb', 'jp', 'hk']}                                                |
[2022-07-08 02:59:29,438] [builder.py:764]            [INFO]     |                                                                                                    |
[2022-07-08 02:59:29,438] [builder.py:765]            [INFO]     | Validation Successful                                                                              |
[2022-07-08 02:59:29,439] [plex_meta_manager.py:539]  [INFO]     |                                                                                                    |
[2022-07-08 02:59:29,439] [plex_meta_manager.py:541]  [INFO]     |================================ Running Other Countries Collection ================================|
[2022-07-08 02:59:29,439] [plex_meta_manager.py:553]  [INFO]     |                                                                                                    |
[2022-07-08 02:59:29,440] [plex_meta_manager.py:554]  [INFO]     | Sync Mode: append                                                                                  |
[2022-07-08 02:59:29,440] [plex_meta_manager.py:557]  [DEBUG]    |                                                                                                    |
[2022-07-08 02:59:29,440] [plex_meta_manager.py:558]  [DEBUG]    | Builder: plex_all: show                                                                            |
[2022-07-08 02:59:29,441] [plex_meta_manager.py:559]  [INFO]     |                                                                                                    |
[2022-07-08 02:59:29,441] [plex.py:760]               [INFO]     | Processing Plex All Shows                                                                          |
[2022-07-08 02:59:29,441] [plex.py:471]               [INFO]     | Loading All Shows from Library: ....TV Shows                                                       |
[2022-07-08 02:59:29,685] [plex.py:480]               [INFO]     | Loaded 26 Shows                                                                                    |
[2022-07-08 02:59:29,686] [plex.py:813]               [DEBUG]    |                                                                                                    |
[2022-07-08 02:59:29,686] [plex.py:814]               [DEBUG]    | 26 Keys Found: [(305655, 'ratingKey'), (72569, 'ratingKey'), (214877, 'ratingKey'), (281126, 'ratingKey'), (72510, 'ratingKey'), (31194, 'ratingKey'), (304875, 'ratingKey'), (68199, 'ratingKey'), (280803, 'ratingKey'), (72524, 'ratingKey'), (33951, 'ratingKey'), (30191, 'ratingKey'), (279458, 'ratingKey'), (74086, 'ratingKey'), (34088, 'ratingKey'), (74009, 'ratingKey'), (274611, 'ratingKey'), (279438, 'ratingKey'), (279450, 'ratingKey'), (74049, 'ratingKey'), (74031, 'ratingKey'), (67478, 'ratingKey'), (67592, 'ratingKey'), (67611, 'ratingKey'), (279466, 'ratingKey'), (67419, 'ratingKey')] |
[2022-07-08 02:59:29,686] [builder.py:1507]           [DEBUG]    |                                                                                                    |
[2022-07-08 02:59:29,687] [builder.py:1508]           [DEBUG]    | 26 IDs Found: [(305655, 'ratingKey'), (72569, 'ratingKey'), (214877, 'ratingKey'), (281126, 'ratingKey'), (72510, 'ratingKey'), (31194, 'ratingKey'), (304875, 'ratingKey'), (68199, 'ratingKey'), (280803, 'ratingKey'), (72524, 'ratingKey'), (33951, 'ratingKey'), (30191, 'ratingKey'), (279458, 'ratingKey'), (74086, 'ratingKey'), (34088, 'ratingKey'), (74009, 'ratingKey'), (274611, 'ratingKey'), (279438, 'ratingKey'), (279450, 'ratingKey'), (74049, 'ratingKey'), (74031, 'ratingKey'), (67478, 'ratingKey'), (67592, 'ratingKey'), (67611, 'ratingKey'), (279466, 'ratingKey'), (67419, 'ratingKey')] |
[2022-07-08 02:59:29,687] [builder.py:1509]           [DEBUG]    |                                                                                                    |
[2022-07-08 02:59:29,688] [builder.py:1650]           [INFO]     |                                                                                                    |
[2022-07-08 02:59:29,688] [builder.py:1651]           [INFO]     | Filtering Builders:                                                                                |
[2022-07-08 02:59:30,550] [builder.py:2151]           [WARNING]  | Filter Error: No TVDb ID found for Best of Phua Chu Kang Pte Ltd                                   |
[2022-07-08 02:59:30,551] [builder.py:1669]           [INFO]     | Other Countries Collection | X | Best of Phua Chu Kang Pte Ltd                                     |
[2022-07-08 02:59:36,142] [builder.py:2151]           [WARNING]  | Filter Error: No TVDb ID found for 信不信由你                                                           |
[2022-07-08 02:59:36,143] [builder.py:1669]           [INFO]     | Other Countries Collection | X | 信不信由你                                                             |
[2022-07-08 02:59:36,514] [builder.py:2151]           [WARNING]  | Filter Error: No TVDb ID found for 娱乐插班生                                                           |
[2022-07-08 02:59:36,514] [builder.py:1669]           [INFO]     | Other Countries Collection | X | 娱乐插班生                                                             |
[2022-07-08 02:59:36,841] [builder.py:2151]           [WARNING]  | Filter Error: No TVDb ID found for 富貴超人                                                            |
[2022-07-08 02:59:36,842] [builder.py:1669]           [INFO]     | Other Countries Collection | X | 富貴超人                                                              |
[2022-07-08 02:59:37,234] [builder.py:2151]           [WARNING]  | Filter Error: No TVDb ID found for 洪武大案                                                            |
[2022-07-08 02:59:37,235] [builder.py:1669]           [INFO]     | Other Countries Collection | X | 洪武大案                                                              |
[2022-07-08 02:59:38,390] [builder.py:1669]           [INFO]     | Other Countries Collection | X | 高朋滿座                                                              |
[2022-07-08 02:59:38,427] [builder.py:2151]           [WARNING]  | Filter Error: No TVDb ID found for 龍影俠                                                             |
[2022-07-08 02:59:38,428] [builder.py:1669]           [INFO]     | Other Countries Collection | X | 龍影俠                                                               |
[2022-07-08 02:59:38,812] [builder.py:1669]           [INFO]     | Other Countries Collection | X | 배가본드                                                              |
[2022-07-08 02:59:38,812] [plex_meta_manager.py:563]  [INFO]     |                                                                                                    |
[2022-07-08 02:59:38,813] [plex_meta_manager.py:567]  [INFO]     | Collection Filter origin_country: ['US', 'GB', 'JP', 'HK']                                         |
[2022-07-08 02:59:38,813] [builder.py:2009]           [INFO]     |                                                                                                    |
[2022-07-08 02:59:38,814] [builder.py:2010]           [INFO]     |=============================== Adding to Other Countries Collection ===============================|
[2022-07-08 02:59:38,814] [builder.py:2011]           [INFO]     |                                                                                                    |
[2022-07-08 02:59:38,815] [builder.py:2025]           [INFO]     |  1/18 | Other Countries Collection | = | Angel                                                     |
[2022-07-08 02:59:38,816] [builder.py:2025]           [INFO]     |  2/18 | Other Countries Collection | = | Curb Your Enthusiasm                                      |
[2022-07-08 02:59:38,817] [builder.py:2025]           [INFO]     |  3/18 | Other Countries Collection | = | Glee                                                      |
[2022-07-08 02:59:38,818] [builder.py:2025]           [INFO]     |  4/18 | Other Countries Collection | = | High School Musical: The Musical: The Series              |
[2022-07-08 02:59:38,818] [builder.py:2025]           [INFO]     |  5/18 | Other Countries Collection | = | The IT Crowd                                              |
[2022-07-08 02:59:38,819] [builder.py:2025]           [INFO]     |  6/18 | Other Countries Collection | = | It's Always Sunny in Philadelphia                         |
[2022-07-08 02:59:38,819] [builder.py:2025]           [INFO]     |  7/18 | Other Countries Collection | = | Last Week Tonight with John Oliver                        |
[2022-07-08 02:59:38,820] [builder.py:2025]           [INFO]     |  8/18 | Other Countries Collection | = | Malcolm in the Middle                                     |
[2022-07-08 02:59:38,821] [builder.py:2025]           [INFO]     |  9/18 | Other Countries Collection | = | Most Dangerous Game                                       |
[2022-07-08 02:59:38,822] [builder.py:2025]           [INFO]     | 10/18 | Other Countries Collection | = | Sherlock                                                  |
[2022-07-08 02:59:38,822] [builder.py:2025]           [INFO]     | 11/18 | Other Countries Collection | = | Warrior                                                   |
[2022-07-08 02:59:38,825] [builder.py:2025]           [INFO]     | 12/18 | Other Countries Collection | = | わたしのウチには、なんにもない。                                          |
[2022-07-08 02:59:38,826] [builder.py:2025]           [INFO]     | 13/18 | Other Countries Collection | = | 卡拉屋企                                                      |
[2022-07-08 02:59:38,827] [builder.py:2025]           [INFO]     | 14/18 | Other Countries Collection | = | 嬢王                                                        |
[2022-07-08 02:59:38,828] [builder.py:2025]           [INFO]     | 15/18 | Other Countries Collection | = | 楊家將                                                       |
[2022-07-08 02:59:38,829] [builder.py:2025]           [INFO]     | 16/18 | Other Countries Collection | = | 空中情缘                                                      |
[2022-07-08 02:59:38,830] [builder.py:2025]           [INFO]     | 17/18 | Other Countries Collection | = | 葵 徳川三代                                                    |
[2022-07-08 02:59:38,830] [builder.py:2025]           [INFO]     | 18/18 | Other Countries Collection | = | 逃避虽可耻但有用                                                  |
[2022-07-08 02:59:38,831] [builder.py:2045]           [INFO]     |                                                                                                    |
[2022-07-08 02:59:38,831] [builder.py:2046]           [INFO]     | 18 Shows Processed                                                                                 |
[2022-07-08 02:59:38,848] [builder.py:2383]           [INFO]     |                                                                                                    |
[2022-07-08 02:59:38,848] [builder.py:2384]           [INFO]     |========================== Updating Details of Other Countries Collection ==========================|
[2022-07-08 02:59:38,849] [builder.py:2385]           [INFO]     |                                                                                                    |
[2022-07-08 02:59:38,872] [builder.py:2446]           [INFO]     | Collection Metadata Edits                                                                          |
[2022-07-08 02:59:38,873] [util.py:150]               [DEBUG]    | 1 poster found:                                                                                    |
[2022-07-08 02:59:38,873] [util.py:152]               [DEBUG]    | Method: url_poster Poster: https://raw.githubusercontent.com/meisnate12/Plex-Meta-Manager-Images/master/country/white/Other%20Countries.jpg |
[2022-07-08 02:59:38,875] [library.py:155]            [INFO]     | Detail: poster update not needed                                                                   |
[2022-07-08 02:59:39,042] [builder.py:2529]           [INFO]     |                                                                                                    |
[2022-07-08 02:59:39,042] [builder.py:2530]           [INFO]     |================================ Sorting Other Countries Collection ================================|
[2022-07-08 02:59:39,043] [builder.py:2531]           [INFO]     |                                                                                                    |
[2022-07-08 02:59:39,424] [builder.py:2547]           [INFO]     | Moving Most Dangerous Game to the beginning                                                        |
[2022-07-08 02:59:39,770] [builder.py:2547]           [INFO]     | Moving High School Musical: The Musical: The Series after Most Dangerous Game                      |
[2022-07-08 02:59:39,824] [builder.py:2547]           [INFO]     | Moving Warrior after High School Musical: The Musical: The Series                                  |
[2022-07-08 02:59:39,870] [builder.py:2547]           [INFO]     | Moving 逃避虽可耻但有用 after Warrior                                                                      |
[2022-07-08 02:59:40,734] [builder.py:2547]           [INFO]     | Moving わたしのウチには、なんにもない。 after 逃避虽可耻但有用                                                             |
[2022-07-08 02:59:40,844] [builder.py:2547]           [INFO]     | Moving Last Week Tonight with John Oliver after わたしのウチには、なんにもない。                                   |
[2022-07-08 02:59:40,889] [builder.py:2547]           [INFO]     | Moving Sherlock after Last Week Tonight with John Oliver                                           |
[2022-07-08 02:59:40,935] [builder.py:2547]           [INFO]     | Moving Glee after Sherlock                                                                         |
[2022-07-08 02:59:40,981] [builder.py:2547]           [INFO]     | Moving The IT Crowd after Glee                                                                     |
[2022-07-08 02:59:41,027] [builder.py:2547]           [INFO]     | Moving 嬢王 after The IT Crowd                                                                       |
[2022-07-08 02:59:41,073] [builder.py:2547]           [INFO]     | Moving It's Always Sunny in Philadelphia after 嬢王                                                  |
[2022-07-08 02:59:41,119] [plex_meta_manager.py:674]  [INFO]     |                                                                                                    |
[2022-07-08 02:59:41,119] [plex_meta_manager.py:675]  [INFO]     |====================================================================================================|
[2022-07-08 02:59:41,120] [plex_meta_manager.py:675]  [INFO]     |                                Finished Other Countries Collection                                 |
[2022-07-08 02:59:41,120] [plex_meta_manager.py:675]  [INFO]     |                                    Collection Run Time: 0:00:12                                    |
[2022-07-08 02:59:41,120] [plex_meta_manager.py:675]  [INFO]     |====================================================================================================|
