[2022-07-08 01:40:35,782] [builder.py:185]            [INFO]     |====================================================================================================|
[2022-07-08 01:40:35,782] [builder.py:185]            [INFO]     |                                   豆瓣Top250 Collection in Movies                                    |
[2022-07-08 01:40:35,783] [builder.py:185]            [INFO]     |====================================================================================================|
[2022-07-08 01:40:35,783] [builder.py:186]            [INFO]     |                                                                                                    |
[2022-07-08 01:40:35,784] [builder.py:191]            [INFO]     |================================== Validating 豆瓣Top250 Attributes ==================================|
[2022-07-08 01:40:35,784] [builder.py:437]            [DEBUG]    |                                                                                                    |
[2022-07-08 01:40:35,784] [builder.py:438]            [DEBUG]    | Validating Method: sync_mode                                                                       |
[2022-07-08 01:40:35,785] [builder.py:442]            [DEBUG]    | Value: sync                                                                                        |
[2022-07-08 01:40:35,785] [builder.py:582]            [DEBUG]    |                                                                                                    |
[2022-07-08 01:40:35,785] [builder.py:583]            [DEBUG]    | Validating Method: collection_order                                                                |
[2022-07-08 01:40:35,785] [builder.py:584]            [DEBUG]    | Value: custom                                                                                      |
[2022-07-08 01:40:35,786] [builder.py:600]            [DEBUG]    |                                                                                                    |
[2022-07-08 01:40:35,786] [builder.py:604]            [DEBUG]    | Validating Method: trakt_list                                                                      |
[2022-07-08 01:40:35,786] [builder.py:605]            [DEBUG]    | Value: https://trakt.tv/users/bpsim/lists/douban-movies-top-250-c-drama                            |
[2022-07-08 01:40:39,183] [builder.py:764]            [INFO]     |                                                                                                    |
[2022-07-08 01:40:39,184] [builder.py:765]            [INFO]     | Validation Successful                                                                              |
[2022-07-08 01:40:39,184] [plex_meta_manager.py:539]  [INFO]     |                                                                                                    |
[2022-07-08 01:40:39,185] [plex_meta_manager.py:541]  [INFO]     |=================================== Running 豆瓣Top250 Collection ====================================|
[2022-07-08 01:40:39,185] [plex_meta_manager.py:553]  [INFO]     |                                                                                                    |
[2022-07-08 01:40:39,185] [plex_meta_manager.py:554]  [INFO]     | Sync Mode: sync                                                                                    |
[2022-07-08 01:40:39,186] [plex_meta_manager.py:557]  [DEBUG]    |                                                                                                    |
[2022-07-08 01:40:39,186] [plex_meta_manager.py:558]  [DEBUG]    | Builder: trakt_list: https://trakt.tv/users/bpsim/lists/douban-movies-top-250-c-drama              |
[2022-07-08 01:40:39,186] [plex_meta_manager.py:559]  [INFO]     |                                                                                                    |
[2022-07-08 01:40:39,187] [trakt.py:482]              [INFO]     | Processing Trakt List: https://trakt.tv/users/bpsim/lists/douban-movies-top-250-c-drama            |
[2022-07-08 01:40:39,958] [builder.py:1507]           [DEBUG]    |                                                                                                    |
[2022-07-08 01:40:39,959] [builder.py:1508]           [DEBUG]    | 301 IDs Found: [(278, 'tmdb'), (10997, 'tmdb'), (101, 'tmdb'), (13, 'tmdb'), (637, 'tmdb'), (129, 'tmdb'), (597, 'tmdb'), (424, 'tmdb'), (27205, 'tmdb'), (28178, 'tmdb'), (10681, 'tmdb'), (20453, 'tmdb'), (5528, 'tmdb'), (10376, 'tmdb'), (37165, 'tmdb'), (21835, 'tmdb'), (157336, 'tmdb'), (8392, 'tmdb'), (238, 'tmdb'), (81481, 'tmdb'), (10775, 'tmdb'), (269149, 'tmdb'), (1402, 'tmdb'), (43949, 'tmdb'), (77338, 'tmdb'), (155, 'tmdb'), (770, 'tmdb'), (31439, 'tmdb'), (37257, 'tmdb'), (87827, 'tmdb'), (122, 'tmdb'), (10515, 'tmdb'), (360814, 'tmdb'), (25838, 'tmdb'), (11216, 'tmdb'), (389, 'tmdb'), (14160, 'tmdb'), (13345, 'tmdb'), (4935, 'tmdb'), (550, 'tmdb'), (804, 'tmdb'), (746, 'tmdb'), (9475, 'tmdb'), (354912, 'tmdb'), (242452, 'tmdb'), (582, 'tmdb'), (255709, 'tmdb'), (207, 'tmdb'), (100, 'tmdb'), (510, 'tmdb'), (121, 'tmdb'), (240, 'tmdb'), (120, 'tmdb'), (752, 'tmdb'), (8587, 'tmdb'), (453, 'tmdb'), (10451, 'tmdb'), (23128, 'tmdb'), (47002, 'tmdb'), (423, 'tmdb'), (4922, 'tmdb'), (671, 'tmdb'), (603, 'tmdb'), (47759, 'tmdb'), (311, 'tmdb'), (21334, 'tmdb'), (10867, 'tmdb'), (857, 'tmdb'), (51533, 'tmdb'), (517814, 'tmdb'), (15121, 'tmdb'), (1124, 'tmdb'), (807, 'tmdb'), (31512, 'tmdb'), (640, 'tmdb'), (680, 'tmdb'), (274, 'tmdb'), (1954, 'tmdb'), (194, 'tmdb'), (18329, 'tmdb'), (197, 'tmdb'), (162, 'tmdb'), (489, 'tmdb'), (14574, 'tmdb'), (11324, 'tmdb'), (120467, 'tmdb'), (19995, 'tmdb'), (16804, 'tmdb'), (128, 'tmdb'), (22, 'tmdb'), (2832, 'tmdb'), (3082, 'tmdb'), (161285, 'tmdb'), (142, 'tmdb'), (745, 'tmdb'), (11104, 'tmdb'), (103663, 'tmdb'), (24238, 'tmdb'), (53168, 'tmdb'), (210577, 'tmdb'), (54186, 'tmdb'), (587, 'tmdb'), (25538, 'tmdb'), (294682, 'tmdb'), (77117, 'tmdb'), (76, 'tmdb'), (55157, 'tmdb'), (398818, 'tmdb'), (37185, 'tmdb'), (37797, 'tmdb'), (10191, 'tmdb'), (4977, 'tmdb'), (30421, 'tmdb'), (74308, 'tmdb'), (209764, 'tmdb'), (81, 'tmdb'), (80, 'tmdb'), (4291, 'tmdb'), (336026, 'tmdb'), (11423, 'tmdb'), (12445, 'tmdb'), (158445, 'tmdb'), (594, 'tmdb'), (598, 'tmdb'), (49026, 'tmdb'), (51739, 'tmdb'), (92321, 'tmdb'), (37703, 'tmdb'), (177572, 'tmdb'), (20352, 'tmdb'), (365045, 'tmdb'), (2517, 'tmdb'), (585, 'tmdb'), (39693, 'tmdb'), (176, 'tmdb'), (10193, 'tmdb'), (2503, 'tmdb'), (346, 'tmdb'), (49519, 'tmdb'), (324786, 'tmdb'), (9261, 'tmdb'), (11471, 'tmdb'), (508, 'tmdb'), (40751, 'tmdb'), (12477, 'tmdb'), (12405, 'tmdb'), (4348, 'tmdb'), (122906, 'tmdb'), (44214, 'tmdb'), (77, 'tmdb'), (292362, 'tmdb'), (47423, 'tmdb'), (242, 'tmdb'), (265195, 'tmdb'), (9559, 'tmdb'), (152532, 'tmdb'), (380, 'tmdb'), (843, 'tmdb'), (359940, 'tmdb'), (68718, 'tmdb'), (205, 'tmdb'), (334541, 'tmdb'), (372058, 'tmdb'), (89825, 'tmdb'), (11036, 'tmdb'), (150540, 'tmdb'), (10950, 'tmdb'), (8290, 'tmdb'), (82690, 'tmdb'), (473267, 'tmdb'), (425, 'tmdb'), (36970, 'tmdb'), (872, 'tmdb'), (244786, 'tmdb'), (10494, 'tmdb'), (205596, 'tmdb'), (4476, 'tmdb'), (348678, 'tmdb'), (532753, 'tmdb'), (644, 'tmdb'), (31743, 'tmdb'), (14069, 'tmdb'), (264644, 'tmdb'), (16859, 'tmdb'), (43824, 'tmdb'), (26466, 'tmdb'), (74037, 'tmdb'), (627, 'tmdb'), (315846, 'tmdb'), (381341, 'tmdb'), (548, 'tmdb'), (605, 'tmdb'), (134575, 'tmdb'), (18311, 'tmdb'), (1427, 'tmdb'), (8055, 'tmdb'), (16074, 'tmdb'), (7735, 'tmdb'), (2502, 'tmdb'), (2501, 'tmdb'), (15804, 'tmdb'), (1830, 'tmdb'), (7508, 'tmdb'), (45380, 'tmdb'), (539, 'tmdb'), (39915, 'tmdb'), (57627, 'tmdb'), (9470, 'tmdb'), (280, 'tmdb'), (45612, 'tmdb'), (25050, 'tmdb'), (333339, 'tmdb'), (132344, 'tmdb'), (40213, 'tmdb'), (348892, 'tmdb'), (60243, 'tmdb'), (11660, 'tmdb'), (198277, 'tmdb'), (16869, 'tmdb'), (406997, 'tmdb'), (1640, 'tmdb'), (18148, 'tmdb'), (1372, 'tmdb'), (220289, 'tmdb'), (641, 'tmdb'), (901, 'tmdb'), (62, 'tmdb'), (497, 'tmdb'), (76341, 'tmdb'), (396535, 'tmdb'), (314365, 'tmdb'), (165213, 'tmdb'), (601, 'tmdb'), (13363, 'tmdb'), (1541, 'tmdb'), (855, 'tmdb'), (185, 'tmdb'), (754, 'tmdb'), (9802, 'tmdb'), (7350, 'tmdb'), (45269, 'tmdb'), (429, 'tmdb'), (72575, 'tmdb'), (782, 'tmdb'), (629, 'tmdb'), (38142, 'tmdb'), (289, 'tmdb'), (421742, 'tmdb'), (411088, 'tmdb'), (537223, 'tmdb'), (395594, 'tvdb'), (393229, 'tvdb'), (391058, 'tvdb'), (389326, 'tvdb'), (388507, 'tvdb'), (386997, 'tvdb'), (387196, 'tvdb'), (385475, 'tvdb'), (384075, 'tvdb'), (383892, 'tvdb'), (382581, 'tvdb'), (376747, 'tvdb'), (380597, 'tvdb'), (379832, 'tvdb'), (378716, 'tvdb'), (368761, 'tvdb'), (372881, 'tvdb'), (371979, 'tvdb'), (369176, 'tvdb'), (367570, 'tvdb'), (366701, 'tvdb'), (355148, 'tvdb'), (360337, 'tvdb'), (355143, 'tvdb'), (359679, 'tvdb'), (356549, 'tvdb'), (330556, 'tvdb'), (352754, 'tvdb'), (346004, 'tvdb'), (339910, 'tvdb'), (335647, 'tvdb'), (334769, 'tvdb'), (333109, 'tvdb'), (330457, 'tvdb'), (327209, 'tvdb'), (323917, 'tvdb'), (313637, 'tvdb'), (301485, 'tvdb'), (301369, 'tvdb'), (302155, 'tvdb'), (298559, 'tvdb'), (331271, 'tvdb'), (284877, 'tvdb'), (302456, 'tvdb'), (283974, 'tvdb'), (257938, 'tvdb'), (254494, 'tvdb'), (252478, 'tvdb'), (312173, 'tvdb'), (123171, 'tvdb'), (327728, 'tvdb')] |
[2022-07-08 01:40:39,960] [builder.py:1509]           [DEBUG]    |                                                                                                    |
[2022-07-08 01:40:40,010] [builder.py:2009]           [INFO]     |                                                                                                    |
[2022-07-08 01:40:40,010] [builder.py:2010]           [INFO]     |================================== Adding to 豆瓣Top250 Collection ===================================|
[2022-07-08 01:40:40,010] [builder.py:2011]           [INFO]     |                                                                                                    |
[2022-07-08 01:40:40,011] [builder.py:2025]           [INFO]     |  1/85 | 豆瓣Top250 Collection | = | The Shawshank Redemption (1994)                                  |
[2022-07-08 01:40:40,012] [builder.py:2025]           [INFO]     |  2/85 | 豆瓣Top250 Collection | = | Léon: The Professional (1994)                                    |
[2022-07-08 01:40:40,013] [builder.py:2025]           [INFO]     |  3/85 | 豆瓣Top250 Collection | = | Forrest Gump (1994)                                              |
[2022-07-08 01:40:40,013] [builder.py:2025]           [INFO]     |  4/85 | 豆瓣Top250 Collection | = | La vita è bella (1997)                                           |
[2022-07-08 01:40:40,014] [builder.py:2025]           [INFO]     |  5/85 | 豆瓣Top250 Collection | = | 千と千尋の神隠し (2001)                                                  |
[2022-07-08 01:40:40,015] [builder.py:2025]           [INFO]     |  6/85 | 豆瓣Top250 Collection | = | Titanic (1997)                                                   |
[2022-07-08 01:40:40,017] [builder.py:2025]           [INFO]     |  7/85 | 豆瓣Top250 Collection | = | Schindler's List (1993)                                          |
[2022-07-08 01:40:40,018] [builder.py:2025]           [INFO]     |  8/85 | 豆瓣Top250 Collection | = | Hachi: A Dog's Tale (2009)                                       |
[2022-07-08 01:40:40,018] [builder.py:2025]           [INFO]     |  9/85 | 豆瓣Top250 Collection | = | WALL·E (2008)                                                    |
[2022-07-08 01:40:40,020] [builder.py:2025]           [INFO]     | 10/85 | 豆瓣Top250 Collection | = | The Truman Show (1998)                                           |
[2022-07-08 01:40:40,021] [builder.py:2025]           [INFO]     | 11/85 | 豆瓣Top250 Collection | = | となりのトトロ (1988)                                                   |
[2022-07-08 01:40:40,022] [builder.py:2025]           [INFO]     | 12/85 | 豆瓣Top250 Collection | = | The Godfather (1972)                                             |
[2022-07-08 01:40:40,024] [builder.py:2025]           [INFO]     | 13/85 | 豆瓣Top250 Collection | = | 無間道 (2002)                                                       |
[2022-07-08 01:40:40,026] [builder.py:2025]           [INFO]     | 14/85 | 豆瓣Top250 Collection | = | The Dark Knight (2008)                                           |
[2022-07-08 01:40:40,027] [builder.py:2025]           [INFO]     | 15/85 | 豆瓣Top250 Collection | = | Gone with the Wind (1939)                                        |
[2022-07-08 01:40:40,028] [builder.py:2025]           [INFO]     | 16/85 | 豆瓣Top250 Collection | = | Witness for the Prosecution (1957)                               |
[2022-07-08 01:40:40,030] [builder.py:2025]           [INFO]     | 17/85 | 豆瓣Top250 Collection | = | The Lord of the Rings: The Return of the King (2003)             |
[2022-07-08 01:40:40,031] [builder.py:2025]           [INFO]     | 18/85 | 豆瓣Top250 Collection | = | दंगल (2016)                                                      |
[2022-07-08 01:40:40,032] [builder.py:2025]           [INFO]     | 19/85 | 豆瓣Top250 Collection | = | Nuovo Cinema Paradiso (1988)                                     |
[2022-07-08 01:40:40,033] [builder.py:2025]           [INFO]     | 20/85 | 豆瓣Top250 Collection | = | 12 Angry Men (1957)                                              |
[2022-07-08 01:40:40,034] [builder.py:2025]           [INFO]     | 21/85 | 豆瓣Top250 Collection | = | Up (2009)                                                        |
[2022-07-08 01:40:40,035] [builder.py:2025]           [INFO]     | 22/85 | 豆瓣Top250 Collection | = | ハウルの動く城 (2004)                                                   |
[2022-07-08 01:40:40,037] [builder.py:2025]           [INFO]     | 23/85 | 豆瓣Top250 Collection | = | Fight Club (1999)                                                |
[2022-07-08 01:40:40,039] [builder.py:2025]           [INFO]     | 24/85 | 豆瓣Top250 Collection | = | The Last Emperor (1987)                                          |
[2022-07-08 01:40:40,040] [builder.py:2025]           [INFO]     | 25/85 | 豆瓣Top250 Collection | = | Das Leben der Anderen (2006)                                     |
[2022-07-08 01:40:40,040] [builder.py:2025]           [INFO]     | 26/85 | 豆瓣Top250 Collection | = | Lock, Stock and Two Smoking Barrels (1998)                       |
[2022-07-08 01:40:40,041] [builder.py:2025]           [INFO]     | 27/85 | 豆瓣Top250 Collection | = | One Flew Over the Cuckoo's Nest (1975)                           |
[2022-07-08 01:40:40,043] [builder.py:2025]           [INFO]     | 28/85 | 豆瓣Top250 Collection | = | The Lord of the Rings: The Two Towers (2002)                     |
[2022-07-08 01:40:40,044] [builder.py:2025]           [INFO]     | 29/85 | 豆瓣Top250 Collection | = | The Godfather: Part II (1974)                                    |
[2022-07-08 01:40:40,046] [builder.py:2025]           [INFO]     | 30/85 | 豆瓣Top250 Collection | = | The Lord of the Rings: The Fellowship of the Ring (2001)         |
[2022-07-08 01:40:40,047] [builder.py:2025]           [INFO]     | 31/85 | 豆瓣Top250 Collection | = | V for Vendetta (2006)                                            |
[2022-07-08 01:40:40,048] [builder.py:2025]           [INFO]     | 32/85 | 豆瓣Top250 Collection | = | A Beautiful Mind (2001)                                          |
[2022-07-08 01:40:40,050] [builder.py:2025]           [INFO]     | 33/85 | 豆瓣Top250 Collection | = | The Cove (2009)                                                  |
[2022-07-08 01:40:40,051] [builder.py:2025]           [INFO]     | 34/85 | 豆瓣Top250 Collection | = | The Pianist (2002)                                               |
[2022-07-08 01:40:40,053] [builder.py:2025]           [INFO]     | 35/85 | 豆瓣Top250 Collection | = | The Curious Case of Benjamin Button (2008)                       |
[2022-07-08 01:40:40,055] [builder.py:2025]           [INFO]     | 36/85 | 豆瓣Top250 Collection | = | The Matrix (1999)                                                |
[2022-07-08 01:40:40,056] [builder.py:2025]           [INFO]     | 37/85 | 豆瓣Top250 Collection | = | Once Upon a Time in America (1984)                               |
[2022-07-08 01:40:40,057] [builder.py:2025]           [INFO]     | 38/85 | 豆瓣Top250 Collection | = | Saving Private Ryan (1998)                                       |
[2022-07-08 01:40:40,057] [builder.py:2025]           [INFO]     | 39/85 | 豆瓣Top250 Collection | = | The Sound of Music (1965)                                        |
[2022-07-08 01:40:40,058] [builder.py:2025]           [INFO]     | 40/85 | 豆瓣Top250 Collection | = | The Prestige (2006)                                              |
[2022-07-08 01:40:40,059] [builder.py:2025]           [INFO]     | 41/85 | 豆瓣Top250 Collection | = | Se7en (1995)                                                     |
[2022-07-08 01:40:40,061] [builder.py:2025]           [INFO]     | 42/85 | 豆瓣Top250 Collection | = | Pulp Fiction (1994)                                              |
[2022-07-08 01:40:40,063] [builder.py:2025]           [INFO]     | 43/85 | 豆瓣Top250 Collection | = | The Silence of the Lambs (1991)                                  |
[2022-07-08 01:40:40,065] [builder.py:2025]           [INFO]     | 44/85 | 豆瓣Top250 Collection | = | Le Fabuleux Destin d'Amélie Poulain (2001)                       |
[2022-07-08 01:40:40,066] [builder.py:2025]           [INFO]     | 45/85 | 豆瓣Top250 Collection | = | Braveheart (1995)                                                |
[2022-07-08 01:40:40,067] [builder.py:2025]           [INFO]     | 46/85 | 豆瓣Top250 Collection | = | Edward Scissorhands (1990)                                       |
[2022-07-08 01:40:40,068] [builder.py:2025]           [INFO]     | 47/85 | 豆瓣Top250 Collection | = | Good Will Hunting (1997)                                         |
[2022-07-08 01:40:40,069] [builder.py:2025]           [INFO]     | 48/85 | 豆瓣Top250 Collection | = | Avatar (2009)                                                    |
[2022-07-08 01:40:40,071] [builder.py:2025]           [INFO]     | 49/85 | 豆瓣Top250 Collection | = | おくりびと (2008)                                                     |
[2022-07-08 01:40:40,073] [builder.py:2025]           [INFO]     | 50/85 | 豆瓣Top250 Collection | = | もののけ姫 (1997)                                                     |
[2022-07-08 01:40:40,075] [builder.py:2025]           [INFO]     | 51/85 | 豆瓣Top250 Collection | = | Pirates of the Caribbean: The Curse of the Black Pearl (2003)    |
[2022-07-08 01:40:40,076] [builder.py:2025]           [INFO]     | 52/85 | 豆瓣Top250 Collection | = | Modern Times (1936)                                              |
[2022-07-08 01:40:40,078] [builder.py:2025]           [INFO]     | 53/85 | 豆瓣Top250 Collection | = | The Sixth Sense (1999)                                           |
[2022-07-08 01:40:40,079] [builder.py:2025]           [INFO]     | 54/85 | 豆瓣Top250 Collection | = | Mary and Max (2009)                                              |
[2022-07-08 01:40:40,080] [builder.py:2025]           [INFO]     | 55/85 | 豆瓣Top250 Collection | = | Big Fish (2003)                                                  |
[2022-07-08 01:40:40,082] [builder.py:2025]           [INFO]     | 56/85 | 豆瓣Top250 Collection | = | Cidade de Deus (2002)                                            |
[2022-07-08 01:40:40,083] [builder.py:2025]           [INFO]     | 57/85 | 豆瓣Top250 Collection | = | Monsters, Inc. (2001)                                            |
[2022-07-08 01:40:40,085] [builder.py:2025]           [INFO]     | 58/85 | 豆瓣Top250 Collection | = | The Bourne Ultimatum (2007)                                      |
[2022-07-08 01:40:40,087] [builder.py:2025]           [INFO]     | 59/85 | 豆瓣Top250 Collection | = | 七人の侍 (1954)                                                      |
[2022-07-08 01:40:40,089] [builder.py:2025]           [INFO]     | 60/85 | 豆瓣Top250 Collection | = | 火垂るの墓 (1988)                                                     |
[2022-07-08 01:40:40,090] [builder.py:2025]           [INFO]     | 61/85 | 豆瓣Top250 Collection | = | Slumdog Millionaire (2008)                                       |
[2022-07-08 01:40:40,093] [builder.py:2025]           [INFO]     | 62/85 | 豆瓣Top250 Collection | = | Memento (2000)                                                   |
[2022-07-08 01:40:40,095] [builder.py:2025]           [INFO]     | 63/85 | 豆瓣Top250 Collection | = | Dallas Buyers Club (2013)                                        |
[2022-07-08 01:40:40,097] [builder.py:2025]           [INFO]     | 64/85 | 豆瓣Top250 Collection | = | Rain Man (1988)                                                  |
[2022-07-08 01:40:40,098] [builder.py:2025]           [INFO]     | 65/85 | 豆瓣Top250 Collection | = | Hotel Rwanda (2004)                                              |
[2022-07-08 01:40:40,099] [builder.py:2025]           [INFO]     | 66/85 | 豆瓣Top250 Collection | = | Singin' in the Rain (1952)                                       |
[2022-07-08 01:40:40,100] [builder.py:2025]           [INFO]     | 67/85 | 豆瓣Top250 Collection | = | Whiplash (2014)                                                  |
[2022-07-08 01:40:40,102] [builder.py:2025]           [INFO]     | 68/85 | 豆瓣Top250 Collection | = | パーフェクトブルー (1997)                                                 |
[2022-07-08 01:40:40,103] [builder.py:2025]           [INFO]     | 69/85 | 豆瓣Top250 Collection | = | Room (2015)                                                      |
[2022-07-08 01:40:40,104] [builder.py:2025]           [INFO]     | 70/85 | 豆瓣Top250 Collection | = | Trainspotting (1996)                                             |
[2022-07-08 01:40:40,105] [builder.py:2025]           [INFO]     | 71/85 | 豆瓣Top250 Collection | = | 羅生門 (1950)                                                       |
[2022-07-08 01:40:40,107] [builder.py:2025]           [INFO]     | 72/85 | 豆瓣Top250 Collection | = | Psycho (1960)                                                    |
[2022-07-08 01:40:40,108] [builder.py:2025]           [INFO]     | 73/85 | 豆瓣Top250 Collection | = | Terminator 2: Judgment Day (1991)                                |
[2022-07-08 01:40:40,109] [builder.py:2025]           [INFO]     | 74/85 | 豆瓣Top250 Collection | = | Inglourious Basterds (2009)                                      |
[2022-07-08 01:40:40,111] [builder.py:2025]           [INFO]     | 75/85 | 豆瓣Top250 Collection | = | Crash (2004)                                                     |
[2022-07-08 01:40:40,113] [builder.py:2025]           [INFO]     | 76/85 | 豆瓣Top250 Collection | = | Requiem for a Dream (2000)                                       |
[2022-07-08 01:40:40,115] [builder.py:2025]           [INFO]     | 77/85 | 豆瓣Top250 Collection | = | City Lights (1931)                                               |
[2022-07-08 01:40:40,116] [builder.py:2025]           [INFO]     | 78/85 | 豆瓣Top250 Collection | = | 2001: A Space Odyssey (1968)                                     |
[2022-07-08 01:40:40,117] [builder.py:2025]           [INFO]     | 79/85 | 豆瓣Top250 Collection | = | The Green Mile (1999)                                            |
[2022-07-08 01:40:40,118] [builder.py:2025]           [INFO]     | 80/85 | 豆瓣Top250 Collection | = | The Man from Earth (2007)                                        |
[2022-07-08 01:40:40,120] [builder.py:2025]           [INFO]     | 81/85 | 豆瓣Top250 Collection | = | A Clockwork Orange (1971)                                        |
[2022-07-08 01:40:40,122] [builder.py:2025]           [INFO]     | 82/85 | 豆瓣Top250 Collection | = | The King's Speech (2010)                                         |
[2022-07-08 01:40:40,124] [builder.py:2025]           [INFO]     | 83/85 | 豆瓣Top250 Collection | = | Il buono, il brutto, il cattivo (1966)                           |
[2022-07-08 01:40:40,125] [builder.py:2025]           [INFO]     | 84/85 | 豆瓣Top250 Collection | = | The Usual Suspects (1995)                                        |
[2022-07-08 01:40:40,127] [builder.py:2025]           [INFO]     | 85/85 | 豆瓣Top250 Collection | = | Casablanca (1942)                                                |
[2022-07-08 01:40:40,128] [builder.py:2045]           [INFO]     |                                                                                                    |
[2022-07-08 01:40:40,128] [builder.py:2046]           [INFO]     | 85 Movies Processed                                                                                |
[2022-07-08 01:40:40,128] [builder.py:2172]           [INFO]     |                                                                                                    |
[2022-07-08 01:40:40,129] [builder.py:2173]           [INFO]     |=============================== Missing Movies from Library: Movies ================================|
[2022-07-08 01:40:40,129] [builder.py:2174]           [INFO]     |                                                                                                    |
[2022-07-08 01:40:40,796] [builder.py:2187]           [INFO]     | 豆瓣Top250 Collection | ? | Farewell My Concubine (1993) (TMDb: 10997)                               |
[2022-07-08 01:40:41,148] [builder.py:2187]           [INFO]     | 豆瓣Top250 Collection | ? | Inception (2010) (TMDb: 27205)                                           |
[2022-07-08 01:40:42,716] [builder.py:2187]           [INFO]     | 豆瓣Top250 Collection | ? | 3 Idiots (2009) (TMDb: 20453)                                            |
[2022-07-08 01:40:43,304] [builder.py:2187]           [INFO]     | 豆瓣Top250 Collection | ? | The Chorus (2004) (TMDb: 5528)                                           |
[2022-07-08 01:40:43,788] [builder.py:2187]           [INFO]     | 豆瓣Top250 Collection | ? | The Legend of 1900 (1998) (TMDb: 10376)                                  |
[2022-07-08 01:40:44,238] [builder.py:2187]           [INFO]     | 豆瓣Top250 Collection | ? | A Chinese Odyssey Part Two: Cinderella (1995) (TMDb: 21835)              |
[2022-07-08 01:40:44,704] [builder.py:2187]           [INFO]     | 豆瓣Top250 Collection | ? | Interstellar (2014) (TMDb: 157336)                                       |
[2022-07-08 01:40:45,930] [builder.py:2187]           [INFO]     | 豆瓣Top250 Collection | ? | Silenced (2011) (TMDb: 81481)                                            |
[2022-07-08 01:40:46,337] [builder.py:2187]           [INFO]     | 豆瓣Top250 Collection | ? | Zootopia (2016) (TMDb: 269149)                                           |
[2022-07-08 01:40:46,604] [builder.py:2187]           [INFO]     | 豆瓣Top250 Collection | ? | The Pursuit of Happyness (2006) (TMDb: 1402)                             |
[2022-07-08 01:40:47,015] [builder.py:2187]           [INFO]     | 豆瓣Top250 Collection | ? | Flipped (2010) (TMDb: 43949)                                             |
[2022-07-08 01:40:48,547] [builder.py:2187]           [INFO]     | 豆瓣Top250 Collection | ? | The Intouchables (2011) (TMDb: 77338)                                    |
[2022-07-08 01:40:49,179] [builder.py:2187]           [INFO]     | 豆瓣Top250 Collection | ? | To Live (1994) (TMDb: 31439)                                             |
[2022-07-08 01:40:49,515] [builder.py:2187]           [INFO]     | 豆瓣Top250 Collection | ? | Life of Pi (2012) (TMDb: 87827)                                          |
[2022-07-08 01:40:49,862] [builder.py:2187]           [INFO]     | 豆瓣Top250 Collection | ? | Castle in the Sky (1986) (TMDb: 10515)                                   |
[2022-07-08 01:40:50,195] [builder.py:2187]           [INFO]     | 豆瓣Top250 Collection | ? | Devils on the Doorstep (2000) (TMDb: 25838)                              |
[2022-07-08 01:40:50,415] [builder.py:2187]           [INFO]     | 豆瓣Top250 Collection | ? | A Chinese Odyssey Part One: Pandora's Box (1995) (TMDb: 13345)           |
[2022-07-08 01:40:50,970] [builder.py:2187]           [INFO]     | 豆瓣Top250 Collection | ? | Roman Holiday (1953) (TMDb: 804)                                         |
[2022-07-08 01:40:51,281] [builder.py:2187]           [INFO]     | 豆瓣Top250 Collection | ? | Scent of a Woman (1992) (TMDb: 9475)                                     |
[2022-07-08 01:40:51,470] [builder.py:2187]           [INFO]     | 豆瓣Top250 Collection | ? | Coco (2017) (TMDb: 354912)                                               |
[2022-07-08 01:40:52,904] [builder.py:2187]           [INFO]     | 豆瓣Top250 Collection | ? | The Attorney (2013) (TMDb: 242452)                                       |
[2022-07-08 01:40:54,049] [builder.py:2187]           [INFO]     | 豆瓣Top250 Collection | ? | Hope (2013) (TMDb: 255709)                                               |
[2022-07-08 01:40:54,404] [builder.py:2187]           [INFO]     | 豆瓣Top250 Collection | ? | Dead Poets Society (1989) (TMDb: 207)                                    |
[2022-07-08 01:40:54,693] [builder.py:2187]           [INFO]     | 豆瓣Top250 Collection | ? | The Lion King (1994) (TMDb: 8587)                                        |
[2022-07-08 01:40:55,248] [builder.py:2187]           [INFO]     | 豆瓣Top250 Collection | ? | Eat Drink Man Woman (1994) (TMDb: 10451)                                 |
[2022-07-08 01:40:55,562] [builder.py:2187]           [INFO]     | 豆瓣Top250 Collection | ? | Love Letter (1995) (TMDb: 47002)                                         |
[2022-07-08 01:40:55,948] [builder.py:2187]           [INFO]     | 豆瓣Top250 Collection | ? | Harry Potter and the Philosopher's Stone (2001) (TMDb: 671)              |
[2022-07-08 01:40:56,462] [builder.py:2187]           [INFO]     | 豆瓣Top250 Collection | ? | The Monkey King: Havoc in Heaven (1961) (TMDb: 47759)                    |
[2022-07-08 01:40:56,853] [builder.py:2187]           [INFO]     | 豆瓣Top250 Collection | ? | Children of Heaven (1997) (TMDb: 21334)                                  |
[2022-07-08 01:40:58,304] [builder.py:2187]           [INFO]     | 豆瓣Top250 Collection | ? | Malena (2000) (TMDb: 10867)                                              |
[2022-07-08 01:40:58,309] [builder.py:2187]           [INFO]     | 豆瓣Top250 Collection | ? | Let the Bullets Fly (2010) (TMDb: 51533)                                 |
[2022-07-08 01:40:58,604] [builder.py:2187]           [INFO]     | 豆瓣Top250 Collection | ? | Capernaum (2018) (TMDb: 517814)                                          |
[2022-07-08 01:40:59,028] [builder.py:2187]           [INFO]     | 豆瓣Top250 Collection | ? | Memories of Matsuko (2006) (TMDb: 31512)                                 |
[2022-07-08 01:40:59,320] [builder.py:2187]           [INFO]     | 豆瓣Top250 Collection | ? | Catch Me If You Can (2002) (TMDb: 640)                                   |
[2022-07-08 01:40:59,692] [builder.py:2187]           [INFO]     | 豆瓣Top250 Collection | ? | The Butterfly Effect (2004) (TMDb: 1954)                                 |
[2022-07-08 01:41:00,028] [builder.py:2187]           [INFO]     | 豆瓣Top250 Collection | ? | Happy Together (1997) (TMDb: 18329)                                      |
[2022-07-08 01:41:00,461] [builder.py:2187]           [INFO]     | 豆瓣Top250 Collection | ? | The Boy in the Striped Pyjamas (2008) (TMDb: 14574)                      |
[2022-07-08 01:41:00,848] [builder.py:2187]           [INFO]     | 豆瓣Top250 Collection | ? | Shutter Island (2010) (TMDb: 11324)                                      |
[2022-07-08 01:41:01,444] [builder.py:2187]           [INFO]     | 豆瓣Top250 Collection | ? | The Grand Budapest Hotel (2014) (TMDb: 120467)                           |
[2022-07-08 01:41:01,878] [builder.py:2187]           [INFO]     | 豆瓣Top250 Collection | ? | Identity (2003) (TMDb: 2832)                                             |
[2022-07-08 01:41:02,161] [builder.py:2187]           [INFO]     | 豆瓣Top250 Collection | ? | In the Heat of the Sun (1994) (TMDb: 161285)                             |
[2022-07-08 01:41:02,370] [builder.py:2187]           [INFO]     | 豆瓣Top250 Collection | ? | Brokeback Mountain (2005) (TMDb: 142)                                    |
[2022-07-08 01:41:02,844] [builder.py:2187]           [INFO]     | 豆瓣Top250 Collection | ? | Chungking Express (1994) (TMDb: 11104)                                   |
[2022-07-08 01:41:03,094] [builder.py:2187]           [INFO]     | 豆瓣Top250 Collection | ? | The Hunt (2012) (TMDb: 103663)                                           |
[2022-07-08 01:41:03,644] [builder.py:2187]           [INFO]     | 豆瓣Top250 Collection | ? | King of Comedy (1999) (TMDb: 53168)                                      |
[2022-07-08 01:41:04,127] [builder.py:2187]           [INFO]     | 豆瓣Top250 Collection | ? | Gone Girl (2014) (TMDb: 210577)                                          |
[2022-07-08 01:41:04,392] [builder.py:2187]           [INFO]     | 豆瓣Top250 Collection | ? | Confessions (2010) (TMDb: 54186)                                         |
[2022-07-08 01:41:04,769] [builder.py:2187]           [INFO]     | 豆瓣Top250 Collection | ? | Yi Yi (2000) (TMDb: 25538)                                               |
[2022-07-08 01:41:05,261] [builder.py:2187]           [INFO]     | 豆瓣Top250 Collection | ? | Little Forest: Summer/Autumn (2014) (TMDb: 294682)                       |
[2022-07-08 01:41:06,628] [builder.py:2187]           [INFO]     | 豆瓣Top250 Collection | ? | Sunny (2011) (TMDb: 77117)                                               |
[2022-07-08 01:41:07,111] [builder.py:2187]           [INFO]     | 豆瓣Top250 Collection | ? | Before Sunrise (1995) (TMDb: 76)                                         |
[2022-07-08 01:41:07,604] [builder.py:2187]           [INFO]     | 豆瓣Top250 Collection | ? | The Eagle Shooting Heroes (1993) (TMDb: 55157)                           |
[2022-07-08 01:41:08,102] [builder.py:2187]           [INFO]     | 豆瓣Top250 Collection | ? | Call Me by Your Name (2017) (TMDb: 398818)                               |
[2022-07-08 01:41:08,952] [builder.py:2187]           [INFO]     | 豆瓣Top250 Collection | ? | Comrades, Almost a Love Story (1996) (TMDb: 37185)                       |
[2022-07-08 01:41:09,469] [builder.py:2187]           [INFO]     | 豆瓣Top250 Collection | ? | Whisper of the Heart (1995) (TMDb: 37797)                                |
[2022-07-08 01:41:10,181] [builder.py:2187]           [INFO]     | 豆瓣Top250 Collection | ? | How to Train Your Dragon (2010) (TMDb: 10191)                            |
[2022-07-08 01:41:10,626] [builder.py:2187]           [INFO]     | 豆瓣Top250 Collection | ? | Paprika (2006) (TMDb: 4977)                                              |
[2022-07-08 01:41:10,885] [builder.py:2187]           [INFO]     | 豆瓣Top250 Collection | ? | A Chinese Ghost Story (1987) (TMDb: 30421)                               |
[2022-07-08 01:41:11,094] [builder.py:2187]           [INFO]     | 豆瓣Top250 Collection | ? | Detachment (2011) (TMDb: 74308)                                          |
[2022-07-08 01:41:11,526] [builder.py:2187]           [INFO]     | 豆瓣Top250 Collection | ? | The Terror Live (2013) (TMDb: 209764)                                    |
[2022-07-08 01:41:12,135] [builder.py:2187]           [INFO]     | 豆瓣Top250 Collection | ? | Nausicaä of the Valley of the Wind (1984) (TMDb: 81)                     |
[2022-07-08 01:41:12,826] [builder.py:2187]           [INFO]     | 豆瓣Top250 Collection | ? | Before Sunset (2004) (TMDb: 80)                                          |
[2022-07-08 01:41:13,270] [builder.py:2187]           [INFO]     | 豆瓣Top250 Collection | ? | Kikujiro (1999) (TMDb: 4291)                                             |
[2022-07-08 01:41:13,868] [builder.py:2187]           [INFO]     | 豆瓣Top250 Collection | ? | Little Forest: Winter/Spring (2015) (TMDb: 336026)                       |
[2022-07-08 01:41:15,253] [builder.py:2187]           [INFO]     | 豆瓣Top250 Collection | ? | Memories of Murder (2003) (TMDb: 11423)                                  |
[2022-07-08 01:41:15,926] [builder.py:2187]           [INFO]     | 豆瓣Top250 Collection | ? | Harry Potter and the Deathly Hallows: Part 2 (2011) (TMDb: 12445)        |
[2022-07-08 01:41:16,281] [builder.py:2187]           [INFO]     | 豆瓣Top250 Collection | ? | Miracle in Cell No. 7 (2013) (TMDb: 158445)                              |
[2022-07-08 01:41:16,560] [builder.py:2187]           [INFO]     | 豆瓣Top250 Collection | ? | The Terminal (2004) (TMDb: 594)                                          |
[2022-07-08 01:41:17,003] [builder.py:2187]           [INFO]     | 豆瓣Top250 Collection | ? | The Dark Knight Rises (2012) (TMDb: 49026)                               |
[2022-07-08 01:41:17,360] [builder.py:2187]           [INFO]     | 豆瓣Top250 Collection | ? | The Secret World of Arrietty (2010) (TMDb: 51739)                        |
[2022-07-08 01:41:18,085] [builder.py:2187]           [INFO]     | 豆瓣Top250 Collection | ? | Hotarubi no Mori e (2011) (TMDb: 92321)                                  |
[2022-07-08 01:41:19,043] [builder.py:2187]           [INFO]     | 豆瓣Top250 Collection | ? | Flirting Scholar (1993) (TMDb: 37703)                                    |
[2022-07-08 01:41:20,361] [builder.py:2187]           [INFO]     | 豆瓣Top250 Collection | ? | Big Hero 6 (2014) (TMDb: 177572)                                         |
[2022-07-08 01:41:20,776] [builder.py:2187]           [INFO]     | 豆瓣Top250 Collection | ? | Despicable Me (2010) (TMDb: 20352)                                       |
[2022-07-08 01:41:21,326] [builder.py:2187]           [INFO]     | 豆瓣Top250 Collection | ? | Heidi (2015) (TMDb: 365045)                                              |
[2022-07-08 01:41:22,926] [builder.py:2187]           [INFO]     | 豆瓣Top250 Collection | ? | Nobody Knows (2004) (TMDb: 2517)                                         |
[2022-07-08 01:41:23,537] [builder.py:2187]           [INFO]     | 豆瓣Top250 Collection | ? | Echoes of the Rainbow (2010) (TMDb: 39693)                               |
[2022-07-08 01:41:24,126] [builder.py:2187]           [INFO]     | 豆瓣Top250 Collection | ? | Saw (2004) (TMDb: 176)                                                   |
[2022-07-08 01:41:24,417] [builder.py:2187]           [INFO]     | 豆瓣Top250 Collection | ? | Toy Story 3 (2010) (TMDb: 10193)                                         |
[2022-07-08 01:41:25,284] [builder.py:2187]           [INFO]     | 豆瓣Top250 Collection | ? | The Croods (2013) (TMDb: 49519)                                          |
[2022-07-08 01:41:25,792] [builder.py:2187]           [INFO]     | 豆瓣Top250 Collection | ? | Hacksaw Ridge (2016) (TMDb: 324786)                                      |
[2022-07-08 01:41:26,192] [builder.py:2187]           [INFO]     | 豆瓣Top250 Collection | ? | The Wedding Banquet (1993) (TMDb: 9261)                                  |
[2022-07-08 01:41:26,715] [builder.py:2187]           [INFO]     | 豆瓣Top250 Collection | ? | A Better Tomorrow (1986) (TMDb: 11471)                                   |
[2022-07-08 01:41:27,326] [builder.py:2187]           [INFO]     | 豆瓣Top250 Collection | ? | Love Actually (2003) (TMDb: 508)                                         |
[2022-07-08 01:41:27,330] [builder.py:2187]           [INFO]     | 豆瓣Top250 Collection | ? | Ashes of Time (1994) (TMDb: 40751)                                       |
[2022-07-08 01:41:27,876] [builder.py:2187]           [INFO]     | 豆瓣Top250 Collection | ? | Pride & Prejudice (2005) (TMDb: 4348)                                    |
[2022-07-08 01:41:29,593] [builder.py:2187]           [INFO]     | 豆瓣Top250 Collection | ? | About Time (2013) (TMDb: 122906)                                         |
[2022-07-08 01:41:30,059] [builder.py:2187]           [INFO]     | 豆瓣Top250 Collection | ? | Black Swan (2010) (TMDb: 44214)                                          |
[2022-07-08 01:41:31,326] [builder.py:2187]           [INFO]     | 豆瓣Top250 Collection | ? | Deep in the Heart (2015) (TMDb: 292362)                                  |
[2022-07-08 01:41:31,848] [builder.py:2187]           [INFO]     | 豆瓣Top250 Collection | ? | Once a Thief (1991) (TMDb: 47423)                                        |
[2022-07-08 01:41:32,183] [builder.py:2187]           [INFO]     | 豆瓣Top250 Collection | ? | The Godfather: Part III (1990) (TMDb: 242)                               |
[2022-07-08 01:41:32,825] [builder.py:2187]           [INFO]     | 豆瓣Top250 Collection | ? | Wild Tales (2014) (TMDb: 265195)                                         |
[2022-07-08 01:41:34,093] [builder.py:2187]           [INFO]     | 豆瓣Top250 Collection | ? | A Perfect World (1993) (TMDb: 9559)                                      |
[2022-07-08 01:41:34,337] [builder.py:2187]           [INFO]     | 豆瓣Top250 Collection | ? | In the Mood for Love (2000) (TMDb: 843)                                  |
[2022-07-08 01:41:34,792] [builder.py:2187]           [INFO]     | 豆瓣Top250 Collection | ? | Three Billboards Outside Ebbing, Missouri (2017) (TMDb: 359940)          |
[2022-07-08 01:41:35,142] [builder.py:2187]           [INFO]     | 豆瓣Top250 Collection | ? | Django Unchained (2012) (TMDb: 68718)                                    |
[2022-07-08 01:41:35,516] [builder.py:2187]           [INFO]     | 豆瓣Top250 Collection | ? | Manchester by the Sea (2016) (TMDb: 334541)                              |
[2022-07-08 01:41:36,125] [builder.py:2187]           [INFO]     | 豆瓣Top250 Collection | ? | Your Name. (2016) (TMDb: 372058)                                         |
[2022-07-08 01:41:36,525] [builder.py:2187]           [INFO]     | 豆瓣Top250 Collection | ? | You are Umasou (2010) (TMDb: 89825)                                      |
[2022-07-08 01:41:36,803] [builder.py:2187]           [INFO]     | 豆瓣Top250 Collection | ? | The Notebook (2004) (TMDb: 11036)                                        |
[2022-07-08 01:41:37,192] [builder.py:2187]           [INFO]     | 豆瓣Top250 Collection | ? | Inside Out (2015) (TMDb: 150540)                                         |
[2022-07-08 01:41:37,500] [builder.py:2187]           [INFO]     | 豆瓣Top250 Collection | ? | I Am Sam (2001) (TMDb: 10950)                                            |
[2022-07-08 01:41:38,851] [builder.py:2187]           [INFO]     | 豆瓣Top250 Collection | ? | La Grande Vadrouille (1966) (TMDb: 8290)                                 |
[2022-07-08 01:41:39,392] [builder.py:2187]           [INFO]     | 豆瓣Top250 Collection | ? | Wreck-It Ralph (2012) (TMDb: 82690)                                      |
[2022-07-08 01:41:39,641] [builder.py:2187]           [INFO]     | 豆瓣Top250 Collection | ? | Twenty Two (2017) (TMDb: 473267)                                         |
[2022-07-08 01:41:39,881] [builder.py:2187]           [INFO]     | 豆瓣Top250 Collection | ? | Ice Age (2002) (TMDb: 425)                                               |
[2022-07-08 01:41:41,367] [builder.py:2187]           [INFO]     | 豆瓣Top250 Collection | ? | Oceans (2010) (TMDb: 36970)                                              |
[2022-07-08 01:41:41,874] [builder.py:2187]           [INFO]     | 豆瓣Top250 Collection | ? | The Imitation Game (2014) (TMDb: 205596)                                 |
[2022-07-08 01:41:42,374] [builder.py:2187]           [INFO]     | 豆瓣Top250 Collection | ? | Legends of the Fall (1994) (TMDb: 4476)                                  |
[2022-07-08 01:41:42,748] [builder.py:2187]           [INFO]     | 豆瓣Top250 Collection | ? | A Man Called Ove (2015) (TMDb: 348678)                                   |
[2022-07-08 01:41:43,849] [builder.py:2187]           [INFO]     | 豆瓣Top250 Collection | ? | Dying to Survive (2018) (TMDb: 532753)                                   |
[2022-07-08 01:41:44,226] [builder.py:2187]           [INFO]     | 豆瓣Top250 Collection | ? | A.I. Artificial Intelligence (2001) (TMDb: 644)                          |
[2022-07-08 01:41:44,866] [builder.py:2187]           [INFO]     | 豆瓣Top250 Collection | ? | Hachi-ko (1987) (TMDb: 31743)                                            |
[2022-07-08 01:41:45,403] [builder.py:2187]           [INFO]     | 豆瓣Top250 Collection | ? | The Girl Who Leapt Through Time (2006) (TMDb: 14069)                     |
[2022-07-08 01:41:45,999] [builder.py:2187]           [INFO]     | 豆瓣Top250 Collection | ? | Kiki's Delivery Service (1989) (TMDb: 16859)                             |
[2022-07-08 01:41:46,424] [builder.py:2187]           [INFO]     | 豆瓣Top250 Collection | ? | Waterloo Bridge (1940) (TMDb: 43824)                                     |
[2022-07-08 01:41:46,849] [builder.py:2187]           [INFO]     | 豆瓣Top250 Collection | ? | Triangle (2009) (TMDb: 26466)                                            |
[2022-07-08 01:41:47,259] [builder.py:2187]           [INFO]     | 豆瓣Top250 Collection | ? | Nezha Conquers the Dragon King (1979) (TMDb: 74037)                      |
[2022-07-08 01:41:47,682] [builder.py:2187]           [INFO]     | 豆瓣Top250 Collection | ? | Our Little Sister (2015) (TMDb: 315846)                                  |
[2022-07-08 01:41:49,041] [builder.py:2187]           [INFO]     | 豆瓣Top250 Collection | ? | Perfect Strangers (2016) (TMDb: 381341)                                  |
[2022-07-08 01:41:49,270] [builder.py:2187]           [INFO]     | 豆瓣Top250 Collection | ? | The Matrix Revolutions (2003) (TMDb: 605)                                |
[2022-07-08 01:41:49,559] [builder.py:2187]           [INFO]     | 豆瓣Top250 Collection | ? | Secrets of the Heavenly Book (1983) (TMDb: 134575)                       |
[2022-07-08 01:41:49,840] [builder.py:2187]           [INFO]     | 豆瓣Top250 Collection | ? | Days of Being Wild (1990) (TMDb: 18311)                                  |
[2022-07-08 01:41:50,315] [builder.py:2187]           [INFO]     | 豆瓣Top250 Collection | ? | Perfume: The Story of a Murderer (2006) (TMDb: 1427)                     |
[2022-07-08 01:41:50,732] [builder.py:2187]           [INFO]     | 豆瓣Top250 Collection | ? | The Reader (2008) (TMDb: 8055)                                           |
[2022-07-08 01:41:51,240] [builder.py:2187]           [INFO]     | 豆瓣Top250 Collection | ? | Mountain Patrol (2004) (TMDb: 16074)                                     |
[2022-07-08 01:41:52,374] [builder.py:2187]           [INFO]     | 豆瓣Top250 Collection | ? | The Wave (2008) (TMDb: 7735)                                             |
[2022-07-08 01:41:52,881] [builder.py:2187]           [INFO]     | 豆瓣Top250 Collection | ? | The Bourne Supremacy (2004) (TMDb: 2502)                                 |
[2022-07-08 01:41:53,126] [builder.py:2187]           [INFO]     | 豆瓣Top250 Collection | ? | The Bourne Identity (2002) (TMDb: 2501)                                  |
[2022-07-08 01:41:53,492] [builder.py:2187]           [INFO]     | 豆瓣Top250 Collection | ? | A Brighter Summer Day (1991) (TMDb: 15804)                               |
[2022-07-08 01:41:55,450] [builder.py:2187]           [INFO]     | 豆瓣Top250 Collection | ? | Lord of War (2005) (TMDb: 1830)                                          |
[2022-07-08 01:41:55,848] [builder.py:2187]           [INFO]     | 豆瓣Top250 Collection | ? | Like Stars on Earth (2007) (TMDb: 7508)                                  |
[2022-07-08 01:41:56,123] [builder.py:2187]           [INFO]     | 豆瓣Top250 Collection | ? | Crazy Stone (2006) (TMDb: 45380)                                         |
[2022-07-08 01:41:56,373] [builder.py:2187]           [INFO]     | 豆瓣Top250 Collection | ? | Green Snake (1993) (TMDb: 39915)                                         |
[2022-07-08 01:41:56,648] [builder.py:2187]           [INFO]     | 豆瓣Top250 Collection | ? | A Little Thing Called Love (2010) (TMDb: 57627)                          |
[2022-07-08 01:41:57,170] [builder.py:2187]           [INFO]     | 豆瓣Top250 Collection | ? | Kung Fu Hustle (2004) (TMDb: 9470)                                       |
[2022-07-08 01:41:57,426] [builder.py:2187]           [INFO]     | 豆瓣Top250 Collection | ? | Source Code (2011) (TMDb: 45612)                                         |
[2022-07-08 01:41:57,673] [builder.py:2187]           [INFO]     | 豆瓣Top250 Collection | ? | Still Walking (2008) (TMDb: 25050)                                       |
[2022-07-08 01:41:58,081] [builder.py:2187]           [INFO]     | 豆瓣Top250 Collection | ? | Ready Player One (2018) (TMDb: 333339)                                   |
[2022-07-08 01:41:58,615] [builder.py:2187]           [INFO]     | 豆瓣Top250 Collection | ? | Before Midnight (2013) (TMDb: 132344)                                    |
[2022-07-08 01:41:58,981] [builder.py:2187]           [INFO]     | 豆瓣Top250 Collection | ? | New Dragon Gate Inn (1992) (TMDb: 40213)                                 |
[2022-07-08 01:41:59,373] [builder.py:2187]           [INFO]     | 豆瓣Top250 Collection | ? | Bajrangi Bhaijaan (2015) (TMDb: 348892)                                  |
[2022-07-08 01:41:59,826] [builder.py:2187]           [INFO]     | 豆瓣Top250 Collection | ? | A Separation (2011) (TMDb: 60243)                                        |
[2022-07-08 01:42:00,148] [builder.py:2187]           [INFO]     | 豆瓣Top250 Collection | ? | Following (1999) (TMDb: 11660)                                           |
[2022-07-08 01:42:00,531] [builder.py:2187]           [INFO]     | 豆瓣Top250 Collection | ? | Begin Again (2013) (TMDb: 198277)                                        |
[2022-07-08 01:42:01,226] [builder.py:2187]           [INFO]     | 豆瓣Top250 Collection | ? | Wonder (2017) (TMDb: 406997)                                             |
[2022-07-08 01:42:01,939] [builder.py:2187]           [INFO]     | 豆瓣Top250 Collection | ? | Tokyo Story (1953) (TMDb: 18148)                                         |
[2022-07-08 01:42:02,364] [builder.py:2187]           [INFO]     | 豆瓣Top250 Collection | ? | Blood Diamond (2006) (TMDb: 1372)                                        |
[2022-07-08 01:42:02,748] [builder.py:2187]           [INFO]     | 豆瓣Top250 Collection | ? | Coherence (2013) (TMDb: 220289)                                          |
[2022-07-08 01:42:02,981] [builder.py:2187]           [INFO]     | 豆瓣Top250 Collection | ? | Mad Max: Fury Road (2015) (TMDb: 76341)                                  |
[2022-07-08 01:42:03,464] [builder.py:2187]           [INFO]     | 豆瓣Top250 Collection | ? | Train to Busan (2016) (TMDb: 396535)                                     |
[2022-07-08 01:42:03,872] [builder.py:2187]           [INFO]     | 豆瓣Top250 Collection | ? | Spotlight (2015) (TMDb: 314365)                                          |
[2022-07-08 01:42:04,226] [builder.py:2187]           [INFO]     | 豆瓣Top250 Collection | ? | New World (2013) (TMDb: 165213)                                          |
[2022-07-08 01:42:04,614] [builder.py:2187]           [INFO]     | 豆瓣Top250 Collection | ? | E.T. the Extra-Terrestrial (1982) (TMDb: 601)                            |
[2022-07-08 01:42:05,003] [builder.py:2187]           [INFO]     | 豆瓣Top250 Collection | ? | Thelma & Louise (1991) (TMDb: 1541)                                      |
[2022-07-08 01:42:05,292] [builder.py:2187]           [INFO]     | 豆瓣Top250 Collection | ? | Black Hawk Down (2001) (TMDb: 855)                                       |
[2022-07-08 01:42:05,606] [builder.py:2187]           [INFO]     | 豆瓣Top250 Collection | ? | Face/Off (1997) (TMDb: 754)                                              |
[2022-07-08 01:42:05,937] [builder.py:2187]           [INFO]     | 豆瓣Top250 Collection | ? | The Rock (1996) (TMDb: 9802)                                             |
[2022-07-08 01:42:06,481] [builder.py:2187]           [INFO]     | 豆瓣Top250 Collection | ? | The Bucket List (2007) (TMDb: 7350)                                      |
[2022-07-08 01:42:07,114] [builder.py:2187]           [INFO]     | 豆瓣Top250 Collection | ? | Late Blossom (2011) (TMDb: 72575)                                        |
[2022-07-08 01:42:08,683] [builder.py:2187]           [INFO]     | 豆瓣Top250 Collection | ? | Gattaca (1997) (TMDb: 782)                                               |
[2022-07-08 01:42:09,037] [builder.py:2187]           [INFO]     | 豆瓣Top250 Collection | ? | 5 Centimeters per Second (2007) (TMDb: 38142)                            |
[2022-07-08 01:42:09,581] [builder.py:2187]           [INFO]     | 豆瓣Top250 Collection | ? | Mr. Donkey (2016) (TMDb: 421742)                                         |
[2022-07-08 01:42:10,860] [builder.py:2187]           [INFO]     | 豆瓣Top250 Collection | ? | The Invisible Guest (2017) (TMDb: 411088)                                |
[2022-07-08 01:42:11,222] [builder.py:2187]           [INFO]     | 豆瓣Top250 Collection | ? | Four Springs (2019) (TMDb: 537223)                                       |
[2022-07-08 01:42:11,223] [builder.py:2192]           [INFO]     |                                                                                                    |
[2022-07-08 01:42:11,223] [builder.py:2193]           [INFO]     | 165 Movies Missing                                                                                 |
[2022-07-08 01:42:11,244] [builder.py:2383]           [INFO]     |                                                                                                    |
[2022-07-08 01:42:11,244] [builder.py:2384]           [INFO]     |============================= Updating Details of 豆瓣Top250 Collection ==============================|
[2022-07-08 01:42:11,245] [builder.py:2385]           [INFO]     |                                                                                                    |
[2022-07-08 01:42:11,245] [builder.py:2446]           [INFO]     | Collection Metadata Edits                                                                          |
[2022-07-08 01:42:13,187] [builder.py:2529]           [INFO]     |                                                                                                    |
[2022-07-08 01:42:13,188] [builder.py:2530]           [INFO]     |=================================== Sorting 豆瓣Top250 Collection ====================================|
[2022-07-08 01:42:13,188] [builder.py:2531]           [INFO]     |                                                                                                    |
[2022-07-08 01:42:13,189] [builder.py:2547]           [INFO]     | Moving The Shawshank Redemption (1994) to the beginning                                            |
[2022-07-08 01:42:13,945] [builder.py:2547]           [INFO]     | Moving Léon: The Professional (1994) after The Shawshank Redemption (1994)                         |
[2022-07-08 01:42:14,261] [builder.py:2547]           [INFO]     | Moving Forrest Gump (1994) after Léon: The Professional (1994)                                     |
[2022-07-08 01:42:14,573] [builder.py:2547]           [INFO]     | Moving La vita è bella (1997) after Forrest Gump (1994)                                            |
[2022-07-08 01:42:14,889] [builder.py:2547]           [INFO]     | Moving 千と千尋の神隠し (2001) after La vita è bella (1997)                                                |
[2022-07-08 01:42:15,208] [builder.py:2547]           [INFO]     | Moving Titanic (1997) after 千と千尋の神隠し (2001)                                                        |
[2022-07-08 01:42:16,020] [builder.py:2547]           [INFO]     | Moving Schindler's List (1993) after Titanic (1997)                                                |
[2022-07-08 01:42:16,434] [builder.py:2547]           [INFO]     | Moving Hachi: A Dog's Tale (2009) after Schindler's List (1993)                                    |
[2022-07-08 01:42:16,759] [builder.py:2547]           [INFO]     | Moving WALL·E (2008) after Hachi: A Dog's Tale (2009)                                              |
[2022-07-08 01:42:17,079] [builder.py:2547]           [INFO]     | Moving The Truman Show (1998) after WALL·E (2008)                                                  |
[2022-07-08 01:42:17,400] [builder.py:2547]           [INFO]     | Moving となりのトトロ (1988) after The Truman Show (1998)                                                 |
[2022-07-08 01:42:17,720] [builder.py:2547]           [INFO]     | Moving The Godfather (1972) after となりのトトロ (1988)                                                   |
[2022-07-08 01:42:18,040] [builder.py:2547]           [INFO]     | Moving 無間道 (2002) after The Godfather (1972)                                                       |
[2022-07-08 01:42:18,365] [builder.py:2547]           [INFO]     | Moving The Dark Knight (2008) after 無間道 (2002)                                                     |
[2022-07-08 01:42:18,690] [builder.py:2547]           [INFO]     | Moving Gone with the Wind (1939) after The Dark Knight (2008)                                      |
[2022-07-08 01:42:19,009] [builder.py:2547]           [INFO]     | Moving The Lord of the Rings: The Return of the King (2003) after Witness for the Prosecution (1957) |
[2022-07-08 01:42:19,326] [builder.py:2547]           [INFO]     | Moving दंगल (2016) after The Lord of the Rings: The Return of the King (2003)                      |
[2022-07-08 01:42:19,650] [builder.py:2547]           [INFO]     | Moving Nuovo Cinema Paradiso (1988) after दंगल (2016)                                              |
[2022-07-08 01:42:19,963] [builder.py:2547]           [INFO]     | Moving 12 Angry Men (1957) after Nuovo Cinema Paradiso (1988)                                      |
[2022-07-08 01:42:20,286] [builder.py:2547]           [INFO]     | Moving Up (2009) after 12 Angry Men (1957)                                                         |
[2022-07-08 01:42:21,059] [builder.py:2547]           [INFO]     | Moving ハウルの動く城 (2004) after Up (2009)                                                              |
[2022-07-08 01:42:21,592] [builder.py:2547]           [INFO]     | Moving Fight Club (1999) after ハウルの動く城 (2004)                                                      |
[2022-07-08 01:42:21,919] [builder.py:2547]           [INFO]     | Moving The Last Emperor (1987) after Fight Club (1999)                                             |
[2022-07-08 01:42:22,247] [builder.py:2547]           [INFO]     | Moving Das Leben der Anderen (2006) after The Last Emperor (1987)                                  |
[2022-07-08 01:42:22,572] [builder.py:2547]           [INFO]     | Moving Lock, Stock and Two Smoking Barrels (1998) after Das Leben der Anderen (2006)               |
[2022-07-08 01:42:22,894] [builder.py:2547]           [INFO]     | Moving One Flew Over the Cuckoo's Nest (1975) after Lock, Stock and Two Smoking Barrels (1998)     |
[2022-07-08 01:42:23,210] [builder.py:2547]           [INFO]     | Moving The Lord of the Rings: The Two Towers (2002) after One Flew Over the Cuckoo's Nest (1975)   |
[2022-07-08 01:42:23,527] [builder.py:2547]           [INFO]     | Moving The Godfather: Part II (1974) after The Lord of the Rings: The Two Towers (2002)            |
[2022-07-08 01:42:23,844] [builder.py:2547]           [INFO]     | Moving The Lord of the Rings: The Fellowship of the Ring (2001) after The Godfather: Part II (1974) |
[2022-07-08 01:42:24,167] [builder.py:2547]           [INFO]     | Moving V for Vendetta (2006) after The Lord of the Rings: The Fellowship of the Ring (2001)        |
[2022-07-08 01:42:24,484] [builder.py:2547]           [INFO]     | Moving A Beautiful Mind (2001) after V for Vendetta (2006)                                         |
[2022-07-08 01:42:24,803] [builder.py:2547]           [INFO]     | Moving The Cove (2009) after A Beautiful Mind (2001)                                               |
[2022-07-08 01:42:25,117] [builder.py:2547]           [INFO]     | Moving The Pianist (2002) after The Cove (2009)                                                    |
[2022-07-08 01:42:25,437] [builder.py:2547]           [INFO]     | Moving The Curious Case of Benjamin Button (2008) after The Pianist (2002)                         |
[2022-07-08 01:42:25,754] [builder.py:2547]           [INFO]     | Moving The Matrix (1999) after The Curious Case of Benjamin Button (2008)                          |
[2022-07-08 01:42:26,069] [builder.py:2547]           [INFO]     | Moving Once Upon a Time in America (1984) after The Matrix (1999)                                  |
[2022-07-08 01:42:27,092] [builder.py:2547]           [INFO]     | Moving Saving Private Ryan (1998) after Once Upon a Time in America (1984)                         |
[2022-07-08 01:42:27,519] [builder.py:2547]           [INFO]     | Moving The Sound of Music (1965) after Saving Private Ryan (1998)                                  |
[2022-07-08 01:42:27,836] [builder.py:2547]           [INFO]     | Moving The Prestige (2006) after The Sound of Music (1965)                                         |
[2022-07-08 01:42:28,154] [builder.py:2547]           [INFO]     | Moving Se7en (1995) after The Prestige (2006)                                                      |
[2022-07-08 01:42:28,472] [builder.py:2547]           [INFO]     | Moving Pulp Fiction (1994) after Se7en (1995)                                                      |
[2022-07-08 01:42:28,789] [builder.py:2547]           [INFO]     | Moving The Silence of the Lambs (1991) after Pulp Fiction (1994)                                   |
[2022-07-08 01:42:29,104] [builder.py:2547]           [INFO]     | Moving Le Fabuleux Destin d'Amélie Poulain (2001) after The Silence of the Lambs (1991)            |
[2022-07-08 01:42:29,444] [builder.py:2547]           [INFO]     | Moving Braveheart (1995) after Le Fabuleux Destin d'Amélie Poulain (2001)                          |
[2022-07-08 01:42:29,758] [builder.py:2547]           [INFO]     | Moving Edward Scissorhands (1990) after Braveheart (1995)                                          |
[2022-07-08 01:42:30,073] [builder.py:2547]           [INFO]     | Moving Good Will Hunting (1997) after Edward Scissorhands (1990)                                   |
[2022-07-08 01:42:30,393] [builder.py:2547]           [INFO]     | Moving Avatar (2009) after Good Will Hunting (1997)                                                |
[2022-07-08 01:42:30,714] [builder.py:2547]           [INFO]     | Moving おくりびと (2008) after Avatar (2009)                                                            |
[2022-07-08 01:42:31,031] [builder.py:2547]           [INFO]     | Moving もののけ姫 (1997) after おくりびと (2008)                                                             |
[2022-07-08 01:42:31,352] [builder.py:2547]           [INFO]     | Moving Pirates of the Caribbean: The Curse of the Black Pearl (2003) after もののけ姫 (1997)            |
[2022-07-08 01:42:31,719] [builder.py:2547]           [INFO]     | Moving Modern Times (1936) after Pirates of the Caribbean: The Curse of the Black Pearl (2003)     |
[2022-07-08 01:42:32,051] [builder.py:2547]           [INFO]     | Moving The Sixth Sense (1999) after Modern Times (1936)                                            |
[2022-07-08 01:42:32,371] [builder.py:2547]           [INFO]     | Moving Mary and Max (2009) after The Sixth Sense (1999)                                            |
[2022-07-08 01:42:33,174] [builder.py:2547]           [INFO]     | Moving Big Fish (2003) after Mary and Max (2009)                                                   |
[2022-07-08 01:42:33,697] [builder.py:2547]           [INFO]     | Moving Cidade de Deus (2002) after Big Fish (2003)                                                 |
[2022-07-08 01:42:34,017] [builder.py:2547]           [INFO]     | Moving Monsters, Inc. (2001) after Cidade de Deus (2002)                                           |
[2022-07-08 01:42:34,332] [builder.py:2547]           [INFO]     | Moving The Bourne Ultimatum (2007) after Monsters, Inc. (2001)                                     |
[2022-07-08 01:42:34,644] [builder.py:2547]           [INFO]     | Moving 七人の侍 (1954) after The Bourne Ultimatum (2007)                                               |
[2022-07-08 01:42:34,958] [builder.py:2547]           [INFO]     | Moving 火垂るの墓 (1988) after 七人の侍 (1954)                                                              |
[2022-07-08 01:42:35,281] [builder.py:2547]           [INFO]     | Moving Slumdog Millionaire (2008) after 火垂るの墓 (1988)                                               |
[2022-07-08 01:42:35,597] [builder.py:2547]           [INFO]     | Moving Memento (2000) after Slumdog Millionaire (2008)                                             |
[2022-07-08 01:42:35,914] [builder.py:2547]           [INFO]     | Moving Dallas Buyers Club (2013) after Memento (2000)                                              |
[2022-07-08 01:42:36,234] [builder.py:2547]           [INFO]     | Moving Rain Man (1988) after Dallas Buyers Club (2013)                                             |
[2022-07-08 01:42:36,549] [builder.py:2547]           [INFO]     | Moving Hotel Rwanda (2004) after Rain Man (1988)                                                   |
[2022-07-08 01:42:36,922] [builder.py:2547]           [INFO]     | Moving Singin' in the Rain (1952) after Hotel Rwanda (2004)                                        |
[2022-07-08 01:42:37,244] [builder.py:2547]           [INFO]     | Moving Whiplash (2014) after Singin' in the Rain (1952)                                            |
[2022-07-08 01:42:37,556] [builder.py:2547]           [INFO]     | Moving パーフェクトブルー (1997) after Whiplash (2014)                                                      |
[2022-07-08 01:42:37,868] [builder.py:2547]           [INFO]     | Moving Room (2015) after パーフェクトブルー (1997)                                                          |
[2022-07-08 01:42:38,186] [builder.py:2547]           [INFO]     | Moving Trainspotting (1996) after Room (2015)                                                      |
[2022-07-08 01:42:38,512] [builder.py:2547]           [INFO]     | Moving 羅生門 (1950) after Trainspotting (1996)                                                       |
[2022-07-08 01:42:39,433] [builder.py:2547]           [INFO]     | Moving Psycho (1960) after 羅生門 (1950)                                                              |
[2022-07-08 01:42:39,940] [builder.py:2547]           [INFO]     | Moving Terminator 2: Judgment Day (1991) after Psycho (1960)                                       |
[2022-07-08 01:42:40,259] [builder.py:2547]           [INFO]     | Moving Inglourious Basterds (2009) after Terminator 2: Judgment Day (1991)                         |
[2022-07-08 01:42:40,571] [builder.py:2547]           [INFO]     | Moving Crash (2004) after Inglourious Basterds (2009)                                              |
[2022-07-08 01:42:40,885] [builder.py:2547]           [INFO]     | Moving Requiem for a Dream (2000) after Crash (2004)                                               |
[2022-07-08 01:42:41,199] [builder.py:2547]           [INFO]     | Moving City Lights (1931) after Requiem for a Dream (2000)                                         |
[2022-07-08 01:42:41,512] [builder.py:2547]           [INFO]     | Moving 2001: A Space Odyssey (1968) after City Lights (1931)                                       |
[2022-07-08 01:42:41,827] [builder.py:2547]           [INFO]     | Moving The Green Mile (1999) after 2001: A Space Odyssey (1968)                                    |
[2022-07-08 01:42:42,141] [builder.py:2547]           [INFO]     | Moving The Man from Earth (2007) after The Green Mile (1999)                                       |
[2022-07-08 01:42:42,455] [builder.py:2547]           [INFO]     | Moving A Clockwork Orange (1971) after The Man from Earth (2007)                                   |
[2022-07-08 01:42:42,770] [builder.py:2547]           [INFO]     | Moving The King's Speech (2010) after A Clockwork Orange (1971)                                    |
[2022-07-08 01:42:43,081] [builder.py:2547]           [INFO]     | Moving Il buono, il brutto, il cattivo (1966) after The King's Speech (2010)                       |
[2022-07-08 01:42:43,401] [builder.py:2547]           [INFO]     | Moving The Usual Suspects (1995) after Il buono, il brutto, il cattivo (1966)                      |
[2022-07-08 01:42:43,716] [builder.py:2547]           [INFO]     | Moving Casablanca (1942) after The Usual Suspects (1995)                                           |
[2022-07-08 01:42:44,037] [plex_meta_manager.py:674]  [INFO]     |                                                                                                    |
[2022-07-08 01:42:44,038] [plex_meta_manager.py:675]  [INFO]     |====================================================================================================|
[2022-07-08 01:42:44,039] [plex_meta_manager.py:675]  [INFO]     |                                    Finished 豆瓣Top250 Collection                                    |
[2022-07-08 01:42:44,039] [plex_meta_manager.py:675]  [INFO]     |                                    Collection Run Time: 0:02:08                                    |
[2022-07-08 01:42:44,039] [plex_meta_manager.py:675]  [INFO]     |====================================================================================================|
