[2022-07-08 01:56:21,571] [builder.py:185]            [INFO]     |====================================================================================================|
[2022-07-08 01:56:21,572] [builder.py:185]            [INFO]     |                                 TMDb Popular Collection in Movies                                  |
[2022-07-08 01:56:21,573] [builder.py:185]            [INFO]     |====================================================================================================|
[2022-07-08 01:56:21,573] [builder.py:186]            [INFO]     |                                                                                                    |
[2022-07-08 01:56:21,574] [builder.py:191]            [INFO]     |================================ Validating TMDb Popular Attributes ================================|
[2022-07-08 01:56:21,574] [builder.py:212]            [DEBUG]    |                                                                                                    |
[2022-07-08 01:56:21,575] [builder.py:213]            [DEBUG]    | Validating Method: template                                                                        |
[2022-07-08 01:56:21,576] [meta.py:103]               [DEBUG]    | Value: [ordereddict([('name', 'popular')]), ordereddict([('name', 'customsync')]), ordereddict([('name', 'chart_shared'), ('key', 'popular')])] |
[2022-07-08 01:56:21,582] [builder.py:437]            [DEBUG]    |                                                                                                    |
[2022-07-08 01:56:21,583] [builder.py:438]            [DEBUG]    | Validating Method: sync_mode                                                                       |
[2022-07-08 01:56:21,583] [builder.py:442]            [DEBUG]    | Value: sync                                                                                        |
[2022-07-08 01:56:21,583] [builder.py:582]            [DEBUG]    |                                                                                                    |
[2022-07-08 01:56:21,584] [builder.py:583]            [DEBUG]    | Validating Method: collection_order                                                                |
[2022-07-08 01:56:21,584] [builder.py:584]            [DEBUG]    | Value: custom                                                                                      |
[2022-07-08 01:56:21,585] [builder.py:600]            [DEBUG]    |                                                                                                    |
[2022-07-08 01:56:21,586] [builder.py:604]            [DEBUG]    | Validating Method: tmdb_popular                                                                    |
[2022-07-08 01:56:21,586] [builder.py:605]            [DEBUG]    | Value: 100                                                                                         |
[2022-07-08 01:56:21,587] [builder.py:600]            [DEBUG]    |                                                                                                    |
[2022-07-08 01:56:21,587] [builder.py:604]            [DEBUG]    | Validating Method: summary                                                                         |
[2022-07-08 01:56:21,588] [builder.py:605]            [DEBUG]    | Value: A collection of the most watched movies according to TMDb.                                  |
[2022-07-08 01:56:21,589] [builder.py:600]            [DEBUG]    |                                                                                                    |
[2022-07-08 01:56:21,589] [builder.py:604]            [DEBUG]    | Validating Method: sort_title                                                                      |
[2022-07-08 01:56:21,590] [builder.py:605]            [DEBUG]    | Value: !01_TMDb Popular                                                                            |
[2022-07-08 01:56:21,590] [builder.py:600]            [DEBUG]    |                                                                                                    |
[2022-07-08 01:56:21,591] [builder.py:604]            [DEBUG]    | Validating Method: url_poster                                                                      |
[2022-07-08 01:56:21,591] [builder.py:605]            [DEBUG]    | Value: https://raw.githubusercontent.com/meisnate12/Plex-Meta-Manager-Images/master/chart/TMDb%20Popular.jpg |
[2022-07-08 01:56:22,213] [builder.py:764]            [INFO]     |                                                                                                    |
[2022-07-08 01:56:22,214] [builder.py:765]            [INFO]     | Validation Successful                                                                              |
[2022-07-08 01:56:22,214] [plex_meta_manager.py:539]  [INFO]     |                                                                                                    |
[2022-07-08 01:56:22,215] [plex_meta_manager.py:541]  [INFO]     |================================= Running TMDb Popular Collection ==================================|
[2022-07-08 01:56:22,215] [plex_meta_manager.py:553]  [INFO]     |                                                                                                    |
[2022-07-08 01:56:22,216] [plex_meta_manager.py:554]  [INFO]     | Sync Mode: sync                                                                                    |
[2022-07-08 01:56:22,216] [plex_meta_manager.py:557]  [DEBUG]    |                                                                                                    |
[2022-07-08 01:56:22,216] [plex_meta_manager.py:558]  [DEBUG]    | Builder: tmdb_popular: 100                                                                         |
[2022-07-08 01:56:22,217] [plex_meta_manager.py:559]  [INFO]     |                                                                                                    |
[2022-07-08 01:56:23,971] [tmdb.py:344]               [INFO]     | Processing TMDb Popular: 100 Movies                                                                |
[2022-07-08 01:56:23,972] [builder.py:1507]           [DEBUG]    |                                                                                                    |
[2022-07-08 01:56:23,973] [builder.py:1508]           [DEBUG]    | 100 IDs Found: [(453395, 'tmdb'), (438148, 'tmdb'), (924482, 'tmdb'), (338953, 'tmdb'), (507086, 'tmdb'), (675353, 'tmdb'), (777831, 'tmdb'), (667739, 'tmdb'), (626735, 'tmdb'), (616037, 'tmdb'), (634649, 'tmdb'), (752623, 'tmdb'), (526896, 'tmdb'), (975714, 'tmdb'), (818397, 'tmdb'), (852592, 'tmdb'), (615469, 'tmdb'), (508947, 'tmdb'), (960258, 'tmdb'), (639933, 'tmdb'), (764835, 'tmdb'), (893297, 'tmdb'), (628878, 'tmdb'), (610150, 'tmdb'), (756999, 'tmdb'), (335787, 'tmdb'), (648579, 'tmdb'), (979163, 'tmdb'), (414906, 'tmdb'), (746333, 'tmdb'), (689700, 'tmdb'), (629542, 'tmdb'), (705861, 'tmdb'), (831946, 'tmdb'), (864116, 'tmdb'), (836225, 'tmdb'), (568124, 'tmdb'), (361743, 'tmdb'), (718789, 'tmdb'), (880313, 'tmdb'), (973608, 'tmdb'), (825808, 'tmdb'), (635302, 'tmdb'), (916821, 'tmdb'), (585083, 'tmdb'), (628900, 'tmdb'), (406759, 'tmdb'), (587272, 'tmdb'), (778855, 'tmdb'), (756681, 'tmdb'), (420821, 'tmdb'), (668742, 'tmdb'), (768744, 'tmdb'), (661791, 'tmdb'), (801071, 'tmdb'), (945657, 'tmdb'), (580489, 'tmdb'), (438695, 'tmdb'), (892527, 'tmdb'), (799876, 'tmdb'), (809717, 'tmdb'), (778810, 'tmdb'), (211672, 'tmdb'), (843241, 'tmdb'), (774825, 'tmdb'), (785985, 'tmdb'), (566525, 'tmdb'), (829557, 'tmdb'), (897424, 'tmdb'), (810171, 'tmdb'), (708471, 'tmdb'), (893370, 'tmdb'), (933886, 'tmdb'), (952217, 'tmdb'), (912598, 'tmdb'), (823625, 'tmdb'), (459151, 'tmdb'), (763285, 'tmdb'), (831728, 'tmdb'), (460458, 'tmdb'), (524434, 'tmdb'), (10195, 'tmdb'), (928270, 'tmdb'), (920143, 'tmdb'), (913205, 'tmdb'), (545611, 'tmdb'), (299536, 'tmdb'), (303857, 'tmdb'), (982981, 'tmdb'), (770509, 'tmdb'), (833425, 'tmdb'), (425909, 'tmdb'), (843847, 'tmdb'), (916964, 'tmdb'), (698128, 'tmdb'), (892070, 'tmdb'), (476669, 'tmdb'), (460465, 'tmdb'), (860623, 'tmdb'), (803114, 'tmdb')] |
[2022-07-08 01:56:23,974] [builder.py:1509]           [DEBUG]    |                                                                                                    |
[2022-07-08 01:56:23,977] [builder.py:2009]           [INFO]     |                                                                                                    |
[2022-07-08 01:56:23,978] [builder.py:2010]           [INFO]     |================================ Adding to TMDb Popular Collection =================================|
[2022-07-08 01:56:23,978] [builder.py:2011]           [INFO]     |                                                                                                    |
[2022-07-08 01:56:23,979] [builder.py:2025]           [INFO]     | 1/2 | TMDb Popular Collection | = | Sing 2 (2021)                                                  |
[2022-07-08 01:56:23,980] [builder.py:2025]           [INFO]     | 2/2 | TMDb Popular Collection | = | Shang-Chi and the Legend of the Ten Rings (2021)               |
[2022-07-08 01:56:23,980] [builder.py:2045]           [INFO]     |                                                                                                    |
[2022-07-08 01:56:23,981] [builder.py:2046]           [INFO]     | 2 Movies Processed                                                                                 |
[2022-07-08 01:56:23,981] [builder.py:2172]           [INFO]     |                                                                                                    |
[2022-07-08 01:56:23,982] [builder.py:2173]           [INFO]     |=============================== Missing Movies from Library: Movies ================================|
[2022-07-08 01:56:23,983] [builder.py:2174]           [INFO]     |                                                                                                    |
[2022-07-08 01:56:24,222] [builder.py:2187]           [INFO]     | TMDb Popular Collection | ? | Doctor Strange in the Multiverse of Madness (2022) (TMDb: 453395)    |
[2022-07-08 01:56:24,444] [builder.py:2187]           [INFO]     | TMDb Popular Collection | ? | Minions: The Rise of Gru (2022) (TMDb: 438148)                       |
[2022-07-08 01:56:24,678] [builder.py:2187]           [INFO]     | TMDb Popular Collection | ? | The Ledge (2022) (TMDb: 924482)                                      |
[2022-07-08 01:56:24,967] [builder.py:2187]           [INFO]     | TMDb Popular Collection | ? | Fantastic Beasts: The Secrets of Dumbledore (2022) (TMDb: 338953)    |
[2022-07-08 01:56:25,216] [builder.py:2187]           [INFO]     | TMDb Popular Collection | ? | Jurassic World Dominion (2022) (TMDb: 507086)                        |
[2022-07-08 01:56:25,458] [builder.py:2187]           [INFO]     | TMDb Popular Collection | ? | Sonic the Hedgehog 2 (2022) (TMDb: 675353)                           |
[2022-07-08 01:56:25,678] [builder.py:2187]           [INFO]     | TMDb Popular Collection | ? | 9 Bullets (2022) (TMDb: 777831)                                      |
[2022-07-08 01:56:25,878] [builder.py:2187]           [INFO]     | TMDb Popular Collection | ? | The Man From Toronto (2022) (TMDb: 667739)                           |
[2022-07-08 01:56:26,133] [builder.py:2187]           [INFO]     | TMDb Popular Collection | ? | Dog (2022) (TMDb: 626735)                                            |
[2022-07-08 01:56:26,355] [builder.py:2187]           [INFO]     | TMDb Popular Collection | ? | Thor: Love and Thunder (2022) (TMDb: 616037)                         |
[2022-07-08 01:56:26,611] [builder.py:2187]           [INFO]     | TMDb Popular Collection | ? | Spider-Man: No Way Home (2021) (TMDb: 634649)                        |
[2022-07-08 01:56:26,844] [builder.py:2187]           [INFO]     | TMDb Popular Collection | ? | The Lost City (2022) (TMDb: 752623)                                  |
[2022-07-08 01:56:27,083] [builder.py:2187]           [INFO]     | TMDb Popular Collection | ? | Morbius (2022) (TMDb: 526896)                                        |
[2022-07-08 01:56:27,283] [builder.py:2187]           [INFO]     | TMDb Popular Collection | ? | Collision (2022) (TMDb: 975714)                                      |
[2022-07-08 01:56:27,600] [builder.py:2187]           [INFO]     | TMDb Popular Collection | ? | Memory (2022) (TMDb: 818397)                                         |
[2022-07-08 01:56:28,022] [builder.py:2187]           [INFO]     | TMDb Popular Collection | ? | Centauro (2022) (TMDb: 852592)                                       |
[2022-07-08 01:56:28,267] [builder.py:2187]           [INFO]     | TMDb Popular Collection | ? | Spiderhead (2022) (TMDb: 615469)                                     |
[2022-07-08 01:56:28,516] [builder.py:2187]           [INFO]     | TMDb Popular Collection | ? | Turning Red (2022) (TMDb: 508947)                                    |
[2022-07-08 01:56:28,755] [builder.py:2187]           [INFO]     | TMDb Popular Collection | ? | Shark Bait (2022) (TMDb: 960258)                                     |
[2022-07-08 01:56:29,008] [builder.py:2187]           [INFO]     | TMDb Popular Collection | ? | The Northman (2022) (TMDb: 639933)                                   |
[2022-07-08 01:56:30,368] [builder.py:2187]           [INFO]     | TMDb Popular Collection | ? | The Desperate Hour (2021) (TMDb: 764835)                             |
[2022-07-08 01:56:30,700] [builder.py:2187]           [INFO]     | TMDb Popular Collection | ? | American Sicario (2021) (TMDb: 893297)                               |
[2022-07-08 01:56:30,900] [builder.py:2187]           [INFO]     | TMDb Popular Collection | ? | Panama (2022) (TMDb: 628878)                                         |
[2022-07-08 01:56:31,124] [builder.py:2187]           [INFO]     | TMDb Popular Collection | ? | Dragon Ball Super: Super Hero (2022) (TMDb: 610150)                  |
[2022-07-08 01:56:31,383] [builder.py:2187]           [INFO]     | TMDb Popular Collection | ? | The Black Phone (2022) (TMDb: 756999)                                |
[2022-07-08 01:56:31,633] [builder.py:2187]           [INFO]     | TMDb Popular Collection | ? | Uncharted (2022) (TMDb: 335787)                                      |
[2022-07-08 01:56:31,889] [builder.py:2187]           [INFO]     | TMDb Popular Collection | ? | The Unbearable Weight of Massive Talent (2022) (TMDb: 648579)        |
[2022-07-08 01:56:32,267] [builder.py:2187]           [INFO]     | TMDb Popular Collection | ? | Beyond Infinity: Buzz and the Journey to Lightyear (2022) (TMDb: 979163) |
[2022-07-08 01:56:32,589] [builder.py:2187]           [INFO]     | TMDb Popular Collection | ? | The Batman (2022) (TMDb: 414906)                                     |
[2022-07-08 01:56:32,867] [builder.py:2187]           [INFO]     | TMDb Popular Collection | ? | Superwho? (2022) (TMDb: 746333)                                      |
[2022-07-08 01:56:33,216] [builder.py:2187]           [INFO]     | TMDb Popular Collection | ? | Clean (2022) (TMDb: 689700)                                          |
[2022-07-08 01:56:33,489] [builder.py:2187]           [INFO]     | TMDb Popular Collection | ? | The Bad Guys (2022) (TMDb: 629542)                                   |
[2022-07-08 01:56:33,711] [builder.py:2187]           [INFO]     | TMDb Popular Collection | ? | Hustle (2022) (TMDb: 705861)                                         |
[2022-07-08 01:56:34,011] [builder.py:2187]           [INFO]     | TMDb Popular Collection | ? | Interceptor (2022) (TMDb: 831946)                                    |
[2022-07-08 01:56:34,224] [builder.py:2187]           [INFO]     | TMDb Popular Collection | ? | A Day to Die (2022) (TMDb: 864116)                                   |
[2022-07-08 01:56:34,467] [builder.py:2187]           [INFO]     | TMDb Popular Collection | ? | The Exorcism of God (2022) (TMDb: 836225)                            |
[2022-07-08 01:56:34,700] [builder.py:2187]           [INFO]     | TMDb Popular Collection | ? | Encanto (2021) (TMDb: 568124)                                        |
[2022-07-08 01:56:34,944] [builder.py:2187]           [INFO]     | TMDb Popular Collection | ? | Top Gun: Maverick (2022) (TMDb: 361743)                              |
[2022-07-08 01:56:35,200] [builder.py:2187]           [INFO]     | TMDb Popular Collection | ? | Lightyear (2022) (TMDb: 718789)                                      |
[2022-07-08 01:56:35,416] [builder.py:2187]           [INFO]     | TMDb Popular Collection | ? | The Wrath of God (2022) (TMDb: 880313)                               |
[2022-07-08 01:56:35,649] [builder.py:2187]           [INFO]     | TMDb Popular Collection | ? | Larva Pendant (2022) (TMDb: 973608)                                  |
[2022-07-08 01:56:35,922] [builder.py:2187]           [INFO]     | TMDb Popular Collection | ? | See for Me (2021) (TMDb: 825808)                                     |
[2022-07-08 01:56:36,157] [builder.py:2187]           [INFO]     | TMDb Popular Collection | ? | Demon Slayer -Kimetsu no Yaiba- The Movie: Mugen Train (2020) (TMDb: 635302) |
[2022-07-08 01:56:36,382] [builder.py:2187]           [INFO]     | TMDb Popular Collection | ? | Gasoline Alley (2022) (TMDb: 916821)                                 |
[2022-07-08 01:56:36,644] [builder.py:2187]           [INFO]     | TMDb Popular Collection | ? | Hotel Transylvania: Transformania (2022) (TMDb: 585083)              |
[2022-07-08 01:56:36,867] [builder.py:2187]           [INFO]     | TMDb Popular Collection | ? | The Contractor (2022) (TMDb: 628900)                                 |
[2022-07-08 01:56:37,078] [builder.py:2187]           [INFO]     | TMDb Popular Collection | ? | Moonfall (2022) (TMDb: 406759)                                       |
[2022-07-08 01:56:37,633] [builder.py:2187]           [INFO]     | TMDb Popular Collection | ? | Father There Is Only One (2019) (TMDb: 587272)                       |
[2022-07-08 01:56:37,882] [builder.py:2187]           [INFO]     | TMDb Popular Collection | ? | Chickenhare and the Hamster of Darkness (2022) (TMDb: 778855)        |
[2022-07-08 01:56:39,049] [builder.py:2187]           [INFO]     | TMDb Popular Collection | ? | Veneciafrenia (2022) (TMDb: 756681)                                  |
[2022-07-08 01:56:39,311] [builder.py:2187]           [INFO]     | TMDb Popular Collection | ? | Chip 'n Dale: Rescue Rangers (2022) (TMDb: 420821)                   |
[2022-07-08 01:56:39,890] [builder.py:2187]           [INFO]     | TMDb Popular Collection | ? | Father There Is Only One 2 (2020) (TMDb: 668742)                     |
[2022-07-08 01:56:40,155] [builder.py:2187]           [INFO]     | TMDb Popular Collection | ? | My Hero Academia: World Heroes' Mission (2021) (TMDb: 768744)        |
[2022-07-08 01:56:40,390] [builder.py:2187]           [INFO]     | TMDb Popular Collection | ? | The Grandmother (2022) (TMDb: 661791)                                |
[2022-07-08 01:56:40,666] [builder.py:2187]           [INFO]     | TMDb Popular Collection | ? | The Jack in the Box: Awakening (2022) (TMDb: 801071)                 |
[2022-07-08 01:56:40,955] [builder.py:2187]           [INFO]     | TMDb Popular Collection | ? | Titanic 666 (2022) (TMDb: 945657)                                    |
[2022-07-08 01:56:41,231] [builder.py:2187]           [INFO]     | TMDb Popular Collection | ? | Venom: Let There Be Carnage (2021) (TMDb: 580489)                    |
[2022-07-08 01:56:41,466] [builder.py:2187]           [INFO]     | TMDb Popular Collection | ? | King (2022) (TMDb: 892527)                                           |
[2022-07-08 01:56:42,567] [builder.py:2187]           [INFO]     | TMDb Popular Collection | ? | The Outfit (2022) (TMDb: 799876)                                     |
[2022-07-08 01:56:43,044] [builder.py:2187]           [INFO]     | TMDb Popular Collection | ? | Moonbound (2021) (TMDb: 809717)                                      |
[2022-07-08 01:56:44,167] [builder.py:2187]           [INFO]     | TMDb Popular Collection | ? | Fireheart (2022) (TMDb: 778810)                                      |
[2022-07-08 01:56:44,478] [builder.py:2187]           [INFO]     | TMDb Popular Collection | ? | Minions (2015) (TMDb: 211672)                                        |
[2022-07-08 01:56:44,666] [builder.py:2187]           [INFO]     | TMDb Popular Collection | ? | The Seven Deadly Sins: Cursed by Light (2021) (TMDb: 843241)         |
[2022-07-08 01:56:44,881] [builder.py:2187]           [INFO]     | TMDb Popular Collection | ? | The Ice Age Adventures of Buck Wild (2022) (TMDb: 774825)            |
[2022-07-08 01:56:45,078] [builder.py:2187]           [INFO]     | TMDb Popular Collection | ? | The Takedown (2022) (TMDb: 785985)                                   |
[2022-07-08 01:56:45,344] [builder.py:2187]           [INFO]     | TMDb Popular Collection | ? | 365 Days: This Day (2022) (TMDb: 829557)                             |
[2022-07-08 01:56:45,349] [builder.py:2187]           [INFO]     | TMDb Popular Collection | ? | Dark Cloud (2022) (TMDb: 897424)                                     |
[2022-07-08 01:56:45,633] [builder.py:2187]           [INFO]     | TMDb Popular Collection | ? | The Valet (2022) (TMDb: 810171)                                      |
[2022-07-08 01:56:45,967] [builder.py:2187]           [INFO]     | TMDb Popular Collection | ? | El último zombi (2021) (TMDb: 708471)                                |
[2022-07-08 01:56:46,144] [builder.py:2187]           [INFO]     | TMDb Popular Collection | ? | Virus:32 (2022) (TMDb: 893370)                                       |
[2022-07-08 01:56:46,389] [builder.py:2187]           [INFO]     | TMDb Popular Collection | ? | Dos más dos (2022) (TMDb: 933886)                                    |
[2022-07-08 01:56:46,648] [builder.py:2187]           [INFO]     | TMDb Popular Collection | ? | King Tweety (2022) (TMDb: 952217)                                    |
[2022-07-08 01:56:46,866] [builder.py:2187]           [INFO]     | TMDb Popular Collection | ? | Bubble (2022) (TMDb: 912598)                                         |
[2022-07-08 01:56:47,111] [builder.py:2187]           [INFO]     | TMDb Popular Collection | ? | Blacklight (2022) (TMDb: 823625)                                     |
[2022-07-08 01:56:47,323] [builder.py:2187]           [INFO]     | TMDb Popular Collection | ? | The Boss Baby: Family Business (2021) (TMDb: 459151)                 |
[2022-07-08 01:56:47,556] [builder.py:2187]           [INFO]     | TMDb Popular Collection | ? | Ambulance (2022) (TMDb: 763285)                                      |
[2022-07-08 01:56:48,631] [builder.py:2187]           [INFO]     | TMDb Popular Collection | ? | Snotty Boy (2022) (TMDb: 831728)                                     |
[2022-07-08 01:56:48,944] [builder.py:2187]           [INFO]     | TMDb Popular Collection | ? | Resident Evil: Welcome to Raccoon City (2021) (TMDb: 460458)         |
[2022-07-08 01:56:49,178] [builder.py:2187]           [INFO]     | TMDb Popular Collection | ? | Eternals (2021) (TMDb: 524434)                                       |
[2022-07-08 01:56:49,539] [builder.py:2187]           [INFO]     | TMDb Popular Collection | ? | Thor (2011) (TMDb: 10195)                                            |
[2022-07-08 01:56:49,800] [builder.py:2187]           [INFO]     | TMDb Popular Collection | ? | Heatwave (2022) (TMDb: 928270)                                       |
[2022-07-08 01:56:50,000] [builder.py:2187]           [INFO]     | TMDb Popular Collection | ? | The Trip 6 (2021) (TMDb: 920143)                                     |
[2022-07-08 01:56:50,489] [builder.py:2187]           [INFO]     | TMDb Popular Collection | ? | Teen Titans Go! & DC Super Hero Girls: Mayhem in the Multiverse (2022) (TMDb: 913205) |
[2022-07-08 01:56:50,881] [builder.py:2187]           [INFO]     | TMDb Popular Collection | ? | Everything Everywhere All at Once (2022) (TMDb: 545611)              |
[2022-07-08 01:56:51,181] [builder.py:2187]           [INFO]     | TMDb Popular Collection | ? | Avengers: Infinity War (2018) (TMDb: 299536)                         |
[2022-07-08 01:56:51,381] [builder.py:2187]           [INFO]     | TMDb Popular Collection | ? | Dragon Ball Z: Resurrection 'F' (2015) (TMDb: 303857)                |
[2022-07-08 01:56:52,311] [builder.py:2187]           [INFO]     | TMDb Popular Collection | ? | Glamour Girls (2022) (TMDb: 982981)                                  |
[2022-07-08 01:56:52,544] [builder.py:2187]           [INFO]     | TMDb Popular Collection | ? | The Nights Belong to Monsters (2021) (TMDb: 770509)                  |
[2022-07-08 01:56:53,890] [builder.py:2187]           [INFO]     | TMDb Popular Collection | ? | No Exit (2022) (TMDb: 833425)                                        |
[2022-07-08 01:56:54,155] [builder.py:2187]           [INFO]     | TMDb Popular Collection | ? | Ghostbusters: Afterlife (2021) (TMDb: 425909)                        |
[2022-07-08 01:56:54,506] [builder.py:2187]           [INFO]     | TMDb Popular Collection | ? | Jerry & Marge Go Large (2022) (TMDb: 843847)                         |
[2022-07-08 01:56:55,534] [builder.py:2187]           [INFO]     | TMDb Popular Collection | ? | En la mira (2022) (TMDb: 916964)                                     |
[2022-07-08 01:56:55,733] [builder.py:2187]           [INFO]     | TMDb Popular Collection | ? | Dual (2022) (TMDb: 698128)                                           |
[2022-07-08 01:56:56,589] [builder.py:2187]           [INFO]     | TMDb Popular Collection | ? | Padre no hay más que uno 3 (2022) (TMDb: 892070)                     |
[2022-07-08 01:56:56,789] [builder.py:2187]           [INFO]     | TMDb Popular Collection | ? | The King's Man (2021) (TMDb: 476669)                                 |
[2022-07-08 01:56:56,989] [builder.py:2187]           [INFO]     | TMDb Popular Collection | ? | Mortal Kombat (2021) (TMDb: 460465)                                  |
[2022-07-08 01:56:57,233] [builder.py:2187]           [INFO]     | TMDb Popular Collection | ? | Last Man Down (2021) (TMDb: 860623)                                  |
[2022-07-08 01:56:58,373] [builder.py:2187]           [INFO]     | TMDb Popular Collection | ? | The Requin (2022) (TMDb: 803114)                                     |
[2022-07-08 01:56:58,373] [builder.py:2192]           [INFO]     |                                                                                                    |
[2022-07-08 01:56:58,374] [builder.py:2193]           [INFO]     | 98 Movies Missing                                                                                  |
[2022-07-08 01:56:58,394] [builder.py:2383]           [INFO]     |                                                                                                    |
[2022-07-08 01:56:58,395] [builder.py:2384]           [INFO]     |=========================== Updating Details of TMDb Popular Collection ============================|
[2022-07-08 01:56:58,395] [builder.py:2385]           [INFO]     |                                                                                                    |
[2022-07-08 01:56:58,396] [builder.py:2446]           [INFO]     | Collection Metadata Edits                                                                          |
[2022-07-08 01:56:58,396] [util.py:150]               [DEBUG]    | 1 poster found:                                                                                    |
[2022-07-08 01:56:58,396] [util.py:152]               [DEBUG]    | Method: url_poster Poster: https://raw.githubusercontent.com/meisnate12/Plex-Meta-Manager-Images/master/chart/TMDb%20Popular.jpg |
[2022-07-08 01:56:58,399] [library.py:155]            [INFO]     | Detail: poster update not needed                                                                   |
[2022-07-08 01:56:58,489] [builder.py:2529]           [INFO]     |                                                                                                    |
[2022-07-08 01:56:58,489] [builder.py:2530]           [INFO]     |================================= Sorting TMDb Popular Collection ==================================|
[2022-07-08 01:56:58,490] [builder.py:2531]           [INFO]     |                                                                                                    |
[2022-07-08 01:56:58,490] [plex_meta_manager.py:674]  [INFO]     |                                                                                                    |
[2022-07-08 01:56:58,490] [plex_meta_manager.py:675]  [INFO]     |====================================================================================================|
[2022-07-08 01:56:58,491] [plex_meta_manager.py:675]  [INFO]     |                                  Finished TMDb Popular Collection                                  |
[2022-07-08 01:56:58,491] [plex_meta_manager.py:675]  [INFO]     |                                    Collection Run Time: 0:00:36                                    |
[2022-07-08 01:56:58,491] [plex_meta_manager.py:675]  [INFO]     |====================================================================================================|
