[2022-07-08 01:52:01,248] [builder.py:185]            [INFO]     |====================================================================================================|
[2022-07-08 01:52:01,249] [builder.py:185]            [INFO]     |                                 IMDb Popular Collection in Movies                                  |
[2022-07-08 01:52:01,249] [builder.py:185]            [INFO]     |====================================================================================================|
[2022-07-08 01:52:01,250] [builder.py:186]            [INFO]     |                                                                                                    |
[2022-07-08 01:52:01,250] [builder.py:191]            [INFO]     |================================ Validating IMDb Popular Attributes ================================|
[2022-07-08 01:52:01,251] [builder.py:212]            [DEBUG]    |                                                                                                    |
[2022-07-08 01:52:01,251] [builder.py:213]            [DEBUG]    | Validating Method: template                                                                        |
[2022-07-08 01:52:01,251] [meta.py:103]               [DEBUG]    | Value: [ordereddict([('name', 'imdb'), ('chart', 'popular')]), ordereddict([('name', 'chart_shared'), ('key', 'popular')])] |
[2022-07-08 01:52:01,256] [builder.py:437]            [DEBUG]    |                                                                                                    |
[2022-07-08 01:52:01,256] [builder.py:438]            [DEBUG]    | Validating Method: sync_mode                                                                       |
[2022-07-08 01:52:01,257] [builder.py:442]            [DEBUG]    | Value: sync                                                                                        |
[2022-07-08 01:52:01,257] [builder.py:582]            [DEBUG]    |                                                                                                    |
[2022-07-08 01:52:01,257] [builder.py:583]            [DEBUG]    | Validating Method: collection_order                                                                |
[2022-07-08 01:52:01,258] [builder.py:584]            [DEBUG]    | Value: custom                                                                                      |
[2022-07-08 01:52:01,258] [builder.py:600]            [DEBUG]    |                                                                                                    |
[2022-07-08 01:52:01,258] [builder.py:604]            [DEBUG]    | Validating Method: imdb_chart                                                                      |
[2022-07-08 01:52:01,259] [builder.py:605]            [DEBUG]    | Value: popular_movies                                                                              |
[2022-07-08 01:52:01,259] [builder.py:600]            [DEBUG]    |                                                                                                    |
[2022-07-08 01:52:01,259] [builder.py:604]            [DEBUG]    | Validating Method: sort_title                                                                      |
[2022-07-08 01:52:01,260] [builder.py:605]            [DEBUG]    | Value: !01_IMDb Popular                                                                            |
[2022-07-08 01:52:01,260] [builder.py:600]            [DEBUG]    |                                                                                                    |
[2022-07-08 01:52:01,260] [builder.py:604]            [DEBUG]    | Validating Method: url_poster                                                                      |
[2022-07-08 01:52:01,260] [builder.py:605]            [DEBUG]    | Value: https://raw.githubusercontent.com/meisnate12/Plex-Meta-Manager-Images/master/chart/IMDb%20Popular.jpg |
[2022-07-08 01:52:02,038] [builder.py:764]            [INFO]     |                                                                                                    |
[2022-07-08 01:52:02,039] [builder.py:765]            [INFO]     | Validation Successful                                                                              |
[2022-07-08 01:52:02,039] [plex_meta_manager.py:539]  [INFO]     |                                                                                                    |
[2022-07-08 01:52:02,039] [plex_meta_manager.py:541]  [INFO]     |================================= Running IMDb Popular Collection ==================================|
[2022-07-08 01:52:02,040] [plex_meta_manager.py:553]  [INFO]     |                                                                                                    |
[2022-07-08 01:52:02,040] [plex_meta_manager.py:554]  [INFO]     | Sync Mode: sync                                                                                    |
[2022-07-08 01:52:02,040] [plex_meta_manager.py:557]  [DEBUG]    |                                                                                                    |
[2022-07-08 01:52:02,041] [plex_meta_manager.py:558]  [DEBUG]    | Builder: imdb_chart: popular_movies                                                                |
[2022-07-08 01:52:02,041] [plex_meta_manager.py:559]  [INFO]     |                                                                                                    |
[2022-07-08 01:52:02,041] [imdb.py:178]               [INFO]     | Processing IMDb Chart: Most Popular Movies                                                         |
[2022-07-08 01:52:03,568] [builder.py:1507]           [DEBUG]    |                                                                                                    |
[2022-07-08 01:52:03,569] [builder.py:1508]           [DEBUG]    | 100 IDs Found: [('tt3704428', 'imdb'), ('tt1745960', 'imdb'), ('tt9419884', 'imdb'), ('tt10648342', 'imdb'), ('tt7144666', 'imdb'), ('tt11671006', 'imdb'), ('tt6467266', 'imdb'), ('tt0092099', 'imdb'), ('tt8041270', 'imdb'), ('tt9783600', 'imdb'), ('tt11909878', 'imdb'), ('tt5113044', 'imdb'), ('tt10298810', 'imdb'), ('tt1517268', 'imdb'), ('tt8009428', 'imdb'), ('tt6710474', 'imdb'), ('tt13841850', 'imdb'), ('tt14549466', 'imdb'), ('tt1877830', 'imdb'), ('tt13406136', 'imdb'), ('tt11138512', 'imdb'), ('tt13449624', 'imdb'), ('tt11291274', 'imdb'), ('tt12004038', 'imdb'), ('tt0068646', 'imdb'), ('tt0107120', 'imdb'), ('tt10954984', 'imdb'), ('tt0884328', 'imdb'), ('tt15521050', 'imdb'), ('tt13560574', 'imdb'), ('tt9411972', 'imdb'), ('tt14043966', 'imdb'), ('tt14145426', 'imdb'), ('tt4123432', 'imdb'), ('tt10872600', 'imdb'), ('tt13249596', 'imdb'), ('tt13352968', 'imdb'), ('tt11242162', 'imdb'), ('tt11703710', 'imdb'), ('tt8115900', 'imdb'), ('tt14109724', 'imdb'), ('tt13919802', 'imdb'), ('tt7131622', 'imdb'), ('tt8178634', 'imdb'), ('tt2382320', 'imdb'), ('tt12593682', 'imdb'), ('tt9639470', 'imdb'), ('tt13320622', 'imdb'), ('tt5108870', 'imdb'), ('tt8323668', 'imdb'), ('tt1649418', 'imdb'), ('tt12262116', 'imdb'), ('tt14376344', 'imdb'), ('tt0107290', 'imdb'), ('tt14866710', 'imdb'), ('tt10886166', 'imdb'), ('tt7657566', 'imdb'), ('tt9179430', 'imdb'), ('tt1464335', 'imdb'), ('tt20256528', 'imdb'), ('tt9263550', 'imdb'), ('tt1160419', 'imdb'), ('tt4513678', 'imdb'), ('tt15090124', 'imdb'), ('tt14174940', 'imdb'), ('tt12412888', 'imdb'), ('tt0111161', 'imdb'), ('tt0076759', 'imdb'), ('tt8772262', 'imdb'), ('tt12545566', 'imdb'), ('tt8550054', 'imdb'), ('tt4998632', 'imdb'), ('tt1396484', 'imdb'), ('tt1211837', 'imdb'), ('tt10954652', 'imdb'), ('tt13640696', 'imdb'), ('tt0120915', 'imdb'), ('tt9032400', 'imdb'), ('tt4154796', 'imdb'), ('tt15791034', 'imdb'), ('tt7466810', 'imdb'), ('tt14502344', 'imdb'), ('tt0993846', 'imdb'), ('tt11214590', 'imdb'), ('tt3501632', 'imdb'), ('tt6920084', 'imdb'), ('tt14814040', 'imdb'), ('tt4881806', 'imdb'), ('tt0468569', 'imdb'), ('tt12873562', 'imdb'), ('tt2322441', 'imdb'), ('tt0369610', 'imdb'), ('tt11552344', 'imdb'), ('tt11827628', 'imdb'), ('tt11271038', 'imdb'), ('tt13904644', 'imdb'), ('tt0075314', 'imdb'), ('tt1375666', 'imdb'), ('tt0120338', 'imdb'), ('tt2582802', 'imdb')] |
[2022-07-08 01:52:03,569] [builder.py:1509]           [DEBUG]    |                                                                                                    |
[2022-07-08 01:52:25,673] [builder.py:1565]           [WARNING]  | Convert Error: No TMDb ID Found for IMDb ID: tt13904644                                            |
[2022-07-08 01:52:25,677] [builder.py:2009]           [INFO]     |                                                                                                    |
[2022-07-08 01:52:25,678] [builder.py:2010]           [INFO]     |================================ Adding to IMDb Popular Collection =================================|
[2022-07-08 01:52:25,679] [builder.py:2011]           [INFO]     |                                                                                                    |
[2022-07-08 01:52:25,680] [builder.py:2025]           [INFO]     | 1/9 | IMDb Popular Collection | + | Sing 2 (2021)                                                  |
[2022-07-08 01:52:25,742] [builder.py:2025]           [INFO]     | 2/9 | IMDb Popular Collection | = | The Godfather (1972)                                           |
[2022-07-08 01:52:25,742] [builder.py:2025]           [INFO]     | 3/9 | IMDb Popular Collection | = | The Shawshank Redemption (1994)                                |
[2022-07-08 01:52:25,743] [builder.py:2025]           [INFO]     | 4/9 | IMDb Popular Collection | = | Star Wars (1977)                                               |
[2022-07-08 01:52:25,743] [builder.py:2025]           [INFO]     | 5/9 | IMDb Popular Collection | + | It (2017)                                                      |
[2022-07-08 01:52:26,654] [builder.py:2025]           [INFO]     | 6/9 | IMDb Popular Collection | + | The Dark Knight (2008)                                         |
[2022-07-08 01:52:27,581] [builder.py:2025]           [INFO]     | 7/9 | IMDb Popular Collection | + | Taxi Driver (1976)                                             |
[2022-07-08 01:52:28,865] [builder.py:2025]           [INFO]     | 8/9 | IMDb Popular Collection | = | Titanic (1997)                                                 |
[2022-07-08 01:52:28,866] [builder.py:2025]           [INFO]     | 9/9 | IMDb Popular Collection | + | Whiplash (2014)                                                |
[2022-07-08 01:52:29,860] [builder.py:2045]           [INFO]     |                                                                                                    |
[2022-07-08 01:52:29,860] [builder.py:2046]           [INFO]     | 9 Movies Processed                                                                                 |
[2022-07-08 01:52:29,861] [builder.py:2054]           [INFO]     |                                                                                                    |
[2022-07-08 01:52:29,861] [builder.py:2055]           [INFO]     |=============================== Removed from IMDb Popular Collection ===============================|
[2022-07-08 01:52:29,862] [builder.py:2056]           [INFO]     |                                                                                                    |
[2022-07-08 01:52:29,862] [builder.py:2061]           [INFO]     | 1/3 | IMDb Popular Collection | - | Goodfellas (1990)                                              |
[2022-07-08 01:52:30,631] [builder.py:2061]           [INFO]     | 2/3 | IMDb Popular Collection | - | Pirates of the Caribbean: The Curse of the Black Pearl (2003)  |
[2022-07-08 01:52:31,311] [builder.py:2061]           [INFO]     | 3/3 | IMDb Popular Collection | - | The Godfather: Part II (1974)                                  |
[2022-07-08 01:52:32,019] [builder.py:2073]           [INFO]     |                                                                                                    |
[2022-07-08 01:52:32,019] [builder.py:2074]           [INFO]     | 3 Movie Removed                                                                                    |
[2022-07-08 01:52:32,020] [builder.py:2172]           [INFO]     |                                                                                                    |
[2022-07-08 01:52:32,020] [builder.py:2173]           [INFO]     |=============================== Missing Movies from Library: Movies ================================|
[2022-07-08 01:52:32,021] [builder.py:2174]           [INFO]     |                                                                                                    |
[2022-07-08 01:52:32,334] [builder.py:2187]           [INFO]     | IMDb Popular Collection | ? | Elvis (2022) (TMDb: 614934)                                          |
[2022-07-08 01:52:32,512] [builder.py:2187]           [INFO]     | IMDb Popular Collection | ? | Top Gun: Maverick (2022) (TMDb: 361743)                              |
[2022-07-08 01:52:32,756] [builder.py:2187]           [INFO]     | IMDb Popular Collection | ? | Doctor Strange in the Multiverse of Madness (2022) (TMDb: 453395)    |
[2022-07-08 01:52:33,002] [builder.py:2187]           [INFO]     | IMDb Popular Collection | ? | Thor: Love and Thunder (2022) (TMDb: 616037)                         |
[2022-07-08 01:52:33,178] [builder.py:2187]           [INFO]     | IMDb Popular Collection | ? | The Black Phone (2022) (TMDb: 756999)                                |
[2022-07-08 01:52:33,378] [builder.py:2187]           [INFO]     | IMDb Popular Collection | ? | The Man From Toronto (2022) (TMDb: 667739)                           |
[2022-07-08 01:52:33,656] [builder.py:2187]           [INFO]     | IMDb Popular Collection | ? | Top Gun (1986) (TMDb: 744)                                           |
[2022-07-08 01:52:33,834] [builder.py:2187]           [INFO]     | IMDb Popular Collection | ? | Jurassic World Dominion (2022) (TMDb: 507086)                        |
[2022-07-08 01:52:34,056] [builder.py:2187]           [INFO]     | IMDb Popular Collection | ? | Spiderhead (2022) (TMDb: 615469)                                     |
[2022-07-08 01:52:34,567] [builder.py:2187]           [INFO]     | IMDb Popular Collection | ? | Hocus Pocus 2 (2022) (TMDb: 642885)                                  |
[2022-07-08 01:52:34,572] [builder.py:2187]           [INFO]     | IMDb Popular Collection | ? | Minions: The Rise of Gru (2022) (TMDb: 438148)                       |
[2022-07-08 01:52:34,786] [builder.py:2187]           [INFO]     | IMDb Popular Collection | ? | Lightyear (2022) (TMDb: 718789)                                      |
[2022-07-08 01:52:35,023] [builder.py:2187]           [INFO]     | IMDb Popular Collection | ? | Barbie (2023) (TMDb: 346698)                                         |
[2022-07-08 01:52:35,290] [builder.py:2187]           [INFO]     | IMDb Popular Collection | ? | Hustle (2022) (TMDb: 705861)                                         |
[2022-07-08 01:52:35,494] [builder.py:2187]           [INFO]     | IMDb Popular Collection | ? | Everything Everywhere All at Once (2022) (TMDb: 545611)              |
[2022-07-08 01:52:35,498] [builder.py:2187]           [INFO]     | IMDb Popular Collection | ? | Men (2022) (TMDb: 780609)                                            |
[2022-07-08 01:52:35,690] [builder.py:2187]           [INFO]     | IMDb Popular Collection | ? | Crimes of the Future (2022) (TMDb: 819876)                           |
[2022-07-08 01:52:35,856] [builder.py:2187]           [INFO]     | IMDb Popular Collection | ? | The Batman (2022) (TMDb: 414906)                                     |
[2022-07-08 01:52:36,127] [builder.py:2187]           [INFO]     | IMDb Popular Collection | ? | The Princess (2022) (TMDb: 759175)                                   |
[2022-07-08 01:52:36,312] [builder.py:2187]           [INFO]     | IMDb Popular Collection | ? | The Northman (2022) (TMDb: 639933)                                   |
[2022-07-08 01:52:37,234] [builder.py:2187]           [INFO]     | IMDb Popular Collection | ? | JugJugg Jeeyo (2022) (TMDb: 765019)                                  |
[2022-07-08 01:52:37,456] [builder.py:2187]           [INFO]     | IMDb Popular Collection | ? | The Unbearable Weight of Massive Talent (2022) (TMDb: 648579)        |
[2022-07-08 01:52:37,645] [builder.py:2187]           [INFO]     | IMDb Popular Collection | ? | Watcher (2022) (TMDb: 807356)                                        |
[2022-07-08 01:52:38,169] [builder.py:2187]           [INFO]     | IMDb Popular Collection | ? | Hocus Pocus (1993) (TMDb: 10439)                                     |
[2022-07-08 01:52:39,346] [builder.py:2187]           [INFO]     | IMDb Popular Collection | ? | Nope (2022) (TMDb: 762504)                                           |
[2022-07-08 01:52:39,567] [builder.py:2187]           [INFO]     | IMDb Popular Collection | ? | The Mist (2007) (TMDb: 5876)                                         |
[2022-07-08 01:52:39,745] [builder.py:2187]           [INFO]     | IMDb Popular Collection | ? | Love & Gelato (2022) (TMDb: 968438)                                  |
[2022-07-08 01:52:40,190] [builder.py:2187]           [INFO]     | IMDb Popular Collection | ? | X (2022) (TMDb: 760104)                                              |
[2022-07-08 01:52:40,412] [builder.py:2187]           [INFO]     | IMDb Popular Collection | ? | Where the Crawdads Sing (2022) (TMDb: 682507)                        |
[2022-07-08 01:52:40,790] [builder.py:2187]           [INFO]     | IMDb Popular Collection | ? | Terror on the Prairie (2022) (TMDb: 884315)                          |
[2022-07-08 01:52:40,994] [builder.py:2187]           [INFO]     | IMDb Popular Collection | ? | Beavis and Butt-Head Do the Universe (2022) (TMDb: 828947)           |
[2022-07-08 01:52:41,235] [builder.py:2187]           [INFO]     | IMDb Popular Collection | ? | Fantastic Beasts: The Secrets of Dumbledore (2022) (TMDb: 338953)    |
[2022-07-08 01:52:41,460] [builder.py:2187]           [INFO]     | IMDb Popular Collection | ? | Spider-Man: No Way Home (2021) (TMDb: 634649)                        |
[2022-07-08 01:52:41,660] [builder.py:2187]           [INFO]     | IMDb Popular Collection | ? | Father of the Bride (2022) (TMDb: 746419)                            |
[2022-07-08 01:52:41,890] [builder.py:2187]           [INFO]     | IMDb Popular Collection | ? | Good Luck to You, Leo Grande (2022) (TMDb: 758330)                   |
[2022-07-08 01:52:42,093] [builder.py:2187]           [INFO]     | IMDb Popular Collection | ? | Rise (2022) (TMDb: 759054)                                           |
[2022-07-08 01:52:42,335] [builder.py:2187]           [INFO]     | IMDb Popular Collection | ? | Downton Abbey: A New Era (2022) (TMDb: 820446)                       |
[2022-07-08 01:52:42,523] [builder.py:2187]           [INFO]     | IMDb Popular Collection | ? | The Bad Guys (2022) (TMDb: 629542)                                   |
[2022-07-08 01:52:43,379] [builder.py:2187]           [INFO]     | IMDb Popular Collection | ? | Ticket to Paradise (2022) (TMDb: 800939)                             |
[2022-07-08 01:52:44,385] [builder.py:2187]           [INFO]     | IMDb Popular Collection | ? | Anek (2022) (TMDb: 888268)                                           |
[2022-07-08 01:52:44,601] [builder.py:2187]           [INFO]     | IMDb Popular Collection | ? | Once Upon a Time… in Hollywood (2019) (TMDb: 466272)                 |
[2022-07-08 01:52:44,801] [builder.py:2187]           [INFO]     | IMDb Popular Collection | ? | RRR (2022) (TMDb: 579974)                                            |
[2022-07-08 01:52:45,026] [builder.py:2187]           [INFO]     | IMDb Popular Collection | ? | No Time to Die (2021) (TMDb: 370172)                                 |
[2022-07-08 01:52:45,234] [builder.py:2187]           [INFO]     | IMDb Popular Collection | ? | Bullet Train (2022) (TMDb: 718930)                                   |
[2022-07-08 01:52:45,401] [builder.py:2187]           [INFO]     | IMDb Popular Collection | ? | Last Night in Soho (2021) (TMDb: 576845)                             |
[2022-07-08 01:52:45,656] [builder.py:2187]           [INFO]     | IMDb Popular Collection | ? | The Lost City (2022) (TMDb: 752623)                                  |
[2022-07-08 01:52:45,845] [builder.py:2187]           [INFO]     | IMDb Popular Collection | ? | Morbius (2022) (TMDb: 526896)                                        |
[2022-07-08 01:52:46,035] [builder.py:2187]           [INFO]     | IMDb Popular Collection | ? | Jerry & Marge Go Large (2022) (TMDb: 843847)                         |
[2022-07-08 01:52:47,101] [builder.py:2187]           [INFO]     | IMDb Popular Collection | ? | The Gray Man (2022) (TMDb: 725201)                                   |
[2022-07-08 01:52:48,179] [builder.py:2187]           [INFO]     | IMDb Popular Collection | ? | Thirteen Lives (2022) (TMDb: 698948)                                 |
[2022-07-08 01:52:48,378] [builder.py:2187]           [INFO]     | IMDb Popular Collection | ? | Cha Cha Real Smooth (2022) (TMDb: 814340)                            |
[2022-07-08 01:52:48,568] [builder.py:2187]           [INFO]     | IMDb Popular Collection | ? | Jurassic Park (1993) (TMDb: 329)                                     |
[2022-07-08 01:52:48,901] [builder.py:2187]           [INFO]     | IMDb Popular Collection | ? | Blasted (2022) (TMDb: 660267)                                        |
[2022-07-08 01:52:49,093] [builder.py:2187]           [INFO]     | IMDb Popular Collection | ? | 365 Days (2020) (TMDb: 664413)                                       |
[2022-07-08 01:52:49,268] [builder.py:2187]           [INFO]     | IMDb Popular Collection | ? | Death on the Nile (2022) (TMDb: 505026)                              |
[2022-07-08 01:52:49,523] [builder.py:2187]           [INFO]     | IMDb Popular Collection | ? | Vikram (2022) (TMDb: 743563)                                         |
[2022-07-08 01:52:49,756] [builder.py:2187]           [INFO]     | IMDb Popular Collection | ? | Uncharted (2022) (TMDb: 335787)                                      |
[2022-07-08 01:52:49,945] [builder.py:2187]           [INFO]     | IMDb Popular Collection | ? | What Is a Woman? (2022) (TMDb: 957258)                               |
[2022-07-08 01:52:50,857] [builder.py:2187]           [INFO]     | IMDb Popular Collection | ? | Rocketry: The Nambi Effect (2022) (TMDb: 607145)                     |
[2022-07-08 01:52:51,034] [builder.py:2187]           [INFO]     | IMDb Popular Collection | ? | Dune (2021) (TMDb: 438631)                                           |
[2022-07-08 01:52:51,212] [builder.py:2187]           [INFO]     | IMDb Popular Collection | ? | Ghostbusters: Afterlife (2021) (TMDb: 425909)                        |
[2022-07-08 01:52:51,401] [builder.py:2187]           [INFO]     | IMDb Popular Collection | ? | Mad God (2022) (TMDb: 846867)                                        |
[2022-07-08 01:52:51,593] [builder.py:2187]           [INFO]     | IMDb Popular Collection | ? | Interceptor (2022) (TMDb: 831946)                                    |
[2022-07-08 01:52:51,793] [builder.py:2187]           [INFO]     | IMDb Popular Collection | ? | Sonic the Hedgehog 2 (2022) (TMDb: 675353)                           |
[2022-07-08 01:52:51,990] [builder.py:2187]           [INFO]     | IMDb Popular Collection | ? | Midsommar (2019) (TMDb: 530385)                                      |
[2022-07-08 01:52:52,879] [builder.py:2187]           [INFO]     | IMDb Popular Collection | ? | Mr. Malcolm's List (2022) (TMDb: 716532)                             |
[2022-07-08 01:52:53,093] [builder.py:2187]           [INFO]     | IMDb Popular Collection | ? | Pleasure (2021) (TMDb: 592695)                                       |
[2022-07-08 01:52:53,301] [builder.py:2187]           [INFO]     | IMDb Popular Collection | ? | Ambulance (2022) (TMDb: 763285)                                      |
[2022-07-08 01:52:53,534] [builder.py:2187]           [INFO]     | IMDb Popular Collection | ? | Doctor Strange (2016) (TMDb: 284052)                                 |
[2022-07-08 01:52:53,801] [builder.py:2187]           [INFO]     | IMDb Popular Collection | ? | Old (2021) (TMDb: 631843)                                            |
[2022-07-08 01:52:54,679] [builder.py:2187]           [INFO]     | IMDb Popular Collection | ? | See How They Run (2022) (TMDb: 766475)                               |
[2022-07-08 01:52:54,901] [builder.py:2187]           [INFO]     | IMDb Popular Collection | ? | Star Wars: Episode I - The Phantom Menace (1999) (TMDb: 1893)        |
[2022-07-08 01:52:55,056] [builder.py:2187]           [INFO]     | IMDb Popular Collection | ? | Eternals (2021) (TMDb: 524434)                                       |
[2022-07-08 01:52:55,234] [builder.py:2187]           [INFO]     | IMDb Popular Collection | ? | Avengers: Endgame (2019) (TMDb: 299534)                              |
[2022-07-08 01:52:56,259] [builder.py:2187]           [INFO]     | IMDb Popular Collection | ? | Barbarian (2022) (TMDb: 913290)                                      |
[2022-07-08 01:52:56,478] [builder.py:2187]           [INFO]     | IMDb Popular Collection | ? | 777 Charlie (2022) (TMDb: 634120)                                    |
[2022-07-08 01:52:57,368] [builder.py:2187]           [INFO]     | IMDb Popular Collection | ? | They/Them (2022) (TMDb: 816977)                                      |
[2022-07-08 01:52:57,601] [builder.py:2187]           [INFO]     | IMDb Popular Collection | ? | The Wolf of Wall Street (2013) (TMDb: 106646)                        |
[2022-07-08 01:52:58,968] [builder.py:2187]           [INFO]     | IMDb Popular Collection | ? | House of Gucci (2021) (TMDb: 644495)                                 |
[2022-07-08 01:52:59,145] [builder.py:2187]           [INFO]     | IMDb Popular Collection | ? | Thor: Ragnarok (2017) (TMDb: 284053)                                 |
[2022-07-08 01:52:59,312] [builder.py:2187]           [INFO]     | IMDb Popular Collection | ? | Resident Evil: Welcome to Raccoon City (2021) (TMDb: 460458)         |
[2022-07-08 01:53:00,159] [builder.py:2187]           [INFO]     | IMDb Popular Collection | ? | Not Okay (2022) (TMDb: 838330)                                       |
[2022-07-08 01:53:00,325] [builder.py:2187]           [INFO]     | IMDb Popular Collection | ? | Jurassic World: Fallen Kingdom (2018) (TMDb: 351286)                 |
[2022-07-08 01:53:01,225] [builder.py:2187]           [INFO]     | IMDb Popular Collection | ? | The Invitation (2022) (TMDb: 830788)                                 |
[2022-07-08 01:53:02,178] [builder.py:2187]           [INFO]     | IMDb Popular Collection | ? | Fifty Shades of Grey (2015) (TMDb: 216015)                           |
[2022-07-08 01:53:02,358] [builder.py:2187]           [INFO]     | IMDb Popular Collection | ? | Jurassic World (2015) (TMDb: 135397)                                 |
[2022-07-08 01:53:02,523] [builder.py:2187]           [INFO]     | IMDb Popular Collection | ? | Murder at Yellowstone City (2022) (TMDb: 974961)                     |
[2022-07-08 01:53:02,725] [builder.py:2187]           [INFO]     | IMDb Popular Collection | ? | Memory (2022) (TMDb: 818397)                                         |
[2022-07-08 01:53:02,917] [builder.py:2187]           [INFO]     | IMDb Popular Collection | ? | Licorice Pizza (2021) (TMDb: 718032)                                 |
[2022-07-08 01:53:03,156] [builder.py:2187]           [INFO]     | IMDb Popular Collection | ? | Inception (2010) (TMDb: 27205)                                       |
[2022-07-08 01:53:03,157] [builder.py:2192]           [INFO]     |                                                                                                    |
[2022-07-08 01:53:03,157] [builder.py:2193]           [INFO]     | 90 Movies Missing                                                                                  |
[2022-07-08 01:53:03,174] [builder.py:2383]           [INFO]     |                                                                                                    |
[2022-07-08 01:53:03,175] [builder.py:2384]           [INFO]     |=========================== Updating Details of IMDb Popular Collection ============================|
[2022-07-08 01:53:03,175] [builder.py:2385]           [INFO]     |                                                                                                    |
[2022-07-08 01:53:03,175] [builder.py:2446]           [INFO]     | Collection Metadata Edits                                                                          |
[2022-07-08 01:53:03,176] [util.py:150]               [DEBUG]    | 1 poster found:                                                                                    |
[2022-07-08 01:53:03,176] [util.py:152]               [DEBUG]    | Method: url_poster Poster: https://raw.githubusercontent.com/meisnate12/Plex-Meta-Manager-Images/master/chart/IMDb%20Popular.jpg |
[2022-07-08 01:53:03,345] [library.py:153]            [INFO]     | Detail: url_poster updated poster to [URL] https://raw.githubusercontent.com/meisnate12/Plex-Meta-Manager-Images/master/chart/IMDb%20Popular.jpg |
[2022-07-08 01:53:03,905] [builder.py:2529]           [INFO]     |                                                                                                    |
[2022-07-08 01:53:03,910] [builder.py:2530]           [INFO]     |================================= Sorting IMDb Popular Collection ==================================|
[2022-07-08 01:53:03,911] [builder.py:2531]           [INFO]     |                                                                                                    |
[2022-07-08 01:53:03,911] [builder.py:2547]           [INFO]     | Moving Sing 2 (2021) to the beginning                                                              |
[2022-07-08 01:53:03,994] [builder.py:2547]           [INFO]     | Moving The Godfather (1972) after Sing 2 (2021)                                                    |
[2022-07-08 01:53:04,086] [builder.py:2547]           [INFO]     | Moving The Shawshank Redemption (1994) after The Godfather (1972)                                  |
[2022-07-08 01:53:04,172] [builder.py:2547]           [INFO]     | Moving It (2017) after Star Wars (1977)                                                            |
[2022-07-08 01:53:04,253] [builder.py:2547]           [INFO]     | Moving The Dark Knight (2008) after It (2017)                                                      |
[2022-07-08 01:53:04,335] [builder.py:2547]           [INFO]     | Moving Taxi Driver (1976) after The Dark Knight (2008)                                             |
[2022-07-08 01:53:04,416] [builder.py:2547]           [INFO]     | Moving Titanic (1997) after Taxi Driver (1976)                                                     |
[2022-07-08 01:53:04,496] [builder.py:2547]           [INFO]     | Moving Whiplash (2014) after Titanic (1997)                                                        |
[2022-07-08 01:53:04,576] [plex_meta_manager.py:674]  [INFO]     |                                                                                                    |
[2022-07-08 01:53:04,577] [plex_meta_manager.py:675]  [INFO]     |====================================================================================================|
[2022-07-08 01:53:04,577] [plex_meta_manager.py:675]  [INFO]     |                                  Finished IMDb Popular Collection                                  |
[2022-07-08 01:53:04,578] [plex_meta_manager.py:675]  [INFO]     |                                    Collection Run Time: 0:01:03                                    |
[2022-07-08 01:53:04,578] [plex_meta_manager.py:675]  [INFO]     |====================================================================================================|
