[2022-07-08 03:04:26,199] [builder.py:185]            [INFO]     |====================================================================================================|
[2022-07-08 03:04:26,199] [builder.py:185]            [INFO]     |                              Best of 1990s Collection in ....TV Shows                              |
[2022-07-08 03:04:26,200] [builder.py:185]            [INFO]     |====================================================================================================|
[2022-07-08 03:04:26,200] [builder.py:186]            [INFO]     |                                                                                                    |
[2022-07-08 03:04:26,201] [builder.py:191]            [INFO]     |=============================== Validating Best of 1990s Attributes ================================|
[2022-07-08 03:04:26,201] [builder.py:212]            [DEBUG]    |                                                                                                    |
[2022-07-08 03:04:26,201] [builder.py:213]            [DEBUG]    | Validating Method: template                                                                        |
[2022-07-08 03:04:26,201] [meta.py:103]               [DEBUG]    | Value: [{'value': [1999, 1997, 1991, 1995, 1990, 1992], 'decade': [1999, 1997, 1991, 1995, 1990, 1992], 'key_name': '1990', 'key': '1990', 'name': 'decade_dynamic'}, {'value': [1999, 1997, 1991, 1995, 1990, 1992], 'decade': [1999, 1997, 1991, 1995, 1990, 1992], 'key_name': '1990', 'key': '1990', 'name': 'shared'}] |
[2022-07-08 03:04:26,204] [builder.py:1675]           [INFO]     |                                                                                                    |
[2022-07-08 03:04:26,205] [builder.py:1676]           [INFO]     | Validating Method: smart_filter                                                                    |
[2022-07-08 03:04:26,205] [builder.py:1682]           [DEBUG]    | Value: {'sort_by': 'critic_rating.desc', 'any': {'year': [1999, 1997, 1991, 1995, 1990, 1992]}, 'limit': 100} |
[2022-07-08 03:04:26,206] [builder.py:600]            [DEBUG]    |                                                                                                    |
[2022-07-08 03:04:26,206] [builder.py:604]            [DEBUG]    | Validating Method: label                                                                           |
[2022-07-08 03:04:26,206] [builder.py:605]            [DEBUG]    | Value: Decade                                                                                      |
[2022-07-08 03:04:26,207] [builder.py:600]            [DEBUG]    |                                                                                                    |
[2022-07-08 03:04:26,207] [builder.py:604]            [DEBUG]    | Validating Method: url_poster                                                                      |
[2022-07-08 03:04:26,207] [builder.py:605]            [DEBUG]    | Value: https://raw.githubusercontent.com/meisnate12/Plex-Meta-Manager-Images/master/decade/best/1990.jpg |
[2022-07-08 03:04:26,508] [builder.py:600]            [DEBUG]    |                                                                                                    |
[2022-07-08 03:04:26,509] [builder.py:604]            [DEBUG]    | Validating Method: sort_title                                                                      |
[2022-07-08 03:04:26,509] [builder.py:605]            [DEBUG]    | Value: !12_Best of 1990s                                                                           |
[2022-07-08 03:04:26,599] [builder.py:764]            [INFO]     |                                                                                                    |
[2022-07-08 03:04:26,599] [builder.py:765]            [INFO]     | Validation Successful                                                                              |
[2022-07-08 03:04:26,600] [plex_meta_manager.py:539]  [INFO]     |                                                                                                    |
[2022-07-08 03:04:26,600] [plex_meta_manager.py:541]  [INFO]     |================================= Running Best of 1990s Collection =================================|
[2022-07-08 03:04:26,600] [plex_meta_manager.py:547]  [INFO]     |                                                                                                    |
[2022-07-08 03:04:26,601] [plex_meta_manager.py:548]  [INFO]     | Smart Show Filter                                                                                  |
                                                                 | Sort By: critic_rating.desc
                                                                 | Limit: 100
                                                                 | Filter:
                                                                 |   Match any of the following:
                                                                 |     Year is 1999
                                                                 |     Year is 1997
                                                                 |     Year is 1991
                                                                 |     Year is 1995
                                                                 |     Year is 1990
                                                                 |     Year is 1992
[2022-07-08 03:04:26,674] [builder.py:2383]           [INFO]     | 
[2022-07-08 03:04:26,675] [builder.py:2384]           [INFO]     |=========================== Updating Details of Best of 1990s Collection ===========================|
[2022-07-08 03:04:26,675] [builder.py:2385]           [INFO]     |                                                                                                    |
[2022-07-08 03:04:26,699] [builder.py:2446]           [INFO]     | Collection Metadata Edits                                                                          |
[2022-07-08 03:04:26,700] [util.py:150]               [DEBUG]    | 1 poster found:                                                                                    |
[2022-07-08 03:04:26,700] [util.py:152]               [DEBUG]    | Method: url_poster Poster: https://raw.githubusercontent.com/meisnate12/Plex-Meta-Manager-Images/master/decade/best/1990.jpg |
[2022-07-08 03:04:26,978] [library.py:153]            [INFO]     | Detail: url_poster updated poster to [URL] https://raw.githubusercontent.com/meisnate12/Plex-Meta-Manager-Images/master/decade/best/1990.jpg |
[2022-07-08 03:04:27,466] [plex_meta_manager.py:674]  [INFO]     |                                                                                                    |
[2022-07-08 03:04:27,467] [plex_meta_manager.py:675]  [INFO]     |====================================================================================================|
[2022-07-08 03:04:27,467] [plex_meta_manager.py:675]  [INFO]     |                                 Finished Best of 1990s Collection                                  |
[2022-07-08 03:04:27,468] [plex_meta_manager.py:675]  [INFO]     |                                    Collection Run Time: 0:00:01                                    |
[2022-07-08 03:04:27,468] [plex_meta_manager.py:675]  [INFO]     |====================================================================================================|
