[2022-07-08 01:20:44,143] [builder.py:185]            [INFO]     |====================================================================================================|
[2022-07-08 01:20:44,144] [builder.py:185]            [INFO]     |                                   Oscar最佳电影 Collection in Movies                                   |
[2022-07-08 01:20:44,145] [builder.py:185]            [INFO]     |====================================================================================================|
[2022-07-08 01:20:44,145] [builder.py:186]            [INFO]     |                                                                                                    |
[2022-07-08 01:20:44,145] [builder.py:191]            [INFO]     |================================= Validating Oscar最佳电影 Attributes ==================================|
[2022-07-08 01:20:44,146] [builder.py:437]            [DEBUG]    |                                                                                                    |
[2022-07-08 01:20:44,146] [builder.py:438]            [DEBUG]    | Validating Method: sync_mode                                                                       |
[2022-07-08 01:20:44,146] [builder.py:442]            [DEBUG]    | Value: sync                                                                                        |
[2022-07-08 01:20:44,147] [builder.py:582]            [DEBUG]    |                                                                                                    |
[2022-07-08 01:20:44,147] [builder.py:583]            [DEBUG]    | Validating Method: collection_order                                                                |
[2022-07-08 01:20:44,147] [builder.py:584]            [DEBUG]    | Value: custom                                                                                      |
[2022-07-08 01:20:44,147] [builder.py:600]            [DEBUG]    |                                                                                                    |
[2022-07-08 01:20:44,148] [builder.py:604]            [DEBUG]    | Validating Method: trakt_list                                                                      |
[2022-07-08 01:20:44,148] [builder.py:605]            [DEBUG]    | Value: https://trakt.tv/users/bpsim/lists/oscars-best-picture                                      |
[2022-07-08 01:20:45,147] [builder.py:600]            [DEBUG]    |                                                                                                    |
[2022-07-08 01:20:45,147] [builder.py:604]            [DEBUG]    | Validating Method: url_poster                                                                      |
[2022-07-08 01:20:45,147] [builder.py:605]            [DEBUG]    | Value: https://m.media-amazon.com/images/I/81nuEa5PnnL._AC_SL1500_.jpg                             |
[2022-07-08 01:20:47,728] [builder.py:764]            [INFO]     |                                                                                                    |
[2022-07-08 01:20:47,729] [builder.py:765]            [INFO]     | Validation Successful                                                                              |
[2022-07-08 01:20:47,731] [plex_meta_manager.py:539]  [INFO]     |                                                                                                    |
[2022-07-08 01:20:47,731] [plex_meta_manager.py:541]  [INFO]     |=================================== Running Oscar最佳电影 Collection ===================================|
[2022-07-08 01:20:47,732] [plex_meta_manager.py:553]  [INFO]     |                                                                                                    |
[2022-07-08 01:20:47,732] [plex_meta_manager.py:554]  [INFO]     | Sync Mode: sync                                                                                    |
[2022-07-08 01:20:47,732] [plex_meta_manager.py:557]  [DEBUG]    |                                                                                                    |
[2022-07-08 01:20:47,733] [plex_meta_manager.py:558]  [DEBUG]    | Builder: trakt_list: https://trakt.tv/users/bpsim/lists/oscars-best-picture                        |
[2022-07-08 01:20:47,733] [plex_meta_manager.py:559]  [INFO]     |                                                                                                    |
[2022-07-08 01:20:47,733] [trakt.py:482]              [INFO]     | Processing Trakt List: https://trakt.tv/users/bpsim/lists/oscars-best-picture                      |
[2022-07-08 01:20:48,735] [builder.py:1507]           [DEBUG]    |                                                                                                    |
[2022-07-08 01:20:48,736] [builder.py:1508]           [DEBUG]    | 94 IDs Found: [(776503, 'tmdb'), (581734, 'tmdb'), (496243, 'tmdb'), (490132, 'tmdb'), (399055, 'tmdb'), (376867, 'tmdb'), (314365, 'tmdb'), (194662, 'tmdb'), (76203, 'tmdb'), (68734, 'tmdb'), (74643, 'tmdb'), (45269, 'tmdb'), (12162, 'tmdb'), (12405, 'tmdb'), (6977, 'tmdb'), (1422, 'tmdb'), (1640, 'tmdb'), (70, 'tmdb'), (122, 'tmdb'), (1574, 'tmdb'), (453, 'tmdb'), (98, 'tmdb'), (14, 'tmdb'), (1934, 'tmdb'), (597, 'tmdb'), (409, 'tmdb'), (197, 'tmdb'), (13, 'tmdb'), (424, 'tmdb'), (33, 'tmdb'), (274, 'tmdb'), (581, 'tmdb'), (403, 'tmdb'), (380, 'tmdb'), (746, 'tmdb'), (792, 'tmdb'), (606, 'tmdb'), (279, 'tmdb'), (11050, 'tmdb'), (783, 'tmdb'), (9443, 'tmdb'), (16619, 'tmdb'), (12102, 'tmdb'), (11778, 'tmdb'), (703, 'tmdb'), (1366, 'tmdb'), (510, 'tmdb'), (240, 'tmdb'), (9277, 'tmdb'), (238, 'tmdb'), (1051, 'tmdb'), (11202, 'tmdb'), (3116, 'tmdb'), (17917, 'tmdb'), (10633, 'tmdb'), (874, 'tmdb'), (15121, 'tmdb'), (11113, 'tmdb'), (5769, 'tmdb'), (947, 'tmdb'), (1725, 'tmdb'), (284, 'tmdb'), (665, 'tmdb'), (17281, 'tmdb'), (826, 'tmdb'), (2897, 'tmdb'), (15919, 'tmdb'), (654, 'tmdb'), (11426, 'tmdb'), (27191, 'tmdb'), (2769, 'tmdb'), (705, 'tmdb'), (25430, 'tmdb'), (23383, 'tmdb'), (33667, 'tmdb'), (887, 'tmdb'), (28580, 'tmdb'), (17661, 'tmdb'), (289, 'tmdb'), (27367, 'tmdb'), (43266, 'tmdb'), (223, 'tmdb'), (770, 'tmdb'), (34106, 'tmdb'), (43278, 'tmdb'), (43277, 'tmdb'), (11085, 'tmdb'), (3078, 'tmdb'), (56164, 'tmdb'), (33680, 'tmdb'), (42861, 'tmdb'), (143, 'tmdb'), (65203, 'tmdb'), (28966, 'tmdb')] |
[2022-07-08 01:20:48,736] [builder.py:1509]           [DEBUG]    |                                                                                                    |
[2022-07-08 01:20:48,777] [builder.py:2009]           [INFO]     |                                                                                                    |
[2022-07-08 01:20:48,778] [builder.py:2010]           [INFO]     |================================== Adding to Oscar最佳电影 Collection ==================================|
[2022-07-08 01:20:48,778] [builder.py:2011]           [INFO]     |                                                                                                    |
[2022-07-08 01:20:48,779] [builder.py:2025]           [INFO]     |  1/79 | Oscar最佳电影 Collection | = | Nomadland (2020)                                                |
[2022-07-08 01:20:48,780] [builder.py:2025]           [INFO]     |  2/79 | Oscar最佳电影 Collection | = | Argo (2012)                                                     |
[2022-07-08 01:20:48,781] [builder.py:2025]           [INFO]     |  3/79 | Oscar最佳电影 Collection | = | The King's Speech (2010)                                        |
[2022-07-08 01:20:48,783] [builder.py:2025]           [INFO]     |  4/79 | Oscar最佳电影 Collection | = | The Hurt Locker (2008)                                          |
[2022-07-08 01:20:48,784] [builder.py:2025]           [INFO]     |  5/79 | Oscar最佳电影 Collection | = | Slumdog Millionaire (2008)                                      |
[2022-07-08 01:20:48,785] [builder.py:2025]           [INFO]     |  6/79 | Oscar最佳电影 Collection | = | No Country for Old Men (2007)                                   |
[2022-07-08 01:20:48,785] [builder.py:2025]           [INFO]     |  7/79 | Oscar最佳电影 Collection | = | The Departed (2006)                                             |
[2022-07-08 01:20:48,786] [builder.py:2025]           [INFO]     |  8/79 | Oscar最佳电影 Collection | = | Crash (2004)                                                    |
[2022-07-08 01:20:48,787] [builder.py:2025]           [INFO]     |  9/79 | Oscar最佳电影 Collection | = | Million Dollar Baby (2004)                                      |
[2022-07-08 01:20:48,788] [builder.py:2025]           [INFO]     | 10/79 | Oscar最佳电影 Collection | = | The Lord of the Rings: The Return of the King (2003)            |
[2022-07-08 01:20:48,789] [builder.py:2025]           [INFO]     | 11/79 | Oscar最佳电影 Collection | = | Chicago (2002)                                                  |
[2022-07-08 01:20:48,790] [builder.py:2025]           [INFO]     | 12/79 | Oscar最佳电影 Collection | = | A Beautiful Mind (2001)                                         |
[2022-07-08 01:20:48,791] [builder.py:2025]           [INFO]     | 13/79 | Oscar最佳电影 Collection | = | Gladiator (2000)                                                |
[2022-07-08 01:20:48,791] [builder.py:2025]           [INFO]     | 14/79 | Oscar最佳电影 Collection | = | American Beauty (1999)                                          |
[2022-07-08 01:20:48,792] [builder.py:2025]           [INFO]     | 15/79 | Oscar最佳电影 Collection | = | Shakespeare in Love (1998)                                      |
[2022-07-08 01:20:48,793] [builder.py:2025]           [INFO]     | 16/79 | Oscar最佳电影 Collection | = | Titanic (1997)                                                  |
[2022-07-08 01:20:48,794] [builder.py:2025]           [INFO]     | 17/79 | Oscar最佳电影 Collection | = | The English Patient (1996)                                      |
[2022-07-08 01:20:48,795] [builder.py:2025]           [INFO]     | 18/79 | Oscar最佳电影 Collection | = | Braveheart (1995)                                               |
[2022-07-08 01:20:48,796] [builder.py:2025]           [INFO]     | 19/79 | Oscar最佳电影 Collection | = | Forrest Gump (1994)                                             |
[2022-07-08 01:20:48,797] [builder.py:2025]           [INFO]     | 20/79 | Oscar最佳电影 Collection | = | Schindler's List (1993)                                         |
[2022-07-08 01:20:48,798] [builder.py:2025]           [INFO]     | 21/79 | Oscar最佳电影 Collection | = | Unforgiven (1992)                                               |
[2022-07-08 01:20:48,799] [builder.py:2025]           [INFO]     | 22/79 | Oscar最佳电影 Collection | = | The Silence of the Lambs (1991)                                 |
[2022-07-08 01:20:48,800] [builder.py:2025]           [INFO]     | 23/79 | Oscar最佳电影 Collection | = | Dances with Wolves (1990)                                       |
[2022-07-08 01:20:48,801] [builder.py:2025]           [INFO]     | 24/79 | Oscar最佳电影 Collection | = | Driving Miss Daisy (1989)                                       |
[2022-07-08 01:20:48,803] [builder.py:2025]           [INFO]     | 25/79 | Oscar最佳电影 Collection | = | Rain Man (1988)                                                 |
[2022-07-08 01:20:48,804] [builder.py:2025]           [INFO]     | 26/79 | Oscar最佳电影 Collection | = | The Last Emperor (1987)                                         |
[2022-07-08 01:20:48,805] [builder.py:2025]           [INFO]     | 27/79 | Oscar最佳电影 Collection | = | Platoon (1986)                                                  |
[2022-07-08 01:20:48,806] [builder.py:2025]           [INFO]     | 28/79 | Oscar最佳电影 Collection | = | Out of Africa (1985)                                            |
[2022-07-08 01:20:48,807] [builder.py:2025]           [INFO]     | 29/79 | Oscar最佳电影 Collection | = | Amadeus (1984)                                                  |
[2022-07-08 01:20:48,808] [builder.py:2025]           [INFO]     | 30/79 | Oscar最佳电影 Collection | = | Terms of Endearment (1983)                                      |
[2022-07-08 01:20:48,809] [builder.py:2025]           [INFO]     | 31/79 | Oscar最佳电影 Collection | = | Gandhi (1982)                                                   |
[2022-07-08 01:20:48,810] [builder.py:2025]           [INFO]     | 32/79 | Oscar最佳电影 Collection | = | Chariots of Fire (1981)                                         |
[2022-07-08 01:20:48,812] [builder.py:2025]           [INFO]     | 33/79 | Oscar最佳电影 Collection | = | Ordinary People (1980)                                          |
[2022-07-08 01:20:48,813] [builder.py:2025]           [INFO]     | 34/79 | Oscar最佳电影 Collection | = | Kramer vs. Kramer (1979)                                        |
[2022-07-08 01:20:48,814] [builder.py:2025]           [INFO]     | 35/79 | Oscar最佳电影 Collection | = | The Deer Hunter (1978)                                          |
[2022-07-08 01:20:48,815] [builder.py:2025]           [INFO]     | 36/79 | Oscar最佳电影 Collection | = | Annie Hall (1977)                                               |
[2022-07-08 01:20:48,816] [builder.py:2025]           [INFO]     | 37/79 | Oscar最佳电影 Collection | = | Rocky (1976)                                                    |
[2022-07-08 01:20:48,817] [builder.py:2025]           [INFO]     | 38/79 | Oscar最佳电影 Collection | = | One Flew Over the Cuckoo's Nest (1975)                          |
[2022-07-08 01:20:48,818] [builder.py:2025]           [INFO]     | 39/79 | Oscar最佳电影 Collection | = | The Godfather: Part II (1974)                                   |
[2022-07-08 01:20:48,819] [builder.py:2025]           [INFO]     | 40/79 | Oscar最佳电影 Collection | = | The Sting (1973)                                                |
[2022-07-08 01:20:48,820] [builder.py:2025]           [INFO]     | 41/79 | Oscar最佳电影 Collection | = | The Godfather (1972)                                            |
[2022-07-08 01:20:48,821] [builder.py:2025]           [INFO]     | 42/79 | Oscar最佳电影 Collection | = | The French Connection (1971)                                    |
[2022-07-08 01:20:48,823] [builder.py:2025]           [INFO]     | 43/79 | Oscar最佳电影 Collection | = | Patton (1970)                                                   |
[2022-07-08 01:20:48,825] [builder.py:2025]           [INFO]     | 44/79 | Oscar最佳电影 Collection | = | Midnight Cowboy (1969)                                          |
[2022-07-08 01:20:48,826] [builder.py:2025]           [INFO]     | 45/79 | Oscar最佳电影 Collection | = | Oliver! (1968)                                                  |
[2022-07-08 01:20:48,828] [builder.py:2025]           [INFO]     | 46/79 | Oscar最佳电影 Collection | = | In the Heat of the Night (1967)                                 |
[2022-07-08 01:20:48,830] [builder.py:2025]           [INFO]     | 47/79 | Oscar最佳电影 Collection | = | A Man for All Seasons (1966)                                    |
[2022-07-08 01:20:48,831] [builder.py:2025]           [INFO]     | 48/79 | Oscar最佳电影 Collection | = | The Sound of Music (1965)                                       |
[2022-07-08 01:20:48,833] [builder.py:2025]           [INFO]     | 49/79 | Oscar最佳电影 Collection | = | My Fair Lady (1964)                                             |
[2022-07-08 01:20:48,834] [builder.py:2025]           [INFO]     | 50/79 | Oscar最佳电影 Collection | = | Tom Jones (1963)                                                |
[2022-07-08 01:20:48,836] [builder.py:2025]           [INFO]     | 51/79 | Oscar最佳电影 Collection | = | Lawrence of Arabia (1962)                                       |
[2022-07-08 01:20:48,837] [builder.py:2025]           [INFO]     | 52/79 | Oscar最佳电影 Collection | = | West Side Story (1961)                                          |
[2022-07-08 01:20:48,838] [builder.py:2025]           [INFO]     | 53/79 | Oscar最佳电影 Collection | = | The Apartment (1960)                                            |
[2022-07-08 01:20:48,838] [builder.py:2025]           [INFO]     | 54/79 | Oscar最佳电影 Collection | = | Ben-Hur (1959)                                                  |
[2022-07-08 01:20:48,840] [builder.py:2025]           [INFO]     | 55/79 | Oscar最佳电影 Collection | = | Gigi (1958)                                                     |
[2022-07-08 01:20:48,841] [builder.py:2025]           [INFO]     | 56/79 | Oscar最佳电影 Collection | = | The Bridge on the River Kwai (1957)                             |
[2022-07-08 01:20:48,842] [builder.py:2025]           [INFO]     | 57/79 | Oscar最佳电影 Collection | = | Marty (1955)                                                    |
[2022-07-08 01:20:48,843] [builder.py:2025]           [INFO]     | 58/79 | Oscar最佳电影 Collection | = | On the Waterfront (1954)                                        |
[2022-07-08 01:20:48,845] [builder.py:2025]           [INFO]     | 59/79 | Oscar最佳电影 Collection | = | From Here to Eternity (1953)                                    |
[2022-07-08 01:20:48,846] [builder.py:2025]           [INFO]     | 60/79 | Oscar最佳电影 Collection | = | The Greatest Show on Earth (1952)                               |
[2022-07-08 01:20:48,848] [builder.py:2025]           [INFO]     | 61/79 | Oscar最佳电影 Collection | = | All About Eve (1950)                                            |
[2022-07-08 01:20:48,849] [builder.py:2025]           [INFO]     | 62/79 | Oscar最佳电影 Collection | = | Gentleman's Agreement (1947)                                    |
[2022-07-08 01:20:48,850] [builder.py:2025]           [INFO]     | 63/79 | Oscar最佳电影 Collection | = | The Best Years of Our Lives (1946)                              |
[2022-07-08 01:20:48,852] [builder.py:2025]           [INFO]     | 64/79 | Oscar最佳电影 Collection | = | The Lost Weekend (1945)                                         |
[2022-07-08 01:20:48,854] [builder.py:2025]           [INFO]     | 65/79 | Oscar最佳电影 Collection | = | Going My Way (1944)                                             |
[2022-07-08 01:20:48,855] [builder.py:2025]           [INFO]     | 66/79 | Oscar最佳电影 Collection | = | Casablanca (1942)                                               |
[2022-07-08 01:20:48,857] [builder.py:2025]           [INFO]     | 67/79 | Oscar最佳电影 Collection | = | Mrs. Miniver (1942)                                             |
[2022-07-08 01:20:48,859] [builder.py:2025]           [INFO]     | 68/79 | Oscar最佳电影 Collection | = | How Green Was My Valley (1941)                                  |
[2022-07-08 01:20:48,860] [builder.py:2025]           [INFO]     | 69/79 | Oscar最佳电影 Collection | = | Rebecca (1940)                                                  |
[2022-07-08 01:20:48,861] [builder.py:2025]           [INFO]     | 70/79 | Oscar最佳电影 Collection | = | Gone with the Wind (1939)                                       |
[2022-07-08 01:20:48,863] [builder.py:2025]           [INFO]     | 71/79 | Oscar最佳电影 Collection | = | You Can't Take It with You (1938)                               |
[2022-07-08 01:20:48,865] [builder.py:2025]           [INFO]     | 72/79 | Oscar最佳电影 Collection | = | The Life of Emile Zola (1937)                                   |
[2022-07-08 01:20:48,867] [builder.py:2025]           [INFO]     | 73/79 | Oscar最佳电影 Collection | = | The Great Ziegfeld (1936)                                       |
[2022-07-08 01:20:48,868] [builder.py:2025]           [INFO]     | 74/79 | Oscar最佳电影 Collection | = | It Happened One Night (1934)                                    |
[2022-07-08 01:20:48,870] [builder.py:2025]           [INFO]     | 75/79 | Oscar最佳电影 Collection | = | Cavalcade (1933)                                                |
[2022-07-08 01:20:48,872] [builder.py:2025]           [INFO]     | 76/79 | Oscar最佳电影 Collection | = | Grand Hotel (1932)                                              |
[2022-07-08 01:20:48,874] [builder.py:2025]           [INFO]     | 77/79 | Oscar最佳电影 Collection | = | Cimarron (1931)                                                 |
[2022-07-08 01:20:48,876] [builder.py:2025]           [INFO]     | 78/79 | Oscar最佳电影 Collection | = | All Quiet on the Western Front (1930)                           |
[2022-07-08 01:20:48,878] [builder.py:2025]           [INFO]     | 79/79 | Oscar最佳电影 Collection | = | The Broadway Melody (1929)                                      |
[2022-07-08 01:20:48,879] [builder.py:2045]           [INFO]     |                                                                                                    |
[2022-07-08 01:20:48,879] [builder.py:2046]           [INFO]     | 79 Movies Processed                                                                                |
[2022-07-08 01:20:48,880] [builder.py:2172]           [INFO]     |                                                                                                    |
[2022-07-08 01:20:48,880] [builder.py:2173]           [INFO]     |=============================== Missing Movies from Library: Movies ================================|
[2022-07-08 01:20:48,880] [builder.py:2174]           [INFO]     |                                                                                                    |
[2022-07-08 01:20:50,489] [builder.py:2187]           [INFO]     | Oscar最佳电影 Collection | ? | CODA (2021) (TMDb: 776503)                                              |
[2022-07-08 01:20:50,731] [builder.py:2187]           [INFO]     | Oscar最佳电影 Collection | ? | Parasite (2019) (TMDb: 496243)                                          |
[2022-07-08 01:20:50,909] [builder.py:2187]           [INFO]     | Oscar最佳电影 Collection | ? | Green Book (2018) (TMDb: 490132)                                        |
[2022-07-08 01:20:51,105] [builder.py:2187]           [INFO]     | Oscar最佳电影 Collection | ? | The Shape of Water (2017) (TMDb: 399055)                                |
[2022-07-08 01:20:52,377] [builder.py:2187]           [INFO]     | Oscar最佳电影 Collection | ? | Moonlight (2016) (TMDb: 376867)                                         |
[2022-07-08 01:20:52,586] [builder.py:2187]           [INFO]     | Oscar最佳电影 Collection | ? | Spotlight (2015) (TMDb: 314365)                                         |
[2022-07-08 01:20:52,786] [builder.py:2187]           [INFO]     | Oscar最佳电影 Collection | ? | Birdman or (The Unexpected Virtue of Ignorance) (2014) (TMDb: 194662)   |
[2022-07-08 01:20:52,964] [builder.py:2187]           [INFO]     | Oscar最佳电影 Collection | ? | 12 Years a Slave (2013) (TMDb: 76203)                                   |
[2022-07-08 01:20:53,220] [builder.py:2187]           [INFO]     | Oscar最佳电影 Collection | ? | The Artist (2011) (TMDb: 74643)                                         |
[2022-07-08 01:20:53,397] [builder.py:2187]           [INFO]     | Oscar最佳电影 Collection | ? | Around the World in Eighty Days (1956) (TMDb: 2897)                     |
[2022-07-08 01:20:54,399] [builder.py:2187]           [INFO]     | Oscar最佳电影 Collection | ? | An American in Paris (1951) (TMDb: 2769)                                |
[2022-07-08 01:20:54,586] [builder.py:2187]           [INFO]     | Oscar最佳电影 Collection | ? | All the King's Men (1949) (TMDb: 25430)                                 |
[2022-07-08 01:20:55,589] [builder.py:2187]           [INFO]     | Oscar最佳电影 Collection | ? | Hamlet (1948) (TMDb: 23383)                                             |
[2022-07-08 01:20:55,813] [builder.py:2187]           [INFO]     | Oscar最佳电影 Collection | ? | Mutiny on the Bounty (1962) (TMDb: 11085)                               |
[2022-07-08 01:20:56,046] [builder.py:2187]           [INFO]     | Oscar最佳电影 Collection | ? | Wings (1927) (TMDb: 28966)                                              |
[2022-07-08 01:20:56,047] [builder.py:2192]           [INFO]     |                                                                                                    |
[2022-07-08 01:20:56,048] [builder.py:2193]           [INFO]     | 15 Movies Missing                                                                                  |
[2022-07-08 01:20:56,069] [builder.py:2383]           [INFO]     |                                                                                                    |
[2022-07-08 01:20:56,069] [builder.py:2384]           [INFO]     |============================= Updating Details of Oscar最佳电影 Collection =============================|
[2022-07-08 01:20:56,070] [builder.py:2385]           [INFO]     |                                                                                                    |
[2022-07-08 01:20:56,070] [builder.py:2446]           [INFO]     | Collection Metadata Edits                                                                          |
[2022-07-08 01:20:56,071] [util.py:150]               [DEBUG]    | 1 poster found:                                                                                    |
[2022-07-08 01:20:56,071] [util.py:152]               [DEBUG]    | Method: url_poster Poster: https://m.media-amazon.com/images/I/81nuEa5PnnL._AC_SL1500_.jpg         |
[2022-07-08 01:20:56,874] [library.py:155]            [INFO]     | Detail: poster update not needed                                                                   |
[2022-07-08 01:20:58,741] [builder.py:2529]           [INFO]     |                                                                                                    |
[2022-07-08 01:20:58,742] [builder.py:2530]           [INFO]     |=================================== Sorting Oscar最佳电影 Collection ===================================|
[2022-07-08 01:20:58,742] [builder.py:2531]           [INFO]     |                                                                                                    |
[2022-07-08 01:20:58,742] [builder.py:2547]           [INFO]     | Moving Nomadland (2020) to the beginning                                                           |
[2022-07-08 01:20:59,204] [builder.py:2547]           [INFO]     | Moving Argo (2012) after Nomadland (2020)                                                          |
[2022-07-08 01:20:59,533] [builder.py:2547]           [INFO]     | Moving The King's Speech (2010) after Argo (2012)                                                  |
[2022-07-08 01:20:59,868] [builder.py:2547]           [INFO]     | Moving The Hurt Locker (2008) after The King's Speech (2010)                                       |
[2022-07-08 01:21:00,207] [builder.py:2547]           [INFO]     | Moving Slumdog Millionaire (2008) after The Hurt Locker (2008)                                     |
[2022-07-08 01:21:00,540] [builder.py:2547]           [INFO]     | Moving No Country for Old Men (2007) after Slumdog Millionaire (2008)                              |
[2022-07-08 01:21:00,870] [builder.py:2547]           [INFO]     | Moving The Departed (2006) after No Country for Old Men (2007)                                     |
[2022-07-08 01:21:01,198] [builder.py:2547]           [INFO]     | Moving Crash (2004) after The Departed (2006)                                                      |
[2022-07-08 01:21:01,533] [builder.py:2547]           [INFO]     | Moving Million Dollar Baby (2004) after Crash (2004)                                               |
[2022-07-08 01:21:01,995] [builder.py:2547]           [INFO]     | Moving The Lord of the Rings: The Return of the King (2003) after Million Dollar Baby (2004)       |
[2022-07-08 01:21:02,319] [builder.py:2547]           [INFO]     | Moving Chicago (2002) after The Lord of the Rings: The Return of the King (2003)                   |
[2022-07-08 01:21:02,641] [builder.py:2547]           [INFO]     | Moving A Beautiful Mind (2001) after Chicago (2002)                                                |
[2022-07-08 01:21:02,972] [builder.py:2547]           [INFO]     | Moving Gladiator (2000) after A Beautiful Mind (2001)                                              |
[2022-07-08 01:21:03,300] [builder.py:2547]           [INFO]     | Moving American Beauty (1999) after Gladiator (2000)                                               |
[2022-07-08 01:21:03,623] [builder.py:2547]           [INFO]     | Moving Shakespeare in Love (1998) after American Beauty (1999)                                     |
[2022-07-08 01:21:04,442] [builder.py:2547]           [INFO]     | Moving Titanic (1997) after Shakespeare in Love (1998)                                             |
[2022-07-08 01:21:04,846] [builder.py:2547]           [INFO]     | Moving The English Patient (1996) after Titanic (1997)                                             |
[2022-07-08 01:21:05,183] [builder.py:2547]           [INFO]     | Moving Braveheart (1995) after The English Patient (1996)                                          |
[2022-07-08 01:21:05,517] [builder.py:2547]           [INFO]     | Moving Forrest Gump (1994) after Braveheart (1995)                                                 |
[2022-07-08 01:21:05,839] [builder.py:2547]           [INFO]     | Moving Schindler's List (1993) after Forrest Gump (1994)                                           |
[2022-07-08 01:21:06,170] [builder.py:2547]           [INFO]     | Moving Unforgiven (1992) after Schindler's List (1993)                                             |
[2022-07-08 01:21:06,497] [builder.py:2547]           [INFO]     | Moving The Silence of the Lambs (1991) after Unforgiven (1992)                                     |
[2022-07-08 01:21:06,818] [builder.py:2547]           [INFO]     | Moving Dances with Wolves (1990) after The Silence of the Lambs (1991)                             |
[2022-07-08 01:21:07,147] [builder.py:2547]           [INFO]     | Moving Driving Miss Daisy (1989) after Dances with Wolves (1990)                                   |
[2022-07-08 01:21:07,474] [builder.py:2547]           [INFO]     | Moving Rain Man (1988) after Driving Miss Daisy (1989)                                             |
[2022-07-08 01:21:07,799] [builder.py:2547]           [INFO]     | Moving The Last Emperor (1987) after Rain Man (1988)                                               |
[2022-07-08 01:21:08,146] [builder.py:2547]           [INFO]     | Moving Platoon (1986) after The Last Emperor (1987)                                                |
[2022-07-08 01:21:08,470] [builder.py:2547]           [INFO]     | Moving Out of Africa (1985) after Platoon (1986)                                                   |
[2022-07-08 01:21:08,792] [builder.py:2547]           [INFO]     | Moving Amadeus (1984) after Out of Africa (1985)                                                   |
[2022-07-08 01:21:09,116] [builder.py:2547]           [INFO]     | Moving Terms of Endearment (1983) after Amadeus (1984)                                             |
[2022-07-08 01:21:09,441] [builder.py:2547]           [INFO]     | Moving Gandhi (1982) after Terms of Endearment (1983)                                              |
[2022-07-08 01:21:09,770] [builder.py:2547]           [INFO]     | Moving Chariots of Fire (1981) after Gandhi (1982)                                                 |
[2022-07-08 01:21:10,100] [builder.py:2547]           [INFO]     | Moving Ordinary People (1980) after Chariots of Fire (1981)                                        |
[2022-07-08 01:21:10,478] [builder.py:2547]           [INFO]     | Moving Kramer vs. Kramer (1979) after Ordinary People (1980)                                       |
[2022-07-08 01:21:11,075] [builder.py:2547]           [INFO]     | Moving The Deer Hunter (1978) after Kramer vs. Kramer (1979)                                       |
[2022-07-08 01:21:11,479] [builder.py:2547]           [INFO]     | Moving Annie Hall (1977) after The Deer Hunter (1978)                                              |
[2022-07-08 01:21:11,808] [builder.py:2547]           [INFO]     | Moving Rocky (1976) after Annie Hall (1977)                                                        |
[2022-07-08 01:21:12,142] [builder.py:2547]           [INFO]     | Moving One Flew Over the Cuckoo's Nest (1975) after Rocky (1976)                                   |
[2022-07-08 01:21:12,468] [builder.py:2547]           [INFO]     | Moving The Godfather: Part II (1974) after One Flew Over the Cuckoo's Nest (1975)                  |
[2022-07-08 01:21:12,794] [builder.py:2547]           [INFO]     | Moving The Sting (1973) after The Godfather: Part II (1974)                                        |
[2022-07-08 01:21:13,136] [builder.py:2547]           [INFO]     | Moving The Godfather (1972) after The Sting (1973)                                                 |
[2022-07-08 01:21:13,462] [builder.py:2547]           [INFO]     | Moving The French Connection (1971) after The Godfather (1972)                                     |
[2022-07-08 01:21:13,791] [builder.py:2547]           [INFO]     | Moving Patton (1970) after The French Connection (1971)                                            |
[2022-07-08 01:21:14,161] [builder.py:2547]           [INFO]     | Moving Midnight Cowboy (1969) after Patton (1970)                                                  |
[2022-07-08 01:21:14,487] [builder.py:2547]           [INFO]     | Moving Oliver! (1968) after Midnight Cowboy (1969)                                                 |
[2022-07-08 01:21:14,812] [builder.py:2547]           [INFO]     | Moving In the Heat of the Night (1967) after Oliver! (1968)                                        |
[2022-07-08 01:21:15,133] [builder.py:2547]           [INFO]     | Moving A Man for All Seasons (1966) after In the Heat of the Night (1967)                          |
[2022-07-08 01:21:15,457] [builder.py:2547]           [INFO]     | Moving The Sound of Music (1965) after A Man for All Seasons (1966)                                |
[2022-07-08 01:21:15,781] [builder.py:2547]           [INFO]     | Moving My Fair Lady (1964) after The Sound of Music (1965)                                         |
[2022-07-08 01:21:16,111] [builder.py:2547]           [INFO]     | Moving Tom Jones (1963) after My Fair Lady (1964)                                                  |
[2022-07-08 01:21:16,436] [builder.py:2547]           [INFO]     | Moving Lawrence of Arabia (1962) after Tom Jones (1963)                                            |
[2022-07-08 01:21:16,841] [builder.py:2547]           [INFO]     | Moving West Side Story (1961) after Lawrence of Arabia (1962)                                      |
[2022-07-08 01:21:17,179] [builder.py:2547]           [INFO]     | Moving The Apartment (1960) after West Side Story (1961)                                           |
[2022-07-08 01:21:17,507] [builder.py:2547]           [INFO]     | Moving Ben-Hur (1959) after The Apartment (1960)                                                   |
[2022-07-08 01:21:17,826] [builder.py:2547]           [INFO]     | Moving Gigi (1958) after Ben-Hur (1959)                                                            |
[2022-07-08 01:21:18,416] [builder.py:2547]           [INFO]     | Moving The Bridge on the River Kwai (1957) after Gigi (1958)                                       |
[2022-07-08 01:21:18,823] [builder.py:2547]           [INFO]     | Moving Marty (1955) after The Bridge on the River Kwai (1957)                                      |
[2022-07-08 01:21:19,147] [builder.py:2547]           [INFO]     | Moving On the Waterfront (1954) after Marty (1955)                                                 |
[2022-07-08 01:21:19,469] [builder.py:2547]           [INFO]     | Moving From Here to Eternity (1953) after On the Waterfront (1954)                                 |
[2022-07-08 01:21:19,797] [builder.py:2547]           [INFO]     | Moving The Greatest Show on Earth (1952) after From Here to Eternity (1953)                        |
[2022-07-08 01:21:20,138] [builder.py:2547]           [INFO]     | Moving All About Eve (1950) after The Greatest Show on Earth (1952)                                |
[2022-07-08 01:21:20,466] [builder.py:2547]           [INFO]     | Moving Gentleman's Agreement (1947) after All About Eve (1950)                                     |
[2022-07-08 01:21:20,790] [builder.py:2547]           [INFO]     | Moving The Best Years of Our Lives (1946) after Gentleman's Agreement (1947)                       |
[2022-07-08 01:21:21,111] [builder.py:2547]           [INFO]     | Moving The Lost Weekend (1945) after The Best Years of Our Lives (1946)                            |
[2022-07-08 01:21:21,430] [builder.py:2547]           [INFO]     | Moving Going My Way (1944) after The Lost Weekend (1945)                                           |
[2022-07-08 01:21:21,753] [builder.py:2547]           [INFO]     | Moving Casablanca (1942) after Going My Way (1944)                                                 |
[2022-07-08 01:21:22,077] [builder.py:2547]           [INFO]     | Moving Mrs. Miniver (1942) after Casablanca (1942)                                                 |
[2022-07-08 01:21:22,409] [builder.py:2547]           [INFO]     | Moving How Green Was My Valley (1941) after Mrs. Miniver (1942)                                    |
[2022-07-08 01:21:22,731] [builder.py:2547]           [INFO]     | Moving Rebecca (1940) after How Green Was My Valley (1941)                                         |
[2022-07-08 01:21:23,055] [builder.py:2547]           [INFO]     | Moving Gone with the Wind (1939) after Rebecca (1940)                                              |
[2022-07-08 01:21:23,409] [builder.py:2547]           [INFO]     | Moving You Can't Take It with You (1938) after Gone with the Wind (1939)                           |
[2022-07-08 01:21:23,781] [builder.py:2547]           [INFO]     | Moving The Life of Emile Zola (1937) after You Can't Take It with You (1938)                       |
[2022-07-08 01:21:24,106] [builder.py:2547]           [INFO]     | Moving The Great Ziegfeld (1936) after The Life of Emile Zola (1937)                               |
[2022-07-08 01:21:24,428] [builder.py:2547]           [INFO]     | Moving It Happened One Night (1934) after The Great Ziegfeld (1936)                                |
[2022-07-08 01:21:24,760] [plex_meta_manager.py:674]  [INFO]     |                                                                                                    |
[2022-07-08 01:21:24,762] [plex_meta_manager.py:675]  [INFO]     |====================================================================================================|
[2022-07-08 01:21:24,762] [plex_meta_manager.py:675]  [INFO]     |                                   Finished Oscar最佳电影 Collection                                    |
[2022-07-08 01:21:24,762] [plex_meta_manager.py:675]  [INFO]     |                                    Collection Run Time: 0:00:40                                    |
[2022-07-08 01:21:24,762] [plex_meta_manager.py:675]  [INFO]     |====================================================================================================|
