[2022-07-08 02:29:15,698] [builder.py:185]            [INFO]     |====================================================================================================|
[2022-07-08 02:29:15,699] [builder.py:185]            [INFO]     |                                  Best of 1950s Collection in 亚洲电影                                  |
[2022-07-08 02:29:15,700] [builder.py:185]            [INFO]     |====================================================================================================|
[2022-07-08 02:29:15,700] [builder.py:186]            [INFO]     |                                                                                                    |
[2022-07-08 02:29:15,701] [builder.py:191]            [INFO]     |=============================== Validating Best of 1950s Attributes ================================|
[2022-07-08 02:29:15,701] [builder.py:212]            [DEBUG]    |                                                                                                    |
[2022-07-08 02:29:15,701] [builder.py:213]            [DEBUG]    | Validating Method: template                                                                        |
[2022-07-08 02:29:15,702] [meta.py:103]               [DEBUG]    | Value: [{'value': ['1950'], 'decade': ['1950'], 'key_name': '1950s', 'key': '1950', 'name': 'decade_dynamic'}, {'value': ['1950'], 'decade': ['1950'], 'key_name': '1950s', 'key': '1950', 'name': 'shared'}] |
[2022-07-08 02:29:15,704] [builder.py:1675]           [INFO]     |                                                                                                    |
[2022-07-08 02:29:15,704] [builder.py:1676]           [INFO]     | Validating Method: smart_filter                                                                    |
[2022-07-08 02:29:15,705] [builder.py:1682]           [DEBUG]    | Value: {'sort_by': 'critic_rating.desc', 'any': {'decade': ['1950']}, 'limit': 100}                |
[2022-07-08 02:29:15,705] [builder.py:600]            [DEBUG]    |                                                                                                    |
[2022-07-08 02:29:15,706] [builder.py:604]            [DEBUG]    | Validating Method: label                                                                           |
[2022-07-08 02:29:15,706] [builder.py:605]            [DEBUG]    | Value: Decade                                                                                      |
[2022-07-08 02:29:15,706] [builder.py:600]            [DEBUG]    |                                                                                                    |
[2022-07-08 02:29:15,707] [builder.py:604]            [DEBUG]    | Validating Method: url_poster                                                                      |
[2022-07-08 02:29:15,707] [builder.py:605]            [DEBUG]    | Value: https://raw.githubusercontent.com/meisnate12/Plex-Meta-Manager-Images/master/decade/best/1950.jpg |
[2022-07-08 02:29:16,023] [builder.py:600]            [DEBUG]    |                                                                                                    |
[2022-07-08 02:29:16,024] [builder.py:604]            [DEBUG]    | Validating Method: sort_title                                                                      |
[2022-07-08 02:29:16,024] [builder.py:605]            [DEBUG]    | Value: !12_Best of 1950s                                                                           |
[2022-07-08 02:29:16,181] [builder.py:764]            [INFO]     |                                                                                                    |
[2022-07-08 02:29:16,181] [builder.py:765]            [INFO]     | Validation Successful                                                                              |
[2022-07-08 02:29:16,181] [plex_meta_manager.py:539]  [INFO]     |                                                                                                    |
[2022-07-08 02:29:16,182] [plex_meta_manager.py:541]  [INFO]     |================================= Running Best of 1950s Collection =================================|
[2022-07-08 02:29:16,182] [plex_meta_manager.py:547]  [INFO]     |                                                                                                    |
[2022-07-08 02:29:16,182] [plex_meta_manager.py:548]  [INFO]     | Smart Movie Filter                                                                                 |
                                                                 | Sort By: critic_rating.desc
                                                                 | Limit: 100
                                                                 | Filter:
                                                                 |   Match any of the following:
                                                                 |     Decade is 1950
[2022-07-08 02:29:16,339] [builder.py:2383]           [INFO]     | 
[2022-07-08 02:29:16,340] [builder.py:2384]           [INFO]     |=========================== Updating Details of Best of 1950s Collection ===========================|
[2022-07-08 02:29:16,340] [builder.py:2385]           [INFO]     |                                                                                                    |
[2022-07-08 02:29:16,365] [builder.py:2446]           [INFO]     | Collection Metadata Edits                                                                          |
[2022-07-08 02:29:16,365] [util.py:150]               [DEBUG]    | 1 poster found:                                                                                    |
[2022-07-08 02:29:16,366] [util.py:152]               [DEBUG]    | Method: url_poster Poster: https://raw.githubusercontent.com/meisnate12/Plex-Meta-Manager-Images/master/decade/best/1950.jpg |
[2022-07-08 02:29:16,368] [library.py:155]            [INFO]     | Detail: poster update not needed                                                                   |
[2022-07-08 02:29:16,506] [plex_meta_manager.py:674]  [INFO]     |                                                                                                    |
[2022-07-08 02:29:16,506] [plex_meta_manager.py:675]  [INFO]     |====================================================================================================|
[2022-07-08 02:29:16,508] [plex_meta_manager.py:675]  [INFO]     |                                 Finished Best of 1950s Collection                                  |
[2022-07-08 02:29:16,509] [plex_meta_manager.py:675]  [INFO]     |                                    Collection Run Time: 0:00:00                                    |
[2022-07-08 02:29:16,509] [plex_meta_manager.py:675]  [INFO]     |====================================================================================================|
