[2022-07-08 03:02:25,711] [builder.py:185]            [INFO]     |====================================================================================================|
[2022-07-08 03:02:25,712] [builder.py:185]            [INFO]     |                             TMDb On The Air Collection in ....TV Shows                             |
[2022-07-08 03:02:25,713] [builder.py:185]            [INFO]     |====================================================================================================|
[2022-07-08 03:02:25,713] [builder.py:186]            [INFO]     |                                                                                                    |
[2022-07-08 03:02:25,714] [builder.py:191]            [INFO]     |============================== Validating TMDb On The Air Attributes ===============================|
[2022-07-08 03:02:25,714] [builder.py:212]            [DEBUG]    |                                                                                                    |
[2022-07-08 03:02:25,714] [builder.py:213]            [DEBUG]    | Validating Method: template                                                                        |
[2022-07-08 03:02:25,715] [meta.py:103]               [DEBUG]    | Value: [ordereddict([('name', 'air')]), ordereddict([('name', 'customsync')]), ordereddict([('name', 'chart_shared'), ('key', 'air'), ('check_library', 'show')])] |
[2022-07-08 03:02:25,721] [builder.py:221]            [DEBUG]    |                                                                                                    |
[2022-07-08 03:02:25,721] [builder.py:222]            [DEBUG]    | Validating Method: allowed_library_types                                                           |
[2022-07-08 03:02:25,721] [builder.py:225]            [DEBUG]    | Value: ['show']                                                                                    |
[2022-07-08 03:02:25,722] [builder.py:437]            [DEBUG]    |                                                                                                    |
[2022-07-08 03:02:25,722] [builder.py:438]            [DEBUG]    | Validating Method: sync_mode                                                                       |
[2022-07-08 03:02:25,722] [builder.py:442]            [DEBUG]    | Value: sync                                                                                        |
[2022-07-08 03:02:25,722] [builder.py:582]            [DEBUG]    |                                                                                                    |
[2022-07-08 03:02:25,723] [builder.py:583]            [DEBUG]    | Validating Method: collection_order                                                                |
[2022-07-08 03:02:25,723] [builder.py:584]            [DEBUG]    | Value: custom                                                                                      |
[2022-07-08 03:02:25,723] [builder.py:600]            [DEBUG]    |                                                                                                    |
[2022-07-08 03:02:25,724] [builder.py:604]            [DEBUG]    | Validating Method: tmdb_on_the_air                                                                 |
[2022-07-08 03:02:25,724] [builder.py:605]            [DEBUG]    | Value: 100                                                                                         |
[2022-07-08 03:02:25,724] [builder.py:600]            [DEBUG]    |                                                                                                    |
[2022-07-08 03:02:25,725] [builder.py:604]            [DEBUG]    | Validating Method: summary                                                                         |
[2022-07-08 03:02:25,725] [builder.py:605]            [DEBUG]    | Value: A collection of shows that are still activaly airing episodes                               |
[2022-07-08 03:02:25,725] [builder.py:600]            [DEBUG]    |                                                                                                    |
[2022-07-08 03:02:25,726] [builder.py:604]            [DEBUG]    | Validating Method: sort_title                                                                      |
[2022-07-08 03:02:25,726] [builder.py:605]            [DEBUG]    | Value: !01_TMDb On The Air                                                                         |
[2022-07-08 03:02:25,726] [builder.py:600]            [DEBUG]    |                                                                                                    |
[2022-07-08 03:02:25,727] [builder.py:604]            [DEBUG]    | Validating Method: url_poster                                                                      |
[2022-07-08 03:02:25,727] [builder.py:605]            [DEBUG]    | Value: https://raw.githubusercontent.com/meisnate12/Plex-Meta-Manager-Images/master/chart/TMDb%20On%20The%20Air.jpg |
[2022-07-08 03:02:26,033] [plex.py:742]               [DEBUG]    |                                                                                                    |
[2022-07-08 03:02:26,033] [plex.py:745]               [DEBUG]    | Looking for: TMDb On The Air                                                                       |
[2022-07-08 03:02:26,033] [builder.py:764]            [INFO]     |                                                                                                    |
[2022-07-08 03:02:26,034] [builder.py:765]            [INFO]     | Validation Successful                                                                              |
[2022-07-08 03:02:26,034] [plex_meta_manager.py:539]  [INFO]     |                                                                                                    |
[2022-07-08 03:02:26,034] [plex_meta_manager.py:541]  [INFO]     |================================ Running TMDb On The Air Collection ================================|
[2022-07-08 03:02:26,035] [plex_meta_manager.py:553]  [INFO]     |                                                                                                    |
[2022-07-08 03:02:26,035] [plex_meta_manager.py:554]  [INFO]     | Sync Mode: sync                                                                                    |
[2022-07-08 03:02:26,035] [plex_meta_manager.py:557]  [DEBUG]    |                                                                                                    |
[2022-07-08 03:02:26,036] [plex_meta_manager.py:558]  [DEBUG]    | Builder: tmdb_on_the_air: 100                                                                      |
[2022-07-08 03:02:26,036] [plex_meta_manager.py:559]  [INFO]     |                                                                                                    |
[2022-07-08 03:02:26,294] [tmdb.py:344]               [INFO]     | Processing TMDb On The Air: 100 Shows                                                              |
[2022-07-08 03:02:26,294] [builder.py:1507]           [DEBUG]    |                                                                                                    |
[2022-07-08 03:02:26,295] [builder.py:1508]           [DEBUG]    | 100 IDs Found: [(76479, 'tmdb_show'), (92782, 'tmdb_show'), (135647, 'tmdb_show'), (152296, 'tmdb_show'), (197189, 'tmdb_show'), (158415, 'tmdb_show'), (204147, 'tmdb_show'), (154911, 'tmdb_show'), (157936, 'tmdb_show'), (122151, 'tmdb_show'), (122152, 'tmdb_show'), (119903, 'tmdb_show'), (154571, 'tmdb_show'), (203211, 'tmdb_show'), (103516, 'tmdb_show'), (158691, 'tmdb_show'), (2527, 'tmdb_show'), (966, 'tmdb_show'), (1655, 'tmdb_show'), (202740, 'tmdb_show'), (69050, 'tmdb_show'), (66636, 'tmdb_show'), (65334, 'tmdb_show'), (14750, 'tmdb_show'), (197352, 'tmdb_show'), (6647, 'tmdb_show'), (117067, 'tmdb_show'), (4504, 'tmdb_show'), (23915, 'tmdb_show'), (63247, 'tmdb_show'), (138251, 'tmdb_show'), (1900, 'tmdb_show'), (39677, 'tmdb_show'), (107113, 'tmdb_show'), (126437, 'tmdb_show'), (111800, 'tmdb_show'), (60059, 'tmdb_show'), (64196, 'tmdb_show'), (157059, 'tmdb_show'), (987, 'tmdb_show'), (72517, 'tmdb_show'), (131485, 'tmdb_show'), (92967, 'tmdb_show'), (881, 'tmdb_show'), (71738, 'tmdb_show'), (115626, 'tmdb_show'), (16395, 'tmdb_show'), (197067, 'tmdb_show'), (196572, 'tmdb_show'), (88191, 'tmdb_show'), (202374, 'tmdb_show'), (37854, 'tmdb_show'), (96316, 'tmdb_show'), (2354, 'tmdb_show'), (60572, 'tmdb_show'), (2912, 'tmdb_show'), (115694, 'tmdb_show'), (194619, 'tmdb_show'), (122587, 'tmdb_show'), (201697, 'tmdb_show'), (71740, 'tmdb_show'), (121435, 'tmdb_show'), (121477, 'tmdb_show'), (131997, 'tmdb_show'), (155231, 'tmdb_show'), (1871, 'tmdb_show'), (502, 'tmdb_show'), (33238, 'tmdb_show'), (101149, 'tmdb_show'), (196614, 'tmdb_show'), (194774, 'tmdb_show'), (18011, 'tmdb_show'), (87917, 'tmdb_show'), (86848, 'tmdb_show'), (80006, 'tmdb_show'), (72002, 'tmdb_show'), (90207, 'tmdb_show'), (194562, 'tmdb_show'), (203906, 'tmdb_show'), (10160, 'tmdb_show'), (136644, 'tmdb_show'), (155783, 'tmdb_show'), (72636, 'tmdb_show'), (40879, 'tmdb_show'), (63714, 'tmdb_show'), (73549, 'tmdb_show'), (114477, 'tmdb_show'), (62875, 'tmdb_show'), (91977, 'tmdb_show'), (63726, 'tmdb_show'), (204712, 'tmdb_show'), (72027, 'tmdb_show'), (117889, 'tmdb_show'), (76949, 'tmdb_show'), (127635, 'tmdb_show'), (13354, 'tmdb_show'), (59186, 'tmdb_show'), (203057, 'tmdb_show'), (155224, 'tmdb_show'), (291, 'tmdb_show')] |
[2022-07-08 03:02:26,295] [builder.py:1509]           [DEBUG]    |                                                                                                    |
[2022-07-08 03:02:26,673] [builder.py:1583]           [WARNING]  | Convert Error: No TVDb ID Found for TMDb ID: 152296                                                |
[2022-07-08 03:02:27,105] [builder.py:1583]           [WARNING]  | Convert Error: No TVDb ID Found for TMDb ID: 122151                                                |
[2022-07-08 03:02:27,389] [builder.py:1583]           [WARNING]  | Convert Error: No TVDb ID Found for TMDb ID: 122152                                                |
[2022-07-08 03:02:27,697] [builder.py:1583]           [WARNING]  | Convert Error: No TVDb ID Found for TMDb ID: 119903                                                |
[2022-07-08 03:02:27,939] [builder.py:1583]           [WARNING]  | Convert Error: No TVDb ID Found for TMDb ID: 203211                                                |
[2022-07-08 03:02:28,295] [builder.py:1583]           [WARNING]  | Convert Error: No TVDb ID Found for TMDb ID: 194619                                                |
[2022-07-08 03:02:28,839] [builder.py:1583]           [WARNING]  | Convert Error: No TVDb ID Found for TMDb ID: 71740                                                 |
[2022-07-08 03:02:29,095] [builder.py:1583]           [WARNING]  | Convert Error: No TVDb ID Found for TMDb ID: 121435                                                |
[2022-07-08 03:02:29,361] [builder.py:1583]           [WARNING]  | Convert Error: No TVDb ID Found for TMDb ID: 131997                                                |
[2022-07-08 03:02:29,630] [builder.py:1583]           [WARNING]  | Convert Error: No TVDb ID Found for TMDb ID: 196614                                                |
[2022-07-08 03:02:29,950] [builder.py:1583]           [WARNING]  | Convert Error: No TVDb ID Found for TMDb ID: 194562                                                |
[2022-07-08 03:02:30,355] [builder.py:1583]           [WARNING]  | Convert Error: No TVDb ID Found for TMDb ID: 204712                                                |
[2022-07-08 03:02:30,714] [builder.py:1583]           [WARNING]  | Convert Error: No TVDb ID Found for TMDb ID: 203057                                                |
[2022-07-08 03:02:30,719] [builder.py:2218]           [INFO]     |                                                                                                    |
[2022-07-08 03:02:30,720] [builder.py:2219]           [INFO]     |=========================== Missing Shows from Library: TMDb On The Air ============================|
[2022-07-08 03:02:30,720] [builder.py:2220]           [INFO]     |                                                                                                    |
[2022-07-08 03:02:30,930] [builder.py:2232]           [INFO]     | TMDb On The Air Collection | ? | The Boys (TVDb: 355567)                                           |
[2022-07-08 03:02:31,222] [builder.py:2232]           [INFO]     | TMDb On The Air Collection | ? | Ms. Marvel (TVDb: 368612)                                         |
[2022-07-08 03:02:31,506] [builder.py:2232]           [INFO]     | TMDb On The Air Collection | ? | 2 Good 2 Be True (TVDb: 419154)                                   |
[2022-07-08 03:02:31,817] [builder.py:2232]           [INFO]     | TMDb On The Air Collection | ? | Cara e Coragem (TVDb: 418791)                                     |
[2022-07-08 03:02:32,061] [builder.py:2232]           [INFO]     | TMDb On The Air Collection | ? | Pantanal (TVDb: 413833)                                           |
[2022-07-08 03:02:32,350] [builder.py:2232]           [INFO]     | TMDb On The Air Collection | ? | Hello, My Shining Love (TVDb: 421307)                             |
[2022-07-08 03:02:32,606] [builder.py:2232]           [INFO]     | TMDb On The Air Collection | ? | A Trick of Fate (TVDb: 413832)                                    |
[2022-07-08 03:02:32,947] [builder.py:2232]           [INFO]     | TMDb On The Air Collection | ? | For You (TVDb: 416687)                                            |
[2022-07-08 03:02:33,384] [builder.py:2232]           [INFO]     | TMDb On The Air Collection | ? | I want to live (TVDb: 413793)                                     |
[2022-07-08 03:02:33,684] [builder.py:2232]           [INFO]     | TMDb On The Air Collection | ? | Star Trek: Strange New Worlds (TVDb: 382389)                      |
[2022-07-08 03:02:33,996] [builder.py:2232]           [INFO]     | TMDb On The Air Collection | ? | My Little Pony: Make Your Mark (TVDb: 416741)                     |
[2022-07-08 03:02:34,355] [builder.py:2232]           [INFO]     | TMDb On The Air Collection | ? | Emmerdale (TVDb: 77715)                                           |
[2022-07-08 03:02:34,672] [builder.py:2232]           [INFO]     | TMDb On The Air Collection | ? | Hollyoaks (TVDb: 78006)                                           |
[2022-07-08 03:02:34,972] [builder.py:2232]           [INFO]     | TMDb On The Air Collection | ? | PBS NewsHour (TVDb: 81388)                                        |
[2022-07-08 03:02:35,250] [builder.py:2232]           [INFO]     | TMDb On The Air Collection | ? | Lua de Mel (TVDb: 420520)                                         |
[2022-07-08 03:02:35,517] [builder.py:2232]           [INFO]     | TMDb On The Air Collection | ? | Riverdale (TVDb: 311954)                                          |
[2022-07-08 03:02:35,763] [builder.py:2232]           [INFO]     | TMDb On The Air Collection | ? | Love Island (TVDb: 296669)                                        |
[2022-07-08 03:02:35,995] [builder.py:2232]           [INFO]     | TMDb On The Air Collection | ? | Miraculous: Tales of Ladybug & Cat Noir (TVDb: 302218)            |
[2022-07-08 03:02:36,255] [builder.py:2232]           [INFO]     | TMDb On The Air Collection | ? | At Wspolna (TVDb: 341892)                                         |
[2022-07-08 03:02:36,606] [builder.py:2232]           [INFO]     | TMDb On The Air Collection | ? | Bravo, My Life (2022) (TVDb: 418343)                              |
[2022-07-08 03:02:36,830] [builder.py:2232]           [INFO]     | TMDb On The Air Collection | ? | The Bold and the Beautiful (TVDb: 79838)                          |
[2022-07-08 03:02:37,117] [builder.py:2232]           [INFO]     | TMDb On The Air Collection | ? | KinnPorsche (TVDb: 391992)                                        |
[2022-07-08 03:02:37,329] [builder.py:2232]           [INFO]     | TMDb On The Air Collection | ? | Shortland Street (TVDb: 73983)                                    |
[2022-07-08 03:02:37,561] [builder.py:2232]           [INFO]     | TMDb On The Air Collection | ? | Markus Lanz (TVDb: 301189)                                        |
[2022-07-08 03:02:37,983] [builder.py:2232]           [INFO]     | TMDb On The Air Collection | ? | Westworld (TVDb: 296762)                                          |
[2022-07-08 03:02:38,539] [builder.py:2232]           [INFO]     | TMDb On The Air Collection | ? | EVE (2022) (TVDb: 416548)                                         |
[2022-07-08 03:02:38,772] [builder.py:2232]           [INFO]     | TMDb On The Air Collection | ? | LIVE with Kelly and Ryan (TVDb: 72146)                            |
[2022-07-08 03:02:39,006] [builder.py:2232]           [INFO]     | TMDb On The Air Collection | ? | Survivor (ES) (TVDb: 298271)                                      |
[2022-07-08 03:02:39,272] [builder.py:2232]           [INFO]     | TMDb On The Air Collection | ? | Only Murders in the Building (TVDb: 399959)                       |
[2022-07-08 03:02:39,529] [builder.py:2232]           [INFO]     | TMDb On The Air Collection | ? | Aoashi (TVDb: 407840)                                             |
[2022-07-08 03:02:39,817] [builder.py:2232]           [INFO]     | TMDb On The Air Collection | ? | The Old Man (TVDb: 367392)                                        |
[2022-07-08 03:02:40,139] [builder.py:2232]           [INFO]     | TMDb On The Air Collection | ? | Better Call Saul (TVDb: 273181)                                   |
[2022-07-08 03:02:40,413] [builder.py:2232]           [INFO]     | TMDb On The Air Collection | ? | Overlord (TVDb: 294002)                                           |
[2022-07-08 03:02:41,146] [builder.py:2232]           [INFO]     | TMDb On The Air Collection | ? | Poliana Moça (TVDb: 414538)                                       |
[2022-07-08 03:02:41,539] [builder.py:2232]           [INFO]     | TMDb On The Air Collection | ? | General Hospital (TVDb: 75332)                                    |
[2022-07-08 03:02:41,872] [builder.py:2232]           [INFO]     | TMDb On The Air Collection | ? | Classroom of the Elite (TVDb: 329822)                             |
[2022-07-08 03:02:42,096] [builder.py:2232]           [INFO]     | TMDb On The Air Collection | ? | The Story of Xing Fu (TVDb: 421553)                               |
[2022-07-08 03:02:42,396] [builder.py:2232]           [INFO]     | TMDb On The Air Collection | ? | A Miracle (TVDb: 369055)                                          |
[2022-07-08 03:02:42,796] [builder.py:2232]           [INFO]     | TMDb On The Air Collection | ? | Days of Our Lives (TVDb: 70366)                                   |
[2022-07-08 03:02:43,006] [builder.py:2232]           [INFO]     | TMDb On The Air Collection | ? | The Orville (TVDb: 328487)                                        |
[2022-07-08 03:02:43,262] [builder.py:2232]           [INFO]     | TMDb On The Air Collection | ? | Irma Vep (TVDb: 393404)                                           |
[2022-07-08 03:02:43,572] [builder.py:2232]           [INFO]     | TMDb On The Air Collection | ? | MasterChef Australia (TVDb: 92091)                                |
[2022-07-08 03:02:43,772] [builder.py:2232]           [INFO]     | TMDb On The Air Collection | ? | Extraordinary Attorney Woo (TVDb: 419950)                         |
[2022-07-08 03:02:44,150] [builder.py:2232]           [INFO]     | TMDb On The Air Collection | ? | The Secret House (TVDb: 418428)                                   |
[2022-07-08 03:02:44,472] [builder.py:2232]           [INFO]     | TMDb On The Air Collection | ? | Good evening, good evening! (TVDb: 361292)                        |
[2022-07-08 03:02:44,746] [builder.py:2232]           [INFO]     | TMDb On The Air Collection | ? | Todas as Garotas em Mim (TVDb: 407514)                            |
[2022-07-08 03:02:44,972] [builder.py:2232]           [INFO]     | TMDb On The Air Collection | ? | One Piece (TVDb: 81797)                                           |
[2022-07-08 03:02:45,239] [builder.py:2232]           [INFO]     | TMDb On The Air Collection | ? | Rent-a-Girlfriend (TVDb: 380654)                                  |
[2022-07-08 03:02:45,512] [builder.py:2232]           [INFO]     | TMDb On The Air Collection | ? | Home and Away (TVDb: 71890)                                       |
[2022-07-08 03:02:45,928] [builder.py:2232]           [INFO]     | TMDb On The Air Collection | ? | Pokémon (TVDb: 76703)                                             |
[2022-07-08 03:02:46,206] [builder.py:2232]           [INFO]     | TMDb On The Air Collection | ? | Jeopardy! (TVDb: 77075)                                           |
[2022-07-08 03:02:46,211] [builder.py:2232]           [INFO]     | TMDb On The Air Collection | ? | Shikimori's Not Just a Cutie (TVDb: 402117)                       |
[2022-07-08 03:02:46,495] [builder.py:2232]           [INFO]     | TMDb On The Air Collection | ? | A Couple of Cuckoos (TVDb: 400585)                                |
[2022-07-08 03:02:46,883] [builder.py:2232]           [INFO]     | TMDb On The Air Collection | ? | The Shelter (TVDb: 419997)                                        |
[2022-07-08 03:02:47,172] [builder.py:2232]           [INFO]     | TMDb On The Air Collection | ? | Frontline Fightback (TVDb: 399721)                                |
[2022-07-08 03:02:47,454] [builder.py:2232]           [INFO]     | TMDb On The Air Collection | ? | Link: Eat, Love, Kill (TVDb: 396069)                              |
[2022-07-08 03:02:47,695] [builder.py:2232]           [INFO]     | TMDb On The Air Collection | ? | EastEnders (TVDb: 71753)                                          |
[2022-07-08 03:02:47,950] [builder.py:2232]           [INFO]     | TMDb On The Air Collection | ? | Sesame Street (TVDb: 78419)                                       |
[2022-07-08 03:02:48,217] [builder.py:2232]           [INFO]     | TMDb On The Air Collection | ? | Running Man (TVDb: 248870)                                        |
[2022-07-08 03:02:48,506] [builder.py:2232]           [INFO]     | TMDb On The Air Collection | ? | Malory Towers (TVDb: 378833)                                      |
[2022-07-08 03:02:48,729] [builder.py:2232]           [INFO]     | TMDb On The Air Collection | ? | Vermeil in Gold (TVDb: 417658)                                    |
[2022-07-08 03:02:48,987] [builder.py:2232]           [INFO]     | TMDb On The Air Collection | ? | Vecinos (TVDb: 296276)                                            |
[2022-07-08 03:02:49,250] [builder.py:2232]           [INFO]     | TMDb On The Air Collection | ? | For All Mankind (TVDb: 356202)                                    |
[2022-07-08 03:02:49,583] [builder.py:2232]           [INFO]     | TMDb On The Air Collection | ? | Evil (TVDb: 363955)                                               |
[2022-07-08 03:02:49,906] [builder.py:2232]           [INFO]     | TMDb On The Air Collection | ? | Good Trouble (TVDb: 351504)                                       |
[2022-07-08 03:02:50,162] [builder.py:2232]           [INFO]     | TMDb On The Air Collection | ? | Dynasty (2017) (TVDb: 328749)                                     |
[2022-07-08 03:02:50,439] [builder.py:2232]           [INFO]     | TMDb On The Air Collection | ? | Big White Duel (TVDb: 364743)                                     |
[2022-07-08 03:02:50,728] [builder.py:2232]           [INFO]     | TMDb On The Air Collection | ? | High (School) On Sex (TVDb: 421569)                               |
[2022-07-08 03:02:50,950] [builder.py:2232]           [INFO]     | TMDb On The Air Collection | ? | Big Brother (US) (TVDb: 76706)                                    |
[2022-07-08 03:02:51,295] [builder.py:2232]           [INFO]     | TMDb On The Air Collection | ? | Why Her? (TVDb: 406183)                                           |
[2022-07-08 03:02:51,550] [builder.py:2232]           [INFO]     | TMDb On The Air Collection | ? | The Legendary Life of Queen Lau (TVDb: 421419)                    |
[2022-07-08 03:02:51,928] [builder.py:2232]           [INFO]     | TMDb On The Air Collection | ? | Made in Abyss (TVDb: 326109)                                      |
[2022-07-08 03:02:52,128] [builder.py:2232]           [INFO]     | TMDb On The Air Collection | ? | Dahoam is Dahoam (TVDb: 132921)                                   |
[2022-07-08 03:02:52,450] [builder.py:2232]           [INFO]     | TMDb On The Air Collection | ? | Backdoor Brazil (TVDb: 275360)                                    |
[2022-07-08 03:02:52,750] [builder.py:2232]           [INFO]     | TMDb On The Air Collection | ? | Odd Squad (TVDb: 288449)                                          |
[2022-07-08 03:02:53,417] [builder.py:2232]           [INFO]     | TMDb On The Air Collection | ? | Harem in the Labyrinth of Another World (TVDb: 393301)            |
[2022-07-08 03:02:53,683] [builder.py:2232]           [INFO]     | TMDb On The Air Collection | ? | BUNK’D (TVDb: 298277)                                             |
[2022-07-08 03:02:53,939] [builder.py:2232]           [INFO]     | TMDb On The Air Collection | ? | Motherland: Fort Salem (TVDb: 364047)                             |
[2022-07-08 03:02:54,245] [builder.py:2232]           [INFO]     | TMDb On The Air Collection | ? | Alone (TVDb: 295936)                                              |
[2022-07-08 03:02:54,511] [builder.py:2232]           [INFO]     | TMDb On The Air Collection | ? | Raven's Home (TVDb: 326569)                                       |
[2022-07-08 03:02:54,828] [builder.py:2232]           [INFO]     | TMDb On The Air Collection | ? | My Isekai Life: I Gained a Second Character Class and Became the Strongest Sage in the World! (TVDb: 402637) |
[2022-07-08 03:02:55,028] [builder.py:2232]           [INFO]     | TMDb On The Air Collection | ? | La Resistencia (TVDb: 341430)                                     |
[2022-07-08 03:02:55,262] [builder.py:2232]           [INFO]     | TMDb On The Air Collection | ? | Marvel's Spidey and His Amazing Friends (TVDb: 404491)            |
[2022-07-08 03:02:55,528] [builder.py:2232]           [INFO]     | TMDb On The Air Collection | ? | Question Time (TVDb: 248469)                                      |
[2022-07-08 03:02:55,717] [builder.py:2232]           [INFO]     | TMDb On The Air Collection | ? | Impractical Jokers (TVDb: 254243)                                 |
[2022-07-08 03:02:55,961] [builder.py:2232]           [INFO]     | TMDb On The Air Collection | ? | Jinxed At First (TVDb: 408785)                                    |
[2022-07-08 03:02:56,203] [builder.py:2232]           [INFO]     | TMDb On The Air Collection | ? | Coronation Street (TVDb: 71565)                                   |
[2022-07-08 03:02:56,204] [builder.py:2237]           [INFO]     |                                                                                                    |
[2022-07-08 03:02:56,204] [builder.py:2238]           [INFO]     | 87 Shows Missing                                                                                   |
[2022-07-08 03:02:56,204] [plex_meta_manager.py:593]  [INFO]     |                                                                                                    |
[2022-07-08 03:02:56,205] [plex_meta_manager.py:594]  [INFO]     | Collection Minimum: 3 not met for TMDb On The Air Collection                                       |
[2022-07-08 03:02:56,205] [plex_meta_manager.py:674]  [INFO]     |                                                                                                    |
[2022-07-08 03:02:56,205] [plex_meta_manager.py:675]  [INFO]     |====================================================================================================|
[2022-07-08 03:02:56,206] [plex_meta_manager.py:675]  [INFO]     |                                Finished TMDb On The Air Collection                                 |
[2022-07-08 03:02:56,206] [plex_meta_manager.py:675]  [INFO]     |                                    Collection Run Time: 0:00:30                                    |
[2022-07-08 03:02:56,206] [plex_meta_manager.py:675]  [INFO]     |====================================================================================================|
