[2022-07-08 03:16:46,775] [builder.py:185]            [INFO]     |====================================================================================================|
[2022-07-08 03:16:46,776] [builder.py:185]            [INFO]     |                              Cartoon Network Collection in ..Cartoons                              |
[2022-07-08 03:16:46,776] [builder.py:185]            [INFO]     |====================================================================================================|
[2022-07-08 03:16:46,777] [builder.py:186]            [INFO]     |                                                                                                    |
[2022-07-08 03:16:46,777] [builder.py:191]            [INFO]     |============================== Validating Cartoon Network Attributes ===============================|
[2022-07-08 03:16:46,777] [builder.py:212]            [DEBUG]    |                                                                                                    |
[2022-07-08 03:16:46,778] [builder.py:213]            [DEBUG]    | Validating Method: template                                                                        |
[2022-07-08 03:16:46,778] [meta.py:103]               [DEBUG]    | Value: [{'value': ['Cartoon Network'], 'network': ['Cartoon Network'], 'key_name': 'Cartoon Network', 'key': 'Cartoon Network', 'name': 'networks_dynamic'}, {'value': ['Cartoon Network'], 'network': ['Cartoon Network'], 'key_name': 'Cartoon Network', 'key': 'Cartoon Network', 'name': 'shared'}] |
[2022-07-08 03:16:46,780] [builder.py:1675]           [INFO]     |                                                                                                    |
[2022-07-08 03:16:46,781] [builder.py:1676]           [INFO]     | Validating Method: smart_filter                                                                    |
[2022-07-08 03:16:46,781] [builder.py:1682]           [DEBUG]    | Value: {'sort_by': 'release.desc', 'any': {'network': ['Cartoon Network']}}                        |
[2022-07-08 03:16:46,798] [builder.py:600]            [DEBUG]    |                                                                                                    |
[2022-07-08 03:16:46,799] [builder.py:604]            [DEBUG]    | Validating Method: label                                                                           |
[2022-07-08 03:16:46,799] [builder.py:605]            [DEBUG]    | Value: Network US                                                                                  |
[2022-07-08 03:16:46,800] [builder.py:600]            [DEBUG]    |                                                                                                    |
[2022-07-08 03:16:46,800] [builder.py:604]            [DEBUG]    | Validating Method: url_poster                                                                      |
[2022-07-08 03:16:46,800] [builder.py:605]            [DEBUG]    | Value: https://raw.githubusercontent.com/meisnate12/Plex-Meta-Manager-Images/master/network/Cartoon%20Network.jpg |
[2022-07-08 03:16:47,755] [builder.py:600]            [DEBUG]    |                                                                                                    |
[2022-07-08 03:16:47,756] [builder.py:604]            [DEBUG]    | Validating Method: sort_title                                                                      |
[2022-07-08 03:16:47,756] [builder.py:605]            [DEBUG]    | Value: !04_Cartoon Network                                                                         |
[2022-07-08 03:16:47,770] [plex.py:742]               [DEBUG]    |                                                                                                    |
[2022-07-08 03:16:47,771] [plex.py:745]               [DEBUG]    | Looking for: Cartoon Network                                                                       |
[2022-07-08 03:16:47,771] [builder.py:764]            [INFO]     |                                                                                                    |
[2022-07-08 03:16:47,771] [builder.py:765]            [INFO]     | Validation Successful                                                                              |
[2022-07-08 03:16:47,772] [plex_meta_manager.py:539]  [INFO]     |                                                                                                    |
[2022-07-08 03:16:47,772] [plex_meta_manager.py:541]  [INFO]     |================================ Running Cartoon Network Collection ================================|
[2022-07-08 03:16:47,772] [plex_meta_manager.py:547]  [INFO]     |                                                                                                    |
[2022-07-08 03:16:47,773] [plex_meta_manager.py:548]  [INFO]     | Smart Show Filter                                                                                  |
                                                                 | Sort By: release.desc
                                                                 | Filter:
                                                                 |   Match any of the following:
                                                                 |     Network is Cartoon Network
[2022-07-08 03:16:47,796] [plex_meta_manager.py:593]  [INFO]     | 
[2022-07-08 03:16:47,797] [plex_meta_manager.py:594]  [INFO]     | Collection Minimum: 3 not met for Cartoon Network Collection
[2022-07-08 03:16:47,797] [plex_meta_manager.py:674]  [INFO]     | 
[2022-07-08 03:16:47,798] [plex_meta_manager.py:675]  [INFO]     |====================================================================================================|
[2022-07-08 03:16:47,798] [plex_meta_manager.py:675]  [INFO]     |                                Finished Cartoon Network Collection                                 |
[2022-07-08 03:16:47,798] [plex_meta_manager.py:675]  [INFO]     |                                    Collection Run Time: 0:00:01                                    |
[2022-07-08 03:16:47,798] [plex_meta_manager.py:675]  [INFO]     |====================================================================================================|
