[2022-07-08 03:04:28,857] [builder.py:185]            [INFO]     |====================================================================================================|
[2022-07-08 03:04:28,858] [builder.py:185]            [INFO]     |                              Best of 2020s Collection in ....TV Shows                              |
[2022-07-08 03:04:28,858] [builder.py:185]            [INFO]     |====================================================================================================|
[2022-07-08 03:04:28,858] [builder.py:186]            [INFO]     |                                                                                                    |
[2022-07-08 03:04:28,859] [builder.py:191]            [INFO]     |=============================== Validating Best of 2020s Attributes ================================|
[2022-07-08 03:04:28,859] [builder.py:212]            [DEBUG]    |                                                                                                    |
[2022-07-08 03:04:28,859] [builder.py:213]            [DEBUG]    | Validating Method: template                                                                        |
[2022-07-08 03:04:28,860] [meta.py:103]               [DEBUG]    | Value: [{'value': [2020], 'decade': [2020], 'key_name': '2020', 'key': '2020', 'name': 'decade_dynamic'}, {'value': [2020], 'decade': [2020], 'key_name': '2020', 'key': '2020', 'name': 'shared'}] |
[2022-07-08 03:04:28,862] [builder.py:1675]           [INFO]     |                                                                                                    |
[2022-07-08 03:04:28,862] [builder.py:1676]           [INFO]     | Validating Method: smart_filter                                                                    |
[2022-07-08 03:04:28,863] [builder.py:1682]           [DEBUG]    | Value: {'sort_by': 'critic_rating.desc', 'any': {'year': [2020]}, 'limit': 100}                    |
[2022-07-08 03:04:28,863] [builder.py:600]            [DEBUG]    |                                                                                                    |
[2022-07-08 03:04:28,863] [builder.py:604]            [DEBUG]    | Validating Method: label                                                                           |
[2022-07-08 03:04:28,864] [builder.py:605]            [DEBUG]    | Value: Decade                                                                                      |
[2022-07-08 03:04:28,864] [builder.py:600]            [DEBUG]    |                                                                                                    |
[2022-07-08 03:04:28,864] [builder.py:604]            [DEBUG]    | Validating Method: url_poster                                                                      |
[2022-07-08 03:04:28,865] [builder.py:605]            [DEBUG]    | Value: https://raw.githubusercontent.com/meisnate12/Plex-Meta-Manager-Images/master/decade/best/2020.jpg |
[2022-07-08 03:04:29,186] [builder.py:600]            [DEBUG]    |                                                                                                    |
[2022-07-08 03:04:29,186] [builder.py:604]            [DEBUG]    | Validating Method: sort_title                                                                      |
[2022-07-08 03:04:29,187] [builder.py:605]            [DEBUG]    | Value: !12_Best of 2020s                                                                           |
[2022-07-08 03:04:29,202] [plex.py:742]               [DEBUG]    |                                                                                                    |
[2022-07-08 03:04:29,203] [plex.py:745]               [DEBUG]    | Looking for: Best of 2020s                                                                         |
[2022-07-08 03:04:29,203] [builder.py:764]            [INFO]     |                                                                                                    |
[2022-07-08 03:04:29,204] [builder.py:765]            [INFO]     | Validation Successful                                                                              |
[2022-07-08 03:04:29,204] [plex_meta_manager.py:539]  [INFO]     |                                                                                                    |
[2022-07-08 03:04:29,204] [plex_meta_manager.py:541]  [INFO]     |================================= Running Best of 2020s Collection =================================|
[2022-07-08 03:04:29,205] [plex_meta_manager.py:547]  [INFO]     |                                                                                                    |
[2022-07-08 03:04:29,205] [plex_meta_manager.py:548]  [INFO]     | Smart Show Filter                                                                                  |
                                                                 | Sort By: critic_rating.desc
                                                                 | Limit: 100
                                                                 | Filter:
                                                                 |   Match any of the following:
                                                                 |     Year is 2020
[2022-07-08 03:04:29,230] [plex_meta_manager.py:593]  [INFO]     | 
[2022-07-08 03:04:29,230] [plex_meta_manager.py:594]  [INFO]     | Collection Minimum: 3 not met for Best of 2020s Collection
[2022-07-08 03:04:29,230] [plex_meta_manager.py:674]  [INFO]     | 
[2022-07-08 03:04:29,231] [plex_meta_manager.py:675]  [INFO]     |====================================================================================================|
[2022-07-08 03:04:29,231] [plex_meta_manager.py:675]  [INFO]     |                                 Finished Best of 2020s Collection                                  |
[2022-07-08 03:04:29,231] [plex_meta_manager.py:675]  [INFO]     |                                    Collection Run Time: 0:00:00                                    |
[2022-07-08 03:04:29,232] [plex_meta_manager.py:675]  [INFO]     |====================================================================================================|
