[2022-07-08 02:33:49,074] [builder.py:185]            [INFO]     |====================================================================================================|
[2022-07-08 02:33:49,075] [builder.py:185]            [INFO]     |                                IMDb Lowest Rated Collection in 亚洲电影                                |
[2022-07-08 02:33:49,075] [builder.py:185]            [INFO]     |====================================================================================================|
[2022-07-08 02:33:49,076] [builder.py:186]            [INFO]     |                                                                                                    |
[2022-07-08 02:33:49,077] [builder.py:191]            [INFO]     |============================= Validating IMDb Lowest Rated Attributes ==============================|
[2022-07-08 02:33:49,077] [builder.py:212]            [DEBUG]    |                                                                                                    |
[2022-07-08 02:33:49,078] [builder.py:213]            [DEBUG]    | Validating Method: template                                                                        |
[2022-07-08 02:33:49,079] [meta.py:103]               [DEBUG]    | Value: [ordereddict([('name', 'chart_shared'), ('key', 'lowest'), ('check_library', 'movie')])]    |
[2022-07-08 02:33:49,083] [builder.py:221]            [DEBUG]    |                                                                                                    |
[2022-07-08 02:33:49,084] [builder.py:222]            [DEBUG]    | Validating Method: allowed_library_types                                                           |
[2022-07-08 02:33:49,084] [builder.py:225]            [DEBUG]    | Value: ['movie']                                                                                   |
[2022-07-08 02:33:49,085] [builder.py:437]            [DEBUG]    |                                                                                                    |
[2022-07-08 02:33:49,085] [builder.py:438]            [DEBUG]    | Validating Method: sync_mode                                                                       |
[2022-07-08 02:33:49,085] [builder.py:442]            [DEBUG]    | Value: sync                                                                                        |
[2022-07-08 02:33:49,086] [builder.py:582]            [DEBUG]    |                                                                                                    |
[2022-07-08 02:33:49,086] [builder.py:583]            [DEBUG]    | Validating Method: collection_order                                                                |
[2022-07-08 02:33:49,086] [builder.py:584]            [DEBUG]    | Value: custom                                                                                      |
[2022-07-08 02:33:49,087] [builder.py:600]            [DEBUG]    |                                                                                                    |
[2022-07-08 02:33:49,087] [builder.py:604]            [DEBUG]    | Validating Method: imdb_chart                                                                      |
[2022-07-08 02:33:49,088] [builder.py:605]            [DEBUG]    | Value: lowest_rated                                                                                |
[2022-07-08 02:33:49,088] [builder.py:600]            [DEBUG]    |                                                                                                    |
[2022-07-08 02:33:49,088] [builder.py:604]            [DEBUG]    | Validating Method: sort_title                                                                      |
[2022-07-08 02:33:49,089] [builder.py:605]            [DEBUG]    | Value: !01_IMDb Lowest Rated                                                                       |
[2022-07-08 02:33:49,089] [builder.py:600]            [DEBUG]    |                                                                                                    |
[2022-07-08 02:33:49,090] [builder.py:604]            [DEBUG]    | Validating Method: url_poster                                                                      |
[2022-07-08 02:33:49,090] [builder.py:605]            [DEBUG]    | Value: https://raw.githubusercontent.com/meisnate12/Plex-Meta-Manager-Images/master/chart/IMDb%20Lowest%20Rated.jpg |
[2022-07-08 02:33:49,359] [plex.py:742]               [DEBUG]    |                                                                                                    |
[2022-07-08 02:33:49,360] [plex.py:745]               [DEBUG]    | Looking for: IMDb Lowest Rated                                                                     |
[2022-07-08 02:33:49,360] [builder.py:764]            [INFO]     |                                                                                                    |
[2022-07-08 02:33:49,360] [builder.py:765]            [INFO]     | Validation Successful                                                                              |
[2022-07-08 02:33:49,361] [plex_meta_manager.py:539]  [INFO]     |                                                                                                    |
[2022-07-08 02:33:49,361] [plex_meta_manager.py:541]  [INFO]     |=============================== Running IMDb Lowest Rated Collection ===============================|
[2022-07-08 02:33:49,361] [plex_meta_manager.py:553]  [INFO]     |                                                                                                    |
[2022-07-08 02:33:49,362] [plex_meta_manager.py:554]  [INFO]     | Sync Mode: sync                                                                                    |
[2022-07-08 02:33:49,362] [plex_meta_manager.py:557]  [DEBUG]    |                                                                                                    |
[2022-07-08 02:33:49,362] [plex_meta_manager.py:558]  [DEBUG]    | Builder: imdb_chart: lowest_rated                                                                  |
[2022-07-08 02:33:49,363] [plex_meta_manager.py:559]  [INFO]     |                                                                                                    |
[2022-07-08 02:33:49,363] [imdb.py:178]               [INFO]     | Processing IMDb Chart: Lowest Rated Movies                                                         |
[2022-07-08 02:33:50,671] [builder.py:1507]           [DEBUG]    |                                                                                                    |
[2022-07-08 02:33:50,672] [builder.py:1508]           [DEBUG]    | 100 IDs Found: [('tt1213644', 'imdb'), ('tt0060666', 'imdb'), ('tt0270846', 'imdb'), ('tt1316037', 'imdb'), ('tt0804492', 'imdb'), ('tt0317676', 'imdb'), ('tt0362165', 'imdb'), ('tt4009460', 'imdb'), ('tt0799949', 'imdb'), ('tt0185183', 'imdb'), ('tt0417056', 'imdb'), ('tt0369226', 'imdb'), ('tt10888594', 'imdb'), ('tt1098327', 'imdb'), ('tt0339034', 'imdb'), ('tt0096870', 'imdb'), ('tt1073498', 'imdb'), ('tt0808240', 'imdb'), ('tt0299930', 'imdb'), ('tt7431594', 'imdb'), ('tt0249516', 'imdb'), ('tt0466342', 'imdb'), ('tt5697572', 'imdb'), ('tt0118665', 'imdb'), ('tt0118589', 'imdb'), ('tt0421051', 'imdb'), ('tt0093300', 'imdb'), ('tt0105643', 'imdb'), ('tt0383222', 'imdb'), ('tt0089280', 'imdb'), ('tt1883367', 'imdb'), ('tt11762434', 'imdb'), ('tt2467046', 'imdb'), ('tt10886166', 'imdb'), ('tt0785077', 'imdb'), ('tt0810913', 'imdb'), ('tt0246894', 'imdb'), ('tt0327554', 'imdb'), ('tt0116756', 'imdb'), ('tt0058548', 'imdb'), ('tt5690360', 'imdb'), ('tt12996154', 'imdb'), ('tt7668842', 'imdb'), ('tt4877122', 'imdb'), ('tt1666186', 'imdb'), ('tt14723224', 'imdb'), ('tt0120207', 'imdb'), ('tt2403029', 'imdb'), ('tt7608028', 'imdb'), ('tt0795461', 'imdb'), ('tt1572311', 'imdb'), ('tt0329028', 'imdb'), ('tt0110978', 'imdb'), ('tt0368226', 'imdb'), ('tt2574698', 'imdb'), ('tt0804452', 'imdb'), ('tt0295427', 'imdb'), ('tt7255568', 'imdb'), ('tt0110857', 'imdb'), ('tt0462244', 'imdb'), ('tt10350922', 'imdb'), ('tt0065832', 'imdb'), ('tt0115624', 'imdb'), ('tt9820556', 'imdb'), ('tt0400426', 'imdb'), ('tt0119707', 'imdb'), ('tt0118539', 'imdb'), ('tt0295254', 'imdb'), ('tt0118688', 'imdb'), ('tt0275022', 'imdb'), ('tt0120185', 'imdb'), ('tt4667094', 'imdb'), ('tt0110647', 'imdb'), ('tt1517489', 'imdb'), ('tt0085750', 'imdb'), ('tt0094074', 'imdb'), ('tt0103923', 'imdb'), ('tt10481868', 'imdb'), ('tt0450345', 'imdb'), ('tt0432291', 'imdb'), ('tt0424774', 'imdb'), ('tt0095560', 'imdb'), ('tt0190374', 'imdb'), ('tt0372873', 'imdb'), ('tt1411664', 'imdb'), ('tt6038600', 'imdb'), ('tt0897361', 'imdb'), ('tt1714203', 'imdb'), ('tt8366590', 'imdb'), ('tt0811138', 'imdb'), ('tt0460780', 'imdb'), ('tt0158622', 'imdb'), ('tt0118661', 'imdb'), ('tt3138104', 'imdb'), ('tt0891592', 'imdb'), ('tt1185266', 'imdb'), ('tt0120179', 'imdb'), ('tt1530509', 'imdb'), ('tt0308208', 'imdb'), ('tt0094118', 'imdb')] |
[2022-07-08 02:33:50,672] [builder.py:1509]           [DEBUG]    |                                                                                                    |
[2022-07-08 02:33:50,878] [builder.py:2172]           [INFO]     |                                                                                                    |
[2022-07-08 02:33:50,886] [builder.py:2173]           [INFO]     |================================ Missing Movies from Library: 亚洲电影 =================================|
[2022-07-08 02:33:50,886] [builder.py:2174]           [INFO]     |                                                                                                    |
[2022-07-08 02:33:51,257] [builder.py:2187]           [INFO]     | IMDb Lowest Rated Collection | ? | Disaster Movie (2008) (TMDb: 13805)                             |
[2022-07-08 02:33:51,591] [builder.py:2187]           [INFO]     | IMDb Lowest Rated Collection | ? | Manos: The Hands of Fate (1966) (TMDb: 22293)                   |
[2022-07-08 02:33:52,109] [builder.py:2187]           [INFO]     | IMDb Lowest Rated Collection | ? | Superbabies: Baby Geniuses 2 (2004) (TMDb: 31117)               |
[2022-07-08 02:33:52,446] [builder.py:2187]           [INFO]     | IMDb Lowest Rated Collection | ? | Birdemic: Shock and Terror (2010) (TMDb: 40016)                 |
[2022-07-08 02:33:52,768] [builder.py:2187]           [INFO]     | IMDb Lowest Rated Collection | ? | The Hottie & The Nottie (2008) (TMDb: 63315)                    |
[2022-07-08 02:33:53,091] [builder.py:2187]           [INFO]     | IMDb Lowest Rated Collection | ? | House of the Dead (2003) (TMDb: 11059)                          |
[2022-07-08 02:33:53,357] [builder.py:2187]           [INFO]     | IMDb Lowest Rated Collection | ? | Son of the Mask (2005) (TMDb: 10214)                            |
[2022-07-08 02:33:53,626] [builder.py:2187]           [INFO]     | IMDb Lowest Rated Collection | ? | Saving Christmas (2014) (TMDb: 295884)                          |
[2022-07-08 02:33:53,924] [builder.py:2187]           [INFO]     | IMDb Lowest Rated Collection | ? | Epic Movie (2007) (TMDb: 9760)                                  |
[2022-07-08 02:33:54,191] [builder.py:2187]           [INFO]     | IMDb Lowest Rated Collection | ? | Battlefield Earth (2000) (TMDb: 5491)                           |
[2022-07-08 02:33:54,435] [builder.py:2187]           [INFO]     | IMDb Lowest Rated Collection | ? | Pledge This! (2006) (TMDb: 19213)                               |
[2022-07-08 02:33:54,680] [builder.py:2187]           [INFO]     | IMDb Lowest Rated Collection | ? | Alone in the Dark (2005) (TMDb: 12142)                          |
[2022-07-08 02:33:54,935] [builder.py:2187]           [INFO]     | IMDb Lowest Rated Collection | ? | Radhe (2021) (TMDb: 679844)                                     |
[2022-07-08 02:33:55,217] [builder.py:2187]           [INFO]     | IMDb Lowest Rated Collection | ? | Dragonball Evolution (2009) (TMDb: 14164)                       |
[2022-07-08 02:33:55,735] [builder.py:2187]           [INFO]     | IMDb Lowest Rated Collection | ? | From Justin to Kelly (2003) (TMDb: 31246)                       |
[2022-07-08 02:33:55,980] [builder.py:2187]           [INFO]     | IMDb Lowest Rated Collection | ? | Going Overboard (1989) (TMDb: 19157)                            |
[2022-07-08 02:33:56,280] [builder.py:2187]           [INFO]     | IMDb Lowest Rated Collection | ? | Meet the Spartans (2008) (TMDb: 7278)                           |
[2022-07-08 02:33:56,601] [builder.py:2187]           [INFO]     | IMDb Lowest Rated Collection | ? | Turks in Space (2006) (TMDb: 31279)                             |
[2022-07-08 02:33:56,802] [builder.py:2187]           [INFO]     | IMDb Lowest Rated Collection | ? | Gigli (2003) (TMDb: 8046)                                       |
[2022-07-08 02:33:57,069] [builder.py:2187]           [INFO]     | IMDb Lowest Rated Collection | ? | Race 3 (2018) (TMDb: 496320)                                    |
[2022-07-08 02:33:57,317] [builder.py:2187]           [INFO]     | IMDb Lowest Rated Collection | ? | Foodfight! (2012) (TMDb: 116977)                                |
[2022-07-08 02:33:57,635] [builder.py:2187]           [INFO]     | IMDb Lowest Rated Collection | ? | Date Movie (2006) (TMDb: 10073)                                 |
[2022-07-08 02:33:57,891] [builder.py:2187]           [INFO]     | IMDb Lowest Rated Collection | ? | Cats (2019) (TMDb: 536869)                                      |
[2022-07-08 02:33:58,302] [builder.py:2187]           [INFO]     | IMDb Lowest Rated Collection | ? | Baby Geniuses (1999) (TMDb: 22345)                              |
[2022-07-08 02:33:58,491] [builder.py:2187]           [INFO]     | IMDb Lowest Rated Collection | ? | Glitter (2001) (TMDb: 10696)                                    |
[2022-07-08 02:33:58,768] [builder.py:2187]           [INFO]     | IMDb Lowest Rated Collection | ? | Daniel, the Wizard (2004) (TMDb: 9596)                          |
[2022-07-08 02:33:59,135] [builder.py:2187]           [INFO]     | IMDb Lowest Rated Collection | ? | Jaws: The Revenge (1987) (TMDb: 580)                            |
[2022-07-08 02:33:59,413] [builder.py:2187]           [INFO]     | IMDb Lowest Rated Collection | ? | Troll 2 (1990) (TMDb: 26914)                                    |
[2022-07-08 02:33:59,684] [builder.py:2187]           [INFO]     | IMDb Lowest Rated Collection | ? | BloodRayne (2005) (TMDb: 168705)                                |
[2022-07-08 02:33:59,892] [builder.py:2187]           [INFO]     | IMDb Lowest Rated Collection | ? | Hobgoblins (1988) (TMDb: 31245)                                 |
[2022-07-08 02:34:00,124] [builder.py:2187]           [INFO]     | IMDb Lowest Rated Collection | ? | The Human Centipede 3 (Final Sequence) (2015) (TMDb: 94365)     |
[2022-07-08 02:34:00,325] [builder.py:2187]           [INFO]     | IMDb Lowest Rated Collection | ? | Cosmic Sin (2021) (TMDb: 681887)                                |
[2022-07-08 02:34:00,550] [builder.py:2187]           [INFO]     | IMDb Lowest Rated Collection | ? | Left Behind (2014) (TMDb: 218043)                               |
[2022-07-08 02:34:00,958] [builder.py:2187]           [INFO]     | IMDb Lowest Rated Collection | ? | 365 Days (2020) (TMDb: 664413)                                  |
[2022-07-08 02:34:01,246] [builder.py:2187]           [INFO]     | IMDb Lowest Rated Collection | ? | Who's Your Caddy? (2007) (TMDb: 15581)                          |
[2022-07-08 02:34:01,602] [builder.py:2187]           [INFO]     | IMDb Lowest Rated Collection | ? | Jack and Jill (2011) (TMDb: 71880)                              |
[2022-07-08 02:34:01,835] [builder.py:2187]           [INFO]     | IMDb Lowest Rated Collection | ? | Rollerball (2002) (TMDb: 11535)                                 |
[2022-07-08 02:34:02,113] [builder.py:2187]           [INFO]     | IMDb Lowest Rated Collection | ? | Catwoman (2004) (TMDb: 314)                                     |
[2022-07-08 02:34:02,591] [builder.py:2187]           [INFO]     | IMDb Lowest Rated Collection | ? | Kazaam (1996) (TMDb: 11511)                                     |
[2022-07-08 02:34:02,957] [builder.py:2187]           [INFO]     | IMDb Lowest Rated Collection | ? | Santa Claus Conquers the Martians (1964) (TMDb: 32307)          |
[2022-07-08 02:34:03,317] [builder.py:2187]           [INFO]     | IMDb Lowest Rated Collection | ? | Slender Man (2018) (TMDb: 439015)                               |
[2022-07-08 02:34:03,646] [builder.py:2187]           [INFO]     | IMDb Lowest Rated Collection | ? | 365 Days: This Day (2022) (TMDb: 829557)                        |
[2022-07-08 02:34:04,080] [builder.py:2187]           [INFO]     | IMDb Lowest Rated Collection | ? | Enes Batur (2018) (TMDb: 495339)                                |
[2022-07-08 02:34:04,480] [builder.py:2187]           [INFO]     | IMDb Lowest Rated Collection | ? | The Emoji Movie (2017) (TMDb: 378236)                           |
[2022-07-08 02:34:04,735] [builder.py:2187]           [INFO]     | IMDb Lowest Rated Collection | ? | Vampires Suck (2010) (TMDb: 40264)                              |
[2022-07-08 02:34:04,980] [builder.py:2187]           [INFO]     | IMDb Lowest Rated Collection | ? | The Cost of Deception (2021) (TMDb: 876671)                     |
[2022-07-08 02:34:05,202] [builder.py:2187]           [INFO]     | IMDb Lowest Rated Collection | ? | Steel (1997) (TMDb: 8854)                                       |
[2022-07-08 02:34:05,591] [builder.py:2187]           [INFO]     | IMDb Lowest Rated Collection | ? | The Starving Games (2013) (TMDb: 225703)                        |
[2022-07-08 02:34:05,850] [builder.py:2187]           [INFO]     | IMDb Lowest Rated Collection | ? | The Open House (2018) (TMDb: 485774)                            |
[2022-07-08 02:34:06,057] [builder.py:2187]           [INFO]     | IMDb Lowest Rated Collection | ? | Scary Movie 5 (2013) (TMDb: 4258)                               |
[2022-07-08 02:34:06,313] [builder.py:2187]           [INFO]     | IMDb Lowest Rated Collection | ? | Tees Maar Khan (2010) (TMDb: 46040)                             |
[2022-07-08 02:34:06,816] [builder.py:2187]           [INFO]     | IMDb Lowest Rated Collection | ? | Dumb and Dumberer: When Harry Met Lloyd (2003) (TMDb: 10152)    |
[2022-07-08 02:34:07,268] [builder.py:2187]           [INFO]     | IMDb Lowest Rated Collection | ? | The Return of the Texas Chainsaw Massacre (1995) (TMDb: 16780)  |
[2022-07-08 02:34:07,591] [builder.py:2187]           [INFO]     | IMDb Lowest Rated Collection | ? | The Room (2003) (TMDb: 17473)                                   |
[2022-07-08 02:34:07,813] [builder.py:2187]           [INFO]     | IMDb Lowest Rated Collection | ? | Gunday (2014) (TMDb: 250551)                                    |
[2022-07-08 02:34:08,091] [builder.py:2187]           [INFO]     | IMDb Lowest Rated Collection | ? | Bratz (2007) (TMDb: 14123)                                      |
[2022-07-08 02:34:08,383] [builder.py:2187]           [INFO]     | IMDb Lowest Rated Collection | ? | The Master of Disguise (2002) (TMDb: 13908)                     |
[2022-07-08 02:34:08,625] [builder.py:2187]           [INFO]     | IMDb Lowest Rated Collection | ? | Student of the Year 2 (2019) (TMDb: 503129)                     |
[2022-07-08 02:34:08,816] [builder.py:2187]           [INFO]     | IMDb Lowest Rated Collection | ? | Police Academy: Mission to Moscow (1994) (TMDb: 11546)          |
[2022-07-08 02:34:09,058] [builder.py:2187]           [INFO]     | IMDb Lowest Rated Collection | ? | Daddy Day Camp (2007) (TMDb: 14144)                             |
[2022-07-08 02:34:09,366] [builder.py:2187]           [INFO]     | IMDb Lowest Rated Collection | ? | Laxmii (2020) (TMDb: 603673)                                    |
[2022-07-08 02:34:09,613] [builder.py:2187]           [INFO]     | IMDb Lowest Rated Collection | ? | Hercules in New York (1970) (TMDb: 5227)                        |
[2022-07-08 02:34:09,835] [builder.py:2187]           [INFO]     | IMDb Lowest Rated Collection | ? | Barb Wire (1996) (TMDb: 11867)                                  |
[2022-07-08 02:34:10,091] [builder.py:2187]           [INFO]     | IMDb Lowest Rated Collection | ? | Breach (2020) (TMDb: 651571)                                    |
[2022-07-08 02:34:10,324] [builder.py:2187]           [INFO]     | IMDb Lowest Rated Collection | ? | Far Cry (2008) (TMDb: 7916)                                     |
[2022-07-08 02:34:10,546] [builder.py:2187]           [INFO]     | IMDb Lowest Rated Collection | ? | Mortal Kombat: Annihilation (1997) (TMDb: 9823)                 |
[2022-07-08 02:34:10,746] [builder.py:2187]           [INFO]     | IMDb Lowest Rated Collection | ? | 3 Ninjas: High Noon at Mega Mountain (1998) (TMDb: 32302)       |
[2022-07-08 02:34:11,013] [builder.py:2187]           [INFO]     | IMDb Lowest Rated Collection | ? | FearDotCom (2002) (TMDb: 9544)                                  |
[2022-07-08 02:34:11,268] [builder.py:2187]           [INFO]     | IMDb Lowest Rated Collection | ? | Batman & Robin (1997) (TMDb: 415)                               |
[2022-07-08 02:34:11,649] [builder.py:2187]           [INFO]     | IMDb Lowest Rated Collection | ? | Crossroads (2002) (TMDb: 17130)                                 |
[2022-07-08 02:34:11,924] [builder.py:2187]           [INFO]     | IMDb Lowest Rated Collection | ? | Spice World (1997) (TMDb: 6116)                                 |
[2022-07-08 02:34:12,202] [builder.py:2187]           [INFO]     | IMDb Lowest Rated Collection | ? | Fifty Shades of Black (2016) (TMDb: 351819)                     |
[2022-07-08 02:34:12,449] [builder.py:2187]           [INFO]     | IMDb Lowest Rated Collection | ? | The NeverEnding Story III (1994) (TMDb: 27793)                  |
[2022-07-08 02:34:12,702] [builder.py:2187]           [INFO]     | IMDb Lowest Rated Collection | ? | Spy Kids: All the Time in the World (2011) (TMDb: 56288)        |
[2022-07-08 02:34:12,924] [builder.py:2187]           [INFO]     | IMDb Lowest Rated Collection | ? | Jaws 3-D (1983) (TMDb: 17692)                                   |
[2022-07-08 02:34:13,191] [builder.py:2187]           [INFO]     | IMDb Lowest Rated Collection | ? | Superman IV: The Quest for Peace (1987) (TMDb: 11411)           |
[2022-07-08 02:34:13,449] [builder.py:2187]           [INFO]     | IMDb Lowest Rated Collection | ? | Captain America (1990) (TMDb: 13995)                            |
[2022-07-08 02:34:13,824] [builder.py:2187]           [INFO]     | IMDb Lowest Rated Collection | ? | Black Christmas (2019) (TMDb: 551808)                           |
[2022-07-08 02:34:14,080] [builder.py:2187]           [INFO]     | IMDb Lowest Rated Collection | ? | The Wicker Man (2006) (TMDb: 9708)                              |
[2022-07-08 02:34:14,402] [builder.py:2187]           [INFO]     | IMDb Lowest Rated Collection | ? | The Fog (2005) (TMDb: 791)                                      |
[2022-07-08 02:34:14,668] [builder.py:2187]           [INFO]     | IMDb Lowest Rated Collection | ? | The Adventures of Sharkboy and Lavagirl (2005) (TMDb: 14199)    |
[2022-07-08 02:34:14,957] [builder.py:2187]           [INFO]     | IMDb Lowest Rated Collection | ? | Mac and Me (1988) (TMDb: 20196)                                 |
[2022-07-08 02:34:15,257] [builder.py:2187]           [INFO]     | IMDb Lowest Rated Collection | ? | Dungeons & Dragons (2000) (TMDb: 11849)                         |
[2022-07-08 02:34:15,591] [builder.py:2187]           [INFO]     | IMDb Lowest Rated Collection | ? | Dragon Wars (2007) (TMDb: 10253)                                |
[2022-07-08 02:34:15,813] [builder.py:2187]           [INFO]     | IMDb Lowest Rated Collection | ? | Bucky Larson: Born to Be a Star (2011) (TMDb: 67911)            |
[2022-07-08 02:34:16,091] [builder.py:2187]           [INFO]     | IMDb Lowest Rated Collection | ? | Smolensk (2016) (TMDb: 415861)                                  |
[2022-07-08 02:34:16,391] [builder.py:2187]           [INFO]     | IMDb Lowest Rated Collection | ? | I Know Who Killed Me (2007) (TMDb: 5857)                        |
[2022-07-08 02:34:16,768] [builder.py:2187]           [INFO]     | IMDb Lowest Rated Collection | ? | Piranha 3DD (2012) (TMDb: 71668)                                |
[2022-07-08 02:34:17,024] [builder.py:2187]           [INFO]     | IMDb Lowest Rated Collection | ? | Baaghi 3 (2020) (TMDb: 594669)                                  |
[2022-07-08 02:34:17,315] [builder.py:2187]           [INFO]     | IMDb Lowest Rated Collection | ? | The Love Guru (2008) (TMDb: 12177)                              |
[2022-07-08 02:34:17,657] [builder.py:2187]           [INFO]     | IMDb Lowest Rated Collection | ? | In the Name of the King: A Dungeon Siege Tale (2007) (TMDb: 2312) |
[2022-07-08 02:34:18,115] [builder.py:2187]           [INFO]     | IMDb Lowest Rated Collection | ? | The Flintstones in Viva Rock Vegas (2000) (TMDb: 889)           |
[2022-07-08 02:34:18,324] [builder.py:2187]           [INFO]     | IMDb Lowest Rated Collection | ? | The Avengers (1998) (TMDb: 9320)                                |
[2022-07-08 02:34:18,635] [builder.py:2187]           [INFO]     | IMDb Lowest Rated Collection | ? | The Hungover Games (2014) (TMDb: 244688)                        |
[2022-07-08 02:34:18,924] [builder.py:2187]           [INFO]     | IMDb Lowest Rated Collection | ? | Street Fighter: The Legend of Chun-Li (2009) (TMDb: 15268)      |
[2022-07-08 02:34:19,235] [builder.py:2187]           [INFO]     | IMDb Lowest Rated Collection | ? | Stan Helsing (2009) (TMDb: 23988)                               |
[2022-07-08 02:34:19,491] [builder.py:2187]           [INFO]     | IMDb Lowest Rated Collection | ? | Speed 2: Cruise Control (1997) (TMDb: 1639)                     |
[2022-07-08 02:34:19,724] [builder.py:2187]           [INFO]     | IMDb Lowest Rated Collection | ? | The Human Centipede 2 (Full Sequence) (2011) (TMDb: 74997)      |
[2022-07-08 02:34:20,002] [builder.py:2187]           [INFO]     | IMDb Lowest Rated Collection | ? | Ballistic: Ecks vs. Sever (2002) (TMDb: 10550)                  |
[2022-07-08 02:34:20,235] [builder.py:2187]           [INFO]     | IMDb Lowest Rated Collection | ? | Teen Wolf Too (1987) (TMDb: 15582)                              |
[2022-07-08 02:34:20,236] [builder.py:2192]           [INFO]     |                                                                                                    |
[2022-07-08 02:34:20,236] [builder.py:2193]           [INFO]     | 100 Movies Missing                                                                                 |
[2022-07-08 02:34:20,237] [plex_meta_manager.py:593]  [INFO]     |                                                                                                    |
[2022-07-08 02:34:20,237] [plex_meta_manager.py:594]  [INFO]     | Collection Minimum: 3 not met for IMDb Lowest Rated Collection                                     |
[2022-07-08 02:34:20,238] [plex_meta_manager.py:674]  [INFO]     |                                                                                                    |
[2022-07-08 02:34:20,238] [plex_meta_manager.py:675]  [INFO]     |====================================================================================================|
[2022-07-08 02:34:20,239] [plex_meta_manager.py:675]  [INFO]     |                               Finished IMDb Lowest Rated Collection                                |
[2022-07-08 02:34:20,239] [plex_meta_manager.py:675]  [INFO]     |                                    Collection Run Time: 0:00:31                                    |
[2022-07-08 02:34:20,239] [plex_meta_manager.py:675]  [INFO]     |====================================================================================================|
