[2022-06-10 21:32:36,390] [builder.py:185]            [INFO]     |====================================================================================================|
[2022-06-10 21:32:36,391] [builder.py:185]            [INFO]     |                             TMDb Popular Collection in .Documentaries                              |
[2022-06-10 21:32:36,391] [builder.py:185]            [INFO]     |====================================================================================================|
[2022-06-10 21:32:36,392] [builder.py:186]            [INFO]     |                                                                                                    |
[2022-06-10 21:32:36,392] [builder.py:191]            [INFO]     |================================ Validating TMDb Popular Attributes ================================|
[2022-06-10 21:32:36,393] [builder.py:212]            [DEBUG]    |                                                                                                    |
[2022-06-10 21:32:36,393] [builder.py:213]            [DEBUG]    | Validating Method: template                                                                        |
[2022-06-10 21:32:36,394] [meta.py:103]               [DEBUG]    | Value: [ordereddict([('name', 'popular')]), ordereddict([('name', 'customsync')]), ordereddict([('name', 'chart_shared'), ('key', 'popular')])] |
[2022-06-10 21:32:36,400] [builder.py:437]            [DEBUG]    |                                                                                                    |
[2022-06-10 21:32:36,400] [builder.py:438]            [DEBUG]    | Validating Method: sync_mode                                                                       |
[2022-06-10 21:32:36,401] [builder.py:442]            [DEBUG]    | Value: sync                                                                                        |
[2022-06-10 21:32:36,401] [builder.py:582]            [DEBUG]    |                                                                                                    |
[2022-06-10 21:32:36,402] [builder.py:583]            [DEBUG]    | Validating Method: collection_order                                                                |
[2022-06-10 21:32:36,402] [builder.py:584]            [DEBUG]    | Value: custom                                                                                      |
[2022-06-10 21:32:36,403] [builder.py:600]            [DEBUG]    |                                                                                                    |
[2022-06-10 21:32:36,403] [builder.py:604]            [DEBUG]    | Validating Method: tmdb_popular                                                                    |
[2022-06-10 21:32:36,404] [builder.py:605]            [DEBUG]    | Value: 100                                                                                         |
[2022-06-10 21:32:36,405] [builder.py:600]            [DEBUG]    |                                                                                                    |
[2022-06-10 21:32:36,405] [builder.py:604]            [DEBUG]    | Validating Method: summary                                                                         |
[2022-06-10 21:32:36,406] [builder.py:605]            [DEBUG]    | Value: A collection of the most watched shows according to TMDb.                                   |
[2022-06-10 21:32:36,406] [builder.py:600]            [DEBUG]    |                                                                                                    |
[2022-06-10 21:32:36,407] [builder.py:604]            [DEBUG]    | Validating Method: sort_title                                                                      |
[2022-06-10 21:32:36,407] [builder.py:605]            [DEBUG]    | Value: !01_TMDb Popular                                                                            |
[2022-06-10 21:32:36,408] [builder.py:600]            [DEBUG]    |                                                                                                    |
[2022-06-10 21:32:36,408] [builder.py:604]            [DEBUG]    | Validating Method: url_poster                                                                      |
[2022-06-10 21:32:36,408] [builder.py:605]            [DEBUG]    | Value: https://raw.githubusercontent.com/meisnate12/Plex-Meta-Manager-Images/master/chart/TMDb%20Popular.jpg |
[2022-06-10 21:32:36,442] [plex.py:742]               [DEBUG]    |                                                                                                    |
[2022-06-10 21:32:36,444] [plex.py:745]               [DEBUG]    | Looking for: TMDb Popular                                                                          |
[2022-06-10 21:32:36,445] [builder.py:764]            [INFO]     |                                                                                                    |
[2022-06-10 21:32:36,446] [builder.py:765]            [INFO]     | Validation Successful                                                                              |
[2022-06-10 21:32:36,448] [plex_meta_manager.py:539]  [INFO]     |                                                                                                    |
[2022-06-10 21:32:36,450] [plex_meta_manager.py:541]  [INFO]     |================================= Running TMDb Popular Collection ==================================|
[2022-06-10 21:32:36,451] [plex_meta_manager.py:553]  [INFO]     |                                                                                                    |
[2022-06-10 21:32:36,452] [plex_meta_manager.py:554]  [INFO]     | Sync Mode: sync                                                                                    |
[2022-06-10 21:32:36,453] [plex_meta_manager.py:557]  [DEBUG]    |                                                                                                    |
[2022-06-10 21:32:36,453] [plex_meta_manager.py:558]  [DEBUG]    | Builder: tmdb_popular: 100                                                                         |
[2022-06-10 21:32:36,454] [plex_meta_manager.py:559]  [INFO]     |                                                                                                    |
[2022-06-10 21:32:36,723] [tmdb.py:344]               [INFO]     | Processing TMDb Popular: 100 Shows                                                                 |
[2022-06-10 21:32:36,724] [builder.py:1507]           [DEBUG]    |                                                                                                    |
[2022-06-10 21:32:36,725] [builder.py:1508]           [DEBUG]    | 100 IDs Found: [(66732, 'tmdb_show'), (76479, 'tmdb_show'), (92830, 'tmdb_show'), (52814, 'tmdb_show'), (49608, 'tmdb_show'), (62348, 'tmdb_show'), (115646, 'tmdb_show'), (154300, 'tmdb_show'), (92749, 'tmdb_show'), (158415, 'tmdb_show'), (157936, 'tmdb_show'), (60574, 'tmdb_show'), (2051, 'tmdb_show'), (202348, 'tmdb_show'), (89491, 'tmdb_show'), (154911, 'tmdb_show'), (1416, 'tmdb_show'), (120089, 'tmdb_show'), (95171, 'tmdb_show'), (136166, 'tmdb_show'), (79028, 'tmdb_show'), (93449, 'tmdb_show'), (99966, 'tmdb_show'), (63174, 'tmdb_show'), (122151, 'tmdb_show'), (1900, 'tmdb_show'), (2024, 'tmdb_show'), (103516, 'tmdb_show'), (157171, 'tmdb_show'), (128010, 'tmdb_show'), (60735, 'tmdb_show'), (456, 'tmdb_show'), (1402, 'tmdb_show'), (71712, 'tmdb_show'), (154571, 'tmdb_show'), (154521, 'tmdb_show'), (2527, 'tmdb_show'), (135647, 'tmdb_show'), (44953, 'tmdb_show'), (1655, 'tmdb_show'), (1399, 'tmdb_show'), (11250, 'tmdb_show'), (30810, 'tmdb_show'), (966, 'tmdb_show'), (196749, 'tmdb_show'), (83215, 'tmdb_show'), (2734, 'tmdb_show'), (18165, 'tmdb_show'), (119903, 'tmdb_show'), (1622, 'tmdb_show'), (95057, 'tmdb_show'), (37680, 'tmdb_show'), (80020, 'tmdb_show'), (158916, 'tmdb_show'), (122152, 'tmdb_show'), (94722, 'tmdb_show'), (118663, 'tmdb_show'), (12971, 'tmdb_show'), (59941, 'tmdb_show'), (121726, 'tmdb_show'), (77169, 'tmdb_show'), (5920, 'tmdb_show'), (4057, 'tmdb_show'), (2224, 'tmdb_show'), (62715, 'tmdb_show'), (1408, 'tmdb_show'), (85552, 'tmdb_show'), (43348, 'tmdb_show'), (14750, 'tmdb_show'), (1396, 'tmdb_show'), (86831, 'tmdb_show'), (71790, 'tmdb_show'), (65334, 'tmdb_show'), (123349, 'tmdb_show'), (155645, 'tmdb_show'), (46260, 'tmdb_show'), (62286, 'tmdb_show'), (46952, 'tmdb_show'), (69050, 'tmdb_show'), (104877, 'tmdb_show'), (44217, 'tmdb_show'), (93405, 'tmdb_show'), (1911, 'tmdb_show'), (116135, 'tmdb_show'), (2190, 'tmdb_show'), (115915, 'tmdb_show'), (81772, 'tmdb_show'), (11890, 'tmdb_show'), (79460, 'tmdb_show'), (13945, 'tmdb_show'), (4614, 'tmdb_show'), (987, 'tmdb_show'), (81356, 'tmdb_show'), (76669, 'tmdb_show'), (31910, 'tmdb_show'), (31132, 'tmdb_show'), (117821, 'tmdb_show'), (80623, 'tmdb_show'), (44006, 'tmdb_show'), (124834, 'tmdb_show')] |
[2022-06-10 21:32:36,725] [builder.py:1509]           [DEBUG]    |                                                                                                    |
[2022-06-10 21:32:37,548] [builder.py:1583]           [WARNING]  | Convert Error: No TVDb ID Found for TMDb ID: 154300                                                |
[2022-06-10 21:32:37,666] [builder.py:1583]           [WARNING]  | Convert Error: No TVDb ID Found for TMDb ID: 202348                                                |
[2022-06-10 21:32:37,798] [builder.py:1583]           [WARNING]  | Convert Error: No TVDb ID Found for TMDb ID: 136166                                                |
[2022-06-10 21:32:38,016] [builder.py:1583]           [WARNING]  | Convert Error: No TVDb ID Found for TMDb ID: 122151                                                |
[2022-06-10 21:32:38,243] [builder.py:1583]           [WARNING]  | Convert Error: No TVDb ID Found for TMDb ID: 157171                                                |
[2022-06-10 21:32:38,934] [builder.py:1583]           [WARNING]  | Convert Error: No TVDb ID Found for TMDb ID: 119903                                                |
[2022-06-10 21:32:39,009] [builder.py:1583]           [WARNING]  | Convert Error: No TVDb ID Found for TMDb ID: 122152                                                |
[2022-06-10 21:32:39,101] [builder.py:2218]           [INFO]     |                                                                                                    |
[2022-06-10 21:32:39,102] [builder.py:2219]           [INFO]     |============================= Missing Shows from Library: TMDb Popular =============================|
[2022-06-10 21:32:39,102] [builder.py:2220]           [INFO]     |                                                                                                    |
[2022-06-10 21:32:39,163] [builder.py:2232]           [INFO]     | TMDb Popular Collection | ? | Stranger Things (TVDb: 305288)                                       |
[2022-06-10 21:32:39,820] [builder.py:2232]           [INFO]     | TMDb Popular Collection | ? | The Boys (TVDb: 355567)                                              |
[2022-06-10 21:32:40,299] [builder.py:2232]           [INFO]     | TMDb Popular Collection | ? | Obi-Wan Kenobi (TVDb: 393199)                                        |
[2022-06-10 21:32:40,598] [builder.py:2232]           [INFO]     | TMDb Popular Collection | ? | Halo (TVDb: 366524)                                                  |
[2022-06-10 21:32:40,673] [builder.py:2232]           [INFO]     | TMDb Popular Collection | ? | A Mother's Love (TVDb: 416528)                                       |
[2022-06-10 21:32:40,835] [builder.py:2232]           [INFO]     | TMDb Popular Collection | ? | A Konyhafőnök (TVDb: 285523)                                         |
[2022-06-10 21:32:40,910] [builder.py:2232]           [INFO]     | TMDb Popular Collection | ? | Lisa (TVDb: 387275)                                                  |
[2022-06-10 21:32:41,098] [builder.py:2232]           [INFO]     | TMDb Popular Collection | ? | Moon Knight (TVDb: 368611)                                           |
[2022-06-10 21:32:41,869] [builder.py:2232]           [INFO]     | TMDb Popular Collection | ? | Pantanal (TVDb: 413833)                                              |
[2022-06-10 21:32:42,002] [builder.py:2232]           [INFO]     | TMDb Popular Collection | ? | For You (TVDb: 416687)                                               |
[2022-06-10 21:32:42,165] [builder.py:2232]           [INFO]     | TMDb Popular Collection | ? | Peaky Blinders (TVDb: 270915)                                        |
[2022-06-10 21:32:42,376] [builder.py:2232]           [INFO]     | TMDb Popular Collection | ? | The Price Is Right (TVDb: 77072)                                     |
[2022-06-10 21:32:42,487] [builder.py:2232]           [INFO]     | TMDb Popular Collection | ? | America Says (TVDb: 352768)                                          |
[2022-06-10 21:32:42,886] [builder.py:2232]           [INFO]     | TMDb Popular Collection | ? | A Trick of Fate (TVDb: 413832)                                       |
[2022-06-10 21:32:44,264] [builder.py:2232]           [INFO]     | TMDb Popular Collection | ? | Grey's Anatomy (TVDb: 73762)                                         |
[2022-06-10 21:32:44,819] [builder.py:2232]           [INFO]     | TMDb Popular Collection | ? | SPY x FAMILY (TVDb: 405920)                                          |
[2022-06-10 21:32:46,039] [builder.py:2232]           [INFO]     | TMDb Popular Collection | ? | Prehistoric Planet (2022) (TVDb: 418505)                             |
[2022-06-10 21:32:46,554] [builder.py:2232]           [INFO]     | TMDb Popular Collection | ? | Power Couple Brazil (TVDb: 310232)                                   |
[2022-06-10 21:32:46,867] [builder.py:2232]           [INFO]     | TMDb Popular Collection | ? | Tamron Hall (TVDb: 369256)                                           |
[2022-06-10 21:32:47,607] [builder.py:2232]           [INFO]     | TMDb Popular Collection | ? | All of Us Are Dead (TVDb: 382142)                                    |
[2022-06-10 21:32:47,758] [builder.py:2232]           [INFO]     | TMDb Popular Collection | ? | Lucifer (TVDb: 295685)                                               |
[2022-06-10 21:32:48,795] [builder.py:2232]           [INFO]     | TMDb Popular Collection | ? | LIVE with Kelly and Ryan (TVDb: 72146)                               |
[2022-06-10 21:32:49,510] [builder.py:2232]           [INFO]     | TMDb Popular Collection | ? | The People's Court (TVDb: 261665)                                    |
[2022-06-10 21:32:49,631] [builder.py:2232]           [INFO]     | TMDb Popular Collection | ? | Star Trek: Strange New Worlds (TVDb: 382389)                         |
[2022-06-10 21:32:49,790] [builder.py:2232]           [INFO]     | TMDb Popular Collection | ? | Welcome to Eden (TVDb: 393110)                                       |
[2022-06-10 21:32:49,853] [builder.py:2232]           [INFO]     | TMDb Popular Collection | ? | The Flash (2014) (TVDb: 279121)                                      |
[2022-06-10 21:32:49,990] [builder.py:2232]           [INFO]     | TMDb Popular Collection | ? | The Simpsons (TVDb: 71663)                                           |
[2022-06-10 21:32:50,555] [builder.py:2232]           [INFO]     | TMDb Popular Collection | ? | The Walking Dead (TVDb: 153021)                                      |
[2022-06-10 21:32:50,875] [builder.py:2232]           [INFO]     | TMDb Popular Collection | ? | The Good Doctor (TVDb: 328634)                                       |
[2022-06-10 21:32:51,205] [builder.py:2232]           [INFO]     | TMDb Popular Collection | ? | I want to live (TVDb: 413793)                                        |
[2022-06-10 21:32:51,668] [builder.py:2232]           [INFO]     | TMDb Popular Collection | ? | The Kardashians (TVDb: 414093)                                       |
[2022-06-10 21:32:51,800] [builder.py:2232]           [INFO]     | TMDb Popular Collection | ? | Emmerdale (TVDb: 77715)                                              |
[2022-06-10 21:32:51,956] [builder.py:2232]           [INFO]     | TMDb Popular Collection | ? | 2 Good 2 Be True (TVDb: 419154)                                      |
[2022-06-10 21:32:52,275] [builder.py:2232]           [INFO]     | TMDb Popular Collection | ? | The Lord of the Skies (TVDb: 279123)                                 |
[2022-06-10 21:32:52,714] [builder.py:2232]           [INFO]     | TMDb Popular Collection | ? | PBS NewsHour (TVDb: 81388)                                           |
[2022-06-10 21:32:52,775] [builder.py:2232]           [INFO]     | TMDb Popular Collection | ? | Game of Thrones (TVDb: 121361)                                       |
[2022-06-10 21:32:52,898] [builder.py:2232]           [INFO]     | TMDb Popular Collection | ? | Hidden Passion (TVDb: 169581)                                        |
[2022-06-10 21:32:53,101] [builder.py:2232]           [INFO]     | TMDb Popular Collection | ? | Pointless (TVDb: 192351)                                             |
[2022-06-10 21:32:53,409] [builder.py:2232]           [INFO]     | TMDb Popular Collection | ? | Hollyoaks (TVDb: 78006)                                              |
[2022-06-10 21:32:53,566] [builder.py:2232]           [INFO]     | TMDb Popular Collection | ? | The Quest (2022) (TVDb: 418549)                                      |
[2022-06-10 21:32:53,865] [builder.py:2232]           [INFO]     | TMDb Popular Collection | ? | Married at First Sight (PT) (TVDb: 354327)                           |
[2022-06-10 21:32:54,231] [builder.py:2232]           [INFO]     | TMDb Popular Collection | ? | Law & Order: Special Victims Unit (TVDb: 75692)                      |
[2022-06-10 21:32:54,465] [builder.py:2232]           [INFO]     | TMDb Popular Collection | ? | The Vampire Diaries (TVDb: 95491)                                    |
[2022-06-10 21:32:54,876] [builder.py:2232]           [INFO]     | TMDb Popular Collection | ? | Supernatural (TVDb: 78901)                                           |
[2022-06-10 21:32:55,058] [builder.py:2232]           [INFO]     | TMDb Popular Collection | ? | Superman & Lois (TVDb: 375655)                                       |
[2022-06-10 21:32:55,131] [builder.py:2232]           [INFO]     | TMDb Popular Collection | ? | Suits (TVDb: 247808)                                                 |
[2022-06-10 21:32:55,364] [builder.py:2232]           [INFO]     | TMDb Popular Collection | ? | Super Dragon Ball Heroes (TVDb: 347734)                              |
[2022-06-10 21:32:55,432] [builder.py:2232]           [INFO]     | TMDb Popular Collection | ? | The Marked Heart (TVDb: 418089)                                      |
[2022-06-10 21:32:55,500] [builder.py:2232]           [INFO]     | TMDb Popular Collection | ? | Tagesschau (TVDb: 252244)                                            |
[2022-06-10 21:32:56,594] [builder.py:2232]           [INFO]     | TMDb Popular Collection | ? | The Man Who Fell to Earth (TVDb: 414721)                             |
[2022-06-10 21:32:57,258] [builder.py:2232]           [INFO]     | TMDb Popular Collection | ? | Dragon Ball Z (TVDb: 81472)                                          |
[2022-06-10 21:32:57,943] [builder.py:2232]           [INFO]     | TMDb Popular Collection | ? | The Tonight Show Starring Jimmy Fallon (TVDb: 270261)                |
[2022-06-10 21:32:58,032] [builder.py:2232]           [INFO]     | TMDb Popular Collection | ? | Love Island España (TVDb: 398465)                                    |
[2022-06-10 21:32:58,922] [builder.py:2232]           [INFO]     | TMDb Popular Collection | ? | Cobra Kai (TVDb: 332858)                                             |
[2022-06-10 21:32:59,174] [builder.py:2232]           [INFO]     | TMDb Popular Collection | ? | The Mentalist (TVDb: 82459)                                          |
[2022-06-10 21:33:00,445] [builder.py:2232]           [INFO]     | TMDb Popular Collection | ? | Criminal Minds (TVDb: 75710)                                         |
[2022-06-10 21:33:00,664] [builder.py:2232]           [INFO]     | TMDb Popular Collection | ? | The Daily Show (TVDb: 71256)                                         |
[2022-06-10 21:33:01,535] [builder.py:2232]           [INFO]     | TMDb Popular Collection | ? | Dragon Ball Super (TVDb: 295068)                                     |
[2022-06-10 21:33:01,909] [builder.py:2232]           [INFO]     | TMDb Popular Collection | ? | House (TVDb: 73255)                                                  |
[2022-06-10 21:33:02,075] [builder.py:2232]           [INFO]     | TMDb Popular Collection | ? | Euphoria (US) (TVDb: 360261)                                         |
[2022-06-10 21:33:02,399] [builder.py:2232]           [INFO]     | TMDb Popular Collection | ? | Pablo Escobar, The Drug Lord (TVDb: 259730)                          |
[2022-06-10 21:33:02,599] [builder.py:2232]           [INFO]     | TMDb Popular Collection | ? | At Wspolna (TVDb: 341892)                                            |
[2022-06-10 21:33:02,731] [builder.py:2232]           [INFO]     | TMDb Popular Collection | ? | Breaking Bad (TVDb: 81189)                                           |
[2022-06-10 21:33:02,809] [builder.py:2232]           [INFO]     | TMDb Popular Collection | ? | Love, Death & Robots (TVDb: 357888)                                  |
[2022-06-10 21:33:03,624] [builder.py:2232]           [INFO]     | TMDb Popular Collection | ? | S.W.A.T. (2017) (TVDb: 328687)                                       |
[2022-06-10 21:33:03,976] [builder.py:2232]           [INFO]     | TMDb Popular Collection | ? | Miraculous: Tales of Ladybug & Cat Noir (TVDb: 302218)               |
[2022-06-10 21:33:04,769] [builder.py:2232]           [INFO]     | TMDb Popular Collection | ? | The Sound of Magic (TVDb: 394389)                                    |
[2022-06-10 21:33:05,059] [builder.py:2232]           [INFO]     | TMDb Popular Collection | ? | Señorita 89 (TVDb: 402288)                                           |
[2022-06-10 21:33:05,910] [builder.py:2232]           [INFO]     | TMDb Popular Collection | ? | Naruto (TVDb: 78857)                                                 |
[2022-06-10 21:33:06,804] [builder.py:2232]           [INFO]     | TMDb Popular Collection | ? | Fear the Walking Dead (TVDb: 290853)                                 |
[2022-06-10 21:33:07,441] [builder.py:2232]           [INFO]     | TMDb Popular Collection | ? | The Blacklist (TVDb: 266189)                                         |
[2022-06-10 21:33:07,665] [builder.py:2232]           [INFO]     | TMDb Popular Collection | ? | Riverdale (TVDb: 311954)                                             |
[2022-06-10 21:33:08,054] [builder.py:2232]           [INFO]     | TMDb Popular Collection | ? | Love Is In The Air (2020) (TVDb: 383383)                             |
[2022-06-10 21:33:08,520] [builder.py:2232]           [INFO]     | TMDb Popular Collection | ? | Vikings (TVDb: 260449)                                               |
[2022-06-10 21:33:08,734] [builder.py:2232]           [INFO]     | TMDb Popular Collection | ? | Squid Game (TVDb: 383275)                                            |
[2022-06-10 21:33:08,847] [builder.py:2232]           [INFO]     | TMDb Popular Collection | ? | Bones (TVDb: 75682)                                                  |
[2022-06-10 21:33:09,272] [builder.py:2232]           [INFO]     | TMDb Popular Collection | ? | Vikings: Valhalla (TVDb: 372700)                                     |
[2022-06-10 21:33:10,181] [builder.py:2232]           [INFO]     | TMDb Popular Collection | ? | South Park (TVDb: 75897)                                             |
[2022-06-10 21:33:10,376] [builder.py:2232]           [INFO]     | TMDb Popular Collection | ? | The Baby (TVDb: 393566)                                              |
[2022-06-10 21:33:10,498] [builder.py:2232]           [INFO]     | TMDb Popular Collection | ? | Oteckovia (TVDb: 340318)                                             |
[2022-06-10 21:33:10,565] [builder.py:2232]           [INFO]     | TMDb Popular Collection | ? | Goede tijden, slechte tijden (TVDb: 104271)                          |
[2022-06-10 21:33:10,710] [builder.py:2232]           [INFO]     | TMDb Popular Collection | ? | Legacies (TVDb: 349309)                                              |
[2022-06-10 21:33:10,804] [builder.py:2232]           [INFO]     | TMDb Popular Collection | ? | Good times, bad times (TVDb: 82495)                                  |
[2022-06-10 21:33:10,887] [builder.py:2232]           [INFO]     | TMDb Popular Collection | ? | NCIS (TVDb: 72108)                                                   |
[2022-06-10 21:33:11,733] [builder.py:2232]           [INFO]     | TMDb Popular Collection | ? | General Hospital (TVDb: 75332)                                       |
[2022-06-10 21:33:12,153] [builder.py:2232]           [INFO]     | TMDb Popular Collection | ? | Sex Education (TVDb: 356317)                                         |
[2022-06-10 21:33:12,364] [builder.py:2232]           [INFO]     | TMDb Popular Collection | ? | Elite (TVDb: 346328)                                                 |
[2022-06-10 21:33:12,530] [builder.py:2232]           [INFO]     | TMDb Popular Collection | ? | Naruto Shippuden (TVDb: 79824)                                       |
[2022-06-10 21:33:12,589] [builder.py:2232]           [INFO]     | TMDb Popular Collection | ? | Regular Show (TVDb: 188401)                                          |
[2022-06-10 21:33:12,654] [builder.py:2232]           [INFO]     | TMDb Popular Collection | ? | WeCrashed (TVDb: 393499)                                             |
[2022-06-10 21:33:13,290] [builder.py:2232]           [INFO]     | TMDb Popular Collection | ? | Baki (2018) (TVDb: 348742)                                           |
[2022-06-10 21:33:13,464] [builder.py:2232]           [INFO]     | TMDb Popular Collection | ? | Chicago Fire (TVDb: 258541)                                          |
[2022-06-10 21:33:13,609] [builder.py:2232]           [INFO]     | TMDb Popular Collection | ? | Heartstopper (TVDb: 395494)                                          |
[2022-06-10 21:33:13,609] [builder.py:2237]           [INFO]     |                                                                                                    |
[2022-06-10 21:33:13,610] [builder.py:2238]           [INFO]     | 93 Shows Missing                                                                                   |
[2022-06-10 21:33:13,610] [plex_meta_manager.py:593]  [INFO]     |                                                                                                    |
[2022-06-10 21:33:13,611] [plex_meta_manager.py:594]  [INFO]     | Collection Minimum: 1 not met for TMDb Popular Collection                                          |
[2022-06-10 21:33:13,611] [plex_meta_manager.py:674]  [INFO]     |                                                                                                    |
[2022-06-10 21:33:13,612] [plex_meta_manager.py:675]  [INFO]     |====================================================================================================|
[2022-06-10 21:33:13,612] [plex_meta_manager.py:675]  [INFO]     |                                  Finished TMDb Popular Collection                                  |
[2022-06-10 21:33:13,613] [plex_meta_manager.py:675]  [INFO]     |                                    Collection Run Time: 0:00:37                                    |
[2022-06-10 21:33:13,613] [plex_meta_manager.py:675]  [INFO]     |====================================================================================================|
