[2022-07-08 02:29:14,990] [builder.py:185]            [INFO]     |====================================================================================================|
[2022-07-08 02:29:14,991] [builder.py:185]            [INFO]     |                                  Best of 1960s Collection in 亚洲电影                                  |
[2022-07-08 02:29:14,992] [builder.py:185]            [INFO]     |====================================================================================================|
[2022-07-08 02:29:14,992] [builder.py:186]            [INFO]     |                                                                                                    |
[2022-07-08 02:29:14,993] [builder.py:191]            [INFO]     |=============================== Validating Best of 1960s Attributes ================================|
[2022-07-08 02:29:14,993] [builder.py:212]            [DEBUG]    |                                                                                                    |
[2022-07-08 02:29:14,993] [builder.py:213]            [DEBUG]    | Validating Method: template                                                                        |
[2022-07-08 02:29:14,994] [meta.py:103]               [DEBUG]    | Value: [{'value': ['1960'], 'decade': ['1960'], 'key_name': '1960s', 'key': '1960', 'name': 'decade_dynamic'}, {'value': ['1960'], 'decade': ['1960'], 'key_name': '1960s', 'key': '1960', 'name': 'shared'}] |
[2022-07-08 02:29:14,996] [builder.py:1675]           [INFO]     |                                                                                                    |
[2022-07-08 02:29:14,996] [builder.py:1676]           [INFO]     | Validating Method: smart_filter                                                                    |
[2022-07-08 02:29:14,997] [builder.py:1682]           [DEBUG]    | Value: {'sort_by': 'critic_rating.desc', 'any': {'decade': ['1960']}, 'limit': 100}                |
[2022-07-08 02:29:14,997] [builder.py:600]            [DEBUG]    |                                                                                                    |
[2022-07-08 02:29:14,998] [builder.py:604]            [DEBUG]    | Validating Method: label                                                                           |
[2022-07-08 02:29:14,998] [builder.py:605]            [DEBUG]    | Value: Decade                                                                                      |
[2022-07-08 02:29:14,998] [builder.py:600]            [DEBUG]    |                                                                                                    |
[2022-07-08 02:29:14,999] [builder.py:604]            [DEBUG]    | Validating Method: url_poster                                                                      |
[2022-07-08 02:29:14,999] [builder.py:605]            [DEBUG]    | Value: https://raw.githubusercontent.com/meisnate12/Plex-Meta-Manager-Images/master/decade/best/1960.jpg |
[2022-07-08 02:29:15,291] [builder.py:600]            [DEBUG]    |                                                                                                    |
[2022-07-08 02:29:15,291] [builder.py:604]            [DEBUG]    | Validating Method: sort_title                                                                      |
[2022-07-08 02:29:15,292] [builder.py:605]            [DEBUG]    | Value: !12_Best of 1960s                                                                           |
[2022-07-08 02:29:15,422] [builder.py:764]            [INFO]     |                                                                                                    |
[2022-07-08 02:29:15,422] [builder.py:765]            [INFO]     | Validation Successful                                                                              |
[2022-07-08 02:29:15,422] [plex_meta_manager.py:539]  [INFO]     |                                                                                                    |
[2022-07-08 02:29:15,423] [plex_meta_manager.py:541]  [INFO]     |================================= Running Best of 1960s Collection =================================|
[2022-07-08 02:29:15,423] [plex_meta_manager.py:547]  [INFO]     |                                                                                                    |
[2022-07-08 02:29:15,424] [plex_meta_manager.py:548]  [INFO]     | Smart Movie Filter                                                                                 |
                                                                 | Sort By: critic_rating.desc
                                                                 | Limit: 100
                                                                 | Filter:
                                                                 |   Match any of the following:
                                                                 |     Decade is 1960
[2022-07-08 02:29:15,554] [builder.py:2383]           [INFO]     | 
[2022-07-08 02:29:15,555] [builder.py:2384]           [INFO]     |=========================== Updating Details of Best of 1960s Collection ===========================|
[2022-07-08 02:29:15,556] [builder.py:2385]           [INFO]     |                                                                                                    |
[2022-07-08 02:29:15,580] [builder.py:2446]           [INFO]     | Collection Metadata Edits                                                                          |
[2022-07-08 02:29:15,580] [util.py:150]               [DEBUG]    | 1 poster found:                                                                                    |
[2022-07-08 02:29:15,581] [util.py:152]               [DEBUG]    | Method: url_poster Poster: https://raw.githubusercontent.com/meisnate12/Plex-Meta-Manager-Images/master/decade/best/1960.jpg |
[2022-07-08 02:29:15,583] [library.py:155]            [INFO]     | Detail: poster update not needed                                                                   |
[2022-07-08 02:29:15,694] [plex_meta_manager.py:674]  [INFO]     |                                                                                                    |
[2022-07-08 02:29:15,695] [plex_meta_manager.py:675]  [INFO]     |====================================================================================================|
[2022-07-08 02:29:15,695] [plex_meta_manager.py:675]  [INFO]     |                                 Finished Best of 1960s Collection                                  |
[2022-07-08 02:29:15,696] [plex_meta_manager.py:675]  [INFO]     |                                    Collection Run Time: 0:00:00                                    |
[2022-07-08 02:29:15,696] [plex_meta_manager.py:675]  [INFO]     |====================================================================================================|
