[2022-07-08 01:47:16,593] [builder.py:185]            [INFO]     |====================================================================================================|
[2022-07-08 01:47:16,594] [builder.py:185]            [INFO]     |                                   Singapore Collection in Movies                                   |
[2022-07-08 01:47:16,595] [builder.py:185]            [INFO]     |====================================================================================================|
[2022-07-08 01:47:16,595] [builder.py:186]            [INFO]     |                                                                                                    |
[2022-07-08 01:47:16,595] [builder.py:191]            [INFO]     |================================= Validating Singapore Attributes ==================================|
[2022-07-08 01:47:16,596] [builder.py:212]            [DEBUG]    |                                                                                                    |
[2022-07-08 01:47:16,596] [builder.py:213]            [DEBUG]    | Validating Method: template                                                                        |
[2022-07-08 01:47:16,596] [meta.py:103]               [DEBUG]    | Value: [{'value': ['Singapore'], 'country': ['Singapore'], 'key_name': 'Singapore', 'key': 'Singapore', 'name': 'country_dynamic'}, {'value': ['Singapore'], 'country': ['Singapore'], 'key_name': 'Singapore', 'key': 'Singapore', 'name': 'shared'}] |
[2022-07-08 01:47:16,598] [builder.py:1675]           [INFO]     |                                                                                                    |
[2022-07-08 01:47:16,599] [builder.py:1676]           [INFO]     | Validating Method: smart_filter                                                                    |
[2022-07-08 01:47:16,599] [builder.py:1682]           [DEBUG]    | Value: {'sort_by': 'release.desc', 'any': {'country': ['Singapore']}}                              |
[2022-07-08 01:47:16,641] [builder.py:600]            [DEBUG]    |                                                                                                    |
[2022-07-08 01:47:16,642] [builder.py:604]            [DEBUG]    | Validating Method: label                                                                           |
[2022-07-08 01:47:16,642] [builder.py:605]            [DEBUG]    | Value: Country Color                                                                               |
[2022-07-08 01:47:16,643] [builder.py:600]            [DEBUG]    |                                                                                                    |
[2022-07-08 01:47:16,644] [builder.py:604]            [DEBUG]    | Validating Method: url_poster                                                                      |
[2022-07-08 01:47:16,644] [builder.py:605]            [DEBUG]    | Value: https://raw.githubusercontent.com/meisnate12/Plex-Meta-Manager-Images/master/country/white/Singapore.jpg |
[2022-07-08 01:47:16,956] [builder.py:600]            [DEBUG]    |                                                                                                    |
[2022-07-08 01:47:16,957] [builder.py:604]            [DEBUG]    | Validating Method: sort_title                                                                      |
[2022-07-08 01:47:16,957] [builder.py:605]            [DEBUG]    | Value: !09_Singapore                                                                               |
[2022-07-08 01:47:16,972] [plex.py:742]               [DEBUG]    |                                                                                                    |
[2022-07-08 01:47:16,973] [plex.py:745]               [DEBUG]    | Looking for: Singapore                                                                             |
[2022-07-08 01:47:16,973] [builder.py:764]            [INFO]     |                                                                                                    |
[2022-07-08 01:47:16,973] [builder.py:765]            [INFO]     | Validation Successful                                                                              |
[2022-07-08 01:47:16,974] [plex_meta_manager.py:539]  [INFO]     |                                                                                                    |
[2022-07-08 01:47:16,974] [plex_meta_manager.py:541]  [INFO]     |=================================== Running Singapore Collection ===================================|
[2022-07-08 01:47:16,975] [plex_meta_manager.py:547]  [INFO]     |                                                                                                    |
[2022-07-08 01:47:16,975] [plex_meta_manager.py:548]  [INFO]     | Smart Movie Filter                                                                                 |
                                                                 | Sort By: release.desc
                                                                 | Filter:
                                                                 |   Match any of the following:
                                                                 |     Country is Singapore
[2022-07-08 01:47:17,002] [plex_meta_manager.py:593]  [INFO]     | 
[2022-07-08 01:47:17,003] [plex_meta_manager.py:594]  [INFO]     | Collection Minimum: 3 not met for Singapore Collection
[2022-07-08 01:47:17,003] [plex_meta_manager.py:674]  [INFO]     | 
[2022-07-08 01:47:17,004] [plex_meta_manager.py:675]  [INFO]     |====================================================================================================|
[2022-07-08 01:47:17,004] [plex_meta_manager.py:675]  [INFO]     |                                   Finished Singapore Collection                                    |
[2022-07-08 01:47:17,005] [plex_meta_manager.py:675]  [INFO]     |                                    Collection Run Time: 0:00:00                                    |
[2022-07-08 01:47:17,005] [plex_meta_manager.py:675]  [INFO]     |====================================================================================================|
