[2022-07-08 03:16:51,415] [builder.py:185]            [INFO]     |====================================================================================================|
[2022-07-08 03:16:51,416] [builder.py:185]            [INFO]     |                                    NBC Collection in ..Cartoons                                    |
[2022-07-08 03:16:51,416] [builder.py:185]            [INFO]     |====================================================================================================|
[2022-07-08 03:16:51,418] [builder.py:186]            [INFO]     |                                                                                                    |
[2022-07-08 03:16:51,419] [builder.py:191]            [INFO]     |==================================== Validating NBC Attributes =====================================|
[2022-07-08 03:16:51,419] [builder.py:212]            [DEBUG]    |                                                                                                    |
[2022-07-08 03:16:51,419] [builder.py:213]            [DEBUG]    | Validating Method: template                                                                        |
[2022-07-08 03:16:51,420] [meta.py:103]               [DEBUG]    | Value: [{'value': ['NBC'], 'network': ['NBC'], 'key_name': 'NBC', 'key': 'NBC', 'name': 'networks_dynamic'}, {'value': ['NBC'], 'network': ['NBC'], 'key_name': 'NBC', 'key': 'NBC', 'name': 'shared'}] |
[2022-07-08 03:16:51,422] [builder.py:1675]           [INFO]     |                                                                                                    |
[2022-07-08 03:16:51,422] [builder.py:1676]           [INFO]     | Validating Method: smart_filter                                                                    |
[2022-07-08 03:16:51,422] [builder.py:1682]           [DEBUG]    | Value: {'sort_by': 'release.desc', 'any': {'network': ['NBC']}}                                    |
[2022-07-08 03:16:51,438] [builder.py:600]            [DEBUG]    |                                                                                                    |
[2022-07-08 03:16:51,439] [builder.py:604]            [DEBUG]    | Validating Method: label                                                                           |
[2022-07-08 03:16:51,439] [builder.py:605]            [DEBUG]    | Value: Network US                                                                                  |
[2022-07-08 03:16:51,440] [builder.py:600]            [DEBUG]    |                                                                                                    |
[2022-07-08 03:16:51,440] [builder.py:604]            [DEBUG]    | Validating Method: url_poster                                                                      |
[2022-07-08 03:16:51,441] [builder.py:605]            [DEBUG]    | Value: https://raw.githubusercontent.com/meisnate12/Plex-Meta-Manager-Images/master/network/NBC.jpg |
[2022-07-08 03:16:51,987] [builder.py:600]            [DEBUG]    |                                                                                                    |
[2022-07-08 03:16:51,988] [builder.py:604]            [DEBUG]    | Validating Method: sort_title                                                                      |
[2022-07-08 03:16:51,988] [builder.py:605]            [DEBUG]    | Value: !04_NBC                                                                                     |
[2022-07-08 03:16:52,003] [plex.py:742]               [DEBUG]    |                                                                                                    |
[2022-07-08 03:16:52,003] [plex.py:745]               [DEBUG]    | Looking for: NBC                                                                                   |
[2022-07-08 03:16:52,004] [builder.py:764]            [INFO]     |                                                                                                    |
[2022-07-08 03:16:52,004] [builder.py:765]            [INFO]     | Validation Successful                                                                              |
[2022-07-08 03:16:52,005] [plex_meta_manager.py:539]  [INFO]     |                                                                                                    |
[2022-07-08 03:16:52,005] [plex_meta_manager.py:541]  [INFO]     |====================================== Running NBC Collection ======================================|
[2022-07-08 03:16:52,005] [plex_meta_manager.py:547]  [INFO]     |                                                                                                    |
[2022-07-08 03:16:52,006] [plex_meta_manager.py:548]  [INFO]     | Smart Show Filter                                                                                  |
                                                                 | Sort By: release.desc
                                                                 | Filter:
                                                                 |   Match any of the following:
                                                                 |     Network is NBC
[2022-07-08 03:16:52,028] [plex_meta_manager.py:593]  [INFO]     | 
[2022-07-08 03:16:52,029] [plex_meta_manager.py:594]  [INFO]     | Collection Minimum: 3 not met for NBC Collection
[2022-07-08 03:16:52,029] [plex_meta_manager.py:674]  [INFO]     | 
[2022-07-08 03:16:52,030] [plex_meta_manager.py:675]  [INFO]     |====================================================================================================|
[2022-07-08 03:16:52,031] [plex_meta_manager.py:675]  [INFO]     |                                      Finished NBC Collection                                       |
[2022-07-08 03:16:52,032] [plex_meta_manager.py:675]  [INFO]     |                                    Collection Run Time: 0:00:00                                    |
[2022-07-08 03:16:52,032] [plex_meta_manager.py:675]  [INFO]     |====================================================================================================|
