[2022-07-08 01:47:00,554] [builder.py:185]            [INFO]     |====================================================================================================|
[2022-07-08 01:47:00,556] [builder.py:185]            [INFO]     |                                    Canada Collection in Movies                                     |
[2022-07-08 01:47:00,556] [builder.py:185]            [INFO]     |====================================================================================================|
[2022-07-08 01:47:00,557] [builder.py:186]            [INFO]     |                                                                                                    |
[2022-07-08 01:47:00,557] [builder.py:191]            [INFO]     |=================================== Validating Canada Attributes ===================================|
[2022-07-08 01:47:00,558] [builder.py:212]            [DEBUG]    |                                                                                                    |
[2022-07-08 01:47:00,558] [builder.py:213]            [DEBUG]    | Validating Method: template                                                                        |
[2022-07-08 01:47:00,559] [meta.py:103]               [DEBUG]    | Value: [{'value': ['Canada'], 'country': ['Canada'], 'key_name': 'Canada', 'key': 'Canada', 'name': 'country_dynamic'}, {'value': ['Canada'], 'country': ['Canada'], 'key_name': 'Canada', 'key': 'Canada', 'name': 'shared'}] |
[2022-07-08 01:47:00,561] [builder.py:1675]           [INFO]     |                                                                                                    |
[2022-07-08 01:47:00,562] [builder.py:1676]           [INFO]     | Validating Method: smart_filter                                                                    |
[2022-07-08 01:47:00,562] [builder.py:1682]           [DEBUG]    | Value: {'sort_by': 'release.desc', 'any': {'country': ['Canada']}}                                 |
[2022-07-08 01:47:00,638] [builder.py:600]            [DEBUG]    |                                                                                                    |
[2022-07-08 01:47:00,638] [builder.py:604]            [DEBUG]    | Validating Method: label                                                                           |
[2022-07-08 01:47:00,639] [builder.py:605]            [DEBUG]    | Value: Country Color                                                                               |
[2022-07-08 01:47:00,639] [builder.py:600]            [DEBUG]    |                                                                                                    |
[2022-07-08 01:47:00,639] [builder.py:604]            [DEBUG]    | Validating Method: url_poster                                                                      |
[2022-07-08 01:47:00,639] [builder.py:605]            [DEBUG]    | Value: https://raw.githubusercontent.com/meisnate12/Plex-Meta-Manager-Images/master/country/white/Canada.jpg |
[2022-07-08 01:47:02,510] [builder.py:600]            [DEBUG]    |                                                                                                    |
[2022-07-08 01:47:02,510] [builder.py:604]            [DEBUG]    | Validating Method: sort_title                                                                      |
[2022-07-08 01:47:02,511] [builder.py:605]            [DEBUG]    | Value: !09_Canada                                                                                  |
[2022-07-08 01:47:02,678] [builder.py:764]            [INFO]     |                                                                                                    |
[2022-07-08 01:47:02,679] [builder.py:765]            [INFO]     | Validation Successful                                                                              |
[2022-07-08 01:47:02,679] [plex_meta_manager.py:539]  [INFO]     |                                                                                                    |
[2022-07-08 01:47:02,680] [plex_meta_manager.py:541]  [INFO]     |==================================== Running Canada Collection =====================================|
[2022-07-08 01:47:02,680] [plex_meta_manager.py:547]  [INFO]     |                                                                                                    |
[2022-07-08 01:47:02,681] [plex_meta_manager.py:548]  [INFO]     | Smart Movie Filter                                                                                 |
                                                                 | Sort By: release.desc
                                                                 | Filter:
                                                                 |   Match any of the following:
                                                                 |     Country is Canada
[2022-07-08 01:47:02,850] [builder.py:2383]           [INFO]     | 
[2022-07-08 01:47:02,850] [builder.py:2384]           [INFO]     |============================== Updating Details of Canada Collection ===============================|
[2022-07-08 01:47:02,851] [builder.py:2385]           [INFO]     |                                                                                                    |
[2022-07-08 01:47:02,936] [builder.py:2446]           [INFO]     | Collection Metadata Edits                                                                          |
[2022-07-08 01:47:02,937] [util.py:150]               [DEBUG]    | 1 poster found:                                                                                    |
[2022-07-08 01:47:02,937] [util.py:152]               [DEBUG]    | Method: url_poster Poster: https://raw.githubusercontent.com/meisnate12/Plex-Meta-Manager-Images/master/country/white/Canada.jpg |
[2022-07-08 01:47:02,939] [library.py:155]            [INFO]     | Detail: poster update not needed                                                                   |
[2022-07-08 01:47:03,087] [plex_meta_manager.py:674]  [INFO]     |                                                                                                    |
[2022-07-08 01:47:03,088] [plex_meta_manager.py:675]  [INFO]     |====================================================================================================|
[2022-07-08 01:47:03,088] [plex_meta_manager.py:675]  [INFO]     |                                     Finished Canada Collection                                     |
[2022-07-08 01:47:03,089] [plex_meta_manager.py:675]  [INFO]     |                                    Collection Run Time: 0:00:02                                    |
[2022-07-08 01:47:03,089] [plex_meta_manager.py:675]  [INFO]     |====================================================================================================|
