[2022-07-08 01:48:18,153] [builder.py:185]            [INFO]     |====================================================================================================|
[2022-07-08 01:48:18,154] [builder.py:185]            [INFO]     |                                Trakt Collected Collection in Movies                                |
[2022-07-08 01:48:18,154] [builder.py:185]            [INFO]     |====================================================================================================|
[2022-07-08 01:48:18,154] [builder.py:186]            [INFO]     |                                                                                                    |
[2022-07-08 01:48:18,155] [builder.py:191]            [INFO]     |============================== Validating Trakt Collected Attributes ===============================|
[2022-07-08 01:48:18,155] [builder.py:212]            [DEBUG]    |                                                                                                    |
[2022-07-08 01:48:18,155] [builder.py:213]            [DEBUG]    | Validating Method: template                                                                        |
[2022-07-08 01:48:18,156] [meta.py:103]               [DEBUG]    | Value: [{'value': ['collected'], 'custom': ['collected'], 'key_name': 'Collected', 'key': 'collected', 'name': 'trakt'}, {'value': ['collected'], 'custom': ['collected'], 'key_name': 'Collected', 'key': 'collected', 'name': 'customsync'}, {'value': ['collected'], 'custom': ['collected'], 'key_name': 'Collected', 'key': 'collected', 'name': 'chart_shared'}] |
[2022-07-08 01:48:18,159] [builder.py:437]            [DEBUG]    |                                                                                                    |
[2022-07-08 01:48:18,159] [builder.py:438]            [DEBUG]    | Validating Method: sync_mode                                                                       |
[2022-07-08 01:48:18,160] [builder.py:442]            [DEBUG]    | Value: sync                                                                                        |
[2022-07-08 01:48:18,160] [builder.py:582]            [DEBUG]    |                                                                                                    |
[2022-07-08 01:48:18,160] [builder.py:583]            [DEBUG]    | Validating Method: collection_order                                                                |
[2022-07-08 01:48:18,161] [builder.py:584]            [DEBUG]    | Value: custom                                                                                      |
[2022-07-08 01:48:18,161] [builder.py:600]            [DEBUG]    |                                                                                                    |
[2022-07-08 01:48:18,161] [builder.py:604]            [DEBUG]    | Validating Method: label                                                                           |
[2022-07-08 01:48:18,162] [builder.py:605]            [DEBUG]    | Value: Trakt                                                                                       |
[2022-07-08 01:48:18,162] [builder.py:600]            [DEBUG]    |                                                                                                    |
[2022-07-08 01:48:18,163] [builder.py:604]            [DEBUG]    | Validating Method: trakt_chart                                                                     |
[2022-07-08 01:48:18,163] [builder.py:605]            [DEBUG]    | Value: {'chart': 'collected', 'limit': 100}                                                        |
[2022-07-08 01:48:18,163] [builder.py:600]            [DEBUG]    |                                                                                                    |
[2022-07-08 01:48:18,164] [builder.py:604]            [DEBUG]    | Validating Method: summary                                                                         |
[2022-07-08 01:48:18,164] [builder.py:605]            [DEBUG]    | Value: A collection of Trakt's Weekly movie List                                                   |
[2022-07-08 01:48:18,164] [builder.py:600]            [DEBUG]    |                                                                                                    |
[2022-07-08 01:48:18,165] [builder.py:604]            [DEBUG]    | Validating Method: sort_title                                                                      |
[2022-07-08 01:48:18,165] [builder.py:605]            [DEBUG]    | Value: !01_Trakt Collected                                                                         |
[2022-07-08 01:48:18,166] [builder.py:600]            [DEBUG]    |                                                                                                    |
[2022-07-08 01:48:18,166] [builder.py:604]            [DEBUG]    | Validating Method: url_poster                                                                      |
[2022-07-08 01:48:18,167] [builder.py:605]            [DEBUG]    | Value: https://raw.githubusercontent.com/meisnate12/Plex-Meta-Manager-Images/master/chart/Trakt%20Collected.jpg |
[2022-07-08 01:48:18,765] [plex.py:742]               [DEBUG]    |                                                                                                    |
[2022-07-08 01:48:18,766] [plex.py:745]               [DEBUG]    | Looking for: Trakt Collected                                                                       |
[2022-07-08 01:48:18,766] [builder.py:764]            [INFO]     |                                                                                                    |
[2022-07-08 01:48:18,767] [builder.py:765]            [INFO]     | Validation Successful                                                                              |
[2022-07-08 01:48:18,767] [plex_meta_manager.py:539]  [INFO]     |                                                                                                    |
[2022-07-08 01:48:18,767] [plex_meta_manager.py:541]  [INFO]     |================================ Running Trakt Collected Collection ================================|
[2022-07-08 01:48:18,768] [plex_meta_manager.py:553]  [INFO]     |                                                                                                    |
[2022-07-08 01:48:18,768] [plex_meta_manager.py:554]  [INFO]     | Sync Mode: sync                                                                                    |
[2022-07-08 01:48:18,768] [plex_meta_manager.py:557]  [DEBUG]    |                                                                                                    |
[2022-07-08 01:48:18,769] [plex_meta_manager.py:558]  [DEBUG]    | Builder: trakt_chart: {'chart': 'collected', 'limit': 100, 'time_period': None}                    |
[2022-07-08 01:48:18,769] [plex_meta_manager.py:559]  [INFO]     |                                                                                                    |
[2022-07-08 01:48:18,769] [trakt.py:490]              [INFO]     | Processing Trakt Chart: 100 Collected Movies                                                       |
[2022-07-08 01:48:20,241] [builder.py:1507]           [DEBUG]    |                                                                                                    |
[2022-07-08 01:48:20,242] [builder.py:1508]           [DEBUG]    | 100 IDs Found: [(453395, 'tmdb'), (793961, 'tmdb'), (916719, 'tmdb'), (759175, 'tmdb'), (888195, 'tmdb'), (884315, 'tmdb'), (913868, 'tmdb'), (667739, 'tmdb'), (507086, 'tmdb'), (438148, 'tmdb'), (545611, 'tmdb'), (361743, 'tmdb'), (780609, 'tmdb'), (614934, 'tmdb'), (661231, 'tmdb'), (616037, 'tmdb'), (648579, 'tmdb'), (828947, 'tmdb'), (667642, 'tmdb'), (744095, 'tmdb'), (338953, 'tmdb'), (818397, 'tmdb'), (990982, 'tmdb'), (756999, 'tmdb'), (820446, 'tmdb'), (639933, 'tmdb'), (615469, 'tmdb'), (831946, 'tmdb'), (759054, 'tmdb'), (718789, 'tmdb'), (974961, 'tmdb'), (526896, 'tmdb'), (807356, 'tmdb'), (722800, 'tmdb'), (819876, 'tmdb'), (843847, 'tmdb'), (752623, 'tmdb'), (414906, 'tmdb'), (705861, 'tmdb'), (990593, 'tmdb'), (698128, 'tmdb'), (335787, 'tmdb'), (745376, 'tmdb'), (137113, 'tmdb'), (988046, 'tmdb'), (634649, 'tmdb'), (629542, 'tmdb'), (961484, 'tmdb'), (975714, 'tmdb'), (675353, 'tmdb'), (387426, 'tmdb'), (924482, 'tmdb'), (988165, 'tmdb'), (568124, 'tmdb'), (744, 'tmdb'), (960705, 'tmdb'), (746333, 'tmdb'), (628878, 'tmdb'), (763285, 'tmdb'), (809140, 'tmdb'), (777831, 'tmdb'), (626735, 'tmdb'), (987853, 'tmdb'), (964237, 'tmdb'), (846528, 'tmdb'), (953542, 'tmdb'), (211672, 'tmdb'), (746419, 'tmdb'), (406759, 'tmdb'), (982987, 'tmdb'), (10195, 'tmdb'), (893086, 'tmdb'), (964856, 'tmdb'), (500364, 'tmdb'), (758330, 'tmdb'), (118340, 'tmdb'), (624860, 'tmdb'), (293660, 'tmdb'), (992836, 'tmdb'), (785037, 'tmdb'), (611598, 'tmdb'), (605153, 'tmdb'), (960258, 'tmdb'), (438631, 'tmdb'), (712863, 'tmdb'), (988460, 'tmdb'), (776561, 'tmdb'), (852283, 'tmdb'), (814340, 'tmdb'), (602, 'tmdb'), (351286, 'tmdb'), (284053, 'tmdb'), (566525, 'tmdb'), (299534, 'tmdb'), (982317, 'tmdb'), (823625, 'tmdb'), (992657, 'tmdb'), (575428, 'tmdb'), (995938, 'tmdb'), (893297, 'tmdb')] |
[2022-07-08 01:48:20,242] [builder.py:1509]           [DEBUG]    |                                                                                                    |
[2022-07-08 01:48:20,245] [builder.py:2172]           [INFO]     |                                                                                                    |
[2022-07-08 01:48:20,245] [builder.py:2173]           [INFO]     |=============================== Missing Movies from Library: Movies ================================|
[2022-07-08 01:48:20,246] [builder.py:2174]           [INFO]     |                                                                                                    |
[2022-07-08 01:48:20,482] [builder.py:2187]           [INFO]     | Trakt Collected Collection | ? | Doctor Strange in the Multiverse of Madness (2022) (TMDb: 453395) |
[2022-07-08 01:48:20,774] [builder.py:2187]           [INFO]     | Trakt Collected Collection | ? | Rubikon (2022) (TMDb: 793961)                                     |
[2022-07-08 01:48:21,035] [builder.py:2187]           [INFO]     | Trakt Collected Collection | ? | Code Name Banshee (2022) (TMDb: 916719)                           |
[2022-07-08 01:48:21,224] [builder.py:2187]           [INFO]     | Trakt Collected Collection | ? | The Princess (2022) (TMDb: 759175)                                |
[2022-07-08 01:48:21,413] [builder.py:2187]           [INFO]     | Trakt Collected Collection | ? | Hot Seat (2022) (TMDb: 888195)                                    |
[2022-07-08 01:48:21,591] [builder.py:2187]           [INFO]     | Trakt Collected Collection | ? | Terror on the Prairie (2022) (TMDb: 884315)                       |
[2022-07-08 01:48:22,549] [builder.py:2187]           [INFO]     | Trakt Collected Collection | ? | The Princess (2022) (TMDb: 913868)                                |
[2022-07-08 01:48:22,782] [builder.py:2187]           [INFO]     | Trakt Collected Collection | ? | The Man From Toronto (2022) (TMDb: 667739)                        |
[2022-07-08 01:48:22,982] [builder.py:2187]           [INFO]     | Trakt Collected Collection | ? | Jurassic World Dominion (2022) (TMDb: 507086)                     |
[2022-07-08 01:48:23,140] [builder.py:2187]           [INFO]     | Trakt Collected Collection | ? | Minions: The Rise of Gru (2022) (TMDb: 438148)                    |
[2022-07-08 01:48:23,349] [builder.py:2187]           [INFO]     | Trakt Collected Collection | ? | Everything Everywhere All at Once (2022) (TMDb: 545611)           |
[2022-07-08 01:48:23,549] [builder.py:2187]           [INFO]     | Trakt Collected Collection | ? | Top Gun: Maverick (2022) (TMDb: 361743)                           |
[2022-07-08 01:48:23,702] [builder.py:2187]           [INFO]     | Trakt Collected Collection | ? | Men (2022) (TMDb: 780609)                                         |
[2022-07-08 01:48:23,891] [builder.py:2187]           [INFO]     | Trakt Collected Collection | ? | Elvis (2022) (TMDb: 614934)                                       |
[2022-07-08 01:48:24,869] [builder.py:2187]           [INFO]     | Trakt Collected Collection | ? | Operation Mincemeat (2022) (TMDb: 661231)                         |
[2022-07-08 01:48:25,080] [builder.py:2187]           [INFO]     | Trakt Collected Collection | ? | Thor: Love and Thunder (2022) (TMDb: 616037)                      |
[2022-07-08 01:48:25,349] [builder.py:2187]           [INFO]     | Trakt Collected Collection | ? | The Unbearable Weight of Massive Talent (2022) (TMDb: 648579)     |
[2022-07-08 01:48:25,574] [builder.py:2187]           [INFO]     | Trakt Collected Collection | ? | Beavis and Butt-Head Do the Universe (2022) (TMDb: 828947)        |
[2022-07-08 01:48:25,749] [builder.py:2187]           [INFO]     | Trakt Collected Collection | ? | Beauty (2022) (TMDb: 667642)                                      |
[2022-07-08 01:48:26,724] [builder.py:2187]           [INFO]     | Trakt Collected Collection | ? | Tik-Tak (2022) (TMDb: 744095)                                     |
[2022-07-08 01:48:26,902] [builder.py:2187]           [INFO]     | Trakt Collected Collection | ? | Fantastic Beasts: The Secrets of Dumbledore (2022) (TMDb: 338953) |
[2022-07-08 01:48:27,182] [builder.py:2187]           [INFO]     | Trakt Collected Collection | ? | Memory (2022) (TMDb: 818397)                                      |
[2022-07-08 01:48:28,207] [builder.py:2187]           [INFO]     | Trakt Collected Collection | ? | Last the Night (2022) (TMDb: 990982)                              |
[2022-07-08 01:48:28,415] [builder.py:2187]           [INFO]     | Trakt Collected Collection | ? | The Black Phone (2022) (TMDb: 756999)                             |
[2022-07-08 01:48:28,780] [builder.py:2187]           [INFO]     | Trakt Collected Collection | ? | Downton Abbey: A New Era (2022) (TMDb: 820446)                    |
[2022-07-08 01:48:28,946] [builder.py:2187]           [INFO]     | Trakt Collected Collection | ? | The Northman (2022) (TMDb: 639933)                                |
[2022-07-08 01:48:29,215] [builder.py:2187]           [INFO]     | Trakt Collected Collection | ? | Spiderhead (2022) (TMDb: 615469)                                  |
[2022-07-08 01:48:29,406] [builder.py:2187]           [INFO]     | Trakt Collected Collection | ? | Interceptor (2022) (TMDb: 831946)                                 |
[2022-07-08 01:48:29,615] [builder.py:2187]           [INFO]     | Trakt Collected Collection | ? | Rise (2022) (TMDb: 759054)                                        |
[2022-07-08 01:48:29,902] [builder.py:2187]           [INFO]     | Trakt Collected Collection | ? | Lightyear (2022) (TMDb: 718789)                                   |
[2022-07-08 01:48:30,140] [builder.py:2187]           [INFO]     | Trakt Collected Collection | ? | Murder at Yellowstone City (2022) (TMDb: 974961)                  |
[2022-07-08 01:48:30,415] [builder.py:2187]           [INFO]     | Trakt Collected Collection | ? | Morbius (2022) (TMDb: 526896)                                     |
[2022-07-08 01:48:30,656] [builder.py:2187]           [INFO]     | Trakt Collected Collection | ? | Watcher (2022) (TMDb: 807356)                                     |
[2022-07-08 01:48:30,846] [builder.py:2187]           [INFO]     | Trakt Collected Collection | ? | The Drover's Wife: The Legend of Molly Johnson (2022) (TMDb: 722800) |
[2022-07-08 01:48:31,024] [builder.py:2187]           [INFO]     | Trakt Collected Collection | ? | Crimes of the Future (2022) (TMDb: 819876)                        |
[2022-07-08 01:48:31,213] [builder.py:2187]           [INFO]     | Trakt Collected Collection | ? | Jerry & Marge Go Large (2022) (TMDb: 843847)                      |
[2022-07-08 01:48:31,435] [builder.py:2187]           [INFO]     | Trakt Collected Collection | ? | The Lost City (2022) (TMDb: 752623)                               |
[2022-07-08 01:48:31,702] [builder.py:2187]           [INFO]     | Trakt Collected Collection | ? | The Batman (2022) (TMDb: 414906)                                  |
[2022-07-08 01:48:31,932] [builder.py:2187]           [INFO]     | Trakt Collected Collection | ? | Hustle (2022) (TMDb: 705861)                                      |
[2022-07-08 01:48:33,015] [builder.py:2187]           [INFO]     | Trakt Collected Collection | ? | Thor: God of Thunder (2022) (TMDb: 990593)                        |
[2022-07-08 01:48:34,180] [builder.py:2187]           [INFO]     | Trakt Collected Collection | ? | Dual (2022) (TMDb: 698128)                                        |
[2022-07-08 01:48:34,713] [builder.py:2187]           [INFO]     | Trakt Collected Collection | ? | Uncharted (2022) (TMDb: 335787)                                   |
[2022-07-08 01:48:34,991] [builder.py:2187]           [INFO]     | Trakt Collected Collection | ? | Hello, Goodbye and Everything In Between (2022) (TMDb: 745376)    |
[2022-07-08 01:48:35,291] [builder.py:2187]           [INFO]     | Trakt Collected Collection | ? | Edge of Tomorrow (2014) (TMDb: 137113)                            |
[2022-07-08 01:48:35,746] [builder.py:2187]           [INFO]     | Trakt Collected Collection | ? | Girl in the Picture (2022) (TMDb: 988046)                         |
[2022-07-08 01:48:35,981] [builder.py:2187]           [INFO]     | Trakt Collected Collection | ? | Spider-Man: No Way Home (2021) (TMDb: 634649)                     |
[2022-07-08 01:48:36,447] [builder.py:2187]           [INFO]     | Trakt Collected Collection | ? | The Bad Guys (2022) (TMDb: 629542)                                |
[2022-07-08 01:48:36,680] [builder.py:2187]           [INFO]     | Trakt Collected Collection | ? | Last Seen Alive (2022) (TMDb: 961484)                             |
[2022-07-08 01:48:36,968] [builder.py:2187]           [INFO]     | Trakt Collected Collection | ? | Collision (2022) (TMDb: 975714)                                   |
[2022-07-08 01:48:37,206] [builder.py:2187]           [INFO]     | Trakt Collected Collection | ? | Sonic the Hedgehog 2 (2022) (TMDb: 675353)                        |
[2022-07-08 01:48:38,825] [builder.py:2187]           [INFO]     | Trakt Collected Collection | ? | Okja (2017) (TMDb: 387426)                                        |
[2022-07-08 01:48:40,136] [builder.py:2187]           [INFO]     | Trakt Collected Collection | ? | The Ledge (2022) (TMDb: 924482)                                   |
[2022-07-08 01:48:40,381] [builder.py:2187]           [INFO]     | Trakt Collected Collection | ? | H.P. Lovecraft's Witch House (2022) (TMDb: 988165)                |
[2022-07-08 01:48:40,680] [builder.py:2187]           [INFO]     | Trakt Collected Collection | ? | Encanto (2021) (TMDb: 568124)                                     |
[2022-07-08 01:48:41,257] [builder.py:2187]           [INFO]     | Trakt Collected Collection | ? | Top Gun (1986) (TMDb: 744)                                        |
[2022-07-08 01:48:41,657] [builder.py:2187]           [INFO]     | Trakt Collected Collection | ? | Take the Night (2022) (TMDb: 960705)                              |
[2022-07-08 01:48:41,880] [builder.py:2187]           [INFO]     | Trakt Collected Collection | ? | Superwho? (2022) (TMDb: 746333)                                   |
[2022-07-08 01:48:42,124] [builder.py:2187]           [INFO]     | Trakt Collected Collection | ? | Panama (2022) (TMDb: 628878)                                      |
[2022-07-08 01:48:42,414] [builder.py:2187]           [INFO]     | Trakt Collected Collection | ? | Ambulance (2022) (TMDb: 763285)                                   |
[2022-07-08 01:48:42,635] [builder.py:2187]           [INFO]     | Trakt Collected Collection | ? | Father Stu (2022) (TMDb: 809140)                                  |
[2022-07-08 01:48:42,824] [builder.py:2187]           [INFO]     | Trakt Collected Collection | ? | 9 Bullets (2022) (TMDb: 777831)                                   |
[2022-07-08 01:48:43,097] [builder.py:2187]           [INFO]     | Trakt Collected Collection | ? | Dog (2022) (TMDb: 626735)                                         |
[2022-07-08 01:48:44,147] [builder.py:2187]           [INFO]     | Trakt Collected Collection | ? | American Werewolves (2022) (TMDb: 987853)                         |
[2022-07-08 01:48:45,002] [builder.py:2187]           [INFO]     | Trakt Collected Collection | ? | The Sixth Secret (2022) (TMDb: 964237)                            |
[2022-07-08 01:48:46,125] [builder.py:2187]           [INFO]     | Trakt Collected Collection | ? | Family Camp (2022) (TMDb: 846528)                                 |
[2022-07-08 01:48:46,402] [builder.py:2187]           [INFO]     | Trakt Collected Collection | ? | Cryo (2022) (TMDb: 953542)                                        |
[2022-07-08 01:48:46,407] [builder.py:2187]           [INFO]     | Trakt Collected Collection | ? | Minions (2015) (TMDb: 211672)                                     |
[2022-07-08 01:48:46,647] [builder.py:2187]           [INFO]     | Trakt Collected Collection | ? | Father of the Bride (2022) (TMDb: 746419)                         |
[2022-07-08 01:48:46,905] [builder.py:2187]           [INFO]     | Trakt Collected Collection | ? | Moonfall (2022) (TMDb: 406759)                                    |
[2022-07-08 01:48:47,147] [builder.py:2181]           [ERROR]    | TMDb Error: No Movie found for TMDb ID 982987                                                      |
[2022-07-08 01:48:47,347] [builder.py:2187]           [INFO]     | Trakt Collected Collection | ? | Thor (2011) (TMDb: 10195)                                         |
[2022-07-08 01:48:47,591] [builder.py:2187]           [INFO]     | Trakt Collected Collection | ? | The Good Neighbor (2022) (TMDb: 893086)                           |
[2022-07-08 01:48:48,625] [builder.py:2187]           [INFO]     | Trakt Collected Collection | ? | Where the Scary Things Are (2022) (TMDb: 964856)                  |
[2022-07-08 01:48:49,472] [builder.py:2187]           [INFO]     | Trakt Collected Collection | ? | A Spin Through Night City (2017) (TMDb: 500364)                   |
[2022-07-08 01:48:49,691] [builder.py:2187]           [INFO]     | Trakt Collected Collection | ? | Good Luck to You, Leo Grande (2022) (TMDb: 758330)                |
[2022-07-08 01:48:50,005] [builder.py:2187]           [INFO]     | Trakt Collected Collection | ? | Guardians of the Galaxy (2014) (TMDb: 118340)                     |
[2022-07-08 01:48:50,296] [builder.py:2187]           [INFO]     | Trakt Collected Collection | ? | The Matrix Resurrections (2021) (TMDb: 624860)                    |
[2022-07-08 01:48:50,580] [builder.py:2187]           [INFO]     | Trakt Collected Collection | ? | Deadpool (2016) (TMDb: 293660)                                    |
[2022-07-08 01:48:51,505] [builder.py:2187]           [INFO]     | Trakt Collected Collection | ? | 3 Demons (2022) (TMDb: 992836)                                    |
[2022-07-08 01:48:52,530] [builder.py:2187]           [INFO]     | Trakt Collected Collection | ? | Montana Story (2022) (TMDb: 785037)                               |
[2022-07-08 01:48:52,724] [builder.py:2187]           [INFO]     | Trakt Collected Collection | ? | Samrat Prithviraj (2022) (TMDb: 611598)                           |
[2022-07-08 01:48:53,013] [builder.py:2187]           [INFO]     | Trakt Collected Collection | ? | Major (2022) (TMDb: 605153)                                       |
[2022-07-08 01:48:53,424] [builder.py:2187]           [INFO]     | Trakt Collected Collection | ? | Shark Bait (2022) (TMDb: 960258)                                  |
[2022-07-08 01:48:53,691] [builder.py:2187]           [INFO]     | Trakt Collected Collection | ? | Dune (2021) (TMDb: 438631)                                        |
[2022-07-08 01:48:54,747] [builder.py:2187]           [INFO]     | Trakt Collected Collection | ? | Dhaakad (2022) (TMDb: 712863)                                     |
[2022-07-08 01:48:55,880] [builder.py:2187]           [INFO]     | Trakt Collected Collection | ? | Machine Gun Kelly's Life In Pink (2022) (TMDb: 988460)            |
[2022-07-08 01:48:56,925] [builder.py:2187]           [INFO]     | Trakt Collected Collection | ? | Strawberry Mansion (2021) (TMDb: 776561)                          |
[2022-07-08 01:48:58,024] [builder.py:2187]           [INFO]     | Trakt Collected Collection | ? | Ditched (2021) (TMDb: 852283)                                     |
[2022-07-08 01:48:58,271] [builder.py:2187]           [INFO]     | Trakt Collected Collection | ? | Cha Cha Real Smooth (2022) (TMDb: 814340)                         |
[2022-07-08 01:48:58,513] [builder.py:2187]           [INFO]     | Trakt Collected Collection | ? | Independence Day (1996) (TMDb: 602)                               |
[2022-07-08 01:48:58,771] [builder.py:2187]           [INFO]     | Trakt Collected Collection | ? | Jurassic World: Fallen Kingdom (2018) (TMDb: 351286)              |
[2022-07-08 01:48:59,187] [builder.py:2187]           [INFO]     | Trakt Collected Collection | ? | Thor: Ragnarok (2017) (TMDb: 284053)                              |
[2022-07-08 01:48:59,502] [builder.py:2187]           [INFO]     | Trakt Collected Collection | ? | Avengers: Endgame (2019) (TMDb: 299534)                           |
[2022-07-08 01:49:00,437] [builder.py:2187]           [INFO]     | Trakt Collected Collection | ? | 11th Hour Cleaning (2022) (TMDb: 982317)                          |
[2022-07-08 01:49:00,770] [builder.py:2187]           [INFO]     | Trakt Collected Collection | ? | Blacklight (2022) (TMDb: 823625)                                  |
[2022-07-08 01:49:01,580] [builder.py:2187]           [INFO]     | Trakt Collected Collection | ? | Secrets of the Oligarch Wives (2022) (TMDb: 992657)               |
[2022-07-08 01:49:03,029] [builder.py:2187]           [INFO]     | Trakt Collected Collection | ? | The Wild Goose Lake (2019) (TMDb: 575428)                         |
[2022-07-08 01:49:03,896] [builder.py:2187]           [INFO]     | Trakt Collected Collection | ? | Instant Karma (2022) (TMDb: 995938)                               |
[2022-07-08 01:49:04,980] [builder.py:2187]           [INFO]     | Trakt Collected Collection | ? | American Sicario (2021) (TMDb: 893297)                            |
[2022-07-08 01:49:04,981] [builder.py:2192]           [INFO]     |                                                                                                    |
[2022-07-08 01:49:04,981] [builder.py:2193]           [INFO]     | 98 Movies Missing                                                                                  |
[2022-07-08 01:49:04,981] [plex_meta_manager.py:593]  [INFO]     |                                                                                                    |
[2022-07-08 01:49:04,982] [plex_meta_manager.py:594]  [INFO]     | Collection Minimum: 3 not met for Trakt Collected Collection                                       |
[2022-07-08 01:49:04,982] [plex_meta_manager.py:674]  [INFO]     |                                                                                                    |
[2022-07-08 01:49:04,983] [plex_meta_manager.py:675]  [INFO]     |====================================================================================================|
[2022-07-08 01:49:04,983] [plex_meta_manager.py:675]  [INFO]     |                                Finished Trakt Collected Collection                                 |
[2022-07-08 01:49:04,983] [plex_meta_manager.py:675]  [INFO]     |                                    Collection Run Time: 0:00:46                                    |
[2022-07-08 01:49:04,984] [plex_meta_manager.py:675]  [INFO]     |====================================================================================================|
