[2022-06-10 06:59:56,581] [builder.py:185]            [INFO]     |====================================================================================================|
[2022-06-10 06:59:56,582] [builder.py:185]            [INFO]     |                               New Episodes Collection in ..Cartoons                                |
[2022-06-10 06:59:56,582] [builder.py:185]            [INFO]     |====================================================================================================|
[2022-06-10 06:59:56,583] [builder.py:186]            [INFO]     |                                                                                                    |
[2022-06-10 06:59:56,584] [builder.py:191]            [INFO]     |================================ Validating New Episodes Attributes ================================|
[2022-06-10 06:59:56,584] [builder.py:212]            [DEBUG]    |                                                                                                    |
[2022-06-10 06:59:56,585] [builder.py:213]            [DEBUG]    | Validating Method: template                                                                        |
[2022-06-10 06:59:56,585] [meta.py:103]               [DEBUG]    | Value: [ordereddict([('name', 'episodes')]), ordereddict([('name', 'chart_shared'), ('key', 'episodes'), ('check_library', 'show')])] |
[2022-06-10 06:59:56,592] [builder.py:221]            [DEBUG]    |                                                                                                    |
[2022-06-10 06:59:56,593] [builder.py:222]            [DEBUG]    | Validating Method: allowed_library_types                                                           |
[2022-06-10 06:59:56,594] [builder.py:225]            [DEBUG]    | Value: ['show']                                                                                    |
[2022-06-10 06:59:56,594] [builder.py:1675]           [INFO]     |                                                                                                    |
[2022-06-10 06:59:56,595] [builder.py:1676]           [INFO]     | Validating Method: smart_filter                                                                    |
[2022-06-10 06:59:56,595] [builder.py:1682]           [DEBUG]    | Value: {'type': 'episodes', 'all': {'episode_air_date': 7}, 'sort_by': 'release.desc'}             |
[2022-06-10 06:59:56,596] [builder.py:600]            [DEBUG]    |                                                                                                    |
[2022-06-10 06:59:56,596] [builder.py:604]            [DEBUG]    | Validating Method: summary                                                                         |
[2022-06-10 06:59:56,597] [builder.py:605]            [DEBUG]    | Value: A collection of newly-released episodes                                                     |
[2022-06-10 06:59:56,597] [builder.py:600]            [DEBUG]    |                                                                                                    |
[2022-06-10 06:59:56,598] [builder.py:604]            [DEBUG]    | Validating Method: sort_title                                                                      |
[2022-06-10 06:59:56,598] [builder.py:605]            [DEBUG]    | Value: !01_New Episodes                                                                            |
[2022-06-10 06:59:56,599] [builder.py:600]            [DEBUG]    |                                                                                                    |
[2022-06-10 06:59:56,599] [builder.py:604]            [DEBUG]    | Validating Method: url_poster                                                                      |
[2022-06-10 06:59:56,599] [builder.py:605]            [DEBUG]    | Value: https://raw.githubusercontent.com/meisnate12/Plex-Meta-Manager-Images/master/chart/New%20Episodes.jpg |
[2022-06-10 06:59:56,635] [plex.py:742]               [DEBUG]    |                                                                                                    |
[2022-06-10 06:59:56,636] [plex.py:745]               [DEBUG]    | Looking for: New Episodes                                                                          |
[2022-06-10 06:59:56,636] [builder.py:764]            [INFO]     |                                                                                                    |
[2022-06-10 06:59:56,636] [builder.py:765]            [INFO]     | Validation Successful                                                                              |
[2022-06-10 06:59:56,637] [plex_meta_manager.py:539]  [INFO]     |                                                                                                    |
[2022-06-10 06:59:56,638] [plex_meta_manager.py:541]  [INFO]     |================================= Running New Episodes Collection ==================================|
[2022-06-10 06:59:56,638] [plex_meta_manager.py:547]  [INFO]     |                                                                                                    |
[2022-06-10 06:59:56,639] [plex_meta_manager.py:548]  [INFO]     | Smart Episode Filter                                                                               |
                                                                 | Sort By: release.desc
                                                                 | Filter:
                                                                 |   Match all of the following:
                                                                 |     Episode Air Date is in the last 7 Days
[2022-06-10 06:59:56,690] [plex_meta_manager.py:593]  [INFO]     | 
[2022-06-10 06:59:56,690] [plex_meta_manager.py:594]  [INFO]     | Collection Minimum: 1 not met for New Episodes Collection
[2022-06-10 06:59:56,690] [plex_meta_manager.py:674]  [INFO]     | 
[2022-06-10 06:59:56,691] [plex_meta_manager.py:675]  [INFO]     |====================================================================================================|
[2022-06-10 06:59:56,691] [plex_meta_manager.py:675]  [INFO]     |                                  Finished New Episodes Collection                                  |
[2022-06-10 06:59:56,691] [plex_meta_manager.py:675]  [INFO]     |                                    Collection Run Time: 0:00:00                                    |
[2022-06-10 06:59:56,692] [plex_meta_manager.py:675]  [INFO]     |====================================================================================================|
