[2022-07-08 02:31:23,408] [builder.py:185]            [INFO]     |====================================================================================================|
[2022-07-08 02:31:23,409] [builder.py:185]            [INFO]     |                                  Trakt Watched Collection in 亚洲电影                                  |
[2022-07-08 02:31:23,409] [builder.py:185]            [INFO]     |====================================================================================================|
[2022-07-08 02:31:23,410] [builder.py:186]            [INFO]     |                                                                                                    |
[2022-07-08 02:31:23,410] [builder.py:191]            [INFO]     |=============================== Validating Trakt Watched Attributes ================================|
[2022-07-08 02:31:23,411] [builder.py:212]            [DEBUG]    |                                                                                                    |
[2022-07-08 02:31:23,411] [builder.py:213]            [DEBUG]    | Validating Method: template                                                                        |
[2022-07-08 02:31:23,412] [meta.py:103]               [DEBUG]    | Value: [{'value': ['watched'], 'custom': ['watched'], 'key_name': 'Watched', 'key': 'watched', 'name': 'trakt'}, {'value': ['watched'], 'custom': ['watched'], 'key_name': 'Watched', 'key': 'watched', 'name': 'customsync'}, {'value': ['watched'], 'custom': ['watched'], 'key_name': 'Watched', 'key': 'watched', 'name': 'chart_shared'}] |
[2022-07-08 02:31:23,415] [builder.py:437]            [DEBUG]    |                                                                                                    |
[2022-07-08 02:31:23,415] [builder.py:438]            [DEBUG]    | Validating Method: sync_mode                                                                       |
[2022-07-08 02:31:23,416] [builder.py:442]            [DEBUG]    | Value: sync                                                                                        |
[2022-07-08 02:31:23,416] [builder.py:582]            [DEBUG]    |                                                                                                    |
[2022-07-08 02:31:23,416] [builder.py:583]            [DEBUG]    | Validating Method: collection_order                                                                |
[2022-07-08 02:31:23,417] [builder.py:584]            [DEBUG]    | Value: custom                                                                                      |
[2022-07-08 02:31:23,417] [builder.py:600]            [DEBUG]    |                                                                                                    |
[2022-07-08 02:31:23,417] [builder.py:604]            [DEBUG]    | Validating Method: label                                                                           |
[2022-07-08 02:31:23,417] [builder.py:605]            [DEBUG]    | Value: Trakt                                                                                       |
[2022-07-08 02:31:23,418] [builder.py:600]            [DEBUG]    |                                                                                                    |
[2022-07-08 02:31:23,418] [builder.py:604]            [DEBUG]    | Validating Method: trakt_chart                                                                     |
[2022-07-08 02:31:23,418] [builder.py:605]            [DEBUG]    | Value: {'chart': 'watched', 'limit': 100}                                                          |
[2022-07-08 02:31:23,419] [builder.py:600]            [DEBUG]    |                                                                                                    |
[2022-07-08 02:31:23,419] [builder.py:604]            [DEBUG]    | Validating Method: summary                                                                         |
[2022-07-08 02:31:23,419] [builder.py:605]            [DEBUG]    | Value: A collection of Trakt's Weekly movie List                                                   |
[2022-07-08 02:31:23,420] [builder.py:600]            [DEBUG]    |                                                                                                    |
[2022-07-08 02:31:23,420] [builder.py:604]            [DEBUG]    | Validating Method: sort_title                                                                      |
[2022-07-08 02:31:23,420] [builder.py:605]            [DEBUG]    | Value: !01_Trakt Watched                                                                           |
[2022-07-08 02:31:23,421] [builder.py:600]            [DEBUG]    |                                                                                                    |
[2022-07-08 02:31:23,421] [builder.py:604]            [DEBUG]    | Validating Method: url_poster                                                                      |
[2022-07-08 02:31:23,421] [builder.py:605]            [DEBUG]    | Value: https://raw.githubusercontent.com/meisnate12/Plex-Meta-Manager-Images/master/chart/Trakt%20Watched.jpg |
[2022-07-08 02:31:23,752] [plex.py:742]               [DEBUG]    |                                                                                                    |
[2022-07-08 02:31:23,752] [plex.py:745]               [DEBUG]    | Looking for: Trakt Watched                                                                         |
[2022-07-08 02:31:23,753] [builder.py:764]            [INFO]     |                                                                                                    |
[2022-07-08 02:31:23,754] [builder.py:765]            [INFO]     | Validation Successful                                                                              |
[2022-07-08 02:31:23,754] [plex_meta_manager.py:539]  [INFO]     |                                                                                                    |
[2022-07-08 02:31:23,755] [plex_meta_manager.py:541]  [INFO]     |================================= Running Trakt Watched Collection =================================|
[2022-07-08 02:31:23,755] [plex_meta_manager.py:553]  [INFO]     |                                                                                                    |
[2022-07-08 02:31:23,755] [plex_meta_manager.py:554]  [INFO]     | Sync Mode: sync                                                                                    |
[2022-07-08 02:31:23,756] [plex_meta_manager.py:557]  [DEBUG]    |                                                                                                    |
[2022-07-08 02:31:23,756] [plex_meta_manager.py:558]  [DEBUG]    | Builder: trakt_chart: {'chart': 'watched', 'limit': 100, 'time_period': None}                      |
[2022-07-08 02:31:23,756] [plex_meta_manager.py:559]  [INFO]     |                                                                                                    |
[2022-07-08 02:31:23,756] [trakt.py:490]              [INFO]     | Processing Trakt Chart: 100 Watched Movies                                                         |
[2022-07-08 02:31:25,138] [builder.py:1507]           [DEBUG]    |                                                                                                    |
[2022-07-08 02:31:25,139] [builder.py:1508]           [DEBUG]    | 100 IDs Found: [(453395, 'tmdb'), (507086, 'tmdb'), (361743, 'tmdb'), (438148, 'tmdb'), (667739, 'tmdb'), (614934, 'tmdb'), (756999, 'tmdb'), (526896, 'tmdb'), (718789, 'tmdb'), (752623, 'tmdb'), (414906, 'tmdb'), (338953, 'tmdb'), (335787, 'tmdb'), (759175, 'tmdb'), (675353, 'tmdb'), (545611, 'tmdb'), (616037, 'tmdb'), (634649, 'tmdb'), (648579, 'tmdb'), (705861, 'tmdb'), (818397, 'tmdb'), (639933, 'tmdb'), (615469, 'tmdb'), (828947, 'tmdb'), (629542, 'tmdb'), (843847, 'tmdb'), (780609, 'tmdb'), (793961, 'tmdb'), (884315, 'tmdb'), (744, 'tmdb'), (626735, 'tmdb'), (763285, 'tmdb'), (916719, 'tmdb'), (746419, 'tmdb'), (820446, 'tmdb'), (628878, 'tmdb'), (960258, 'tmdb'), (807356, 'tmdb'), (809140, 'tmdb'), (975714, 'tmdb'), (406759, 'tmdb'), (118340, 'tmdb'), (293660, 'tmdb'), (292431, 'tmdb'), (211672, 'tmdb'), (568124, 'tmdb'), (961484, 'tmdb'), (986558, 'tmdb'), (759054, 'tmdb'), (438631, 'tmdb'), (508947, 'tmdb'), (299536, 'tmdb'), (351286, 'tmdb'), (888195, 'tmdb'), (602, 'tmdb'), (819876, 'tmdb'), (425909, 'tmdb'), (524434, 'tmdb'), (592695, 'tmdb'), (299534, 'tmdb'), (758330, 'tmdb'), (924482, 'tmdb'), (566525, 'tmdb'), (155, 'tmdb'), (370172, 'tmdb'), (284052, 'tmdb'), (24428, 'tmdb'), (120, 'tmdb'), (284053, 'tmdb'), (438695, 'tmdb'), (671, 'tmdb'), (505026, 'tmdb'), (550988, 'tmdb'), (157336, 'tmdb'), (20352, 'tmdb'), (11, 'tmdb'), (271110, 'tmdb'), (831946, 'tmdb'), (19995, 'tmdb'), (1726, 'tmdb'), (329, 'tmdb'), (628900, 'tmdb'), (777831, 'tmdb'), (672, 'tmdb'), (10195, 'tmdb'), (420821, 'tmdb'), (137113, 'tmdb'), (603, 'tmdb'), (624860, 'tmdb'), (283995, 'tmdb'), (497698, 'tmdb'), (429617, 'tmdb'), (974961, 'tmdb'), (696806, 'tmdb'), (893086, 'tmdb'), (135397, 'tmdb'), (277834, 'tmdb'), (64548, 'tmdb'), (27205, 'tmdb'), (580489, 'tmdb')] |
[2022-07-08 02:31:25,139] [builder.py:1509]           [DEBUG]    |                                                                                                    |
[2022-07-08 02:31:25,142] [builder.py:2172]           [INFO]     |                                                                                                    |
[2022-07-08 02:31:25,142] [builder.py:2173]           [INFO]     |================================ Missing Movies from Library: 亚洲电影 =================================|
[2022-07-08 02:31:25,143] [builder.py:2174]           [INFO]     |                                                                                                    |
[2022-07-08 02:31:25,469] [builder.py:2187]           [INFO]     | Trakt Watched Collection | ? | Doctor Strange in the Multiverse of Madness (2022) (TMDb: 453395)   |
[2022-07-08 02:31:25,765] [builder.py:2187]           [INFO]     | Trakt Watched Collection | ? | Jurassic World Dominion (2022) (TMDb: 507086)                       |
[2022-07-08 02:31:25,770] [builder.py:2187]           [INFO]     | Trakt Watched Collection | ? | Top Gun: Maverick (2022) (TMDb: 361743)                             |
[2022-07-08 02:31:26,169] [builder.py:2187]           [INFO]     | Trakt Watched Collection | ? | Minions: The Rise of Gru (2022) (TMDb: 438148)                      |
[2022-07-08 02:31:26,447] [builder.py:2187]           [INFO]     | Trakt Watched Collection | ? | The Man From Toronto (2022) (TMDb: 667739)                          |
[2022-07-08 02:31:26,780] [builder.py:2187]           [INFO]     | Trakt Watched Collection | ? | Elvis (2022) (TMDb: 614934)                                         |
[2022-07-08 02:31:27,069] [builder.py:2187]           [INFO]     | Trakt Watched Collection | ? | The Black Phone (2022) (TMDb: 756999)                               |
[2022-07-08 02:31:27,291] [builder.py:2187]           [INFO]     | Trakt Watched Collection | ? | Morbius (2022) (TMDb: 526896)                                       |
[2022-07-08 02:31:27,530] [builder.py:2187]           [INFO]     | Trakt Watched Collection | ? | Lightyear (2022) (TMDb: 718789)                                     |
[2022-07-08 02:31:27,830] [builder.py:2187]           [INFO]     | Trakt Watched Collection | ? | The Lost City (2022) (TMDb: 752623)                                 |
[2022-07-08 02:31:28,225] [builder.py:2187]           [INFO]     | Trakt Watched Collection | ? | The Batman (2022) (TMDb: 414906)                                    |
[2022-07-08 02:31:28,491] [builder.py:2187]           [INFO]     | Trakt Watched Collection | ? | Fantastic Beasts: The Secrets of Dumbledore (2022) (TMDb: 338953)   |
[2022-07-08 02:31:28,769] [builder.py:2187]           [INFO]     | Trakt Watched Collection | ? | Uncharted (2022) (TMDb: 335787)                                     |
[2022-07-08 02:31:29,091] [builder.py:2187]           [INFO]     | Trakt Watched Collection | ? | The Princess (2022) (TMDb: 759175)                                  |
[2022-07-08 02:31:29,502] [builder.py:2187]           [INFO]     | Trakt Watched Collection | ? | Sonic the Hedgehog 2 (2022) (TMDb: 675353)                          |
[2022-07-08 02:31:29,696] [builder.py:2187]           [INFO]     | Trakt Watched Collection | ? | Everything Everywhere All at Once (2022) (TMDb: 545611)             |
[2022-07-08 02:31:29,914] [builder.py:2187]           [INFO]     | Trakt Watched Collection | ? | Thor: Love and Thunder (2022) (TMDb: 616037)                        |
[2022-07-08 02:31:30,130] [builder.py:2187]           [INFO]     | Trakt Watched Collection | ? | Spider-Man: No Way Home (2021) (TMDb: 634649)                       |
[2022-07-08 02:31:30,480] [builder.py:2187]           [INFO]     | Trakt Watched Collection | ? | The Unbearable Weight of Massive Talent (2022) (TMDb: 648579)       |
[2022-07-08 02:31:30,721] [builder.py:2187]           [INFO]     | Trakt Watched Collection | ? | Hustle (2022) (TMDb: 705861)                                        |
[2022-07-08 02:31:30,947] [builder.py:2187]           [INFO]     | Trakt Watched Collection | ? | Memory (2022) (TMDb: 818397)                                        |
[2022-07-08 02:31:31,214] [builder.py:2187]           [INFO]     | Trakt Watched Collection | ? | The Northman (2022) (TMDb: 639933)                                  |
[2022-07-08 02:31:31,496] [builder.py:2187]           [INFO]     | Trakt Watched Collection | ? | Spiderhead (2022) (TMDb: 615469)                                    |
[2022-07-08 02:31:31,838] [builder.py:2187]           [INFO]     | Trakt Watched Collection | ? | Beavis and Butt-Head Do the Universe (2022) (TMDb: 828947)          |
[2022-07-08 02:31:32,180] [builder.py:2187]           [INFO]     | Trakt Watched Collection | ? | The Bad Guys (2022) (TMDb: 629542)                                  |
[2022-07-08 02:31:32,438] [builder.py:2187]           [INFO]     | Trakt Watched Collection | ? | Jerry & Marge Go Large (2022) (TMDb: 843847)                        |
[2022-07-08 02:31:32,763] [builder.py:2187]           [INFO]     | Trakt Watched Collection | ? | Men (2022) (TMDb: 780609)                                           |
[2022-07-08 02:31:33,047] [builder.py:2187]           [INFO]     | Trakt Watched Collection | ? | Rubikon (2022) (TMDb: 793961)                                       |
[2022-07-08 02:31:33,280] [builder.py:2187]           [INFO]     | Trakt Watched Collection | ? | Terror on the Prairie (2022) (TMDb: 884315)                         |
[2022-07-08 02:31:33,604] [builder.py:2187]           [INFO]     | Trakt Watched Collection | ? | Top Gun (1986) (TMDb: 744)                                          |
[2022-07-08 02:31:33,947] [builder.py:2187]           [INFO]     | Trakt Watched Collection | ? | Dog (2022) (TMDb: 626735)                                           |
[2022-07-08 02:31:34,280] [builder.py:2187]           [INFO]     | Trakt Watched Collection | ? | Ambulance (2022) (TMDb: 763285)                                     |
[2022-07-08 02:31:34,502] [builder.py:2187]           [INFO]     | Trakt Watched Collection | ? | Code Name Banshee (2022) (TMDb: 916719)                             |
[2022-07-08 02:31:34,780] [builder.py:2187]           [INFO]     | Trakt Watched Collection | ? | Father of the Bride (2022) (TMDb: 746419)                           |
[2022-07-08 02:31:34,971] [builder.py:2187]           [INFO]     | Trakt Watched Collection | ? | Downton Abbey: A New Era (2022) (TMDb: 820446)                      |
[2022-07-08 02:31:35,291] [builder.py:2187]           [INFO]     | Trakt Watched Collection | ? | Panama (2022) (TMDb: 628878)                                        |
[2022-07-08 02:31:35,571] [builder.py:2187]           [INFO]     | Trakt Watched Collection | ? | Shark Bait (2022) (TMDb: 960258)                                    |
[2022-07-08 02:31:35,987] [builder.py:2187]           [INFO]     | Trakt Watched Collection | ? | Watcher (2022) (TMDb: 807356)                                       |
[2022-07-08 02:31:36,291] [builder.py:2187]           [INFO]     | Trakt Watched Collection | ? | Father Stu (2022) (TMDb: 809140)                                    |
[2022-07-08 02:31:36,563] [builder.py:2187]           [INFO]     | Trakt Watched Collection | ? | Collision (2022) (TMDb: 975714)                                     |
[2022-07-08 02:31:36,880] [builder.py:2187]           [INFO]     | Trakt Watched Collection | ? | Moonfall (2022) (TMDb: 406759)                                      |
[2022-07-08 02:31:37,162] [builder.py:2187]           [INFO]     | Trakt Watched Collection | ? | Guardians of the Galaxy (2014) (TMDb: 118340)                       |
[2022-07-08 02:31:37,491] [builder.py:2187]           [INFO]     | Trakt Watched Collection | ? | Deadpool (2016) (TMDb: 293660)                                      |
[2022-07-08 02:31:37,829] [builder.py:2187]           [INFO]     | Trakt Watched Collection | ? | Love (2015) (TMDb: 292431)                                          |
[2022-07-08 02:31:38,014] [builder.py:2187]           [INFO]     | Trakt Watched Collection | ? | Minions (2015) (TMDb: 211672)                                       |
[2022-07-08 02:31:38,321] [builder.py:2187]           [INFO]     | Trakt Watched Collection | ? | Encanto (2021) (TMDb: 568124)                                       |
[2022-07-08 02:31:38,562] [builder.py:2187]           [INFO]     | Trakt Watched Collection | ? | Last Seen Alive (2022) (TMDb: 961484)                               |
[2022-07-08 02:31:38,891] [builder.py:2187]           [INFO]     | Trakt Watched Collection | ? | UFC 276: Adesanya vs. Cannonier (2022) (TMDb: 986558)               |
[2022-07-08 02:31:39,214] [builder.py:2187]           [INFO]     | Trakt Watched Collection | ? | Rise (2022) (TMDb: 759054)                                          |
[2022-07-08 02:31:39,537] [builder.py:2187]           [INFO]     | Trakt Watched Collection | ? | Dune (2021) (TMDb: 438631)                                          |
[2022-07-08 02:31:39,746] [builder.py:2187]           [INFO]     | Trakt Watched Collection | ? | Turning Red (2022) (TMDb: 508947)                                   |
[2022-07-08 02:31:40,162] [builder.py:2187]           [INFO]     | Trakt Watched Collection | ? | Avengers: Infinity War (2018) (TMDb: 299536)                        |
[2022-07-08 02:31:40,591] [builder.py:2187]           [INFO]     | Trakt Watched Collection | ? | Jurassic World: Fallen Kingdom (2018) (TMDb: 351286)                |
[2022-07-08 02:31:40,904] [builder.py:2187]           [INFO]     | Trakt Watched Collection | ? | Hot Seat (2022) (TMDb: 888195)                                      |
[2022-07-08 02:31:41,147] [builder.py:2187]           [INFO]     | Trakt Watched Collection | ? | Independence Day (1996) (TMDb: 602)                                 |
[2022-07-08 02:31:41,404] [builder.py:2187]           [INFO]     | Trakt Watched Collection | ? | Crimes of the Future (2022) (TMDb: 819876)                          |
[2022-07-08 02:31:41,662] [builder.py:2187]           [INFO]     | Trakt Watched Collection | ? | Ghostbusters: Afterlife (2021) (TMDb: 425909)                       |
[2022-07-08 02:31:42,180] [builder.py:2187]           [INFO]     | Trakt Watched Collection | ? | Eternals (2021) (TMDb: 524434)                                      |
[2022-07-08 02:31:42,536] [builder.py:2187]           [INFO]     | Trakt Watched Collection | ? | Pleasure (2021) (TMDb: 592695)                                      |
[2022-07-08 02:31:42,904] [builder.py:2187]           [INFO]     | Trakt Watched Collection | ? | Avengers: Endgame (2019) (TMDb: 299534)                             |
[2022-07-08 02:31:43,404] [builder.py:2187]           [INFO]     | Trakt Watched Collection | ? | Good Luck to You, Leo Grande (2022) (TMDb: 758330)                  |
[2022-07-08 02:31:43,620] [builder.py:2187]           [INFO]     | Trakt Watched Collection | ? | The Ledge (2022) (TMDb: 924482)                                     |
[2022-07-08 02:31:43,880] [builder.py:2187]           [INFO]     | Trakt Watched Collection | ? | Shang-Chi and the Legend of the Ten Rings (2021) (TMDb: 566525)     |
[2022-07-08 02:31:44,191] [builder.py:2187]           [INFO]     | Trakt Watched Collection | ? | The Dark Knight (2008) (TMDb: 155)                                  |
[2022-07-08 02:31:44,403] [builder.py:2187]           [INFO]     | Trakt Watched Collection | ? | No Time to Die (2021) (TMDb: 370172)                                |
[2022-07-08 02:31:44,737] [builder.py:2187]           [INFO]     | Trakt Watched Collection | ? | Doctor Strange (2016) (TMDb: 284052)                                |
[2022-07-08 02:31:44,970] [builder.py:2187]           [INFO]     | Trakt Watched Collection | ? | The Avengers (2012) (TMDb: 24428)                                   |
[2022-07-08 02:31:45,278] [builder.py:2187]           [INFO]     | Trakt Watched Collection | ? | The Lord of the Rings: The Fellowship of the Ring (2001) (TMDb: 120) |
[2022-07-08 02:31:45,503] [builder.py:2187]           [INFO]     | Trakt Watched Collection | ? | Thor: Ragnarok (2017) (TMDb: 284053)                                |
[2022-07-08 02:31:45,747] [builder.py:2187]           [INFO]     | Trakt Watched Collection | ? | Sing 2 (2021) (TMDb: 438695)                                        |
[2022-07-08 02:31:46,028] [builder.py:2187]           [INFO]     | Trakt Watched Collection | ? | Harry Potter and the Philosopher's Stone (2001) (TMDb: 671)         |
[2022-07-08 02:31:46,214] [builder.py:2187]           [INFO]     | Trakt Watched Collection | ? | Death on the Nile (2022) (TMDb: 505026)                             |
[2022-07-08 02:31:46,428] [builder.py:2187]           [INFO]     | Trakt Watched Collection | ? | Free Guy (2021) (TMDb: 550988)                                      |
[2022-07-08 02:31:46,762] [builder.py:2187]           [INFO]     | Trakt Watched Collection | ? | Interstellar (2014) (TMDb: 157336)                                  |
[2022-07-08 02:31:46,980] [builder.py:2187]           [INFO]     | Trakt Watched Collection | ? | Despicable Me (2010) (TMDb: 20352)                                  |
[2022-07-08 02:31:47,170] [builder.py:2187]           [INFO]     | Trakt Watched Collection | ? | Star Wars (1977) (TMDb: 11)                                         |
[2022-07-08 02:31:47,362] [builder.py:2187]           [INFO]     | Trakt Watched Collection | ? | Captain America: Civil War (2016) (TMDb: 271110)                    |
[2022-07-08 02:31:47,836] [builder.py:2187]           [INFO]     | Trakt Watched Collection | ? | Interceptor (2022) (TMDb: 831946)                                   |
[2022-07-08 02:31:47,841] [builder.py:2187]           [INFO]     | Trakt Watched Collection | ? | Avatar (2009) (TMDb: 19995)                                         |
[2022-07-08 02:31:48,147] [builder.py:2187]           [INFO]     | Trakt Watched Collection | ? | Iron Man (2008) (TMDb: 1726)                                        |
[2022-07-08 02:31:48,412] [builder.py:2187]           [INFO]     | Trakt Watched Collection | ? | Jurassic Park (1993) (TMDb: 329)                                    |
[2022-07-08 02:31:48,670] [builder.py:2187]           [INFO]     | Trakt Watched Collection | ? | The Contractor (2022) (TMDb: 628900)                                |
[2022-07-08 02:31:48,958] [builder.py:2187]           [INFO]     | Trakt Watched Collection | ? | 9 Bullets (2022) (TMDb: 777831)                                     |
[2022-07-08 02:31:49,395] [builder.py:2187]           [INFO]     | Trakt Watched Collection | ? | Harry Potter and the Chamber of Secrets (2002) (TMDb: 672)          |
[2022-07-08 02:31:49,820] [builder.py:2187]           [INFO]     | Trakt Watched Collection | ? | Thor (2011) (TMDb: 10195)                                           |
[2022-07-08 02:31:50,080] [builder.py:2187]           [INFO]     | Trakt Watched Collection | ? | Chip 'n Dale: Rescue Rangers (2022) (TMDb: 420821)                  |
[2022-07-08 02:31:50,358] [builder.py:2187]           [INFO]     | Trakt Watched Collection | ? | Edge of Tomorrow (2014) (TMDb: 137113)                              |
[2022-07-08 02:31:51,028] [builder.py:2187]           [INFO]     | Trakt Watched Collection | ? | The Matrix (1999) (TMDb: 603)                                       |
[2022-07-08 02:31:51,347] [builder.py:2187]           [INFO]     | Trakt Watched Collection | ? | The Matrix Resurrections (2021) (TMDb: 624860)                      |
[2022-07-08 02:31:51,547] [builder.py:2187]           [INFO]     | Trakt Watched Collection | ? | Guardians of the Galaxy Vol. 2 (2017) (TMDb: 283995)                |
[2022-07-08 02:31:51,836] [builder.py:2187]           [INFO]     | Trakt Watched Collection | ? | Black Widow (2021) (TMDb: 497698)                                   |
[2022-07-08 02:31:52,070] [builder.py:2187]           [INFO]     | Trakt Watched Collection | ? | Spider-Man: Far From Home (2019) (TMDb: 429617)                     |
[2022-07-08 02:31:52,503] [builder.py:2187]           [INFO]     | Trakt Watched Collection | ? | Murder at Yellowstone City (2022) (TMDb: 974961)                    |
[2022-07-08 02:31:52,725] [builder.py:2187]           [INFO]     | Trakt Watched Collection | ? | The Adam Project (2022) (TMDb: 696806)                              |
[2022-07-08 02:31:52,936] [builder.py:2187]           [INFO]     | Trakt Watched Collection | ? | The Good Neighbor (2022) (TMDb: 893086)                             |
[2022-07-08 02:31:53,136] [builder.py:2187]           [INFO]     | Trakt Watched Collection | ? | Jurassic World (2015) (TMDb: 135397)                                |
[2022-07-08 02:31:53,336] [builder.py:2187]           [INFO]     | Trakt Watched Collection | ? | Moana (2016) (TMDb: 277834)                                         |
[2022-07-08 02:31:53,561] [builder.py:2187]           [INFO]     | Trakt Watched Collection | ? | Inquisition (1977) (TMDb: 64548)                                    |
[2022-07-08 02:31:53,819] [builder.py:2187]           [INFO]     | Trakt Watched Collection | ? | Inception (2010) (TMDb: 27205)                                      |
[2022-07-08 02:31:54,025] [builder.py:2187]           [INFO]     | Trakt Watched Collection | ? | Venom: Let There Be Carnage (2021) (TMDb: 580489)                   |
[2022-07-08 02:31:54,025] [builder.py:2192]           [INFO]     |                                                                                                    |
[2022-07-08 02:31:54,026] [builder.py:2193]           [INFO]     | 100 Movies Missing                                                                                 |
[2022-07-08 02:31:54,026] [plex_meta_manager.py:593]  [INFO]     |                                                                                                    |
[2022-07-08 02:31:54,026] [plex_meta_manager.py:594]  [INFO]     | Collection Minimum: 3 not met for Trakt Watched Collection                                         |
[2022-07-08 02:31:54,027] [plex_meta_manager.py:674]  [INFO]     |                                                                                                    |
[2022-07-08 02:31:54,027] [plex_meta_manager.py:675]  [INFO]     |====================================================================================================|
[2022-07-08 02:31:54,027] [plex_meta_manager.py:675]  [INFO]     |                                 Finished Trakt Watched Collection                                  |
[2022-07-08 02:31:54,027] [plex_meta_manager.py:675]  [INFO]     |                                    Collection Run Time: 0:00:30                                    |
[2022-07-08 02:31:54,028] [plex_meta_manager.py:675]  [INFO]     |====================================================================================================|
