[2022-07-08 03:16:49,660] [builder.py:185]            [INFO]     |====================================================================================================|
[2022-07-08 03:16:49,661] [builder.py:185]            [INFO]     |                              Disney Channel Collection in ..Cartoons                               |
[2022-07-08 03:16:49,661] [builder.py:185]            [INFO]     |====================================================================================================|
[2022-07-08 03:16:49,662] [builder.py:186]            [INFO]     |                                                                                                    |
[2022-07-08 03:16:49,662] [builder.py:191]            [INFO]     |=============================== Validating Disney Channel Attributes ===============================|
[2022-07-08 03:16:49,662] [builder.py:212]            [DEBUG]    |                                                                                                    |
[2022-07-08 03:16:49,663] [builder.py:213]            [DEBUG]    | Validating Method: template                                                                        |
[2022-07-08 03:16:49,663] [meta.py:103]               [DEBUG]    | Value: [{'value': ['Disney Channel', 'Disney+'], 'network': ['Disney Channel', 'Disney+'], 'key_name': 'Disney Channel', 'key': 'Disney Channel', 'name': 'networks_dynamic'}, {'value': ['Disney Channel', 'Disney+'], 'network': ['Disney Channel', 'Disney+'], 'key_name': 'Disney Channel', 'key': 'Disney Channel', 'name': 'shared'}] |
[2022-07-08 03:16:49,665] [builder.py:1675]           [INFO]     |                                                                                                    |
[2022-07-08 03:16:49,666] [builder.py:1676]           [INFO]     | Validating Method: smart_filter                                                                    |
[2022-07-08 03:16:49,666] [builder.py:1682]           [DEBUG]    | Value: {'sort_by': 'release.desc', 'any': {'network': ['Disney Channel', 'Disney+']}}              |
[2022-07-08 03:16:49,680] [builder.py:600]            [DEBUG]    |                                                                                                    |
[2022-07-08 03:16:49,681] [builder.py:604]            [DEBUG]    | Validating Method: label                                                                           |
[2022-07-08 03:16:49,681] [builder.py:605]            [DEBUG]    | Value: Network US                                                                                  |
[2022-07-08 03:16:49,682] [builder.py:600]            [DEBUG]    |                                                                                                    |
[2022-07-08 03:16:49,682] [builder.py:604]            [DEBUG]    | Validating Method: url_poster                                                                      |
[2022-07-08 03:16:49,682] [builder.py:605]            [DEBUG]    | Value: https://raw.githubusercontent.com/meisnate12/Plex-Meta-Manager-Images/master/network/Disney%20Channel.jpg |
[2022-07-08 03:16:49,987] [builder.py:600]            [DEBUG]    |                                                                                                    |
[2022-07-08 03:16:49,988] [builder.py:604]            [DEBUG]    | Validating Method: sort_title                                                                      |
[2022-07-08 03:16:49,988] [builder.py:605]            [DEBUG]    | Value: !04_Disney Channel                                                                          |
[2022-07-08 03:16:50,005] [plex.py:742]               [DEBUG]    |                                                                                                    |
[2022-07-08 03:16:50,006] [plex.py:745]               [DEBUG]    | Looking for: Disney Channel                                                                        |
[2022-07-08 03:16:50,006] [builder.py:764]            [INFO]     |                                                                                                    |
[2022-07-08 03:16:50,006] [builder.py:765]            [INFO]     | Validation Successful                                                                              |
[2022-07-08 03:16:50,007] [plex_meta_manager.py:539]  [INFO]     |                                                                                                    |
[2022-07-08 03:16:50,007] [plex_meta_manager.py:541]  [INFO]     |================================ Running Disney Channel Collection =================================|
[2022-07-08 03:16:50,008] [plex_meta_manager.py:547]  [INFO]     |                                                                                                    |
[2022-07-08 03:16:50,008] [plex_meta_manager.py:548]  [INFO]     | Smart Show Filter                                                                                  |
                                                                 | Sort By: release.desc
                                                                 | Filter:
                                                                 |   Match any of the following:
                                                                 |     Network is Disney Channel
                                                                 |     Network is Disney+
[2022-07-08 03:16:50,034] [plex_meta_manager.py:593]  [INFO]     | 
[2022-07-08 03:16:50,034] [plex_meta_manager.py:594]  [INFO]     | Collection Minimum: 3 not met for Disney Channel Collection
[2022-07-08 03:16:50,035] [plex_meta_manager.py:674]  [INFO]     | 
[2022-07-08 03:16:50,035] [plex_meta_manager.py:675]  [INFO]     |====================================================================================================|
[2022-07-08 03:16:50,035] [plex_meta_manager.py:675]  [INFO]     |                                 Finished Disney Channel Collection                                 |
[2022-07-08 03:16:50,036] [plex_meta_manager.py:675]  [INFO]     |                                    Collection Run Time: 0:00:00                                    |
[2022-07-08 03:16:50,036] [plex_meta_manager.py:675]  [INFO]     |====================================================================================================|
