[2022-07-08 01:47:08,664] [builder.py:185]            [INFO]     |====================================================================================================|
[2022-07-08 01:47:08,666] [builder.py:185]            [INFO]     |                                   Hong Kong Collection in Movies                                   |
[2022-07-08 01:47:08,666] [builder.py:185]            [INFO]     |====================================================================================================|
[2022-07-08 01:47:08,666] [builder.py:186]            [INFO]     |                                                                                                    |
[2022-07-08 01:47:08,667] [builder.py:191]            [INFO]     |================================= Validating Hong Kong Attributes ==================================|
[2022-07-08 01:47:08,667] [builder.py:212]            [DEBUG]    |                                                                                                    |
[2022-07-08 01:47:08,667] [builder.py:213]            [DEBUG]    | Validating Method: template                                                                        |
[2022-07-08 01:47:08,668] [meta.py:103]               [DEBUG]    | Value: [{'value': ['Hong Kong'], 'country': ['Hong Kong'], 'key_name': 'Hong Kong', 'key': 'Hong Kong', 'name': 'country_dynamic'}, {'value': ['Hong Kong'], 'country': ['Hong Kong'], 'key_name': 'Hong Kong', 'key': 'Hong Kong', 'name': 'shared'}] |
[2022-07-08 01:47:08,670] [builder.py:1675]           [INFO]     |                                                                                                    |
[2022-07-08 01:47:08,670] [builder.py:1676]           [INFO]     | Validating Method: smart_filter                                                                    |
[2022-07-08 01:47:08,671] [builder.py:1682]           [DEBUG]    | Value: {'sort_by': 'release.desc', 'any': {'country': ['Hong Kong']}}                              |
[2022-07-08 01:47:08,719] [builder.py:600]            [DEBUG]    |                                                                                                    |
[2022-07-08 01:47:08,719] [builder.py:604]            [DEBUG]    | Validating Method: label                                                                           |
[2022-07-08 01:47:08,720] [builder.py:605]            [DEBUG]    | Value: Country Color                                                                               |
[2022-07-08 01:47:08,720] [builder.py:600]            [DEBUG]    |                                                                                                    |
[2022-07-08 01:47:08,721] [builder.py:604]            [DEBUG]    | Validating Method: url_poster                                                                      |
[2022-07-08 01:47:08,721] [builder.py:605]            [DEBUG]    | Value: https://raw.githubusercontent.com/meisnate12/Plex-Meta-Manager-Images/master/country/white/Hong%20Kong.jpg |
[2022-07-08 01:47:09,055] [builder.py:600]            [DEBUG]    |                                                                                                    |
[2022-07-08 01:47:09,055] [builder.py:604]            [DEBUG]    | Validating Method: sort_title                                                                      |
[2022-07-08 01:47:09,055] [builder.py:605]            [DEBUG]    | Value: !09_Hong Kong                                                                               |
[2022-07-08 01:47:09,220] [builder.py:764]            [INFO]     |                                                                                                    |
[2022-07-08 01:47:09,220] [builder.py:765]            [INFO]     | Validation Successful                                                                              |
[2022-07-08 01:47:09,220] [plex_meta_manager.py:539]  [INFO]     |                                                                                                    |
[2022-07-08 01:47:09,221] [plex_meta_manager.py:541]  [INFO]     |=================================== Running Hong Kong Collection ===================================|
[2022-07-08 01:47:09,221] [plex_meta_manager.py:547]  [INFO]     |                                                                                                    |
[2022-07-08 01:47:09,221] [plex_meta_manager.py:548]  [INFO]     | Smart Movie Filter                                                                                 |
                                                                 | Sort By: release.desc
                                                                 | Filter:
                                                                 |   Match any of the following:
                                                                 |     Country is Hong Kong
[2022-07-08 01:47:09,368] [builder.py:2383]           [INFO]     | 
[2022-07-08 01:47:09,368] [builder.py:2384]           [INFO]     |============================= Updating Details of Hong Kong Collection =============================|
[2022-07-08 01:47:09,369] [builder.py:2385]           [INFO]     |                                                                                                    |
[2022-07-08 01:47:09,391] [builder.py:2446]           [INFO]     | Collection Metadata Edits                                                                          |
[2022-07-08 01:47:09,391] [util.py:150]               [DEBUG]    | 1 poster found:                                                                                    |
[2022-07-08 01:47:09,391] [util.py:152]               [DEBUG]    | Method: url_poster Poster: https://raw.githubusercontent.com/meisnate12/Plex-Meta-Manager-Images/master/country/white/Hong%20Kong.jpg |
[2022-07-08 01:47:09,393] [library.py:155]            [INFO]     | Detail: poster update not needed                                                                   |
[2022-07-08 01:47:09,522] [plex_meta_manager.py:674]  [INFO]     |                                                                                                    |
[2022-07-08 01:47:09,522] [plex_meta_manager.py:675]  [INFO]     |====================================================================================================|
[2022-07-08 01:47:09,522] [plex_meta_manager.py:675]  [INFO]     |                                   Finished Hong Kong Collection                                    |
[2022-07-08 01:47:09,523] [plex_meta_manager.py:675]  [INFO]     |                                    Collection Run Time: 0:00:00                                    |
[2022-07-08 01:47:09,523] [plex_meta_manager.py:675]  [INFO]     |====================================================================================================|
