[2022-07-08 02:59:42,360] [builder.py:185]            [INFO]     |====================================================================================================|
[2022-07-08 02:59:42,361] [builder.py:185]            [INFO]     |                                   HBO Collection in ....TV Shows                                   |
[2022-07-08 02:59:42,361] [builder.py:185]            [INFO]     |====================================================================================================|
[2022-07-08 02:59:42,362] [builder.py:186]            [INFO]     |                                                                                                    |
[2022-07-08 02:59:42,362] [builder.py:191]            [INFO]     |==================================== Validating HBO Attributes =====================================|
[2022-07-08 02:59:42,363] [builder.py:212]            [DEBUG]    |                                                                                                    |
[2022-07-08 02:59:42,363] [builder.py:213]            [DEBUG]    | Validating Method: template                                                                        |
[2022-07-08 02:59:42,363] [meta.py:103]               [DEBUG]    | Value: [{'value': ['HBO'], 'network': ['HBO'], 'key_name': 'HBO', 'key': 'HBO', 'name': 'networks_dynamic'}, {'value': ['HBO'], 'network': ['HBO'], 'key_name': 'HBO', 'key': 'HBO', 'name': 'shared'}] |
[2022-07-08 02:59:42,365] [builder.py:1675]           [INFO]     |                                                                                                    |
[2022-07-08 02:59:42,365] [builder.py:1676]           [INFO]     | Validating Method: smart_filter                                                                    |
[2022-07-08 02:59:42,366] [builder.py:1682]           [DEBUG]    | Value: {'sort_by': 'release.desc', 'any': {'network': ['HBO']}}                                    |
[2022-07-08 02:59:42,384] [builder.py:600]            [DEBUG]    |                                                                                                    |
[2022-07-08 02:59:42,385] [builder.py:604]            [DEBUG]    | Validating Method: label                                                                           |
[2022-07-08 02:59:42,385] [builder.py:605]            [DEBUG]    | Value: Network US                                                                                  |
[2022-07-08 02:59:42,386] [builder.py:600]            [DEBUG]    |                                                                                                    |
[2022-07-08 02:59:42,387] [builder.py:604]            [DEBUG]    | Validating Method: url_poster                                                                      |
[2022-07-08 02:59:42,387] [builder.py:605]            [DEBUG]    | Value: https://raw.githubusercontent.com/meisnate12/Plex-Meta-Manager-Images/master/network/HBO.jpg |
[2022-07-08 02:59:43,354] [builder.py:600]            [DEBUG]    |                                                                                                    |
[2022-07-08 02:59:43,354] [builder.py:604]            [DEBUG]    | Validating Method: sort_title                                                                      |
[2022-07-08 02:59:43,355] [builder.py:605]            [DEBUG]    | Value: !04_HBO                                                                                     |
[2022-07-08 02:59:43,369] [plex.py:742]               [DEBUG]    |                                                                                                    |
[2022-07-08 02:59:43,369] [plex.py:745]               [DEBUG]    | Looking for: HBO                                                                                   |
[2022-07-08 02:59:43,370] [builder.py:764]            [INFO]     |                                                                                                    |
[2022-07-08 02:59:43,370] [builder.py:765]            [INFO]     | Validation Successful                                                                              |
[2022-07-08 02:59:43,370] [plex_meta_manager.py:539]  [INFO]     |                                                                                                    |
[2022-07-08 02:59:43,371] [plex_meta_manager.py:541]  [INFO]     |====================================== Running HBO Collection ======================================|
[2022-07-08 02:59:43,371] [plex_meta_manager.py:547]  [INFO]     |                                                                                                    |
[2022-07-08 02:59:43,372] [plex_meta_manager.py:548]  [INFO]     | Smart Show Filter                                                                                  |
                                                                 | Sort By: release.desc
                                                                 | Filter:
                                                                 |   Match any of the following:
                                                                 |     Network is HBO
[2022-07-08 02:59:43,403] [plex_meta_manager.py:593]  [INFO]     | 
[2022-07-08 02:59:43,403] [plex_meta_manager.py:594]  [INFO]     | Collection Minimum: 3 not met for HBO Collection
[2022-07-08 02:59:43,403] [plex_meta_manager.py:674]  [INFO]     | 
[2022-07-08 02:59:43,404] [plex_meta_manager.py:675]  [INFO]     |====================================================================================================|
[2022-07-08 02:59:43,404] [plex_meta_manager.py:675]  [INFO]     |                                      Finished HBO Collection                                       |
[2022-07-08 02:59:43,404] [plex_meta_manager.py:675]  [INFO]     |                                    Collection Run Time: 0:00:01                                    |
[2022-07-08 02:59:43,405] [plex_meta_manager.py:675]  [INFO]     |====================================================================================================|
