[2022-07-08 01:48:17,076] [builder.py:185]            [INFO]     |====================================================================================================|
[2022-07-08 01:48:17,076] [builder.py:185]            [INFO]     |                                 Best of 1910s Collection in Movies                                 |
[2022-07-08 01:48:17,077] [builder.py:185]            [INFO]     |====================================================================================================|
[2022-07-08 01:48:17,077] [builder.py:186]            [INFO]     |                                                                                                    |
[2022-07-08 01:48:17,077] [builder.py:191]            [INFO]     |=============================== Validating Best of 1910s Attributes ================================|
[2022-07-08 01:48:17,078] [builder.py:212]            [DEBUG]    |                                                                                                    |
[2022-07-08 01:48:17,078] [builder.py:213]            [DEBUG]    | Validating Method: template                                                                        |
[2022-07-08 01:48:17,078] [meta.py:103]               [DEBUG]    | Value: [{'value': ['1910'], 'decade': ['1910'], 'key_name': '1910s', 'key': '1910', 'name': 'decade_dynamic'}, {'value': ['1910'], 'decade': ['1910'], 'key_name': '1910s', 'key': '1910', 'name': 'shared'}] |
[2022-07-08 01:48:17,081] [builder.py:1675]           [INFO]     |                                                                                                    |
[2022-07-08 01:48:17,081] [builder.py:1676]           [INFO]     | Validating Method: smart_filter                                                                    |
[2022-07-08 01:48:17,081] [builder.py:1682]           [DEBUG]    | Value: {'sort_by': 'critic_rating.desc', 'any': {'decade': ['1910']}, 'limit': 100}                |
[2022-07-08 01:48:17,082] [builder.py:600]            [DEBUG]    |                                                                                                    |
[2022-07-08 01:48:17,082] [builder.py:604]            [DEBUG]    | Validating Method: label                                                                           |
[2022-07-08 01:48:17,082] [builder.py:605]            [DEBUG]    | Value: Decade                                                                                      |
[2022-07-08 01:48:17,083] [builder.py:600]            [DEBUG]    |                                                                                                    |
[2022-07-08 01:48:17,083] [builder.py:604]            [DEBUG]    | Validating Method: url_poster                                                                      |
[2022-07-08 01:48:17,083] [builder.py:605]            [DEBUG]    | Value: https://raw.githubusercontent.com/meisnate12/Plex-Meta-Manager-Images/master/decade/best/1910.jpg |
[2022-07-08 01:48:18,085] [builder.py:600]            [DEBUG]    |                                                                                                    |
[2022-07-08 01:48:18,085] [builder.py:604]            [DEBUG]    | Validating Method: sort_title                                                                      |
[2022-07-08 01:48:18,087] [builder.py:605]            [DEBUG]    | Value: !12_Best of 1910s                                                                           |
[2022-07-08 01:48:18,103] [plex.py:742]               [DEBUG]    |                                                                                                    |
[2022-07-08 01:48:18,104] [plex.py:745]               [DEBUG]    | Looking for: Best of 1910s                                                                         |
[2022-07-08 01:48:18,104] [builder.py:764]            [INFO]     |                                                                                                    |
[2022-07-08 01:48:18,105] [builder.py:765]            [INFO]     | Validation Successful                                                                              |
[2022-07-08 01:48:18,105] [plex_meta_manager.py:539]  [INFO]     |                                                                                                    |
[2022-07-08 01:48:18,106] [plex_meta_manager.py:541]  [INFO]     |================================= Running Best of 1910s Collection =================================|
[2022-07-08 01:48:18,106] [plex_meta_manager.py:547]  [INFO]     |                                                                                                    |
[2022-07-08 01:48:18,106] [plex_meta_manager.py:548]  [INFO]     | Smart Movie Filter                                                                                 |
                                                                 | Sort By: critic_rating.desc
                                                                 | Limit: 100
                                                                 | Filter:
                                                                 |   Match any of the following:
                                                                 |     Decade is 1910
[2022-07-08 01:48:18,145] [plex_meta_manager.py:593]  [INFO]     | 
[2022-07-08 01:48:18,146] [plex_meta_manager.py:594]  [INFO]     | Collection Minimum: 3 not met for Best of 1910s Collection
[2022-07-08 01:48:18,146] [plex_meta_manager.py:674]  [INFO]     | 
[2022-07-08 01:48:18,146] [plex_meta_manager.py:675]  [INFO]     |====================================================================================================|
[2022-07-08 01:48:18,147] [plex_meta_manager.py:675]  [INFO]     |                                 Finished Best of 1910s Collection                                  |
[2022-07-08 01:48:18,147] [plex_meta_manager.py:675]  [INFO]     |                                    Collection Run Time: 0:00:01                                    |
[2022-07-08 01:48:18,147] [plex_meta_manager.py:675]  [INFO]     |====================================================================================================|
