[2022-07-08 01:47:15,325] [builder.py:185]            [INFO]     |====================================================================================================|
[2022-07-08 01:47:15,326] [builder.py:185]            [INFO]     |                                    Mexico Collection in Movies                                     |
[2022-07-08 01:47:15,326] [builder.py:185]            [INFO]     |====================================================================================================|
[2022-07-08 01:47:15,327] [builder.py:186]            [INFO]     |                                                                                                    |
[2022-07-08 01:47:15,327] [builder.py:191]            [INFO]     |=================================== Validating Mexico Attributes ===================================|
[2022-07-08 01:47:15,327] [builder.py:212]            [DEBUG]    |                                                                                                    |
[2022-07-08 01:47:15,328] [builder.py:213]            [DEBUG]    | Validating Method: template                                                                        |
[2022-07-08 01:47:15,328] [meta.py:103]               [DEBUG]    | Value: [{'value': ['Mexico'], 'country': ['Mexico'], 'key_name': 'Mexico', 'key': 'Mexico', 'name': 'country_dynamic'}, {'value': ['Mexico'], 'country': ['Mexico'], 'key_name': 'Mexico', 'key': 'Mexico', 'name': 'shared'}] |
[2022-07-08 01:47:15,330] [builder.py:1675]           [INFO]     |                                                                                                    |
[2022-07-08 01:47:15,330] [builder.py:1676]           [INFO]     | Validating Method: smart_filter                                                                    |
[2022-07-08 01:47:15,331] [builder.py:1682]           [DEBUG]    | Value: {'sort_by': 'release.desc', 'any': {'country': ['Mexico']}}                                 |
[2022-07-08 01:47:15,374] [builder.py:600]            [DEBUG]    |                                                                                                    |
[2022-07-08 01:47:15,375] [builder.py:604]            [DEBUG]    | Validating Method: label                                                                           |
[2022-07-08 01:47:15,375] [builder.py:605]            [DEBUG]    | Value: Country Color                                                                               |
[2022-07-08 01:47:15,376] [builder.py:600]            [DEBUG]    |                                                                                                    |
[2022-07-08 01:47:15,376] [builder.py:604]            [DEBUG]    | Validating Method: url_poster                                                                      |
[2022-07-08 01:47:15,376] [builder.py:605]            [DEBUG]    | Value: https://raw.githubusercontent.com/meisnate12/Plex-Meta-Manager-Images/master/country/white/Mexico.jpg |
[2022-07-08 01:47:15,718] [builder.py:600]            [DEBUG]    |                                                                                                    |
[2022-07-08 01:47:15,718] [builder.py:604]            [DEBUG]    | Validating Method: sort_title                                                                      |
[2022-07-08 01:47:15,719] [builder.py:605]            [DEBUG]    | Value: !09_Mexico                                                                                  |
[2022-07-08 01:47:15,733] [plex.py:742]               [DEBUG]    |                                                                                                    |
[2022-07-08 01:47:15,733] [plex.py:745]               [DEBUG]    | Looking for: Mexico                                                                                |
[2022-07-08 01:47:15,734] [builder.py:764]            [INFO]     |                                                                                                    |
[2022-07-08 01:47:15,734] [builder.py:765]            [INFO]     | Validation Successful                                                                              |
[2022-07-08 01:47:15,734] [plex_meta_manager.py:539]  [INFO]     |                                                                                                    |
[2022-07-08 01:47:15,735] [plex_meta_manager.py:541]  [INFO]     |==================================== Running Mexico Collection =====================================|
[2022-07-08 01:47:15,735] [plex_meta_manager.py:547]  [INFO]     |                                                                                                    |
[2022-07-08 01:47:15,736] [plex_meta_manager.py:548]  [INFO]     | Smart Movie Filter                                                                                 |
                                                                 | Sort By: release.desc
                                                                 | Filter:
                                                                 |   Match any of the following:
                                                                 |     Country is Mexico
[2022-07-08 01:47:15,793] [plex_meta_manager.py:593]  [INFO]     | 
[2022-07-08 01:47:15,793] [plex_meta_manager.py:594]  [INFO]     | Collection Minimum: 3 not met for Mexico Collection
[2022-07-08 01:47:15,794] [plex_meta_manager.py:674]  [INFO]     | 
[2022-07-08 01:47:15,794] [plex_meta_manager.py:675]  [INFO]     |====================================================================================================|
[2022-07-08 01:47:15,795] [plex_meta_manager.py:675]  [INFO]     |                                     Finished Mexico Collection                                     |
[2022-07-08 01:47:15,795] [plex_meta_manager.py:675]  [INFO]     |                                    Collection Run Time: 0:00:00                                    |
[2022-07-08 01:47:15,795] [plex_meta_manager.py:675]  [INFO]     |====================================================================================================|
