[2022-07-08 02:12:48,827] [builder.py:185]            [INFO]     |====================================================================================================|
[2022-07-08 02:12:48,828] [builder.py:185]            [INFO]     |                                      流行电影 Collection in 亚洲电影                                       |
[2022-07-08 02:12:48,828] [builder.py:185]            [INFO]     |====================================================================================================|
[2022-07-08 02:12:48,829] [builder.py:186]            [INFO]     |                                                                                                    |
[2022-07-08 02:12:48,829] [builder.py:191]            [INFO]     |==================================== Validating 流行电影 Attributes ====================================|
[2022-07-08 02:12:48,829] [builder.py:212]            [DEBUG]    |                                                                                                    |
[2022-07-08 02:12:48,830] [builder.py:213]            [DEBUG]    | Validating Method: template                                                                        |
[2022-07-08 02:12:48,830] [meta.py:103]               [DEBUG]    | Value: ordereddict([('name', 'Chart'), ('num', 2)])                                                |
[2022-07-08 02:12:48,831] [builder.py:437]            [DEBUG]    |                                                                                                    |
[2022-07-08 02:12:48,832] [builder.py:438]            [DEBUG]    | Validating Method: sync_mode                                                                       |
[2022-07-08 02:12:48,833] [builder.py:442]            [DEBUG]    | Value: sync                                                                                        |
[2022-07-08 02:12:48,833] [builder.py:509]            [DEBUG]    |                                                                                                    |
[2022-07-08 02:12:48,833] [builder.py:510]            [DEBUG]    | Validating Method: smart_label                                                                     |
[2022-07-08 02:12:48,834] [builder.py:515]            [DEBUG]    | Value: critic_rating.desc                                                                          |
[2022-07-08 02:12:48,884] [builder.py:600]            [DEBUG]    |                                                                                                    |
[2022-07-08 02:12:48,885] [builder.py:604]            [DEBUG]    | Validating Method: trakt_trending                                                                  |
[2022-07-08 02:12:48,885] [builder.py:605]            [DEBUG]    | Value: 50                                                                                          |
[2022-07-08 02:12:48,886] [builder.py:1399]           [WARNING]  | Collection Warning: trakt_trending will run as trakt_chart                                         |
[2022-07-08 02:12:48,886] [builder.py:600]            [DEBUG]    |                                                                                                    |
[2022-07-08 02:12:48,886] [builder.py:604]            [DEBUG]    | Validating Method: tmdb_trending_daily                                                             |
[2022-07-08 02:12:48,887] [builder.py:605]            [DEBUG]    | Value: 50                                                                                          |
[2022-07-08 02:12:48,887] [builder.py:600]            [DEBUG]    |                                                                                                    |
[2022-07-08 02:12:48,888] [builder.py:604]            [DEBUG]    | Validating Method: tmdb_trending_weekly                                                            |
[2022-07-08 02:12:48,888] [builder.py:605]            [DEBUG]    | Value: 50                                                                                          |
[2022-07-08 02:12:48,888] [builder.py:600]            [DEBUG]    |                                                                                                    |
[2022-07-08 02:12:48,889] [builder.py:604]            [DEBUG]    | Validating Method: sort_title                                                                      |
[2022-07-08 02:12:48,889] [builder.py:605]            [DEBUG]    | Value: +1_2流行电影                                                                                    |
[2022-07-08 02:12:48,916] [plex.py:742]               [DEBUG]    |                                                                                                    |
[2022-07-08 02:12:48,917] [plex.py:745]               [DEBUG]    | Looking for: 流行电影                                                                                  |
[2022-07-08 02:12:48,917] [builder.py:764]            [INFO]     |                                                                                                    |
[2022-07-08 02:12:48,918] [builder.py:765]            [INFO]     | Validation Successful                                                                              |
[2022-07-08 02:12:48,918] [plex_meta_manager.py:539]  [INFO]     |                                                                                                    |
[2022-07-08 02:12:48,918] [plex_meta_manager.py:541]  [INFO]     |===================================== Running 流行电影 Collection ======================================|
[2022-07-08 02:12:48,919] [plex_meta_manager.py:547]  [INFO]     |                                                                                                    |
[2022-07-08 02:12:48,919] [plex_meta_manager.py:548]  [INFO]     | Smart Movie Label                                                                                  |
                                                                 | Sort By: critic_rating.desc
                                                                 | Filter:
                                                                 |   Match all of the following:
                                                                 |     Label is 流行电影
[2022-07-08 02:12:48,921] [plex_meta_manager.py:553]  [INFO]     | 
[2022-07-08 02:12:48,921] [plex_meta_manager.py:554]  [INFO]     | Sync Mode: sync
[2022-07-08 02:12:48,922] [plex_meta_manager.py:557]  [DEBUG]    | 
[2022-07-08 02:12:48,922] [plex_meta_manager.py:558]  [DEBUG]    | Builder: trakt_chart: {'chart': 'trending', 'limit': 50, 'time_period': None}
[2022-07-08 02:12:48,922] [plex_meta_manager.py:559]  [INFO]     | 
[2022-07-08 02:12:48,923] [trakt.py:490]              [INFO]     | Processing Trakt Chart: 50 Trending Movies
[2022-07-08 02:12:50,076] [builder.py:1507]           [DEBUG]    | 
[2022-07-08 02:12:50,077] [builder.py:1508]           [DEBUG]    | 50 IDs Found: [(507086, 'tmdb'), (453395, 'tmdb'), (616037, 'tmdb'), (667739, 'tmdb'), (338953, 'tmdb'), (675353, 'tmdb'), (639933, 'tmdb'), (414906, 'tmdb'), (759175, 'tmdb'), (634649, 'tmdb'), (568124, 'tmdb'), (545611, 'tmdb'), (361743, 'tmdb'), (438695, 'tmdb'), (648579, 'tmdb'), (780609, 'tmdb'), (284053, 'tmdb'), (11, 'tmdb'), (351286, 'tmdb'), (335787, 'tmdb'), (526896, 'tmdb'), (629542, 'tmdb'), (843847, 'tmdb'), (681309, 'tmdb'), (406759, 'tmdb'), (752623, 'tmdb'), (828947, 'tmdb'), (438148, 'tmdb'), (120, 'tmdb'), (259316, 'tmdb'), (299534, 'tmdb'), (20352, 'tmdb'), (438631, 'tmdb'), (8835, 'tmdb'), (626735, 'tmdb'), (823625, 'tmdb'), (663260, 'tmdb'), (614934, 'tmdb'), (746419, 'tmdb'), (988046, 'tmdb'), (157336, 'tmdb'), (284052, 'tmdb'), (299536, 'tmdb'), (121, 'tmdb'), (671, 'tmdb'), (475557, 'tmdb'), (675, 'tmdb'), (12444, 'tmdb'), (1893, 'tmdb'), (808, 'tmdb')]
[2022-07-08 02:12:50,077] [builder.py:1509]           [DEBUG]    | 
[2022-07-08 02:12:50,079] [plex_meta_manager.py:557]  [DEBUG]    | 
[2022-07-08 02:12:50,079] [plex_meta_manager.py:558]  [DEBUG]    | Builder: tmdb_trending_daily: 50
[2022-07-08 02:12:50,079] [plex_meta_manager.py:559]  [INFO]     | 
[2022-07-08 02:12:50,278] [tmdb.py:344]               [INFO]     | Processing TMDb Trending Daily: 50 Movies
[2022-07-08 02:12:50,278] [builder.py:1507]           [DEBUG]    | 
[2022-07-08 02:12:50,279] [builder.py:1508]           [DEBUG]    | 50 IDs Found: [(507086, 'tmdb'), (616037, 'tmdb'), (453395, 'tmdb'), (745376, 'tmdb'), (438148, 'tmdb'), (759175, 'tmdb'), (361743, 'tmdb'), (545611, 'tmdb'), (988046, 'tmdb'), (634649, 'tmdb'), (338953, 'tmdb'), (414906, 'tmdb'), (894169, 'tmdb'), (916719, 'tmdb'), (718789, 'tmdb'), (614934, 'tmdb'), (667739, 'tmdb'), (888195, 'tmdb'), (526896, 'tmdb'), (884315, 'tmdb'), (639933, 'tmdb'), (752623, 'tmdb'), (756999, 'tmdb'), (793961, 'tmdb'), (299536, 'tmdb'), (675353, 'tmdb'), (648579, 'tmdb'), (299534, 'tmdb'), (736732, 'tmdb'), (818397, 'tmdb'), (284053, 'tmdb'), (629542, 'tmdb'), (671, 'tmdb'), (780609, 'tmdb'), (660267, 'tmdb'), (893338, 'tmdb'), (137113, 'tmdb'), (335787, 'tmdb'), (839678, 'tmdb'), (988165, 'tmdb'), (664469, 'tmdb'), (722800, 'tmdb'), (935516, 'tmdb'), (624860, 'tmdb'), (763285, 'tmdb'), (820446, 'tmdb'), (10195, 'tmdb'), (135397, 'tmdb'), (759054, 'tmdb'), (960705, 'tmdb')]
[2022-07-08 02:12:50,279] [builder.py:1509]           [DEBUG]    | 
[2022-07-08 02:12:50,280] [plex_meta_manager.py:557]  [DEBUG]    | 
[2022-07-08 02:12:50,281] [plex_meta_manager.py:558]  [DEBUG]    | Builder: tmdb_trending_weekly: 50
[2022-07-08 02:12:50,281] [plex_meta_manager.py:559]  [INFO]     | 
[2022-07-08 02:12:50,409] [tmdb.py:344]               [INFO]     | Processing TMDb Trending Weekly: 50 Movies
[2022-07-08 02:12:50,410] [builder.py:1507]           [DEBUG]    | 
[2022-07-08 02:12:50,410] [builder.py:1508]           [DEBUG]    | 50 IDs Found: [(453395, 'tmdb'), (507086, 'tmdb'), (616037, 'tmdb'), (759175, 'tmdb'), (438148, 'tmdb'), (361743, 'tmdb'), (667739, 'tmdb'), (338953, 'tmdb'), (545611, 'tmdb'), (634649, 'tmdb'), (615469, 'tmdb'), (718789, 'tmdb'), (526896, 'tmdb'), (414906, 'tmdb'), (648579, 'tmdb'), (675353, 'tmdb'), (614934, 'tmdb'), (759054, 'tmdb'), (819876, 'tmdb'), (639933, 'tmdb'), (756999, 'tmdb'), (916719, 'tmdb'), (780609, 'tmdb'), (629542, 'tmdb'), (888195, 'tmdb'), (705861, 'tmdb'), (335787, 'tmdb'), (884315, 'tmdb'), (793961, 'tmdb'), (752623, 'tmdb'), (820446, 'tmdb'), (744, 'tmdb'), (807356, 'tmdb'), (745376, 'tmdb'), (818397, 'tmdb'), (763285, 'tmdb'), (667642, 'tmdb'), (284052, 'tmdb'), (746419, 'tmdb'), (671, 'tmdb'), (299536, 'tmdb'), (299534, 'tmdb'), (968438, 'tmdb'), (828947, 'tmdb'), (814340, 'tmdb'), (406759, 'tmdb'), (831946, 'tmdb'), (843847, 'tmdb'), (438631, 'tmdb'), (758330, 'tmdb')]
[2022-07-08 02:12:50,411] [builder.py:1509]           [DEBUG]    | 
[2022-07-08 02:12:50,412] [builder.py:2172]           [INFO]     | 
[2022-07-08 02:12:50,413] [builder.py:2173]           [INFO]     |================================ Missing Movies from Library: 亚洲电影 =================================|
[2022-07-08 02:12:50,413] [builder.py:2174]           [INFO]     |                                                                                                    |
[2022-07-08 02:12:50,752] [builder.py:2187]           [INFO]     | 流行电影 Collection | ? | Jurassic World Dominion (2022) (TMDb: 507086)                                |
[2022-07-08 02:12:51,029] [builder.py:2187]           [INFO]     | 流行电影 Collection | ? | Doctor Strange in the Multiverse of Madness (2022) (TMDb: 453395)            |
[2022-07-08 02:12:51,436] [builder.py:2187]           [INFO]     | 流行电影 Collection | ? | Thor: Love and Thunder (2022) (TMDb: 616037)                                 |
[2022-07-08 02:12:51,924] [builder.py:2187]           [INFO]     | 流行电影 Collection | ? | The Man From Toronto (2022) (TMDb: 667739)                                   |
[2022-07-08 02:12:52,125] [builder.py:2187]           [INFO]     | 流行电影 Collection | ? | Fantastic Beasts: The Secrets of Dumbledore (2022) (TMDb: 338953)            |
[2022-07-08 02:12:52,363] [builder.py:2187]           [INFO]     | 流行电影 Collection | ? | Sonic the Hedgehog 2 (2022) (TMDb: 675353)                                   |
[2022-07-08 02:12:52,368] [builder.py:2187]           [INFO]     | 流行电影 Collection | ? | The Northman (2022) (TMDb: 639933)                                           |
[2022-07-08 02:12:52,585] [builder.py:2187]           [INFO]     | 流行电影 Collection | ? | The Batman (2022) (TMDb: 414906)                                             |
[2022-07-08 02:12:52,851] [builder.py:2187]           [INFO]     | 流行电影 Collection | ? | The Princess (2022) (TMDb: 759175)                                           |
[2022-07-08 02:12:53,118] [builder.py:2187]           [INFO]     | 流行电影 Collection | ? | Spider-Man: No Way Home (2021) (TMDb: 634649)                                |
[2022-07-08 02:12:53,333] [builder.py:2187]           [INFO]     | 流行电影 Collection | ? | Encanto (2021) (TMDb: 568124)                                                |
[2022-07-08 02:12:53,508] [builder.py:2187]           [INFO]     | 流行电影 Collection | ? | Everything Everywhere All at Once (2022) (TMDb: 545611)                      |
[2022-07-08 02:12:53,683] [builder.py:2187]           [INFO]     | 流行电影 Collection | ? | Top Gun: Maverick (2022) (TMDb: 361743)                                      |
[2022-07-08 02:12:53,924] [builder.py:2187]           [INFO]     | 流行电影 Collection | ? | Sing 2 (2021) (TMDb: 438695)                                                 |
[2022-07-08 02:12:54,202] [builder.py:2187]           [INFO]     | 流行电影 Collection | ? | The Unbearable Weight of Massive Talent (2022) (TMDb: 648579)                |
[2022-07-08 02:12:54,429] [builder.py:2187]           [INFO]     | 流行电影 Collection | ? | Men (2022) (TMDb: 780609)                                                    |
[2022-07-08 02:12:54,640] [builder.py:2187]           [INFO]     | 流行电影 Collection | ? | Thor: Ragnarok (2017) (TMDb: 284053)                                         |
[2022-07-08 02:12:54,841] [builder.py:2187]           [INFO]     | 流行电影 Collection | ? | Star Wars (1977) (TMDb: 11)                                                  |
[2022-07-08 02:12:55,029] [builder.py:2187]           [INFO]     | 流行电影 Collection | ? | Jurassic World: Fallen Kingdom (2018) (TMDb: 351286)                         |
[2022-07-08 02:12:55,218] [builder.py:2187]           [INFO]     | 流行电影 Collection | ? | Uncharted (2022) (TMDb: 335787)                                              |
[2022-07-08 02:12:55,399] [builder.py:2187]           [INFO]     | 流行电影 Collection | ? | Morbius (2022) (TMDb: 526896)                                                |
[2022-07-08 02:12:55,591] [builder.py:2187]           [INFO]     | 流行电影 Collection | ? | The Bad Guys (2022) (TMDb: 629542)                                           |
[2022-07-08 02:12:55,774] [builder.py:2187]           [INFO]     | 流行电影 Collection | ? | Jerry & Marge Go Large (2022) (TMDb: 843847)                                 |
[2022-07-08 02:12:55,996] [builder.py:2187]           [INFO]     | 流行电影 Collection | ? | Tady hlídáme my (2021) (TMDb: 681309)                                        |
[2022-07-08 02:12:56,350] [builder.py:2187]           [INFO]     | 流行电影 Collection | ? | Moonfall (2022) (TMDb: 406759)                                               |
[2022-07-08 02:12:56,840] [builder.py:2187]           [INFO]     | 流行电影 Collection | ? | The Lost City (2022) (TMDb: 752623)                                          |
[2022-07-08 02:12:57,007] [builder.py:2187]           [INFO]     | 流行电影 Collection | ? | Beavis and Butt-Head Do the Universe (2022) (TMDb: 828947)                   |
[2022-07-08 02:12:57,252] [builder.py:2187]           [INFO]     | 流行电影 Collection | ? | Minions: The Rise of Gru (2022) (TMDb: 438148)                               |
[2022-07-08 02:12:57,496] [builder.py:2187]           [INFO]     | 流行电影 Collection | ? | The Lord of the Rings: The Fellowship of the Ring (2001) (TMDb: 120)         |
[2022-07-08 02:12:57,666] [builder.py:2187]           [INFO]     | 流行电影 Collection | ? | Fantastic Beasts and Where to Find Them (2016) (TMDb: 259316)                |
[2022-07-08 02:12:57,866] [builder.py:2187]           [INFO]     | 流行电影 Collection | ? | Avengers: Endgame (2019) (TMDb: 299534)                                      |
[2022-07-08 02:12:58,041] [builder.py:2187]           [INFO]     | 流行电影 Collection | ? | Despicable Me (2010) (TMDb: 20352)                                           |
[2022-07-08 02:12:58,341] [builder.py:2187]           [INFO]     | 流行电影 Collection | ? | Dune (2021) (TMDb: 438631)                                                   |
[2022-07-08 02:12:58,508] [builder.py:2187]           [INFO]     | 流行电影 Collection | ? | Legally Blonde (2001) (TMDb: 8835)                                           |
[2022-07-08 02:12:58,707] [builder.py:2187]           [INFO]     | 流行电影 Collection | ? | Dog (2022) (TMDb: 626735)                                                    |
[2022-07-08 02:12:58,885] [builder.py:2187]           [INFO]     | 流行电影 Collection | ? | Blacklight (2022) (TMDb: 823625)                                             |
[2022-07-08 02:12:59,141] [builder.py:2187]           [INFO]     | 流行电影 Collection | ? | Black Box (2021) (TMDb: 663260)                                              |
[2022-07-08 02:12:59,332] [builder.py:2187]           [INFO]     | 流行电影 Collection | ? | Elvis (2022) (TMDb: 614934)                                                  |
[2022-07-08 02:12:59,563] [builder.py:2187]           [INFO]     | 流行电影 Collection | ? | Father of the Bride (2022) (TMDb: 746419)                                    |
[2022-07-08 02:12:59,841] [builder.py:2187]           [INFO]     | 流行电影 Collection | ? | Girl in the Picture (2022) (TMDb: 988046)                                    |
[2022-07-08 02:13:00,007] [builder.py:2187]           [INFO]     | 流行电影 Collection | ? | Interstellar (2014) (TMDb: 157336)                                           |
[2022-07-08 02:13:00,257] [builder.py:2187]           [INFO]     | 流行电影 Collection | ? | Doctor Strange (2016) (TMDb: 284052)                                         |
[2022-07-08 02:13:00,440] [builder.py:2187]           [INFO]     | 流行电影 Collection | ? | Avengers: Infinity War (2018) (TMDb: 299536)                                 |
[2022-07-08 02:13:01,874] [builder.py:2187]           [INFO]     | 流行电影 Collection | ? | The Lord of the Rings: The Two Towers (2002) (TMDb: 121)                     |
[2022-07-08 02:13:02,251] [builder.py:2187]           [INFO]     | 流行电影 Collection | ? | Harry Potter and the Philosopher's Stone (2001) (TMDb: 671)                  |
[2022-07-08 02:13:02,532] [builder.py:2187]           [INFO]     | 流行电影 Collection | ? | Joker (2019) (TMDb: 475557)                                                  |
[2022-07-08 02:13:02,832] [builder.py:2187]           [INFO]     | 流行电影 Collection | ? | Harry Potter and the Order of the Phoenix (2007) (TMDb: 675)                 |
[2022-07-08 02:13:03,063] [builder.py:2187]           [INFO]     | 流行电影 Collection | ? | Harry Potter and the Deathly Hallows: Part 1 (2010) (TMDb: 12444)            |
[2022-07-08 02:13:03,490] [builder.py:2187]           [INFO]     | 流行电影 Collection | ? | Star Wars: Episode I - The Phantom Menace (1999) (TMDb: 1893)                |
[2022-07-08 02:13:03,941] [builder.py:2187]           [INFO]     | 流行电影 Collection | ? | Shrek (2001) (TMDb: 808)                                                     |
[2022-07-08 02:13:04,256] [builder.py:2187]           [INFO]     | 流行电影 Collection | ? | Hello, Goodbye and Everything In Between (2022) (TMDb: 745376)               |
[2022-07-08 02:13:04,474] [builder.py:2187]           [INFO]     | 流行电影 Collection | ? | Vendetta (2022) (TMDb: 894169)                                               |
[2022-07-08 02:13:04,796] [builder.py:2187]           [INFO]     | 流行电影 Collection | ? | Code Name Banshee (2022) (TMDb: 916719)                                      |
[2022-07-08 02:13:05,182] [builder.py:2187]           [INFO]     | 流行电影 Collection | ? | Lightyear (2022) (TMDb: 718789)                                              |
[2022-07-08 02:13:05,407] [builder.py:2187]           [INFO]     | 流行电影 Collection | ? | Hot Seat (2022) (TMDb: 888195)                                               |
[2022-07-08 02:13:05,651] [builder.py:2187]           [INFO]     | 流行电影 Collection | ? | Terror on the Prairie (2022) (TMDb: 884315)                                  |
[2022-07-08 02:13:05,874] [builder.py:2187]           [INFO]     | 流行电影 Collection | ? | The Black Phone (2022) (TMDb: 756999)                                        |
[2022-07-08 02:13:06,090] [builder.py:2187]           [INFO]     | 流行电影 Collection | ? | Rubikon (2022) (TMDb: 793961)                                                |
[2022-07-08 02:13:06,307] [builder.py:2187]           [INFO]     | 流行电影 Collection | ? | Broker (2022) (TMDb: 736732)                                                 |
[2022-07-08 02:13:06,607] [builder.py:2187]           [INFO]     | 流行电影 Collection | ? | Memory (2022) (TMDb: 818397)                                                 |
[2022-07-08 02:13:06,923] [builder.py:2187]           [INFO]     | 流行电影 Collection | ? | Blasted (2022) (TMDb: 660267)                                                |
[2022-07-08 02:13:07,156] [builder.py:2187]           [INFO]     | 流行电影 Collection | ? | Gatlopp: Hell of a Game (2022) (TMDb: 893338)                                |
[2022-07-08 02:13:07,365] [builder.py:2187]           [INFO]     | 流行电影 Collection | ? | Edge of Tomorrow (2014) (TMDb: 137113)                                       |
[2022-07-08 02:13:07,673] [builder.py:2187]           [INFO]     | 流行电影 Collection | ? | Unhuman (2022) (TMDb: 839678)                                                |
[2022-07-08 02:13:07,932] [builder.py:2187]           [INFO]     | 流行电影 Collection | ? | H.P. Lovecraft's Witch House (2022) (TMDb: 988165)                           |
[2022-07-08 02:13:08,240] [builder.py:2187]           [INFO]     | 流行电影 Collection | ? | Amsterdam (2022) (TMDb: 664469)                                              |
[2022-07-08 02:13:08,465] [builder.py:2187]           [INFO]     | 流行电影 Collection | ? | The Drover's Wife: The Legend of Molly Johnson (2022) (TMDb: 722800)         |
[2022-07-08 02:13:08,748] [builder.py:2187]           [INFO]     | 流行电影 Collection | ? | Nude Tuesday (2022) (TMDb: 935516)                                           |
[2022-07-08 02:13:09,007] [builder.py:2187]           [INFO]     | 流行电影 Collection | ? | The Matrix Resurrections (2021) (TMDb: 624860)                               |
[2022-07-08 02:13:09,340] [builder.py:2187]           [INFO]     | 流行电影 Collection | ? | Ambulance (2022) (TMDb: 763285)                                              |
[2022-07-08 02:13:09,585] [builder.py:2187]           [INFO]     | 流行电影 Collection | ? | Downton Abbey: A New Era (2022) (TMDb: 820446)                               |
[2022-07-08 02:13:09,807] [builder.py:2187]           [INFO]     | 流行电影 Collection | ? | Thor (2011) (TMDb: 10195)                                                    |
[2022-07-08 02:13:10,090] [builder.py:2187]           [INFO]     | 流行电影 Collection | ? | Jurassic World (2015) (TMDb: 135397)                                         |
[2022-07-08 02:13:10,340] [builder.py:2187]           [INFO]     | 流行电影 Collection | ? | Rise (2022) (TMDb: 759054)                                                   |
[2022-07-08 02:13:10,631] [builder.py:2187]           [INFO]     | 流行电影 Collection | ? | Take the Night (2022) (TMDb: 960705)                                         |
[2022-07-08 02:13:10,874] [builder.py:2187]           [INFO]     | 流行电影 Collection | ? | Spiderhead (2022) (TMDb: 615469)                                             |
[2022-07-08 02:13:11,118] [builder.py:2187]           [INFO]     | 流行电影 Collection | ? | Crimes of the Future (2022) (TMDb: 819876)                                   |
[2022-07-08 02:13:11,307] [builder.py:2187]           [INFO]     | 流行电影 Collection | ? | Hustle (2022) (TMDb: 705861)                                                 |
[2022-07-08 02:13:11,574] [builder.py:2187]           [INFO]     | 流行电影 Collection | ? | Top Gun (1986) (TMDb: 744)                                                   |
[2022-07-08 02:13:11,774] [builder.py:2187]           [INFO]     | 流行电影 Collection | ? | Watcher (2022) (TMDb: 807356)                                                |
[2022-07-08 02:13:12,018] [builder.py:2187]           [INFO]     | 流行电影 Collection | ? | Beauty (2022) (TMDb: 667642)                                                 |
[2022-07-08 02:13:12,229] [builder.py:2187]           [INFO]     | 流行电影 Collection | ? | Love & Gelato (2022) (TMDb: 968438)                                          |
[2022-07-08 02:13:12,474] [builder.py:2187]           [INFO]     | 流行电影 Collection | ? | Cha Cha Real Smooth (2022) (TMDb: 814340)                                    |
[2022-07-08 02:13:12,689] [builder.py:2187]           [INFO]     | 流行电影 Collection | ? | Interceptor (2022) (TMDb: 831946)                                            |
[2022-07-08 02:13:12,898] [builder.py:2187]           [INFO]     | 流行电影 Collection | ? | Good Luck to You, Leo Grande (2022) (TMDb: 758330)                           |
[2022-07-08 02:13:12,898] [builder.py:2192]           [INFO]     |                                                                                                    |
[2022-07-08 02:13:12,899] [builder.py:2193]           [INFO]     | 85 Movies Missing                                                                                  |
[2022-07-08 02:13:12,899] [plex_meta_manager.py:593]  [INFO]     |                                                                                                    |
[2022-07-08 02:13:12,899] [plex_meta_manager.py:594]  [INFO]     | Collection Minimum: 3 not met for 流行电影 Collection                                                  |
[2022-07-08 02:13:12,900] [plex_meta_manager.py:674]  [INFO]     |                                                                                                    |
[2022-07-08 02:13:12,900] [plex_meta_manager.py:675]  [INFO]     |====================================================================================================|
[2022-07-08 02:13:12,900] [plex_meta_manager.py:675]  [INFO]     |                                      Finished 流行电影 Collection                                      |
[2022-07-08 02:13:12,901] [plex_meta_manager.py:675]  [INFO]     |                                    Collection Run Time: 0:00:24                                    |
[2022-07-08 02:13:12,901] [plex_meta_manager.py:675]  [INFO]     |====================================================================================================|
