[2022-07-08 02:30:11,444] [builder.py:185]            [INFO]     |====================================================================================================|
[2022-07-08 02:30:11,445] [builder.py:185]            [INFO]     |                                Trakt Recommended Collection in 亚洲电影                                |
[2022-07-08 02:30:11,446] [builder.py:185]            [INFO]     |====================================================================================================|
[2022-07-08 02:30:11,446] [builder.py:186]            [INFO]     |                                                                                                    |
[2022-07-08 02:30:11,446] [builder.py:191]            [INFO]     |============================= Validating Trakt Recommended Attributes ==============================|
[2022-07-08 02:30:11,447] [builder.py:212]            [DEBUG]    |                                                                                                    |
[2022-07-08 02:30:11,447] [builder.py:213]            [DEBUG]    | Validating Method: template                                                                        |
[2022-07-08 02:30:11,447] [meta.py:103]               [DEBUG]    | Value: [{'value': ['recommended'], 'custom': ['recommended'], 'key_name': 'Recommended', 'key': 'recommended', 'name': 'trakt'}, {'value': ['recommended'], 'custom': ['recommended'], 'key_name': 'Recommended', 'key': 'recommended', 'name': 'customsync'}, {'value': ['recommended'], 'custom': ['recommended'], 'key_name': 'Recommended', 'key': 'recommended', 'name': 'chart_shared'}] |
[2022-07-08 02:30:11,450] [builder.py:437]            [DEBUG]    |                                                                                                    |
[2022-07-08 02:30:11,451] [builder.py:438]            [DEBUG]    | Validating Method: sync_mode                                                                       |
[2022-07-08 02:30:11,451] [builder.py:442]            [DEBUG]    | Value: sync                                                                                        |
[2022-07-08 02:30:11,451] [builder.py:582]            [DEBUG]    |                                                                                                    |
[2022-07-08 02:30:11,452] [builder.py:583]            [DEBUG]    | Validating Method: collection_order                                                                |
[2022-07-08 02:30:11,452] [builder.py:584]            [DEBUG]    | Value: custom                                                                                      |
[2022-07-08 02:30:11,452] [builder.py:600]            [DEBUG]    |                                                                                                    |
[2022-07-08 02:30:11,452] [builder.py:604]            [DEBUG]    | Validating Method: label                                                                           |
[2022-07-08 02:30:11,453] [builder.py:605]            [DEBUG]    | Value: Trakt                                                                                       |
[2022-07-08 02:30:11,453] [builder.py:600]            [DEBUG]    |                                                                                                    |
[2022-07-08 02:30:11,453] [builder.py:604]            [DEBUG]    | Validating Method: trakt_chart                                                                     |
[2022-07-08 02:30:11,454] [builder.py:605]            [DEBUG]    | Value: {'chart': 'recommended', 'limit': 100}                                                      |
[2022-07-08 02:30:11,454] [builder.py:600]            [DEBUG]    |                                                                                                    |
[2022-07-08 02:30:11,454] [builder.py:604]            [DEBUG]    | Validating Method: summary                                                                         |
[2022-07-08 02:30:11,455] [builder.py:605]            [DEBUG]    | Value: A collection of Trakt's Weekly movie List                                                   |
[2022-07-08 02:30:11,455] [builder.py:600]            [DEBUG]    |                                                                                                    |
[2022-07-08 02:30:11,455] [builder.py:604]            [DEBUG]    | Validating Method: sort_title                                                                      |
[2022-07-08 02:30:11,455] [builder.py:605]            [DEBUG]    | Value: !01_Trakt Recommended                                                                       |
[2022-07-08 02:30:11,456] [builder.py:600]            [DEBUG]    |                                                                                                    |
[2022-07-08 02:30:11,456] [builder.py:604]            [DEBUG]    | Validating Method: url_poster                                                                      |
[2022-07-08 02:30:11,456] [builder.py:605]            [DEBUG]    | Value: https://raw.githubusercontent.com/meisnate12/Plex-Meta-Manager-Images/master/chart/Trakt%20Recommended.jpg |
[2022-07-08 02:30:12,012] [builder.py:764]            [INFO]     |                                                                                                    |
[2022-07-08 02:30:12,012] [builder.py:765]            [INFO]     | Validation Successful                                                                              |
[2022-07-08 02:30:12,013] [plex_meta_manager.py:539]  [INFO]     |                                                                                                    |
[2022-07-08 02:30:12,013] [plex_meta_manager.py:541]  [INFO]     |=============================== Running Trakt Recommended Collection ===============================|
[2022-07-08 02:30:12,013] [plex_meta_manager.py:553]  [INFO]     |                                                                                                    |
[2022-07-08 02:30:12,014] [plex_meta_manager.py:554]  [INFO]     | Sync Mode: sync                                                                                    |
[2022-07-08 02:30:12,014] [plex_meta_manager.py:557]  [DEBUG]    |                                                                                                    |
[2022-07-08 02:30:12,014] [plex_meta_manager.py:558]  [DEBUG]    | Builder: trakt_chart: {'chart': 'recommended', 'limit': 100, 'time_period': None}                  |
[2022-07-08 02:30:12,014] [plex_meta_manager.py:559]  [INFO]     |                                                                                                    |
[2022-07-08 02:30:12,015] [trakt.py:490]              [INFO]     | Processing Trakt Chart: 100 Recommended Movies                                                     |
[2022-07-08 02:30:13,051] [builder.py:1507]           [DEBUG]    |                                                                                                    |
[2022-07-08 02:30:13,051] [builder.py:1508]           [DEBUG]    | 100 IDs Found: [(453395, 'tmdb'), (545611, 'tmdb'), (507086, 'tmdb'), (361743, 'tmdb'), (667739, 'tmdb'), (759175, 'tmdb'), (157336, 'tmdb'), (135397, 'tmdb'), (414906, 'tmdb'), (438631, 'tmdb'), (496243, 'tmdb'), (299534, 'tmdb'), (550, 'tmdb'), (648579, 'tmdb'), (705861, 'tmdb'), (680, 'tmdb'), (639933, 'tmdb'), (475557, 'tmdb'), (68718, 'tmdb'), (24, 'tmdb'), (155, 'tmdb'), (118340, 'tmdb'), (351286, 'tmdb'), (614934, 'tmdb'), (16869, 'tmdb'), (22, 'tmdb'), (329865, 'tmdb'), (335787, 'tmdb'), (752623, 'tmdb'), (73, 'tmdb'), (752, 'tmdb'), (353081, 'tmdb'), (348, 'tmdb'), (419430, 'tmdb'), (372058, 'tmdb'), (330459, 'tmdb'), (10681, 'tmdb'), (293660, 'tmdb'), (278, 'tmdb'), (634649, 'tmdb'), (27205, 'tmdb'), (137113, 'tmdb'), (843847, 'tmdb'), (780609, 'tmdb'), (98, 'tmdb'), (290250, 'tmdb'), (603, 'tmdb'), (37165, 'tmdb'), (273248, 'tmdb'), (769, 'tmdb'), (759054, 'tmdb'), (490132, 'tmdb'), (38, 'tmdb'), (354912, 'tmdb'), (497, 'tmdb'), (274, 'tmdb'), (290098, 'tmdb'), (78, 'tmdb'), (587792, 'tmdb'), (4935, 'tmdb'), (820446, 'tmdb'), (615457, 'tmdb'), (150540, 'tmdb'), (324857, 'tmdb'), (335984, 'tmdb'), (339403, 'tmdb'), (546554, 'tmdb'), (576845, 'tmdb'), (508947, 'tmdb'), (744, 'tmdb'), (120, 'tmdb'), (284053, 'tmdb'), (121, 'tmdb'), (299536, 'tmdb'), (438148, 'tmdb'), (616037, 'tmdb'), (663771, 'tmdb'), (976720, 'tmdb'), (9918, 'tmdb'), (509967, 'tmdb'), (551332, 'tmdb'), (246741, 'tmdb'), (11031, 'tmdb'), (310131, 'tmdb'), (487558, 'tmdb'), (484641, 'tmdb'), (184045, 'tmdb'), (500, 'tmdb'), (9470, 'tmdb'), (9323, 'tmdb'), (3179, 'tmdb'), (198184, 'tmdb'), (9792, 'tmdb'), (270303, 'tmdb'), (12, 'tmdb'), (814340, 'tmdb'), (531428, 'tmdb'), (142, 'tmdb'), (813, 'tmdb'), (9444, 'tmdb')] |
[2022-07-08 02:30:13,052] [builder.py:1509]           [DEBUG]    |                                                                                                    |
[2022-07-08 02:30:13,055] [builder.py:2009]           [INFO]     |                                                                                                    |
[2022-07-08 02:30:13,055] [builder.py:2010]           [INFO]     |============================== Adding to Trakt Recommended Collection ==============================|
[2022-07-08 02:30:13,056] [builder.py:2011]           [INFO]     |                                                                                                    |
[2022-07-08 02:30:13,056] [builder.py:2025]           [INFO]     | 1/2 | Trakt Recommended Collection | + | 你的名字 (2016)                                               |
[2022-07-08 02:30:16,949] [builder.py:2025]           [INFO]     | 2/2 | Trakt Recommended Collection | + | 哈尔的移动城堡 (2004)                                            |
[2022-07-08 02:30:17,929] [builder.py:2045]           [INFO]     |                                                                                                    |
[2022-07-08 02:30:17,929] [builder.py:2046]           [INFO]     | 2 Movies Processed                                                                                 |
[2022-07-08 02:30:17,930] [builder.py:2054]           [INFO]     |                                                                                                    |
[2022-07-08 02:30:17,930] [builder.py:2055]           [INFO]     |============================ Removed from Trakt Recommended Collection =============================|
[2022-07-08 02:30:17,931] [builder.py:2056]           [INFO]     |                                                                                                    |
[2022-07-08 02:30:17,931] [builder.py:2061]           [INFO]     | 1/1 | Trakt Recommended Collection | - | 千与千寻 (2001)                                               |
[2022-07-08 02:30:18,787] [builder.py:2073]           [INFO]     |                                                                                                    |
[2022-07-08 02:30:18,788] [builder.py:2074]           [INFO]     | 1 Movies Removed                                                                                   |
[2022-07-08 02:30:18,788] [builder.py:2172]           [INFO]     |                                                                                                    |
[2022-07-08 02:30:18,789] [builder.py:2173]           [INFO]     |================================ Missing Movies from Library: 亚洲电影 =================================|
[2022-07-08 02:30:18,789] [builder.py:2174]           [INFO]     |                                                                                                    |
[2022-07-08 02:30:19,226] [builder.py:2187]           [INFO]     | Trakt Recommended Collection | ? | Doctor Strange in the Multiverse of Madness (2022) (TMDb: 453395) |
[2022-07-08 02:30:19,494] [builder.py:2187]           [INFO]     | Trakt Recommended Collection | ? | Everything Everywhere All at Once (2022) (TMDb: 545611)         |
[2022-07-08 02:30:19,781] [builder.py:2187]           [INFO]     | Trakt Recommended Collection | ? | Jurassic World Dominion (2022) (TMDb: 507086)                   |
[2022-07-08 02:30:20,147] [builder.py:2187]           [INFO]     | Trakt Recommended Collection | ? | Top Gun: Maverick (2022) (TMDb: 361743)                         |
[2022-07-08 02:30:20,558] [builder.py:2187]           [INFO]     | Trakt Recommended Collection | ? | The Man From Toronto (2022) (TMDb: 667739)                      |
[2022-07-08 02:30:20,814] [builder.py:2187]           [INFO]     | Trakt Recommended Collection | ? | The Princess (2022) (TMDb: 759175)                              |
[2022-07-08 02:30:21,070] [builder.py:2187]           [INFO]     | Trakt Recommended Collection | ? | Interstellar (2014) (TMDb: 157336)                              |
[2022-07-08 02:30:21,458] [builder.py:2187]           [INFO]     | Trakt Recommended Collection | ? | Jurassic World (2015) (TMDb: 135397)                            |
[2022-07-08 02:30:21,719] [builder.py:2187]           [INFO]     | Trakt Recommended Collection | ? | The Batman (2022) (TMDb: 414906)                                |
[2022-07-08 02:30:22,181] [builder.py:2187]           [INFO]     | Trakt Recommended Collection | ? | Dune (2021) (TMDb: 438631)                                      |
[2022-07-08 02:30:22,525] [builder.py:2187]           [INFO]     | Trakt Recommended Collection | ? | Parasite (2019) (TMDb: 496243)                                  |
[2022-07-08 02:30:22,819] [builder.py:2187]           [INFO]     | Trakt Recommended Collection | ? | Avengers: Endgame (2019) (TMDb: 299534)                         |
[2022-07-08 02:30:23,092] [builder.py:2187]           [INFO]     | Trakt Recommended Collection | ? | Fight Club (1999) (TMDb: 550)                                   |
[2022-07-08 02:30:23,447] [builder.py:2187]           [INFO]     | Trakt Recommended Collection | ? | The Unbearable Weight of Massive Talent (2022) (TMDb: 648579)   |
[2022-07-08 02:30:23,647] [builder.py:2187]           [INFO]     | Trakt Recommended Collection | ? | Hustle (2022) (TMDb: 705861)                                    |
[2022-07-08 02:30:23,919] [builder.py:2187]           [INFO]     | Trakt Recommended Collection | ? | Pulp Fiction (1994) (TMDb: 680)                                 |
[2022-07-08 02:30:24,185] [builder.py:2187]           [INFO]     | Trakt Recommended Collection | ? | The Northman (2022) (TMDb: 639933)                              |
[2022-07-08 02:30:24,569] [builder.py:2187]           [INFO]     | Trakt Recommended Collection | ? | Joker (2019) (TMDb: 475557)                                     |
[2022-07-08 02:30:24,827] [builder.py:2187]           [INFO]     | Trakt Recommended Collection | ? | Django Unchained (2012) (TMDb: 68718)                           |
[2022-07-08 02:30:25,119] [builder.py:2187]           [INFO]     | Trakt Recommended Collection | ? | Kill Bill: Vol. 1 (2003) (TMDb: 24)                             |
[2022-07-08 02:30:25,477] [builder.py:2187]           [INFO]     | Trakt Recommended Collection | ? | The Dark Knight (2008) (TMDb: 155)                              |
[2022-07-08 02:30:25,727] [builder.py:2187]           [INFO]     | Trakt Recommended Collection | ? | Guardians of the Galaxy (2014) (TMDb: 118340)                   |
[2022-07-08 02:30:26,047] [builder.py:2187]           [INFO]     | Trakt Recommended Collection | ? | Jurassic World: Fallen Kingdom (2018) (TMDb: 351286)            |
[2022-07-08 02:30:26,327] [builder.py:2187]           [INFO]     | Trakt Recommended Collection | ? | Elvis (2022) (TMDb: 614934)                                     |
[2022-07-08 02:30:26,670] [builder.py:2187]           [INFO]     | Trakt Recommended Collection | ? | Inglourious Basterds (2009) (TMDb: 16869)                       |
[2022-07-08 02:30:26,675] [builder.py:2187]           [INFO]     | Trakt Recommended Collection | ? | Pirates of the Caribbean: The Curse of the Black Pearl (2003) (TMDb: 22) |
[2022-07-08 02:30:26,960] [builder.py:2187]           [INFO]     | Trakt Recommended Collection | ? | Arrival (2016) (TMDb: 329865)                                   |
[2022-07-08 02:30:27,252] [builder.py:2187]           [INFO]     | Trakt Recommended Collection | ? | Uncharted (2022) (TMDb: 335787)                                 |
[2022-07-08 02:30:27,503] [builder.py:2187]           [INFO]     | Trakt Recommended Collection | ? | The Lost City (2022) (TMDb: 752623)                             |
[2022-07-08 02:30:27,825] [builder.py:2187]           [INFO]     | Trakt Recommended Collection | ? | American History X (1998) (TMDb: 73)                            |
[2022-07-08 02:30:28,170] [builder.py:2187]           [INFO]     | Trakt Recommended Collection | ? | V for Vendetta (2006) (TMDb: 752)                               |
[2022-07-08 02:30:28,460] [builder.py:2187]           [INFO]     | Trakt Recommended Collection | ? | Mission: Impossible - Fallout (2018) (TMDb: 353081)             |
[2022-07-08 02:30:28,703] [builder.py:2187]           [INFO]     | Trakt Recommended Collection | ? | Alien (1979) (TMDb: 348)                                        |
[2022-07-08 02:30:29,160] [builder.py:2187]           [INFO]     | Trakt Recommended Collection | ? | Get Out (2017) (TMDb: 419430)                                   |
[2022-07-08 02:30:29,470] [builder.py:2187]           [INFO]     | Trakt Recommended Collection | ? | Rogue One: A Star Wars Story (2016) (TMDb: 330459)              |
[2022-07-08 02:30:29,803] [builder.py:2187]           [INFO]     | Trakt Recommended Collection | ? | WALL·E (2008) (TMDb: 10681)                                     |
[2022-07-08 02:30:30,093] [builder.py:2187]           [INFO]     | Trakt Recommended Collection | ? | Deadpool (2016) (TMDb: 293660)                                  |
[2022-07-08 02:30:30,281] [builder.py:2187]           [INFO]     | Trakt Recommended Collection | ? | The Shawshank Redemption (1994) (TMDb: 278)                     |
[2022-07-08 02:30:30,518] [builder.py:2187]           [INFO]     | Trakt Recommended Collection | ? | Spider-Man: No Way Home (2021) (TMDb: 634649)                   |
[2022-07-08 02:30:30,703] [builder.py:2187]           [INFO]     | Trakt Recommended Collection | ? | Inception (2010) (TMDb: 27205)                                  |
[2022-07-08 02:30:31,014] [builder.py:2187]           [INFO]     | Trakt Recommended Collection | ? | Edge of Tomorrow (2014) (TMDb: 137113)                          |
[2022-07-08 02:30:31,336] [builder.py:2187]           [INFO]     | Trakt Recommended Collection | ? | Jerry & Marge Go Large (2022) (TMDb: 843847)                    |
[2022-07-08 02:30:31,835] [builder.py:2187]           [INFO]     | Trakt Recommended Collection | ? | Men (2022) (TMDb: 780609)                                       |
[2022-07-08 02:30:32,147] [builder.py:2187]           [INFO]     | Trakt Recommended Collection | ? | Gladiator (2000) (TMDb: 98)                                     |
[2022-07-08 02:30:32,414] [builder.py:2187]           [INFO]     | Trakt Recommended Collection | ? | The Nice Guys (2016) (TMDb: 290250)                             |
[2022-07-08 02:30:32,714] [builder.py:2187]           [INFO]     | Trakt Recommended Collection | ? | The Matrix (1999) (TMDb: 603)                                   |
[2022-07-08 02:30:32,970] [builder.py:2187]           [INFO]     | Trakt Recommended Collection | ? | The Truman Show (1998) (TMDb: 37165)                            |
[2022-07-08 02:30:33,168] [builder.py:2187]           [INFO]     | Trakt Recommended Collection | ? | The Hateful Eight (2015) (TMDb: 273248)                         |
[2022-07-08 02:30:33,508] [builder.py:2187]           [INFO]     | Trakt Recommended Collection | ? | GoodFellas (1990) (TMDb: 769)                                   |
[2022-07-08 02:30:33,747] [builder.py:2187]           [INFO]     | Trakt Recommended Collection | ? | Rise (2022) (TMDb: 759054)                                      |
[2022-07-08 02:30:34,014] [builder.py:2187]           [INFO]     | Trakt Recommended Collection | ? | Green Book (2018) (TMDb: 490132)                                |
[2022-07-08 02:30:34,270] [builder.py:2187]           [INFO]     | Trakt Recommended Collection | ? | Eternal Sunshine of the Spotless Mind (2004) (TMDb: 38)         |
[2022-07-08 02:30:34,503] [builder.py:2187]           [INFO]     | Trakt Recommended Collection | ? | Coco (2017) (TMDb: 354912)                                      |
[2022-07-08 02:30:34,726] [builder.py:2187]           [INFO]     | Trakt Recommended Collection | ? | The Green Mile (1999) (TMDb: 497)                               |
[2022-07-08 02:30:34,959] [builder.py:2187]           [INFO]     | Trakt Recommended Collection | ? | The Silence of the Lambs (1991) (TMDb: 274)                     |
[2022-07-08 02:30:35,159] [builder.py:2187]           [INFO]     | Trakt Recommended Collection | ? | The Handmaiden (2016) (TMDb: 290098)                            |
[2022-07-08 02:30:35,393] [builder.py:2187]           [INFO]     | Trakt Recommended Collection | ? | Blade Runner (1982) (TMDb: 78)                                  |
[2022-07-08 02:30:35,636] [builder.py:2187]           [INFO]     | Trakt Recommended Collection | ? | Palm Springs (2020) (TMDb: 587792)                              |
[2022-07-08 02:30:35,918] [builder.py:2187]           [INFO]     | Trakt Recommended Collection | ? | Downton Abbey: A New Era (2022) (TMDb: 820446)                  |
[2022-07-08 02:30:36,114] [builder.py:2187]           [INFO]     | Trakt Recommended Collection | ? | Nobody (2021) (TMDb: 615457)                                    |
[2022-07-08 02:30:36,358] [builder.py:2187]           [INFO]     | Trakt Recommended Collection | ? | Inside Out (2015) (TMDb: 150540)                                |
[2022-07-08 02:30:36,647] [builder.py:2187]           [INFO]     | Trakt Recommended Collection | ? | Spider-Man: Into the Spider-Verse (2018) (TMDb: 324857)         |
[2022-07-08 02:30:36,970] [builder.py:2187]           [INFO]     | Trakt Recommended Collection | ? | Blade Runner 2049 (2017) (TMDb: 335984)                         |
[2022-07-08 02:30:37,226] [builder.py:2187]           [INFO]     | Trakt Recommended Collection | ? | Baby Driver (2017) (TMDb: 339403)                               |
[2022-07-08 02:30:37,559] [builder.py:2187]           [INFO]     | Trakt Recommended Collection | ? | Knives Out (2019) (TMDb: 546554)                                |
[2022-07-08 02:30:37,901] [builder.py:2187]           [INFO]     | Trakt Recommended Collection | ? | Last Night in Soho (2021) (TMDb: 576845)                        |
[2022-07-08 02:30:38,181] [builder.py:2187]           [INFO]     | Trakt Recommended Collection | ? | Turning Red (2022) (TMDb: 508947)                               |
[2022-07-08 02:30:38,451] [builder.py:2187]           [INFO]     | Trakt Recommended Collection | ? | Top Gun (1986) (TMDb: 744)                                      |
[2022-07-08 02:30:38,456] [builder.py:2187]           [INFO]     | Trakt Recommended Collection | ? | The Lord of the Rings: The Fellowship of the Ring (2001) (TMDb: 120) |
[2022-07-08 02:30:38,714] [builder.py:2187]           [INFO]     | Trakt Recommended Collection | ? | Thor: Ragnarok (2017) (TMDb: 284053)                            |
[2022-07-08 02:30:39,092] [builder.py:2187]           [INFO]     | Trakt Recommended Collection | ? | The Lord of the Rings: The Two Towers (2002) (TMDb: 121)        |
[2022-07-08 02:30:39,347] [builder.py:2187]           [INFO]     | Trakt Recommended Collection | ? | Avengers: Infinity War (2018) (TMDb: 299536)                    |
[2022-07-08 02:30:39,703] [builder.py:2187]           [INFO]     | Trakt Recommended Collection | ? | Minions: The Rise of Gru (2022) (TMDb: 438148)                  |
[2022-07-08 02:30:40,047] [builder.py:2187]           [INFO]     | Trakt Recommended Collection | ? | Thor: Love and Thunder (2022) (TMDb: 616037)                    |
[2022-07-08 02:30:40,317] [builder.py:2187]           [INFO]     | Trakt Recommended Collection | ? | Shylock (2020) (TMDb: 663771)                                   |
[2022-07-08 02:30:40,625] [builder.py:2187]           [INFO]     | Trakt Recommended Collection | ? | Vesper (2022) (TMDb: 976720)                                    |
[2022-07-08 02:30:40,892] [builder.py:2187]           [INFO]     | Trakt Recommended Collection | ? | Glory Road (2006) (TMDb: 9918)                                  |
[2022-07-08 02:30:41,217] [builder.py:2187]           [INFO]     | Trakt Recommended Collection | ? | 6 Underground (2019) (TMDb: 509967)                             |
[2022-07-08 02:30:41,484] [builder.py:2187]           [INFO]     | Trakt Recommended Collection | ? | The Two Popes (2019) (TMDb: 551332)                             |
[2022-07-08 02:30:41,803] [builder.py:2187]           [INFO]     | Trakt Recommended Collection | ? | What We Do in the Shadows (2014) (TMDb: 246741)                 |
[2022-07-08 02:30:42,003] [builder.py:2187]           [INFO]     | Trakt Recommended Collection | ? | This Is Spinal Tap (1984) (TMDb: 11031)                         |
[2022-07-08 02:30:42,225] [builder.py:2187]           [INFO]     | Trakt Recommended Collection | ? | The Witch (2015) (TMDb: 310131)                                 |
[2022-07-08 02:30:42,436] [builder.py:2187]           [INFO]     | Trakt Recommended Collection | ? | BlacKkKlansman (2018) (TMDb: 487558)                            |
[2022-07-08 02:30:42,658] [builder.py:2187]           [INFO]     | Trakt Recommended Collection | ? | Anna (2019) (TMDb: 484641)                                      |
[2022-07-08 02:30:42,869] [builder.py:2187]           [INFO]     | Trakt Recommended Collection | ? | All My Loving (1968) (TMDb: 184045)                             |
[2022-07-08 02:30:43,125] [builder.py:2187]           [INFO]     | Trakt Recommended Collection | ? | Reservoir Dogs (1992) (TMDb: 500)                               |
[2022-07-08 02:30:43,392] [builder.py:2187]           [INFO]     | Trakt Recommended Collection | ? | Kung Fu Hustle (2004) (TMDb: 9470)                              |
[2022-07-08 02:30:43,692] [builder.py:2187]           [INFO]     | Trakt Recommended Collection | ? | Ghost in the Shell (1995) (TMDb: 9323)                          |
[2022-07-08 02:30:43,984] [builder.py:2187]           [INFO]     | Trakt Recommended Collection | ? | Beavis and Butt-Head Do America (1996) (TMDb: 3179)             |
[2022-07-08 02:30:45,816] [builder.py:2187]           [INFO]     | Trakt Recommended Collection | ? | Chappie (2015) (TMDb: 198184)                                   |
[2022-07-08 02:30:46,584] [builder.py:2187]           [INFO]     | Trakt Recommended Collection | ? | The Hills Have Eyes (2006) (TMDb: 9792)                         |
[2022-07-08 02:30:47,871] [builder.py:2187]           [INFO]     | Trakt Recommended Collection | ? | It Follows (2014) (TMDb: 270303)                                |
[2022-07-08 02:30:48,183] [builder.py:2187]           [INFO]     | Trakt Recommended Collection | ? | Finding Nemo (2003) (TMDb: 12)                                  |
[2022-07-08 02:30:48,803] [builder.py:2187]           [INFO]     | Trakt Recommended Collection | ? | Cha Cha Real Smooth (2022) (TMDb: 814340)                       |
[2022-07-08 02:30:49,225] [builder.py:2187]           [INFO]     | Trakt Recommended Collection | ? | Portrait of a Lady on Fire (2019) (TMDb: 531428)                |
[2022-07-08 02:30:49,508] [builder.py:2187]           [INFO]     | Trakt Recommended Collection | ? | Brokeback Mountain (2005) (TMDb: 142)                           |
[2022-07-08 02:30:49,836] [builder.py:2187]           [INFO]     | Trakt Recommended Collection | ? | Airplane! (1980) (TMDb: 813)                                    |
[2022-07-08 02:30:50,092] [builder.py:2187]           [INFO]     | Trakt Recommended Collection | ? | Anastasia (1997) (TMDb: 9444)                                   |
[2022-07-08 02:30:50,092] [builder.py:2192]           [INFO]     |                                                                                                    |
[2022-07-08 02:30:50,092] [builder.py:2193]           [INFO]     | 98 Movies Missing                                                                                  |
[2022-07-08 02:30:50,111] [builder.py:2383]           [INFO]     |                                                                                                    |
[2022-07-08 02:30:50,112] [builder.py:2384]           [INFO]     |========================= Updating Details of Trakt Recommended Collection =========================|
[2022-07-08 02:30:50,113] [builder.py:2385]           [INFO]     |                                                                                                    |
[2022-07-08 02:30:50,175] [builder.py:2446]           [INFO]     | Collection Metadata Edits                                                                          |
[2022-07-08 02:30:50,176] [util.py:150]               [DEBUG]    | 1 poster found:                                                                                    |
[2022-07-08 02:30:50,176] [util.py:152]               [DEBUG]    | Method: url_poster Poster: https://raw.githubusercontent.com/meisnate12/Plex-Meta-Manager-Images/master/chart/Trakt%20Recommended.jpg |
[2022-07-08 02:30:50,546] [library.py:153]            [INFO]     | Detail: url_poster updated poster to [URL] https://raw.githubusercontent.com/meisnate12/Plex-Meta-Manager-Images/master/chart/Trakt%20Recommended.jpg |
[2022-07-08 02:30:51,367] [builder.py:2529]           [INFO]     |                                                                                                    |
[2022-07-08 02:30:51,368] [builder.py:2530]           [INFO]     |=============================== Sorting Trakt Recommended Collection ===============================|
[2022-07-08 02:30:51,369] [builder.py:2531]           [INFO]     |                                                                                                    |
[2022-07-08 02:30:51,369] [plex_meta_manager.py:674]  [INFO]     |                                                                                                    |
[2022-07-08 02:30:51,370] [plex_meta_manager.py:675]  [INFO]     |====================================================================================================|
[2022-07-08 02:30:51,370] [plex_meta_manager.py:675]  [INFO]     |                               Finished Trakt Recommended Collection                                |
[2022-07-08 02:30:51,370] [plex_meta_manager.py:675]  [INFO]     |                                    Collection Run Time: 0:00:39                                    |
[2022-07-08 02:30:51,371] [plex_meta_manager.py:675]  [INFO]     |====================================================================================================|
