[2022-06-10 06:57:27,921] [builder.py:185]            [INFO]     |====================================================================================================|
[2022-06-10 06:57:27,923] [builder.py:185]            [INFO]     |                            Chart Collections Collection in ....TV Shows                            |
[2022-06-10 06:57:27,923] [builder.py:185]            [INFO]     |====================================================================================================|
[2022-06-10 06:57:27,924] [builder.py:186]            [INFO]     |                                                                                                    |
[2022-06-10 06:57:27,925] [builder.py:191]            [INFO]     |============================= Validating Chart Collections Attributes ==============================|
[2022-06-10 06:57:27,926] [builder.py:212]            [DEBUG]    |                                                                                                    |
[2022-06-10 06:57:27,927] [builder.py:213]            [DEBUG]    | Validating Method: template                                                                        |
[2022-06-10 06:57:27,929] [meta.py:103]               [DEBUG]    | Value: [ordereddict([('name', 'separator'), ('separator', 'chart')])]                              |
[2022-06-10 06:57:27,932] [builder.py:430]            [DEBUG]    |                                                                                                    |
[2022-06-10 06:57:27,933] [builder.py:431]            [DEBUG]    | Validating Method: blank_collection                                                                |
[2022-06-10 06:57:27,934] [builder.py:432]            [DEBUG]    | Value: True                                                                                        |
[2022-06-10 06:57:27,935] [builder.py:600]            [DEBUG]    |                                                                                                    |
[2022-06-10 06:57:27,936] [builder.py:604]            [DEBUG]    | Validating Method: sort_title                                                                      |
[2022-06-10 06:57:27,936] [builder.py:605]            [DEBUG]    | Value: !01_!Chart Collections                                                                      |
[2022-06-10 06:57:27,937] [builder.py:600]            [DEBUG]    |                                                                                                    |
[2022-06-10 06:57:27,938] [builder.py:604]            [DEBUG]    | Validating Method: url_poster                                                                      |
[2022-06-10 06:57:27,938] [builder.py:605]            [DEBUG]    | Value: https://raw.githubusercontent.com/meisnate12/Plex-Meta-Manager-Images/master/separators/chart.jpg |
[2022-06-10 06:57:28,289] [builder.py:764]            [INFO]     |                                                                                                    |
[2022-06-10 06:57:28,365] [builder.py:765]            [INFO]     | Validation Successful                                                                              |
[2022-06-10 06:57:28,366] [plex_meta_manager.py:539]  [INFO]     |                                                                                                    |
[2022-06-10 06:57:28,367] [plex_meta_manager.py:541]  [INFO]     |=============================== Running Chart Collections Collection ===============================|
[2022-06-10 06:57:28,393] [builder.py:2383]           [INFO]     |                                                                                                    |
[2022-06-10 06:57:28,394] [builder.py:2384]           [INFO]     |========================= Updating Details of Chart Collections Collection =========================|
[2022-06-10 06:57:28,395] [builder.py:2385]           [INFO]     |                                                                                                    |
[2022-06-10 06:57:28,405] [builder.py:2446]           [INFO]     | Collection Metadata Edits                                                                          |
[2022-06-10 06:57:28,406] [util.py:150]               [DEBUG]    | 1 poster found:                                                                                    |
[2022-06-10 06:57:28,407] [util.py:152]               [DEBUG]    | Method: url_poster Poster: https://raw.githubusercontent.com/meisnate12/Plex-Meta-Manager-Images/master/separators/chart.jpg |
[2022-06-10 06:57:28,409] [library.py:155]            [INFO]     | Detail: poster update not needed                                                                   |
[2022-06-10 06:57:28,425] [plex_meta_manager.py:674]  [INFO]     |                                                                                                    |
[2022-06-10 06:57:28,426] [plex_meta_manager.py:675]  [INFO]     |====================================================================================================|
[2022-06-10 06:57:28,427] [plex_meta_manager.py:675]  [INFO]     |                               Finished Chart Collections Collection                                |
[2022-06-10 06:57:28,428] [plex_meta_manager.py:675]  [INFO]     |                                    Collection Run Time: 0:00:00                                    |
[2022-06-10 06:57:28,428] [plex_meta_manager.py:675]  [INFO]     |====================================================================================================|
