[2022-06-10 21:31:45,183] [builder.py:185]            [INFO]     |====================================================================================================|
[2022-06-10 21:31:45,184] [builder.py:185]            [INFO]     |                           TMDb Airing Today Collection in .Documentaries                           |
[2022-06-10 21:31:45,184] [builder.py:185]            [INFO]     |====================================================================================================|
[2022-06-10 21:31:45,185] [builder.py:186]            [INFO]     |                                                                                                    |
[2022-06-10 21:31:45,186] [builder.py:191]            [INFO]     |============================= Validating TMDb Airing Today Attributes ==============================|
[2022-06-10 21:31:45,187] [builder.py:212]            [DEBUG]    |                                                                                                    |
[2022-06-10 21:31:45,188] [builder.py:213]            [DEBUG]    | Validating Method: template                                                                        |
[2022-06-10 21:31:45,189] [meta.py:103]               [DEBUG]    | Value: [ordereddict([('name', 'airing')]), ordereddict([('name', 'customsync')]), ordereddict([('name', 'chart_shared'), ('key', 'airing'), ('check_library', 'show')])] |
[2022-06-10 21:31:45,198] [builder.py:221]            [DEBUG]    |                                                                                                    |
[2022-06-10 21:31:45,198] [builder.py:222]            [DEBUG]    | Validating Method: allowed_library_types                                                           |
[2022-06-10 21:31:45,199] [builder.py:225]            [DEBUG]    | Value: ['show']                                                                                    |
[2022-06-10 21:31:45,200] [builder.py:437]            [DEBUG]    |                                                                                                    |
[2022-06-10 21:31:45,200] [builder.py:438]            [DEBUG]    | Validating Method: sync_mode                                                                       |
[2022-06-10 21:31:45,201] [builder.py:442]            [DEBUG]    | Value: sync                                                                                        |
[2022-06-10 21:31:45,201] [builder.py:582]            [DEBUG]    |                                                                                                    |
[2022-06-10 21:31:45,202] [builder.py:583]            [DEBUG]    | Validating Method: collection_order                                                                |
[2022-06-10 21:31:45,202] [builder.py:584]            [DEBUG]    | Value: custom                                                                                      |
[2022-06-10 21:31:45,203] [builder.py:600]            [DEBUG]    |                                                                                                    |
[2022-06-10 21:31:45,204] [builder.py:604]            [DEBUG]    | Validating Method: tmdb_airing_today                                                               |
[2022-06-10 21:31:45,204] [builder.py:605]            [DEBUG]    | Value: 100                                                                                         |
[2022-06-10 21:31:45,205] [builder.py:600]            [DEBUG]    |                                                                                                    |
[2022-06-10 21:31:45,205] [builder.py:604]            [DEBUG]    | Validating Method: summary                                                                         |
[2022-06-10 21:31:45,206] [builder.py:605]            [DEBUG]    | Value: A collection of shows with episodes airing today                                            |
[2022-06-10 21:31:45,206] [builder.py:600]            [DEBUG]    |                                                                                                    |
[2022-06-10 21:31:45,207] [builder.py:604]            [DEBUG]    | Validating Method: sort_title                                                                      |
[2022-06-10 21:31:45,208] [builder.py:605]            [DEBUG]    | Value: !01_TMDb Airing Today                                                                       |
[2022-06-10 21:31:45,208] [builder.py:600]            [DEBUG]    |                                                                                                    |
[2022-06-10 21:31:45,209] [builder.py:604]            [DEBUG]    | Validating Method: url_poster                                                                      |
[2022-06-10 21:31:45,210] [builder.py:605]            [DEBUG]    | Value: https://raw.githubusercontent.com/meisnate12/Plex-Meta-Manager-Images/master/chart/TMDb%20Airing%20Today.jpg |
[2022-06-10 21:31:45,257] [plex.py:742]               [DEBUG]    |                                                                                                    |
[2022-06-10 21:31:45,258] [plex.py:745]               [DEBUG]    | Looking for: TMDb Airing Today                                                                     |
[2022-06-10 21:31:45,259] [builder.py:764]            [INFO]     |                                                                                                    |
[2022-06-10 21:31:45,259] [builder.py:765]            [INFO]     | Validation Successful                                                                              |
[2022-06-10 21:31:45,260] [plex_meta_manager.py:539]  [INFO]     |                                                                                                    |
[2022-06-10 21:31:45,263] [plex_meta_manager.py:541]  [INFO]     |=============================== Running TMDb Airing Today Collection ===============================|
[2022-06-10 21:31:45,263] [plex_meta_manager.py:553]  [INFO]     |                                                                                                    |
[2022-06-10 21:31:45,264] [plex_meta_manager.py:554]  [INFO]     | Sync Mode: sync                                                                                    |
[2022-06-10 21:31:45,265] [plex_meta_manager.py:557]  [DEBUG]    |                                                                                                    |
[2022-06-10 21:31:45,266] [plex_meta_manager.py:558]  [DEBUG]    | Builder: tmdb_airing_today: 100                                                                    |
[2022-06-10 21:31:45,267] [plex_meta_manager.py:559]  [INFO]     |                                                                                                    |
[2022-06-10 21:31:45,589] [tmdb.py:344]               [INFO]     | Processing TMDb Airing Today: 100 Shows                                                            |
[2022-06-10 21:31:45,590] [builder.py:1507]           [DEBUG]    |                                                                                                    |
[2022-06-10 21:31:45,590] [builder.py:1508]           [DEBUG]    | 100 IDs Found: [(49608, 'tmdb_show'), (154300, 'tmdb_show'), (158415, 'tmdb_show'), (157936, 'tmdb_show'), (62348, 'tmdb_show'), (2051, 'tmdb_show'), (89491, 'tmdb_show'), (154911, 'tmdb_show'), (136166, 'tmdb_show'), (93449, 'tmdb_show'), (79028, 'tmdb_show'), (122151, 'tmdb_show'), (1900, 'tmdb_show'), (157171, 'tmdb_show'), (154571, 'tmdb_show'), (2527, 'tmdb_show'), (135647, 'tmdb_show'), (1655, 'tmdb_show'), (2024, 'tmdb_show'), (83215, 'tmdb_show'), (119903, 'tmdb_show'), (122152, 'tmdb_show'), (121726, 'tmdb_show'), (30810, 'tmdb_show'), (966, 'tmdb_show'), (987, 'tmdb_show'), (59941, 'tmdb_show'), (197189, 'tmdb_show'), (6647, 'tmdb_show'), (119316, 'tmdb_show'), (196614, 'tmdb_show'), (14506, 'tmdb_show'), (195871, 'tmdb_show'), (81772, 'tmdb_show'), (25778, 'tmdb_show'), (202728, 'tmdb_show'), (13945, 'tmdb_show'), (39677, 'tmdb_show'), (124363, 'tmdb_show'), (60572, 'tmdb_show'), (154828, 'tmdb_show'), (65701, 'tmdb_show'), (152296, 'tmdb_show'), (291, 'tmdb_show'), (120218, 'tmdb_show'), (79611, 'tmdb_show'), (2912, 'tmdb_show'), (202358, 'tmdb_show'), (2221, 'tmdb_show'), (4419, 'tmdb_show'), (8590, 'tmdb_show'), (122587, 'tmdb_show'), (133093, 'tmdb_show'), (4504, 'tmdb_show'), (46004, 'tmdb_show'), (202876, 'tmdb_show'), (122287, 'tmdb_show'), (63452, 'tmdb_show'), (202803, 'tmdb_show'), (136644, 'tmdb_show'), (202820, 'tmdb_show'), (202796, 'tmdb_show'), (1054, 'tmdb_show'), (38657, 'tmdb_show'), (202740, 'tmdb_show'), (98271, 'tmdb_show'), (62875, 'tmdb_show'), (108171, 'tmdb_show'), (67482, 'tmdb_show'), (127588, 'tmdb_show'), (123854, 'tmdb_show'), (881, 'tmdb_show'), (153715, 'tmdb_show'), (203042, 'tmdb_show'), (128995, 'tmdb_show'), (111616, 'tmdb_show'), (88806, 'tmdb_show'), (65282, 'tmdb_show'), (17543, 'tmdb_show'), (72089, 'tmdb_show'), (158650, 'tmdb_show'), (135368, 'tmdb_show'), (63942, 'tmdb_show'), (155241, 'tmdb_show'), (1489, 'tmdb_show'), (88939, 'tmdb_show'), (156911, 'tmdb_show'), (74018, 'tmdb_show'), (73347, 'tmdb_show'), (123534, 'tmdb_show'), (136732, 'tmdb_show'), (133387, 'tmdb_show'), (107116, 'tmdb_show'), (128032, 'tmdb_show'), (155613, 'tmdb_show'), (117933, 'tmdb_show'), (46056, 'tmdb_show'), (130791, 'tmdb_show'), (62488, 'tmdb_show'), (98031, 'tmdb_show')] |
[2022-06-10 21:31:45,591] [builder.py:1509]           [DEBUG]    |                                                                                                    |
[2022-06-10 21:31:45,887] [builder.py:1583]           [WARNING]  | Convert Error: No TVDb ID Found for TMDb ID: 154300                                                |
[2022-06-10 21:31:46,677] [builder.py:1583]           [WARNING]  | Convert Error: No TVDb ID Found for TMDb ID: 136166                                                |
[2022-06-10 21:31:47,299] [builder.py:1583]           [WARNING]  | Convert Error: No TVDb ID Found for TMDb ID: 122151                                                |
[2022-06-10 21:31:47,310] [builder.py:1583]           [WARNING]  | Convert Error: No TVDb ID Found for TMDb ID: 157171                                                |
[2022-06-10 21:31:47,554] [builder.py:1583]           [WARNING]  | Convert Error: No TVDb ID Found for TMDb ID: 119903                                                |
[2022-06-10 21:31:47,561] [builder.py:1583]           [WARNING]  | Convert Error: No TVDb ID Found for TMDb ID: 122152                                                |
[2022-06-10 21:31:48,596] [builder.py:1583]           [WARNING]  | Convert Error: No TVDb ID Found for TMDb ID: 196614                                                |
[2022-06-10 21:31:49,055] [builder.py:1583]           [WARNING]  | Convert Error: No TVDb ID Found for TMDb ID: 195871                                                |
[2022-06-10 21:31:49,465] [builder.py:1583]           [WARNING]  | Convert Error: No TVDb ID Found for TMDb ID: 202728                                                |
[2022-06-10 21:31:49,698] [builder.py:1583]           [WARNING]  | Convert Error: No TVDb ID Found for TMDb ID: 152296                                                |
[2022-06-10 21:31:49,776] [builder.py:1583]           [WARNING]  | Convert Error: No TVDb ID Found for TMDb ID: 120218                                                |
[2022-06-10 21:31:50,337] [builder.py:1583]           [WARNING]  | Convert Error: No TVDb ID Found for TMDb ID: 202358                                                |
[2022-06-10 21:31:51,249] [builder.py:1583]           [WARNING]  | Convert Error: No TVDb ID Found for TMDb ID: 202820                                                |
[2022-06-10 21:31:51,721] [builder.py:1583]           [WARNING]  | Convert Error: No TVDb ID Found for TMDb ID: 202796                                                |
[2022-06-10 21:31:52,354] [builder.py:1583]           [WARNING]  | Convert Error: No TVDb ID Found for TMDb ID: 158650                                                |
[2022-06-10 21:31:52,679] [builder.py:1583]           [WARNING]  | Convert Error: No TVDb ID Found for TMDb ID: 135368                                                |
[2022-06-10 21:31:52,865] [builder.py:1583]           [WARNING]  | Convert Error: No TVDb ID Found for TMDb ID: 88939                                                 |
[2022-06-10 21:31:53,011] [builder.py:1583]           [WARNING]  | Convert Error: No TVDb ID Found for TMDb ID: 73347                                                 |
[2022-06-10 21:31:53,144] [builder.py:1583]           [WARNING]  | Convert Error: No TVDb ID Found for TMDb ID: 155613                                                |
[2022-06-10 21:31:53,428] [builder.py:1583]           [WARNING]  | Convert Error: No TVDb ID Found for TMDb ID: 130791                                                |
[2022-06-10 21:31:53,433] [builder.py:2218]           [INFO]     |                                                                                                    |
[2022-06-10 21:31:53,434] [builder.py:2219]           [INFO]     |========================== Missing Shows from Library: TMDb Airing Today ===========================|
[2022-06-10 21:31:53,435] [builder.py:2220]           [INFO]     |                                                                                                    |
[2022-06-10 21:31:53,564] [builder.py:2232]           [INFO]     | TMDb Airing Today Collection | ? | A Mother's Love (TVDb: 416528)                                  |
[2022-06-10 21:31:53,687] [builder.py:2232]           [INFO]     | TMDb Airing Today Collection | ? | Pantanal (TVDb: 413833)                                         |
[2022-06-10 21:31:53,923] [builder.py:2232]           [INFO]     | TMDb Airing Today Collection | ? | For You (TVDb: 416687)                                          |
[2022-06-10 21:31:54,031] [builder.py:2232]           [INFO]     | TMDb Airing Today Collection | ? | A Konyhafőnök (TVDb: 285523)                                    |
[2022-06-10 21:31:54,165] [builder.py:2232]           [INFO]     | TMDb Airing Today Collection | ? | The Price Is Right (TVDb: 77072)                                |
[2022-06-10 21:31:54,415] [builder.py:2232]           [INFO]     | TMDb Airing Today Collection | ? | America Says (TVDb: 352768)                                     |
[2022-06-10 21:31:54,810] [builder.py:2232]           [INFO]     | TMDb Airing Today Collection | ? | A Trick of Fate (TVDb: 413832)                                  |
[2022-06-10 21:31:54,965] [builder.py:2232]           [INFO]     | TMDb Airing Today Collection | ? | Tamron Hall (TVDb: 369256)                                      |
[2022-06-10 21:31:55,032] [builder.py:2232]           [INFO]     | TMDb Airing Today Collection | ? | Power Couple Brazil (TVDb: 310232)                              |
[2022-06-10 21:31:55,580] [builder.py:2232]           [INFO]     | TMDb Airing Today Collection | ? | LIVE with Kelly and Ryan (TVDb: 72146)                          |
[2022-06-10 21:31:55,710] [builder.py:2232]           [INFO]     | TMDb Airing Today Collection | ? | I want to live (TVDb: 413793)                                   |
[2022-06-10 21:31:55,865] [builder.py:2232]           [INFO]     | TMDb Airing Today Collection | ? | Emmerdale (TVDb: 77715)                                         |
[2022-06-10 21:31:55,932] [builder.py:2232]           [INFO]     | TMDb Airing Today Collection | ? | 2 Good 2 Be True (TVDb: 419154)                                 |
[2022-06-10 21:31:56,065] [builder.py:2232]           [INFO]     | TMDb Airing Today Collection | ? | PBS NewsHour (TVDb: 81388)                                      |
[2022-06-10 21:31:56,132] [builder.py:2232]           [INFO]     | TMDb Airing Today Collection | ? | The People's Court (TVDb: 261665)                               |
[2022-06-10 21:31:56,198] [builder.py:2232]           [INFO]     | TMDb Airing Today Collection | ? | Married at First Sight (PT) (TVDb: 354327)                      |
[2022-06-10 21:31:56,543] [builder.py:2232]           [INFO]     | TMDb Airing Today Collection | ? | Love Island España (TVDb: 398465)                               |
[2022-06-10 21:31:56,684] [builder.py:2232]           [INFO]     | TMDb Airing Today Collection | ? | Pointless (TVDb: 192351)                                        |
[2022-06-10 21:31:56,902] [builder.py:2232]           [INFO]     | TMDb Airing Today Collection | ? | Hollyoaks (TVDb: 78006)                                         |
[2022-06-10 21:31:57,011] [builder.py:2232]           [INFO]     | TMDb Airing Today Collection | ? | General Hospital (TVDb: 75332)                                  |
[2022-06-10 21:31:57,248] [builder.py:2232]           [INFO]     | TMDb Airing Today Collection | ? | The Tonight Show Starring Jimmy Fallon (TVDb: 270261)           |
[2022-06-10 21:31:57,587] [builder.py:2232]           [INFO]     | TMDb Airing Today Collection | ? | Cara e Coragem (TVDb: 418791)                                   |
[2022-06-10 21:31:57,710] [builder.py:2232]           [INFO]     | TMDb Airing Today Collection | ? | The Bold and the Beautiful (TVDb: 79838)                        |
[2022-06-10 21:31:57,821] [builder.py:2232]           [INFO]     | TMDb Airing Today Collection | ? | Wagle Ki Duniya (TVDb: 396880)                                  |
[2022-06-10 21:31:57,887] [builder.py:2232]           [INFO]     | TMDb Airing Today Collection | ? | Thuis (TVDb: 256154)                                            |
[2022-06-10 21:31:57,954] [builder.py:2232]           [INFO]     | TMDb Airing Today Collection | ? | Oteckovia (TVDb: 340318)                                        |
[2022-06-10 21:31:58,242] [builder.py:2232]           [INFO]     | TMDb Airing Today Collection | ? | Familie (TVDb: 268901)                                          |
[2022-06-10 21:31:58,869] [builder.py:2232]           [INFO]     | TMDb Airing Today Collection | ? | Good times, bad times (TVDb: 82495)                             |
[2022-06-10 21:31:59,089] [builder.py:2232]           [INFO]     | TMDb Airing Today Collection | ? | Survivor (ES) (TVDb: 298271)                                    |
[2022-06-10 21:31:59,265] [builder.py:2232]           [INFO]     | TMDb Airing Today Collection | ? | The Dawn of the Witch (TVDb: 401920)                            |
[2022-06-10 21:31:59,332] [builder.py:2232]           [INFO]     | TMDb Airing Today Collection | ? | Pokémon (TVDb: 76703)                                           |
[2022-06-10 21:31:59,595] [builder.py:2232]           [INFO]     | TMDb Airing Today Collection | ? | VI Today (TVDb: 414564)                                         |
[2022-06-10 21:31:59,677] [builder.py:2232]           [INFO]     | TMDb Airing Today Collection | ? | Good Mythical Morning (TVDb: 290686)                            |
[2022-06-10 21:32:00,060] [builder.py:2232]           [INFO]     | TMDb Airing Today Collection | ? | Coronation Street (TVDb: 71565)                                 |
[2022-06-10 21:32:00,269] [builder.py:2232]           [INFO]     | TMDb Airing Today Collection | ? | Charmed (2018) (TVDb: 349317)                                   |
[2022-06-10 21:32:00,932] [builder.py:2232]           [INFO]     | TMDb Airing Today Collection | ? | Jeopardy! (TVDb: 77075)                                         |
[2022-06-10 21:32:01,177] [builder.py:2232]           [INFO]     | TMDb Airing Today Collection | ? | The View (TVDb: 72104)                                          |
[2022-06-10 21:32:01,235] [builder.py:2232]           [INFO]     | TMDb Airing Today Collection | ? | Real Time with Bill Maher (TVDb: 72231)                         |
[2022-06-10 21:32:01,944] [builder.py:2232]           [INFO]     | TMDb Airing Today Collection | ? | Plus Belle La Vie (TVDb: 97371)                                 |
[2022-06-10 21:32:02,625] [builder.py:2232]           [INFO]     | TMDb Airing Today Collection | ? | A Couple of Cuckoos (TVDb: 400585)                              |
[2022-06-10 21:32:02,722] [builder.py:2232]           [INFO]     | TMDb Airing Today Collection | ? | Legacy (TVDb: 420335)                                           |
[2022-06-10 21:32:03,110] [builder.py:2232]           [INFO]     | TMDb Airing Today Collection | ? | Shortland Street (TVDb: 73983)                                  |
[2022-06-10 21:32:03,502] [builder.py:2232]           [INFO]     | TMDb Airing Today Collection | ? | Date A Live (TVDb: 264663)                                      |
[2022-06-10 21:32:03,655] [builder.py:2232]           [INFO]     | TMDb Airing Today Collection | ? | A Dream of Splendor (TVDb: 420733)                              |
[2022-06-10 21:32:04,059] [builder.py:2232]           [INFO]     | TMDb Airing Today Collection | ? | Love After World Domination (TVDb: 401902)                      |
[2022-06-10 21:32:04,541] [builder.py:2232]           [INFO]     | TMDb Airing Today Collection | ? | Wer weiß denn sowas? (TVDb: 298954)                             |
[2022-06-10 21:32:04,810] [builder.py:2232]           [INFO]     | TMDb Airing Today Collection | ? | Brutally Young 2.0 (TVDb: 420554)                               |
[2022-06-10 21:32:05,361] [builder.py:2232]           [INFO]     | TMDb Airing Today Collection | ? | Why Her? (TVDb: 406183)                                         |
[2022-06-10 21:32:06,151] [builder.py:2232]           [INFO]     | TMDb Airing Today Collection | ? | The Young and the Restless (TVDb: 70328)                        |
[2022-06-10 21:32:06,321] [builder.py:2232]           [INFO]     | TMDb Airing Today Collection | ? | Ridiculousness (TVDb: 250793)                                   |
[2022-06-10 21:32:06,454] [builder.py:2232]           [INFO]     | TMDb Airing Today Collection | ? | Lua de Mel (TVDb: 420520)                                       |
[2022-06-10 21:32:06,521] [builder.py:2232]           [INFO]     | TMDb Airing Today Collection | ? | ARTE Re: (TVDb: 333933)                                         |
[2022-06-10 21:32:06,721] [builder.py:2232]           [INFO]     | TMDb Airing Today Collection | ? | BUNK’D (TVDb: 298277)                                           |
[2022-06-10 21:32:06,786] [builder.py:2232]           [INFO]     | TMDb Airing Today Collection | ? | The Essex Serpent (TVDb: 387455)                                |
[2022-06-10 21:32:07,060] [builder.py:2232]           [INFO]     | TMDb Airing Today Collection | ? | RuPaul's Drag Race All Stars (TVDb: 263380)                     |
[2022-06-10 21:32:08,020] [builder.py:2232]           [INFO]     | TMDb Airing Today Collection | ? | Love, Reason, Get Even (TVDb: 403851)                           |
[2022-06-10 21:32:08,235] [builder.py:2232]           [INFO]     | TMDb Airing Today Collection | ? | Now and Then (TVDb: 401411)                                     |
[2022-06-10 21:32:08,443] [builder.py:2232]           [INFO]     | TMDb Airing Today Collection | ? | Days of Our Lives (TVDb: 70366)                                 |
[2022-06-10 21:32:08,510] [builder.py:2232]           [INFO]     | TMDb Airing Today Collection | ? | The Villains of Valley View (TVDb: 413304)                      |
[2022-06-10 21:32:08,676] [builder.py:2232]           [INFO]     | TMDb Airing Today Collection | ? | Ordinary Greatness (2022) (TVDb: 420677)                        |
[2022-06-10 21:32:08,743] [builder.py:2232]           [INFO]     | TMDb Airing Today Collection | ? | Yumi's Cells (TVDb: 394254)                                     |
[2022-06-10 21:32:08,868] [builder.py:2232]           [INFO]     | TMDb Airing Today Collection | ? | First Kill (TVDb: 390191)                                       |
[2022-06-10 21:32:08,963] [builder.py:2232]           [INFO]     | TMDb Airing Today Collection | ? | The Demon Girl Next Door (TVDb: 363143)                         |
[2022-06-10 21:32:09,087] [builder.py:2232]           [INFO]     | TMDb Airing Today Collection | ? | I Live Alone (TVDb: 298704)                                     |
[2022-06-10 21:32:09,193] [builder.py:2232]           [INFO]     | TMDb Airing Today Collection | ? | Ring Of Honor Wrestling (TVDb: 266806)                          |
[2022-06-10 21:32:09,365] [builder.py:2232]           [INFO]     | TMDb Airing Today Collection | ? | Puppy Dog Pals (TVDb: 325978)                                   |
[2022-06-10 21:32:09,710] [builder.py:2232]           [INFO]     | TMDb Airing Today Collection | ? | Tasty Guys (TVDb: 300756)                                       |
[2022-06-10 21:32:09,778] [builder.py:2232]           [INFO]     | TMDb Airing Today Collection | ? | Mahjong Soul Pon☆ (TVDb: 418499)                                |
[2022-06-10 21:32:09,843] [builder.py:2232]           [INFO]     | TMDb Airing Today Collection | ? | Jimmy Kimmel Live! (TVDb: 71998)                                |
[2022-06-10 21:32:09,987] [builder.py:2232]           [INFO]     | TMDb Airing Today Collection | ? | Onipan! (TVDb: 415681)                                          |
[2022-06-10 21:32:10,089] [builder.py:2232]           [INFO]     | TMDb Airing Today Collection | ? | Legend of the Galactic Heroes: Die Neue These (TVDb: 343237)    |
[2022-06-10 21:32:10,659] [builder.py:2232]           [INFO]     | TMDb Airing Today Collection | ? | Intimacy (TVDb: 401149)                                         |
[2022-06-10 21:32:10,743] [builder.py:2232]           [INFO]     | TMDb Airing Today Collection | ? | Shooting Stars (2022) (TVDb: 406570)                            |
[2022-06-10 21:32:10,872] [builder.py:2232]           [INFO]     | TMDb Airing Today Collection | ? | I'm Kodama Kawashiri (TVDb: 414669)                             |
[2022-06-10 21:32:11,065] [builder.py:2232]           [INFO]     | TMDb Airing Today Collection | ? | Supreme God Emperor (TVDb: 388383)                              |
[2022-06-10 21:32:11,187] [builder.py:2232]           [INFO]     | TMDb Airing Today Collection | ? | Boundless (TVDb: 377390)                                        |
[2022-06-10 21:32:11,280] [builder.py:2232]           [INFO]     | TMDb Airing Today Collection | ? | Summer Time Rendering (TVDb: 407306)                            |
[2022-06-10 21:32:11,643] [builder.py:2232]           [INFO]     | TMDb Airing Today Collection | ? | heute-show (TVDb: 234791)                                       |
[2022-06-10 21:32:11,710] [builder.py:2232]           [INFO]     | TMDb Airing Today Collection | ? | Letzte Spur Berlin (TVDb: 258535)                               |
[2022-06-10 21:32:11,843] [builder.py:2232]           [INFO]     | TMDb Airing Today Collection | ? | Keep Running (TVDb: 311425)                                     |
[2022-06-10 21:32:11,844] [builder.py:2237]           [INFO]     |                                                                                                    |
[2022-06-10 21:32:11,844] [builder.py:2238]           [INFO]     | 80 Shows Missing                                                                                   |
[2022-06-10 21:32:11,844] [plex_meta_manager.py:593]  [INFO]     |                                                                                                    |
[2022-06-10 21:32:11,845] [plex_meta_manager.py:594]  [INFO]     | Collection Minimum: 1 not met for TMDb Airing Today Collection                                     |
[2022-06-10 21:32:11,845] [plex_meta_manager.py:674]  [INFO]     |                                                                                                    |
[2022-06-10 21:32:11,846] [plex_meta_manager.py:675]  [INFO]     |====================================================================================================|
[2022-06-10 21:32:11,846] [plex_meta_manager.py:675]  [INFO]     |                               Finished TMDb Airing Today Collection                                |
[2022-06-10 21:32:11,847] [plex_meta_manager.py:675]  [INFO]     |                                    Collection Run Time: 0:00:26                                    |
[2022-06-10 21:32:11,847] [plex_meta_manager.py:675]  [INFO]     |====================================================================================================|
