[2022-07-08 01:47:09,525] [builder.py:185]            [INFO]     |====================================================================================================|
[2022-07-08 01:47:09,526] [builder.py:185]            [INFO]     |                                     India Collection in Movies                                     |
[2022-07-08 01:47:09,526] [builder.py:185]            [INFO]     |====================================================================================================|
[2022-07-08 01:47:09,526] [builder.py:186]            [INFO]     |                                                                                                    |
[2022-07-08 01:47:09,527] [builder.py:191]            [INFO]     |=================================== Validating India Attributes ====================================|
[2022-07-08 01:47:09,527] [builder.py:212]            [DEBUG]    |                                                                                                    |
[2022-07-08 01:47:09,527] [builder.py:213]            [DEBUG]    | Validating Method: template                                                                        |
[2022-07-08 01:47:09,528] [meta.py:103]               [DEBUG]    | Value: [{'value': ['India'], 'country': ['India'], 'key_name': 'India', 'key': 'India', 'name': 'country_dynamic'}, {'value': ['India'], 'country': ['India'], 'key_name': 'India', 'key': 'India', 'name': 'shared'}] |
[2022-07-08 01:47:09,530] [builder.py:1675]           [INFO]     |                                                                                                    |
[2022-07-08 01:47:09,530] [builder.py:1676]           [INFO]     | Validating Method: smart_filter                                                                    |
[2022-07-08 01:47:09,530] [builder.py:1682]           [DEBUG]    | Value: {'sort_by': 'release.desc', 'any': {'country': ['India']}}                                  |
[2022-07-08 01:47:09,572] [builder.py:600]            [DEBUG]    |                                                                                                    |
[2022-07-08 01:47:09,573] [builder.py:604]            [DEBUG]    | Validating Method: label                                                                           |
[2022-07-08 01:47:09,573] [builder.py:605]            [DEBUG]    | Value: Country Color                                                                               |
[2022-07-08 01:47:09,573] [builder.py:600]            [DEBUG]    |                                                                                                    |
[2022-07-08 01:47:09,574] [builder.py:604]            [DEBUG]    | Validating Method: url_poster                                                                      |
[2022-07-08 01:47:09,574] [builder.py:605]            [DEBUG]    | Value: https://raw.githubusercontent.com/meisnate12/Plex-Meta-Manager-Images/master/country/white/India.jpg |
[2022-07-08 01:47:10,551] [builder.py:600]            [DEBUG]    |                                                                                                    |
[2022-07-08 01:47:10,552] [builder.py:604]            [DEBUG]    | Validating Method: sort_title                                                                      |
[2022-07-08 01:47:10,552] [builder.py:605]            [DEBUG]    | Value: !09_India                                                                                   |
[2022-07-08 01:47:10,643] [builder.py:764]            [INFO]     |                                                                                                    |
[2022-07-08 01:47:10,644] [builder.py:765]            [INFO]     | Validation Successful                                                                              |
[2022-07-08 01:47:10,644] [plex_meta_manager.py:539]  [INFO]     |                                                                                                    |
[2022-07-08 01:47:10,644] [plex_meta_manager.py:541]  [INFO]     |===================================== Running India Collection =====================================|
[2022-07-08 01:47:10,645] [plex_meta_manager.py:547]  [INFO]     |                                                                                                    |
[2022-07-08 01:47:10,645] [plex_meta_manager.py:548]  [INFO]     | Smart Movie Filter                                                                                 |
                                                                 | Sort By: release.desc
                                                                 | Filter:
                                                                 |   Match any of the following:
                                                                 |     Country is India
[2022-07-08 01:47:10,742] [builder.py:2383]           [INFO]     | 
[2022-07-08 01:47:10,742] [builder.py:2384]           [INFO]     |=============================== Updating Details of India Collection ===============================|
[2022-07-08 01:47:10,743] [builder.py:2385]           [INFO]     |                                                                                                    |
[2022-07-08 01:47:10,768] [builder.py:2446]           [INFO]     | Collection Metadata Edits                                                                          |
[2022-07-08 01:47:10,769] [util.py:150]               [DEBUG]    | 1 poster found:                                                                                    |
[2022-07-08 01:47:10,769] [util.py:152]               [DEBUG]    | Method: url_poster Poster: https://raw.githubusercontent.com/meisnate12/Plex-Meta-Manager-Images/master/country/white/India.jpg |
[2022-07-08 01:47:10,771] [library.py:155]            [INFO]     | Detail: poster update not needed                                                                   |
[2022-07-08 01:47:10,849] [plex_meta_manager.py:674]  [INFO]     |                                                                                                    |
[2022-07-08 01:47:10,850] [plex_meta_manager.py:675]  [INFO]     |====================================================================================================|
[2022-07-08 01:47:10,850] [plex_meta_manager.py:675]  [INFO]     |                                     Finished India Collection                                      |
[2022-07-08 01:47:10,850] [plex_meta_manager.py:675]  [INFO]     |                                    Collection Run Time: 0:00:01                                    |
[2022-07-08 01:47:10,851] [plex_meta_manager.py:675]  [INFO]     |====================================================================================================|
