[2022-06-10 21:31:27,671] [builder.py:185]            [INFO]     |====================================================================================================|
[2022-06-10 21:31:27,672] [builder.py:185]            [INFO]     |                            Mandarin Audio Collection in .Documentaries                             |
[2022-06-10 21:31:27,672] [builder.py:185]            [INFO]     |====================================================================================================|
[2022-06-10 21:31:27,673] [builder.py:186]            [INFO]     |                                                                                                    |
[2022-06-10 21:31:27,673] [builder.py:191]            [INFO]     |=============================== Validating Mandarin Audio Attributes ===============================|
[2022-06-10 21:31:27,674] [builder.py:212]            [DEBUG]    |                                                                                                    |
[2022-06-10 21:31:27,674] [builder.py:213]            [DEBUG]    | Validating Method: template                                                                        |
[2022-06-10 21:31:27,675] [meta.py:103]               [DEBUG]    | Value: [{'value': ['zh'], 'audio_language': ['zh'], 'key_name': 'Mandarin', 'key': 'zh', 'name': 'audio_language_dynamic'}, {'value': ['zh'], 'audio_language': ['zh'], 'key_name': 'Mandarin', 'key': 'zh', 'name': 'shared'}] |
[2022-06-10 21:31:27,678] [builder.py:1675]           [INFO]     |                                                                                                    |
[2022-06-10 21:31:27,679] [builder.py:1676]           [INFO]     | Validating Method: smart_filter                                                                    |
[2022-06-10 21:31:27,679] [builder.py:1682]           [DEBUG]    | Value: {'sort_by': 'release.desc', 'any': {'audio_language': ['zh']}}                              |
[2022-06-10 21:31:28,083] [builder.py:600]            [DEBUG]    |                                                                                                    |
[2022-06-10 21:31:28,084] [builder.py:604]            [DEBUG]    | Validating Method: label                                                                           |
[2022-06-10 21:31:28,084] [builder.py:605]            [DEBUG]    | Value: Audio Language                                                                              |
[2022-06-10 21:31:28,085] [builder.py:600]            [DEBUG]    |                                                                                                    |
[2022-06-10 21:31:28,085] [builder.py:604]            [DEBUG]    | Validating Method: url_poster                                                                      |
[2022-06-10 21:31:28,085] [builder.py:605]            [DEBUG]    | Value: https://raw.githubusercontent.com/meisnate12/Plex-Meta-Manager-Images/master/audio_language/zh.jpg |
[2022-06-10 21:31:28,398] [builder.py:600]            [DEBUG]    |                                                                                                    |
[2022-06-10 21:31:28,399] [builder.py:604]            [DEBUG]    | Validating Method: sort_title                                                                      |
[2022-06-10 21:31:28,399] [builder.py:605]            [DEBUG]    | Value: !10_Mandarin Audio                                                                          |
[2022-06-10 21:31:28,411] [plex.py:742]               [DEBUG]    |                                                                                                    |
[2022-06-10 21:31:28,412] [plex.py:745]               [DEBUG]    | Looking for: Mandarin Audio                                                                        |
[2022-06-10 21:31:28,413] [builder.py:764]            [INFO]     |                                                                                                    |
[2022-06-10 21:31:28,413] [builder.py:765]            [INFO]     | Validation Successful                                                                              |
[2022-06-10 21:31:28,414] [plex_meta_manager.py:539]  [INFO]     |                                                                                                    |
[2022-06-10 21:31:28,414] [plex_meta_manager.py:541]  [INFO]     |================================ Running Mandarin Audio Collection =================================|
[2022-06-10 21:31:28,415] [plex_meta_manager.py:547]  [INFO]     |                                                                                                    |
[2022-06-10 21:31:28,415] [plex_meta_manager.py:548]  [INFO]     | Smart Show Filter                                                                                  |
                                                                 | Sort By: release.desc
                                                                 | Filter:
                                                                 |   Match any of the following:
                                                                 |     Audio Language is zh
[2022-06-10 21:31:36,313] [plex.py:664]               [DEBUG]    | Smart Collection Test: ?type=2&sort=originallyAvailableAt%3Adesc&push=1&episode.audioLanguage=zh&pop=1
[2022-06-10 21:31:37,713] [builder.py:2383]           [INFO]     | 
[2022-06-10 21:31:37,714] [builder.py:2384]           [INFO]     |========================== Updating Details of Mandarin Audio Collection ===========================|
[2022-06-10 21:31:37,715] [builder.py:2385]           [INFO]     |                                                                                                    |
[2022-06-10 21:31:38,022] [builder.py:2446]           [INFO]     | Collection Metadata Edits                                                                          |
                                                                 | Sort Title | !10_Mandarin Audio
                                                                 | Label | +Audio Language
[2022-06-10 21:31:38,440] [builder.py:2450]           [INFO]     | Details: have been updated
[2022-06-10 21:31:38,441] [builder.py:2454]           [INFO]     | 
[2022-06-10 21:31:38,441] [util.py:150]               [DEBUG]    | 1 poster found:
[2022-06-10 21:31:38,442] [util.py:152]               [DEBUG]    | Method: url_poster Poster: https://raw.githubusercontent.com/meisnate12/Plex-Meta-Manager-Images/master/audio_language/zh.jpg
[2022-06-10 21:31:38,514] [library.py:153]            [INFO]     | Detail: url_poster updated poster to [URL] https://raw.githubusercontent.com/meisnate12/Plex-Meta-Manager-Images/master/audio_language/zh.jpg
[2022-06-10 21:31:39,524] [plex_meta_manager.py:674]  [INFO]     | 
[2022-06-10 21:31:39,525] [plex_meta_manager.py:675]  [INFO]     |====================================================================================================|
[2022-06-10 21:31:39,525] [plex_meta_manager.py:675]  [INFO]     |                                 Finished Mandarin Audio Collection                                 |
[2022-06-10 21:31:39,526] [plex_meta_manager.py:675]  [INFO]     |                                    Collection Run Time: 0:00:11                                    |
[2022-06-10 21:31:39,526] [plex_meta_manager.py:675]  [INFO]     |====================================================================================================|
