[2022-07-08 01:34:18,780] [builder.py:185]            [INFO]     |====================================================================================================|
[2022-07-08 01:34:18,781] [builder.py:185]            [INFO]     |                                   Mind-Fuck Collection in Movies                                   |
[2022-07-08 01:34:18,782] [builder.py:185]            [INFO]     |====================================================================================================|
[2022-07-08 01:34:18,782] [builder.py:186]            [INFO]     |                                                                                                    |
[2022-07-08 01:34:18,782] [builder.py:191]            [INFO]     |================================= Validating Mind-Fuck Attributes ==================================|
[2022-07-08 01:34:18,783] [builder.py:437]            [DEBUG]    |                                                                                                    |
[2022-07-08 01:34:18,783] [builder.py:438]            [DEBUG]    | Validating Method: sync_mode                                                                       |
[2022-07-08 01:34:18,783] [builder.py:442]            [DEBUG]    | Value: sync                                                                                        |
[2022-07-08 01:34:18,784] [builder.py:582]            [DEBUG]    |                                                                                                    |
[2022-07-08 01:34:18,784] [builder.py:583]            [DEBUG]    | Validating Method: collection_order                                                                |
[2022-07-08 01:34:18,784] [builder.py:584]            [DEBUG]    | Value: custom                                                                                      |
[2022-07-08 01:34:18,785] [builder.py:600]            [DEBUG]    |                                                                                                    |
[2022-07-08 01:34:18,785] [builder.py:604]            [DEBUG]    | Validating Method: trakt_list                                                                      |
[2022-07-08 01:34:18,785] [builder.py:605]            [DEBUG]    | Value: https://trakt.tv/users/bpsim/lists/mindfuck                                                 |
[2022-07-08 01:34:19,897] [builder.py:764]            [INFO]     |                                                                                                    |
[2022-07-08 01:34:19,898] [builder.py:765]            [INFO]     | Validation Successful                                                                              |
[2022-07-08 01:34:19,898] [plex_meta_manager.py:539]  [INFO]     |                                                                                                    |
[2022-07-08 01:34:19,899] [plex_meta_manager.py:541]  [INFO]     |=================================== Running Mind-Fuck Collection ===================================|
[2022-07-08 01:34:19,899] [plex_meta_manager.py:553]  [INFO]     |                                                                                                    |
[2022-07-08 01:34:19,899] [plex_meta_manager.py:554]  [INFO]     | Sync Mode: sync                                                                                    |
[2022-07-08 01:34:19,899] [plex_meta_manager.py:557]  [DEBUG]    |                                                                                                    |
[2022-07-08 01:34:19,900] [plex_meta_manager.py:558]  [DEBUG]    | Builder: trakt_list: https://trakt.tv/users/bpsim/lists/mindfuck                                   |
[2022-07-08 01:34:19,900] [plex_meta_manager.py:559]  [INFO]     |                                                                                                    |
[2022-07-08 01:34:19,900] [trakt.py:482]              [INFO]     | Processing Trakt List: https://trakt.tv/users/bpsim/lists/mindfuck                                 |
[2022-07-08 01:34:20,202] [builder.py:1507]           [DEBUG]    |                                                                                                    |
[2022-07-08 01:34:20,203] [builder.py:1508]           [DEBUG]    | 220 IDs Found: [(27205, 'tmdb'), (603, 'tmdb'), (329865, 'tmdb'), (550, 'tmdb'), (11324, 'tmdb'), (1124, 'tmdb'), (77, 'tmdb'), (37165, 'tmdb'), (694, 'tmdb'), (745, 'tmdb'), (38, 'tmdb'), (141, 'tmdb'), (629, 'tmdb'), (453, 'tmdb'), (577922, 'tmdb'), (300668, 'tmdb'), (242582, 'tmdb'), (137, 'tmdb'), (45612, 'tmdb'), (63, 'tmdb'), (1954, 'tmdb'), (1417, 'tmdb'), (185, 'tmdb'), (1359, 'tmdb'), (62, 'tmdb'), (641, 'tmdb'), (206487, 'tmdb'), (17431, 'tmdb'), (670, 'tmdb'), (64635, 'tmdb'), (861, 'tmdb'), (539, 'tmdb'), (2649, 'tmdb'), (381283, 'tmdb'), (1491, 'tmdb'), (1813, 'tmdb'), (587, 'tmdb'), (254320, 'tmdb'), (1933, 'tmdb'), (4553, 'tmdb'), (186, 'tmdb'), (431, 'tmdb'), (5876, 'tmdb'), (3021, 'tmdb'), (31011, 'tmdb'), (245703, 'tmdb'), (1018, 'tmdb'), (492, 'tmdb'), (345, 'tmdb'), (181886, 'tmdb'), (341006, 'tmdb'), (1903, 'tmdb'), (426, 'tmdb'), (220289, 'tmdb'), (2832, 'tmdb'), (2666, 'tmdb'), (13363, 'tmdb'), (343674, 'tmdb'), (399057, 'tmdb'), (167, 'tmdb'), (14337, 'tmdb'), (6947, 'tmdb'), (1381, 'tmdb'), (805, 'tmdb'), (242095, 'tmdb'), (1586, 'tmdb'), (600354, 'tmdb'), (26466, 'tmdb'), (256274, 'tmdb'), (1592, 'tmdb'), (63311, 'tmdb'), (104, 'tmdb'), (622, 'tmdb'), (458305, 'tmdb'), (4977, 'tmdb'), (473, 'tmdb'), (85889, 'tmdb'), (3509, 'tmdb'), (2757, 'tmdb'), (8054, 'tmdb'), (8967, 'tmdb'), (10494, 'tmdb'), (9539, 'tmdb'), (1946, 'tmdb'), (273271, 'tmdb'), (8843, 'tmdb'), (638, 'tmdb'), (2291, 'tmdb'), (9913, 'tmdb'), (17609, 'tmdb'), (207933, 'tmdb'), (9667, 'tmdb'), (14784, 'tmdb'), (553, 'tmdb'), (837, 'tmdb'), (38810, 'tmdb'), (437, 'tmdb'), (9357, 'tmdb'), (14139, 'tmdb'), (548, 'tmdb'), (9270, 'tmdb'), (12149, 'tmdb'), (4960, 'tmdb'), (10851, 'tmdb'), (34647, 'tmdb'), (2654, 'tmdb'), (12140, 'tmdb'), (290, 'tmdb'), (155084, 'tmdb'), (635, 'tmdb'), (797, 'tmdb'), (11336, 'tmdb'), (11075, 'tmdb'), (8066, 'tmdb'), (16, 'tmdb'), (11660, 'tmdb'), (4552, 'tmdb'), (1073, 'tmdb'), (10234, 'tmdb'), (242090, 'tmdb'), (36819, 'tmdb'), (593, 'tmdb'), (422, 'tmdb'), (10226, 'tmdb'), (2637, 'tmdb'), (4912, 'tmdb'), (198287, 'tmdb'), (10972, 'tmdb'), (1902, 'tmdb'), (145197, 'tmdb'), (902, 'tmdb'), (74725, 'tmdb'), (8424, 'tmdb'), (14506, 'tmdb'), (7183, 'tmdb'), (445, 'tmdb'), (12877, 'tmdb'), (10133, 'tmdb'), (2742, 'tmdb'), (1730, 'tmdb'), (10683, 'tmdb'), (13567, 'tmdb'), (12994, 'tmdb'), (931, 'tmdb'), (8327, 'tmdb'), (1052, 'tmdb'), (11542, 'tmdb'), (10176, 'tmdb'), (11482, 'tmdb'), (302, 'tmdb'), (11559, 'tmdb'), (50037, 'tmdb'), (13041, 'tmdb'), (11468, 'tmdb'), (13825, 'tmdb'), (24869, 'tmdb'), (12590, 'tmdb'), (157351, 'tmdb'), (20777, 'tmdb'), (48303, 'tmdb'), (21712, 'tmdb'), (36095, 'tmdb'), (179150, 'tmdb'), (15916, 'tmdb'), (4024, 'tmdb'), (14135, 'tmdb'), (245844, 'tmdb'), (32042, 'tmdb'), (294308, 'tmdb'), (16133, 'tmdb'), (13318, 'tmdb'), (12703, 'tmdb'), (8075, 'tmdb'), (25078, 'tmdb'), (1483, 'tmdb'), (572, 'tmdb'), (12487, 'tmdb'), (18215, 'tmdb'), (346641, 'tmdb'), (20342, 'tmdb'), (13856, 'tmdb'), (27361, 'tmdb'), (5898, 'tmdb'), (8074, 'tmdb'), (17110, 'tmdb'), (27703, 'tmdb'), (32171, 'tmdb'), (298721, 'tmdb'), (399256, 'tmdb'), (46025, 'tmdb'), (377274, 'tmdb'), (21136, 'tmdb'), (16375, 'tmdb'), (45698, 'tmdb'), (53218, 'tmdb'), (98368, 'tmdb'), (5122, 'tmdb'), (352196, 'tmdb'), (12580, 'tmdb'), (32166, 'tmdb'), (21781, 'tmdb'), (243884, 'tmdb'), (211247, 'tmdb'), (22578, 'tmdb'), (42848, 'tmdb'), (38987, 'tmdb'), (54083, 'tmdb'), (56532, 'tmdb'), (485374, 'tmdb'), (43584, 'tmdb'), (86556, 'tmdb'), (74836, 'tmdb'), (107209, 'tmdb'), (69974, 'tmdb'), (34993, 'tmdb'), (169314, 'tmdb'), (63154, 'tmdb'), (180549, 'tmdb'), (337774, 'tmdb'), (649006, 'tmdb')] |
[2022-07-08 01:34:20,203] [builder.py:1509]           [DEBUG]    |                                                                                                    |
[2022-07-08 01:34:20,215] [builder.py:2009]           [INFO]     |                                                                                                    |
[2022-07-08 01:34:20,215] [builder.py:2010]           [INFO]     |================================== Adding to Mind-Fuck Collection ==================================|
[2022-07-08 01:34:20,216] [builder.py:2011]           [INFO]     |                                                                                                    |
[2022-07-08 01:34:20,216] [builder.py:2025]           [INFO]     |  1/28 | Mind-Fuck Collection | = | The Matrix (1999)                                               |
[2022-07-08 01:34:20,217] [builder.py:2025]           [INFO]     |  2/28 | Mind-Fuck Collection | = | Fight Club (1999)                                               |
[2022-07-08 01:34:20,218] [builder.py:2025]           [INFO]     |  3/28 | Mind-Fuck Collection | = | The Prestige (2006)                                             |
[2022-07-08 01:34:20,219] [builder.py:2025]           [INFO]     |  4/28 | Mind-Fuck Collection | = | Memento (2000)                                                  |
[2022-07-08 01:34:20,219] [builder.py:2025]           [INFO]     |  5/28 | Mind-Fuck Collection | = | The Truman Show (1998)                                          |
[2022-07-08 01:34:20,220] [builder.py:2025]           [INFO]     |  6/28 | Mind-Fuck Collection | = | The Shining (1980)                                              |
[2022-07-08 01:34:20,221] [builder.py:2025]           [INFO]     |  7/28 | Mind-Fuck Collection | = | The Sixth Sense (1999)                                          |
[2022-07-08 01:34:20,223] [builder.py:2025]           [INFO]     |  8/28 | Mind-Fuck Collection | = | Eternal Sunshine of the Spotless Mind (2004)                    |
[2022-07-08 01:34:20,223] [builder.py:2025]           [INFO]     |  9/28 | Mind-Fuck Collection | = | Donnie Darko (2001)                                             |
[2022-07-08 01:34:20,224] [builder.py:2025]           [INFO]     | 10/28 | Mind-Fuck Collection | = | The Usual Suspects (1995)                                       |
[2022-07-08 01:34:20,225] [builder.py:2025]           [INFO]     | 11/28 | Mind-Fuck Collection | = | A Beautiful Mind (2001)                                         |
[2022-07-08 01:34:20,225] [builder.py:2025]           [INFO]     | 12/28 | Mind-Fuck Collection | = | Groundhog Day (1993)                                            |
[2022-07-08 01:34:20,226] [builder.py:2025]           [INFO]     | 13/28 | Mind-Fuck Collection | = | 12 Monkeys (1995)                                               |
[2022-07-08 01:34:20,227] [builder.py:2025]           [INFO]     | 14/28 | Mind-Fuck Collection | = | El laberinto del fauno (2006)                                   |
[2022-07-08 01:34:20,227] [builder.py:2025]           [INFO]     | 15/28 | Mind-Fuck Collection | = | A Clockwork Orange (1971)                                       |
[2022-07-08 01:34:20,228] [builder.py:2025]           [INFO]     | 16/28 | Mind-Fuck Collection | = | 2001: A Space Odyssey (1968)                                    |
[2022-07-08 01:34:20,228] [builder.py:2025]           [INFO]     | 17/28 | Mind-Fuck Collection | = | Requiem for a Dream (2000)                                      |
[2022-07-08 01:34:20,229] [builder.py:2025]           [INFO]     | 18/28 | Mind-Fuck Collection | = | 올드보이 (2003)                                                     |
[2022-07-08 01:34:20,230] [builder.py:2025]           [INFO]     | 19/28 | Mind-Fuck Collection | = | Psycho (1960)                                                   |
[2022-07-08 01:34:20,231] [builder.py:2025]           [INFO]     | 20/28 | Mind-Fuck Collection | = | Big Fish (2003)                                                 |
[2022-07-08 01:34:20,232] [builder.py:2025]           [INFO]     | 21/28 | Mind-Fuck Collection | = | Mulholland Drive (2001)                                         |
[2022-07-08 01:34:20,233] [builder.py:2025]           [INFO]     | 22/28 | Mind-Fuck Collection | = | Vertigo (1958)                                                  |
[2022-07-08 01:34:20,234] [builder.py:2025]           [INFO]     | 23/28 | Mind-Fuck Collection | = | The Man from Earth (2007)                                       |
[2022-07-08 01:34:20,235] [builder.py:2025]           [INFO]     | 24/28 | Mind-Fuck Collection | = | Rosemary's Baby (1968)                                          |
[2022-07-08 01:34:20,236] [builder.py:2025]           [INFO]     | 25/28 | Mind-Fuck Collection | = | The Father (2020)                                               |
[2022-07-08 01:34:20,237] [builder.py:2025]           [INFO]     | 26/28 | Mind-Fuck Collection | = | パーフェクトブルー (1997)                                                |
[2022-07-08 01:34:20,238] [builder.py:2025]           [INFO]     | 27/28 | Mind-Fuck Collection | = | 羅生門 (1950)                                                      |
[2022-07-08 01:34:20,238] [builder.py:2025]           [INFO]     | 28/28 | Mind-Fuck Collection | = | 8½ (1963)                                                       |
[2022-07-08 01:34:20,239] [builder.py:2045]           [INFO]     |                                                                                                    |
[2022-07-08 01:34:20,240] [builder.py:2046]           [INFO]     | 28 Movies Processed                                                                                |
[2022-07-08 01:34:20,240] [builder.py:2172]           [INFO]     |                                                                                                    |
[2022-07-08 01:34:20,241] [builder.py:2173]           [INFO]     |=============================== Missing Movies from Library: Movies ================================|
[2022-07-08 01:34:20,241] [builder.py:2174]           [INFO]     |                                                                                                    |
[2022-07-08 01:34:20,695] [builder.py:2187]           [INFO]     | Mind-Fuck Collection | ? | Inception (2010) (TMDb: 27205)                                          |
[2022-07-08 01:34:21,128] [builder.py:2187]           [INFO]     | Mind-Fuck Collection | ? | Arrival (2016) (TMDb: 329865)                                           |
[2022-07-08 01:34:21,472] [builder.py:2187]           [INFO]     | Mind-Fuck Collection | ? | Shutter Island (2010) (TMDb: 11324)                                     |
[2022-07-08 01:34:22,005] [builder.py:2187]           [INFO]     | Mind-Fuck Collection | ? | Tenet (2020) (TMDb: 577922)                                             |
[2022-07-08 01:34:23,596] [builder.py:2187]           [INFO]     | Mind-Fuck Collection | ? | Annihilation (2018) (TMDb: 300668)                                      |
[2022-07-08 01:34:25,307] [builder.py:2187]           [INFO]     | Mind-Fuck Collection | ? | Nightcrawler (2014) (TMDb: 242582)                                      |
[2022-07-08 01:34:25,728] [builder.py:2187]           [INFO]     | Mind-Fuck Collection | ? | Source Code (2011) (TMDb: 45612)                                        |
[2022-07-08 01:34:26,027] [builder.py:2187]           [INFO]     | Mind-Fuck Collection | ? | The Butterfly Effect (2004) (TMDb: 1954)                                |
[2022-07-08 01:34:26,416] [builder.py:2187]           [INFO]     | Mind-Fuck Collection | ? | American Psycho (2000) (TMDb: 1359)                                     |
[2022-07-08 01:34:27,974] [builder.py:2187]           [INFO]     | Mind-Fuck Collection | ? | Predestination (2014) (TMDb: 206487)                                    |
[2022-07-08 01:34:28,403] [builder.py:2187]           [INFO]     | Mind-Fuck Collection | ? | Moon (2009) (TMDb: 17431)                                               |
[2022-07-08 01:34:28,828] [builder.py:2187]           [INFO]     | Mind-Fuck Collection | ? | Total Recall (2012) (TMDb: 64635)                                       |
[2022-07-08 01:34:29,138] [builder.py:2187]           [INFO]     | Mind-Fuck Collection | ? | Total Recall (1990) (TMDb: 861)                                         |
[2022-07-08 01:34:29,550] [builder.py:2187]           [INFO]     | Mind-Fuck Collection | ? | The Game (1997) (TMDb: 2649)                                            |
[2022-07-08 01:34:30,086] [builder.py:2187]           [INFO]     | Mind-Fuck Collection | ? | mother! (2017) (TMDb: 381283)                                           |
[2022-07-08 01:34:31,094] [builder.py:2187]           [INFO]     | Mind-Fuck Collection | ? | The Illusionist (2006) (TMDb: 1491)                                     |
[2022-07-08 01:34:32,840] [builder.py:2187]           [INFO]     | Mind-Fuck Collection | ? | The Devil's Advocate (1997) (TMDb: 1813)                                |
[2022-07-08 01:34:33,144] [builder.py:2187]           [INFO]     | Mind-Fuck Collection | ? | The Lobster (2015) (TMDb: 254320)                                       |
[2022-07-08 01:34:33,677] [builder.py:2187]           [INFO]     | Mind-Fuck Collection | ? | The Others (2001) (TMDb: 1933)                                          |
[2022-07-08 01:34:34,127] [builder.py:2187]           [INFO]     | Mind-Fuck Collection | ? | The Machinist (2004) (TMDb: 4553)                                       |
[2022-07-08 01:34:34,516] [builder.py:2187]           [INFO]     | Mind-Fuck Collection | ? | Lucky Number Slevin (2006) (TMDb: 186)                                  |
[2022-07-08 01:34:34,883] [builder.py:2187]           [INFO]     | Mind-Fuck Collection | ? | Cube (1997) (TMDb: 431)                                                 |
[2022-07-08 01:34:35,285] [builder.py:2187]           [INFO]     | Mind-Fuck Collection | ? | The Mist (2007) (TMDb: 5876)                                            |
[2022-07-08 01:34:36,529] [builder.py:2187]           [INFO]     | Mind-Fuck Collection | ? | 1408 (2007) (TMDb: 3021)                                                |
[2022-07-08 01:34:36,910] [builder.py:2187]           [INFO]     | Mind-Fuck Collection | ? | Mr. Nobody (2009) (TMDb: 31011)                                         |
[2022-07-08 01:34:37,227] [builder.py:2187]           [INFO]     | Mind-Fuck Collection | ? | Midnight Special (2016) (TMDb: 245703)                                  |
[2022-07-08 01:34:37,644] [builder.py:2187]           [INFO]     | Mind-Fuck Collection | ? | Being John Malkovich (1999) (TMDb: 492)                                 |
[2022-07-08 01:34:37,961] [builder.py:2187]           [INFO]     | Mind-Fuck Collection | ? | Eyes Wide Shut (1999) (TMDb: 345)                                       |
[2022-07-08 01:34:38,261] [builder.py:2187]           [INFO]     | Mind-Fuck Collection | ? | Enemy (2013) (TMDb: 181886)                                             |
[2022-07-08 01:34:38,494] [builder.py:2187]           [INFO]     | Mind-Fuck Collection | ? | The Belko Experiment (2016) (TMDb: 341006)                              |
[2022-07-08 01:34:38,816] [builder.py:2187]           [INFO]     | Mind-Fuck Collection | ? | Vanilla Sky (2001) (TMDb: 1903)                                         |
[2022-07-08 01:34:39,128] [builder.py:2187]           [INFO]     | Mind-Fuck Collection | ? | Coherence (2013) (TMDb: 220289)                                         |
[2022-07-08 01:34:39,683] [builder.py:2187]           [INFO]     | Mind-Fuck Collection | ? | Identity (2003) (TMDb: 2832)                                            |
[2022-07-08 01:34:41,474] [builder.py:2187]           [INFO]     | Mind-Fuck Collection | ? | Dark City (1998) (TMDb: 2666)                                           |
[2022-07-08 01:34:42,802] [builder.py:2187]           [INFO]     | Mind-Fuck Collection | ? | Gerald's Game (2017) (TMDb: 343674)                                     |
[2022-07-08 01:34:43,385] [builder.py:2187]           [INFO]     | Mind-Fuck Collection | ? | The Killing of a Sacred Deer (2017) (TMDb: 399057)                      |
[2022-07-08 01:34:43,972] [builder.py:2187]           [INFO]     | Mind-Fuck Collection | ? | K-PAX (2001) (TMDb: 167)                                                |
[2022-07-08 01:34:45,462] [builder.py:2187]           [INFO]     | Mind-Fuck Collection | ? | Primer (2004) (TMDb: 14337)                                             |
[2022-07-08 01:34:45,872] [builder.py:2187]           [INFO]     | Mind-Fuck Collection | ? | The Village (2004) (TMDb: 6947)                                         |
[2022-07-08 01:34:46,127] [builder.py:2187]           [INFO]     | Mind-Fuck Collection | ? | The Fountain (2006) (TMDb: 1381)                                        |
[2022-07-08 01:34:46,538] [builder.py:2187]           [INFO]     | Mind-Fuck Collection | ? | The Signal (2014) (TMDb: 242095)                                        |
[2022-07-08 01:34:46,861] [builder.py:2187]           [INFO]     | Mind-Fuck Collection | ? | Secret Window (2004) (TMDb: 1586)                                       |
[2022-07-08 01:34:47,276] [builder.py:2187]           [INFO]     | Mind-Fuck Collection | ? | Triangle (2009) (TMDb: 26466)                                           |
[2022-07-08 01:34:47,676] [builder.py:2187]           [INFO]     | Mind-Fuck Collection | ? | As Above, So Below (2014) (TMDb: 256274)                                |
[2022-07-08 01:34:48,027] [builder.py:2187]           [INFO]     | Mind-Fuck Collection | ? | Primal Fear (1996) (TMDb: 1592)                                         |
[2022-07-08 01:34:48,484] [builder.py:2187]           [INFO]     | Mind-Fuck Collection | ? | The Skin I Live In (2011) (TMDb: 63311)                                 |
[2022-07-08 01:34:48,927] [builder.py:2187]           [INFO]     | Mind-Fuck Collection | ? | Run Lola Run (1998) (TMDb: 104)                                         |
[2022-07-08 01:34:49,501] [builder.py:2187]           [INFO]     | Mind-Fuck Collection | ? | The Ninth Gate (1999) (TMDb: 622)                                       |
[2022-07-08 01:34:51,327] [builder.py:2187]           [INFO]     | Mind-Fuck Collection | ? | Vivarium (2019) (TMDb: 458305)                                          |
[2022-07-08 01:34:52,684] [builder.py:2187]           [INFO]     | Mind-Fuck Collection | ? | Paprika (2006) (TMDb: 4977)                                             |
[2022-07-08 01:34:53,005] [builder.py:2187]           [INFO]     | Mind-Fuck Collection | ? | Pi (1998) (TMDb: 473)                                                   |
[2022-07-08 01:34:54,693] [builder.py:2187]           [INFO]     | Mind-Fuck Collection | ? | Filth (2013) (TMDb: 85889)                                              |
[2022-07-08 01:34:55,940] [builder.py:2187]           [INFO]     | Mind-Fuck Collection | ? | A Scanner Darkly (2006) (TMDb: 3509)                                    |
[2022-07-08 01:34:56,372] [builder.py:2187]           [INFO]     | Mind-Fuck Collection | ? | Adaptation. (2002) (TMDb: 2757)                                         |
[2022-07-08 01:34:56,850] [builder.py:2187]           [INFO]     | Mind-Fuck Collection | ? | The Imaginarium of Doctor Parnassus (2009) (TMDb: 8054)                 |
[2022-07-08 01:34:57,194] [builder.py:2187]           [INFO]     | Mind-Fuck Collection | ? | The Tree of Life (2011) (TMDb: 8967)                                    |
[2022-07-08 01:34:57,494] [builder.py:2187]           [INFO]     | Mind-Fuck Collection | ? | Martyrs (2008) (TMDb: 9539)                                             |
[2022-07-08 01:34:57,983] [builder.py:2187]           [INFO]     | Mind-Fuck Collection | ? | eXistenZ (1999) (TMDb: 1946)                                            |
[2022-07-08 01:34:58,317] [builder.py:2187]           [INFO]     | Mind-Fuck Collection | ? | Time Lapse (2014) (TMDb: 273271)                                        |
[2022-07-08 01:34:58,905] [builder.py:2187]           [INFO]     | Mind-Fuck Collection | ? | The Cell (2000) (TMDb: 8843)                                            |
[2022-07-08 01:34:59,317] [builder.py:2187]           [INFO]     | Mind-Fuck Collection | ? | Lost Highway (1997) (TMDb: 638)                                         |
[2022-07-08 01:34:59,700] [builder.py:2187]           [INFO]     | Mind-Fuck Collection | ? | Jacob's Ladder (1990) (TMDb: 2291)                                      |
[2022-07-08 01:35:00,005] [builder.py:2187]           [INFO]     | Mind-Fuck Collection | ? | The Skeleton Key (2005) (TMDb: 9913)                                    |
[2022-07-08 01:35:00,383] [builder.py:2187]           [INFO]     | Mind-Fuck Collection | ? | Antichrist (2009) (TMDb: 17609)                                         |
[2022-07-08 01:35:01,718] [builder.py:2187]           [INFO]     | Mind-Fuck Collection | ? | Stonehearst Asylum (2014) (TMDb: 207933)                                |
[2022-07-08 01:35:02,075] [builder.py:2187]           [INFO]     | Mind-Fuck Collection | ? | The Jacket (2005) (TMDb: 9667)                                          |
[2022-07-08 01:35:02,405] [builder.py:2187]           [INFO]     | Mind-Fuck Collection | ? | The Fall (2006) (TMDb: 14784)                                           |
[2022-07-08 01:35:02,905] [builder.py:2187]           [INFO]     | Mind-Fuck Collection | ? | Dogville (2003) (TMDb: 553)                                             |
[2022-07-08 01:35:03,172] [builder.py:2187]           [INFO]     | Mind-Fuck Collection | ? | Videodrome (1983) (TMDb: 837)                                           |
[2022-07-08 01:35:03,627] [builder.py:2187]           [INFO]     | Mind-Fuck Collection | ? | Dogtooth (2009) (TMDb: 38810)                                           |
[2022-07-08 01:35:03,927] [builder.py:2187]           [INFO]     | Mind-Fuck Collection | ? | Cube 2: Hypercube (2002) (TMDb: 437)                                    |
[2022-07-08 01:35:04,316] [builder.py:2187]           [INFO]     | Mind-Fuck Collection | ? | One Hour Photo (2002) (TMDb: 9357)                                      |
[2022-07-08 01:35:04,649] [builder.py:2187]           [INFO]     | Mind-Fuck Collection | ? | Timecrimes (2007) (TMDb: 14139)                                         |
[2022-07-08 01:35:05,083] [builder.py:2187]           [INFO]     | Mind-Fuck Collection | ? | Brick (2006) (TMDb: 9270)                                               |
[2022-07-08 01:35:05,361] [builder.py:2187]           [INFO]     | Mind-Fuck Collection | ? | Frailty (2001) (TMDb: 12149)                                            |
[2022-07-08 01:35:05,799] [builder.py:2187]           [INFO]     | Mind-Fuck Collection | ? | Synecdoche, New York (2008) (TMDb: 4960)                                |
[2022-07-08 01:35:06,350] [builder.py:2187]           [INFO]     | Mind-Fuck Collection | ? | Revolver (2005) (TMDb: 10851)                                           |
[2022-07-08 01:35:06,772] [builder.py:2187]           [INFO]     | Mind-Fuck Collection | ? | Enter the Void (2009) (TMDb: 34647)                                     |
[2022-07-08 01:35:07,183] [builder.py:2187]           [INFO]     | Mind-Fuck Collection | ? | In the Mouth of Madness (1995) (TMDb: 2654)                             |
[2022-07-08 01:35:07,927] [builder.py:2187]           [INFO]     | Mind-Fuck Collection | ? | Ghost in the Shell 2: Innocence (2004) (TMDb: 12140)                    |
[2022-07-08 01:35:09,125] [builder.py:2187]           [INFO]     | Mind-Fuck Collection | ? | Barton Fink (1991) (TMDb: 290)                                          |
[2022-07-08 01:35:09,527] [builder.py:2187]           [INFO]     | Mind-Fuck Collection | ? | 13 Sins (2014) (TMDb: 155084)                                           |
[2022-07-08 01:35:09,941] [builder.py:2187]           [INFO]     | Mind-Fuck Collection | ? | Angel Heart (1987) (TMDb: 635)                                          |
[2022-07-08 01:35:10,616] [builder.py:2187]           [INFO]     | Mind-Fuck Collection | ? | Persona (1966) (TMDb: 797)                                              |
[2022-07-08 01:35:11,174] [builder.py:2187]           [INFO]     | Mind-Fuck Collection | ? | The Dead Zone (1983) (TMDb: 11336)                                      |
[2022-07-08 01:35:11,674] [builder.py:2187]           [INFO]     | Mind-Fuck Collection | ? | Audition (1999) (TMDb: 11075)                                           |
[2022-07-08 01:35:11,941] [builder.py:2187]           [INFO]     | Mind-Fuck Collection | ? | Stay (2005) (TMDb: 8066)                                                |
[2022-07-08 01:35:12,274] [builder.py:2187]           [INFO]     | Mind-Fuck Collection | ? | Dancer in the Dark (2000) (TMDb: 16)                                    |
[2022-07-08 01:35:12,561] [builder.py:2187]           [INFO]     | Mind-Fuck Collection | ? | Following (1999) (TMDb: 11660)                                          |
[2022-07-08 01:35:12,891] [builder.py:2187]           [INFO]     | Mind-Fuck Collection | ? | A Tale of Two Sisters (2003) (TMDb: 4552)                               |
[2022-07-08 01:35:13,461] [builder.py:2187]           [INFO]     | Mind-Fuck Collection | ? | Arlington Road (1999) (TMDb: 1073)                                      |
[2022-07-08 01:35:13,957] [builder.py:2187]           [INFO]     | Mind-Fuck Collection | ? | Funny Games (1997) (TMDb: 10234)                                        |
[2022-07-08 01:35:15,341] [builder.py:2187]           [INFO]     | Mind-Fuck Collection | ? | The One I Love (2014) (TMDb: 242090)                                    |
[2022-07-08 01:35:15,872] [builder.py:2187]           [INFO]     | Mind-Fuck Collection | ? | Time Bandits (1981) (TMDb: 36819)                                       |
[2022-07-08 01:35:16,249] [builder.py:2187]           [INFO]     | Mind-Fuck Collection | ? | Solaris (1972) (TMDb: 593)                                              |
[2022-07-08 01:35:17,608] [builder.py:2187]           [INFO]     | Mind-Fuck Collection | ? | High Tension (2003) (TMDb: 10226)                                       |
[2022-07-08 01:35:18,015] [builder.py:2187]           [INFO]     | Mind-Fuck Collection | ? | The Mothman Prophecies (2002) (TMDb: 2637)                              |
[2022-07-08 01:35:18,383] [builder.py:2187]           [INFO]     | Mind-Fuck Collection | ? | Confessions of a Dangerous Mind (2002) (TMDb: 4912)                     |
[2022-07-08 01:35:19,650] [builder.py:2187]           [INFO]     | Mind-Fuck Collection | ? | After the Dark (2013) (TMDb: 198287)                                    |
[2022-07-08 01:35:20,007] [builder.py:2187]           [INFO]     | Mind-Fuck Collection | ? | Session 9 (2001) (TMDb: 10972)                                          |
[2022-07-08 01:35:20,338] [builder.py:2187]           [INFO]     | Mind-Fuck Collection | ? | Open Your Eyes (1997) (TMDb: 1902)                                      |
[2022-07-08 01:35:20,683] [builder.py:2187]           [INFO]     | Mind-Fuck Collection | ? | Upstream Color (2013) (TMDb: 145197)                                    |
[2022-07-08 01:35:21,060] [builder.py:2187]           [INFO]     | Mind-Fuck Collection | ? | The City of Lost Children (1995) (TMDb: 902)                            |
[2022-07-08 01:35:21,460] [builder.py:2187]           [INFO]     | Mind-Fuck Collection | ? | Kill List (2011) (TMDb: 74725)                                          |
[2022-07-08 01:35:22,628] [builder.py:2187]           [INFO]     | Mind-Fuck Collection | ? | Love Me If You Dare (2003) (TMDb: 8424)                                 |
[2022-07-08 01:35:22,906] [builder.py:2187]           [INFO]     | Mind-Fuck Collection | ? | The Adventures of Baron Munchausen (1988) (TMDb: 14506)                 |
[2022-07-08 01:35:23,338] [builder.py:2187]           [INFO]     | Mind-Fuck Collection | ? | Perfect Stranger (2007) (TMDb: 7183)                                    |
[2022-07-08 01:35:23,731] [builder.py:2187]           [INFO]     | Mind-Fuck Collection | ? | Caché (2005) (TMDb: 445)                                                |
[2022-07-08 01:35:24,206] [builder.py:2187]           [INFO]     | Mind-Fuck Collection | ? | Dead Man's Shoes (2004) (TMDb: 12877)                                   |
[2022-07-08 01:35:24,727] [builder.py:2187]           [INFO]     | Mind-Fuck Collection | ? | Cypher (2002) (TMDb: 10133)                                             |
[2022-07-08 01:35:24,732] [builder.py:2187]           [INFO]     | Mind-Fuck Collection | ? | Naked Lunch (1991) (TMDb: 2742)                                         |
[2022-07-08 01:35:25,031] [builder.py:2187]           [INFO]     | Mind-Fuck Collection | ? | Inland Empire (2006) (TMDb: 1730)                                       |
[2022-07-08 01:35:25,373] [builder.py:2187]           [INFO]     | Mind-Fuck Collection | ? | Happiness (1998) (TMDb: 10683)                                          |
[2022-07-08 01:35:25,898] [builder.py:2187]           [INFO]     | Mind-Fuck Collection | ? | Sleepaway Camp (1983) (TMDb: 13567)                                     |
[2022-07-08 01:35:26,183] [builder.py:2187]           [INFO]     | Mind-Fuck Collection | ? | The Nines (2007) (TMDb: 12994)                                          |
[2022-07-08 01:35:26,649] [builder.py:2187]           [INFO]     | Mind-Fuck Collection | ? | Don't Look Now (1973) (TMDb: 931)                                       |
[2022-07-08 01:35:26,973] [builder.py:2187]           [INFO]     | Mind-Fuck Collection | ? | The Holy Mountain (1973) (TMDb: 8327)                                   |
[2022-07-08 01:35:27,448] [builder.py:2187]           [INFO]     | Mind-Fuck Collection | ? | Blow-Up (1966) (TMDb: 1052)                                             |
[2022-07-08 01:35:27,749] [builder.py:2187]           [INFO]     | Mind-Fuck Collection | ? | Altered States (1980) (TMDb: 11542)                                     |
[2022-07-08 01:35:27,989] [builder.py:2187]           [INFO]     | Mind-Fuck Collection | ? | The Quiet Earth (1985) (TMDb: 10176)                                    |
[2022-07-08 01:35:29,283] [builder.py:2187]           [INFO]     | Mind-Fuck Collection | ? | The Tenant (1976) (TMDb: 11482)                                         |
[2022-07-08 01:35:29,572] [builder.py:2187]           [INFO]     | Mind-Fuck Collection | ? | Swimming Pool (2003) (TMDb: 302)                                        |
[2022-07-08 01:35:29,971] [builder.py:2187]           [INFO]     | Mind-Fuck Collection | ? | Tideland (2005) (TMDb: 11559)                                           |
[2022-07-08 01:35:30,283] [builder.py:2187]           [INFO]     | Mind-Fuck Collection | ? | Beyond the Black Rainbow (2010) (TMDb: 50037)                           |
[2022-07-08 01:35:30,638] [builder.py:2187]           [INFO]     | Mind-Fuck Collection | ? | El Topo (1970) (TMDb: 13041)                                            |
[2022-07-08 01:35:31,049] [builder.py:2187]           [INFO]     | Mind-Fuck Collection | ? | The Salton Sea (2002) (TMDb: 11468)                                     |
[2022-07-08 01:35:31,364] [builder.py:2187]           [INFO]     | Mind-Fuck Collection | ? | The Lazarus Project (2008) (TMDb: 13825)                                |
[2022-07-08 01:35:32,648] [builder.py:2187]           [INFO]     | Mind-Fuck Collection | ? | Ink (2009) (TMDb: 24869)                                                |
[2022-07-08 01:35:32,983] [builder.py:2187]           [INFO]     | Mind-Fuck Collection | ? | Below (2002) (TMDb: 12590)                                              |
[2022-07-08 01:35:33,427] [builder.py:2187]           [INFO]     | Mind-Fuck Collection | ? | The Truth About Emanuel (2014) (TMDb: 157351)                           |
[2022-07-08 01:35:34,839] [builder.py:2187]           [INFO]     | Mind-Fuck Collection | ? | The Killing Room (2009) (TMDb: 20777)                                   |
[2022-07-08 01:35:35,160] [builder.py:2187]           [INFO]     | Mind-Fuck Collection | ? | Certified Copy (2010) (TMDb: 48303)                                     |
[2022-07-08 01:35:35,522] [builder.py:2187]           [INFO]     | Mind-Fuck Collection | ? | Mind Game (2004) (TMDb: 21712)                                          |
[2022-07-08 01:35:35,905] [builder.py:2187]           [INFO]     | Mind-Fuck Collection | ? | Cure (1997) (TMDb: 36095)                                               |
[2022-07-08 01:35:36,416] [builder.py:2187]           [INFO]     | Mind-Fuck Collection | ? | Reality (2014) (TMDb: 179150)                                           |
[2022-07-08 01:35:36,794] [builder.py:2187]           [INFO]     | Mind-Fuck Collection | ? | Angel's Egg (1985) (TMDb: 15916)                                        |
[2022-07-08 01:35:37,063] [builder.py:2187]           [INFO]     | Mind-Fuck Collection | ? | Last Year at Marienbad (1961) (TMDb: 4024)                              |
[2022-07-08 01:35:37,438] [builder.py:2187]           [INFO]     | Mind-Fuck Collection | ? | Bad Boy Bubby (1993) (TMDb: 14135)                                      |
[2022-07-08 01:35:37,794] [builder.py:2187]           [INFO]     | Mind-Fuck Collection | ? | Blind (2014) (TMDb: 245844)                                             |
[2022-07-08 01:35:38,305] [builder.py:2187]           [INFO]     | Mind-Fuck Collection | ? | Night Moves (1975) (TMDb: 32042)                                        |
[2022-07-08 01:35:38,763] [builder.py:2187]           [INFO]     | Mind-Fuck Collection | ? | Don't Blink (2014) (TMDb: 294308)                                       |
[2022-07-08 01:35:39,172] [builder.py:2187]           [INFO]     | Mind-Fuck Collection | ? | Survive Style 5+ (2004) (TMDb: 16133)                                   |
[2022-07-08 01:35:39,482] [builder.py:2187]           [INFO]     | Mind-Fuck Collection | ? | The Bothersome Man (2006) (TMDb: 13318)                                 |
[2022-07-08 01:35:40,914] [builder.py:2187]           [INFO]     | Mind-Fuck Collection | ? | The Brown Bunny (2004) (TMDb: 12703)                                    |
[2022-07-08 01:35:41,413] [builder.py:2187]           [INFO]     | Mind-Fuck Collection | ? | Weekend (1967) (TMDb: 8075)                                             |
[2022-07-08 01:35:41,838] [builder.py:2187]           [INFO]     | Mind-Fuck Collection | ? | Cat Soup (2001) (TMDb: 25078)                                           |
[2022-07-08 01:35:42,238] [builder.py:2187]           [INFO]     | Mind-Fuck Collection | ? | Begotten (1991) (TMDb: 1483)                                            |
[2022-07-08 01:35:42,583] [builder.py:2187]           [INFO]     | Mind-Fuck Collection | ? | Next Door (2005) (TMDb: 572)                                            |
[2022-07-08 01:35:42,938] [builder.py:2187]           [INFO]     | Mind-Fuck Collection | ? | Gozu (2003) (TMDb: 12487)                                               |
[2022-07-08 01:35:43,321] [builder.py:2187]           [INFO]     | Mind-Fuck Collection | ? | Boxing Helena (1993) (TMDb: 18215)                                      |
[2022-07-08 01:35:44,850] [builder.py:2187]           [INFO]     | Mind-Fuck Collection | ? | The Nightmare (2015) (TMDb: 346641)                                     |
[2022-07-08 01:35:45,327] [builder.py:2187]           [INFO]     | Mind-Fuck Collection | ? | Secret (2007) (TMDb: 20342)                                             |
[2022-07-08 01:35:45,783] [builder.py:2187]           [INFO]     | Mind-Fuck Collection | ? | Special (2006) (TMDb: 13856)                                            |
[2022-07-08 01:35:47,372] [builder.py:2187]           [INFO]     | Mind-Fuck Collection | ? | Black Moon (1975) (TMDb: 27361)                                         |
[2022-07-08 01:35:48,928] [builder.py:2187]           [INFO]     | Mind-Fuck Collection | ? | Brain Dead (1990) (TMDb: 5898)                                          |
[2022-07-08 01:35:49,360] [builder.py:2187]           [INFO]     | Mind-Fuck Collection | ? | 2 or 3 Things I Know About Her (1967) (TMDb: 8074)                      |
[2022-07-08 01:35:49,671] [builder.py:2187]           [INFO]     | Mind-Fuck Collection | ? | One Point O (2004) (TMDb: 17110)                                        |
[2022-07-08 01:35:50,062] [builder.py:2187]           [INFO]     | Mind-Fuck Collection | ? | The Psychic (1977) (TMDb: 27703)                                        |
[2022-07-08 01:35:50,616] [builder.py:2187]           [INFO]     | Mind-Fuck Collection | ? | Infection (2004) (TMDb: 32171)                                          |
[2022-07-08 01:35:51,154] [builder.py:2187]           [INFO]     | Mind-Fuck Collection | ? | Cemetery of Splendor (2015) (TMDb: 298721)                              |
[2022-07-08 01:35:51,705] [builder.py:2187]           [INFO]     | Mind-Fuck Collection | ? | The Ghoul (2017) (TMDb: 399256)                                         |
[2022-07-08 01:35:52,296] [builder.py:2187]           [INFO]     | Mind-Fuck Collection | ? | Maléfique (2003) (TMDb: 46025)                                          |
[2022-07-08 01:35:52,816] [builder.py:2187]           [INFO]     | Mind-Fuck Collection | ? | The Ornithologist (2016) (TMDb: 377274)                                 |
[2022-07-08 01:35:53,138] [builder.py:2187]           [INFO]     | Mind-Fuck Collection | ? | Funky Forest: The First Contact (2005) (TMDb: 21136)                    |
[2022-07-08 01:35:54,146] [builder.py:2187]           [INFO]     | Mind-Fuck Collection | ? | Schizopolis (1997) (TMDb: 16375)                                        |
[2022-07-08 01:35:55,838] [builder.py:2187]           [INFO]     | Mind-Fuck Collection | ? | The Hourglass Sanatorium (1973) (TMDb: 45698)                           |
[2022-07-08 01:35:56,279] [builder.py:2187]           [INFO]     | Mind-Fuck Collection | ? | An Occurrence at Owl Creek Bridge (1961) (TMDb: 53218)                  |
[2022-07-08 01:35:56,705] [builder.py:2187]           [INFO]     | Mind-Fuck Collection | ? | Ritual (2012) (TMDb: 98368)                                             |
[2022-07-08 01:35:58,088] [builder.py:2187]           [INFO]     | Mind-Fuck Collection | ? | The Day of the Locust (1975) (TMDb: 5122)                               |
[2022-07-08 01:35:58,494] [builder.py:2187]           [INFO]     | Mind-Fuck Collection | ? | Frenzy (2015) (TMDb: 352196)                                            |
[2022-07-08 01:35:58,927] [builder.py:2187]           [INFO]     | Mind-Fuck Collection | ? | Izo (2004) (TMDb: 12580)                                                |
[2022-07-08 01:35:59,271] [builder.py:2187]           [INFO]     | Mind-Fuck Collection | ? | Chasing Sleep (2001) (TMDb: 32166)                                      |
[2022-07-08 01:36:00,394] [builder.py:2187]           [INFO]     | Mind-Fuck Collection | ? | Spider Forest (2004) (TMDb: 21781)                                      |
[2022-07-08 01:36:00,895] [builder.py:2187]           [INFO]     | Mind-Fuck Collection | ? | Fish & Cat (2013) (TMDb: 243884)                                        |
[2022-07-08 01:36:01,386] [builder.py:2187]           [INFO]     | Mind-Fuck Collection | ? | The Fake (2013) (TMDb: 211247)                                          |
[2022-07-08 01:36:01,649] [builder.py:2187]           [INFO]     | Mind-Fuck Collection | ? | Labyrinth (2003) (TMDb: 22578)                                          |
[2022-07-08 01:36:02,153] [builder.py:2187]           [INFO]     | Mind-Fuck Collection | ? | Lulu on the Bridge (1998) (TMDb: 42848)                                 |
[2022-07-08 01:36:02,578] [builder.py:2187]           [INFO]     | Mind-Fuck Collection | ? | Possible Worlds (2000) (TMDb: 38987)                                    |
[2022-07-08 01:36:02,582] [builder.py:2187]           [INFO]     | Mind-Fuck Collection | ? | Film Socialisme (2010) (TMDb: 54083)                                    |
[2022-07-08 01:36:03,895] [builder.py:2187]           [INFO]     | Mind-Fuck Collection | ? | Corridor (2010) (TMDb: 56532)                                           |
[2022-07-08 01:36:04,427] [builder.py:2187]           [INFO]     | Mind-Fuck Collection | ? | Invasion (2017) (TMDb: 485374)                                          |
[2022-07-08 01:36:05,111] [builder.py:2187]           [INFO]     | Mind-Fuck Collection | ? | Sacred Heart (2005) (TMDb: 43584)                                       |
[2022-07-08 01:36:05,627] [builder.py:2187]           [INFO]     | Mind-Fuck Collection | ? | 11 Minutes Ago (2007) (TMDb: 86556)                                     |
[2022-07-08 01:36:05,982] [builder.py:2187]           [INFO]     | Mind-Fuck Collection | ? | Idaho Transfer (1973) (TMDb: 74836)                                     |
[2022-07-08 01:36:07,228] [builder.py:2187]           [INFO]     | Mind-Fuck Collection | ? | The Invasion of Thunderbolt Pagoda (1968) (TMDb: 107209)                |
[2022-07-08 01:36:07,578] [builder.py:2187]           [INFO]     | Mind-Fuck Collection | ? | The Sea That Thinks (2000) (TMDb: 69974)                                |
[2022-07-08 01:36:07,928] [builder.py:2187]           [INFO]     | Mind-Fuck Collection | ? | Blame (2006) (TMDb: 34993)                                              |
[2022-07-08 01:36:08,516] [builder.py:2187]           [INFO]     | Mind-Fuck Collection | ? | Where the Dead Go to Die (2012) (TMDb: 169314)                          |
[2022-07-08 01:36:08,760] [builder.py:2187]           [INFO]     | Mind-Fuck Collection | ? | Zenith (2010) (TMDb: 63154)                                             |
[2022-07-08 01:36:09,303] [builder.py:2187]           [INFO]     | Mind-Fuck Collection | ? | Howlings in Favour of De Sade (1952) (TMDb: 180549)                     |
[2022-07-08 01:36:10,572] [builder.py:2187]           [INFO]     | Mind-Fuck Collection | ? | Inside Charlie (2007) (TMDb: 337774)                                    |
[2022-07-08 01:36:10,911] [builder.py:2187]           [INFO]     | Mind-Fuck Collection | ? | A Karate Christmas Miracle (2019) (TMDb: 649006)                        |
[2022-07-08 01:36:10,911] [builder.py:2192]           [INFO]     |                                                                                                    |
[2022-07-08 01:36:10,912] [builder.py:2193]           [INFO]     | 192 Movies Missing                                                                                 |
[2022-07-08 01:36:10,934] [builder.py:2383]           [INFO]     |                                                                                                    |
[2022-07-08 01:36:10,935] [builder.py:2384]           [INFO]     |============================= Updating Details of Mind-Fuck Collection =============================|
[2022-07-08 01:36:10,936] [builder.py:2385]           [INFO]     |                                                                                                    |
[2022-07-08 01:36:10,936] [builder.py:2446]           [INFO]     | Collection Metadata Edits                                                                          |
[2022-07-08 01:36:11,574] [builder.py:2529]           [INFO]     |                                                                                                    |
[2022-07-08 01:36:11,574] [builder.py:2530]           [INFO]     |=================================== Sorting Mind-Fuck Collection ===================================|
[2022-07-08 01:36:11,575] [builder.py:2531]           [INFO]     |                                                                                                    |
[2022-07-08 01:36:11,575] [builder.py:2547]           [INFO]     | Moving The Matrix (1999) to the beginning                                                          |
[2022-07-08 01:36:11,771] [builder.py:2547]           [INFO]     | Moving Fight Club (1999) after The Matrix (1999)                                                   |
[2022-07-08 01:36:11,882] [builder.py:2547]           [INFO]     | Moving The Prestige (2006) after Fight Club (1999)                                                 |
[2022-07-08 01:36:11,994] [builder.py:2547]           [INFO]     | Moving Memento (2000) after The Prestige (2006)                                                    |
[2022-07-08 01:36:12,107] [builder.py:2547]           [INFO]     | Moving The Truman Show (1998) after Memento (2000)                                                 |
[2022-07-08 01:36:12,220] [builder.py:2547]           [INFO]     | Moving The Shining (1980) after The Truman Show (1998)                                             |
[2022-07-08 01:36:12,332] [builder.py:2547]           [INFO]     | Moving The Sixth Sense (1999) after The Shining (1980)                                             |
[2022-07-08 01:36:12,443] [builder.py:2547]           [INFO]     | Moving Eternal Sunshine of the Spotless Mind (2004) after The Sixth Sense (1999)                   |
[2022-07-08 01:36:12,556] [builder.py:2547]           [INFO]     | Moving Donnie Darko (2001) after Eternal Sunshine of the Spotless Mind (2004)                      |
[2022-07-08 01:36:12,684] [builder.py:2547]           [INFO]     | Moving The Usual Suspects (1995) after Donnie Darko (2001)                                         |
[2022-07-08 01:36:12,797] [builder.py:2547]           [INFO]     | Moving A Beautiful Mind (2001) after The Usual Suspects (1995)                                     |
[2022-07-08 01:36:12,910] [builder.py:2547]           [INFO]     | Moving Groundhog Day (1993) after A Beautiful Mind (2001)                                          |
[2022-07-08 01:36:13,020] [builder.py:2547]           [INFO]     | Moving 12 Monkeys (1995) after Groundhog Day (1993)                                                |
[2022-07-08 01:36:13,132] [builder.py:2547]           [INFO]     | Moving El laberinto del fauno (2006) after 12 Monkeys (1995)                                       |
[2022-07-08 01:36:13,246] [builder.py:2547]           [INFO]     | Moving A Clockwork Orange (1971) after El laberinto del fauno (2006)                               |
[2022-07-08 01:36:14,005] [builder.py:2547]           [INFO]     | Moving 2001: A Space Odyssey (1968) after A Clockwork Orange (1971)                                |
[2022-07-08 01:36:14,214] [builder.py:2547]           [INFO]     | Moving Requiem for a Dream (2000) after 2001: A Space Odyssey (1968)                               |
[2022-07-08 01:36:14,328] [builder.py:2547]           [INFO]     | Moving 올드보이 (2003) after Requiem for a Dream (2000)                                                |
[2022-07-08 01:36:14,443] [builder.py:2547]           [INFO]     | Moving Big Fish (2003) after Psycho (1960)                                                         |
[2022-07-08 01:36:14,556] [builder.py:2547]           [INFO]     | Moving Mulholland Drive (2001) after Big Fish (2003)                                               |
[2022-07-08 01:36:14,671] [builder.py:2547]           [INFO]     | Moving Vertigo (1958) after Mulholland Drive (2001)                                                |
[2022-07-08 01:36:14,782] [builder.py:2547]           [INFO]     | Moving The Man from Earth (2007) after Vertigo (1958)                                              |
[2022-07-08 01:36:14,892] [builder.py:2547]           [INFO]     | Moving Rosemary's Baby (1968) after The Man from Earth (2007)                                      |
[2022-07-08 01:36:15,002] [builder.py:2547]           [INFO]     | Moving The Father (2020) after Rosemary's Baby (1968)                                              |
[2022-07-08 01:36:15,112] [builder.py:2547]           [INFO]     | Moving パーフェクトブルー (1997) after The Father (2020)                                                    |
[2022-07-08 01:36:15,229] [builder.py:2547]           [INFO]     | Moving 羅生門 (1950) after パーフェクトブルー (1997)                                                           |
[2022-07-08 01:36:15,341] [plex_meta_manager.py:674]  [INFO]     |                                                                                                    |
[2022-07-08 01:36:15,341] [plex_meta_manager.py:675]  [INFO]     |====================================================================================================|
[2022-07-08 01:36:15,342] [plex_meta_manager.py:675]  [INFO]     |                                   Finished Mind-Fuck Collection                                    |
[2022-07-08 01:36:15,342] [plex_meta_manager.py:675]  [INFO]     |                                    Collection Run Time: 0:01:56                                    |
[2022-07-08 01:36:15,342] [plex_meta_manager.py:675]  [INFO]     |====================================================================================================|
